

================================================================
== Vivado HLS Report for 'myproject'
================================================================
* Date:           Sat Apr 15 15:40:45 2023

* Version:        2019.2 (Build 2704478 on Wed Nov 06 22:10:23 MST 2019)
* Project:        myproject_prj
* Solution:       solution1
* Product family: virtexuplus
* Target device:  xcu50-fsvh2104-2L-e


================================================================
== Performance Estimates
================================================================
+ Timing: 
    * Summary: 
    +--------+---------+----------+------------+
    |  Clock |  Target | Estimated| Uncertainty|
    +--------+---------+----------+------------+
    |ap_clk  | 5.00 ns | 4.299 ns |   0.62 ns  |
    +--------+---------+----------+------------+

+ Latency: 
    * Summary: 
    +---------+---------+-----------+-----------+------+------+----------+
    |  Latency (cycles) |   Latency (absolute)  |   Interval  | Pipeline |
    |   min   |   max   |    min    |    max    |  min |  max |   Type   |
    +---------+---------+-----------+-----------+------+------+----------+
    |     5403|     5476| 27.015 us | 27.380 us |  5404|  5477| dataflow |
    +---------+---------+-----------+-----------+------+------+----------+

    + Detail: 
        * Instance: 
        +-----------------------------------------------+----------------------------------------------+---------+---------+-----------+-----------+------+------+---------+
        |                                               |                                              |  Latency (cycles) |   Latency (absolute)  |   Interval  | Pipeline|
        |                    Instance                   |                    Module                    |   min   |   max   |    min    |    max    |  min |  max |   Type  |
        +-----------------------------------------------+----------------------------------------------+---------+---------+-----------+-----------+------+------+---------+
        |gru_stack_switch_ap_fixed_ap_fixed_config2_U0  |gru_stack_switch_ap_fixed_ap_fixed_config2_s  |     5403|     5476| 27.015 us | 27.380 us |  5403|  5476|   none  |
        +-----------------------------------------------+----------------------------------------------+---------+---------+-----------+-----------+------+------+---------+

        * Loop: 
        N/A



================================================================
== Utilization Estimates
================================================================
* Summary: 
+---------------------+---------+-------+---------+--------+-----+
|         Name        | BRAM_18K| DSP48E|    FF   |   LUT  | URAM|
+---------------------+---------+-------+---------+--------+-----+
|DSP                  |        -|      -|        -|       -|    -|
|Expression           |        -|      -|        -|       -|    -|
|FIFO                 |        -|      -|        -|       -|    -|
|Instance             |      268|    576|    31334|   56093|    -|
|Memory               |        -|      -|        -|       -|    -|
|Multiplexer          |        -|      -|        -|       -|    -|
|Register             |        -|      -|        -|       -|    -|
+---------------------+---------+-------+---------+--------+-----+
|Total                |      268|    576|    31334|   56093|    0|
+---------------------+---------+-------+---------+--------+-----+
|Available SLR        |     1344|   2976|   871680|  435840|  320|
+---------------------+---------+-------+---------+--------+-----+
|Utilization SLR (%)  |       19|     19|        3|      12|    0|
+---------------------+---------+-------+---------+--------+-----+
|Available            |     2688|   5952|  1743360|  871680|  640|
+---------------------+---------+-------+---------+--------+-----+
|Utilization (%)      |        9|      9|        1|       6|    0|
+---------------------+---------+-------+---------+--------+-----+

+ Detail: 
    * Instance: 
    +-----------------------------------------------+----------------------------------------------+---------+-------+-------+-------+-----+
    |                    Instance                   |                    Module                    | BRAM_18K| DSP48E|   FF  |  LUT  | URAM|
    +-----------------------------------------------+----------------------------------------------+---------+-------+-------+-------+-----+
    |gru_stack_switch_ap_fixed_ap_fixed_config2_U0  |gru_stack_switch_ap_fixed_ap_fixed_config2_s  |      268|    576|  31334|  56093|    0|
    +-----------------------------------------------+----------------------------------------------+---------+-------+-------+-------+-----+
    |Total                                          |                                              |      268|    576|  31334|  56093|    0|
    +-----------------------------------------------+----------------------------------------------+---------+-------+-------+-------+-----+

    * DSP48E: 
    N/A

    * Memory: 
    N/A

    * FIFO: 
    N/A

    * Expression: 
    N/A

    * Multiplexer: 
    N/A

    * Register: 
    N/A



================================================================
== Interface
================================================================
* Summary: 
+-----------------------------+-----+-----+------------+----------------------+--------------+
|          RTL Ports          | Dir | Bits|  Protocol  |     Source Object    |    C Type    |
+-----------------------------+-----+-----+------------+----------------------+--------------+
|input_1_0_V_V_TDATA          |  in |   16|    axis    |     input_1_0_V_V    |    pointer   |
|input_1_0_V_V_TVALID         |  in |    1|    axis    |     input_1_0_V_V    |    pointer   |
|input_1_0_V_V_TREADY         | out |    1|    axis    |     input_1_0_V_V    |    pointer   |
|input_1_1_V_V_TDATA          |  in |   16|    axis    |     input_1_1_V_V    |    pointer   |
|input_1_1_V_V_TVALID         |  in |    1|    axis    |     input_1_1_V_V    |    pointer   |
|input_1_1_V_V_TREADY         | out |    1|    axis    |     input_1_1_V_V    |    pointer   |
|input_1_2_V_V_TDATA          |  in |   16|    axis    |     input_1_2_V_V    |    pointer   |
|input_1_2_V_V_TVALID         |  in |    1|    axis    |     input_1_2_V_V    |    pointer   |
|input_1_2_V_V_TREADY         | out |    1|    axis    |     input_1_2_V_V    |    pointer   |
|input_1_3_V_V_TDATA          |  in |   16|    axis    |     input_1_3_V_V    |    pointer   |
|input_1_3_V_V_TVALID         |  in |    1|    axis    |     input_1_3_V_V    |    pointer   |
|input_1_3_V_V_TREADY         | out |    1|    axis    |     input_1_3_V_V    |    pointer   |
|input_1_4_V_V_TDATA          |  in |   16|    axis    |     input_1_4_V_V    |    pointer   |
|input_1_4_V_V_TVALID         |  in |    1|    axis    |     input_1_4_V_V    |    pointer   |
|input_1_4_V_V_TREADY         | out |    1|    axis    |     input_1_4_V_V    |    pointer   |
|input_1_5_V_V_TDATA          |  in |   16|    axis    |     input_1_5_V_V    |    pointer   |
|input_1_5_V_V_TVALID         |  in |    1|    axis    |     input_1_5_V_V    |    pointer   |
|input_1_5_V_V_TREADY         | out |    1|    axis    |     input_1_5_V_V    |    pointer   |
|input_1_6_V_V_TDATA          |  in |   16|    axis    |     input_1_6_V_V    |    pointer   |
|input_1_6_V_V_TVALID         |  in |    1|    axis    |     input_1_6_V_V    |    pointer   |
|input_1_6_V_V_TREADY         | out |    1|    axis    |     input_1_6_V_V    |    pointer   |
|input_1_7_V_V_TDATA          |  in |   16|    axis    |     input_1_7_V_V    |    pointer   |
|input_1_7_V_V_TVALID         |  in |    1|    axis    |     input_1_7_V_V    |    pointer   |
|input_1_7_V_V_TREADY         | out |    1|    axis    |     input_1_7_V_V    |    pointer   |
|input_1_8_V_V_TDATA          |  in |   16|    axis    |     input_1_8_V_V    |    pointer   |
|input_1_8_V_V_TVALID         |  in |    1|    axis    |     input_1_8_V_V    |    pointer   |
|input_1_8_V_V_TREADY         | out |    1|    axis    |     input_1_8_V_V    |    pointer   |
|input_1_9_V_V_TDATA          |  in |   16|    axis    |     input_1_9_V_V    |    pointer   |
|input_1_9_V_V_TVALID         |  in |    1|    axis    |     input_1_9_V_V    |    pointer   |
|input_1_9_V_V_TREADY         | out |    1|    axis    |     input_1_9_V_V    |    pointer   |
|input_1_10_V_V_TDATA         |  in |   16|    axis    |    input_1_10_V_V    |    pointer   |
|input_1_10_V_V_TVALID        |  in |    1|    axis    |    input_1_10_V_V    |    pointer   |
|input_1_10_V_V_TREADY        | out |    1|    axis    |    input_1_10_V_V    |    pointer   |
|input_1_11_V_V_TDATA         |  in |   16|    axis    |    input_1_11_V_V    |    pointer   |
|input_1_11_V_V_TVALID        |  in |    1|    axis    |    input_1_11_V_V    |    pointer   |
|input_1_11_V_V_TREADY        | out |    1|    axis    |    input_1_11_V_V    |    pointer   |
|input_1_12_V_V_TDATA         |  in |   16|    axis    |    input_1_12_V_V    |    pointer   |
|input_1_12_V_V_TVALID        |  in |    1|    axis    |    input_1_12_V_V    |    pointer   |
|input_1_12_V_V_TREADY        | out |    1|    axis    |    input_1_12_V_V    |    pointer   |
|input_1_13_V_V_TDATA         |  in |   16|    axis    |    input_1_13_V_V    |    pointer   |
|input_1_13_V_V_TVALID        |  in |    1|    axis    |    input_1_13_V_V    |    pointer   |
|input_1_13_V_V_TREADY        | out |    1|    axis    |    input_1_13_V_V    |    pointer   |
|input_1_14_V_V_TDATA         |  in |   16|    axis    |    input_1_14_V_V    |    pointer   |
|input_1_14_V_V_TVALID        |  in |    1|    axis    |    input_1_14_V_V    |    pointer   |
|input_1_14_V_V_TREADY        | out |    1|    axis    |    input_1_14_V_V    |    pointer   |
|input_1_15_V_V_TDATA         |  in |   16|    axis    |    input_1_15_V_V    |    pointer   |
|input_1_15_V_V_TVALID        |  in |    1|    axis    |    input_1_15_V_V    |    pointer   |
|input_1_15_V_V_TREADY        | out |    1|    axis    |    input_1_15_V_V    |    pointer   |
|input_1_16_V_V_TDATA         |  in |   16|    axis    |    input_1_16_V_V    |    pointer   |
|input_1_16_V_V_TVALID        |  in |    1|    axis    |    input_1_16_V_V    |    pointer   |
|input_1_16_V_V_TREADY        | out |    1|    axis    |    input_1_16_V_V    |    pointer   |
|input_1_17_V_V_TDATA         |  in |   16|    axis    |    input_1_17_V_V    |    pointer   |
|input_1_17_V_V_TVALID        |  in |    1|    axis    |    input_1_17_V_V    |    pointer   |
|input_1_17_V_V_TREADY        | out |    1|    axis    |    input_1_17_V_V    |    pointer   |
|input_1_18_V_V_TDATA         |  in |   16|    axis    |    input_1_18_V_V    |    pointer   |
|input_1_18_V_V_TVALID        |  in |    1|    axis    |    input_1_18_V_V    |    pointer   |
|input_1_18_V_V_TREADY        | out |    1|    axis    |    input_1_18_V_V    |    pointer   |
|input_1_19_V_V_TDATA         |  in |   16|    axis    |    input_1_19_V_V    |    pointer   |
|input_1_19_V_V_TVALID        |  in |    1|    axis    |    input_1_19_V_V    |    pointer   |
|input_1_19_V_V_TREADY        | out |    1|    axis    |    input_1_19_V_V    |    pointer   |
|input_1_20_V_V_TDATA         |  in |   16|    axis    |    input_1_20_V_V    |    pointer   |
|input_1_20_V_V_TVALID        |  in |    1|    axis    |    input_1_20_V_V    |    pointer   |
|input_1_20_V_V_TREADY        | out |    1|    axis    |    input_1_20_V_V    |    pointer   |
|input_1_21_V_V_TDATA         |  in |   16|    axis    |    input_1_21_V_V    |    pointer   |
|input_1_21_V_V_TVALID        |  in |    1|    axis    |    input_1_21_V_V    |    pointer   |
|input_1_21_V_V_TREADY        | out |    1|    axis    |    input_1_21_V_V    |    pointer   |
|input_1_22_V_V_TDATA         |  in |   16|    axis    |    input_1_22_V_V    |    pointer   |
|input_1_22_V_V_TVALID        |  in |    1|    axis    |    input_1_22_V_V    |    pointer   |
|input_1_22_V_V_TREADY        | out |    1|    axis    |    input_1_22_V_V    |    pointer   |
|input_1_23_V_V_TDATA         |  in |   16|    axis    |    input_1_23_V_V    |    pointer   |
|input_1_23_V_V_TVALID        |  in |    1|    axis    |    input_1_23_V_V    |    pointer   |
|input_1_23_V_V_TREADY        | out |    1|    axis    |    input_1_23_V_V    |    pointer   |
|input_1_24_V_V_TDATA         |  in |   16|    axis    |    input_1_24_V_V    |    pointer   |
|input_1_24_V_V_TVALID        |  in |    1|    axis    |    input_1_24_V_V    |    pointer   |
|input_1_24_V_V_TREADY        | out |    1|    axis    |    input_1_24_V_V    |    pointer   |
|input_1_25_V_V_TDATA         |  in |   16|    axis    |    input_1_25_V_V    |    pointer   |
|input_1_25_V_V_TVALID        |  in |    1|    axis    |    input_1_25_V_V    |    pointer   |
|input_1_25_V_V_TREADY        | out |    1|    axis    |    input_1_25_V_V    |    pointer   |
|input_1_26_V_V_TDATA         |  in |   16|    axis    |    input_1_26_V_V    |    pointer   |
|input_1_26_V_V_TVALID        |  in |    1|    axis    |    input_1_26_V_V    |    pointer   |
|input_1_26_V_V_TREADY        | out |    1|    axis    |    input_1_26_V_V    |    pointer   |
|input_1_27_V_V_TDATA         |  in |   16|    axis    |    input_1_27_V_V    |    pointer   |
|input_1_27_V_V_TVALID        |  in |    1|    axis    |    input_1_27_V_V    |    pointer   |
|input_1_27_V_V_TREADY        | out |    1|    axis    |    input_1_27_V_V    |    pointer   |
|input_1_28_V_V_TDATA         |  in |   16|    axis    |    input_1_28_V_V    |    pointer   |
|input_1_28_V_V_TVALID        |  in |    1|    axis    |    input_1_28_V_V    |    pointer   |
|input_1_28_V_V_TREADY        | out |    1|    axis    |    input_1_28_V_V    |    pointer   |
|input_1_29_V_V_TDATA         |  in |   16|    axis    |    input_1_29_V_V    |    pointer   |
|input_1_29_V_V_TVALID        |  in |    1|    axis    |    input_1_29_V_V    |    pointer   |
|input_1_29_V_V_TREADY        | out |    1|    axis    |    input_1_29_V_V    |    pointer   |
|input_1_30_V_V_TDATA         |  in |   16|    axis    |    input_1_30_V_V    |    pointer   |
|input_1_30_V_V_TVALID        |  in |    1|    axis    |    input_1_30_V_V    |    pointer   |
|input_1_30_V_V_TREADY        | out |    1|    axis    |    input_1_30_V_V    |    pointer   |
|input_1_31_V_V_TDATA         |  in |   16|    axis    |    input_1_31_V_V    |    pointer   |
|input_1_31_V_V_TVALID        |  in |    1|    axis    |    input_1_31_V_V    |    pointer   |
|input_1_31_V_V_TREADY        | out |    1|    axis    |    input_1_31_V_V    |    pointer   |
|input_1_32_V_V_TDATA         |  in |   16|    axis    |    input_1_32_V_V    |    pointer   |
|input_1_32_V_V_TVALID        |  in |    1|    axis    |    input_1_32_V_V    |    pointer   |
|input_1_32_V_V_TREADY        | out |    1|    axis    |    input_1_32_V_V    |    pointer   |
|input_1_33_V_V_TDATA         |  in |   16|    axis    |    input_1_33_V_V    |    pointer   |
|input_1_33_V_V_TVALID        |  in |    1|    axis    |    input_1_33_V_V    |    pointer   |
|input_1_33_V_V_TREADY        | out |    1|    axis    |    input_1_33_V_V    |    pointer   |
|input_1_34_V_V_TDATA         |  in |   16|    axis    |    input_1_34_V_V    |    pointer   |
|input_1_34_V_V_TVALID        |  in |    1|    axis    |    input_1_34_V_V    |    pointer   |
|input_1_34_V_V_TREADY        | out |    1|    axis    |    input_1_34_V_V    |    pointer   |
|input_1_35_V_V_TDATA         |  in |   16|    axis    |    input_1_35_V_V    |    pointer   |
|input_1_35_V_V_TVALID        |  in |    1|    axis    |    input_1_35_V_V    |    pointer   |
|input_1_35_V_V_TREADY        | out |    1|    axis    |    input_1_35_V_V    |    pointer   |
|input_1_36_V_V_TDATA         |  in |   16|    axis    |    input_1_36_V_V    |    pointer   |
|input_1_36_V_V_TVALID        |  in |    1|    axis    |    input_1_36_V_V    |    pointer   |
|input_1_36_V_V_TREADY        | out |    1|    axis    |    input_1_36_V_V    |    pointer   |
|input_1_37_V_V_TDATA         |  in |   16|    axis    |    input_1_37_V_V    |    pointer   |
|input_1_37_V_V_TVALID        |  in |    1|    axis    |    input_1_37_V_V    |    pointer   |
|input_1_37_V_V_TREADY        | out |    1|    axis    |    input_1_37_V_V    |    pointer   |
|input_1_38_V_V_TDATA         |  in |   16|    axis    |    input_1_38_V_V    |    pointer   |
|input_1_38_V_V_TVALID        |  in |    1|    axis    |    input_1_38_V_V    |    pointer   |
|input_1_38_V_V_TREADY        | out |    1|    axis    |    input_1_38_V_V    |    pointer   |
|input_1_39_V_V_TDATA         |  in |   16|    axis    |    input_1_39_V_V    |    pointer   |
|input_1_39_V_V_TVALID        |  in |    1|    axis    |    input_1_39_V_V    |    pointer   |
|input_1_39_V_V_TREADY        | out |    1|    axis    |    input_1_39_V_V    |    pointer   |
|input_1_40_V_V_TDATA         |  in |   16|    axis    |    input_1_40_V_V    |    pointer   |
|input_1_40_V_V_TVALID        |  in |    1|    axis    |    input_1_40_V_V    |    pointer   |
|input_1_40_V_V_TREADY        | out |    1|    axis    |    input_1_40_V_V    |    pointer   |
|input_1_41_V_V_TDATA         |  in |   16|    axis    |    input_1_41_V_V    |    pointer   |
|input_1_41_V_V_TVALID        |  in |    1|    axis    |    input_1_41_V_V    |    pointer   |
|input_1_41_V_V_TREADY        | out |    1|    axis    |    input_1_41_V_V    |    pointer   |
|input_1_42_V_V_TDATA         |  in |   16|    axis    |    input_1_42_V_V    |    pointer   |
|input_1_42_V_V_TVALID        |  in |    1|    axis    |    input_1_42_V_V    |    pointer   |
|input_1_42_V_V_TREADY        | out |    1|    axis    |    input_1_42_V_V    |    pointer   |
|input_1_43_V_V_TDATA         |  in |   16|    axis    |    input_1_43_V_V    |    pointer   |
|input_1_43_V_V_TVALID        |  in |    1|    axis    |    input_1_43_V_V    |    pointer   |
|input_1_43_V_V_TREADY        | out |    1|    axis    |    input_1_43_V_V    |    pointer   |
|input_1_44_V_V_TDATA         |  in |   16|    axis    |    input_1_44_V_V    |    pointer   |
|input_1_44_V_V_TVALID        |  in |    1|    axis    |    input_1_44_V_V    |    pointer   |
|input_1_44_V_V_TREADY        | out |    1|    axis    |    input_1_44_V_V    |    pointer   |
|input_1_45_V_V_TDATA         |  in |   16|    axis    |    input_1_45_V_V    |    pointer   |
|input_1_45_V_V_TVALID        |  in |    1|    axis    |    input_1_45_V_V    |    pointer   |
|input_1_45_V_V_TREADY        | out |    1|    axis    |    input_1_45_V_V    |    pointer   |
|input_1_46_V_V_TDATA         |  in |   16|    axis    |    input_1_46_V_V    |    pointer   |
|input_1_46_V_V_TVALID        |  in |    1|    axis    |    input_1_46_V_V    |    pointer   |
|input_1_46_V_V_TREADY        | out |    1|    axis    |    input_1_46_V_V    |    pointer   |
|input_1_47_V_V_TDATA         |  in |   16|    axis    |    input_1_47_V_V    |    pointer   |
|input_1_47_V_V_TVALID        |  in |    1|    axis    |    input_1_47_V_V    |    pointer   |
|input_1_47_V_V_TREADY        | out |    1|    axis    |    input_1_47_V_V    |    pointer   |
|input_1_48_V_V_TDATA         |  in |   16|    axis    |    input_1_48_V_V    |    pointer   |
|input_1_48_V_V_TVALID        |  in |    1|    axis    |    input_1_48_V_V    |    pointer   |
|input_1_48_V_V_TREADY        | out |    1|    axis    |    input_1_48_V_V    |    pointer   |
|input_1_49_V_V_TDATA         |  in |   16|    axis    |    input_1_49_V_V    |    pointer   |
|input_1_49_V_V_TVALID        |  in |    1|    axis    |    input_1_49_V_V    |    pointer   |
|input_1_49_V_V_TREADY        | out |    1|    axis    |    input_1_49_V_V    |    pointer   |
|input_1_50_V_V_TDATA         |  in |   16|    axis    |    input_1_50_V_V    |    pointer   |
|input_1_50_V_V_TVALID        |  in |    1|    axis    |    input_1_50_V_V    |    pointer   |
|input_1_50_V_V_TREADY        | out |    1|    axis    |    input_1_50_V_V    |    pointer   |
|input_1_51_V_V_TDATA         |  in |   16|    axis    |    input_1_51_V_V    |    pointer   |
|input_1_51_V_V_TVALID        |  in |    1|    axis    |    input_1_51_V_V    |    pointer   |
|input_1_51_V_V_TREADY        | out |    1|    axis    |    input_1_51_V_V    |    pointer   |
|input_1_52_V_V_TDATA         |  in |   16|    axis    |    input_1_52_V_V    |    pointer   |
|input_1_52_V_V_TVALID        |  in |    1|    axis    |    input_1_52_V_V    |    pointer   |
|input_1_52_V_V_TREADY        | out |    1|    axis    |    input_1_52_V_V    |    pointer   |
|input_1_53_V_V_TDATA         |  in |   16|    axis    |    input_1_53_V_V    |    pointer   |
|input_1_53_V_V_TVALID        |  in |    1|    axis    |    input_1_53_V_V    |    pointer   |
|input_1_53_V_V_TREADY        | out |    1|    axis    |    input_1_53_V_V    |    pointer   |
|input_1_54_V_V_TDATA         |  in |   16|    axis    |    input_1_54_V_V    |    pointer   |
|input_1_54_V_V_TVALID        |  in |    1|    axis    |    input_1_54_V_V    |    pointer   |
|input_1_54_V_V_TREADY        | out |    1|    axis    |    input_1_54_V_V    |    pointer   |
|input_1_55_V_V_TDATA         |  in |   16|    axis    |    input_1_55_V_V    |    pointer   |
|input_1_55_V_V_TVALID        |  in |    1|    axis    |    input_1_55_V_V    |    pointer   |
|input_1_55_V_V_TREADY        | out |    1|    axis    |    input_1_55_V_V    |    pointer   |
|input_1_56_V_V_TDATA         |  in |   16|    axis    |    input_1_56_V_V    |    pointer   |
|input_1_56_V_V_TVALID        |  in |    1|    axis    |    input_1_56_V_V    |    pointer   |
|input_1_56_V_V_TREADY        | out |    1|    axis    |    input_1_56_V_V    |    pointer   |
|input_1_57_V_V_TDATA         |  in |   16|    axis    |    input_1_57_V_V    |    pointer   |
|input_1_57_V_V_TVALID        |  in |    1|    axis    |    input_1_57_V_V    |    pointer   |
|input_1_57_V_V_TREADY        | out |    1|    axis    |    input_1_57_V_V    |    pointer   |
|input_1_58_V_V_TDATA         |  in |   16|    axis    |    input_1_58_V_V    |    pointer   |
|input_1_58_V_V_TVALID        |  in |    1|    axis    |    input_1_58_V_V    |    pointer   |
|input_1_58_V_V_TREADY        | out |    1|    axis    |    input_1_58_V_V    |    pointer   |
|input_1_59_V_V_TDATA         |  in |   16|    axis    |    input_1_59_V_V    |    pointer   |
|input_1_59_V_V_TVALID        |  in |    1|    axis    |    input_1_59_V_V    |    pointer   |
|input_1_59_V_V_TREADY        | out |    1|    axis    |    input_1_59_V_V    |    pointer   |
|input_1_60_V_V_TDATA         |  in |   16|    axis    |    input_1_60_V_V    |    pointer   |
|input_1_60_V_V_TVALID        |  in |    1|    axis    |    input_1_60_V_V    |    pointer   |
|input_1_60_V_V_TREADY        | out |    1|    axis    |    input_1_60_V_V    |    pointer   |
|input_1_61_V_V_TDATA         |  in |   16|    axis    |    input_1_61_V_V    |    pointer   |
|input_1_61_V_V_TVALID        |  in |    1|    axis    |    input_1_61_V_V    |    pointer   |
|input_1_61_V_V_TREADY        | out |    1|    axis    |    input_1_61_V_V    |    pointer   |
|input_1_62_V_V_TDATA         |  in |   16|    axis    |    input_1_62_V_V    |    pointer   |
|input_1_62_V_V_TVALID        |  in |    1|    axis    |    input_1_62_V_V    |    pointer   |
|input_1_62_V_V_TREADY        | out |    1|    axis    |    input_1_62_V_V    |    pointer   |
|input_1_63_V_V_TDATA         |  in |   16|    axis    |    input_1_63_V_V    |    pointer   |
|input_1_63_V_V_TVALID        |  in |    1|    axis    |    input_1_63_V_V    |    pointer   |
|input_1_63_V_V_TREADY        | out |    1|    axis    |    input_1_63_V_V    |    pointer   |
|initial_state_0_V_V_TDATA    |  in |   16|    axis    |  initial_state_0_V_V |    pointer   |
|initial_state_0_V_V_TVALID   |  in |    1|    axis    |  initial_state_0_V_V |    pointer   |
|initial_state_0_V_V_TREADY   | out |    1|    axis    |  initial_state_0_V_V |    pointer   |
|initial_state_1_V_V_TDATA    |  in |   16|    axis    |  initial_state_1_V_V |    pointer   |
|initial_state_1_V_V_TVALID   |  in |    1|    axis    |  initial_state_1_V_V |    pointer   |
|initial_state_1_V_V_TREADY   | out |    1|    axis    |  initial_state_1_V_V |    pointer   |
|initial_state_2_V_V_TDATA    |  in |   16|    axis    |  initial_state_2_V_V |    pointer   |
|initial_state_2_V_V_TVALID   |  in |    1|    axis    |  initial_state_2_V_V |    pointer   |
|initial_state_2_V_V_TREADY   | out |    1|    axis    |  initial_state_2_V_V |    pointer   |
|initial_state_3_V_V_TDATA    |  in |   16|    axis    |  initial_state_3_V_V |    pointer   |
|initial_state_3_V_V_TVALID   |  in |    1|    axis    |  initial_state_3_V_V |    pointer   |
|initial_state_3_V_V_TREADY   | out |    1|    axis    |  initial_state_3_V_V |    pointer   |
|initial_state_4_V_V_TDATA    |  in |   16|    axis    |  initial_state_4_V_V |    pointer   |
|initial_state_4_V_V_TVALID   |  in |    1|    axis    |  initial_state_4_V_V |    pointer   |
|initial_state_4_V_V_TREADY   | out |    1|    axis    |  initial_state_4_V_V |    pointer   |
|initial_state_5_V_V_TDATA    |  in |   16|    axis    |  initial_state_5_V_V |    pointer   |
|initial_state_5_V_V_TVALID   |  in |    1|    axis    |  initial_state_5_V_V |    pointer   |
|initial_state_5_V_V_TREADY   | out |    1|    axis    |  initial_state_5_V_V |    pointer   |
|initial_state_6_V_V_TDATA    |  in |   16|    axis    |  initial_state_6_V_V |    pointer   |
|initial_state_6_V_V_TVALID   |  in |    1|    axis    |  initial_state_6_V_V |    pointer   |
|initial_state_6_V_V_TREADY   | out |    1|    axis    |  initial_state_6_V_V |    pointer   |
|initial_state_7_V_V_TDATA    |  in |   16|    axis    |  initial_state_7_V_V |    pointer   |
|initial_state_7_V_V_TVALID   |  in |    1|    axis    |  initial_state_7_V_V |    pointer   |
|initial_state_7_V_V_TREADY   | out |    1|    axis    |  initial_state_7_V_V |    pointer   |
|initial_state_8_V_V_TDATA    |  in |   16|    axis    |  initial_state_8_V_V |    pointer   |
|initial_state_8_V_V_TVALID   |  in |    1|    axis    |  initial_state_8_V_V |    pointer   |
|initial_state_8_V_V_TREADY   | out |    1|    axis    |  initial_state_8_V_V |    pointer   |
|initial_state_9_V_V_TDATA    |  in |   16|    axis    |  initial_state_9_V_V |    pointer   |
|initial_state_9_V_V_TVALID   |  in |    1|    axis    |  initial_state_9_V_V |    pointer   |
|initial_state_9_V_V_TREADY   | out |    1|    axis    |  initial_state_9_V_V |    pointer   |
|initial_state_10_V_V_TDATA   |  in |   16|    axis    | initial_state_10_V_V |    pointer   |
|initial_state_10_V_V_TVALID  |  in |    1|    axis    | initial_state_10_V_V |    pointer   |
|initial_state_10_V_V_TREADY  | out |    1|    axis    | initial_state_10_V_V |    pointer   |
|initial_state_11_V_V_TDATA   |  in |   16|    axis    | initial_state_11_V_V |    pointer   |
|initial_state_11_V_V_TVALID  |  in |    1|    axis    | initial_state_11_V_V |    pointer   |
|initial_state_11_V_V_TREADY  | out |    1|    axis    | initial_state_11_V_V |    pointer   |
|initial_state_12_V_V_TDATA   |  in |   16|    axis    | initial_state_12_V_V |    pointer   |
|initial_state_12_V_V_TVALID  |  in |    1|    axis    | initial_state_12_V_V |    pointer   |
|initial_state_12_V_V_TREADY  | out |    1|    axis    | initial_state_12_V_V |    pointer   |
|initial_state_13_V_V_TDATA   |  in |   16|    axis    | initial_state_13_V_V |    pointer   |
|initial_state_13_V_V_TVALID  |  in |    1|    axis    | initial_state_13_V_V |    pointer   |
|initial_state_13_V_V_TREADY  | out |    1|    axis    | initial_state_13_V_V |    pointer   |
|initial_state_14_V_V_TDATA   |  in |   16|    axis    | initial_state_14_V_V |    pointer   |
|initial_state_14_V_V_TVALID  |  in |    1|    axis    | initial_state_14_V_V |    pointer   |
|initial_state_14_V_V_TREADY  | out |    1|    axis    | initial_state_14_V_V |    pointer   |
|initial_state_15_V_V_TDATA   |  in |   16|    axis    | initial_state_15_V_V |    pointer   |
|initial_state_15_V_V_TVALID  |  in |    1|    axis    | initial_state_15_V_V |    pointer   |
|initial_state_15_V_V_TREADY  | out |    1|    axis    | initial_state_15_V_V |    pointer   |
|initial_state_16_V_V_TDATA   |  in |   16|    axis    | initial_state_16_V_V |    pointer   |
|initial_state_16_V_V_TVALID  |  in |    1|    axis    | initial_state_16_V_V |    pointer   |
|initial_state_16_V_V_TREADY  | out |    1|    axis    | initial_state_16_V_V |    pointer   |
|initial_state_17_V_V_TDATA   |  in |   16|    axis    | initial_state_17_V_V |    pointer   |
|initial_state_17_V_V_TVALID  |  in |    1|    axis    | initial_state_17_V_V |    pointer   |
|initial_state_17_V_V_TREADY  | out |    1|    axis    | initial_state_17_V_V |    pointer   |
|initial_state_18_V_V_TDATA   |  in |   16|    axis    | initial_state_18_V_V |    pointer   |
|initial_state_18_V_V_TVALID  |  in |    1|    axis    | initial_state_18_V_V |    pointer   |
|initial_state_18_V_V_TREADY  | out |    1|    axis    | initial_state_18_V_V |    pointer   |
|initial_state_19_V_V_TDATA   |  in |   16|    axis    | initial_state_19_V_V |    pointer   |
|initial_state_19_V_V_TVALID  |  in |    1|    axis    | initial_state_19_V_V |    pointer   |
|initial_state_19_V_V_TREADY  | out |    1|    axis    | initial_state_19_V_V |    pointer   |
|initial_state_20_V_V_TDATA   |  in |   16|    axis    | initial_state_20_V_V |    pointer   |
|initial_state_20_V_V_TVALID  |  in |    1|    axis    | initial_state_20_V_V |    pointer   |
|initial_state_20_V_V_TREADY  | out |    1|    axis    | initial_state_20_V_V |    pointer   |
|initial_state_21_V_V_TDATA   |  in |   16|    axis    | initial_state_21_V_V |    pointer   |
|initial_state_21_V_V_TVALID  |  in |    1|    axis    | initial_state_21_V_V |    pointer   |
|initial_state_21_V_V_TREADY  | out |    1|    axis    | initial_state_21_V_V |    pointer   |
|initial_state_22_V_V_TDATA   |  in |   16|    axis    | initial_state_22_V_V |    pointer   |
|initial_state_22_V_V_TVALID  |  in |    1|    axis    | initial_state_22_V_V |    pointer   |
|initial_state_22_V_V_TREADY  | out |    1|    axis    | initial_state_22_V_V |    pointer   |
|initial_state_23_V_V_TDATA   |  in |   16|    axis    | initial_state_23_V_V |    pointer   |
|initial_state_23_V_V_TVALID  |  in |    1|    axis    | initial_state_23_V_V |    pointer   |
|initial_state_23_V_V_TREADY  | out |    1|    axis    | initial_state_23_V_V |    pointer   |
|initial_state_24_V_V_TDATA   |  in |   16|    axis    | initial_state_24_V_V |    pointer   |
|initial_state_24_V_V_TVALID  |  in |    1|    axis    | initial_state_24_V_V |    pointer   |
|initial_state_24_V_V_TREADY  | out |    1|    axis    | initial_state_24_V_V |    pointer   |
|initial_state_25_V_V_TDATA   |  in |   16|    axis    | initial_state_25_V_V |    pointer   |
|initial_state_25_V_V_TVALID  |  in |    1|    axis    | initial_state_25_V_V |    pointer   |
|initial_state_25_V_V_TREADY  | out |    1|    axis    | initial_state_25_V_V |    pointer   |
|initial_state_26_V_V_TDATA   |  in |   16|    axis    | initial_state_26_V_V |    pointer   |
|initial_state_26_V_V_TVALID  |  in |    1|    axis    | initial_state_26_V_V |    pointer   |
|initial_state_26_V_V_TREADY  | out |    1|    axis    | initial_state_26_V_V |    pointer   |
|initial_state_27_V_V_TDATA   |  in |   16|    axis    | initial_state_27_V_V |    pointer   |
|initial_state_27_V_V_TVALID  |  in |    1|    axis    | initial_state_27_V_V |    pointer   |
|initial_state_27_V_V_TREADY  | out |    1|    axis    | initial_state_27_V_V |    pointer   |
|initial_state_28_V_V_TDATA   |  in |   16|    axis    | initial_state_28_V_V |    pointer   |
|initial_state_28_V_V_TVALID  |  in |    1|    axis    | initial_state_28_V_V |    pointer   |
|initial_state_28_V_V_TREADY  | out |    1|    axis    | initial_state_28_V_V |    pointer   |
|initial_state_29_V_V_TDATA   |  in |   16|    axis    | initial_state_29_V_V |    pointer   |
|initial_state_29_V_V_TVALID  |  in |    1|    axis    | initial_state_29_V_V |    pointer   |
|initial_state_29_V_V_TREADY  | out |    1|    axis    | initial_state_29_V_V |    pointer   |
|initial_state_30_V_V_TDATA   |  in |   16|    axis    | initial_state_30_V_V |    pointer   |
|initial_state_30_V_V_TVALID  |  in |    1|    axis    | initial_state_30_V_V |    pointer   |
|initial_state_30_V_V_TREADY  | out |    1|    axis    | initial_state_30_V_V |    pointer   |
|initial_state_31_V_V_TDATA   |  in |   16|    axis    | initial_state_31_V_V |    pointer   |
|initial_state_31_V_V_TVALID  |  in |    1|    axis    | initial_state_31_V_V |    pointer   |
|initial_state_31_V_V_TREADY  | out |    1|    axis    | initial_state_31_V_V |    pointer   |
|initial_state_32_V_V_TDATA   |  in |   16|    axis    | initial_state_32_V_V |    pointer   |
|initial_state_32_V_V_TVALID  |  in |    1|    axis    | initial_state_32_V_V |    pointer   |
|initial_state_32_V_V_TREADY  | out |    1|    axis    | initial_state_32_V_V |    pointer   |
|initial_state_33_V_V_TDATA   |  in |   16|    axis    | initial_state_33_V_V |    pointer   |
|initial_state_33_V_V_TVALID  |  in |    1|    axis    | initial_state_33_V_V |    pointer   |
|initial_state_33_V_V_TREADY  | out |    1|    axis    | initial_state_33_V_V |    pointer   |
|initial_state_34_V_V_TDATA   |  in |   16|    axis    | initial_state_34_V_V |    pointer   |
|initial_state_34_V_V_TVALID  |  in |    1|    axis    | initial_state_34_V_V |    pointer   |
|initial_state_34_V_V_TREADY  | out |    1|    axis    | initial_state_34_V_V |    pointer   |
|initial_state_35_V_V_TDATA   |  in |   16|    axis    | initial_state_35_V_V |    pointer   |
|initial_state_35_V_V_TVALID  |  in |    1|    axis    | initial_state_35_V_V |    pointer   |
|initial_state_35_V_V_TREADY  | out |    1|    axis    | initial_state_35_V_V |    pointer   |
|initial_state_36_V_V_TDATA   |  in |   16|    axis    | initial_state_36_V_V |    pointer   |
|initial_state_36_V_V_TVALID  |  in |    1|    axis    | initial_state_36_V_V |    pointer   |
|initial_state_36_V_V_TREADY  | out |    1|    axis    | initial_state_36_V_V |    pointer   |
|initial_state_37_V_V_TDATA   |  in |   16|    axis    | initial_state_37_V_V |    pointer   |
|initial_state_37_V_V_TVALID  |  in |    1|    axis    | initial_state_37_V_V |    pointer   |
|initial_state_37_V_V_TREADY  | out |    1|    axis    | initial_state_37_V_V |    pointer   |
|initial_state_38_V_V_TDATA   |  in |   16|    axis    | initial_state_38_V_V |    pointer   |
|initial_state_38_V_V_TVALID  |  in |    1|    axis    | initial_state_38_V_V |    pointer   |
|initial_state_38_V_V_TREADY  | out |    1|    axis    | initial_state_38_V_V |    pointer   |
|initial_state_39_V_V_TDATA   |  in |   16|    axis    | initial_state_39_V_V |    pointer   |
|initial_state_39_V_V_TVALID  |  in |    1|    axis    | initial_state_39_V_V |    pointer   |
|initial_state_39_V_V_TREADY  | out |    1|    axis    | initial_state_39_V_V |    pointer   |
|initial_state_40_V_V_TDATA   |  in |   16|    axis    | initial_state_40_V_V |    pointer   |
|initial_state_40_V_V_TVALID  |  in |    1|    axis    | initial_state_40_V_V |    pointer   |
|initial_state_40_V_V_TREADY  | out |    1|    axis    | initial_state_40_V_V |    pointer   |
|initial_state_41_V_V_TDATA   |  in |   16|    axis    | initial_state_41_V_V |    pointer   |
|initial_state_41_V_V_TVALID  |  in |    1|    axis    | initial_state_41_V_V |    pointer   |
|initial_state_41_V_V_TREADY  | out |    1|    axis    | initial_state_41_V_V |    pointer   |
|initial_state_42_V_V_TDATA   |  in |   16|    axis    | initial_state_42_V_V |    pointer   |
|initial_state_42_V_V_TVALID  |  in |    1|    axis    | initial_state_42_V_V |    pointer   |
|initial_state_42_V_V_TREADY  | out |    1|    axis    | initial_state_42_V_V |    pointer   |
|initial_state_43_V_V_TDATA   |  in |   16|    axis    | initial_state_43_V_V |    pointer   |
|initial_state_43_V_V_TVALID  |  in |    1|    axis    | initial_state_43_V_V |    pointer   |
|initial_state_43_V_V_TREADY  | out |    1|    axis    | initial_state_43_V_V |    pointer   |
|initial_state_44_V_V_TDATA   |  in |   16|    axis    | initial_state_44_V_V |    pointer   |
|initial_state_44_V_V_TVALID  |  in |    1|    axis    | initial_state_44_V_V |    pointer   |
|initial_state_44_V_V_TREADY  | out |    1|    axis    | initial_state_44_V_V |    pointer   |
|initial_state_45_V_V_TDATA   |  in |   16|    axis    | initial_state_45_V_V |    pointer   |
|initial_state_45_V_V_TVALID  |  in |    1|    axis    | initial_state_45_V_V |    pointer   |
|initial_state_45_V_V_TREADY  | out |    1|    axis    | initial_state_45_V_V |    pointer   |
|initial_state_46_V_V_TDATA   |  in |   16|    axis    | initial_state_46_V_V |    pointer   |
|initial_state_46_V_V_TVALID  |  in |    1|    axis    | initial_state_46_V_V |    pointer   |
|initial_state_46_V_V_TREADY  | out |    1|    axis    | initial_state_46_V_V |    pointer   |
|initial_state_47_V_V_TDATA   |  in |   16|    axis    | initial_state_47_V_V |    pointer   |
|initial_state_47_V_V_TVALID  |  in |    1|    axis    | initial_state_47_V_V |    pointer   |
|initial_state_47_V_V_TREADY  | out |    1|    axis    | initial_state_47_V_V |    pointer   |
|initial_state_48_V_V_TDATA   |  in |   16|    axis    | initial_state_48_V_V |    pointer   |
|initial_state_48_V_V_TVALID  |  in |    1|    axis    | initial_state_48_V_V |    pointer   |
|initial_state_48_V_V_TREADY  | out |    1|    axis    | initial_state_48_V_V |    pointer   |
|initial_state_49_V_V_TDATA   |  in |   16|    axis    | initial_state_49_V_V |    pointer   |
|initial_state_49_V_V_TVALID  |  in |    1|    axis    | initial_state_49_V_V |    pointer   |
|initial_state_49_V_V_TREADY  | out |    1|    axis    | initial_state_49_V_V |    pointer   |
|initial_state_50_V_V_TDATA   |  in |   16|    axis    | initial_state_50_V_V |    pointer   |
|initial_state_50_V_V_TVALID  |  in |    1|    axis    | initial_state_50_V_V |    pointer   |
|initial_state_50_V_V_TREADY  | out |    1|    axis    | initial_state_50_V_V |    pointer   |
|initial_state_51_V_V_TDATA   |  in |   16|    axis    | initial_state_51_V_V |    pointer   |
|initial_state_51_V_V_TVALID  |  in |    1|    axis    | initial_state_51_V_V |    pointer   |
|initial_state_51_V_V_TREADY  | out |    1|    axis    | initial_state_51_V_V |    pointer   |
|initial_state_52_V_V_TDATA   |  in |   16|    axis    | initial_state_52_V_V |    pointer   |
|initial_state_52_V_V_TVALID  |  in |    1|    axis    | initial_state_52_V_V |    pointer   |
|initial_state_52_V_V_TREADY  | out |    1|    axis    | initial_state_52_V_V |    pointer   |
|initial_state_53_V_V_TDATA   |  in |   16|    axis    | initial_state_53_V_V |    pointer   |
|initial_state_53_V_V_TVALID  |  in |    1|    axis    | initial_state_53_V_V |    pointer   |
|initial_state_53_V_V_TREADY  | out |    1|    axis    | initial_state_53_V_V |    pointer   |
|initial_state_54_V_V_TDATA   |  in |   16|    axis    | initial_state_54_V_V |    pointer   |
|initial_state_54_V_V_TVALID  |  in |    1|    axis    | initial_state_54_V_V |    pointer   |
|initial_state_54_V_V_TREADY  | out |    1|    axis    | initial_state_54_V_V |    pointer   |
|initial_state_55_V_V_TDATA   |  in |   16|    axis    | initial_state_55_V_V |    pointer   |
|initial_state_55_V_V_TVALID  |  in |    1|    axis    | initial_state_55_V_V |    pointer   |
|initial_state_55_V_V_TREADY  | out |    1|    axis    | initial_state_55_V_V |    pointer   |
|initial_state_56_V_V_TDATA   |  in |   16|    axis    | initial_state_56_V_V |    pointer   |
|initial_state_56_V_V_TVALID  |  in |    1|    axis    | initial_state_56_V_V |    pointer   |
|initial_state_56_V_V_TREADY  | out |    1|    axis    | initial_state_56_V_V |    pointer   |
|initial_state_57_V_V_TDATA   |  in |   16|    axis    | initial_state_57_V_V |    pointer   |
|initial_state_57_V_V_TVALID  |  in |    1|    axis    | initial_state_57_V_V |    pointer   |
|initial_state_57_V_V_TREADY  | out |    1|    axis    | initial_state_57_V_V |    pointer   |
|initial_state_58_V_V_TDATA   |  in |   16|    axis    | initial_state_58_V_V |    pointer   |
|initial_state_58_V_V_TVALID  |  in |    1|    axis    | initial_state_58_V_V |    pointer   |
|initial_state_58_V_V_TREADY  | out |    1|    axis    | initial_state_58_V_V |    pointer   |
|initial_state_59_V_V_TDATA   |  in |   16|    axis    | initial_state_59_V_V |    pointer   |
|initial_state_59_V_V_TVALID  |  in |    1|    axis    | initial_state_59_V_V |    pointer   |
|initial_state_59_V_V_TREADY  | out |    1|    axis    | initial_state_59_V_V |    pointer   |
|initial_state_60_V_V_TDATA   |  in |   16|    axis    | initial_state_60_V_V |    pointer   |
|initial_state_60_V_V_TVALID  |  in |    1|    axis    | initial_state_60_V_V |    pointer   |
|initial_state_60_V_V_TREADY  | out |    1|    axis    | initial_state_60_V_V |    pointer   |
|initial_state_61_V_V_TDATA   |  in |   16|    axis    | initial_state_61_V_V |    pointer   |
|initial_state_61_V_V_TVALID  |  in |    1|    axis    | initial_state_61_V_V |    pointer   |
|initial_state_61_V_V_TREADY  | out |    1|    axis    | initial_state_61_V_V |    pointer   |
|initial_state_62_V_V_TDATA   |  in |   16|    axis    | initial_state_62_V_V |    pointer   |
|initial_state_62_V_V_TVALID  |  in |    1|    axis    | initial_state_62_V_V |    pointer   |
|initial_state_62_V_V_TREADY  | out |    1|    axis    | initial_state_62_V_V |    pointer   |
|initial_state_63_V_V_TDATA   |  in |   16|    axis    | initial_state_63_V_V |    pointer   |
|initial_state_63_V_V_TVALID  |  in |    1|    axis    | initial_state_63_V_V |    pointer   |
|initial_state_63_V_V_TREADY  | out |    1|    axis    | initial_state_63_V_V |    pointer   |
|layer2_out_0_V_V_TDATA       | out |   16|    axis    |   layer2_out_0_V_V   |    pointer   |
|layer2_out_0_V_V_TVALID      | out |    1|    axis    |   layer2_out_0_V_V   |    pointer   |
|layer2_out_0_V_V_TREADY      |  in |    1|    axis    |   layer2_out_0_V_V   |    pointer   |
|layer2_out_1_V_V_TDATA       | out |   16|    axis    |   layer2_out_1_V_V   |    pointer   |
|layer2_out_1_V_V_TVALID      | out |    1|    axis    |   layer2_out_1_V_V   |    pointer   |
|layer2_out_1_V_V_TREADY      |  in |    1|    axis    |   layer2_out_1_V_V   |    pointer   |
|layer2_out_2_V_V_TDATA       | out |   16|    axis    |   layer2_out_2_V_V   |    pointer   |
|layer2_out_2_V_V_TVALID      | out |    1|    axis    |   layer2_out_2_V_V   |    pointer   |
|layer2_out_2_V_V_TREADY      |  in |    1|    axis    |   layer2_out_2_V_V   |    pointer   |
|layer2_out_3_V_V_TDATA       | out |   16|    axis    |   layer2_out_3_V_V   |    pointer   |
|layer2_out_3_V_V_TVALID      | out |    1|    axis    |   layer2_out_3_V_V   |    pointer   |
|layer2_out_3_V_V_TREADY      |  in |    1|    axis    |   layer2_out_3_V_V   |    pointer   |
|layer2_out_4_V_V_TDATA       | out |   16|    axis    |   layer2_out_4_V_V   |    pointer   |
|layer2_out_4_V_V_TVALID      | out |    1|    axis    |   layer2_out_4_V_V   |    pointer   |
|layer2_out_4_V_V_TREADY      |  in |    1|    axis    |   layer2_out_4_V_V   |    pointer   |
|layer2_out_5_V_V_TDATA       | out |   16|    axis    |   layer2_out_5_V_V   |    pointer   |
|layer2_out_5_V_V_TVALID      | out |    1|    axis    |   layer2_out_5_V_V   |    pointer   |
|layer2_out_5_V_V_TREADY      |  in |    1|    axis    |   layer2_out_5_V_V   |    pointer   |
|layer2_out_6_V_V_TDATA       | out |   16|    axis    |   layer2_out_6_V_V   |    pointer   |
|layer2_out_6_V_V_TVALID      | out |    1|    axis    |   layer2_out_6_V_V   |    pointer   |
|layer2_out_6_V_V_TREADY      |  in |    1|    axis    |   layer2_out_6_V_V   |    pointer   |
|layer2_out_7_V_V_TDATA       | out |   16|    axis    |   layer2_out_7_V_V   |    pointer   |
|layer2_out_7_V_V_TVALID      | out |    1|    axis    |   layer2_out_7_V_V   |    pointer   |
|layer2_out_7_V_V_TREADY      |  in |    1|    axis    |   layer2_out_7_V_V   |    pointer   |
|layer2_out_8_V_V_TDATA       | out |   16|    axis    |   layer2_out_8_V_V   |    pointer   |
|layer2_out_8_V_V_TVALID      | out |    1|    axis    |   layer2_out_8_V_V   |    pointer   |
|layer2_out_8_V_V_TREADY      |  in |    1|    axis    |   layer2_out_8_V_V   |    pointer   |
|layer2_out_9_V_V_TDATA       | out |   16|    axis    |   layer2_out_9_V_V   |    pointer   |
|layer2_out_9_V_V_TVALID      | out |    1|    axis    |   layer2_out_9_V_V   |    pointer   |
|layer2_out_9_V_V_TREADY      |  in |    1|    axis    |   layer2_out_9_V_V   |    pointer   |
|layer2_out_10_V_V_TDATA      | out |   16|    axis    |   layer2_out_10_V_V  |    pointer   |
|layer2_out_10_V_V_TVALID     | out |    1|    axis    |   layer2_out_10_V_V  |    pointer   |
|layer2_out_10_V_V_TREADY     |  in |    1|    axis    |   layer2_out_10_V_V  |    pointer   |
|layer2_out_11_V_V_TDATA      | out |   16|    axis    |   layer2_out_11_V_V  |    pointer   |
|layer2_out_11_V_V_TVALID     | out |    1|    axis    |   layer2_out_11_V_V  |    pointer   |
|layer2_out_11_V_V_TREADY     |  in |    1|    axis    |   layer2_out_11_V_V  |    pointer   |
|layer2_out_12_V_V_TDATA      | out |   16|    axis    |   layer2_out_12_V_V  |    pointer   |
|layer2_out_12_V_V_TVALID     | out |    1|    axis    |   layer2_out_12_V_V  |    pointer   |
|layer2_out_12_V_V_TREADY     |  in |    1|    axis    |   layer2_out_12_V_V  |    pointer   |
|layer2_out_13_V_V_TDATA      | out |   16|    axis    |   layer2_out_13_V_V  |    pointer   |
|layer2_out_13_V_V_TVALID     | out |    1|    axis    |   layer2_out_13_V_V  |    pointer   |
|layer2_out_13_V_V_TREADY     |  in |    1|    axis    |   layer2_out_13_V_V  |    pointer   |
|layer2_out_14_V_V_TDATA      | out |   16|    axis    |   layer2_out_14_V_V  |    pointer   |
|layer2_out_14_V_V_TVALID     | out |    1|    axis    |   layer2_out_14_V_V  |    pointer   |
|layer2_out_14_V_V_TREADY     |  in |    1|    axis    |   layer2_out_14_V_V  |    pointer   |
|layer2_out_15_V_V_TDATA      | out |   16|    axis    |   layer2_out_15_V_V  |    pointer   |
|layer2_out_15_V_V_TVALID     | out |    1|    axis    |   layer2_out_15_V_V  |    pointer   |
|layer2_out_15_V_V_TREADY     |  in |    1|    axis    |   layer2_out_15_V_V  |    pointer   |
|layer2_out_16_V_V_TDATA      | out |   16|    axis    |   layer2_out_16_V_V  |    pointer   |
|layer2_out_16_V_V_TVALID     | out |    1|    axis    |   layer2_out_16_V_V  |    pointer   |
|layer2_out_16_V_V_TREADY     |  in |    1|    axis    |   layer2_out_16_V_V  |    pointer   |
|layer2_out_17_V_V_TDATA      | out |   16|    axis    |   layer2_out_17_V_V  |    pointer   |
|layer2_out_17_V_V_TVALID     | out |    1|    axis    |   layer2_out_17_V_V  |    pointer   |
|layer2_out_17_V_V_TREADY     |  in |    1|    axis    |   layer2_out_17_V_V  |    pointer   |
|layer2_out_18_V_V_TDATA      | out |   16|    axis    |   layer2_out_18_V_V  |    pointer   |
|layer2_out_18_V_V_TVALID     | out |    1|    axis    |   layer2_out_18_V_V  |    pointer   |
|layer2_out_18_V_V_TREADY     |  in |    1|    axis    |   layer2_out_18_V_V  |    pointer   |
|layer2_out_19_V_V_TDATA      | out |   16|    axis    |   layer2_out_19_V_V  |    pointer   |
|layer2_out_19_V_V_TVALID     | out |    1|    axis    |   layer2_out_19_V_V  |    pointer   |
|layer2_out_19_V_V_TREADY     |  in |    1|    axis    |   layer2_out_19_V_V  |    pointer   |
|layer2_out_20_V_V_TDATA      | out |   16|    axis    |   layer2_out_20_V_V  |    pointer   |
|layer2_out_20_V_V_TVALID     | out |    1|    axis    |   layer2_out_20_V_V  |    pointer   |
|layer2_out_20_V_V_TREADY     |  in |    1|    axis    |   layer2_out_20_V_V  |    pointer   |
|layer2_out_21_V_V_TDATA      | out |   16|    axis    |   layer2_out_21_V_V  |    pointer   |
|layer2_out_21_V_V_TVALID     | out |    1|    axis    |   layer2_out_21_V_V  |    pointer   |
|layer2_out_21_V_V_TREADY     |  in |    1|    axis    |   layer2_out_21_V_V  |    pointer   |
|layer2_out_22_V_V_TDATA      | out |   16|    axis    |   layer2_out_22_V_V  |    pointer   |
|layer2_out_22_V_V_TVALID     | out |    1|    axis    |   layer2_out_22_V_V  |    pointer   |
|layer2_out_22_V_V_TREADY     |  in |    1|    axis    |   layer2_out_22_V_V  |    pointer   |
|layer2_out_23_V_V_TDATA      | out |   16|    axis    |   layer2_out_23_V_V  |    pointer   |
|layer2_out_23_V_V_TVALID     | out |    1|    axis    |   layer2_out_23_V_V  |    pointer   |
|layer2_out_23_V_V_TREADY     |  in |    1|    axis    |   layer2_out_23_V_V  |    pointer   |
|layer2_out_24_V_V_TDATA      | out |   16|    axis    |   layer2_out_24_V_V  |    pointer   |
|layer2_out_24_V_V_TVALID     | out |    1|    axis    |   layer2_out_24_V_V  |    pointer   |
|layer2_out_24_V_V_TREADY     |  in |    1|    axis    |   layer2_out_24_V_V  |    pointer   |
|layer2_out_25_V_V_TDATA      | out |   16|    axis    |   layer2_out_25_V_V  |    pointer   |
|layer2_out_25_V_V_TVALID     | out |    1|    axis    |   layer2_out_25_V_V  |    pointer   |
|layer2_out_25_V_V_TREADY     |  in |    1|    axis    |   layer2_out_25_V_V  |    pointer   |
|layer2_out_26_V_V_TDATA      | out |   16|    axis    |   layer2_out_26_V_V  |    pointer   |
|layer2_out_26_V_V_TVALID     | out |    1|    axis    |   layer2_out_26_V_V  |    pointer   |
|layer2_out_26_V_V_TREADY     |  in |    1|    axis    |   layer2_out_26_V_V  |    pointer   |
|layer2_out_27_V_V_TDATA      | out |   16|    axis    |   layer2_out_27_V_V  |    pointer   |
|layer2_out_27_V_V_TVALID     | out |    1|    axis    |   layer2_out_27_V_V  |    pointer   |
|layer2_out_27_V_V_TREADY     |  in |    1|    axis    |   layer2_out_27_V_V  |    pointer   |
|layer2_out_28_V_V_TDATA      | out |   16|    axis    |   layer2_out_28_V_V  |    pointer   |
|layer2_out_28_V_V_TVALID     | out |    1|    axis    |   layer2_out_28_V_V  |    pointer   |
|layer2_out_28_V_V_TREADY     |  in |    1|    axis    |   layer2_out_28_V_V  |    pointer   |
|layer2_out_29_V_V_TDATA      | out |   16|    axis    |   layer2_out_29_V_V  |    pointer   |
|layer2_out_29_V_V_TVALID     | out |    1|    axis    |   layer2_out_29_V_V  |    pointer   |
|layer2_out_29_V_V_TREADY     |  in |    1|    axis    |   layer2_out_29_V_V  |    pointer   |
|layer2_out_30_V_V_TDATA      | out |   16|    axis    |   layer2_out_30_V_V  |    pointer   |
|layer2_out_30_V_V_TVALID     | out |    1|    axis    |   layer2_out_30_V_V  |    pointer   |
|layer2_out_30_V_V_TREADY     |  in |    1|    axis    |   layer2_out_30_V_V  |    pointer   |
|layer2_out_31_V_V_TDATA      | out |   16|    axis    |   layer2_out_31_V_V  |    pointer   |
|layer2_out_31_V_V_TVALID     | out |    1|    axis    |   layer2_out_31_V_V  |    pointer   |
|layer2_out_31_V_V_TREADY     |  in |    1|    axis    |   layer2_out_31_V_V  |    pointer   |
|layer2_out_32_V_V_TDATA      | out |   16|    axis    |   layer2_out_32_V_V  |    pointer   |
|layer2_out_32_V_V_TVALID     | out |    1|    axis    |   layer2_out_32_V_V  |    pointer   |
|layer2_out_32_V_V_TREADY     |  in |    1|    axis    |   layer2_out_32_V_V  |    pointer   |
|layer2_out_33_V_V_TDATA      | out |   16|    axis    |   layer2_out_33_V_V  |    pointer   |
|layer2_out_33_V_V_TVALID     | out |    1|    axis    |   layer2_out_33_V_V  |    pointer   |
|layer2_out_33_V_V_TREADY     |  in |    1|    axis    |   layer2_out_33_V_V  |    pointer   |
|layer2_out_34_V_V_TDATA      | out |   16|    axis    |   layer2_out_34_V_V  |    pointer   |
|layer2_out_34_V_V_TVALID     | out |    1|    axis    |   layer2_out_34_V_V  |    pointer   |
|layer2_out_34_V_V_TREADY     |  in |    1|    axis    |   layer2_out_34_V_V  |    pointer   |
|layer2_out_35_V_V_TDATA      | out |   16|    axis    |   layer2_out_35_V_V  |    pointer   |
|layer2_out_35_V_V_TVALID     | out |    1|    axis    |   layer2_out_35_V_V  |    pointer   |
|layer2_out_35_V_V_TREADY     |  in |    1|    axis    |   layer2_out_35_V_V  |    pointer   |
|layer2_out_36_V_V_TDATA      | out |   16|    axis    |   layer2_out_36_V_V  |    pointer   |
|layer2_out_36_V_V_TVALID     | out |    1|    axis    |   layer2_out_36_V_V  |    pointer   |
|layer2_out_36_V_V_TREADY     |  in |    1|    axis    |   layer2_out_36_V_V  |    pointer   |
|layer2_out_37_V_V_TDATA      | out |   16|    axis    |   layer2_out_37_V_V  |    pointer   |
|layer2_out_37_V_V_TVALID     | out |    1|    axis    |   layer2_out_37_V_V  |    pointer   |
|layer2_out_37_V_V_TREADY     |  in |    1|    axis    |   layer2_out_37_V_V  |    pointer   |
|layer2_out_38_V_V_TDATA      | out |   16|    axis    |   layer2_out_38_V_V  |    pointer   |
|layer2_out_38_V_V_TVALID     | out |    1|    axis    |   layer2_out_38_V_V  |    pointer   |
|layer2_out_38_V_V_TREADY     |  in |    1|    axis    |   layer2_out_38_V_V  |    pointer   |
|layer2_out_39_V_V_TDATA      | out |   16|    axis    |   layer2_out_39_V_V  |    pointer   |
|layer2_out_39_V_V_TVALID     | out |    1|    axis    |   layer2_out_39_V_V  |    pointer   |
|layer2_out_39_V_V_TREADY     |  in |    1|    axis    |   layer2_out_39_V_V  |    pointer   |
|layer2_out_40_V_V_TDATA      | out |   16|    axis    |   layer2_out_40_V_V  |    pointer   |
|layer2_out_40_V_V_TVALID     | out |    1|    axis    |   layer2_out_40_V_V  |    pointer   |
|layer2_out_40_V_V_TREADY     |  in |    1|    axis    |   layer2_out_40_V_V  |    pointer   |
|layer2_out_41_V_V_TDATA      | out |   16|    axis    |   layer2_out_41_V_V  |    pointer   |
|layer2_out_41_V_V_TVALID     | out |    1|    axis    |   layer2_out_41_V_V  |    pointer   |
|layer2_out_41_V_V_TREADY     |  in |    1|    axis    |   layer2_out_41_V_V  |    pointer   |
|layer2_out_42_V_V_TDATA      | out |   16|    axis    |   layer2_out_42_V_V  |    pointer   |
|layer2_out_42_V_V_TVALID     | out |    1|    axis    |   layer2_out_42_V_V  |    pointer   |
|layer2_out_42_V_V_TREADY     |  in |    1|    axis    |   layer2_out_42_V_V  |    pointer   |
|layer2_out_43_V_V_TDATA      | out |   16|    axis    |   layer2_out_43_V_V  |    pointer   |
|layer2_out_43_V_V_TVALID     | out |    1|    axis    |   layer2_out_43_V_V  |    pointer   |
|layer2_out_43_V_V_TREADY     |  in |    1|    axis    |   layer2_out_43_V_V  |    pointer   |
|layer2_out_44_V_V_TDATA      | out |   16|    axis    |   layer2_out_44_V_V  |    pointer   |
|layer2_out_44_V_V_TVALID     | out |    1|    axis    |   layer2_out_44_V_V  |    pointer   |
|layer2_out_44_V_V_TREADY     |  in |    1|    axis    |   layer2_out_44_V_V  |    pointer   |
|layer2_out_45_V_V_TDATA      | out |   16|    axis    |   layer2_out_45_V_V  |    pointer   |
|layer2_out_45_V_V_TVALID     | out |    1|    axis    |   layer2_out_45_V_V  |    pointer   |
|layer2_out_45_V_V_TREADY     |  in |    1|    axis    |   layer2_out_45_V_V  |    pointer   |
|layer2_out_46_V_V_TDATA      | out |   16|    axis    |   layer2_out_46_V_V  |    pointer   |
|layer2_out_46_V_V_TVALID     | out |    1|    axis    |   layer2_out_46_V_V  |    pointer   |
|layer2_out_46_V_V_TREADY     |  in |    1|    axis    |   layer2_out_46_V_V  |    pointer   |
|layer2_out_47_V_V_TDATA      | out |   16|    axis    |   layer2_out_47_V_V  |    pointer   |
|layer2_out_47_V_V_TVALID     | out |    1|    axis    |   layer2_out_47_V_V  |    pointer   |
|layer2_out_47_V_V_TREADY     |  in |    1|    axis    |   layer2_out_47_V_V  |    pointer   |
|layer2_out_48_V_V_TDATA      | out |   16|    axis    |   layer2_out_48_V_V  |    pointer   |
|layer2_out_48_V_V_TVALID     | out |    1|    axis    |   layer2_out_48_V_V  |    pointer   |
|layer2_out_48_V_V_TREADY     |  in |    1|    axis    |   layer2_out_48_V_V  |    pointer   |
|layer2_out_49_V_V_TDATA      | out |   16|    axis    |   layer2_out_49_V_V  |    pointer   |
|layer2_out_49_V_V_TVALID     | out |    1|    axis    |   layer2_out_49_V_V  |    pointer   |
|layer2_out_49_V_V_TREADY     |  in |    1|    axis    |   layer2_out_49_V_V  |    pointer   |
|layer2_out_50_V_V_TDATA      | out |   16|    axis    |   layer2_out_50_V_V  |    pointer   |
|layer2_out_50_V_V_TVALID     | out |    1|    axis    |   layer2_out_50_V_V  |    pointer   |
|layer2_out_50_V_V_TREADY     |  in |    1|    axis    |   layer2_out_50_V_V  |    pointer   |
|layer2_out_51_V_V_TDATA      | out |   16|    axis    |   layer2_out_51_V_V  |    pointer   |
|layer2_out_51_V_V_TVALID     | out |    1|    axis    |   layer2_out_51_V_V  |    pointer   |
|layer2_out_51_V_V_TREADY     |  in |    1|    axis    |   layer2_out_51_V_V  |    pointer   |
|layer2_out_52_V_V_TDATA      | out |   16|    axis    |   layer2_out_52_V_V  |    pointer   |
|layer2_out_52_V_V_TVALID     | out |    1|    axis    |   layer2_out_52_V_V  |    pointer   |
|layer2_out_52_V_V_TREADY     |  in |    1|    axis    |   layer2_out_52_V_V  |    pointer   |
|layer2_out_53_V_V_TDATA      | out |   16|    axis    |   layer2_out_53_V_V  |    pointer   |
|layer2_out_53_V_V_TVALID     | out |    1|    axis    |   layer2_out_53_V_V  |    pointer   |
|layer2_out_53_V_V_TREADY     |  in |    1|    axis    |   layer2_out_53_V_V  |    pointer   |
|layer2_out_54_V_V_TDATA      | out |   16|    axis    |   layer2_out_54_V_V  |    pointer   |
|layer2_out_54_V_V_TVALID     | out |    1|    axis    |   layer2_out_54_V_V  |    pointer   |
|layer2_out_54_V_V_TREADY     |  in |    1|    axis    |   layer2_out_54_V_V  |    pointer   |
|layer2_out_55_V_V_TDATA      | out |   16|    axis    |   layer2_out_55_V_V  |    pointer   |
|layer2_out_55_V_V_TVALID     | out |    1|    axis    |   layer2_out_55_V_V  |    pointer   |
|layer2_out_55_V_V_TREADY     |  in |    1|    axis    |   layer2_out_55_V_V  |    pointer   |
|layer2_out_56_V_V_TDATA      | out |   16|    axis    |   layer2_out_56_V_V  |    pointer   |
|layer2_out_56_V_V_TVALID     | out |    1|    axis    |   layer2_out_56_V_V  |    pointer   |
|layer2_out_56_V_V_TREADY     |  in |    1|    axis    |   layer2_out_56_V_V  |    pointer   |
|layer2_out_57_V_V_TDATA      | out |   16|    axis    |   layer2_out_57_V_V  |    pointer   |
|layer2_out_57_V_V_TVALID     | out |    1|    axis    |   layer2_out_57_V_V  |    pointer   |
|layer2_out_57_V_V_TREADY     |  in |    1|    axis    |   layer2_out_57_V_V  |    pointer   |
|layer2_out_58_V_V_TDATA      | out |   16|    axis    |   layer2_out_58_V_V  |    pointer   |
|layer2_out_58_V_V_TVALID     | out |    1|    axis    |   layer2_out_58_V_V  |    pointer   |
|layer2_out_58_V_V_TREADY     |  in |    1|    axis    |   layer2_out_58_V_V  |    pointer   |
|layer2_out_59_V_V_TDATA      | out |   16|    axis    |   layer2_out_59_V_V  |    pointer   |
|layer2_out_59_V_V_TVALID     | out |    1|    axis    |   layer2_out_59_V_V  |    pointer   |
|layer2_out_59_V_V_TREADY     |  in |    1|    axis    |   layer2_out_59_V_V  |    pointer   |
|layer2_out_60_V_V_TDATA      | out |   16|    axis    |   layer2_out_60_V_V  |    pointer   |
|layer2_out_60_V_V_TVALID     | out |    1|    axis    |   layer2_out_60_V_V  |    pointer   |
|layer2_out_60_V_V_TREADY     |  in |    1|    axis    |   layer2_out_60_V_V  |    pointer   |
|layer2_out_61_V_V_TDATA      | out |   16|    axis    |   layer2_out_61_V_V  |    pointer   |
|layer2_out_61_V_V_TVALID     | out |    1|    axis    |   layer2_out_61_V_V  |    pointer   |
|layer2_out_61_V_V_TREADY     |  in |    1|    axis    |   layer2_out_61_V_V  |    pointer   |
|layer2_out_62_V_V_TDATA      | out |   16|    axis    |   layer2_out_62_V_V  |    pointer   |
|layer2_out_62_V_V_TVALID     | out |    1|    axis    |   layer2_out_62_V_V  |    pointer   |
|layer2_out_62_V_V_TREADY     |  in |    1|    axis    |   layer2_out_62_V_V  |    pointer   |
|layer2_out_63_V_V_TDATA      | out |   16|    axis    |   layer2_out_63_V_V  |    pointer   |
|layer2_out_63_V_V_TVALID     | out |    1|    axis    |   layer2_out_63_V_V  |    pointer   |
|layer2_out_63_V_V_TREADY     |  in |    1|    axis    |   layer2_out_63_V_V  |    pointer   |
|ap_clk                       |  in |    1| ap_ctrl_hs |       myproject      | return value |
|ap_rst_n                     |  in |    1| ap_ctrl_hs |       myproject      | return value |
|ap_start                     |  in |    1| ap_ctrl_hs |       myproject      | return value |
|ap_done                      | out |    1| ap_ctrl_hs |       myproject      | return value |
|ap_ready                     | out |    1| ap_ctrl_hs |       myproject      | return value |
|ap_idle                      | out |    1| ap_ctrl_hs |       myproject      | return value |
+-----------------------------+-----+-----+------------+----------------------+--------------+

