

================================================================
== Vivado HLS Report for 'myproject'
================================================================
* Date:           Mon Apr  3 12:57:58 2023

* Version:        2019.2 (Build 2704478 on Wed Nov 06 22:10:23 MST 2019)
* Project:        myproject_prj
* Solution:       solution1
* Product family: virtexuplus
* Target device:  xcu50-fsvh2104-2L-e


================================================================
== Performance Estimates
================================================================
+ Timing: 
    * Summary: 
    +--------+---------+----------+------------+
    |  Clock |  Target | Estimated| Uncertainty|
    +--------+---------+----------+------------+
    |ap_clk  | 5.00 ns | 4.299 ns |   0.62 ns  |
    +--------+---------+----------+------------+

+ Latency: 
    * Summary: 
    +---------+---------+-----------+-----------+------+------+----------+
    |  Latency (cycles) |   Latency (absolute)  |   Interval  | Pipeline |
    |   min   |   max   |    min    |    max    |  min |  max |   Type   |
    +---------+---------+-----------+-----------+------+------+----------+
    |     5920|     5993| 29.600 us | 29.965 us |  5921|  5994| dataflow |
    +---------+---------+-----------+-----------+------+------+----------+

    + Detail: 
        * Instance: 
        +-------------------------------------------------------+------------------------------------------------------+---------+---------+-----------+-----------+------+------+---------+
        |                                                       |                                                      |  Latency (cycles) |   Latency (absolute)  |   Interval  | Pipeline|
        |                        Instance                       |                        Module                        |   min   |   max   |    min    |    max    |  min |  max |   Type  |
        +-------------------------------------------------------+------------------------------------------------------+---------+---------+-----------+-----------+------+------+---------+
        |bidirectional_ap_fixed_ap_fixed_16_8_5_3_0_config2_U0  |bidirectional_ap_fixed_ap_fixed_16_8_5_3_0_config2_s  |     5920|     5993| 29.600 us | 29.965 us |  5920|  5993|   none  |
        +-------------------------------------------------------+------------------------------------------------------+---------+---------+-----------+-----------+------+------+---------+

        * Loop: 
        N/A



================================================================
== Utilization Estimates
================================================================
* Summary: 
+---------------------+---------+-------+---------+--------+-----+
|         Name        | BRAM_18K| DSP48E|    FF   |   LUT  | URAM|
+---------------------+---------+-------+---------+--------+-----+
|DSP                  |        -|      -|        -|       -|    -|
|Expression           |        -|      -|        -|       -|    -|
|FIFO                 |        -|      -|        -|       -|    -|
|Instance             |      804|   1152|    57091|  113208|    0|
|Memory               |        -|      -|        -|       -|    -|
|Multiplexer          |        -|      -|        -|       -|    -|
|Register             |        -|      -|        -|       -|    -|
+---------------------+---------+-------+---------+--------+-----+
|Total                |      804|   1152|    57091|  113208|    0|
+---------------------+---------+-------+---------+--------+-----+
|Available SLR        |     1344|   2976|   871680|  435840|  320|
+---------------------+---------+-------+---------+--------+-----+
|Utilization SLR (%)  |       59|     38|        6|      25|    0|
+---------------------+---------+-------+---------+--------+-----+
|Available            |     2688|   5952|  1743360|  871680|  640|
+---------------------+---------+-------+---------+--------+-----+
|Utilization (%)      |       29|     19|        3|      12|    0|
+---------------------+---------+-------+---------+--------+-----+

+ Detail: 
    * Instance: 
    +-------------------------------------------------------+------------------------------------------------------+---------+-------+-------+--------+-----+
    |                        Instance                       |                        Module                        | BRAM_18K| DSP48E|   FF  |   LUT  | URAM|
    +-------------------------------------------------------+------------------------------------------------------+---------+-------+-------+--------+-----+
    |bidirectional_ap_fixed_ap_fixed_16_8_5_3_0_config2_U0  |bidirectional_ap_fixed_ap_fixed_16_8_5_3_0_config2_s  |      804|   1152|  57091|  113208|    0|
    +-------------------------------------------------------+------------------------------------------------------+---------+-------+-------+--------+-----+
    |Total                                                  |                                                      |      804|   1152|  57091|  113208|    0|
    +-------------------------------------------------------+------------------------------------------------------+---------+-------+-------+--------+-----+

    * DSP48E: 
    N/A

    * Memory: 
    N/A

    * FIFO: 
    N/A

    * Expression: 
    N/A

    * Multiplexer: 
    N/A

    * Register: 
    N/A



================================================================
== Interface
================================================================
* Summary: 
+---------------------------+-----+-----+------------+--------------------+--------------+
|         RTL Ports         | Dir | Bits|  Protocol  |    Source Object   |    C Type    |
+---------------------------+-----+-----+------------+--------------------+--------------+
|input_1_0_V_V_TDATA        |  in |   16|    axis    |    input_1_0_V_V   |    pointer   |
|input_1_0_V_V_TVALID       |  in |    1|    axis    |    input_1_0_V_V   |    pointer   |
|input_1_0_V_V_TREADY       | out |    1|    axis    |    input_1_0_V_V   |    pointer   |
|input_1_1_V_V_TDATA        |  in |   16|    axis    |    input_1_1_V_V   |    pointer   |
|input_1_1_V_V_TVALID       |  in |    1|    axis    |    input_1_1_V_V   |    pointer   |
|input_1_1_V_V_TREADY       | out |    1|    axis    |    input_1_1_V_V   |    pointer   |
|input_1_2_V_V_TDATA        |  in |   16|    axis    |    input_1_2_V_V   |    pointer   |
|input_1_2_V_V_TVALID       |  in |    1|    axis    |    input_1_2_V_V   |    pointer   |
|input_1_2_V_V_TREADY       | out |    1|    axis    |    input_1_2_V_V   |    pointer   |
|input_1_3_V_V_TDATA        |  in |   16|    axis    |    input_1_3_V_V   |    pointer   |
|input_1_3_V_V_TVALID       |  in |    1|    axis    |    input_1_3_V_V   |    pointer   |
|input_1_3_V_V_TREADY       | out |    1|    axis    |    input_1_3_V_V   |    pointer   |
|input_1_4_V_V_TDATA        |  in |   16|    axis    |    input_1_4_V_V   |    pointer   |
|input_1_4_V_V_TVALID       |  in |    1|    axis    |    input_1_4_V_V   |    pointer   |
|input_1_4_V_V_TREADY       | out |    1|    axis    |    input_1_4_V_V   |    pointer   |
|input_1_5_V_V_TDATA        |  in |   16|    axis    |    input_1_5_V_V   |    pointer   |
|input_1_5_V_V_TVALID       |  in |    1|    axis    |    input_1_5_V_V   |    pointer   |
|input_1_5_V_V_TREADY       | out |    1|    axis    |    input_1_5_V_V   |    pointer   |
|input_1_6_V_V_TDATA        |  in |   16|    axis    |    input_1_6_V_V   |    pointer   |
|input_1_6_V_V_TVALID       |  in |    1|    axis    |    input_1_6_V_V   |    pointer   |
|input_1_6_V_V_TREADY       | out |    1|    axis    |    input_1_6_V_V   |    pointer   |
|input_1_7_V_V_TDATA        |  in |   16|    axis    |    input_1_7_V_V   |    pointer   |
|input_1_7_V_V_TVALID       |  in |    1|    axis    |    input_1_7_V_V   |    pointer   |
|input_1_7_V_V_TREADY       | out |    1|    axis    |    input_1_7_V_V   |    pointer   |
|input_1_8_V_V_TDATA        |  in |   16|    axis    |    input_1_8_V_V   |    pointer   |
|input_1_8_V_V_TVALID       |  in |    1|    axis    |    input_1_8_V_V   |    pointer   |
|input_1_8_V_V_TREADY       | out |    1|    axis    |    input_1_8_V_V   |    pointer   |
|input_1_9_V_V_TDATA        |  in |   16|    axis    |    input_1_9_V_V   |    pointer   |
|input_1_9_V_V_TVALID       |  in |    1|    axis    |    input_1_9_V_V   |    pointer   |
|input_1_9_V_V_TREADY       | out |    1|    axis    |    input_1_9_V_V   |    pointer   |
|input_1_10_V_V_TDATA       |  in |   16|    axis    |   input_1_10_V_V   |    pointer   |
|input_1_10_V_V_TVALID      |  in |    1|    axis    |   input_1_10_V_V   |    pointer   |
|input_1_10_V_V_TREADY      | out |    1|    axis    |   input_1_10_V_V   |    pointer   |
|input_1_11_V_V_TDATA       |  in |   16|    axis    |   input_1_11_V_V   |    pointer   |
|input_1_11_V_V_TVALID      |  in |    1|    axis    |   input_1_11_V_V   |    pointer   |
|input_1_11_V_V_TREADY      | out |    1|    axis    |   input_1_11_V_V   |    pointer   |
|input_1_12_V_V_TDATA       |  in |   16|    axis    |   input_1_12_V_V   |    pointer   |
|input_1_12_V_V_TVALID      |  in |    1|    axis    |   input_1_12_V_V   |    pointer   |
|input_1_12_V_V_TREADY      | out |    1|    axis    |   input_1_12_V_V   |    pointer   |
|input_1_13_V_V_TDATA       |  in |   16|    axis    |   input_1_13_V_V   |    pointer   |
|input_1_13_V_V_TVALID      |  in |    1|    axis    |   input_1_13_V_V   |    pointer   |
|input_1_13_V_V_TREADY      | out |    1|    axis    |   input_1_13_V_V   |    pointer   |
|input_1_14_V_V_TDATA       |  in |   16|    axis    |   input_1_14_V_V   |    pointer   |
|input_1_14_V_V_TVALID      |  in |    1|    axis    |   input_1_14_V_V   |    pointer   |
|input_1_14_V_V_TREADY      | out |    1|    axis    |   input_1_14_V_V   |    pointer   |
|input_1_15_V_V_TDATA       |  in |   16|    axis    |   input_1_15_V_V   |    pointer   |
|input_1_15_V_V_TVALID      |  in |    1|    axis    |   input_1_15_V_V   |    pointer   |
|input_1_15_V_V_TREADY      | out |    1|    axis    |   input_1_15_V_V   |    pointer   |
|input_1_16_V_V_TDATA       |  in |   16|    axis    |   input_1_16_V_V   |    pointer   |
|input_1_16_V_V_TVALID      |  in |    1|    axis    |   input_1_16_V_V   |    pointer   |
|input_1_16_V_V_TREADY      | out |    1|    axis    |   input_1_16_V_V   |    pointer   |
|input_1_17_V_V_TDATA       |  in |   16|    axis    |   input_1_17_V_V   |    pointer   |
|input_1_17_V_V_TVALID      |  in |    1|    axis    |   input_1_17_V_V   |    pointer   |
|input_1_17_V_V_TREADY      | out |    1|    axis    |   input_1_17_V_V   |    pointer   |
|input_1_18_V_V_TDATA       |  in |   16|    axis    |   input_1_18_V_V   |    pointer   |
|input_1_18_V_V_TVALID      |  in |    1|    axis    |   input_1_18_V_V   |    pointer   |
|input_1_18_V_V_TREADY      | out |    1|    axis    |   input_1_18_V_V   |    pointer   |
|input_1_19_V_V_TDATA       |  in |   16|    axis    |   input_1_19_V_V   |    pointer   |
|input_1_19_V_V_TVALID      |  in |    1|    axis    |   input_1_19_V_V   |    pointer   |
|input_1_19_V_V_TREADY      | out |    1|    axis    |   input_1_19_V_V   |    pointer   |
|input_1_20_V_V_TDATA       |  in |   16|    axis    |   input_1_20_V_V   |    pointer   |
|input_1_20_V_V_TVALID      |  in |    1|    axis    |   input_1_20_V_V   |    pointer   |
|input_1_20_V_V_TREADY      | out |    1|    axis    |   input_1_20_V_V   |    pointer   |
|input_1_21_V_V_TDATA       |  in |   16|    axis    |   input_1_21_V_V   |    pointer   |
|input_1_21_V_V_TVALID      |  in |    1|    axis    |   input_1_21_V_V   |    pointer   |
|input_1_21_V_V_TREADY      | out |    1|    axis    |   input_1_21_V_V   |    pointer   |
|input_1_22_V_V_TDATA       |  in |   16|    axis    |   input_1_22_V_V   |    pointer   |
|input_1_22_V_V_TVALID      |  in |    1|    axis    |   input_1_22_V_V   |    pointer   |
|input_1_22_V_V_TREADY      | out |    1|    axis    |   input_1_22_V_V   |    pointer   |
|input_1_23_V_V_TDATA       |  in |   16|    axis    |   input_1_23_V_V   |    pointer   |
|input_1_23_V_V_TVALID      |  in |    1|    axis    |   input_1_23_V_V   |    pointer   |
|input_1_23_V_V_TREADY      | out |    1|    axis    |   input_1_23_V_V   |    pointer   |
|input_1_24_V_V_TDATA       |  in |   16|    axis    |   input_1_24_V_V   |    pointer   |
|input_1_24_V_V_TVALID      |  in |    1|    axis    |   input_1_24_V_V   |    pointer   |
|input_1_24_V_V_TREADY      | out |    1|    axis    |   input_1_24_V_V   |    pointer   |
|input_1_25_V_V_TDATA       |  in |   16|    axis    |   input_1_25_V_V   |    pointer   |
|input_1_25_V_V_TVALID      |  in |    1|    axis    |   input_1_25_V_V   |    pointer   |
|input_1_25_V_V_TREADY      | out |    1|    axis    |   input_1_25_V_V   |    pointer   |
|input_1_26_V_V_TDATA       |  in |   16|    axis    |   input_1_26_V_V   |    pointer   |
|input_1_26_V_V_TVALID      |  in |    1|    axis    |   input_1_26_V_V   |    pointer   |
|input_1_26_V_V_TREADY      | out |    1|    axis    |   input_1_26_V_V   |    pointer   |
|input_1_27_V_V_TDATA       |  in |   16|    axis    |   input_1_27_V_V   |    pointer   |
|input_1_27_V_V_TVALID      |  in |    1|    axis    |   input_1_27_V_V   |    pointer   |
|input_1_27_V_V_TREADY      | out |    1|    axis    |   input_1_27_V_V   |    pointer   |
|input_1_28_V_V_TDATA       |  in |   16|    axis    |   input_1_28_V_V   |    pointer   |
|input_1_28_V_V_TVALID      |  in |    1|    axis    |   input_1_28_V_V   |    pointer   |
|input_1_28_V_V_TREADY      | out |    1|    axis    |   input_1_28_V_V   |    pointer   |
|input_1_29_V_V_TDATA       |  in |   16|    axis    |   input_1_29_V_V   |    pointer   |
|input_1_29_V_V_TVALID      |  in |    1|    axis    |   input_1_29_V_V   |    pointer   |
|input_1_29_V_V_TREADY      | out |    1|    axis    |   input_1_29_V_V   |    pointer   |
|input_1_30_V_V_TDATA       |  in |   16|    axis    |   input_1_30_V_V   |    pointer   |
|input_1_30_V_V_TVALID      |  in |    1|    axis    |   input_1_30_V_V   |    pointer   |
|input_1_30_V_V_TREADY      | out |    1|    axis    |   input_1_30_V_V   |    pointer   |
|input_1_31_V_V_TDATA       |  in |   16|    axis    |   input_1_31_V_V   |    pointer   |
|input_1_31_V_V_TVALID      |  in |    1|    axis    |   input_1_31_V_V   |    pointer   |
|input_1_31_V_V_TREADY      | out |    1|    axis    |   input_1_31_V_V   |    pointer   |
|input_1_32_V_V_TDATA       |  in |   16|    axis    |   input_1_32_V_V   |    pointer   |
|input_1_32_V_V_TVALID      |  in |    1|    axis    |   input_1_32_V_V   |    pointer   |
|input_1_32_V_V_TREADY      | out |    1|    axis    |   input_1_32_V_V   |    pointer   |
|input_1_33_V_V_TDATA       |  in |   16|    axis    |   input_1_33_V_V   |    pointer   |
|input_1_33_V_V_TVALID      |  in |    1|    axis    |   input_1_33_V_V   |    pointer   |
|input_1_33_V_V_TREADY      | out |    1|    axis    |   input_1_33_V_V   |    pointer   |
|input_1_34_V_V_TDATA       |  in |   16|    axis    |   input_1_34_V_V   |    pointer   |
|input_1_34_V_V_TVALID      |  in |    1|    axis    |   input_1_34_V_V   |    pointer   |
|input_1_34_V_V_TREADY      | out |    1|    axis    |   input_1_34_V_V   |    pointer   |
|input_1_35_V_V_TDATA       |  in |   16|    axis    |   input_1_35_V_V   |    pointer   |
|input_1_35_V_V_TVALID      |  in |    1|    axis    |   input_1_35_V_V   |    pointer   |
|input_1_35_V_V_TREADY      | out |    1|    axis    |   input_1_35_V_V   |    pointer   |
|input_1_36_V_V_TDATA       |  in |   16|    axis    |   input_1_36_V_V   |    pointer   |
|input_1_36_V_V_TVALID      |  in |    1|    axis    |   input_1_36_V_V   |    pointer   |
|input_1_36_V_V_TREADY      | out |    1|    axis    |   input_1_36_V_V   |    pointer   |
|input_1_37_V_V_TDATA       |  in |   16|    axis    |   input_1_37_V_V   |    pointer   |
|input_1_37_V_V_TVALID      |  in |    1|    axis    |   input_1_37_V_V   |    pointer   |
|input_1_37_V_V_TREADY      | out |    1|    axis    |   input_1_37_V_V   |    pointer   |
|input_1_38_V_V_TDATA       |  in |   16|    axis    |   input_1_38_V_V   |    pointer   |
|input_1_38_V_V_TVALID      |  in |    1|    axis    |   input_1_38_V_V   |    pointer   |
|input_1_38_V_V_TREADY      | out |    1|    axis    |   input_1_38_V_V   |    pointer   |
|input_1_39_V_V_TDATA       |  in |   16|    axis    |   input_1_39_V_V   |    pointer   |
|input_1_39_V_V_TVALID      |  in |    1|    axis    |   input_1_39_V_V   |    pointer   |
|input_1_39_V_V_TREADY      | out |    1|    axis    |   input_1_39_V_V   |    pointer   |
|input_1_40_V_V_TDATA       |  in |   16|    axis    |   input_1_40_V_V   |    pointer   |
|input_1_40_V_V_TVALID      |  in |    1|    axis    |   input_1_40_V_V   |    pointer   |
|input_1_40_V_V_TREADY      | out |    1|    axis    |   input_1_40_V_V   |    pointer   |
|input_1_41_V_V_TDATA       |  in |   16|    axis    |   input_1_41_V_V   |    pointer   |
|input_1_41_V_V_TVALID      |  in |    1|    axis    |   input_1_41_V_V   |    pointer   |
|input_1_41_V_V_TREADY      | out |    1|    axis    |   input_1_41_V_V   |    pointer   |
|input_1_42_V_V_TDATA       |  in |   16|    axis    |   input_1_42_V_V   |    pointer   |
|input_1_42_V_V_TVALID      |  in |    1|    axis    |   input_1_42_V_V   |    pointer   |
|input_1_42_V_V_TREADY      | out |    1|    axis    |   input_1_42_V_V   |    pointer   |
|input_1_43_V_V_TDATA       |  in |   16|    axis    |   input_1_43_V_V   |    pointer   |
|input_1_43_V_V_TVALID      |  in |    1|    axis    |   input_1_43_V_V   |    pointer   |
|input_1_43_V_V_TREADY      | out |    1|    axis    |   input_1_43_V_V   |    pointer   |
|input_1_44_V_V_TDATA       |  in |   16|    axis    |   input_1_44_V_V   |    pointer   |
|input_1_44_V_V_TVALID      |  in |    1|    axis    |   input_1_44_V_V   |    pointer   |
|input_1_44_V_V_TREADY      | out |    1|    axis    |   input_1_44_V_V   |    pointer   |
|input_1_45_V_V_TDATA       |  in |   16|    axis    |   input_1_45_V_V   |    pointer   |
|input_1_45_V_V_TVALID      |  in |    1|    axis    |   input_1_45_V_V   |    pointer   |
|input_1_45_V_V_TREADY      | out |    1|    axis    |   input_1_45_V_V   |    pointer   |
|input_1_46_V_V_TDATA       |  in |   16|    axis    |   input_1_46_V_V   |    pointer   |
|input_1_46_V_V_TVALID      |  in |    1|    axis    |   input_1_46_V_V   |    pointer   |
|input_1_46_V_V_TREADY      | out |    1|    axis    |   input_1_46_V_V   |    pointer   |
|input_1_47_V_V_TDATA       |  in |   16|    axis    |   input_1_47_V_V   |    pointer   |
|input_1_47_V_V_TVALID      |  in |    1|    axis    |   input_1_47_V_V   |    pointer   |
|input_1_47_V_V_TREADY      | out |    1|    axis    |   input_1_47_V_V   |    pointer   |
|input_1_48_V_V_TDATA       |  in |   16|    axis    |   input_1_48_V_V   |    pointer   |
|input_1_48_V_V_TVALID      |  in |    1|    axis    |   input_1_48_V_V   |    pointer   |
|input_1_48_V_V_TREADY      | out |    1|    axis    |   input_1_48_V_V   |    pointer   |
|input_1_49_V_V_TDATA       |  in |   16|    axis    |   input_1_49_V_V   |    pointer   |
|input_1_49_V_V_TVALID      |  in |    1|    axis    |   input_1_49_V_V   |    pointer   |
|input_1_49_V_V_TREADY      | out |    1|    axis    |   input_1_49_V_V   |    pointer   |
|input_1_50_V_V_TDATA       |  in |   16|    axis    |   input_1_50_V_V   |    pointer   |
|input_1_50_V_V_TVALID      |  in |    1|    axis    |   input_1_50_V_V   |    pointer   |
|input_1_50_V_V_TREADY      | out |    1|    axis    |   input_1_50_V_V   |    pointer   |
|input_1_51_V_V_TDATA       |  in |   16|    axis    |   input_1_51_V_V   |    pointer   |
|input_1_51_V_V_TVALID      |  in |    1|    axis    |   input_1_51_V_V   |    pointer   |
|input_1_51_V_V_TREADY      | out |    1|    axis    |   input_1_51_V_V   |    pointer   |
|input_1_52_V_V_TDATA       |  in |   16|    axis    |   input_1_52_V_V   |    pointer   |
|input_1_52_V_V_TVALID      |  in |    1|    axis    |   input_1_52_V_V   |    pointer   |
|input_1_52_V_V_TREADY      | out |    1|    axis    |   input_1_52_V_V   |    pointer   |
|input_1_53_V_V_TDATA       |  in |   16|    axis    |   input_1_53_V_V   |    pointer   |
|input_1_53_V_V_TVALID      |  in |    1|    axis    |   input_1_53_V_V   |    pointer   |
|input_1_53_V_V_TREADY      | out |    1|    axis    |   input_1_53_V_V   |    pointer   |
|input_1_54_V_V_TDATA       |  in |   16|    axis    |   input_1_54_V_V   |    pointer   |
|input_1_54_V_V_TVALID      |  in |    1|    axis    |   input_1_54_V_V   |    pointer   |
|input_1_54_V_V_TREADY      | out |    1|    axis    |   input_1_54_V_V   |    pointer   |
|input_1_55_V_V_TDATA       |  in |   16|    axis    |   input_1_55_V_V   |    pointer   |
|input_1_55_V_V_TVALID      |  in |    1|    axis    |   input_1_55_V_V   |    pointer   |
|input_1_55_V_V_TREADY      | out |    1|    axis    |   input_1_55_V_V   |    pointer   |
|input_1_56_V_V_TDATA       |  in |   16|    axis    |   input_1_56_V_V   |    pointer   |
|input_1_56_V_V_TVALID      |  in |    1|    axis    |   input_1_56_V_V   |    pointer   |
|input_1_56_V_V_TREADY      | out |    1|    axis    |   input_1_56_V_V   |    pointer   |
|input_1_57_V_V_TDATA       |  in |   16|    axis    |   input_1_57_V_V   |    pointer   |
|input_1_57_V_V_TVALID      |  in |    1|    axis    |   input_1_57_V_V   |    pointer   |
|input_1_57_V_V_TREADY      | out |    1|    axis    |   input_1_57_V_V   |    pointer   |
|input_1_58_V_V_TDATA       |  in |   16|    axis    |   input_1_58_V_V   |    pointer   |
|input_1_58_V_V_TVALID      |  in |    1|    axis    |   input_1_58_V_V   |    pointer   |
|input_1_58_V_V_TREADY      | out |    1|    axis    |   input_1_58_V_V   |    pointer   |
|input_1_59_V_V_TDATA       |  in |   16|    axis    |   input_1_59_V_V   |    pointer   |
|input_1_59_V_V_TVALID      |  in |    1|    axis    |   input_1_59_V_V   |    pointer   |
|input_1_59_V_V_TREADY      | out |    1|    axis    |   input_1_59_V_V   |    pointer   |
|input_1_60_V_V_TDATA       |  in |   16|    axis    |   input_1_60_V_V   |    pointer   |
|input_1_60_V_V_TVALID      |  in |    1|    axis    |   input_1_60_V_V   |    pointer   |
|input_1_60_V_V_TREADY      | out |    1|    axis    |   input_1_60_V_V   |    pointer   |
|input_1_61_V_V_TDATA       |  in |   16|    axis    |   input_1_61_V_V   |    pointer   |
|input_1_61_V_V_TVALID      |  in |    1|    axis    |   input_1_61_V_V   |    pointer   |
|input_1_61_V_V_TREADY      | out |    1|    axis    |   input_1_61_V_V   |    pointer   |
|input_1_62_V_V_TDATA       |  in |   16|    axis    |   input_1_62_V_V   |    pointer   |
|input_1_62_V_V_TVALID      |  in |    1|    axis    |   input_1_62_V_V   |    pointer   |
|input_1_62_V_V_TREADY      | out |    1|    axis    |   input_1_62_V_V   |    pointer   |
|input_1_63_V_V_TDATA       |  in |   16|    axis    |   input_1_63_V_V   |    pointer   |
|input_1_63_V_V_TVALID      |  in |    1|    axis    |   input_1_63_V_V   |    pointer   |
|input_1_63_V_V_TREADY      | out |    1|    axis    |   input_1_63_V_V   |    pointer   |
|input_1_64_V_V_TDATA       |  in |   16|    axis    |   input_1_64_V_V   |    pointer   |
|input_1_64_V_V_TVALID      |  in |    1|    axis    |   input_1_64_V_V   |    pointer   |
|input_1_64_V_V_TREADY      | out |    1|    axis    |   input_1_64_V_V   |    pointer   |
|input_1_65_V_V_TDATA       |  in |   16|    axis    |   input_1_65_V_V   |    pointer   |
|input_1_65_V_V_TVALID      |  in |    1|    axis    |   input_1_65_V_V   |    pointer   |
|input_1_65_V_V_TREADY      | out |    1|    axis    |   input_1_65_V_V   |    pointer   |
|input_1_66_V_V_TDATA       |  in |   16|    axis    |   input_1_66_V_V   |    pointer   |
|input_1_66_V_V_TVALID      |  in |    1|    axis    |   input_1_66_V_V   |    pointer   |
|input_1_66_V_V_TREADY      | out |    1|    axis    |   input_1_66_V_V   |    pointer   |
|input_1_67_V_V_TDATA       |  in |   16|    axis    |   input_1_67_V_V   |    pointer   |
|input_1_67_V_V_TVALID      |  in |    1|    axis    |   input_1_67_V_V   |    pointer   |
|input_1_67_V_V_TREADY      | out |    1|    axis    |   input_1_67_V_V   |    pointer   |
|input_1_68_V_V_TDATA       |  in |   16|    axis    |   input_1_68_V_V   |    pointer   |
|input_1_68_V_V_TVALID      |  in |    1|    axis    |   input_1_68_V_V   |    pointer   |
|input_1_68_V_V_TREADY      | out |    1|    axis    |   input_1_68_V_V   |    pointer   |
|input_1_69_V_V_TDATA       |  in |   16|    axis    |   input_1_69_V_V   |    pointer   |
|input_1_69_V_V_TVALID      |  in |    1|    axis    |   input_1_69_V_V   |    pointer   |
|input_1_69_V_V_TREADY      | out |    1|    axis    |   input_1_69_V_V   |    pointer   |
|layer2_out_0_V_V_TDATA     | out |   16|    axis    |  layer2_out_0_V_V  |    pointer   |
|layer2_out_0_V_V_TVALID    | out |    1|    axis    |  layer2_out_0_V_V  |    pointer   |
|layer2_out_0_V_V_TREADY    |  in |    1|    axis    |  layer2_out_0_V_V  |    pointer   |
|layer2_out_1_V_V_TDATA     | out |   16|    axis    |  layer2_out_1_V_V  |    pointer   |
|layer2_out_1_V_V_TVALID    | out |    1|    axis    |  layer2_out_1_V_V  |    pointer   |
|layer2_out_1_V_V_TREADY    |  in |    1|    axis    |  layer2_out_1_V_V  |    pointer   |
|layer2_out_2_V_V_TDATA     | out |   16|    axis    |  layer2_out_2_V_V  |    pointer   |
|layer2_out_2_V_V_TVALID    | out |    1|    axis    |  layer2_out_2_V_V  |    pointer   |
|layer2_out_2_V_V_TREADY    |  in |    1|    axis    |  layer2_out_2_V_V  |    pointer   |
|layer2_out_3_V_V_TDATA     | out |   16|    axis    |  layer2_out_3_V_V  |    pointer   |
|layer2_out_3_V_V_TVALID    | out |    1|    axis    |  layer2_out_3_V_V  |    pointer   |
|layer2_out_3_V_V_TREADY    |  in |    1|    axis    |  layer2_out_3_V_V  |    pointer   |
|layer2_out_4_V_V_TDATA     | out |   16|    axis    |  layer2_out_4_V_V  |    pointer   |
|layer2_out_4_V_V_TVALID    | out |    1|    axis    |  layer2_out_4_V_V  |    pointer   |
|layer2_out_4_V_V_TREADY    |  in |    1|    axis    |  layer2_out_4_V_V  |    pointer   |
|layer2_out_5_V_V_TDATA     | out |   16|    axis    |  layer2_out_5_V_V  |    pointer   |
|layer2_out_5_V_V_TVALID    | out |    1|    axis    |  layer2_out_5_V_V  |    pointer   |
|layer2_out_5_V_V_TREADY    |  in |    1|    axis    |  layer2_out_5_V_V  |    pointer   |
|layer2_out_6_V_V_TDATA     | out |   16|    axis    |  layer2_out_6_V_V  |    pointer   |
|layer2_out_6_V_V_TVALID    | out |    1|    axis    |  layer2_out_6_V_V  |    pointer   |
|layer2_out_6_V_V_TREADY    |  in |    1|    axis    |  layer2_out_6_V_V  |    pointer   |
|layer2_out_7_V_V_TDATA     | out |   16|    axis    |  layer2_out_7_V_V  |    pointer   |
|layer2_out_7_V_V_TVALID    | out |    1|    axis    |  layer2_out_7_V_V  |    pointer   |
|layer2_out_7_V_V_TREADY    |  in |    1|    axis    |  layer2_out_7_V_V  |    pointer   |
|layer2_out_8_V_V_TDATA     | out |   16|    axis    |  layer2_out_8_V_V  |    pointer   |
|layer2_out_8_V_V_TVALID    | out |    1|    axis    |  layer2_out_8_V_V  |    pointer   |
|layer2_out_8_V_V_TREADY    |  in |    1|    axis    |  layer2_out_8_V_V  |    pointer   |
|layer2_out_9_V_V_TDATA     | out |   16|    axis    |  layer2_out_9_V_V  |    pointer   |
|layer2_out_9_V_V_TVALID    | out |    1|    axis    |  layer2_out_9_V_V  |    pointer   |
|layer2_out_9_V_V_TREADY    |  in |    1|    axis    |  layer2_out_9_V_V  |    pointer   |
|layer2_out_10_V_V_TDATA    | out |   16|    axis    |  layer2_out_10_V_V |    pointer   |
|layer2_out_10_V_V_TVALID   | out |    1|    axis    |  layer2_out_10_V_V |    pointer   |
|layer2_out_10_V_V_TREADY   |  in |    1|    axis    |  layer2_out_10_V_V |    pointer   |
|layer2_out_11_V_V_TDATA    | out |   16|    axis    |  layer2_out_11_V_V |    pointer   |
|layer2_out_11_V_V_TVALID   | out |    1|    axis    |  layer2_out_11_V_V |    pointer   |
|layer2_out_11_V_V_TREADY   |  in |    1|    axis    |  layer2_out_11_V_V |    pointer   |
|layer2_out_12_V_V_TDATA    | out |   16|    axis    |  layer2_out_12_V_V |    pointer   |
|layer2_out_12_V_V_TVALID   | out |    1|    axis    |  layer2_out_12_V_V |    pointer   |
|layer2_out_12_V_V_TREADY   |  in |    1|    axis    |  layer2_out_12_V_V |    pointer   |
|layer2_out_13_V_V_TDATA    | out |   16|    axis    |  layer2_out_13_V_V |    pointer   |
|layer2_out_13_V_V_TVALID   | out |    1|    axis    |  layer2_out_13_V_V |    pointer   |
|layer2_out_13_V_V_TREADY   |  in |    1|    axis    |  layer2_out_13_V_V |    pointer   |
|layer2_out_14_V_V_TDATA    | out |   16|    axis    |  layer2_out_14_V_V |    pointer   |
|layer2_out_14_V_V_TVALID   | out |    1|    axis    |  layer2_out_14_V_V |    pointer   |
|layer2_out_14_V_V_TREADY   |  in |    1|    axis    |  layer2_out_14_V_V |    pointer   |
|layer2_out_15_V_V_TDATA    | out |   16|    axis    |  layer2_out_15_V_V |    pointer   |
|layer2_out_15_V_V_TVALID   | out |    1|    axis    |  layer2_out_15_V_V |    pointer   |
|layer2_out_15_V_V_TREADY   |  in |    1|    axis    |  layer2_out_15_V_V |    pointer   |
|layer2_out_16_V_V_TDATA    | out |   16|    axis    |  layer2_out_16_V_V |    pointer   |
|layer2_out_16_V_V_TVALID   | out |    1|    axis    |  layer2_out_16_V_V |    pointer   |
|layer2_out_16_V_V_TREADY   |  in |    1|    axis    |  layer2_out_16_V_V |    pointer   |
|layer2_out_17_V_V_TDATA    | out |   16|    axis    |  layer2_out_17_V_V |    pointer   |
|layer2_out_17_V_V_TVALID   | out |    1|    axis    |  layer2_out_17_V_V |    pointer   |
|layer2_out_17_V_V_TREADY   |  in |    1|    axis    |  layer2_out_17_V_V |    pointer   |
|layer2_out_18_V_V_TDATA    | out |   16|    axis    |  layer2_out_18_V_V |    pointer   |
|layer2_out_18_V_V_TVALID   | out |    1|    axis    |  layer2_out_18_V_V |    pointer   |
|layer2_out_18_V_V_TREADY   |  in |    1|    axis    |  layer2_out_18_V_V |    pointer   |
|layer2_out_19_V_V_TDATA    | out |   16|    axis    |  layer2_out_19_V_V |    pointer   |
|layer2_out_19_V_V_TVALID   | out |    1|    axis    |  layer2_out_19_V_V |    pointer   |
|layer2_out_19_V_V_TREADY   |  in |    1|    axis    |  layer2_out_19_V_V |    pointer   |
|layer2_out_20_V_V_TDATA    | out |   16|    axis    |  layer2_out_20_V_V |    pointer   |
|layer2_out_20_V_V_TVALID   | out |    1|    axis    |  layer2_out_20_V_V |    pointer   |
|layer2_out_20_V_V_TREADY   |  in |    1|    axis    |  layer2_out_20_V_V |    pointer   |
|layer2_out_21_V_V_TDATA    | out |   16|    axis    |  layer2_out_21_V_V |    pointer   |
|layer2_out_21_V_V_TVALID   | out |    1|    axis    |  layer2_out_21_V_V |    pointer   |
|layer2_out_21_V_V_TREADY   |  in |    1|    axis    |  layer2_out_21_V_V |    pointer   |
|layer2_out_22_V_V_TDATA    | out |   16|    axis    |  layer2_out_22_V_V |    pointer   |
|layer2_out_22_V_V_TVALID   | out |    1|    axis    |  layer2_out_22_V_V |    pointer   |
|layer2_out_22_V_V_TREADY   |  in |    1|    axis    |  layer2_out_22_V_V |    pointer   |
|layer2_out_23_V_V_TDATA    | out |   16|    axis    |  layer2_out_23_V_V |    pointer   |
|layer2_out_23_V_V_TVALID   | out |    1|    axis    |  layer2_out_23_V_V |    pointer   |
|layer2_out_23_V_V_TREADY   |  in |    1|    axis    |  layer2_out_23_V_V |    pointer   |
|layer2_out_24_V_V_TDATA    | out |   16|    axis    |  layer2_out_24_V_V |    pointer   |
|layer2_out_24_V_V_TVALID   | out |    1|    axis    |  layer2_out_24_V_V |    pointer   |
|layer2_out_24_V_V_TREADY   |  in |    1|    axis    |  layer2_out_24_V_V |    pointer   |
|layer2_out_25_V_V_TDATA    | out |   16|    axis    |  layer2_out_25_V_V |    pointer   |
|layer2_out_25_V_V_TVALID   | out |    1|    axis    |  layer2_out_25_V_V |    pointer   |
|layer2_out_25_V_V_TREADY   |  in |    1|    axis    |  layer2_out_25_V_V |    pointer   |
|layer2_out_26_V_V_TDATA    | out |   16|    axis    |  layer2_out_26_V_V |    pointer   |
|layer2_out_26_V_V_TVALID   | out |    1|    axis    |  layer2_out_26_V_V |    pointer   |
|layer2_out_26_V_V_TREADY   |  in |    1|    axis    |  layer2_out_26_V_V |    pointer   |
|layer2_out_27_V_V_TDATA    | out |   16|    axis    |  layer2_out_27_V_V |    pointer   |
|layer2_out_27_V_V_TVALID   | out |    1|    axis    |  layer2_out_27_V_V |    pointer   |
|layer2_out_27_V_V_TREADY   |  in |    1|    axis    |  layer2_out_27_V_V |    pointer   |
|layer2_out_28_V_V_TDATA    | out |   16|    axis    |  layer2_out_28_V_V |    pointer   |
|layer2_out_28_V_V_TVALID   | out |    1|    axis    |  layer2_out_28_V_V |    pointer   |
|layer2_out_28_V_V_TREADY   |  in |    1|    axis    |  layer2_out_28_V_V |    pointer   |
|layer2_out_29_V_V_TDATA    | out |   16|    axis    |  layer2_out_29_V_V |    pointer   |
|layer2_out_29_V_V_TVALID   | out |    1|    axis    |  layer2_out_29_V_V |    pointer   |
|layer2_out_29_V_V_TREADY   |  in |    1|    axis    |  layer2_out_29_V_V |    pointer   |
|layer2_out_30_V_V_TDATA    | out |   16|    axis    |  layer2_out_30_V_V |    pointer   |
|layer2_out_30_V_V_TVALID   | out |    1|    axis    |  layer2_out_30_V_V |    pointer   |
|layer2_out_30_V_V_TREADY   |  in |    1|    axis    |  layer2_out_30_V_V |    pointer   |
|layer2_out_31_V_V_TDATA    | out |   16|    axis    |  layer2_out_31_V_V |    pointer   |
|layer2_out_31_V_V_TVALID   | out |    1|    axis    |  layer2_out_31_V_V |    pointer   |
|layer2_out_31_V_V_TREADY   |  in |    1|    axis    |  layer2_out_31_V_V |    pointer   |
|layer2_out_32_V_V_TDATA    | out |   16|    axis    |  layer2_out_32_V_V |    pointer   |
|layer2_out_32_V_V_TVALID   | out |    1|    axis    |  layer2_out_32_V_V |    pointer   |
|layer2_out_32_V_V_TREADY   |  in |    1|    axis    |  layer2_out_32_V_V |    pointer   |
|layer2_out_33_V_V_TDATA    | out |   16|    axis    |  layer2_out_33_V_V |    pointer   |
|layer2_out_33_V_V_TVALID   | out |    1|    axis    |  layer2_out_33_V_V |    pointer   |
|layer2_out_33_V_V_TREADY   |  in |    1|    axis    |  layer2_out_33_V_V |    pointer   |
|layer2_out_34_V_V_TDATA    | out |   16|    axis    |  layer2_out_34_V_V |    pointer   |
|layer2_out_34_V_V_TVALID   | out |    1|    axis    |  layer2_out_34_V_V |    pointer   |
|layer2_out_34_V_V_TREADY   |  in |    1|    axis    |  layer2_out_34_V_V |    pointer   |
|layer2_out_35_V_V_TDATA    | out |   16|    axis    |  layer2_out_35_V_V |    pointer   |
|layer2_out_35_V_V_TVALID   | out |    1|    axis    |  layer2_out_35_V_V |    pointer   |
|layer2_out_35_V_V_TREADY   |  in |    1|    axis    |  layer2_out_35_V_V |    pointer   |
|layer2_out_36_V_V_TDATA    | out |   16|    axis    |  layer2_out_36_V_V |    pointer   |
|layer2_out_36_V_V_TVALID   | out |    1|    axis    |  layer2_out_36_V_V |    pointer   |
|layer2_out_36_V_V_TREADY   |  in |    1|    axis    |  layer2_out_36_V_V |    pointer   |
|layer2_out_37_V_V_TDATA    | out |   16|    axis    |  layer2_out_37_V_V |    pointer   |
|layer2_out_37_V_V_TVALID   | out |    1|    axis    |  layer2_out_37_V_V |    pointer   |
|layer2_out_37_V_V_TREADY   |  in |    1|    axis    |  layer2_out_37_V_V |    pointer   |
|layer2_out_38_V_V_TDATA    | out |   16|    axis    |  layer2_out_38_V_V |    pointer   |
|layer2_out_38_V_V_TVALID   | out |    1|    axis    |  layer2_out_38_V_V |    pointer   |
|layer2_out_38_V_V_TREADY   |  in |    1|    axis    |  layer2_out_38_V_V |    pointer   |
|layer2_out_39_V_V_TDATA    | out |   16|    axis    |  layer2_out_39_V_V |    pointer   |
|layer2_out_39_V_V_TVALID   | out |    1|    axis    |  layer2_out_39_V_V |    pointer   |
|layer2_out_39_V_V_TREADY   |  in |    1|    axis    |  layer2_out_39_V_V |    pointer   |
|layer2_out_40_V_V_TDATA    | out |   16|    axis    |  layer2_out_40_V_V |    pointer   |
|layer2_out_40_V_V_TVALID   | out |    1|    axis    |  layer2_out_40_V_V |    pointer   |
|layer2_out_40_V_V_TREADY   |  in |    1|    axis    |  layer2_out_40_V_V |    pointer   |
|layer2_out_41_V_V_TDATA    | out |   16|    axis    |  layer2_out_41_V_V |    pointer   |
|layer2_out_41_V_V_TVALID   | out |    1|    axis    |  layer2_out_41_V_V |    pointer   |
|layer2_out_41_V_V_TREADY   |  in |    1|    axis    |  layer2_out_41_V_V |    pointer   |
|layer2_out_42_V_V_TDATA    | out |   16|    axis    |  layer2_out_42_V_V |    pointer   |
|layer2_out_42_V_V_TVALID   | out |    1|    axis    |  layer2_out_42_V_V |    pointer   |
|layer2_out_42_V_V_TREADY   |  in |    1|    axis    |  layer2_out_42_V_V |    pointer   |
|layer2_out_43_V_V_TDATA    | out |   16|    axis    |  layer2_out_43_V_V |    pointer   |
|layer2_out_43_V_V_TVALID   | out |    1|    axis    |  layer2_out_43_V_V |    pointer   |
|layer2_out_43_V_V_TREADY   |  in |    1|    axis    |  layer2_out_43_V_V |    pointer   |
|layer2_out_44_V_V_TDATA    | out |   16|    axis    |  layer2_out_44_V_V |    pointer   |
|layer2_out_44_V_V_TVALID   | out |    1|    axis    |  layer2_out_44_V_V |    pointer   |
|layer2_out_44_V_V_TREADY   |  in |    1|    axis    |  layer2_out_44_V_V |    pointer   |
|layer2_out_45_V_V_TDATA    | out |   16|    axis    |  layer2_out_45_V_V |    pointer   |
|layer2_out_45_V_V_TVALID   | out |    1|    axis    |  layer2_out_45_V_V |    pointer   |
|layer2_out_45_V_V_TREADY   |  in |    1|    axis    |  layer2_out_45_V_V |    pointer   |
|layer2_out_46_V_V_TDATA    | out |   16|    axis    |  layer2_out_46_V_V |    pointer   |
|layer2_out_46_V_V_TVALID   | out |    1|    axis    |  layer2_out_46_V_V |    pointer   |
|layer2_out_46_V_V_TREADY   |  in |    1|    axis    |  layer2_out_46_V_V |    pointer   |
|layer2_out_47_V_V_TDATA    | out |   16|    axis    |  layer2_out_47_V_V |    pointer   |
|layer2_out_47_V_V_TVALID   | out |    1|    axis    |  layer2_out_47_V_V |    pointer   |
|layer2_out_47_V_V_TREADY   |  in |    1|    axis    |  layer2_out_47_V_V |    pointer   |
|layer2_out_48_V_V_TDATA    | out |   16|    axis    |  layer2_out_48_V_V |    pointer   |
|layer2_out_48_V_V_TVALID   | out |    1|    axis    |  layer2_out_48_V_V |    pointer   |
|layer2_out_48_V_V_TREADY   |  in |    1|    axis    |  layer2_out_48_V_V |    pointer   |
|layer2_out_49_V_V_TDATA    | out |   16|    axis    |  layer2_out_49_V_V |    pointer   |
|layer2_out_49_V_V_TVALID   | out |    1|    axis    |  layer2_out_49_V_V |    pointer   |
|layer2_out_49_V_V_TREADY   |  in |    1|    axis    |  layer2_out_49_V_V |    pointer   |
|layer2_out_50_V_V_TDATA    | out |   16|    axis    |  layer2_out_50_V_V |    pointer   |
|layer2_out_50_V_V_TVALID   | out |    1|    axis    |  layer2_out_50_V_V |    pointer   |
|layer2_out_50_V_V_TREADY   |  in |    1|    axis    |  layer2_out_50_V_V |    pointer   |
|layer2_out_51_V_V_TDATA    | out |   16|    axis    |  layer2_out_51_V_V |    pointer   |
|layer2_out_51_V_V_TVALID   | out |    1|    axis    |  layer2_out_51_V_V |    pointer   |
|layer2_out_51_V_V_TREADY   |  in |    1|    axis    |  layer2_out_51_V_V |    pointer   |
|layer2_out_52_V_V_TDATA    | out |   16|    axis    |  layer2_out_52_V_V |    pointer   |
|layer2_out_52_V_V_TVALID   | out |    1|    axis    |  layer2_out_52_V_V |    pointer   |
|layer2_out_52_V_V_TREADY   |  in |    1|    axis    |  layer2_out_52_V_V |    pointer   |
|layer2_out_53_V_V_TDATA    | out |   16|    axis    |  layer2_out_53_V_V |    pointer   |
|layer2_out_53_V_V_TVALID   | out |    1|    axis    |  layer2_out_53_V_V |    pointer   |
|layer2_out_53_V_V_TREADY   |  in |    1|    axis    |  layer2_out_53_V_V |    pointer   |
|layer2_out_54_V_V_TDATA    | out |   16|    axis    |  layer2_out_54_V_V |    pointer   |
|layer2_out_54_V_V_TVALID   | out |    1|    axis    |  layer2_out_54_V_V |    pointer   |
|layer2_out_54_V_V_TREADY   |  in |    1|    axis    |  layer2_out_54_V_V |    pointer   |
|layer2_out_55_V_V_TDATA    | out |   16|    axis    |  layer2_out_55_V_V |    pointer   |
|layer2_out_55_V_V_TVALID   | out |    1|    axis    |  layer2_out_55_V_V |    pointer   |
|layer2_out_55_V_V_TREADY   |  in |    1|    axis    |  layer2_out_55_V_V |    pointer   |
|layer2_out_56_V_V_TDATA    | out |   16|    axis    |  layer2_out_56_V_V |    pointer   |
|layer2_out_56_V_V_TVALID   | out |    1|    axis    |  layer2_out_56_V_V |    pointer   |
|layer2_out_56_V_V_TREADY   |  in |    1|    axis    |  layer2_out_56_V_V |    pointer   |
|layer2_out_57_V_V_TDATA    | out |   16|    axis    |  layer2_out_57_V_V |    pointer   |
|layer2_out_57_V_V_TVALID   | out |    1|    axis    |  layer2_out_57_V_V |    pointer   |
|layer2_out_57_V_V_TREADY   |  in |    1|    axis    |  layer2_out_57_V_V |    pointer   |
|layer2_out_58_V_V_TDATA    | out |   16|    axis    |  layer2_out_58_V_V |    pointer   |
|layer2_out_58_V_V_TVALID   | out |    1|    axis    |  layer2_out_58_V_V |    pointer   |
|layer2_out_58_V_V_TREADY   |  in |    1|    axis    |  layer2_out_58_V_V |    pointer   |
|layer2_out_59_V_V_TDATA    | out |   16|    axis    |  layer2_out_59_V_V |    pointer   |
|layer2_out_59_V_V_TVALID   | out |    1|    axis    |  layer2_out_59_V_V |    pointer   |
|layer2_out_59_V_V_TREADY   |  in |    1|    axis    |  layer2_out_59_V_V |    pointer   |
|layer2_out_60_V_V_TDATA    | out |   16|    axis    |  layer2_out_60_V_V |    pointer   |
|layer2_out_60_V_V_TVALID   | out |    1|    axis    |  layer2_out_60_V_V |    pointer   |
|layer2_out_60_V_V_TREADY   |  in |    1|    axis    |  layer2_out_60_V_V |    pointer   |
|layer2_out_61_V_V_TDATA    | out |   16|    axis    |  layer2_out_61_V_V |    pointer   |
|layer2_out_61_V_V_TVALID   | out |    1|    axis    |  layer2_out_61_V_V |    pointer   |
|layer2_out_61_V_V_TREADY   |  in |    1|    axis    |  layer2_out_61_V_V |    pointer   |
|layer2_out_62_V_V_TDATA    | out |   16|    axis    |  layer2_out_62_V_V |    pointer   |
|layer2_out_62_V_V_TVALID   | out |    1|    axis    |  layer2_out_62_V_V |    pointer   |
|layer2_out_62_V_V_TREADY   |  in |    1|    axis    |  layer2_out_62_V_V |    pointer   |
|layer2_out_63_V_V_TDATA    | out |   16|    axis    |  layer2_out_63_V_V |    pointer   |
|layer2_out_63_V_V_TVALID   | out |    1|    axis    |  layer2_out_63_V_V |    pointer   |
|layer2_out_63_V_V_TREADY   |  in |    1|    axis    |  layer2_out_63_V_V |    pointer   |
|layer2_out_64_V_V_TDATA    | out |   16|    axis    |  layer2_out_64_V_V |    pointer   |
|layer2_out_64_V_V_TVALID   | out |    1|    axis    |  layer2_out_64_V_V |    pointer   |
|layer2_out_64_V_V_TREADY   |  in |    1|    axis    |  layer2_out_64_V_V |    pointer   |
|layer2_out_65_V_V_TDATA    | out |   16|    axis    |  layer2_out_65_V_V |    pointer   |
|layer2_out_65_V_V_TVALID   | out |    1|    axis    |  layer2_out_65_V_V |    pointer   |
|layer2_out_65_V_V_TREADY   |  in |    1|    axis    |  layer2_out_65_V_V |    pointer   |
|layer2_out_66_V_V_TDATA    | out |   16|    axis    |  layer2_out_66_V_V |    pointer   |
|layer2_out_66_V_V_TVALID   | out |    1|    axis    |  layer2_out_66_V_V |    pointer   |
|layer2_out_66_V_V_TREADY   |  in |    1|    axis    |  layer2_out_66_V_V |    pointer   |
|layer2_out_67_V_V_TDATA    | out |   16|    axis    |  layer2_out_67_V_V |    pointer   |
|layer2_out_67_V_V_TVALID   | out |    1|    axis    |  layer2_out_67_V_V |    pointer   |
|layer2_out_67_V_V_TREADY   |  in |    1|    axis    |  layer2_out_67_V_V |    pointer   |
|layer2_out_68_V_V_TDATA    | out |   16|    axis    |  layer2_out_68_V_V |    pointer   |
|layer2_out_68_V_V_TVALID   | out |    1|    axis    |  layer2_out_68_V_V |    pointer   |
|layer2_out_68_V_V_TREADY   |  in |    1|    axis    |  layer2_out_68_V_V |    pointer   |
|layer2_out_69_V_V_TDATA    | out |   16|    axis    |  layer2_out_69_V_V |    pointer   |
|layer2_out_69_V_V_TVALID   | out |    1|    axis    |  layer2_out_69_V_V |    pointer   |
|layer2_out_69_V_V_TREADY   |  in |    1|    axis    |  layer2_out_69_V_V |    pointer   |
|layer2_out_70_V_V_TDATA    | out |   16|    axis    |  layer2_out_70_V_V |    pointer   |
|layer2_out_70_V_V_TVALID   | out |    1|    axis    |  layer2_out_70_V_V |    pointer   |
|layer2_out_70_V_V_TREADY   |  in |    1|    axis    |  layer2_out_70_V_V |    pointer   |
|layer2_out_71_V_V_TDATA    | out |   16|    axis    |  layer2_out_71_V_V |    pointer   |
|layer2_out_71_V_V_TVALID   | out |    1|    axis    |  layer2_out_71_V_V |    pointer   |
|layer2_out_71_V_V_TREADY   |  in |    1|    axis    |  layer2_out_71_V_V |    pointer   |
|layer2_out_72_V_V_TDATA    | out |   16|    axis    |  layer2_out_72_V_V |    pointer   |
|layer2_out_72_V_V_TVALID   | out |    1|    axis    |  layer2_out_72_V_V |    pointer   |
|layer2_out_72_V_V_TREADY   |  in |    1|    axis    |  layer2_out_72_V_V |    pointer   |
|layer2_out_73_V_V_TDATA    | out |   16|    axis    |  layer2_out_73_V_V |    pointer   |
|layer2_out_73_V_V_TVALID   | out |    1|    axis    |  layer2_out_73_V_V |    pointer   |
|layer2_out_73_V_V_TREADY   |  in |    1|    axis    |  layer2_out_73_V_V |    pointer   |
|layer2_out_74_V_V_TDATA    | out |   16|    axis    |  layer2_out_74_V_V |    pointer   |
|layer2_out_74_V_V_TVALID   | out |    1|    axis    |  layer2_out_74_V_V |    pointer   |
|layer2_out_74_V_V_TREADY   |  in |    1|    axis    |  layer2_out_74_V_V |    pointer   |
|layer2_out_75_V_V_TDATA    | out |   16|    axis    |  layer2_out_75_V_V |    pointer   |
|layer2_out_75_V_V_TVALID   | out |    1|    axis    |  layer2_out_75_V_V |    pointer   |
|layer2_out_75_V_V_TREADY   |  in |    1|    axis    |  layer2_out_75_V_V |    pointer   |
|layer2_out_76_V_V_TDATA    | out |   16|    axis    |  layer2_out_76_V_V |    pointer   |
|layer2_out_76_V_V_TVALID   | out |    1|    axis    |  layer2_out_76_V_V |    pointer   |
|layer2_out_76_V_V_TREADY   |  in |    1|    axis    |  layer2_out_76_V_V |    pointer   |
|layer2_out_77_V_V_TDATA    | out |   16|    axis    |  layer2_out_77_V_V |    pointer   |
|layer2_out_77_V_V_TVALID   | out |    1|    axis    |  layer2_out_77_V_V |    pointer   |
|layer2_out_77_V_V_TREADY   |  in |    1|    axis    |  layer2_out_77_V_V |    pointer   |
|layer2_out_78_V_V_TDATA    | out |   16|    axis    |  layer2_out_78_V_V |    pointer   |
|layer2_out_78_V_V_TVALID   | out |    1|    axis    |  layer2_out_78_V_V |    pointer   |
|layer2_out_78_V_V_TREADY   |  in |    1|    axis    |  layer2_out_78_V_V |    pointer   |
|layer2_out_79_V_V_TDATA    | out |   16|    axis    |  layer2_out_79_V_V |    pointer   |
|layer2_out_79_V_V_TVALID   | out |    1|    axis    |  layer2_out_79_V_V |    pointer   |
|layer2_out_79_V_V_TREADY   |  in |    1|    axis    |  layer2_out_79_V_V |    pointer   |
|layer2_out_80_V_V_TDATA    | out |   16|    axis    |  layer2_out_80_V_V |    pointer   |
|layer2_out_80_V_V_TVALID   | out |    1|    axis    |  layer2_out_80_V_V |    pointer   |
|layer2_out_80_V_V_TREADY   |  in |    1|    axis    |  layer2_out_80_V_V |    pointer   |
|layer2_out_81_V_V_TDATA    | out |   16|    axis    |  layer2_out_81_V_V |    pointer   |
|layer2_out_81_V_V_TVALID   | out |    1|    axis    |  layer2_out_81_V_V |    pointer   |
|layer2_out_81_V_V_TREADY   |  in |    1|    axis    |  layer2_out_81_V_V |    pointer   |
|layer2_out_82_V_V_TDATA    | out |   16|    axis    |  layer2_out_82_V_V |    pointer   |
|layer2_out_82_V_V_TVALID   | out |    1|    axis    |  layer2_out_82_V_V |    pointer   |
|layer2_out_82_V_V_TREADY   |  in |    1|    axis    |  layer2_out_82_V_V |    pointer   |
|layer2_out_83_V_V_TDATA    | out |   16|    axis    |  layer2_out_83_V_V |    pointer   |
|layer2_out_83_V_V_TVALID   | out |    1|    axis    |  layer2_out_83_V_V |    pointer   |
|layer2_out_83_V_V_TREADY   |  in |    1|    axis    |  layer2_out_83_V_V |    pointer   |
|layer2_out_84_V_V_TDATA    | out |   16|    axis    |  layer2_out_84_V_V |    pointer   |
|layer2_out_84_V_V_TVALID   | out |    1|    axis    |  layer2_out_84_V_V |    pointer   |
|layer2_out_84_V_V_TREADY   |  in |    1|    axis    |  layer2_out_84_V_V |    pointer   |
|layer2_out_85_V_V_TDATA    | out |   16|    axis    |  layer2_out_85_V_V |    pointer   |
|layer2_out_85_V_V_TVALID   | out |    1|    axis    |  layer2_out_85_V_V |    pointer   |
|layer2_out_85_V_V_TREADY   |  in |    1|    axis    |  layer2_out_85_V_V |    pointer   |
|layer2_out_86_V_V_TDATA    | out |   16|    axis    |  layer2_out_86_V_V |    pointer   |
|layer2_out_86_V_V_TVALID   | out |    1|    axis    |  layer2_out_86_V_V |    pointer   |
|layer2_out_86_V_V_TREADY   |  in |    1|    axis    |  layer2_out_86_V_V |    pointer   |
|layer2_out_87_V_V_TDATA    | out |   16|    axis    |  layer2_out_87_V_V |    pointer   |
|layer2_out_87_V_V_TVALID   | out |    1|    axis    |  layer2_out_87_V_V |    pointer   |
|layer2_out_87_V_V_TREADY   |  in |    1|    axis    |  layer2_out_87_V_V |    pointer   |
|layer2_out_88_V_V_TDATA    | out |   16|    axis    |  layer2_out_88_V_V |    pointer   |
|layer2_out_88_V_V_TVALID   | out |    1|    axis    |  layer2_out_88_V_V |    pointer   |
|layer2_out_88_V_V_TREADY   |  in |    1|    axis    |  layer2_out_88_V_V |    pointer   |
|layer2_out_89_V_V_TDATA    | out |   16|    axis    |  layer2_out_89_V_V |    pointer   |
|layer2_out_89_V_V_TVALID   | out |    1|    axis    |  layer2_out_89_V_V |    pointer   |
|layer2_out_89_V_V_TREADY   |  in |    1|    axis    |  layer2_out_89_V_V |    pointer   |
|layer2_out_90_V_V_TDATA    | out |   16|    axis    |  layer2_out_90_V_V |    pointer   |
|layer2_out_90_V_V_TVALID   | out |    1|    axis    |  layer2_out_90_V_V |    pointer   |
|layer2_out_90_V_V_TREADY   |  in |    1|    axis    |  layer2_out_90_V_V |    pointer   |
|layer2_out_91_V_V_TDATA    | out |   16|    axis    |  layer2_out_91_V_V |    pointer   |
|layer2_out_91_V_V_TVALID   | out |    1|    axis    |  layer2_out_91_V_V |    pointer   |
|layer2_out_91_V_V_TREADY   |  in |    1|    axis    |  layer2_out_91_V_V |    pointer   |
|layer2_out_92_V_V_TDATA    | out |   16|    axis    |  layer2_out_92_V_V |    pointer   |
|layer2_out_92_V_V_TVALID   | out |    1|    axis    |  layer2_out_92_V_V |    pointer   |
|layer2_out_92_V_V_TREADY   |  in |    1|    axis    |  layer2_out_92_V_V |    pointer   |
|layer2_out_93_V_V_TDATA    | out |   16|    axis    |  layer2_out_93_V_V |    pointer   |
|layer2_out_93_V_V_TVALID   | out |    1|    axis    |  layer2_out_93_V_V |    pointer   |
|layer2_out_93_V_V_TREADY   |  in |    1|    axis    |  layer2_out_93_V_V |    pointer   |
|layer2_out_94_V_V_TDATA    | out |   16|    axis    |  layer2_out_94_V_V |    pointer   |
|layer2_out_94_V_V_TVALID   | out |    1|    axis    |  layer2_out_94_V_V |    pointer   |
|layer2_out_94_V_V_TREADY   |  in |    1|    axis    |  layer2_out_94_V_V |    pointer   |
|layer2_out_95_V_V_TDATA    | out |   16|    axis    |  layer2_out_95_V_V |    pointer   |
|layer2_out_95_V_V_TVALID   | out |    1|    axis    |  layer2_out_95_V_V |    pointer   |
|layer2_out_95_V_V_TREADY   |  in |    1|    axis    |  layer2_out_95_V_V |    pointer   |
|layer2_out_96_V_V_TDATA    | out |   16|    axis    |  layer2_out_96_V_V |    pointer   |
|layer2_out_96_V_V_TVALID   | out |    1|    axis    |  layer2_out_96_V_V |    pointer   |
|layer2_out_96_V_V_TREADY   |  in |    1|    axis    |  layer2_out_96_V_V |    pointer   |
|layer2_out_97_V_V_TDATA    | out |   16|    axis    |  layer2_out_97_V_V |    pointer   |
|layer2_out_97_V_V_TVALID   | out |    1|    axis    |  layer2_out_97_V_V |    pointer   |
|layer2_out_97_V_V_TREADY   |  in |    1|    axis    |  layer2_out_97_V_V |    pointer   |
|layer2_out_98_V_V_TDATA    | out |   16|    axis    |  layer2_out_98_V_V |    pointer   |
|layer2_out_98_V_V_TVALID   | out |    1|    axis    |  layer2_out_98_V_V |    pointer   |
|layer2_out_98_V_V_TREADY   |  in |    1|    axis    |  layer2_out_98_V_V |    pointer   |
|layer2_out_99_V_V_TDATA    | out |   16|    axis    |  layer2_out_99_V_V |    pointer   |
|layer2_out_99_V_V_TVALID   | out |    1|    axis    |  layer2_out_99_V_V |    pointer   |
|layer2_out_99_V_V_TREADY   |  in |    1|    axis    |  layer2_out_99_V_V |    pointer   |
|layer2_out_100_V_V_TDATA   | out |   16|    axis    | layer2_out_100_V_V |    pointer   |
|layer2_out_100_V_V_TVALID  | out |    1|    axis    | layer2_out_100_V_V |    pointer   |
|layer2_out_100_V_V_TREADY  |  in |    1|    axis    | layer2_out_100_V_V |    pointer   |
|layer2_out_101_V_V_TDATA   | out |   16|    axis    | layer2_out_101_V_V |    pointer   |
|layer2_out_101_V_V_TVALID  | out |    1|    axis    | layer2_out_101_V_V |    pointer   |
|layer2_out_101_V_V_TREADY  |  in |    1|    axis    | layer2_out_101_V_V |    pointer   |
|layer2_out_102_V_V_TDATA   | out |   16|    axis    | layer2_out_102_V_V |    pointer   |
|layer2_out_102_V_V_TVALID  | out |    1|    axis    | layer2_out_102_V_V |    pointer   |
|layer2_out_102_V_V_TREADY  |  in |    1|    axis    | layer2_out_102_V_V |    pointer   |
|layer2_out_103_V_V_TDATA   | out |   16|    axis    | layer2_out_103_V_V |    pointer   |
|layer2_out_103_V_V_TVALID  | out |    1|    axis    | layer2_out_103_V_V |    pointer   |
|layer2_out_103_V_V_TREADY  |  in |    1|    axis    | layer2_out_103_V_V |    pointer   |
|layer2_out_104_V_V_TDATA   | out |   16|    axis    | layer2_out_104_V_V |    pointer   |
|layer2_out_104_V_V_TVALID  | out |    1|    axis    | layer2_out_104_V_V |    pointer   |
|layer2_out_104_V_V_TREADY  |  in |    1|    axis    | layer2_out_104_V_V |    pointer   |
|layer2_out_105_V_V_TDATA   | out |   16|    axis    | layer2_out_105_V_V |    pointer   |
|layer2_out_105_V_V_TVALID  | out |    1|    axis    | layer2_out_105_V_V |    pointer   |
|layer2_out_105_V_V_TREADY  |  in |    1|    axis    | layer2_out_105_V_V |    pointer   |
|layer2_out_106_V_V_TDATA   | out |   16|    axis    | layer2_out_106_V_V |    pointer   |
|layer2_out_106_V_V_TVALID  | out |    1|    axis    | layer2_out_106_V_V |    pointer   |
|layer2_out_106_V_V_TREADY  |  in |    1|    axis    | layer2_out_106_V_V |    pointer   |
|layer2_out_107_V_V_TDATA   | out |   16|    axis    | layer2_out_107_V_V |    pointer   |
|layer2_out_107_V_V_TVALID  | out |    1|    axis    | layer2_out_107_V_V |    pointer   |
|layer2_out_107_V_V_TREADY  |  in |    1|    axis    | layer2_out_107_V_V |    pointer   |
|layer2_out_108_V_V_TDATA   | out |   16|    axis    | layer2_out_108_V_V |    pointer   |
|layer2_out_108_V_V_TVALID  | out |    1|    axis    | layer2_out_108_V_V |    pointer   |
|layer2_out_108_V_V_TREADY  |  in |    1|    axis    | layer2_out_108_V_V |    pointer   |
|layer2_out_109_V_V_TDATA   | out |   16|    axis    | layer2_out_109_V_V |    pointer   |
|layer2_out_109_V_V_TVALID  | out |    1|    axis    | layer2_out_109_V_V |    pointer   |
|layer2_out_109_V_V_TREADY  |  in |    1|    axis    | layer2_out_109_V_V |    pointer   |
|layer2_out_110_V_V_TDATA   | out |   16|    axis    | layer2_out_110_V_V |    pointer   |
|layer2_out_110_V_V_TVALID  | out |    1|    axis    | layer2_out_110_V_V |    pointer   |
|layer2_out_110_V_V_TREADY  |  in |    1|    axis    | layer2_out_110_V_V |    pointer   |
|layer2_out_111_V_V_TDATA   | out |   16|    axis    | layer2_out_111_V_V |    pointer   |
|layer2_out_111_V_V_TVALID  | out |    1|    axis    | layer2_out_111_V_V |    pointer   |
|layer2_out_111_V_V_TREADY  |  in |    1|    axis    | layer2_out_111_V_V |    pointer   |
|layer2_out_112_V_V_TDATA   | out |   16|    axis    | layer2_out_112_V_V |    pointer   |
|layer2_out_112_V_V_TVALID  | out |    1|    axis    | layer2_out_112_V_V |    pointer   |
|layer2_out_112_V_V_TREADY  |  in |    1|    axis    | layer2_out_112_V_V |    pointer   |
|layer2_out_113_V_V_TDATA   | out |   16|    axis    | layer2_out_113_V_V |    pointer   |
|layer2_out_113_V_V_TVALID  | out |    1|    axis    | layer2_out_113_V_V |    pointer   |
|layer2_out_113_V_V_TREADY  |  in |    1|    axis    | layer2_out_113_V_V |    pointer   |
|layer2_out_114_V_V_TDATA   | out |   16|    axis    | layer2_out_114_V_V |    pointer   |
|layer2_out_114_V_V_TVALID  | out |    1|    axis    | layer2_out_114_V_V |    pointer   |
|layer2_out_114_V_V_TREADY  |  in |    1|    axis    | layer2_out_114_V_V |    pointer   |
|layer2_out_115_V_V_TDATA   | out |   16|    axis    | layer2_out_115_V_V |    pointer   |
|layer2_out_115_V_V_TVALID  | out |    1|    axis    | layer2_out_115_V_V |    pointer   |
|layer2_out_115_V_V_TREADY  |  in |    1|    axis    | layer2_out_115_V_V |    pointer   |
|layer2_out_116_V_V_TDATA   | out |   16|    axis    | layer2_out_116_V_V |    pointer   |
|layer2_out_116_V_V_TVALID  | out |    1|    axis    | layer2_out_116_V_V |    pointer   |
|layer2_out_116_V_V_TREADY  |  in |    1|    axis    | layer2_out_116_V_V |    pointer   |
|layer2_out_117_V_V_TDATA   | out |   16|    axis    | layer2_out_117_V_V |    pointer   |
|layer2_out_117_V_V_TVALID  | out |    1|    axis    | layer2_out_117_V_V |    pointer   |
|layer2_out_117_V_V_TREADY  |  in |    1|    axis    | layer2_out_117_V_V |    pointer   |
|layer2_out_118_V_V_TDATA   | out |   16|    axis    | layer2_out_118_V_V |    pointer   |
|layer2_out_118_V_V_TVALID  | out |    1|    axis    | layer2_out_118_V_V |    pointer   |
|layer2_out_118_V_V_TREADY  |  in |    1|    axis    | layer2_out_118_V_V |    pointer   |
|layer2_out_119_V_V_TDATA   | out |   16|    axis    | layer2_out_119_V_V |    pointer   |
|layer2_out_119_V_V_TVALID  | out |    1|    axis    | layer2_out_119_V_V |    pointer   |
|layer2_out_119_V_V_TREADY  |  in |    1|    axis    | layer2_out_119_V_V |    pointer   |
|layer2_out_120_V_V_TDATA   | out |   16|    axis    | layer2_out_120_V_V |    pointer   |
|layer2_out_120_V_V_TVALID  | out |    1|    axis    | layer2_out_120_V_V |    pointer   |
|layer2_out_120_V_V_TREADY  |  in |    1|    axis    | layer2_out_120_V_V |    pointer   |
|layer2_out_121_V_V_TDATA   | out |   16|    axis    | layer2_out_121_V_V |    pointer   |
|layer2_out_121_V_V_TVALID  | out |    1|    axis    | layer2_out_121_V_V |    pointer   |
|layer2_out_121_V_V_TREADY  |  in |    1|    axis    | layer2_out_121_V_V |    pointer   |
|layer2_out_122_V_V_TDATA   | out |   16|    axis    | layer2_out_122_V_V |    pointer   |
|layer2_out_122_V_V_TVALID  | out |    1|    axis    | layer2_out_122_V_V |    pointer   |
|layer2_out_122_V_V_TREADY  |  in |    1|    axis    | layer2_out_122_V_V |    pointer   |
|layer2_out_123_V_V_TDATA   | out |   16|    axis    | layer2_out_123_V_V |    pointer   |
|layer2_out_123_V_V_TVALID  | out |    1|    axis    | layer2_out_123_V_V |    pointer   |
|layer2_out_123_V_V_TREADY  |  in |    1|    axis    | layer2_out_123_V_V |    pointer   |
|layer2_out_124_V_V_TDATA   | out |   16|    axis    | layer2_out_124_V_V |    pointer   |
|layer2_out_124_V_V_TVALID  | out |    1|    axis    | layer2_out_124_V_V |    pointer   |
|layer2_out_124_V_V_TREADY  |  in |    1|    axis    | layer2_out_124_V_V |    pointer   |
|layer2_out_125_V_V_TDATA   | out |   16|    axis    | layer2_out_125_V_V |    pointer   |
|layer2_out_125_V_V_TVALID  | out |    1|    axis    | layer2_out_125_V_V |    pointer   |
|layer2_out_125_V_V_TREADY  |  in |    1|    axis    | layer2_out_125_V_V |    pointer   |
|layer2_out_126_V_V_TDATA   | out |   16|    axis    | layer2_out_126_V_V |    pointer   |
|layer2_out_126_V_V_TVALID  | out |    1|    axis    | layer2_out_126_V_V |    pointer   |
|layer2_out_126_V_V_TREADY  |  in |    1|    axis    | layer2_out_126_V_V |    pointer   |
|layer2_out_127_V_V_TDATA   | out |   16|    axis    | layer2_out_127_V_V |    pointer   |
|layer2_out_127_V_V_TVALID  | out |    1|    axis    | layer2_out_127_V_V |    pointer   |
|layer2_out_127_V_V_TREADY  |  in |    1|    axis    | layer2_out_127_V_V |    pointer   |
|ap_clk                     |  in |    1| ap_ctrl_hs |      myproject     | return value |
|ap_rst_n                   |  in |    1| ap_ctrl_hs |      myproject     | return value |
|ap_start                   |  in |    1| ap_ctrl_hs |      myproject     | return value |
|ap_done                    | out |    1| ap_ctrl_hs |      myproject     | return value |
|ap_ready                   | out |    1| ap_ctrl_hs |      myproject     | return value |
|ap_idle                    | out |    1| ap_ctrl_hs |      myproject     | return value |
+---------------------------+-----+-----+------------+--------------------+--------------+

