INFO: [v++ 60-1306] Additional information associated with this v++ link can be found at:
	Reports: /home/YL_HUANG/4_6/LFADs/build_dir.hw.xilinx_u50_xdma_201920_1/reports/link
	Log files: /home/YL_HUANG/4_6/LFADs/build_dir.hw.xilinx_u50_xdma_201920_1/logs/link
INFO: [v++ 60-1548] Creating build summary session with primary output /home/YL_HUANG/4_6/LFADs/build_dir.hw.xilinx_u50_xdma_201920_1/alveo_hls4ml.xclbin.link_summary, at Mon Apr 17 16:37:32 2023
INFO: [v++ 60-1316] Initiating connection to rulecheck server, at Mon Apr 17 16:37:32 2023
INFO: [v++ 60-1315] Creating rulecheck session with output '/home/YL_HUANG/4_6/LFADs/build_dir.hw.xilinx_u50_xdma_201920_1/reports/link/v++_link_alveo_hls4ml_guidance.html', at Mon Apr 17 16:37:33 2023
INFO: [v++ 60-895]   Target platform: /opt/xilinx/platforms/xilinx_u50_xdma_201920_1/xilinx_u50_xdma_201920_1.xpfm
INFO: [v++ 60-1578]   This platform contains Device Support Archive '/opt/xilinx/platforms/xilinx_u50_xdma_201920_1/hw/xilinx_u50_xdma_201920_1.dsa'
INFO: [v++ 60-629] Linking for hardware target
INFO: [v++ 60-423]   Target device: xilinx_u50_xdma_201920_1
INFO: [v++ 60-1332] Run 'run_link' status: Not started
INFO: [v++ 60-1443] [16:37:38] Run run_link: Step system_link: Started
INFO: [v++ 60-1453] Command Line: system_link --xo /home/YL_HUANG/4_6/LFADs/_x.hw.xilinx_u50_xdma_201920_1/alveo_hls4ml.xo -keep --config /home/YL_HUANG/4_6/LFADs/build_dir.hw.xilinx_u50_xdma_201920_1/link/int/syslinkConfig.ini --xpfm /opt/xilinx/platforms/xilinx_u50_xdma_201920_1/xilinx_u50_xdma_201920_1.xpfm --target hw --output_dir /home/YL_HUANG/4_6/LFADs/build_dir.hw.xilinx_u50_xdma_201920_1/link/int --temp_dir /home/YL_HUANG/4_6/LFADs/build_dir.hw.xilinx_u50_xdma_201920_1/link/sys_link
INFO: [v++ 60-1454] Run Directory: /home/YL_HUANG/4_6/LFADs/build_dir.hw.xilinx_u50_xdma_201920_1/link/run_link
INFO: [SYSTEM_LINK 82-76] Reading emulation BD and HPFM information
INFO: [SYSTEM_LINK 60-1316] Initiating connection to rulecheck server, at Mon Apr 17 16:37:41 2023
INFO: [SYSTEM_LINK 82-70] Extracting xo v3 file /home/YL_HUANG/4_6/LFADs/_x.hw.xilinx_u50_xdma_201920_1/alveo_hls4ml.xo
INFO: [KernelCheck 83-118] 'alveo_hls4ml' kernel.xml and component.xml caseness discrepency is being corrected, S_AXI_CONTROL is being replaced by s_axi_control
INFO: [KernelCheck 83-118] 'in' kernel.xml and component.xml caseness discrepency is being corrected, S_AXI_CONTROL is being replaced by s_axi_control
INFO: [KernelCheck 83-118] 'out' kernel.xml and component.xml caseness discrepency is being corrected, S_AXI_CONTROL is being replaced by s_axi_control
INFO: [SYSTEM_LINK 82-53] Creating IP database /home/YL_HUANG/4_6/LFADs/build_dir.hw.xilinx_u50_xdma_201920_1/link/sys_link/_sysl/.cdb/xd_ip_db.xml
INFO: [SYSTEM_LINK 82-38] [16:37:41] build_xd_ip_db started: /opt/Xilinx/Vitis/2019.2/bin/build_xd_ip_db -ip_search 0  -sds-pf /home/YL_HUANG/4_6/LFADs/build_dir.hw.xilinx_u50_xdma_201920_1/link/sys_link/xilinx_u50_xdma_201920_1.hpfm -clkid 0 -ip /home/YL_HUANG/4_6/LFADs/build_dir.hw.xilinx_u50_xdma_201920_1/link/sys_link/iprepo/xilinx_com_hls_alveo_hls4ml_1_0,alveo_hls4ml -o /home/YL_HUANG/4_6/LFADs/build_dir.hw.xilinx_u50_xdma_201920_1/link/sys_link/_sysl/.cdb/xd_ip_db.xml
INFO: [SYSTEM_LINK 82-37] [16:37:43] build_xd_ip_db finished successfully
Time (s): cpu = 00:00:02 ; elapsed = 00:00:02 . Memory (MB): peak = 279.750 ; gain = 0.000 ; free physical = 31913 ; free virtual = 111119
INFO: [SYSTEM_LINK 82-51] Create system connectivity graph
INFO: [SYSTEM_LINK 82-102] Applying explicit connections to the system connectivity graph: /home/YL_HUANG/4_6/LFADs/build_dir.hw.xilinx_u50_xdma_201920_1/link/sys_link/cfgraph/cfgen_cfgraph.xml
INFO: [SYSTEM_LINK 82-38] [16:37:43] cfgen started: /opt/Xilinx/Vitis/2019.2/bin/cfgen  -sp alveo_hls4ml_1.in:HBM[0] -sp alveo_hls4ml_1.out:HBM[1] -dmclkid 0 -r /home/YL_HUANG/4_6/LFADs/build_dir.hw.xilinx_u50_xdma_201920_1/link/sys_link/_sysl/.cdb/xd_ip_db.xml -o /home/YL_HUANG/4_6/LFADs/build_dir.hw.xilinx_u50_xdma_201920_1/link/sys_link/cfgraph/cfgen_cfgraph.xml
INFO: [CFGEN 83-0] Kernel Specs: 
INFO: [CFGEN 83-0]   kernel: alveo_hls4ml, num: 1  {alveo_hls4ml_1}
INFO: [CFGEN 83-0] Port Specs: 
INFO: [CFGEN 83-0]   kernel: alveo_hls4ml_1, k_port: in, sptag: HBM[0]
INFO: [CFGEN 83-0]   kernel: alveo_hls4ml_1, k_port: out, sptag: HBM[1]
INFO: [CFGEN 83-2228] Creating mapping for argument alveo_hls4ml_1.in to HBM[0] for directive alveo_hls4ml_1.in:HBM[0]
INFO: [CFGEN 83-2228] Creating mapping for argument alveo_hls4ml_1.out to HBM[1] for directive alveo_hls4ml_1.out:HBM[1]
INFO: [SYSTEM_LINK 82-37] [16:37:45] cfgen finished successfully
Time (s): cpu = 00:00:02 ; elapsed = 00:00:02 . Memory (MB): peak = 287.688 ; gain = 0.000 ; free physical = 31912 ; free virtual = 111118
INFO: [SYSTEM_LINK 82-52] Create top-level block diagram
INFO: [SYSTEM_LINK 82-38] [16:37:45] cf2bd started: /opt/Xilinx/Vitis/2019.2/bin/cf2bd  --linux --trace_buffer 1024 --input_file /home/YL_HUANG/4_6/LFADs/build_dir.hw.xilinx_u50_xdma_201920_1/link/sys_link/cfgraph/cfgen_cfgraph.xml --ip_db /home/YL_HUANG/4_6/LFADs/build_dir.hw.xilinx_u50_xdma_201920_1/link/sys_link/_sysl/.cdb/xd_ip_db.xml --cf_name dr --working_dir /home/YL_HUANG/4_6/LFADs/build_dir.hw.xilinx_u50_xdma_201920_1/link/sys_link/_sysl/.xsd --temp_dir /home/YL_HUANG/4_6/LFADs/build_dir.hw.xilinx_u50_xdma_201920_1/link/sys_link --output_dir /home/YL_HUANG/4_6/LFADs/build_dir.hw.xilinx_u50_xdma_201920_1/link/int --target_bd pfm_dynamic.bd
INFO: [CF2BD 82-31] Launching cf2xd: cf2xd -linux -trace-buffer 1024 -i /home/YL_HUANG/4_6/LFADs/build_dir.hw.xilinx_u50_xdma_201920_1/link/sys_link/cfgraph/cfgen_cfgraph.xml -r /home/YL_HUANG/4_6/LFADs/build_dir.hw.xilinx_u50_xdma_201920_1/link/sys_link/_sysl/.cdb/xd_ip_db.xml -o dr.xml
INFO: [CF2BD 82-28] cf2xd finished successfully
INFO: [CF2BD 82-31] Launching cf_xsd: cf_xsd -disable-address-gen -bd pfm_dynamic.bd -dn dr -dp /home/YL_HUANG/4_6/LFADs/build_dir.hw.xilinx_u50_xdma_201920_1/link/sys_link/_sysl/.xsd
INFO: [CF2BD 82-28] cf_xsd finished successfully
INFO: [SYSTEM_LINK 82-37] [16:37:47] cf2bd finished successfully
Time (s): cpu = 00:00:01 ; elapsed = 00:00:02 . Memory (MB): peak = 287.688 ; gain = 0.000 ; free physical = 31904 ; free virtual = 111115
INFO: [v++ 60-1441] [16:37:47] Run run_link: Step system_link: Completed
Time (s): cpu = 00:00:08 ; elapsed = 00:00:09 . Memory (MB): peak = 691.371 ; gain = 0.000 ; free physical = 31922 ; free virtual = 111132
INFO: [v++ 60-1443] [16:37:47] Run run_link: Step cf2sw: Started
INFO: [v++ 60-1453] Command Line: cf2sw -sdsl /home/YL_HUANG/4_6/LFADs/build_dir.hw.xilinx_u50_xdma_201920_1/link/int/sdsl.dat -rtd /home/YL_HUANG/4_6/LFADs/build_dir.hw.xilinx_u50_xdma_201920_1/link/int/cf2sw.rtd -xclbin /home/YL_HUANG/4_6/LFADs/build_dir.hw.xilinx_u50_xdma_201920_1/link/int/xclbin_orig.xml -o /home/YL_HUANG/4_6/LFADs/build_dir.hw.xilinx_u50_xdma_201920_1/link/int/xclbin_orig.1.xml
INFO: [v++ 60-1454] Run Directory: /home/YL_HUANG/4_6/LFADs/build_dir.hw.xilinx_u50_xdma_201920_1/link/run_link
INFO: [v++ 60-1441] [16:37:48] Run run_link: Step cf2sw: Completed
Time (s): cpu = 00:00:00.76 ; elapsed = 00:00:00.86 . Memory (MB): peak = 691.371 ; gain = 0.000 ; free physical = 31926 ; free virtual = 111136
INFO: [v++ 60-1443] [16:37:48] Run run_link: Step rtd2_system_diagram: Started
INFO: [v++ 60-1453] Command Line: rtd2SystemDiagram --rtdJsonFileName /home/YL_HUANG/4_6/LFADs/build_dir.hw.xilinx_u50_xdma_201920_1/link/int/cf2sw.rtd --diagramJsonFileName /home/YL_HUANG/4_6/LFADs/build_dir.hw.xilinx_u50_xdma_201920_1/link/int/systemDiagramModel.json --platformFilePath /opt/xilinx/platforms/xilinx_u50_xdma_201920_1/xilinx_u50_xdma_201920_1.xpfm --generatedByName v++ --generatedByVersion 2019.2 --generatedByChangeList 2708876 --generatedByTimeStamp Wed Nov  6 21:39:14 MST 2019 --generatedByOptions /opt/Xilinx/Vitis/2019.2/bin/unwrapped/lnx64.o/v++ -t hw --platform xilinx_u50_xdma_201920_1 --save-temps --temp_dir ./build_dir.hw.xilinx_u50_xdma_201920_1 -l -obuild_dir.hw.xilinx_u50_xdma_201920_1/alveo_hls4ml.xclbin _x.hw.xilinx_u50_xdma_201920_1/alveo_hls4ml.xo --config config.ini --kernel_frequency 200  --generatedByXclbinName alveo_hls4ml --kernelInfoDataFileName /home/YL_HUANG/4_6/LFADs/build_dir.hw.xilinx_u50_xdma_201920_1/link/int/kernel_info.dat
INFO: [v++ 60-1454] Run Directory: /home/YL_HUANG/4_6/LFADs/build_dir.hw.xilinx_u50_xdma_201920_1/link/run_link
INFO: [v++ 60-839] Read in kernel information from file '/home/YL_HUANG/4_6/LFADs/build_dir.hw.xilinx_u50_xdma_201920_1/link/int/kernel_info.dat'.
WARNING: [v++ 82-157] Unable to populate kernel available resources BRAM entry.
WARNING: [v++ 82-158] Unable to populate kernel available resources DSP entry.
INFO: [v++ 60-1441] [16:37:50] Run run_link: Step rtd2_system_diagram: Completed
Time (s): cpu = 00:00:02 ; elapsed = 00:00:02 . Memory (MB): peak = 691.371 ; gain = 0.000 ; free physical = 31925 ; free virtual = 111136
INFO: [v++ 60-1443] [16:37:50] Run run_link: Step vpl: Started
INFO: [v++ 60-1453] Command Line: vpl -t hw -f xilinx_u50_xdma_201920_1 --kernel_frequency 200 -s --output_dir /home/YL_HUANG/4_6/LFADs/build_dir.hw.xilinx_u50_xdma_201920_1/link/int --log_dir /home/YL_HUANG/4_6/LFADs/build_dir.hw.xilinx_u50_xdma_201920_1/logs/link --report_dir /home/YL_HUANG/4_6/LFADs/build_dir.hw.xilinx_u50_xdma_201920_1/reports/link --config /home/YL_HUANG/4_6/LFADs/build_dir.hw.xilinx_u50_xdma_201920_1/link/int/vplConfig.ini -k /home/YL_HUANG/4_6/LFADs/build_dir.hw.xilinx_u50_xdma_201920_1/link/int/kernel_info.dat --webtalk_flag Vitis --temp_dir /home/YL_HUANG/4_6/LFADs/build_dir.hw.xilinx_u50_xdma_201920_1/link --no-info --tlog_dir /home/YL_HUANG/4_6/LFADs/build_dir.hw.xilinx_u50_xdma_201920_1/.tlog/v++_link_alveo_hls4ml --iprepo /home/YL_HUANG/4_6/LFADs/build_dir.hw.xilinx_u50_xdma_201920_1/link/int/xo/ip_repo/xilinx_com_hls_alveo_hls4ml_1_0 --messageDb /home/YL_HUANG/4_6/LFADs/build_dir.hw.xilinx_u50_xdma_201920_1/link/run_link/vpl.pb /home/YL_HUANG/4_6/LFADs/build_dir.hw.xilinx_u50_xdma_201920_1/link/int/dr.bd.tcl
INFO: [v++ 60-1454] Run Directory: /home/YL_HUANG/4_6/LFADs/build_dir.hw.xilinx_u50_xdma_201920_1/link/run_link

****** vpl v2019.2 (64-bit)
  **** SW Build 2708876 on Wed Nov  6 21:39:14 MST 2019
    ** Copyright 1986-2019 Xilinx, Inc. All Rights Reserved.

INFO: [VPL 60-839] Read in kernel information from file '/home/YL_HUANG/4_6/LFADs/build_dir.hw.xilinx_u50_xdma_201920_1/link/int/kernel_info.dat'.
INFO: [VPL 60-423]   Target device: xilinx_u50_xdma_201920_1
INFO: [VPL 60-1032] Extracting hardware platform to /home/YL_HUANG/4_6/LFADs/build_dir.hw.xilinx_u50_xdma_201920_1/link/vivado/vpl/.local/hw_platform
[16:38:10] Run vpl: Step create_project: Started
Creating Vivado project.
[16:38:13] Run vpl: Step create_project: Completed
[16:38:13] Run vpl: Step create_bd: Started
[16:39:26] Run vpl: Step create_bd: Completed
[16:39:26] Run vpl: Step update_bd: Started
[16:39:27] Run vpl: Step update_bd: Completed
[16:39:27] Run vpl: Step generate_target: Started
[16:40:15] Run vpl: Step generate_target: Completed
[16:40:15] Run vpl: Step config_hw_runs: Started
[16:40:22] Run vpl: Step config_hw_runs: Completed
[16:40:22] Run vpl: Step synth: Started
[16:40:53] Block-level synthesis in progress, 0 of 58 jobs complete, 8 jobs running.
[16:41:23] Block-level synthesis in progress, 0 of 58 jobs complete, 8 jobs running.
[16:41:54] Block-level synthesis in progress, 0 of 58 jobs complete, 8 jobs running.
[16:42:25] Block-level synthesis in progress, 0 of 58 jobs complete, 8 jobs running.
[16:42:55] Block-level synthesis in progress, 0 of 58 jobs complete, 8 jobs running.
[16:43:26] Block-level synthesis in progress, 6 of 58 jobs complete, 2 jobs running.
[16:43:56] Block-level synthesis in progress, 9 of 58 jobs complete, 6 jobs running.
[16:44:26] Block-level synthesis in progress, 9 of 58 jobs complete, 8 jobs running.
[16:44:57] Block-level synthesis in progress, 9 of 58 jobs complete, 8 jobs running.
[16:45:27] Block-level synthesis in progress, 9 of 58 jobs complete, 8 jobs running.
[16:45:57] Block-level synthesis in progress, 9 of 58 jobs complete, 8 jobs running.
[16:46:28] Block-level synthesis in progress, 11 of 58 jobs complete, 7 jobs running.
[16:46:58] Block-level synthesis in progress, 14 of 58 jobs complete, 6 jobs running.
[16:47:29] Block-level synthesis in progress, 19 of 58 jobs complete, 5 jobs running.
[16:47:59] Block-level synthesis in progress, 19 of 58 jobs complete, 8 jobs running.
[16:48:30] Block-level synthesis in progress, 19 of 58 jobs complete, 8 jobs running.
[16:49:00] Block-level synthesis in progress, 20 of 58 jobs complete, 7 jobs running.
[16:49:30] Block-level synthesis in progress, 20 of 58 jobs complete, 8 jobs running.
[16:50:01] Block-level synthesis in progress, 24 of 58 jobs complete, 5 jobs running.
[16:50:31] Block-level synthesis in progress, 27 of 58 jobs complete, 6 jobs running.
[16:51:02] Block-level synthesis in progress, 29 of 58 jobs complete, 7 jobs running.
[16:51:32] Block-level synthesis in progress, 30 of 58 jobs complete, 7 jobs running.
[16:52:03] Block-level synthesis in progress, 31 of 58 jobs complete, 7 jobs running.
[16:52:33] Block-level synthesis in progress, 32 of 58 jobs complete, 7 jobs running.
[16:53:04] Block-level synthesis in progress, 35 of 58 jobs complete, 6 jobs running.
[16:53:34] Block-level synthesis in progress, 40 of 58 jobs complete, 6 jobs running.
[16:54:04] Block-level synthesis in progress, 40 of 58 jobs complete, 8 jobs running.
[16:54:35] Block-level synthesis in progress, 42 of 58 jobs complete, 7 jobs running.
[16:55:06] Block-level synthesis in progress, 42 of 58 jobs complete, 8 jobs running.
[16:55:36] Block-level synthesis in progress, 43 of 58 jobs complete, 7 jobs running.
[16:56:07] Block-level synthesis in progress, 45 of 58 jobs complete, 6 jobs running.
[16:56:37] Block-level synthesis in progress, 49 of 58 jobs complete, 4 jobs running.
[16:57:08] Block-level synthesis in progress, 50 of 58 jobs complete, 7 jobs running.
[16:57:38] Block-level synthesis in progress, 51 of 58 jobs complete, 6 jobs running.
[16:58:09] Block-level synthesis in progress, 53 of 58 jobs complete, 5 jobs running.
[16:58:39] Block-level synthesis in progress, 53 of 58 jobs complete, 5 jobs running.
[16:59:10] Block-level synthesis in progress, 54 of 58 jobs complete, 4 jobs running.
[16:59:40] Block-level synthesis in progress, 56 of 58 jobs complete, 2 jobs running.
[17:00:11] Block-level synthesis in progress, 57 of 58 jobs complete, 1 job running.
[17:00:42] Block-level synthesis in progress, 57 of 58 jobs complete, 1 job running.
[17:01:12] Block-level synthesis in progress, 57 of 58 jobs complete, 1 job running.
[17:01:43] Block-level synthesis in progress, 57 of 58 jobs complete, 1 job running.
[17:02:13] Block-level synthesis in progress, 57 of 58 jobs complete, 1 job running.
[17:02:44] Block-level synthesis in progress, 57 of 58 jobs complete, 1 job running.
[17:03:15] Block-level synthesis in progress, 57 of 58 jobs complete, 1 job running.
[17:03:45] Block-level synthesis in progress, 57 of 58 jobs complete, 1 job running.
[17:04:16] Block-level synthesis in progress, 57 of 58 jobs complete, 1 job running.
[17:04:46] Block-level synthesis in progress, 57 of 58 jobs complete, 1 job running.
[17:05:17] Block-level synthesis in progress, 57 of 58 jobs complete, 1 job running.
[17:05:48] Block-level synthesis in progress, 57 of 58 jobs complete, 1 job running.
[17:06:18] Block-level synthesis in progress, 57 of 58 jobs complete, 1 job running.
[17:06:49] Block-level synthesis in progress, 57 of 58 jobs complete, 1 job running.
[17:07:19] Block-level synthesis in progress, 57 of 58 jobs complete, 1 job running.
[17:07:50] Block-level synthesis in progress, 57 of 58 jobs complete, 1 job running.
[17:08:21] Block-level synthesis in progress, 57 of 58 jobs complete, 1 job running.
[17:08:51] Block-level synthesis in progress, 57 of 58 jobs complete, 1 job running.
[17:09:22] Block-level synthesis in progress, 57 of 58 jobs complete, 1 job running.
[17:09:52] Block-level synthesis in progress, 57 of 58 jobs complete, 1 job running.
[17:10:23] Block-level synthesis in progress, 57 of 58 jobs complete, 1 job running.
[17:10:54] Block-level synthesis in progress, 57 of 58 jobs complete, 1 job running.
[17:11:24] Block-level synthesis in progress, 57 of 58 jobs complete, 1 job running.
[17:11:55] Block-level synthesis in progress, 57 of 58 jobs complete, 1 job running.
[17:12:26] Block-level synthesis in progress, 57 of 58 jobs complete, 1 job running.
[17:12:56] Block-level synthesis in progress, 57 of 58 jobs complete, 1 job running.
[17:13:27] Block-level synthesis in progress, 57 of 58 jobs complete, 1 job running.
[17:13:58] Block-level synthesis in progress, 57 of 58 jobs complete, 1 job running.
[17:14:28] Block-level synthesis in progress, 57 of 58 jobs complete, 1 job running.
[17:14:59] Block-level synthesis in progress, 58 of 58 jobs complete, 0 jobs running.
[17:15:29] Top-level synthesis in progress.
[17:16:00] Top-level synthesis in progress.
[17:16:31] Top-level synthesis in progress.
[17:17:01] Top-level synthesis in progress.
[17:17:32] Top-level synthesis in progress.
[17:17:45] Run vpl: Step synth: Completed
[17:17:45] Run vpl: Step impl: Started
[17:27:58] Finished 2nd of 6 tasks (FPGA linking synthesized kernels to platform). Elapsed time: 00h 50m 06s 

[17:27:58] Starting logic optimization..
[17:27:58] Phase 1 Generate And Synthesize Debug Cores
[17:30:31] Phase 2 Retarget
[17:30:31] Phase 3 Constant propagation
[17:31:02] Phase 4 Sweep
[17:32:03] Phase 5 BUFG optimization
[17:32:03] Phase 6 Shift Register Optimization
[17:32:33] Phase 7 Post Processing Netlist
[17:33:35] Finished 3rd of 6 tasks (FPGA logic optimization). Elapsed time: 00h 05m 36s 

[17:33:35] Starting logic placement..
[17:34:05] Phase 1 Placer Initialization
[17:34:05] Phase 1.1 Placer Initialization Netlist Sorting
[17:35:37] Phase 1.2 IO Placement/ Clock Placement/ Build Placer Device
[17:36:38] Phase 1.3 Build Placer Netlist Model
[17:38:41] Phase 1.4 Constrain Clocks/Macros
[17:39:11] Phase 2 Global Placement
[17:39:11] Phase 2.1 Floorplanning
[17:40:43] Phase 2.2 Global Placement Core
[17:45:50] Phase 2.2.1 Physical Synthesis In Placer
[17:49:25] Phase 3 Detail Placement
[17:49:25] Phase 3.1 Commit Multi Column Macros
[17:49:55] Phase 3.2 Commit Most Macros & LUTRAMs
[17:49:55] Phase 3.3 Area Swap Optimization
[17:50:26] Phase 3.4 Pipeline Register Optimization
[17:50:26] Phase 3.5 IO Cut Optimizer
[17:50:26] Phase 3.6 Fast Optimization
[17:50:57] Phase 3.7 Small Shape DP
[17:50:57] Phase 3.7.1 Small Shape Clustering
[17:51:28] Phase 3.7.2 Flow Legalize Slice Clusters
[17:51:28] Phase 3.7.3 Slice Area Swap
[17:51:58] Phase 3.7.4 Commit Slice Clusters
[17:52:29] Phase 3.8 Place Remaining
[17:52:29] Phase 3.9 Re-assign LUT pins
[17:53:00] Phase 3.10 Pipeline Register Optimization
[17:53:00] Phase 3.11 Fast Optimization
[17:54:01] Phase 4 Post Placement Optimization and Clean-Up
[17:54:01] Phase 4.1 Post Commit Optimization
[17:55:03] Phase 4.1.1 Post Placement Optimization
[17:55:03] Phase 4.1.1.1 BUFG Insertion
[17:56:04] Phase 4.1.1.2 BUFG Replication
[17:56:35] Phase 4.1.1.3 Replication
[17:57:05] Phase 4.2 Post Placement Cleanup
[17:58:07] Phase 4.3 Placer Reporting
[17:58:07] Phase 4.4 Final Placement Cleanup
[18:02:43] Finished 4th of 6 tasks (FPGA logic placement). Elapsed time: 00h 29m 08s 

[18:02:43] Starting logic routing..
[18:03:44] Phase 1 Build RT Design
[18:05:47] Phase 2 Router Initialization
[18:05:47] Phase 2.1 Fix Topology Constraints
[18:05:47] Phase 2.2 Pre Route Cleanup
[18:06:18] Phase 2.3 Global Clock Net Routing
[18:06:18] Phase 2.4 Update Timing
[18:08:21] Phase 2.5 Update Timing for Bus Skew
[18:08:21] Phase 2.5.1 Update Timing
[18:09:22] Phase 3 Initial Routing
[18:10:54] Phase 4 Rip-up And Reroute
[18:10:54] Phase 4.1 Global Iteration 0
[18:16:01] Phase 4.2 Global Iteration 1
[18:17:33] Phase 4.3 Global Iteration 2
[18:19:36] Phase 5 Delay and Skew Optimization
[18:19:36] Phase 5.1 Delay CleanUp
[18:19:36] Phase 5.1.1 Update Timing
[18:20:37] Phase 5.2 Clock Skew Optimization
[18:20:37] Phase 6 Post Hold Fix
[18:20:37] Phase 6.1 Hold Fix Iter
[18:20:37] Phase 6.1.1 Update Timing
[18:21:39] Phase 7 Leaf Clock Prog Delay Opt
[18:22:09] Phase 8 Route finalize
[18:22:40] Phase 9 Verifying routed nets
[18:22:40] Phase 10 Depositing Routes
[18:23:11] Phase 11 Post Router Timing
[18:23:11] Finished 5th of 6 tasks (FPGA routing). Elapsed time: 00h 20m 27s 

[18:23:11] Starting bitstream generation..
[18:31:22] Creating bitmap...
[18:37:00] Writing bitstream ./pfm_top_i_L1_L1_URP_my_rm_partial.bit...
[18:37:00] Finished 6th of 6 tasks (FPGA bitstream generation). Elapsed time: 00h 13m 49s 
[18:37:29] Run vpl: Step impl: Completed
[18:37:30] Run vpl: FINISHED. Run Status: impl Complete!
INFO: [v++ 60-1441] [18:37:30] Run run_link: Step vpl: Completed
Time (s): cpu = 01:21:05 ; elapsed = 01:59:40 . Memory (MB): peak = 691.371 ; gain = 0.000 ; free physical = 34001 ; free virtual = 115850
INFO: [v++ 60-1443] [18:37:30] Run run_link: Step rtdgen: Started
INFO: [v++ 60-1453] Command Line: rtdgen
INFO: [v++ 60-1454] Run Directory: /home/YL_HUANG/4_6/LFADs/build_dir.hw.xilinx_u50_xdma_201920_1/link/run_link
INFO: [v++ 60-991] clock name 'clkwiz_kernel2_clk_out1' (clock ID '1') is being mapped to clock name 'KERNEL_CLK' in the xclbin
INFO: [v++ 60-991] clock name 'clkwiz_kernel_clk_out1' (clock ID '0') is being mapped to clock name 'DATA_CLK' in the xclbin
INFO: [v++ 60-1230] The compiler selected the following frequencies for the runtime controllable kernel clock(s) and scalable system clock(s): Kernel (KERNEL) clock: clkwiz_kernel2_clk_out1 = 500, Kernel (DATA) clock: clkwiz_kernel_clk_out1 = 200
INFO: [v++ 60-1453] Command Line: cf2sw -a /home/YL_HUANG/4_6/LFADs/build_dir.hw.xilinx_u50_xdma_201920_1/link/int/address_map.xml -sdsl /home/YL_HUANG/4_6/LFADs/build_dir.hw.xilinx_u50_xdma_201920_1/link/int/sdsl.dat -xclbin /home/YL_HUANG/4_6/LFADs/build_dir.hw.xilinx_u50_xdma_201920_1/link/int/xclbin_orig.xml -rtd /home/YL_HUANG/4_6/LFADs/build_dir.hw.xilinx_u50_xdma_201920_1/link/int/alveo_hls4ml.rtd -o /home/YL_HUANG/4_6/LFADs/build_dir.hw.xilinx_u50_xdma_201920_1/link/int/alveo_hls4ml.xml
INFO: [v++ 60-1618] Launching 
INFO: [v++ 60-1441] [18:37:32] Run run_link: Step rtdgen: Completed
Time (s): cpu = 00:00:02 ; elapsed = 00:00:02 . Memory (MB): peak = 691.371 ; gain = 0.000 ; free physical = 34001 ; free virtual = 115850
INFO: [v++ 60-1443] [18:37:32] Run run_link: Step xclbinutil: Started
INFO: [v++ 60-1453] Command Line: xclbinutil --add-section BITSTREAM:RAW:/home/YL_HUANG/4_6/LFADs/build_dir.hw.xilinx_u50_xdma_201920_1/link/int/partial.bit --force --key-value SYS:mode:hw_pr --add-section :JSON:/home/YL_HUANG/4_6/LFADs/build_dir.hw.xilinx_u50_xdma_201920_1/link/int/alveo_hls4ml.rtd --append-section :JSON:/home/YL_HUANG/4_6/LFADs/build_dir.hw.xilinx_u50_xdma_201920_1/link/int/appendSection.rtd --add-section CLOCK_FREQ_TOPOLOGY:JSON:/home/YL_HUANG/4_6/LFADs/build_dir.hw.xilinx_u50_xdma_201920_1/link/int/alveo_hls4ml_xml.rtd --add-section BUILD_METADATA:JSON:/home/YL_HUANG/4_6/LFADs/build_dir.hw.xilinx_u50_xdma_201920_1/link/int/alveo_hls4ml_build.rtd --add-section EMBEDDED_METADATA:RAW:/home/YL_HUANG/4_6/LFADs/build_dir.hw.xilinx_u50_xdma_201920_1/link/int/alveo_hls4ml.xml --add-section SYSTEM_METADATA:RAW:/home/YL_HUANG/4_6/LFADs/build_dir.hw.xilinx_u50_xdma_201920_1/link/int/systemDiagramModelSlrBaseAddress.json --output /home/YL_HUANG/4_6/LFADs/build_dir.hw.xilinx_u50_xdma_201920_1/link/int/alveo_hls4ml.xclbin
INFO: [v++ 60-1454] Run Directory: /home/YL_HUANG/4_6/LFADs/build_dir.hw.xilinx_u50_xdma_201920_1/link/run_link
XRT Build Version: 2.3.1301
       Build Date: 2019-10-25 03:04:42
          Hash ID: 192e706aea53163a04c574f9b3fe9ed76b6ca471
Creating a default 'in-memory' xclbin image.

Section: 'BITSTREAM'(0) was successfully added.
Size   : 39179210 bytes
Format : RAW
File   : '/home/YL_HUANG/4_6/LFADs/build_dir.hw.xilinx_u50_xdma_201920_1/link/int/partial.bit'

Section: 'MEM_TOPOLOGY'(6) was successfully added.
Format : JSON
File   : 'mem_topology'

Section: 'IP_LAYOUT'(8) was successfully added.
Format : JSON
File   : 'ip_layout'

Section: 'CONNECTIVITY'(7) was successfully added.
Format : JSON
File   : 'connectivity'

Section: 'CLOCK_FREQ_TOPOLOGY'(11) was successfully added.
Size   : 274 bytes
Format : JSON
File   : '/home/YL_HUANG/4_6/LFADs/build_dir.hw.xilinx_u50_xdma_201920_1/link/int/alveo_hls4ml_xml.rtd'

Section: 'BUILD_METADATA'(14) was successfully added.
Size   : 2813 bytes
Format : JSON
File   : '/home/YL_HUANG/4_6/LFADs/build_dir.hw.xilinx_u50_xdma_201920_1/link/int/alveo_hls4ml_build.rtd'

Section: 'EMBEDDED_METADATA'(2) was successfully added.
Size   : 106573 bytes
Format : RAW
File   : '/home/YL_HUANG/4_6/LFADs/build_dir.hw.xilinx_u50_xdma_201920_1/link/int/alveo_hls4ml.xml'

Section: 'SYSTEM_METADATA'(22) was successfully added.
Size   : 10401 bytes
Format : RAW
File   : '/home/YL_HUANG/4_6/LFADs/build_dir.hw.xilinx_u50_xdma_201920_1/link/int/systemDiagramModelSlrBaseAddress.json'

Section: 'IP_LAYOUT'(8) was successfully appended to.
Format : JSON
File   : 'ip_layout'
Successfully wrote (39316252 bytes) to the output file: /home/YL_HUANG/4_6/LFADs/build_dir.hw.xilinx_u50_xdma_201920_1/link/int/alveo_hls4ml.xclbin
Leaving xclbinutil.
INFO: [v++ 60-1441] [18:37:32] Run run_link: Step xclbinutil: Completed
Time (s): cpu = 00:00:00.01 ; elapsed = 00:00:00.05 . Memory (MB): peak = 691.371 ; gain = 0.000 ; free physical = 33964 ; free virtual = 115850
INFO: [v++ 60-1443] [18:37:32] Run run_link: Step xclbinutilinfo: Started
INFO: [v++ 60-1453] Command Line: xclbinutil --quiet --info /home/YL_HUANG/4_6/LFADs/build_dir.hw.xilinx_u50_xdma_201920_1/link/int/alveo_hls4ml.xclbin.info --input /home/YL_HUANG/4_6/LFADs/build_dir.hw.xilinx_u50_xdma_201920_1/link/int/alveo_hls4ml.xclbin
INFO: [v++ 60-1454] Run Directory: /home/YL_HUANG/4_6/LFADs/build_dir.hw.xilinx_u50_xdma_201920_1/link/run_link
INFO: [v++ 60-1441] [18:37:32] Run run_link: Step xclbinutilinfo: Completed
Time (s): cpu = 00:00:00.28 ; elapsed = 00:00:00.32 . Memory (MB): peak = 691.371 ; gain = 0.000 ; free physical = 33964 ; free virtual = 115851
INFO: [v++ 60-244] Generating system estimate report...
INFO: [v++ 60-1092] Generated system estimate report: /home/YL_HUANG/4_6/LFADs/build_dir.hw.xilinx_u50_xdma_201920_1/reports/link/system_estimate_alveo_hls4ml.xtxt
INFO: [v++ 60-586] Created /home/YL_HUANG/4_6/LFADs/build_dir.hw.xilinx_u50_xdma_201920_1/alveo_hls4ml.ltx
INFO: [v++ 60-586] Created build_dir.hw.xilinx_u50_xdma_201920_1/alveo_hls4ml.xclbin
INFO: [v++ 60-1307] Run completed. Additional information can be found in:
	Guidance: /home/YL_HUANG/4_6/LFADs/build_dir.hw.xilinx_u50_xdma_201920_1/reports/link/v++_link_alveo_hls4ml_guidance.html
	Timing Report: /home/YL_HUANG/4_6/LFADs/build_dir.hw.xilinx_u50_xdma_201920_1/reports/link/imp/xilinx_u50_xdma_201920_1_bb_locked_timing_summary_routed.rpt
	Utilizations Report: /home/YL_HUANG/4_6/LFADs/build_dir.hw.xilinx_u50_xdma_201920_1/reports/link/imp/kernel_util_routed.rpt
	Vivado Log: /home/YL_HUANG/4_6/LFADs/build_dir.hw.xilinx_u50_xdma_201920_1/logs/link/vivado.log
	Steps Log File: /home/YL_HUANG/4_6/LFADs/build_dir.hw.xilinx_u50_xdma_201920_1/logs/link/link.steps.log

INFO: [v++ 60-791] Total elapsed time: 2h 0m 2s
