

================================================================
== Vitis HLS Report for 'dense_resource_ap_fixed_ap_fixed_16_6_5_3_0_config27_mult_s'
================================================================
* Date:           Tue Dec 19 04:25:24 2023

* Version:        2022.2 (Build 3670227 on Oct 13 2022)
* Project:        alveo_hls4ml
* Solution:       solution (Vitis Kernel Flow Target)
* Product family: virtexuplus
* Target device:  xcu55c-fsvh2892-2L-e


================================================================
== Performance Estimates
================================================================
+ Timing: 
    * Summary: 
    +--------+---------+----------+------------+
    |  Clock |  Target | Estimated| Uncertainty|
    +--------+---------+----------+------------+
    |ap_clk  |  4.00 ns|  1.762 ns|     1.08 ns|
    +--------+---------+----------+------------+

+ Latency: 
    * Summary: 
    +---------+---------+-----------+-----------+-----+-----+------------------------------------------+
    |  Latency (cycles) |   Latency (absolute)  |  Interval |                 Pipeline                 |
    |   min   |   max   |    min    |    max    | min | max |                   Type                   |
    +---------+---------+-----------+-----------+-----+-----+------------------------------------------+
    |        6|        7|  24.000 ns|  28.000 ns|    4|    4|  loop rewind stp(delay=0 clock cycles(s))|
    +---------+---------+-----------+-----------+-----+-----+------------------------------------------+

    + Detail: 
        * Instance: 
        N/A

        * Loop: 
        +-------------+---------+---------+----------+-----------+-----------+------+----------+
        |             |  Latency (cycles) | Iteration|  Initiation Interval  | Trip |          |
        |  Loop Name  |   min   |   max   |  Latency |  achieved |   target  | Count| Pipelined|
        +-------------+---------+---------+----------+-----------+-----------+------+----------+
        |- ReuseLoop  |        6|        6|         4|          1|          1|     4|       yes|
        +-------------+---------+---------+----------+-----------+-----------+------+----------+



================================================================
== Utilization Estimates
================================================================
* Summary: 
+---------------------+---------+------+---------+---------+-----+
|         Name        | BRAM_18K|  DSP |    FF   |   LUT   | URAM|
+---------------------+---------+------+---------+---------+-----+
|DSP                  |        -|    70|        -|        -|    -|
|Expression           |        -|     -|        0|     1631|    -|
|FIFO                 |        -|     -|        -|        -|    -|
|Instance             |        -|     -|        0|     1420|    -|
|Memory               |        -|     -|        -|        -|    -|
|Multiplexer          |        -|     -|        -|     2057|    -|
|Register             |        -|     -|     2385|       32|    -|
+---------------------+---------+------+---------+---------+-----+
|Total                |        0|    70|     2385|     5140|    0|
+---------------------+---------+------+---------+---------+-----+
|Available SLR        |     1344|  3008|   869120|   434560|  320|
+---------------------+---------+------+---------+---------+-----+
|Utilization SLR (%)  |        0|     2|       ~0|        1|    0|
+---------------------+---------+------+---------+---------+-----+
|Available            |     4032|  9024|  2607360|  1303680|  960|
+---------------------+---------+------+---------+---------+-----+
|Utilization (%)      |        0|    ~0|       ~0|       ~0|    0|
+---------------------+---------+------+---------+---------+-----+

+ Detail: 
    * Instance: 
    +---------------------+---------------+---------+----+---+----+-----+
    |       Instance      |     Module    | BRAM_18K| DSP| FF| LUT| URAM|
    +---------------------+---------------+---------+----+---+----+-----+
    |mux_42_16_1_1_U6667  |mux_42_16_1_1  |        0|   0|  0|  20|    0|
    |mux_42_16_1_1_U6668  |mux_42_16_1_1  |        0|   0|  0|  20|    0|
    |mux_42_16_1_1_U6669  |mux_42_16_1_1  |        0|   0|  0|  20|    0|
    |mux_42_16_1_1_U6670  |mux_42_16_1_1  |        0|   0|  0|  20|    0|
    |mux_42_16_1_1_U6671  |mux_42_16_1_1  |        0|   0|  0|  20|    0|
    |mux_42_16_1_1_U6672  |mux_42_16_1_1  |        0|   0|  0|  20|    0|
    |mux_42_16_1_1_U6673  |mux_42_16_1_1  |        0|   0|  0|  20|    0|
    |mux_42_16_1_1_U6674  |mux_42_16_1_1  |        0|   0|  0|  20|    0|
    |mux_42_16_1_1_U6675  |mux_42_16_1_1  |        0|   0|  0|  20|    0|
    |mux_42_16_1_1_U6676  |mux_42_16_1_1  |        0|   0|  0|  20|    0|
    |mux_42_16_1_1_U6677  |mux_42_16_1_1  |        0|   0|  0|  20|    0|
    |mux_42_16_1_1_U6678  |mux_42_16_1_1  |        0|   0|  0|  20|    0|
    |mux_42_16_1_1_U6679  |mux_42_16_1_1  |        0|   0|  0|  20|    0|
    |mux_42_16_1_1_U6680  |mux_42_16_1_1  |        0|   0|  0|  20|    0|
    |mux_42_16_1_1_U6681  |mux_42_16_1_1  |        0|   0|  0|  20|    0|
    |mux_42_16_1_1_U6682  |mux_42_16_1_1  |        0|   0|  0|  20|    0|
    |mux_42_16_1_1_U6683  |mux_42_16_1_1  |        0|   0|  0|  20|    0|
    |mux_42_16_1_1_U6684  |mux_42_16_1_1  |        0|   0|  0|  20|    0|
    |mux_42_16_1_1_U6685  |mux_42_16_1_1  |        0|   0|  0|  20|    0|
    |mux_42_16_1_1_U6686  |mux_42_16_1_1  |        0|   0|  0|  20|    0|
    |mux_42_16_1_1_U6687  |mux_42_16_1_1  |        0|   0|  0|  20|    0|
    |mux_42_16_1_1_U6688  |mux_42_16_1_1  |        0|   0|  0|  20|    0|
    |mux_42_16_1_1_U6689  |mux_42_16_1_1  |        0|   0|  0|  20|    0|
    |mux_42_16_1_1_U6690  |mux_42_16_1_1  |        0|   0|  0|  20|    0|
    |mux_42_16_1_1_U6691  |mux_42_16_1_1  |        0|   0|  0|  20|    0|
    |mux_42_16_1_1_U6692  |mux_42_16_1_1  |        0|   0|  0|  20|    0|
    |mux_42_16_1_1_U6693  |mux_42_16_1_1  |        0|   0|  0|  20|    0|
    |mux_42_16_1_1_U6694  |mux_42_16_1_1  |        0|   0|  0|  20|    0|
    |mux_42_16_1_1_U6695  |mux_42_16_1_1  |        0|   0|  0|  20|    0|
    |mux_42_16_1_1_U6696  |mux_42_16_1_1  |        0|   0|  0|  20|    0|
    |mux_42_16_1_1_U6697  |mux_42_16_1_1  |        0|   0|  0|  20|    0|
    |mux_42_16_1_1_U6698  |mux_42_16_1_1  |        0|   0|  0|  20|    0|
    |mux_42_16_1_1_U6699  |mux_42_16_1_1  |        0|   0|  0|  20|    0|
    |mux_42_16_1_1_U6700  |mux_42_16_1_1  |        0|   0|  0|  20|    0|
    |mux_42_16_1_1_U6701  |mux_42_16_1_1  |        0|   0|  0|  20|    0|
    |mux_42_16_1_1_U6702  |mux_42_16_1_1  |        0|   0|  0|  20|    0|
    |mux_42_16_1_1_U6703  |mux_42_16_1_1  |        0|   0|  0|  20|    0|
    |mux_42_16_1_1_U6704  |mux_42_16_1_1  |        0|   0|  0|  20|    0|
    |mux_42_16_1_1_U6705  |mux_42_16_1_1  |        0|   0|  0|  20|    0|
    |mux_42_16_1_1_U6706  |mux_42_16_1_1  |        0|   0|  0|  20|    0|
    |mux_42_16_1_1_U6707  |mux_42_16_1_1  |        0|   0|  0|  20|    0|
    |mux_42_16_1_1_U6708  |mux_42_16_1_1  |        0|   0|  0|  20|    0|
    |mux_42_16_1_1_U6709  |mux_42_16_1_1  |        0|   0|  0|  20|    0|
    |mux_42_16_1_1_U6710  |mux_42_16_1_1  |        0|   0|  0|  20|    0|
    |mux_42_16_1_1_U6711  |mux_42_16_1_1  |        0|   0|  0|  20|    0|
    |mux_42_16_1_1_U6712  |mux_42_16_1_1  |        0|   0|  0|  20|    0|
    |mux_42_16_1_1_U6713  |mux_42_16_1_1  |        0|   0|  0|  20|    0|
    |mux_42_16_1_1_U6714  |mux_42_16_1_1  |        0|   0|  0|  20|    0|
    |mux_42_16_1_1_U6715  |mux_42_16_1_1  |        0|   0|  0|  20|    0|
    |mux_42_16_1_1_U6716  |mux_42_16_1_1  |        0|   0|  0|  20|    0|
    |mux_42_16_1_1_U6717  |mux_42_16_1_1  |        0|   0|  0|  20|    0|
    |mux_42_16_1_1_U6718  |mux_42_16_1_1  |        0|   0|  0|  20|    0|
    |mux_42_16_1_1_U6719  |mux_42_16_1_1  |        0|   0|  0|  20|    0|
    |mux_42_16_1_1_U6720  |mux_42_16_1_1  |        0|   0|  0|  20|    0|
    |mux_42_16_1_1_U6721  |mux_42_16_1_1  |        0|   0|  0|  20|    0|
    |mux_42_16_1_1_U6722  |mux_42_16_1_1  |        0|   0|  0|  20|    0|
    |mux_42_16_1_1_U6723  |mux_42_16_1_1  |        0|   0|  0|  20|    0|
    |mux_42_16_1_1_U6724  |mux_42_16_1_1  |        0|   0|  0|  20|    0|
    |mux_42_16_1_1_U6725  |mux_42_16_1_1  |        0|   0|  0|  20|    0|
    |mux_42_16_1_1_U6726  |mux_42_16_1_1  |        0|   0|  0|  20|    0|
    |mux_42_16_1_1_U6727  |mux_42_16_1_1  |        0|   0|  0|  20|    0|
    |mux_42_16_1_1_U6728  |mux_42_16_1_1  |        0|   0|  0|  20|    0|
    |mux_42_16_1_1_U6729  |mux_42_16_1_1  |        0|   0|  0|  20|    0|
    |mux_42_16_1_1_U6730  |mux_42_16_1_1  |        0|   0|  0|  20|    0|
    |mux_42_16_1_1_U6731  |mux_42_16_1_1  |        0|   0|  0|  20|    0|
    |mux_42_16_1_1_U6732  |mux_42_16_1_1  |        0|   0|  0|  20|    0|
    |mux_42_16_1_1_U6733  |mux_42_16_1_1  |        0|   0|  0|  20|    0|
    |mux_42_16_1_1_U6734  |mux_42_16_1_1  |        0|   0|  0|  20|    0|
    |mux_42_16_1_1_U6735  |mux_42_16_1_1  |        0|   0|  0|  20|    0|
    |mux_42_16_1_1_U6736  |mux_42_16_1_1  |        0|   0|  0|  20|    0|
    |mux_42_16_1_1_U6737  |mux_42_16_1_1  |        0|   0|  0|  20|    0|
    +---------------------+---------------+---------+----+---+----+-----+
    |Total                |               |        0|   0|  0|1420|    0|
    +---------------------+---------------+---------+----+---+----+-----+

    * DSP: 
    +------------------------------+------------------------+-----------+
    |           Instance           |         Module         | Expression|
    +------------------------------+------------------------+-----------+
    |mul_mul_16s_16s_32_4_1_U6738  |mul_mul_16s_16s_32_4_1  |    i0 * i1|
    |mul_mul_16s_16s_32_4_1_U6739  |mul_mul_16s_16s_32_4_1  |    i0 * i1|
    |mul_mul_16s_16s_32_4_1_U6740  |mul_mul_16s_16s_32_4_1  |    i0 * i1|
    |mul_mul_16s_16s_32_4_1_U6741  |mul_mul_16s_16s_32_4_1  |    i0 * i1|
    |mul_mul_16s_16s_32_4_1_U6742  |mul_mul_16s_16s_32_4_1  |    i0 * i1|
    |mul_mul_16s_16s_32_4_1_U6743  |mul_mul_16s_16s_32_4_1  |    i0 * i1|
    |mul_mul_16s_16s_32_4_1_U6744  |mul_mul_16s_16s_32_4_1  |    i0 * i1|
    |mul_mul_16s_16s_32_4_1_U6745  |mul_mul_16s_16s_32_4_1  |    i0 * i1|
    |mul_mul_16s_16s_32_4_1_U6746  |mul_mul_16s_16s_32_4_1  |    i0 * i1|
    |mul_mul_16s_16s_32_4_1_U6747  |mul_mul_16s_16s_32_4_1  |    i0 * i1|
    |mul_mul_16s_16s_32_4_1_U6748  |mul_mul_16s_16s_32_4_1  |    i0 * i1|
    |mul_mul_16s_16s_32_4_1_U6749  |mul_mul_16s_16s_32_4_1  |    i0 * i1|
    |mul_mul_16s_16s_32_4_1_U6750  |mul_mul_16s_16s_32_4_1  |    i0 * i1|
    |mul_mul_16s_16s_32_4_1_U6751  |mul_mul_16s_16s_32_4_1  |    i0 * i1|
    |mul_mul_16s_16s_32_4_1_U6752  |mul_mul_16s_16s_32_4_1  |    i0 * i1|
    |mul_mul_16s_16s_32_4_1_U6753  |mul_mul_16s_16s_32_4_1  |    i0 * i1|
    |mul_mul_16s_16s_32_4_1_U6754  |mul_mul_16s_16s_32_4_1  |    i0 * i1|
    |mul_mul_16s_16s_32_4_1_U6755  |mul_mul_16s_16s_32_4_1  |    i0 * i1|
    |mul_mul_16s_16s_32_4_1_U6756  |mul_mul_16s_16s_32_4_1  |    i0 * i1|
    |mul_mul_16s_16s_32_4_1_U6757  |mul_mul_16s_16s_32_4_1  |    i0 * i1|
    |mul_mul_16s_16s_32_4_1_U6758  |mul_mul_16s_16s_32_4_1  |    i0 * i1|
    |mul_mul_16s_16s_32_4_1_U6759  |mul_mul_16s_16s_32_4_1  |    i0 * i1|
    |mul_mul_16s_16s_32_4_1_U6760  |mul_mul_16s_16s_32_4_1  |    i0 * i1|
    |mul_mul_16s_16s_32_4_1_U6761  |mul_mul_16s_16s_32_4_1  |    i0 * i1|
    |mul_mul_16s_16s_32_4_1_U6762  |mul_mul_16s_16s_32_4_1  |    i0 * i1|
    |mul_mul_16s_16s_32_4_1_U6763  |mul_mul_16s_16s_32_4_1  |    i0 * i1|
    |mul_mul_16s_16s_32_4_1_U6764  |mul_mul_16s_16s_32_4_1  |    i0 * i1|
    |mul_mul_16s_16s_32_4_1_U6765  |mul_mul_16s_16s_32_4_1  |    i0 * i1|
    |mul_mul_16s_16s_32_4_1_U6766  |mul_mul_16s_16s_32_4_1  |    i0 * i1|
    |mul_mul_16s_16s_32_4_1_U6767  |mul_mul_16s_16s_32_4_1  |    i0 * i1|
    |mul_mul_16s_16s_32_4_1_U6768  |mul_mul_16s_16s_32_4_1  |    i0 * i1|
    |mul_mul_16s_16s_32_4_1_U6769  |mul_mul_16s_16s_32_4_1  |    i0 * i1|
    |mul_mul_16s_16s_32_4_1_U6770  |mul_mul_16s_16s_32_4_1  |    i0 * i1|
    |mul_mul_16s_16s_32_4_1_U6771  |mul_mul_16s_16s_32_4_1  |    i0 * i1|
    |mul_mul_16s_16s_32_4_1_U6772  |mul_mul_16s_16s_32_4_1  |    i0 * i1|
    |mul_mul_16s_16s_32_4_1_U6773  |mul_mul_16s_16s_32_4_1  |    i0 * i1|
    |mul_mul_16s_16s_32_4_1_U6774  |mul_mul_16s_16s_32_4_1  |    i0 * i1|
    |mul_mul_16s_16s_32_4_1_U6775  |mul_mul_16s_16s_32_4_1  |    i0 * i1|
    |mul_mul_16s_16s_32_4_1_U6776  |mul_mul_16s_16s_32_4_1  |    i0 * i1|
    |mul_mul_16s_16s_32_4_1_U6777  |mul_mul_16s_16s_32_4_1  |    i0 * i1|
    |mul_mul_16s_16s_32_4_1_U6778  |mul_mul_16s_16s_32_4_1  |    i0 * i1|
    |mul_mul_16s_16s_32_4_1_U6779  |mul_mul_16s_16s_32_4_1  |    i0 * i1|
    |mul_mul_16s_16s_32_4_1_U6780  |mul_mul_16s_16s_32_4_1  |    i0 * i1|
    |mul_mul_16s_16s_32_4_1_U6781  |mul_mul_16s_16s_32_4_1  |    i0 * i1|
    |mul_mul_16s_16s_32_4_1_U6782  |mul_mul_16s_16s_32_4_1  |    i0 * i1|
    |mul_mul_16s_16s_32_4_1_U6783  |mul_mul_16s_16s_32_4_1  |    i0 * i1|
    |mul_mul_16s_16s_32_4_1_U6784  |mul_mul_16s_16s_32_4_1  |    i0 * i1|
    |mul_mul_16s_16s_32_4_1_U6785  |mul_mul_16s_16s_32_4_1  |    i0 * i1|
    |mul_mul_16s_16s_32_4_1_U6786  |mul_mul_16s_16s_32_4_1  |    i0 * i1|
    |mul_mul_16s_16s_32_4_1_U6787  |mul_mul_16s_16s_32_4_1  |    i0 * i1|
    |mul_mul_16s_16s_32_4_1_U6788  |mul_mul_16s_16s_32_4_1  |    i0 * i1|
    |mul_mul_16s_16s_32_4_1_U6789  |mul_mul_16s_16s_32_4_1  |    i0 * i1|
    |mul_mul_16s_16s_32_4_1_U6790  |mul_mul_16s_16s_32_4_1  |    i0 * i1|
    |mul_mul_16s_16s_32_4_1_U6791  |mul_mul_16s_16s_32_4_1  |    i0 * i1|
    |mul_mul_16s_16s_32_4_1_U6792  |mul_mul_16s_16s_32_4_1  |    i0 * i1|
    |mul_mul_16s_16s_32_4_1_U6793  |mul_mul_16s_16s_32_4_1  |    i0 * i1|
    |mul_mul_16s_16s_32_4_1_U6794  |mul_mul_16s_16s_32_4_1  |    i0 * i1|
    |mul_mul_16s_16s_32_4_1_U6795  |mul_mul_16s_16s_32_4_1  |    i0 * i1|
    |mul_mul_16s_16s_32_4_1_U6796  |mul_mul_16s_16s_32_4_1  |    i0 * i1|
    |mul_mul_16s_16s_32_4_1_U6797  |mul_mul_16s_16s_32_4_1  |    i0 * i1|
    |mul_mul_16s_16s_32_4_1_U6798  |mul_mul_16s_16s_32_4_1  |    i0 * i1|
    |mul_mul_16s_16s_32_4_1_U6799  |mul_mul_16s_16s_32_4_1  |    i0 * i1|
    |mul_mul_16s_16s_32_4_1_U6800  |mul_mul_16s_16s_32_4_1  |    i0 * i1|
    |mul_mul_16s_16s_32_4_1_U6801  |mul_mul_16s_16s_32_4_1  |    i0 * i1|
    |mul_mul_16s_16s_32_4_1_U6802  |mul_mul_16s_16s_32_4_1  |    i0 * i1|
    |mul_mul_16s_16s_32_4_1_U6803  |mul_mul_16s_16s_32_4_1  |    i0 * i1|
    |mul_mul_16s_16s_32_4_1_U6804  |mul_mul_16s_16s_32_4_1  |    i0 * i1|
    |mul_mul_16s_16s_32_4_1_U6805  |mul_mul_16s_16s_32_4_1  |    i0 * i1|
    |mul_mul_16s_16s_32_4_1_U6806  |mul_mul_16s_16s_32_4_1  |    i0 * i1|
    |mul_mul_16s_16s_32_4_1_U6807  |mul_mul_16s_16s_32_4_1  |    i0 * i1|
    +------------------------------+------------------------+-----------+

    * Memory: 
    N/A

    * FIFO: 
    N/A

    * Expression: 
    +----------------------+----------+----+---+----+------------+------------+
    |     Variable Name    | Operation| DSP| FF| LUT| Bitwidth P0| Bitwidth P1|
    +----------------------+----------+----+---+----+------------+------------+
    |w_index_fu_3132_p2    |         +|   0|  0|   9|           2|           1|
    |x_V_891_fu_3176_p2    |         +|   0|  0|  23|          16|          16|
    |x_V_892_fu_3195_p2    |         +|   0|  0|  23|          16|          16|
    |x_V_893_fu_3214_p2    |         +|   0|  0|  23|          16|          16|
    |x_V_894_fu_3233_p2    |         +|   0|  0|  23|          16|          16|
    |x_V_895_fu_3252_p2    |         +|   0|  0|  23|          16|          16|
    |x_V_896_fu_3271_p2    |         +|   0|  0|  23|          16|          16|
    |x_V_897_fu_3290_p2    |         +|   0|  0|  23|          16|          16|
    |x_V_898_fu_3309_p2    |         +|   0|  0|  23|          16|          16|
    |x_V_899_fu_3328_p2    |         +|   0|  0|  23|          16|          16|
    |x_V_900_fu_3347_p2    |         +|   0|  0|  23|          16|          16|
    |x_V_901_fu_3366_p2    |         +|   0|  0|  23|          16|          16|
    |x_V_902_fu_3385_p2    |         +|   0|  0|  23|          16|          16|
    |x_V_903_fu_3404_p2    |         +|   0|  0|  23|          16|          16|
    |x_V_904_fu_3423_p2    |         +|   0|  0|  23|          16|          16|
    |x_V_905_fu_3442_p2    |         +|   0|  0|  23|          16|          16|
    |x_V_906_fu_3461_p2    |         +|   0|  0|  23|          16|          16|
    |x_V_907_fu_3480_p2    |         +|   0|  0|  23|          16|          16|
    |x_V_908_fu_3499_p2    |         +|   0|  0|  23|          16|          16|
    |x_V_909_fu_3518_p2    |         +|   0|  0|  23|          16|          16|
    |x_V_910_fu_3537_p2    |         +|   0|  0|  23|          16|          16|
    |x_V_911_fu_3556_p2    |         +|   0|  0|  23|          16|          16|
    |x_V_912_fu_3575_p2    |         +|   0|  0|  23|          16|          16|
    |x_V_913_fu_3594_p2    |         +|   0|  0|  23|          16|          16|
    |x_V_914_fu_3613_p2    |         +|   0|  0|  23|          16|          16|
    |x_V_915_fu_3632_p2    |         +|   0|  0|  23|          16|          16|
    |x_V_916_fu_3651_p2    |         +|   0|  0|  23|          16|          16|
    |x_V_917_fu_3670_p2    |         +|   0|  0|  23|          16|          16|
    |x_V_918_fu_3689_p2    |         +|   0|  0|  23|          16|          16|
    |x_V_919_fu_3708_p2    |         +|   0|  0|  23|          16|          16|
    |x_V_920_fu_3727_p2    |         +|   0|  0|  23|          16|          16|
    |x_V_921_fu_3746_p2    |         +|   0|  0|  23|          16|          16|
    |x_V_922_fu_3765_p2    |         +|   0|  0|  23|          16|          16|
    |x_V_923_fu_3784_p2    |         +|   0|  0|  23|          16|          16|
    |x_V_924_fu_3803_p2    |         +|   0|  0|  23|          16|          16|
    |x_V_925_fu_3822_p2    |         +|   0|  0|  23|          16|          16|
    |x_V_926_fu_3841_p2    |         +|   0|  0|  23|          16|          16|
    |x_V_927_fu_3860_p2    |         +|   0|  0|  23|          16|          16|
    |x_V_928_fu_3879_p2    |         +|   0|  0|  23|          16|          16|
    |x_V_929_fu_3898_p2    |         +|   0|  0|  23|          16|          16|
    |x_V_930_fu_3917_p2    |         +|   0|  0|  23|          16|          16|
    |x_V_931_fu_3936_p2    |         +|   0|  0|  23|          16|          16|
    |x_V_932_fu_3955_p2    |         +|   0|  0|  23|          16|          16|
    |x_V_933_fu_3974_p2    |         +|   0|  0|  23|          16|          16|
    |x_V_934_fu_3993_p2    |         +|   0|  0|  23|          16|          16|
    |x_V_935_fu_4012_p2    |         +|   0|  0|  23|          16|          16|
    |x_V_936_fu_4031_p2    |         +|   0|  0|  23|          16|          16|
    |x_V_937_fu_4050_p2    |         +|   0|  0|  23|          16|          16|
    |x_V_938_fu_4069_p2    |         +|   0|  0|  23|          16|          16|
    |x_V_939_fu_4088_p2    |         +|   0|  0|  23|          16|          16|
    |x_V_940_fu_4107_p2    |         +|   0|  0|  23|          16|          16|
    |x_V_941_fu_4126_p2    |         +|   0|  0|  23|          16|          16|
    |x_V_942_fu_4145_p2    |         +|   0|  0|  23|          16|          16|
    |x_V_943_fu_4164_p2    |         +|   0|  0|  23|          16|          16|
    |x_V_944_fu_4183_p2    |         +|   0|  0|  23|          16|          16|
    |x_V_945_fu_4202_p2    |         +|   0|  0|  23|          16|          16|
    |x_V_946_fu_4221_p2    |         +|   0|  0|  23|          16|          16|
    |x_V_947_fu_4240_p2    |         +|   0|  0|  23|          16|          16|
    |x_V_948_fu_4259_p2    |         +|   0|  0|  23|          16|          16|
    |x_V_949_fu_4278_p2    |         +|   0|  0|  23|          16|          16|
    |x_V_950_fu_4297_p2    |         +|   0|  0|  23|          16|          16|
    |x_V_951_fu_4316_p2    |         +|   0|  0|  23|          16|          16|
    |x_V_952_fu_4335_p2    |         +|   0|  0|  23|          16|          16|
    |x_V_953_fu_4354_p2    |         +|   0|  0|  23|          16|          16|
    |x_V_954_fu_4373_p2    |         +|   0|  0|  23|          16|          16|
    |x_V_955_fu_4392_p2    |         +|   0|  0|  23|          16|          16|
    |x_V_956_fu_4411_p2    |         +|   0|  0|  23|          16|          16|
    |x_V_957_fu_4430_p2    |         +|   0|  0|  23|          16|          16|
    |x_V_958_fu_4449_p2    |         +|   0|  0|  23|          16|          16|
    |x_V_959_fu_4468_p2    |         +|   0|  0|  23|          16|          16|
    |x_V_fu_3157_p2        |         +|   0|  0|  23|          16|          16|
    |ap_condition_439      |       and|   0|  0|   2|           1|           1|
    |icmp_ln43_fu_3138_p2  |      icmp|   0|  0|   8|           2|           2|
    |ap_enable_pp0         |       xor|   0|  0|   2|           1|           2|
    +----------------------+----------+----+---+----+------------+------------+
    |Total                 |          |   0|  0|1631|        1126|        1126|
    +----------------------+----------+----+---+----+------------+------------+

    * Multiplexer: 
    +-----------------------------------------+----+-----------+-----+-----------+
    |                   Name                  | LUT| Input Size| Bits| Total Bits|
    +-----------------------------------------+----+-----------+-----+-----------+
    |ap_done_int                              |   9|          2|    1|          2|
    |ap_loop_exit_ready_pp0_iter3_reg         |   9|          2|    1|          2|
    |ap_phi_mux_do_init_phi_fu_745_p6         |  14|          3|    1|          3|
    |ap_phi_mux_p_read1144_phi_phi_fu_839_p4  |  14|          3|   16|         48|
    |ap_phi_mux_p_read143_phi_phi_fu_826_p4   |  14|          3|   16|         48|
    |ap_phi_mux_p_read2145_phi_phi_fu_852_p4  |  14|          3|   16|         48|
    |ap_phi_mux_p_read3146_phi_phi_fu_865_p4  |  14|          3|   16|         48|
    |ap_phi_mux_w_index1_phi_fu_812_p6        |  14|          3|    2|          6|
    |ap_phi_mux_x_V140_phi_fu_878_p6          |   9|          2|   16|         32|
    |ap_phi_mux_x_V_891138_phi_fu_892_p6      |   9|          2|   16|         32|
    |ap_phi_mux_x_V_892136_phi_fu_906_p6      |   9|          2|   16|         32|
    |ap_phi_mux_x_V_893134_phi_fu_920_p6      |   9|          2|   16|         32|
    |ap_phi_mux_x_V_894132_phi_fu_934_p6      |   9|          2|   16|         32|
    |ap_phi_mux_x_V_895130_phi_fu_948_p6      |   9|          2|   16|         32|
    |ap_phi_mux_x_V_896128_phi_fu_962_p6      |   9|          2|   16|         32|
    |ap_phi_mux_x_V_897126_phi_fu_976_p6      |   9|          2|   16|         32|
    |ap_phi_mux_x_V_898124_phi_fu_990_p6      |   9|          2|   16|         32|
    |ap_phi_mux_x_V_899122_phi_fu_1004_p6     |   9|          2|   16|         32|
    |ap_phi_mux_x_V_900120_phi_fu_1018_p6     |   9|          2|   16|         32|
    |ap_phi_mux_x_V_901118_phi_fu_1032_p6     |   9|          2|   16|         32|
    |ap_phi_mux_x_V_902116_phi_fu_1046_p6     |   9|          2|   16|         32|
    |ap_phi_mux_x_V_903114_phi_fu_1060_p6     |   9|          2|   16|         32|
    |ap_phi_mux_x_V_904112_phi_fu_1074_p6     |   9|          2|   16|         32|
    |ap_phi_mux_x_V_905110_phi_fu_1088_p6     |   9|          2|   16|         32|
    |ap_phi_mux_x_V_906108_phi_fu_1102_p6     |   9|          2|   16|         32|
    |ap_phi_mux_x_V_907106_phi_fu_1116_p6     |   9|          2|   16|         32|
    |ap_phi_mux_x_V_908104_phi_fu_1130_p6     |   9|          2|   16|         32|
    |ap_phi_mux_x_V_909102_phi_fu_1144_p6     |   9|          2|   16|         32|
    |ap_phi_mux_x_V_910100_phi_fu_1158_p6     |   9|          2|   16|         32|
    |ap_phi_mux_x_V_91198_phi_fu_1172_p6      |   9|          2|   16|         32|
    |ap_phi_mux_x_V_91296_phi_fu_1186_p6      |   9|          2|   16|         32|
    |ap_phi_mux_x_V_91394_phi_fu_1200_p6      |   9|          2|   16|         32|
    |ap_phi_mux_x_V_91492_phi_fu_1214_p6      |   9|          2|   16|         32|
    |ap_phi_mux_x_V_91590_phi_fu_1228_p6      |   9|          2|   16|         32|
    |ap_phi_mux_x_V_91688_phi_fu_1242_p6      |   9|          2|   16|         32|
    |ap_phi_mux_x_V_91786_phi_fu_1256_p6      |   9|          2|   16|         32|
    |ap_phi_mux_x_V_91884_phi_fu_1270_p6      |   9|          2|   16|         32|
    |ap_phi_mux_x_V_91982_phi_fu_1284_p6      |   9|          2|   16|         32|
    |ap_phi_mux_x_V_92080_phi_fu_1298_p6      |   9|          2|   16|         32|
    |ap_phi_mux_x_V_92178_phi_fu_1312_p6      |   9|          2|   16|         32|
    |ap_phi_mux_x_V_92276_phi_fu_1326_p6      |   9|          2|   16|         32|
    |ap_phi_mux_x_V_92374_phi_fu_1340_p6      |   9|          2|   16|         32|
    |ap_phi_mux_x_V_92472_phi_fu_1354_p6      |   9|          2|   16|         32|
    |ap_phi_mux_x_V_92570_phi_fu_1368_p6      |   9|          2|   16|         32|
    |ap_phi_mux_x_V_92668_phi_fu_1382_p6      |   9|          2|   16|         32|
    |ap_phi_mux_x_V_92766_phi_fu_1396_p6      |   9|          2|   16|         32|
    |ap_phi_mux_x_V_92864_phi_fu_1410_p6      |   9|          2|   16|         32|
    |ap_phi_mux_x_V_92962_phi_fu_1424_p6      |   9|          2|   16|         32|
    |ap_phi_mux_x_V_93060_phi_fu_1438_p6      |   9|          2|   16|         32|
    |ap_phi_mux_x_V_93158_phi_fu_1452_p6      |   9|          2|   16|         32|
    |ap_phi_mux_x_V_93256_phi_fu_1466_p6      |   9|          2|   16|         32|
    |ap_phi_mux_x_V_93354_phi_fu_1480_p6      |   9|          2|   16|         32|
    |ap_phi_mux_x_V_93452_phi_fu_1494_p6      |   9|          2|   16|         32|
    |ap_phi_mux_x_V_93550_phi_fu_1508_p6      |   9|          2|   16|         32|
    |ap_phi_mux_x_V_93648_phi_fu_1522_p6      |   9|          2|   16|         32|
    |ap_phi_mux_x_V_93746_phi_fu_1536_p6      |   9|          2|   16|         32|
    |ap_phi_mux_x_V_93844_phi_fu_1550_p6      |   9|          2|   16|         32|
    |ap_phi_mux_x_V_93942_phi_fu_1564_p6      |   9|          2|   16|         32|
    |ap_phi_mux_x_V_94040_phi_fu_1578_p6      |   9|          2|   16|         32|
    |ap_phi_mux_x_V_94138_phi_fu_1592_p6      |   9|          2|   16|         32|
    |ap_phi_mux_x_V_94236_phi_fu_1606_p6      |   9|          2|   16|         32|
    |ap_phi_mux_x_V_94334_phi_fu_1620_p6      |   9|          2|   16|         32|
    |ap_phi_mux_x_V_94432_phi_fu_1634_p6      |   9|          2|   16|         32|
    |ap_phi_mux_x_V_94530_phi_fu_1648_p6      |   9|          2|   16|         32|
    |ap_phi_mux_x_V_94628_phi_fu_1662_p6      |   9|          2|   16|         32|
    |ap_phi_mux_x_V_94726_phi_fu_1676_p6      |   9|          2|   16|         32|
    |ap_phi_mux_x_V_94824_phi_fu_1690_p6      |   9|          2|   16|         32|
    |ap_phi_mux_x_V_94922_phi_fu_1704_p6      |   9|          2|   16|         32|
    |ap_phi_mux_x_V_95020_phi_fu_1718_p6      |   9|          2|   16|         32|
    |ap_phi_mux_x_V_95118_phi_fu_1732_p6      |   9|          2|   16|         32|
    |ap_phi_mux_x_V_95216_phi_fu_1746_p6      |   9|          2|   16|         32|
    |ap_phi_mux_x_V_95314_phi_fu_1760_p6      |   9|          2|   16|         32|
    |ap_phi_mux_x_V_95412_phi_fu_1774_p6      |   9|          2|   16|         32|
    |ap_phi_mux_x_V_95510_phi_fu_1788_p6      |   9|          2|   16|         32|
    |ap_phi_mux_x_V_9568_phi_fu_1802_p6       |   9|          2|   16|         32|
    |ap_phi_mux_x_V_9576_phi_fu_1816_p6       |   9|          2|   16|         32|
    |ap_phi_mux_x_V_9584_phi_fu_1830_p6       |   9|          2|   16|         32|
    |ap_phi_mux_x_V_9592_phi_fu_1844_p6       |   9|          2|   16|         32|
    |ap_return_0                              |   9|          2|   16|         32|
    |ap_return_1                              |   9|          2|   16|         32|
    |ap_return_10                             |   9|          2|   16|         32|
    |ap_return_11                             |   9|          2|   16|         32|
    |ap_return_12                             |   9|          2|   16|         32|
    |ap_return_13                             |   9|          2|   16|         32|
    |ap_return_14                             |   9|          2|   16|         32|
    |ap_return_15                             |   9|          2|   16|         32|
    |ap_return_16                             |   9|          2|   16|         32|
    |ap_return_17                             |   9|          2|   16|         32|
    |ap_return_18                             |   9|          2|   16|         32|
    |ap_return_19                             |   9|          2|   16|         32|
    |ap_return_2                              |   9|          2|   16|         32|
    |ap_return_20                             |   9|          2|   16|         32|
    |ap_return_21                             |   9|          2|   16|         32|
    |ap_return_22                             |   9|          2|   16|         32|
    |ap_return_23                             |   9|          2|   16|         32|
    |ap_return_24                             |   9|          2|   16|         32|
    |ap_return_25                             |   9|          2|   16|         32|
    |ap_return_26                             |   9|          2|   16|         32|
    |ap_return_27                             |   9|          2|   16|         32|
    |ap_return_28                             |   9|          2|   16|         32|
    |ap_return_29                             |   9|          2|   16|         32|
    |ap_return_3                              |   9|          2|   16|         32|
    |ap_return_30                             |   9|          2|   16|         32|
    |ap_return_31                             |   9|          2|   16|         32|
    |ap_return_32                             |   9|          2|   16|         32|
    |ap_return_33                             |   9|          2|   16|         32|
    |ap_return_34                             |   9|          2|   16|         32|
    |ap_return_35                             |   9|          2|   16|         32|
    |ap_return_36                             |   9|          2|   16|         32|
    |ap_return_37                             |   9|          2|   16|         32|
    |ap_return_38                             |   9|          2|   16|         32|
    |ap_return_39                             |   9|          2|   16|         32|
    |ap_return_4                              |   9|          2|   16|         32|
    |ap_return_40                             |   9|          2|   16|         32|
    |ap_return_41                             |   9|          2|   16|         32|
    |ap_return_42                             |   9|          2|   16|         32|
    |ap_return_43                             |   9|          2|   16|         32|
    |ap_return_44                             |   9|          2|   16|         32|
    |ap_return_45                             |   9|          2|   16|         32|
    |ap_return_46                             |   9|          2|   16|         32|
    |ap_return_47                             |   9|          2|   16|         32|
    |ap_return_48                             |   9|          2|   16|         32|
    |ap_return_49                             |   9|          2|   16|         32|
    |ap_return_5                              |   9|          2|   16|         32|
    |ap_return_50                             |   9|          2|   16|         32|
    |ap_return_51                             |   9|          2|   16|         32|
    |ap_return_52                             |   9|          2|   16|         32|
    |ap_return_53                             |   9|          2|   16|         32|
    |ap_return_54                             |   9|          2|   16|         32|
    |ap_return_55                             |   9|          2|   16|         32|
    |ap_return_56                             |   9|          2|   16|         32|
    |ap_return_57                             |   9|          2|   16|         32|
    |ap_return_58                             |   9|          2|   16|         32|
    |ap_return_59                             |   9|          2|   16|         32|
    |ap_return_6                              |   9|          2|   16|         32|
    |ap_return_60                             |   9|          2|   16|         32|
    |ap_return_61                             |   9|          2|   16|         32|
    |ap_return_62                             |   9|          2|   16|         32|
    |ap_return_63                             |   9|          2|   16|         32|
    |ap_return_64                             |   9|          2|   16|         32|
    |ap_return_65                             |   9|          2|   16|         32|
    |ap_return_66                             |   9|          2|   16|         32|
    |ap_return_67                             |   9|          2|   16|         32|
    |ap_return_68                             |   9|          2|   16|         32|
    |ap_return_69                             |   9|          2|   16|         32|
    |ap_return_7                              |   9|          2|   16|         32|
    |ap_return_8                              |   9|          2|   16|         32|
    |ap_return_9                              |   9|          2|   16|         32|
    |p_read1144_phi_reg_835                   |  14|          3|   16|         48|
    |p_read143_phi_reg_822                    |  14|          3|   16|         48|
    |p_read2145_phi_reg_848                   |  14|          3|   16|         48|
    |p_read3146_phi_reg_861                   |  14|          3|   16|         48|
    |w_index1_reg_809                         |   9|          2|    2|          4|
    |x_V140_reg_874                           |   9|          2|   16|         32|
    |x_V_891138_reg_888                       |   9|          2|   16|         32|
    |x_V_892136_reg_902                       |   9|          2|   16|         32|
    |x_V_893134_reg_916                       |   9|          2|   16|         32|
    |x_V_894132_reg_930                       |   9|          2|   16|         32|
    |x_V_895130_reg_944                       |   9|          2|   16|         32|
    |x_V_896128_reg_958                       |   9|          2|   16|         32|
    |x_V_897126_reg_972                       |   9|          2|   16|         32|
    |x_V_898124_reg_986                       |   9|          2|   16|         32|
    |x_V_899122_reg_1000                      |   9|          2|   16|         32|
    |x_V_900120_reg_1014                      |   9|          2|   16|         32|
    |x_V_901118_reg_1028                      |   9|          2|   16|         32|
    |x_V_902116_reg_1042                      |   9|          2|   16|         32|
    |x_V_903114_reg_1056                      |   9|          2|   16|         32|
    |x_V_904112_reg_1070                      |   9|          2|   16|         32|
    |x_V_905110_reg_1084                      |   9|          2|   16|         32|
    |x_V_906108_reg_1098                      |   9|          2|   16|         32|
    |x_V_907106_reg_1112                      |   9|          2|   16|         32|
    |x_V_908104_reg_1126                      |   9|          2|   16|         32|
    |x_V_909102_reg_1140                      |   9|          2|   16|         32|
    |x_V_910100_reg_1154                      |   9|          2|   16|         32|
    |x_V_91198_reg_1168                       |   9|          2|   16|         32|
    |x_V_91296_reg_1182                       |   9|          2|   16|         32|
    |x_V_91394_reg_1196                       |   9|          2|   16|         32|
    |x_V_91492_reg_1210                       |   9|          2|   16|         32|
    |x_V_91590_reg_1224                       |   9|          2|   16|         32|
    |x_V_91688_reg_1238                       |   9|          2|   16|         32|
    |x_V_91786_reg_1252                       |   9|          2|   16|         32|
    |x_V_91884_reg_1266                       |   9|          2|   16|         32|
    |x_V_91982_reg_1280                       |   9|          2|   16|         32|
    |x_V_92080_reg_1294                       |   9|          2|   16|         32|
    |x_V_92178_reg_1308                       |   9|          2|   16|         32|
    |x_V_92276_reg_1322                       |   9|          2|   16|         32|
    |x_V_92374_reg_1336                       |   9|          2|   16|         32|
    |x_V_92472_reg_1350                       |   9|          2|   16|         32|
    |x_V_92570_reg_1364                       |   9|          2|   16|         32|
    |x_V_92668_reg_1378                       |   9|          2|   16|         32|
    |x_V_92766_reg_1392                       |   9|          2|   16|         32|
    |x_V_92864_reg_1406                       |   9|          2|   16|         32|
    |x_V_92962_reg_1420                       |   9|          2|   16|         32|
    |x_V_93060_reg_1434                       |   9|          2|   16|         32|
    |x_V_93158_reg_1448                       |   9|          2|   16|         32|
    |x_V_93256_reg_1462                       |   9|          2|   16|         32|
    |x_V_93354_reg_1476                       |   9|          2|   16|         32|
    |x_V_93452_reg_1490                       |   9|          2|   16|         32|
    |x_V_93550_reg_1504                       |   9|          2|   16|         32|
    |x_V_93648_reg_1518                       |   9|          2|   16|         32|
    |x_V_93746_reg_1532                       |   9|          2|   16|         32|
    |x_V_93844_reg_1546                       |   9|          2|   16|         32|
    |x_V_93942_reg_1560                       |   9|          2|   16|         32|
    |x_V_94040_reg_1574                       |   9|          2|   16|         32|
    |x_V_94138_reg_1588                       |   9|          2|   16|         32|
    |x_V_94236_reg_1602                       |   9|          2|   16|         32|
    |x_V_94334_reg_1616                       |   9|          2|   16|         32|
    |x_V_94432_reg_1630                       |   9|          2|   16|         32|
    |x_V_94530_reg_1644                       |   9|          2|   16|         32|
    |x_V_94628_reg_1658                       |   9|          2|   16|         32|
    |x_V_94726_reg_1672                       |   9|          2|   16|         32|
    |x_V_94824_reg_1686                       |   9|          2|   16|         32|
    |x_V_94922_reg_1700                       |   9|          2|   16|         32|
    |x_V_95020_reg_1714                       |   9|          2|   16|         32|
    |x_V_95118_reg_1728                       |   9|          2|   16|         32|
    |x_V_95216_reg_1742                       |   9|          2|   16|         32|
    |x_V_95314_reg_1756                       |   9|          2|   16|         32|
    |x_V_95412_reg_1770                       |   9|          2|   16|         32|
    |x_V_95510_reg_1784                       |   9|          2|   16|         32|
    |x_V_9568_reg_1798                        |   9|          2|   16|         32|
    |x_V_9576_reg_1812                        |   9|          2|   16|         32|
    |x_V_9584_reg_1826                        |   9|          2|   16|         32|
    |x_V_9592_reg_1840                        |   9|          2|   16|         32|
    +-----------------------------------------+----+-----------+-----+-----------+
    |Total                                    |2057|        456| 3495|       7121|
    +-----------------------------------------+----+-----------+-----+-----------+

    * Register: 
    +----------------------------------+----+----+-----+-----------+
    |               Name               | FF | LUT| Bits| Const Bits|
    +----------------------------------+----+----+-----+-----------+
    |ap_CS_fsm                         |   1|   0|    1|          0|
    |ap_done_reg                       |   1|   0|    1|          0|
    |ap_enable_reg_pp0_iter1           |   1|   0|    1|          0|
    |ap_enable_reg_pp0_iter2           |   1|   0|    1|          0|
    |ap_enable_reg_pp0_iter3           |   1|   0|    1|          0|
    |ap_loop_exit_ready_pp0_iter1_reg  |   1|   0|    1|          0|
    |ap_loop_exit_ready_pp0_iter2_reg  |   1|   0|    1|          0|
    |ap_loop_exit_ready_pp0_iter3_reg  |   1|   0|    1|          0|
    |ap_loop_init_pp0_iter1_reg        |   1|   0|    1|          0|
    |ap_loop_init_pp0_iter2_reg        |   1|   0|    1|          0|
    |ap_loop_init_pp0_iter3_reg        |   1|   0|    1|          0|
    |ap_return_0_preg                  |  16|   0|   16|          0|
    |ap_return_10_preg                 |  16|   0|   16|          0|
    |ap_return_11_preg                 |  16|   0|   16|          0|
    |ap_return_12_preg                 |  16|   0|   16|          0|
    |ap_return_13_preg                 |  16|   0|   16|          0|
    |ap_return_14_preg                 |  16|   0|   16|          0|
    |ap_return_15_preg                 |  16|   0|   16|          0|
    |ap_return_16_preg                 |  16|   0|   16|          0|
    |ap_return_17_preg                 |  16|   0|   16|          0|
    |ap_return_18_preg                 |  16|   0|   16|          0|
    |ap_return_19_preg                 |  16|   0|   16|          0|
    |ap_return_1_preg                  |  16|   0|   16|          0|
    |ap_return_20_preg                 |  16|   0|   16|          0|
    |ap_return_21_preg                 |  16|   0|   16|          0|
    |ap_return_22_preg                 |  16|   0|   16|          0|
    |ap_return_23_preg                 |  16|   0|   16|          0|
    |ap_return_24_preg                 |  16|   0|   16|          0|
    |ap_return_25_preg                 |  16|   0|   16|          0|
    |ap_return_26_preg                 |  16|   0|   16|          0|
    |ap_return_27_preg                 |  16|   0|   16|          0|
    |ap_return_28_preg                 |  16|   0|   16|          0|
    |ap_return_29_preg                 |  16|   0|   16|          0|
    |ap_return_2_preg                  |  16|   0|   16|          0|
    |ap_return_30_preg                 |  16|   0|   16|          0|
    |ap_return_31_preg                 |  16|   0|   16|          0|
    |ap_return_32_preg                 |  16|   0|   16|          0|
    |ap_return_33_preg                 |  16|   0|   16|          0|
    |ap_return_34_preg                 |  16|   0|   16|          0|
    |ap_return_35_preg                 |  16|   0|   16|          0|
    |ap_return_36_preg                 |  16|   0|   16|          0|
    |ap_return_37_preg                 |  16|   0|   16|          0|
    |ap_return_38_preg                 |  16|   0|   16|          0|
    |ap_return_39_preg                 |  16|   0|   16|          0|
    |ap_return_3_preg                  |  16|   0|   16|          0|
    |ap_return_40_preg                 |  16|   0|   16|          0|
    |ap_return_41_preg                 |  16|   0|   16|          0|
    |ap_return_42_preg                 |  16|   0|   16|          0|
    |ap_return_43_preg                 |  16|   0|   16|          0|
    |ap_return_44_preg                 |  16|   0|   16|          0|
    |ap_return_45_preg                 |  16|   0|   16|          0|
    |ap_return_46_preg                 |  16|   0|   16|          0|
    |ap_return_47_preg                 |  16|   0|   16|          0|
    |ap_return_48_preg                 |  16|   0|   16|          0|
    |ap_return_49_preg                 |  16|   0|   16|          0|
    |ap_return_4_preg                  |  16|   0|   16|          0|
    |ap_return_50_preg                 |  16|   0|   16|          0|
    |ap_return_51_preg                 |  16|   0|   16|          0|
    |ap_return_52_preg                 |  16|   0|   16|          0|
    |ap_return_53_preg                 |  16|   0|   16|          0|
    |ap_return_54_preg                 |  16|   0|   16|          0|
    |ap_return_55_preg                 |  16|   0|   16|          0|
    |ap_return_56_preg                 |  16|   0|   16|          0|
    |ap_return_57_preg                 |  16|   0|   16|          0|
    |ap_return_58_preg                 |  16|   0|   16|          0|
    |ap_return_59_preg                 |  16|   0|   16|          0|
    |ap_return_5_preg                  |  16|   0|   16|          0|
    |ap_return_60_preg                 |  16|   0|   16|          0|
    |ap_return_61_preg                 |  16|   0|   16|          0|
    |ap_return_62_preg                 |  16|   0|   16|          0|
    |ap_return_63_preg                 |  16|   0|   16|          0|
    |ap_return_64_preg                 |  16|   0|   16|          0|
    |ap_return_65_preg                 |  16|   0|   16|          0|
    |ap_return_66_preg                 |  16|   0|   16|          0|
    |ap_return_67_preg                 |  16|   0|   16|          0|
    |ap_return_68_preg                 |  16|   0|   16|          0|
    |ap_return_69_preg                 |  16|   0|   16|          0|
    |ap_return_6_preg                  |  16|   0|   16|          0|
    |ap_return_7_preg                  |  16|   0|   16|          0|
    |ap_return_8_preg                  |  16|   0|   16|          0|
    |ap_return_9_preg                  |  16|   0|   16|          0|
    |do_init_reg_742                   |   1|   0|    1|          0|
    |icmp_ln43_reg_5817                |   1|   0|    1|          0|
    |p_read1144_phi_reg_835            |  16|   0|   16|          0|
    |p_read143_phi_reg_822             |  16|   0|   16|          0|
    |p_read2145_phi_reg_848            |  16|   0|   16|          0|
    |p_read3146_phi_reg_861            |  16|   0|   16|          0|
    |w_index1_reg_809                  |   2|   0|    2|          0|
    |w_index_reg_5812                  |   2|   0|    2|          0|
    |x_V140_reg_874                    |  16|   0|   16|          0|
    |x_V_891138_reg_888                |  16|   0|   16|          0|
    |x_V_892136_reg_902                |  16|   0|   16|          0|
    |x_V_893134_reg_916                |  16|   0|   16|          0|
    |x_V_894132_reg_930                |  16|   0|   16|          0|
    |x_V_895130_reg_944                |  16|   0|   16|          0|
    |x_V_896128_reg_958                |  16|   0|   16|          0|
    |x_V_897126_reg_972                |  16|   0|   16|          0|
    |x_V_898124_reg_986                |  16|   0|   16|          0|
    |x_V_899122_reg_1000               |  16|   0|   16|          0|
    |x_V_900120_reg_1014               |  16|   0|   16|          0|
    |x_V_901118_reg_1028               |  16|   0|   16|          0|
    |x_V_902116_reg_1042               |  16|   0|   16|          0|
    |x_V_903114_reg_1056               |  16|   0|   16|          0|
    |x_V_904112_reg_1070               |  16|   0|   16|          0|
    |x_V_905110_reg_1084               |  16|   0|   16|          0|
    |x_V_906108_reg_1098               |  16|   0|   16|          0|
    |x_V_907106_reg_1112               |  16|   0|   16|          0|
    |x_V_908104_reg_1126               |  16|   0|   16|          0|
    |x_V_909102_reg_1140               |  16|   0|   16|          0|
    |x_V_910100_reg_1154               |  16|   0|   16|          0|
    |x_V_91198_reg_1168                |  16|   0|   16|          0|
    |x_V_91296_reg_1182                |  16|   0|   16|          0|
    |x_V_91394_reg_1196                |  16|   0|   16|          0|
    |x_V_91492_reg_1210                |  16|   0|   16|          0|
    |x_V_91590_reg_1224                |  16|   0|   16|          0|
    |x_V_91688_reg_1238                |  16|   0|   16|          0|
    |x_V_91786_reg_1252                |  16|   0|   16|          0|
    |x_V_91884_reg_1266                |  16|   0|   16|          0|
    |x_V_91982_reg_1280                |  16|   0|   16|          0|
    |x_V_92080_reg_1294                |  16|   0|   16|          0|
    |x_V_92178_reg_1308                |  16|   0|   16|          0|
    |x_V_92276_reg_1322                |  16|   0|   16|          0|
    |x_V_92374_reg_1336                |  16|   0|   16|          0|
    |x_V_92472_reg_1350                |  16|   0|   16|          0|
    |x_V_92570_reg_1364                |  16|   0|   16|          0|
    |x_V_92668_reg_1378                |  16|   0|   16|          0|
    |x_V_92766_reg_1392                |  16|   0|   16|          0|
    |x_V_92864_reg_1406                |  16|   0|   16|          0|
    |x_V_92962_reg_1420                |  16|   0|   16|          0|
    |x_V_93060_reg_1434                |  16|   0|   16|          0|
    |x_V_93158_reg_1448                |  16|   0|   16|          0|
    |x_V_93256_reg_1462                |  16|   0|   16|          0|
    |x_V_93354_reg_1476                |  16|   0|   16|          0|
    |x_V_93452_reg_1490                |  16|   0|   16|          0|
    |x_V_93550_reg_1504                |  16|   0|   16|          0|
    |x_V_93648_reg_1518                |  16|   0|   16|          0|
    |x_V_93746_reg_1532                |  16|   0|   16|          0|
    |x_V_93844_reg_1546                |  16|   0|   16|          0|
    |x_V_93942_reg_1560                |  16|   0|   16|          0|
    |x_V_94040_reg_1574                |  16|   0|   16|          0|
    |x_V_94138_reg_1588                |  16|   0|   16|          0|
    |x_V_94236_reg_1602                |  16|   0|   16|          0|
    |x_V_94334_reg_1616                |  16|   0|   16|          0|
    |x_V_94432_reg_1630                |  16|   0|   16|          0|
    |x_V_94530_reg_1644                |  16|   0|   16|          0|
    |x_V_94628_reg_1658                |  16|   0|   16|          0|
    |x_V_94726_reg_1672                |  16|   0|   16|          0|
    |x_V_94824_reg_1686                |  16|   0|   16|          0|
    |x_V_94922_reg_1700                |  16|   0|   16|          0|
    |x_V_95020_reg_1714                |  16|   0|   16|          0|
    |x_V_95118_reg_1728                |  16|   0|   16|          0|
    |x_V_95216_reg_1742                |  16|   0|   16|          0|
    |x_V_95314_reg_1756                |  16|   0|   16|          0|
    |x_V_95412_reg_1770                |  16|   0|   16|          0|
    |x_V_95510_reg_1784                |  16|   0|   16|          0|
    |x_V_9568_reg_1798                 |  16|   0|   16|          0|
    |x_V_9576_reg_1812                 |  16|   0|   16|          0|
    |x_V_9584_reg_1826                 |  16|   0|   16|          0|
    |x_V_9592_reg_1840                 |  16|   0|   16|          0|
    |icmp_ln43_reg_5817                |  64|  32|    1|          0|
    +----------------------------------+----+----+-----+-----------+
    |Total                             |2385|  32| 2322|          0|
    +----------------------------------+----+----+-----+-----------+



================================================================
== Interface
================================================================
* Summary: 
+--------------+-----+-----+------------+-------------------------------------------------------------+--------------+
|   RTL Ports  | Dir | Bits|  Protocol  |                        Source Object                        |    C Type    |
+--------------+-----+-----+------------+-------------------------------------------------------------+--------------+
|ap_clk        |   in|    1|  ap_ctrl_hs|  dense_resource<ap_fixed,ap_fixed<16,6,5,3,0>,config27_mult>|  return value|
|ap_rst        |   in|    1|  ap_ctrl_hs|  dense_resource<ap_fixed,ap_fixed<16,6,5,3,0>,config27_mult>|  return value|
|ap_start      |   in|    1|  ap_ctrl_hs|  dense_resource<ap_fixed,ap_fixed<16,6,5,3,0>,config27_mult>|  return value|
|ap_done       |  out|    1|  ap_ctrl_hs|  dense_resource<ap_fixed,ap_fixed<16,6,5,3,0>,config27_mult>|  return value|
|ap_idle       |  out|    1|  ap_ctrl_hs|  dense_resource<ap_fixed,ap_fixed<16,6,5,3,0>,config27_mult>|  return value|
|ap_ready      |  out|    1|  ap_ctrl_hs|  dense_resource<ap_fixed,ap_fixed<16,6,5,3,0>,config27_mult>|  return value|
|ap_return_0   |  out|   16|  ap_ctrl_hs|  dense_resource<ap_fixed,ap_fixed<16,6,5,3,0>,config27_mult>|  return value|
|ap_return_1   |  out|   16|  ap_ctrl_hs|  dense_resource<ap_fixed,ap_fixed<16,6,5,3,0>,config27_mult>|  return value|
|ap_return_2   |  out|   16|  ap_ctrl_hs|  dense_resource<ap_fixed,ap_fixed<16,6,5,3,0>,config27_mult>|  return value|
|ap_return_3   |  out|   16|  ap_ctrl_hs|  dense_resource<ap_fixed,ap_fixed<16,6,5,3,0>,config27_mult>|  return value|
|ap_return_4   |  out|   16|  ap_ctrl_hs|  dense_resource<ap_fixed,ap_fixed<16,6,5,3,0>,config27_mult>|  return value|
|ap_return_5   |  out|   16|  ap_ctrl_hs|  dense_resource<ap_fixed,ap_fixed<16,6,5,3,0>,config27_mult>|  return value|
|ap_return_6   |  out|   16|  ap_ctrl_hs|  dense_resource<ap_fixed,ap_fixed<16,6,5,3,0>,config27_mult>|  return value|
|ap_return_7   |  out|   16|  ap_ctrl_hs|  dense_resource<ap_fixed,ap_fixed<16,6,5,3,0>,config27_mult>|  return value|
|ap_return_8   |  out|   16|  ap_ctrl_hs|  dense_resource<ap_fixed,ap_fixed<16,6,5,3,0>,config27_mult>|  return value|
|ap_return_9   |  out|   16|  ap_ctrl_hs|  dense_resource<ap_fixed,ap_fixed<16,6,5,3,0>,config27_mult>|  return value|
|ap_return_10  |  out|   16|  ap_ctrl_hs|  dense_resource<ap_fixed,ap_fixed<16,6,5,3,0>,config27_mult>|  return value|
|ap_return_11  |  out|   16|  ap_ctrl_hs|  dense_resource<ap_fixed,ap_fixed<16,6,5,3,0>,config27_mult>|  return value|
|ap_return_12  |  out|   16|  ap_ctrl_hs|  dense_resource<ap_fixed,ap_fixed<16,6,5,3,0>,config27_mult>|  return value|
|ap_return_13  |  out|   16|  ap_ctrl_hs|  dense_resource<ap_fixed,ap_fixed<16,6,5,3,0>,config27_mult>|  return value|
|ap_return_14  |  out|   16|  ap_ctrl_hs|  dense_resource<ap_fixed,ap_fixed<16,6,5,3,0>,config27_mult>|  return value|
|ap_return_15  |  out|   16|  ap_ctrl_hs|  dense_resource<ap_fixed,ap_fixed<16,6,5,3,0>,config27_mult>|  return value|
|ap_return_16  |  out|   16|  ap_ctrl_hs|  dense_resource<ap_fixed,ap_fixed<16,6,5,3,0>,config27_mult>|  return value|
|ap_return_17  |  out|   16|  ap_ctrl_hs|  dense_resource<ap_fixed,ap_fixed<16,6,5,3,0>,config27_mult>|  return value|
|ap_return_18  |  out|   16|  ap_ctrl_hs|  dense_resource<ap_fixed,ap_fixed<16,6,5,3,0>,config27_mult>|  return value|
|ap_return_19  |  out|   16|  ap_ctrl_hs|  dense_resource<ap_fixed,ap_fixed<16,6,5,3,0>,config27_mult>|  return value|
|ap_return_20  |  out|   16|  ap_ctrl_hs|  dense_resource<ap_fixed,ap_fixed<16,6,5,3,0>,config27_mult>|  return value|
|ap_return_21  |  out|   16|  ap_ctrl_hs|  dense_resource<ap_fixed,ap_fixed<16,6,5,3,0>,config27_mult>|  return value|
|ap_return_22  |  out|   16|  ap_ctrl_hs|  dense_resource<ap_fixed,ap_fixed<16,6,5,3,0>,config27_mult>|  return value|
|ap_return_23  |  out|   16|  ap_ctrl_hs|  dense_resource<ap_fixed,ap_fixed<16,6,5,3,0>,config27_mult>|  return value|
|ap_return_24  |  out|   16|  ap_ctrl_hs|  dense_resource<ap_fixed,ap_fixed<16,6,5,3,0>,config27_mult>|  return value|
|ap_return_25  |  out|   16|  ap_ctrl_hs|  dense_resource<ap_fixed,ap_fixed<16,6,5,3,0>,config27_mult>|  return value|
|ap_return_26  |  out|   16|  ap_ctrl_hs|  dense_resource<ap_fixed,ap_fixed<16,6,5,3,0>,config27_mult>|  return value|
|ap_return_27  |  out|   16|  ap_ctrl_hs|  dense_resource<ap_fixed,ap_fixed<16,6,5,3,0>,config27_mult>|  return value|
|ap_return_28  |  out|   16|  ap_ctrl_hs|  dense_resource<ap_fixed,ap_fixed<16,6,5,3,0>,config27_mult>|  return value|
|ap_return_29  |  out|   16|  ap_ctrl_hs|  dense_resource<ap_fixed,ap_fixed<16,6,5,3,0>,config27_mult>|  return value|
|ap_return_30  |  out|   16|  ap_ctrl_hs|  dense_resource<ap_fixed,ap_fixed<16,6,5,3,0>,config27_mult>|  return value|
|ap_return_31  |  out|   16|  ap_ctrl_hs|  dense_resource<ap_fixed,ap_fixed<16,6,5,3,0>,config27_mult>|  return value|
|ap_return_32  |  out|   16|  ap_ctrl_hs|  dense_resource<ap_fixed,ap_fixed<16,6,5,3,0>,config27_mult>|  return value|
|ap_return_33  |  out|   16|  ap_ctrl_hs|  dense_resource<ap_fixed,ap_fixed<16,6,5,3,0>,config27_mult>|  return value|
|ap_return_34  |  out|   16|  ap_ctrl_hs|  dense_resource<ap_fixed,ap_fixed<16,6,5,3,0>,config27_mult>|  return value|
|ap_return_35  |  out|   16|  ap_ctrl_hs|  dense_resource<ap_fixed,ap_fixed<16,6,5,3,0>,config27_mult>|  return value|
|ap_return_36  |  out|   16|  ap_ctrl_hs|  dense_resource<ap_fixed,ap_fixed<16,6,5,3,0>,config27_mult>|  return value|
|ap_return_37  |  out|   16|  ap_ctrl_hs|  dense_resource<ap_fixed,ap_fixed<16,6,5,3,0>,config27_mult>|  return value|
|ap_return_38  |  out|   16|  ap_ctrl_hs|  dense_resource<ap_fixed,ap_fixed<16,6,5,3,0>,config27_mult>|  return value|
|ap_return_39  |  out|   16|  ap_ctrl_hs|  dense_resource<ap_fixed,ap_fixed<16,6,5,3,0>,config27_mult>|  return value|
|ap_return_40  |  out|   16|  ap_ctrl_hs|  dense_resource<ap_fixed,ap_fixed<16,6,5,3,0>,config27_mult>|  return value|
|ap_return_41  |  out|   16|  ap_ctrl_hs|  dense_resource<ap_fixed,ap_fixed<16,6,5,3,0>,config27_mult>|  return value|
|ap_return_42  |  out|   16|  ap_ctrl_hs|  dense_resource<ap_fixed,ap_fixed<16,6,5,3,0>,config27_mult>|  return value|
|ap_return_43  |  out|   16|  ap_ctrl_hs|  dense_resource<ap_fixed,ap_fixed<16,6,5,3,0>,config27_mult>|  return value|
|ap_return_44  |  out|   16|  ap_ctrl_hs|  dense_resource<ap_fixed,ap_fixed<16,6,5,3,0>,config27_mult>|  return value|
|ap_return_45  |  out|   16|  ap_ctrl_hs|  dense_resource<ap_fixed,ap_fixed<16,6,5,3,0>,config27_mult>|  return value|
|ap_return_46  |  out|   16|  ap_ctrl_hs|  dense_resource<ap_fixed,ap_fixed<16,6,5,3,0>,config27_mult>|  return value|
|ap_return_47  |  out|   16|  ap_ctrl_hs|  dense_resource<ap_fixed,ap_fixed<16,6,5,3,0>,config27_mult>|  return value|
|ap_return_48  |  out|   16|  ap_ctrl_hs|  dense_resource<ap_fixed,ap_fixed<16,6,5,3,0>,config27_mult>|  return value|
|ap_return_49  |  out|   16|  ap_ctrl_hs|  dense_resource<ap_fixed,ap_fixed<16,6,5,3,0>,config27_mult>|  return value|
|ap_return_50  |  out|   16|  ap_ctrl_hs|  dense_resource<ap_fixed,ap_fixed<16,6,5,3,0>,config27_mult>|  return value|
|ap_return_51  |  out|   16|  ap_ctrl_hs|  dense_resource<ap_fixed,ap_fixed<16,6,5,3,0>,config27_mult>|  return value|
|ap_return_52  |  out|   16|  ap_ctrl_hs|  dense_resource<ap_fixed,ap_fixed<16,6,5,3,0>,config27_mult>|  return value|
|ap_return_53  |  out|   16|  ap_ctrl_hs|  dense_resource<ap_fixed,ap_fixed<16,6,5,3,0>,config27_mult>|  return value|
|ap_return_54  |  out|   16|  ap_ctrl_hs|  dense_resource<ap_fixed,ap_fixed<16,6,5,3,0>,config27_mult>|  return value|
|ap_return_55  |  out|   16|  ap_ctrl_hs|  dense_resource<ap_fixed,ap_fixed<16,6,5,3,0>,config27_mult>|  return value|
|ap_return_56  |  out|   16|  ap_ctrl_hs|  dense_resource<ap_fixed,ap_fixed<16,6,5,3,0>,config27_mult>|  return value|
|ap_return_57  |  out|   16|  ap_ctrl_hs|  dense_resource<ap_fixed,ap_fixed<16,6,5,3,0>,config27_mult>|  return value|
|ap_return_58  |  out|   16|  ap_ctrl_hs|  dense_resource<ap_fixed,ap_fixed<16,6,5,3,0>,config27_mult>|  return value|
|ap_return_59  |  out|   16|  ap_ctrl_hs|  dense_resource<ap_fixed,ap_fixed<16,6,5,3,0>,config27_mult>|  return value|
|ap_return_60  |  out|   16|  ap_ctrl_hs|  dense_resource<ap_fixed,ap_fixed<16,6,5,3,0>,config27_mult>|  return value|
|ap_return_61  |  out|   16|  ap_ctrl_hs|  dense_resource<ap_fixed,ap_fixed<16,6,5,3,0>,config27_mult>|  return value|
|ap_return_62  |  out|   16|  ap_ctrl_hs|  dense_resource<ap_fixed,ap_fixed<16,6,5,3,0>,config27_mult>|  return value|
|ap_return_63  |  out|   16|  ap_ctrl_hs|  dense_resource<ap_fixed,ap_fixed<16,6,5,3,0>,config27_mult>|  return value|
|ap_return_64  |  out|   16|  ap_ctrl_hs|  dense_resource<ap_fixed,ap_fixed<16,6,5,3,0>,config27_mult>|  return value|
|ap_return_65  |  out|   16|  ap_ctrl_hs|  dense_resource<ap_fixed,ap_fixed<16,6,5,3,0>,config27_mult>|  return value|
|ap_return_66  |  out|   16|  ap_ctrl_hs|  dense_resource<ap_fixed,ap_fixed<16,6,5,3,0>,config27_mult>|  return value|
|ap_return_67  |  out|   16|  ap_ctrl_hs|  dense_resource<ap_fixed,ap_fixed<16,6,5,3,0>,config27_mult>|  return value|
|ap_return_68  |  out|   16|  ap_ctrl_hs|  dense_resource<ap_fixed,ap_fixed<16,6,5,3,0>,config27_mult>|  return value|
|ap_return_69  |  out|   16|  ap_ctrl_hs|  dense_resource<ap_fixed,ap_fixed<16,6,5,3,0>,config27_mult>|  return value|
|p_read        |   in|   16|     ap_none|                                                       p_read|        scalar|
|p_read1       |   in|   16|     ap_none|                                                      p_read1|        scalar|
|p_read2       |   in|   16|     ap_none|                                                      p_read2|        scalar|
|p_read3       |   in|   16|     ap_none|                                                      p_read3|        scalar|
+--------------+-----+-----+------------+-------------------------------------------------------------+--------------+

