

================================================================
== Vitis HLS Report for 'dense_resource_ap_fixed_ap_fixed_16_6_5_3_0_config26_mult_s'
================================================================
* Date:           Tue Dec 19 04:25:19 2023

* Version:        2022.2 (Build 3670227 on Oct 13 2022)
* Project:        alveo_hls4ml
* Solution:       solution (Vitis Kernel Flow Target)
* Product family: virtexuplus
* Target device:  xcu55c-fsvh2892-2L-e


================================================================
== Performance Estimates
================================================================
+ Timing: 
    * Summary: 
    +--------+---------+----------+------------+
    |  Clock |  Target | Estimated| Uncertainty|
    +--------+---------+----------+------------+
    |ap_clk  |  4.00 ns|  2.060 ns|     1.08 ns|
    +--------+---------+----------+------------+

+ Latency: 
    * Summary: 
    +---------+---------+----------+----------+-----+-----+------------------------------------------+
    |  Latency (cycles) |  Latency (absolute) |  Interval |                 Pipeline                 |
    |   min   |   max   |    min   |    max   | min | max |                   Type                   |
    +---------+---------+----------+----------+-----+-----+------------------------------------------+
    |       66|       67|  0.264 us|  0.268 us|   64|   64|  loop rewind stp(delay=0 clock cycles(s))|
    +---------+---------+----------+----------+-----+-----+------------------------------------------+

    + Detail: 
        * Instance: 
        N/A

        * Loop: 
        +-------------+---------+---------+----------+-----------+-----------+------+----------+
        |             |  Latency (cycles) | Iteration|  Initiation Interval  | Trip |          |
        |  Loop Name  |   min   |   max   |  Latency |  achieved |   target  | Count| Pipelined|
        +-------------+---------+---------+----------+-----------+-----------+------+----------+
        |- ReuseLoop  |       66|       66|         4|          1|          1|    64|       yes|
        +-------------+---------+---------+----------+-----------+-----------+------+----------+



================================================================
== Utilization Estimates
================================================================
* Summary: 
+---------------------+---------+------+---------+---------+-----+
|         Name        | BRAM_18K|  DSP |    FF   |   LUT   | URAM|
+---------------------+---------+------+---------+---------+-----+
|DSP                  |        -|     4|        -|        -|    -|
|Expression           |        -|     -|        0|      119|    -|
|FIFO                 |        -|     -|        -|        -|    -|
|Instance             |        -|     -|        0|     1365|    -|
|Memory               |        -|     -|        -|        -|    -|
|Multiplexer          |        -|     -|        -|     1955|    -|
|Register             |        -|     -|     1241|       32|    -|
+---------------------+---------+------+---------+---------+-----+
|Total                |        0|     4|     1241|     3471|    0|
+---------------------+---------+------+---------+---------+-----+
|Available SLR        |     1344|  3008|   869120|   434560|  320|
+---------------------+---------+------+---------+---------+-----+
|Utilization SLR (%)  |        0|    ~0|       ~0|       ~0|    0|
+---------------------+---------+------+---------+---------+-----+
|Available            |     4032|  9024|  2607360|  1303680|  960|
+---------------------+---------+------+---------+---------+-----+
|Utilization (%)      |        0|    ~0|       ~0|       ~0|    0|
+---------------------+---------+------+---------+---------+-----+

+ Detail: 
    * Instance: 
    +----------------------+----------------+---------+----+---+-----+-----+
    |       Instance       |     Module     | BRAM_18K| DSP| FF| LUT | URAM|
    +----------------------+----------------+---------+----+---+-----+-----+
    |mux_646_16_1_1_U6513  |mux_646_16_1_1  |        0|   0|  0|  273|    0|
    |mux_646_16_1_1_U6514  |mux_646_16_1_1  |        0|   0|  0|  273|    0|
    |mux_646_16_1_1_U6515  |mux_646_16_1_1  |        0|   0|  0|  273|    0|
    |mux_646_16_1_1_U6516  |mux_646_16_1_1  |        0|   0|  0|  273|    0|
    |mux_646_16_1_1_U6517  |mux_646_16_1_1  |        0|   0|  0|  273|    0|
    +----------------------+----------------+---------+----+---+-----+-----+
    |Total                 |                |        0|   0|  0| 1365|    0|
    +----------------------+----------------+---------+----+---+-----+-----+

    * DSP: 
    +------------------------------+------------------------+-----------+
    |           Instance           |         Module         | Expression|
    +------------------------------+------------------------+-----------+
    |mul_mul_16s_16s_32_4_1_U6518  |mul_mul_16s_16s_32_4_1  |    i0 * i1|
    |mul_mul_16s_16s_32_4_1_U6519  |mul_mul_16s_16s_32_4_1  |    i0 * i1|
    |mul_mul_16s_16s_32_4_1_U6520  |mul_mul_16s_16s_32_4_1  |    i0 * i1|
    |mul_mul_16s_16s_32_4_1_U6521  |mul_mul_16s_16s_32_4_1  |    i0 * i1|
    +------------------------------+------------------------+-----------+

    * Memory: 
    N/A

    * FIFO: 
    N/A

    * Expression: 
    +--------------------------+----------+----+---+----+------------+------------+
    |       Variable Name      | Operation| DSP| FF| LUT| Bitwidth P0| Bitwidth P1|
    +--------------------------+----------+----+---+----+------------+------------+
    |add_ln813_960_fu_3542_p2  |         +|   0|  0|  23|          16|          16|
    |add_ln813_961_fu_3561_p2  |         +|   0|  0|  23|          16|          16|
    |add_ln813_962_fu_3580_p2  |         +|   0|  0|  23|          16|          16|
    |add_ln813_fu_3523_p2      |         +|   0|  0|  23|          16|          16|
    |w_index_fu_3498_p2        |         +|   0|  0|  13|           6|           1|
    |ap_condition_409          |       and|   0|  0|   2|           1|           1|
    |icmp_ln43_fu_3504_p2      |      icmp|   0|  0|  10|           6|           2|
    |ap_enable_pp0             |       xor|   0|  0|   2|           1|           2|
    +--------------------------+----------+----+---+----+------------+------------+
    |Total                     |          |   0|  0| 119|          78|          70|
    +--------------------------+----------+----+---+----+------------+------------+

    * Multiplexer: 
    +-------------------------------------------+----+-----------+-----+-----------+
    |                    Name                   | LUT| Input Size| Bits| Total Bits|
    +-------------------------------------------+----+-----------+-----+-----------+
    |ap_done_int                                |   9|          2|    1|          2|
    |ap_loop_exit_ready_pp0_iter3_reg           |   9|          2|    1|          2|
    |ap_phi_mux_do_init_phi_fu_1063_p6          |  14|          3|    1|          3|
    |ap_phi_mux_p_read1074_phi_phi_fu_2054_p4   |  14|          3|   16|         48|
    |ap_phi_mux_p_read1175_phi_phi_fu_2067_p4   |  14|          3|   16|         48|
    |ap_phi_mux_p_read1276_phi_phi_fu_2080_p4   |  14|          3|   16|         48|
    |ap_phi_mux_p_read1377_phi_phi_fu_2093_p4   |  14|          3|   16|         48|
    |ap_phi_mux_p_read1478_phi_phi_fu_2106_p4   |  14|          3|   16|         48|
    |ap_phi_mux_p_read1579_phi_phi_fu_2119_p4   |  14|          3|   16|         48|
    |ap_phi_mux_p_read165_phi_phi_fu_1937_p4    |  14|          3|   16|         48|
    |ap_phi_mux_p_read1680_phi_phi_fu_2132_p4   |  14|          3|   16|         48|
    |ap_phi_mux_p_read1781_phi_phi_fu_2145_p4   |  14|          3|   16|         48|
    |ap_phi_mux_p_read1882_phi_phi_fu_2158_p4   |  14|          3|   16|         48|
    |ap_phi_mux_p_read1983_phi_phi_fu_2171_p4   |  14|          3|   16|         48|
    |ap_phi_mux_p_read2084_phi_phi_fu_2184_p4   |  14|          3|   16|         48|
    |ap_phi_mux_p_read2185_phi_phi_fu_2197_p4   |  14|          3|   16|         48|
    |ap_phi_mux_p_read2286_phi_phi_fu_2210_p4   |  14|          3|   16|         48|
    |ap_phi_mux_p_read2387_phi_phi_fu_2223_p4   |  14|          3|   16|         48|
    |ap_phi_mux_p_read2488_phi_phi_fu_2236_p4   |  14|          3|   16|         48|
    |ap_phi_mux_p_read2589_phi_phi_fu_2249_p4   |  14|          3|   16|         48|
    |ap_phi_mux_p_read266_phi_phi_fu_1950_p4    |  14|          3|   16|         48|
    |ap_phi_mux_p_read2690_phi_phi_fu_2262_p4   |  14|          3|   16|         48|
    |ap_phi_mux_p_read2791_phi_phi_fu_2275_p4   |  14|          3|   16|         48|
    |ap_phi_mux_p_read2892_phi_phi_fu_2288_p4   |  14|          3|   16|         48|
    |ap_phi_mux_p_read2993_phi_phi_fu_2301_p4   |  14|          3|   16|         48|
    |ap_phi_mux_p_read3094_phi_phi_fu_2314_p4   |  14|          3|   16|         48|
    |ap_phi_mux_p_read3195_phi_phi_fu_2327_p4   |  14|          3|   16|         48|
    |ap_phi_mux_p_read3296_phi_phi_fu_2340_p4   |  14|          3|   16|         48|
    |ap_phi_mux_p_read3397_phi_phi_fu_2353_p4   |  14|          3|   16|         48|
    |ap_phi_mux_p_read3498_phi_phi_fu_2366_p4   |  14|          3|   16|         48|
    |ap_phi_mux_p_read3599_phi_phi_fu_2379_p4   |  14|          3|   16|         48|
    |ap_phi_mux_p_read36100_phi_phi_fu_2392_p4  |  14|          3|   16|         48|
    |ap_phi_mux_p_read367_phi_phi_fu_1963_p4    |  14|          3|   16|         48|
    |ap_phi_mux_p_read37101_phi_phi_fu_2405_p4  |  14|          3|   16|         48|
    |ap_phi_mux_p_read38102_phi_phi_fu_2418_p4  |  14|          3|   16|         48|
    |ap_phi_mux_p_read39103_phi_phi_fu_2431_p4  |  14|          3|   16|         48|
    |ap_phi_mux_p_read40104_phi_phi_fu_2444_p4  |  14|          3|   16|         48|
    |ap_phi_mux_p_read41105_phi_phi_fu_2457_p4  |  14|          3|   16|         48|
    |ap_phi_mux_p_read42106_phi_phi_fu_2470_p4  |  14|          3|   16|         48|
    |ap_phi_mux_p_read43107_phi_phi_fu_2483_p4  |  14|          3|   16|         48|
    |ap_phi_mux_p_read44108_phi_phi_fu_2496_p4  |  14|          3|   16|         48|
    |ap_phi_mux_p_read45109_phi_phi_fu_2509_p4  |  14|          3|   16|         48|
    |ap_phi_mux_p_read46110_phi_phi_fu_2522_p4  |  14|          3|   16|         48|
    |ap_phi_mux_p_read468_phi_phi_fu_1976_p4    |  14|          3|   16|         48|
    |ap_phi_mux_p_read47111_phi_phi_fu_2535_p4  |  14|          3|   16|         48|
    |ap_phi_mux_p_read48112_phi_phi_fu_2548_p4  |  14|          3|   16|         48|
    |ap_phi_mux_p_read49113_phi_phi_fu_2561_p4  |  14|          3|   16|         48|
    |ap_phi_mux_p_read50114_phi_phi_fu_2574_p4  |  14|          3|   16|         48|
    |ap_phi_mux_p_read51115_phi_phi_fu_2587_p4  |  14|          3|   16|         48|
    |ap_phi_mux_p_read52116_phi_phi_fu_2600_p4  |  14|          3|   16|         48|
    |ap_phi_mux_p_read53117_phi_phi_fu_2613_p4  |  14|          3|   16|         48|
    |ap_phi_mux_p_read54118_phi_phi_fu_2626_p4  |  14|          3|   16|         48|
    |ap_phi_mux_p_read55119_phi_phi_fu_2639_p4  |  14|          3|   16|         48|
    |ap_phi_mux_p_read56120_phi_phi_fu_2652_p4  |  14|          3|   16|         48|
    |ap_phi_mux_p_read569_phi_phi_fu_1989_p4    |  14|          3|   16|         48|
    |ap_phi_mux_p_read57121_phi_phi_fu_2665_p4  |  14|          3|   16|         48|
    |ap_phi_mux_p_read58122_phi_phi_fu_2678_p4  |  14|          3|   16|         48|
    |ap_phi_mux_p_read59123_phi_phi_fu_2691_p4  |  14|          3|   16|         48|
    |ap_phi_mux_p_read60124_phi_phi_fu_2704_p4  |  14|          3|   16|         48|
    |ap_phi_mux_p_read61125_phi_phi_fu_2717_p4  |  14|          3|   16|         48|
    |ap_phi_mux_p_read62126_phi_phi_fu_2730_p4  |  14|          3|   16|         48|
    |ap_phi_mux_p_read63127_phi_phi_fu_2743_p4  |  14|          3|   16|         48|
    |ap_phi_mux_p_read64_phi_phi_fu_1924_p4     |  14|          3|   16|         48|
    |ap_phi_mux_p_read670_phi_phi_fu_2002_p4    |  14|          3|   16|         48|
    |ap_phi_mux_p_read771_phi_phi_fu_2015_p4    |  14|          3|   16|         48|
    |ap_phi_mux_p_read872_phi_phi_fu_2028_p4    |  14|          3|   16|         48|
    |ap_phi_mux_p_read973_phi_phi_fu_2041_p4    |  14|          3|   16|         48|
    |ap_phi_mux_res_0_08_phi_fu_2756_p6         |   9|          2|   16|         32|
    |ap_phi_mux_res_1_06_phi_fu_2770_p6         |   9|          2|   16|         32|
    |ap_phi_mux_res_2_04_phi_fu_2784_p6         |   9|          2|   16|         32|
    |ap_phi_mux_res_3_02_phi_fu_2798_p6         |   9|          2|   16|         32|
    |ap_phi_mux_w_index1_phi_fu_1910_p6         |  14|          3|    6|         18|
    |ap_return_0                                |   9|          2|   16|         32|
    |ap_return_1                                |   9|          2|   16|         32|
    |ap_return_2                                |   9|          2|   16|         32|
    |ap_return_3                                |   9|          2|   16|         32|
    |p_read1074_phi_reg_2050                    |  14|          3|   16|         48|
    |p_read1175_phi_reg_2063                    |  14|          3|   16|         48|
    |p_read1276_phi_reg_2076                    |  14|          3|   16|         48|
    |p_read1377_phi_reg_2089                    |  14|          3|   16|         48|
    |p_read1478_phi_reg_2102                    |  14|          3|   16|         48|
    |p_read1579_phi_reg_2115                    |  14|          3|   16|         48|
    |p_read165_phi_reg_1933                     |  14|          3|   16|         48|
    |p_read1680_phi_reg_2128                    |  14|          3|   16|         48|
    |p_read1781_phi_reg_2141                    |  14|          3|   16|         48|
    |p_read1882_phi_reg_2154                    |  14|          3|   16|         48|
    |p_read1983_phi_reg_2167                    |  14|          3|   16|         48|
    |p_read2084_phi_reg_2180                    |  14|          3|   16|         48|
    |p_read2185_phi_reg_2193                    |  14|          3|   16|         48|
    |p_read2286_phi_reg_2206                    |  14|          3|   16|         48|
    |p_read2387_phi_reg_2219                    |  14|          3|   16|         48|
    |p_read2488_phi_reg_2232                    |  14|          3|   16|         48|
    |p_read2589_phi_reg_2245                    |  14|          3|   16|         48|
    |p_read266_phi_reg_1946                     |  14|          3|   16|         48|
    |p_read2690_phi_reg_2258                    |  14|          3|   16|         48|
    |p_read2791_phi_reg_2271                    |  14|          3|   16|         48|
    |p_read2892_phi_reg_2284                    |  14|          3|   16|         48|
    |p_read2993_phi_reg_2297                    |  14|          3|   16|         48|
    |p_read3094_phi_reg_2310                    |  14|          3|   16|         48|
    |p_read3195_phi_reg_2323                    |  14|          3|   16|         48|
    |p_read3296_phi_reg_2336                    |  14|          3|   16|         48|
    |p_read3397_phi_reg_2349                    |  14|          3|   16|         48|
    |p_read3498_phi_reg_2362                    |  14|          3|   16|         48|
    |p_read3599_phi_reg_2375                    |  14|          3|   16|         48|
    |p_read36100_phi_reg_2388                   |  14|          3|   16|         48|
    |p_read367_phi_reg_1959                     |  14|          3|   16|         48|
    |p_read37101_phi_reg_2401                   |  14|          3|   16|         48|
    |p_read38102_phi_reg_2414                   |  14|          3|   16|         48|
    |p_read39103_phi_reg_2427                   |  14|          3|   16|         48|
    |p_read40104_phi_reg_2440                   |  14|          3|   16|         48|
    |p_read41105_phi_reg_2453                   |  14|          3|   16|         48|
    |p_read42106_phi_reg_2466                   |  14|          3|   16|         48|
    |p_read43107_phi_reg_2479                   |  14|          3|   16|         48|
    |p_read44108_phi_reg_2492                   |  14|          3|   16|         48|
    |p_read45109_phi_reg_2505                   |  14|          3|   16|         48|
    |p_read46110_phi_reg_2518                   |  14|          3|   16|         48|
    |p_read468_phi_reg_1972                     |  14|          3|   16|         48|
    |p_read47111_phi_reg_2531                   |  14|          3|   16|         48|
    |p_read48112_phi_reg_2544                   |  14|          3|   16|         48|
    |p_read49113_phi_reg_2557                   |  14|          3|   16|         48|
    |p_read50114_phi_reg_2570                   |  14|          3|   16|         48|
    |p_read51115_phi_reg_2583                   |  14|          3|   16|         48|
    |p_read52116_phi_reg_2596                   |  14|          3|   16|         48|
    |p_read53117_phi_reg_2609                   |  14|          3|   16|         48|
    |p_read54118_phi_reg_2622                   |  14|          3|   16|         48|
    |p_read55119_phi_reg_2635                   |  14|          3|   16|         48|
    |p_read56120_phi_reg_2648                   |  14|          3|   16|         48|
    |p_read569_phi_reg_1985                     |  14|          3|   16|         48|
    |p_read57121_phi_reg_2661                   |  14|          3|   16|         48|
    |p_read58122_phi_reg_2674                   |  14|          3|   16|         48|
    |p_read59123_phi_reg_2687                   |  14|          3|   16|         48|
    |p_read60124_phi_reg_2700                   |  14|          3|   16|         48|
    |p_read61125_phi_reg_2713                   |  14|          3|   16|         48|
    |p_read62126_phi_reg_2726                   |  14|          3|   16|         48|
    |p_read63127_phi_reg_2739                   |  14|          3|   16|         48|
    |p_read64_phi_reg_1920                      |  14|          3|   16|         48|
    |p_read670_phi_reg_1998                     |  14|          3|   16|         48|
    |p_read771_phi_reg_2011                     |  14|          3|   16|         48|
    |p_read872_phi_reg_2024                     |  14|          3|   16|         48|
    |p_read973_phi_reg_2037                     |  14|          3|   16|         48|
    |res_0_08_reg_2752                          |   9|          2|   16|         32|
    |res_1_06_reg_2766                          |   9|          2|   16|         32|
    |res_2_04_reg_2780                          |   9|          2|   16|         32|
    |res_3_02_reg_2794                          |   9|          2|   16|         32|
    |w_index1_reg_1907                          |   9|          2|    6|         12|
    +-------------------------------------------+----+-----------+-----+-----------+
    |Total                                      |1955|        420| 2255|       6565|
    +-------------------------------------------+----+-----------+-----+-----------+

    * Register: 
    +----------------------------------+----+----+-----+-----------+
    |               Name               | FF | LUT| Bits| Const Bits|
    +----------------------------------+----+----+-----+-----------+
    |ap_CS_fsm                         |   1|   0|    1|          0|
    |ap_done_reg                       |   1|   0|    1|          0|
    |ap_enable_reg_pp0_iter1           |   1|   0|    1|          0|
    |ap_enable_reg_pp0_iter2           |   1|   0|    1|          0|
    |ap_enable_reg_pp0_iter3           |   1|   0|    1|          0|
    |ap_loop_exit_ready_pp0_iter1_reg  |   1|   0|    1|          0|
    |ap_loop_exit_ready_pp0_iter2_reg  |   1|   0|    1|          0|
    |ap_loop_exit_ready_pp0_iter3_reg  |   1|   0|    1|          0|
    |ap_loop_init_pp0_iter1_reg        |   1|   0|    1|          0|
    |ap_loop_init_pp0_iter2_reg        |   1|   0|    1|          0|
    |ap_loop_init_pp0_iter3_reg        |   1|   0|    1|          0|
    |ap_return_0_preg                  |  16|   0|   16|          0|
    |ap_return_1_preg                  |  16|   0|   16|          0|
    |ap_return_2_preg                  |  16|   0|   16|          0|
    |ap_return_3_preg                  |  16|   0|   16|          0|
    |do_init_reg_1060                  |   1|   0|    1|          0|
    |icmp_ln43_reg_3675                |   1|   0|    1|          0|
    |p_read1074_phi_reg_2050           |  16|   0|   16|          0|
    |p_read1175_phi_reg_2063           |  16|   0|   16|          0|
    |p_read1276_phi_reg_2076           |  16|   0|   16|          0|
    |p_read1377_phi_reg_2089           |  16|   0|   16|          0|
    |p_read1478_phi_reg_2102           |  16|   0|   16|          0|
    |p_read1579_phi_reg_2115           |  16|   0|   16|          0|
    |p_read165_phi_reg_1933            |  16|   0|   16|          0|
    |p_read1680_phi_reg_2128           |  16|   0|   16|          0|
    |p_read1781_phi_reg_2141           |  16|   0|   16|          0|
    |p_read1882_phi_reg_2154           |  16|   0|   16|          0|
    |p_read1983_phi_reg_2167           |  16|   0|   16|          0|
    |p_read2084_phi_reg_2180           |  16|   0|   16|          0|
    |p_read2185_phi_reg_2193           |  16|   0|   16|          0|
    |p_read2286_phi_reg_2206           |  16|   0|   16|          0|
    |p_read2387_phi_reg_2219           |  16|   0|   16|          0|
    |p_read2488_phi_reg_2232           |  16|   0|   16|          0|
    |p_read2589_phi_reg_2245           |  16|   0|   16|          0|
    |p_read266_phi_reg_1946            |  16|   0|   16|          0|
    |p_read2690_phi_reg_2258           |  16|   0|   16|          0|
    |p_read2791_phi_reg_2271           |  16|   0|   16|          0|
    |p_read2892_phi_reg_2284           |  16|   0|   16|          0|
    |p_read2993_phi_reg_2297           |  16|   0|   16|          0|
    |p_read3094_phi_reg_2310           |  16|   0|   16|          0|
    |p_read3195_phi_reg_2323           |  16|   0|   16|          0|
    |p_read3296_phi_reg_2336           |  16|   0|   16|          0|
    |p_read3397_phi_reg_2349           |  16|   0|   16|          0|
    |p_read3498_phi_reg_2362           |  16|   0|   16|          0|
    |p_read3599_phi_reg_2375           |  16|   0|   16|          0|
    |p_read36100_phi_reg_2388          |  16|   0|   16|          0|
    |p_read367_phi_reg_1959            |  16|   0|   16|          0|
    |p_read37101_phi_reg_2401          |  16|   0|   16|          0|
    |p_read38102_phi_reg_2414          |  16|   0|   16|          0|
    |p_read39103_phi_reg_2427          |  16|   0|   16|          0|
    |p_read40104_phi_reg_2440          |  16|   0|   16|          0|
    |p_read41105_phi_reg_2453          |  16|   0|   16|          0|
    |p_read42106_phi_reg_2466          |  16|   0|   16|          0|
    |p_read43107_phi_reg_2479          |  16|   0|   16|          0|
    |p_read44108_phi_reg_2492          |  16|   0|   16|          0|
    |p_read45109_phi_reg_2505          |  16|   0|   16|          0|
    |p_read46110_phi_reg_2518          |  16|   0|   16|          0|
    |p_read468_phi_reg_1972            |  16|   0|   16|          0|
    |p_read47111_phi_reg_2531          |  16|   0|   16|          0|
    |p_read48112_phi_reg_2544          |  16|   0|   16|          0|
    |p_read49113_phi_reg_2557          |  16|   0|   16|          0|
    |p_read50114_phi_reg_2570          |  16|   0|   16|          0|
    |p_read51115_phi_reg_2583          |  16|   0|   16|          0|
    |p_read52116_phi_reg_2596          |  16|   0|   16|          0|
    |p_read53117_phi_reg_2609          |  16|   0|   16|          0|
    |p_read54118_phi_reg_2622          |  16|   0|   16|          0|
    |p_read55119_phi_reg_2635          |  16|   0|   16|          0|
    |p_read56120_phi_reg_2648          |  16|   0|   16|          0|
    |p_read569_phi_reg_1985            |  16|   0|   16|          0|
    |p_read57121_phi_reg_2661          |  16|   0|   16|          0|
    |p_read58122_phi_reg_2674          |  16|   0|   16|          0|
    |p_read59123_phi_reg_2687          |  16|   0|   16|          0|
    |p_read60124_phi_reg_2700          |  16|   0|   16|          0|
    |p_read61125_phi_reg_2713          |  16|   0|   16|          0|
    |p_read62126_phi_reg_2726          |  16|   0|   16|          0|
    |p_read63127_phi_reg_2739          |  16|   0|   16|          0|
    |p_read64_phi_reg_1920             |  16|   0|   16|          0|
    |p_read670_phi_reg_1998            |  16|   0|   16|          0|
    |p_read771_phi_reg_2011            |  16|   0|   16|          0|
    |p_read872_phi_reg_2024            |  16|   0|   16|          0|
    |p_read973_phi_reg_2037            |  16|   0|   16|          0|
    |res_0_08_reg_2752                 |  16|   0|   16|          0|
    |res_1_06_reg_2766                 |  16|   0|   16|          0|
    |res_2_04_reg_2780                 |  16|   0|   16|          0|
    |res_3_02_reg_2794                 |  16|   0|   16|          0|
    |w_index1_reg_1907                 |   6|   0|    6|          0|
    |w_index_reg_3670                  |   6|   0|    6|          0|
    |icmp_ln43_reg_3675                |  64|  32|    1|          0|
    +----------------------------------+----+----+-----+-----------+
    |Total                             |1241|  32| 1178|          0|
    +----------------------------------+----+----+-----+-----------+



================================================================
== Interface
================================================================
* Summary: 
+-------------+-----+-----+------------+-------------------------------------------------------------+--------------+
|  RTL Ports  | Dir | Bits|  Protocol  |                        Source Object                        |    C Type    |
+-------------+-----+-----+------------+-------------------------------------------------------------+--------------+
|ap_clk       |   in|    1|  ap_ctrl_hs|  dense_resource<ap_fixed,ap_fixed<16,6,5,3,0>,config26_mult>|  return value|
|ap_rst       |   in|    1|  ap_ctrl_hs|  dense_resource<ap_fixed,ap_fixed<16,6,5,3,0>,config26_mult>|  return value|
|ap_start     |   in|    1|  ap_ctrl_hs|  dense_resource<ap_fixed,ap_fixed<16,6,5,3,0>,config26_mult>|  return value|
|ap_done      |  out|    1|  ap_ctrl_hs|  dense_resource<ap_fixed,ap_fixed<16,6,5,3,0>,config26_mult>|  return value|
|ap_idle      |  out|    1|  ap_ctrl_hs|  dense_resource<ap_fixed,ap_fixed<16,6,5,3,0>,config26_mult>|  return value|
|ap_ready     |  out|    1|  ap_ctrl_hs|  dense_resource<ap_fixed,ap_fixed<16,6,5,3,0>,config26_mult>|  return value|
|ap_return_0  |  out|   16|  ap_ctrl_hs|  dense_resource<ap_fixed,ap_fixed<16,6,5,3,0>,config26_mult>|  return value|
|ap_return_1  |  out|   16|  ap_ctrl_hs|  dense_resource<ap_fixed,ap_fixed<16,6,5,3,0>,config26_mult>|  return value|
|ap_return_2  |  out|   16|  ap_ctrl_hs|  dense_resource<ap_fixed,ap_fixed<16,6,5,3,0>,config26_mult>|  return value|
|ap_return_3  |  out|   16|  ap_ctrl_hs|  dense_resource<ap_fixed,ap_fixed<16,6,5,3,0>,config26_mult>|  return value|
|p_read       |   in|   16|     ap_none|                                                       p_read|        scalar|
|p_read1      |   in|   16|     ap_none|                                                      p_read1|        scalar|
|p_read2      |   in|   16|     ap_none|                                                      p_read2|        scalar|
|p_read3      |   in|   16|     ap_none|                                                      p_read3|        scalar|
|p_read4      |   in|   16|     ap_none|                                                      p_read4|        scalar|
|p_read5      |   in|   16|     ap_none|                                                      p_read5|        scalar|
|p_read6      |   in|   16|     ap_none|                                                      p_read6|        scalar|
|p_read7      |   in|   16|     ap_none|                                                      p_read7|        scalar|
|p_read8      |   in|   16|     ap_none|                                                      p_read8|        scalar|
|p_read9      |   in|   16|     ap_none|                                                      p_read9|        scalar|
|p_read10     |   in|   16|     ap_none|                                                     p_read10|        scalar|
|p_read11     |   in|   16|     ap_none|                                                     p_read11|        scalar|
|p_read12     |   in|   16|     ap_none|                                                     p_read12|        scalar|
|p_read13     |   in|   16|     ap_none|                                                     p_read13|        scalar|
|p_read14     |   in|   16|     ap_none|                                                     p_read14|        scalar|
|p_read15     |   in|   16|     ap_none|                                                     p_read15|        scalar|
|p_read16     |   in|   16|     ap_none|                                                     p_read16|        scalar|
|p_read17     |   in|   16|     ap_none|                                                     p_read17|        scalar|
|p_read18     |   in|   16|     ap_none|                                                     p_read18|        scalar|
|p_read19     |   in|   16|     ap_none|                                                     p_read19|        scalar|
|p_read20     |   in|   16|     ap_none|                                                     p_read20|        scalar|
|p_read21     |   in|   16|     ap_none|                                                     p_read21|        scalar|
|p_read22     |   in|   16|     ap_none|                                                     p_read22|        scalar|
|p_read23     |   in|   16|     ap_none|                                                     p_read23|        scalar|
|p_read24     |   in|   16|     ap_none|                                                     p_read24|        scalar|
|p_read25     |   in|   16|     ap_none|                                                     p_read25|        scalar|
|p_read26     |   in|   16|     ap_none|                                                     p_read26|        scalar|
|p_read27     |   in|   16|     ap_none|                                                     p_read27|        scalar|
|p_read28     |   in|   16|     ap_none|                                                     p_read28|        scalar|
|p_read29     |   in|   16|     ap_none|                                                     p_read29|        scalar|
|p_read30     |   in|   16|     ap_none|                                                     p_read30|        scalar|
|p_read31     |   in|   16|     ap_none|                                                     p_read31|        scalar|
|p_read32     |   in|   16|     ap_none|                                                     p_read32|        scalar|
|p_read33     |   in|   16|     ap_none|                                                     p_read33|        scalar|
|p_read34     |   in|   16|     ap_none|                                                     p_read34|        scalar|
|p_read35     |   in|   16|     ap_none|                                                     p_read35|        scalar|
|p_read36     |   in|   16|     ap_none|                                                     p_read36|        scalar|
|p_read37     |   in|   16|     ap_none|                                                     p_read37|        scalar|
|p_read38     |   in|   16|     ap_none|                                                     p_read38|        scalar|
|p_read39     |   in|   16|     ap_none|                                                     p_read39|        scalar|
|p_read40     |   in|   16|     ap_none|                                                     p_read40|        scalar|
|p_read41     |   in|   16|     ap_none|                                                     p_read41|        scalar|
|p_read42     |   in|   16|     ap_none|                                                     p_read42|        scalar|
|p_read43     |   in|   16|     ap_none|                                                     p_read43|        scalar|
|p_read44     |   in|   16|     ap_none|                                                     p_read44|        scalar|
|p_read45     |   in|   16|     ap_none|                                                     p_read45|        scalar|
|p_read46     |   in|   16|     ap_none|                                                     p_read46|        scalar|
|p_read47     |   in|   16|     ap_none|                                                     p_read47|        scalar|
|p_read48     |   in|   16|     ap_none|                                                     p_read48|        scalar|
|p_read49     |   in|   16|     ap_none|                                                     p_read49|        scalar|
|p_read50     |   in|   16|     ap_none|                                                     p_read50|        scalar|
|p_read51     |   in|   16|     ap_none|                                                     p_read51|        scalar|
|p_read52     |   in|   16|     ap_none|                                                     p_read52|        scalar|
|p_read53     |   in|   16|     ap_none|                                                     p_read53|        scalar|
|p_read54     |   in|   16|     ap_none|                                                     p_read54|        scalar|
|p_read55     |   in|   16|     ap_none|                                                     p_read55|        scalar|
|p_read56     |   in|   16|     ap_none|                                                     p_read56|        scalar|
|p_read57     |   in|   16|     ap_none|                                                     p_read57|        scalar|
|p_read58     |   in|   16|     ap_none|                                                     p_read58|        scalar|
|p_read59     |   in|   16|     ap_none|                                                     p_read59|        scalar|
|p_read60     |   in|   16|     ap_none|                                                     p_read60|        scalar|
|p_read61     |   in|   16|     ap_none|                                                     p_read61|        scalar|
|p_read62     |   in|   16|     ap_none|                                                     p_read62|        scalar|
|p_read63     |   in|   16|     ap_none|                                                     p_read63|        scalar|
+-------------+-----+-----+------------+-------------------------------------------------------------+--------------+

