

================================================================
== Vitis HLS Report for 'Loop_VITIS_LOOP_74_3_proc40'
================================================================
* Date:           Tue Dec 19 04:18:05 2023

* Version:        2022.2 (Build 3670227 on Oct 13 2022)
* Project:        alveo_hls4ml
* Solution:       solution (Vitis Kernel Flow Target)
* Product family: virtexuplus
* Target device:  xcu55c-fsvh2892-2L-e


================================================================
== Performance Estimates
================================================================
+ Timing: 
    * Summary: 
    +--------+---------+----------+------------+
    |  Clock |  Target | Estimated| Uncertainty|
    +--------+---------+----------+------------+
    |ap_clk  |  4.00 ns|  2.920 ns|     1.08 ns|
    +--------+---------+----------+------------+

+ Latency: 
    * Summary: 
    +---------+---------+-----------+-----------+------+------+---------+
    |  Latency (cycles) |   Latency (absolute)  |   Interval  | Pipeline|
    |   min   |   max   |    min    |    max    |  min |  max |   Type  |
    +---------+---------+-----------+-----------+------+------+---------+
    |     4746|     4746|  18.984 us|  18.984 us|  4746|  4746|       no|
    +---------+---------+-----------+-----------+------+------+---------+

    + Detail: 
        * Instance: 
        +---------------------------------------------------------------------------------+----------------------------------------------------------------------+---------+---------+-----------+-----------+------+------+---------+
        |                                                                                 |                                                                      |  Latency (cycles) |   Latency (absolute)  |   Interval  | Pipeline|
        |                                     Instance                                    |                                Module                                |   min   |   max   |    min    |    max    |  min |  max |   Type  |
        +---------------------------------------------------------------------------------+----------------------------------------------------------------------+---------+---------+-----------+-----------+------+------+---------+
        |grp_Loop_VITIS_LOOP_74_3_proc40_Pipeline_VITIS_LOOP_74_3_VITIS_LOOP_75_4_fu_181  |Loop_VITIS_LOOP_74_3_proc40_Pipeline_VITIS_LOOP_74_3_VITIS_LOOP_75_4  |     4675|     4675|  18.700 us|  18.700 us|  4675|  4675|       no|
        +---------------------------------------------------------------------------------+----------------------------------------------------------------------+---------+---------+-----------+-----------+------+------+---------+

        * Loop: 
        N/A



================================================================
== Utilization Estimates
================================================================
* Summary: 
+---------------------+---------+------+---------+---------+-----+
|         Name        | BRAM_18K|  DSP |    FF   |   LUT   | URAM|
+---------------------+---------+------+---------+---------+-----+
|DSP                  |        -|     -|        -|        -|    -|
|Expression           |        -|     -|        0|        2|    -|
|FIFO                 |        -|     -|        -|        -|    -|
|Instance             |        -|     -|     1051|     1163|    -|
|Memory               |        -|     -|        -|        -|    -|
|Multiplexer          |        -|     -|        -|     1057|    -|
|Register             |        -|     -|      132|        -|    -|
+---------------------+---------+------+---------+---------+-----+
|Total                |        0|     0|     1183|     2222|    0|
+---------------------+---------+------+---------+---------+-----+
|Available SLR        |     1344|  3008|   869120|   434560|  320|
+---------------------+---------+------+---------+---------+-----+
|Utilization SLR (%)  |        0|     0|       ~0|       ~0|    0|
+---------------------+---------+------+---------+---------+-----+
|Available            |     4032|  9024|  2607360|  1303680|  960|
+---------------------+---------+------+---------+---------+-----+
|Utilization (%)      |        0|     0|       ~0|       ~0|    0|
+---------------------+---------+------+---------+---------+-----+

+ Detail: 
    * Instance: 
    +---------------------------------------------------------------------------------+----------------------------------------------------------------------+---------+----+------+------+-----+
    |                                     Instance                                    |                                Module                                | BRAM_18K| DSP|  FF  |  LUT | URAM|
    +---------------------------------------------------------------------------------+----------------------------------------------------------------------+---------+----+------+------+-----+
    |grp_Loop_VITIS_LOOP_74_3_proc40_Pipeline_VITIS_LOOP_74_3_VITIS_LOOP_75_4_fu_181  |Loop_VITIS_LOOP_74_3_proc40_Pipeline_VITIS_LOOP_74_3_VITIS_LOOP_75_4  |        0|   0|  1051|  1163|    0|
    +---------------------------------------------------------------------------------+----------------------------------------------------------------------+---------+----+------+------+-----+
    |Total                                                                            |                                                                      |        0|   0|  1051|  1163|    0|
    +---------------------------------------------------------------------------------+----------------------------------------------------------------------+---------+----+------+------+-----+

    * DSP: 
    N/A

    * Memory: 
    N/A

    * FIFO: 
    N/A

    * Expression: 
    +-----------------+----------+----+---+----+------------+------------+
    |  Variable Name  | Operation| DSP| FF| LUT| Bitwidth P0| Bitwidth P1|
    +-----------------+----------+----+---+----+------------+------------+
    |ap_block_state1  |        or|   0|  0|   2|           1|           1|
    +-----------------+----------+----+---+----+------------+------------+
    |Total            |          |   0|  0|   2|           1|           1|
    +-----------------+----------+----+---+----+------------+------------+

    * Multiplexer: 
    +----------------------+-----+-----------+-----+-----------+
    |         Name         | LUT | Input Size| Bits| Total Bits|
    +----------------------+-----+-----------+-----+-----------+
    |ap_NS_fsm             |  331|         73|    1|         73|
    |ap_done               |    9|          2|    1|          2|
    |gmem1_blk_n_AR        |    9|          2|    1|          2|
    |in_stream2_0_write    |    9|          2|    1|          2|
    |in_stream2_10_write   |    9|          2|    1|          2|
    |in_stream2_11_write   |    9|          2|    1|          2|
    |in_stream2_12_write   |    9|          2|    1|          2|
    |in_stream2_13_write   |    9|          2|    1|          2|
    |in_stream2_14_write   |    9|          2|    1|          2|
    |in_stream2_15_write   |    9|          2|    1|          2|
    |in_stream2_16_write   |    9|          2|    1|          2|
    |in_stream2_17_write   |    9|          2|    1|          2|
    |in_stream2_18_write   |    9|          2|    1|          2|
    |in_stream2_19_write   |    9|          2|    1|          2|
    |in_stream2_1_write    |    9|          2|    1|          2|
    |in_stream2_20_write   |    9|          2|    1|          2|
    |in_stream2_21_write   |    9|          2|    1|          2|
    |in_stream2_22_write   |    9|          2|    1|          2|
    |in_stream2_23_write   |    9|          2|    1|          2|
    |in_stream2_24_write   |    9|          2|    1|          2|
    |in_stream2_25_write   |    9|          2|    1|          2|
    |in_stream2_26_write   |    9|          2|    1|          2|
    |in_stream2_27_write   |    9|          2|    1|          2|
    |in_stream2_28_write   |    9|          2|    1|          2|
    |in_stream2_29_write   |    9|          2|    1|          2|
    |in_stream2_2_write    |    9|          2|    1|          2|
    |in_stream2_30_write   |    9|          2|    1|          2|
    |in_stream2_31_write   |    9|          2|    1|          2|
    |in_stream2_32_write   |    9|          2|    1|          2|
    |in_stream2_33_write   |    9|          2|    1|          2|
    |in_stream2_34_write   |    9|          2|    1|          2|
    |in_stream2_35_write   |    9|          2|    1|          2|
    |in_stream2_36_write   |    9|          2|    1|          2|
    |in_stream2_37_write   |    9|          2|    1|          2|
    |in_stream2_38_write   |    9|          2|    1|          2|
    |in_stream2_39_write   |    9|          2|    1|          2|
    |in_stream2_3_write    |    9|          2|    1|          2|
    |in_stream2_40_write   |    9|          2|    1|          2|
    |in_stream2_41_write   |    9|          2|    1|          2|
    |in_stream2_42_write   |    9|          2|    1|          2|
    |in_stream2_43_write   |    9|          2|    1|          2|
    |in_stream2_44_write   |    9|          2|    1|          2|
    |in_stream2_45_write   |    9|          2|    1|          2|
    |in_stream2_46_write   |    9|          2|    1|          2|
    |in_stream2_47_write   |    9|          2|    1|          2|
    |in_stream2_48_write   |    9|          2|    1|          2|
    |in_stream2_49_write   |    9|          2|    1|          2|
    |in_stream2_4_write    |    9|          2|    1|          2|
    |in_stream2_50_write   |    9|          2|    1|          2|
    |in_stream2_51_write   |    9|          2|    1|          2|
    |in_stream2_52_write   |    9|          2|    1|          2|
    |in_stream2_53_write   |    9|          2|    1|          2|
    |in_stream2_54_write   |    9|          2|    1|          2|
    |in_stream2_55_write   |    9|          2|    1|          2|
    |in_stream2_56_write   |    9|          2|    1|          2|
    |in_stream2_57_write   |    9|          2|    1|          2|
    |in_stream2_58_write   |    9|          2|    1|          2|
    |in_stream2_59_write   |    9|          2|    1|          2|
    |in_stream2_5_write    |    9|          2|    1|          2|
    |in_stream2_60_write   |    9|          2|    1|          2|
    |in_stream2_61_write   |    9|          2|    1|          2|
    |in_stream2_62_write   |    9|          2|    1|          2|
    |in_stream2_63_write   |    9|          2|    1|          2|
    |in_stream2_6_write    |    9|          2|    1|          2|
    |in_stream2_7_write    |    9|          2|    1|          2|
    |in_stream2_8_write    |    9|          2|    1|          2|
    |in_stream2_9_write    |    9|          2|    1|          2|
    |m_axi_gmem1_ARADDR    |   14|          3|   64|        192|
    |m_axi_gmem1_ARBURST   |    9|          2|    2|          4|
    |m_axi_gmem1_ARCACHE   |    9|          2|    4|          8|
    |m_axi_gmem1_ARID      |    9|          2|    1|          2|
    |m_axi_gmem1_ARLEN     |   14|          3|   32|         96|
    |m_axi_gmem1_ARLOCK    |    9|          2|    2|          4|
    |m_axi_gmem1_ARPROT    |    9|          2|    3|          6|
    |m_axi_gmem1_ARQOS     |    9|          2|    4|          8|
    |m_axi_gmem1_ARREGION  |    9|          2|    4|          8|
    |m_axi_gmem1_ARSIZE    |    9|          2|    3|          6|
    |m_axi_gmem1_ARUSER    |    9|          2|    1|          2|
    |m_axi_gmem1_ARVALID   |   14|          3|    1|          3|
    |m_axi_gmem1_RREADY    |    9|          2|    1|          2|
    +----------------------+-----+-----------+-----+-----------+
    |Total                 | 1057|        234|  189|        546|
    +----------------------+-----+-----------+-----+-----------+

    * Register: 
    +----------------------------------------------------------------------------------------------+----+----+-----+-----------+
    |                                             Name                                             | FF | LUT| Bits| Const Bits|
    +----------------------------------------------------------------------------------------------+----+----+-----+-----------+
    |ap_CS_fsm                                                                                     |  72|   0|   72|          0|
    |ap_done_reg                                                                                   |   1|   0|    1|          0|
    |grp_Loop_VITIS_LOOP_74_3_proc40_Pipeline_VITIS_LOOP_74_3_VITIS_LOOP_75_4_fu_181_ap_start_reg  |   1|   0|    1|          0|
    |trunc_ln_reg_337                                                                              |  58|   0|   58|          0|
    +----------------------------------------------------------------------------------------------+----+----+-----+-----------+
    |Total                                                                                         | 132|   0|  132|          0|
    +----------------------------------------------------------------------------------------------+----+----+-----+-----------+



================================================================
== Interface
================================================================
* Summary: 
+------------------------------+-----+-----+------------+-----------------------------+--------------+
|           RTL Ports          | Dir | Bits|  Protocol  |        Source Object        |    C Type    |
+------------------------------+-----+-----+------------+-----------------------------+--------------+
|ap_clk                        |   in|    1|  ap_ctrl_hs|  Loop_VITIS_LOOP_74_3_proc40|  return value|
|ap_rst                        |   in|    1|  ap_ctrl_hs|  Loop_VITIS_LOOP_74_3_proc40|  return value|
|ap_start                      |   in|    1|  ap_ctrl_hs|  Loop_VITIS_LOOP_74_3_proc40|  return value|
|ap_done                       |  out|    1|  ap_ctrl_hs|  Loop_VITIS_LOOP_74_3_proc40|  return value|
|ap_continue                   |   in|    1|  ap_ctrl_hs|  Loop_VITIS_LOOP_74_3_proc40|  return value|
|ap_idle                       |  out|    1|  ap_ctrl_hs|  Loop_VITIS_LOOP_74_3_proc40|  return value|
|ap_ready                      |  out|    1|  ap_ctrl_hs|  Loop_VITIS_LOOP_74_3_proc40|  return value|
|in2                           |   in|   64|     ap_none|                          in2|        scalar|
|m_axi_gmem1_AWVALID           |  out|    1|       m_axi|                        gmem1|       pointer|
|m_axi_gmem1_AWREADY           |   in|    1|       m_axi|                        gmem1|       pointer|
|m_axi_gmem1_AWADDR            |  out|   64|       m_axi|                        gmem1|       pointer|
|m_axi_gmem1_AWID              |  out|    1|       m_axi|                        gmem1|       pointer|
|m_axi_gmem1_AWLEN             |  out|   32|       m_axi|                        gmem1|       pointer|
|m_axi_gmem1_AWSIZE            |  out|    3|       m_axi|                        gmem1|       pointer|
|m_axi_gmem1_AWBURST           |  out|    2|       m_axi|                        gmem1|       pointer|
|m_axi_gmem1_AWLOCK            |  out|    2|       m_axi|                        gmem1|       pointer|
|m_axi_gmem1_AWCACHE           |  out|    4|       m_axi|                        gmem1|       pointer|
|m_axi_gmem1_AWPROT            |  out|    3|       m_axi|                        gmem1|       pointer|
|m_axi_gmem1_AWQOS             |  out|    4|       m_axi|                        gmem1|       pointer|
|m_axi_gmem1_AWREGION          |  out|    4|       m_axi|                        gmem1|       pointer|
|m_axi_gmem1_AWUSER            |  out|    1|       m_axi|                        gmem1|       pointer|
|m_axi_gmem1_WVALID            |  out|    1|       m_axi|                        gmem1|       pointer|
|m_axi_gmem1_WREADY            |   in|    1|       m_axi|                        gmem1|       pointer|
|m_axi_gmem1_WDATA             |  out|  512|       m_axi|                        gmem1|       pointer|
|m_axi_gmem1_WSTRB             |  out|   64|       m_axi|                        gmem1|       pointer|
|m_axi_gmem1_WLAST             |  out|    1|       m_axi|                        gmem1|       pointer|
|m_axi_gmem1_WID               |  out|    1|       m_axi|                        gmem1|       pointer|
|m_axi_gmem1_WUSER             |  out|    1|       m_axi|                        gmem1|       pointer|
|m_axi_gmem1_ARVALID           |  out|    1|       m_axi|                        gmem1|       pointer|
|m_axi_gmem1_ARREADY           |   in|    1|       m_axi|                        gmem1|       pointer|
|m_axi_gmem1_ARADDR            |  out|   64|       m_axi|                        gmem1|       pointer|
|m_axi_gmem1_ARID              |  out|    1|       m_axi|                        gmem1|       pointer|
|m_axi_gmem1_ARLEN             |  out|   32|       m_axi|                        gmem1|       pointer|
|m_axi_gmem1_ARSIZE            |  out|    3|       m_axi|                        gmem1|       pointer|
|m_axi_gmem1_ARBURST           |  out|    2|       m_axi|                        gmem1|       pointer|
|m_axi_gmem1_ARLOCK            |  out|    2|       m_axi|                        gmem1|       pointer|
|m_axi_gmem1_ARCACHE           |  out|    4|       m_axi|                        gmem1|       pointer|
|m_axi_gmem1_ARPROT            |  out|    3|       m_axi|                        gmem1|       pointer|
|m_axi_gmem1_ARQOS             |  out|    4|       m_axi|                        gmem1|       pointer|
|m_axi_gmem1_ARREGION          |  out|    4|       m_axi|                        gmem1|       pointer|
|m_axi_gmem1_ARUSER            |  out|    1|       m_axi|                        gmem1|       pointer|
|m_axi_gmem1_RVALID            |   in|    1|       m_axi|                        gmem1|       pointer|
|m_axi_gmem1_RREADY            |  out|    1|       m_axi|                        gmem1|       pointer|
|m_axi_gmem1_RDATA             |   in|  512|       m_axi|                        gmem1|       pointer|
|m_axi_gmem1_RLAST             |   in|    1|       m_axi|                        gmem1|       pointer|
|m_axi_gmem1_RID               |   in|    1|       m_axi|                        gmem1|       pointer|
|m_axi_gmem1_RFIFONUM          |   in|    9|       m_axi|                        gmem1|       pointer|
|m_axi_gmem1_RUSER             |   in|    1|       m_axi|                        gmem1|       pointer|
|m_axi_gmem1_RRESP             |   in|    2|       m_axi|                        gmem1|       pointer|
|m_axi_gmem1_BVALID            |   in|    1|       m_axi|                        gmem1|       pointer|
|m_axi_gmem1_BREADY            |  out|    1|       m_axi|                        gmem1|       pointer|
|m_axi_gmem1_BRESP             |   in|    2|       m_axi|                        gmem1|       pointer|
|m_axi_gmem1_BID               |   in|    1|       m_axi|                        gmem1|       pointer|
|m_axi_gmem1_BUSER             |   in|    1|       m_axi|                        gmem1|       pointer|
|in_stream2_0_din              |  out|   16|     ap_fifo|                 in_stream2_0|       pointer|
|in_stream2_0_num_data_valid   |   in|    8|     ap_fifo|                 in_stream2_0|       pointer|
|in_stream2_0_fifo_cap         |   in|    8|     ap_fifo|                 in_stream2_0|       pointer|
|in_stream2_0_full_n           |   in|    1|     ap_fifo|                 in_stream2_0|       pointer|
|in_stream2_0_write            |  out|    1|     ap_fifo|                 in_stream2_0|       pointer|
|in_stream2_1_din              |  out|   16|     ap_fifo|                 in_stream2_1|       pointer|
|in_stream2_1_num_data_valid   |   in|    8|     ap_fifo|                 in_stream2_1|       pointer|
|in_stream2_1_fifo_cap         |   in|    8|     ap_fifo|                 in_stream2_1|       pointer|
|in_stream2_1_full_n           |   in|    1|     ap_fifo|                 in_stream2_1|       pointer|
|in_stream2_1_write            |  out|    1|     ap_fifo|                 in_stream2_1|       pointer|
|in_stream2_2_din              |  out|   16|     ap_fifo|                 in_stream2_2|       pointer|
|in_stream2_2_num_data_valid   |   in|    8|     ap_fifo|                 in_stream2_2|       pointer|
|in_stream2_2_fifo_cap         |   in|    8|     ap_fifo|                 in_stream2_2|       pointer|
|in_stream2_2_full_n           |   in|    1|     ap_fifo|                 in_stream2_2|       pointer|
|in_stream2_2_write            |  out|    1|     ap_fifo|                 in_stream2_2|       pointer|
|in_stream2_3_din              |  out|   16|     ap_fifo|                 in_stream2_3|       pointer|
|in_stream2_3_num_data_valid   |   in|    8|     ap_fifo|                 in_stream2_3|       pointer|
|in_stream2_3_fifo_cap         |   in|    8|     ap_fifo|                 in_stream2_3|       pointer|
|in_stream2_3_full_n           |   in|    1|     ap_fifo|                 in_stream2_3|       pointer|
|in_stream2_3_write            |  out|    1|     ap_fifo|                 in_stream2_3|       pointer|
|in_stream2_4_din              |  out|   16|     ap_fifo|                 in_stream2_4|       pointer|
|in_stream2_4_num_data_valid   |   in|    8|     ap_fifo|                 in_stream2_4|       pointer|
|in_stream2_4_fifo_cap         |   in|    8|     ap_fifo|                 in_stream2_4|       pointer|
|in_stream2_4_full_n           |   in|    1|     ap_fifo|                 in_stream2_4|       pointer|
|in_stream2_4_write            |  out|    1|     ap_fifo|                 in_stream2_4|       pointer|
|in_stream2_5_din              |  out|   16|     ap_fifo|                 in_stream2_5|       pointer|
|in_stream2_5_num_data_valid   |   in|    8|     ap_fifo|                 in_stream2_5|       pointer|
|in_stream2_5_fifo_cap         |   in|    8|     ap_fifo|                 in_stream2_5|       pointer|
|in_stream2_5_full_n           |   in|    1|     ap_fifo|                 in_stream2_5|       pointer|
|in_stream2_5_write            |  out|    1|     ap_fifo|                 in_stream2_5|       pointer|
|in_stream2_6_din              |  out|   16|     ap_fifo|                 in_stream2_6|       pointer|
|in_stream2_6_num_data_valid   |   in|    8|     ap_fifo|                 in_stream2_6|       pointer|
|in_stream2_6_fifo_cap         |   in|    8|     ap_fifo|                 in_stream2_6|       pointer|
|in_stream2_6_full_n           |   in|    1|     ap_fifo|                 in_stream2_6|       pointer|
|in_stream2_6_write            |  out|    1|     ap_fifo|                 in_stream2_6|       pointer|
|in_stream2_7_din              |  out|   16|     ap_fifo|                 in_stream2_7|       pointer|
|in_stream2_7_num_data_valid   |   in|    8|     ap_fifo|                 in_stream2_7|       pointer|
|in_stream2_7_fifo_cap         |   in|    8|     ap_fifo|                 in_stream2_7|       pointer|
|in_stream2_7_full_n           |   in|    1|     ap_fifo|                 in_stream2_7|       pointer|
|in_stream2_7_write            |  out|    1|     ap_fifo|                 in_stream2_7|       pointer|
|in_stream2_8_din              |  out|   16|     ap_fifo|                 in_stream2_8|       pointer|
|in_stream2_8_num_data_valid   |   in|    8|     ap_fifo|                 in_stream2_8|       pointer|
|in_stream2_8_fifo_cap         |   in|    8|     ap_fifo|                 in_stream2_8|       pointer|
|in_stream2_8_full_n           |   in|    1|     ap_fifo|                 in_stream2_8|       pointer|
|in_stream2_8_write            |  out|    1|     ap_fifo|                 in_stream2_8|       pointer|
|in_stream2_9_din              |  out|   16|     ap_fifo|                 in_stream2_9|       pointer|
|in_stream2_9_num_data_valid   |   in|    8|     ap_fifo|                 in_stream2_9|       pointer|
|in_stream2_9_fifo_cap         |   in|    8|     ap_fifo|                 in_stream2_9|       pointer|
|in_stream2_9_full_n           |   in|    1|     ap_fifo|                 in_stream2_9|       pointer|
|in_stream2_9_write            |  out|    1|     ap_fifo|                 in_stream2_9|       pointer|
|in_stream2_10_din             |  out|   16|     ap_fifo|                in_stream2_10|       pointer|
|in_stream2_10_num_data_valid  |   in|    8|     ap_fifo|                in_stream2_10|       pointer|
|in_stream2_10_fifo_cap        |   in|    8|     ap_fifo|                in_stream2_10|       pointer|
|in_stream2_10_full_n          |   in|    1|     ap_fifo|                in_stream2_10|       pointer|
|in_stream2_10_write           |  out|    1|     ap_fifo|                in_stream2_10|       pointer|
|in_stream2_11_din             |  out|   16|     ap_fifo|                in_stream2_11|       pointer|
|in_stream2_11_num_data_valid  |   in|    8|     ap_fifo|                in_stream2_11|       pointer|
|in_stream2_11_fifo_cap        |   in|    8|     ap_fifo|                in_stream2_11|       pointer|
|in_stream2_11_full_n          |   in|    1|     ap_fifo|                in_stream2_11|       pointer|
|in_stream2_11_write           |  out|    1|     ap_fifo|                in_stream2_11|       pointer|
|in_stream2_12_din             |  out|   16|     ap_fifo|                in_stream2_12|       pointer|
|in_stream2_12_num_data_valid  |   in|    8|     ap_fifo|                in_stream2_12|       pointer|
|in_stream2_12_fifo_cap        |   in|    8|     ap_fifo|                in_stream2_12|       pointer|
|in_stream2_12_full_n          |   in|    1|     ap_fifo|                in_stream2_12|       pointer|
|in_stream2_12_write           |  out|    1|     ap_fifo|                in_stream2_12|       pointer|
|in_stream2_13_din             |  out|   16|     ap_fifo|                in_stream2_13|       pointer|
|in_stream2_13_num_data_valid  |   in|    8|     ap_fifo|                in_stream2_13|       pointer|
|in_stream2_13_fifo_cap        |   in|    8|     ap_fifo|                in_stream2_13|       pointer|
|in_stream2_13_full_n          |   in|    1|     ap_fifo|                in_stream2_13|       pointer|
|in_stream2_13_write           |  out|    1|     ap_fifo|                in_stream2_13|       pointer|
|in_stream2_14_din             |  out|   16|     ap_fifo|                in_stream2_14|       pointer|
|in_stream2_14_num_data_valid  |   in|    8|     ap_fifo|                in_stream2_14|       pointer|
|in_stream2_14_fifo_cap        |   in|    8|     ap_fifo|                in_stream2_14|       pointer|
|in_stream2_14_full_n          |   in|    1|     ap_fifo|                in_stream2_14|       pointer|
|in_stream2_14_write           |  out|    1|     ap_fifo|                in_stream2_14|       pointer|
|in_stream2_15_din             |  out|   16|     ap_fifo|                in_stream2_15|       pointer|
|in_stream2_15_num_data_valid  |   in|    8|     ap_fifo|                in_stream2_15|       pointer|
|in_stream2_15_fifo_cap        |   in|    8|     ap_fifo|                in_stream2_15|       pointer|
|in_stream2_15_full_n          |   in|    1|     ap_fifo|                in_stream2_15|       pointer|
|in_stream2_15_write           |  out|    1|     ap_fifo|                in_stream2_15|       pointer|
|in_stream2_16_din             |  out|   16|     ap_fifo|                in_stream2_16|       pointer|
|in_stream2_16_num_data_valid  |   in|    8|     ap_fifo|                in_stream2_16|       pointer|
|in_stream2_16_fifo_cap        |   in|    8|     ap_fifo|                in_stream2_16|       pointer|
|in_stream2_16_full_n          |   in|    1|     ap_fifo|                in_stream2_16|       pointer|
|in_stream2_16_write           |  out|    1|     ap_fifo|                in_stream2_16|       pointer|
|in_stream2_17_din             |  out|   16|     ap_fifo|                in_stream2_17|       pointer|
|in_stream2_17_num_data_valid  |   in|    8|     ap_fifo|                in_stream2_17|       pointer|
|in_stream2_17_fifo_cap        |   in|    8|     ap_fifo|                in_stream2_17|       pointer|
|in_stream2_17_full_n          |   in|    1|     ap_fifo|                in_stream2_17|       pointer|
|in_stream2_17_write           |  out|    1|     ap_fifo|                in_stream2_17|       pointer|
|in_stream2_18_din             |  out|   16|     ap_fifo|                in_stream2_18|       pointer|
|in_stream2_18_num_data_valid  |   in|    8|     ap_fifo|                in_stream2_18|       pointer|
|in_stream2_18_fifo_cap        |   in|    8|     ap_fifo|                in_stream2_18|       pointer|
|in_stream2_18_full_n          |   in|    1|     ap_fifo|                in_stream2_18|       pointer|
|in_stream2_18_write           |  out|    1|     ap_fifo|                in_stream2_18|       pointer|
|in_stream2_19_din             |  out|   16|     ap_fifo|                in_stream2_19|       pointer|
|in_stream2_19_num_data_valid  |   in|    8|     ap_fifo|                in_stream2_19|       pointer|
|in_stream2_19_fifo_cap        |   in|    8|     ap_fifo|                in_stream2_19|       pointer|
|in_stream2_19_full_n          |   in|    1|     ap_fifo|                in_stream2_19|       pointer|
|in_stream2_19_write           |  out|    1|     ap_fifo|                in_stream2_19|       pointer|
|in_stream2_20_din             |  out|   16|     ap_fifo|                in_stream2_20|       pointer|
|in_stream2_20_num_data_valid  |   in|    8|     ap_fifo|                in_stream2_20|       pointer|
|in_stream2_20_fifo_cap        |   in|    8|     ap_fifo|                in_stream2_20|       pointer|
|in_stream2_20_full_n          |   in|    1|     ap_fifo|                in_stream2_20|       pointer|
|in_stream2_20_write           |  out|    1|     ap_fifo|                in_stream2_20|       pointer|
|in_stream2_21_din             |  out|   16|     ap_fifo|                in_stream2_21|       pointer|
|in_stream2_21_num_data_valid  |   in|    8|     ap_fifo|                in_stream2_21|       pointer|
|in_stream2_21_fifo_cap        |   in|    8|     ap_fifo|                in_stream2_21|       pointer|
|in_stream2_21_full_n          |   in|    1|     ap_fifo|                in_stream2_21|       pointer|
|in_stream2_21_write           |  out|    1|     ap_fifo|                in_stream2_21|       pointer|
|in_stream2_22_din             |  out|   16|     ap_fifo|                in_stream2_22|       pointer|
|in_stream2_22_num_data_valid  |   in|    8|     ap_fifo|                in_stream2_22|       pointer|
|in_stream2_22_fifo_cap        |   in|    8|     ap_fifo|                in_stream2_22|       pointer|
|in_stream2_22_full_n          |   in|    1|     ap_fifo|                in_stream2_22|       pointer|
|in_stream2_22_write           |  out|    1|     ap_fifo|                in_stream2_22|       pointer|
|in_stream2_23_din             |  out|   16|     ap_fifo|                in_stream2_23|       pointer|
|in_stream2_23_num_data_valid  |   in|    8|     ap_fifo|                in_stream2_23|       pointer|
|in_stream2_23_fifo_cap        |   in|    8|     ap_fifo|                in_stream2_23|       pointer|
|in_stream2_23_full_n          |   in|    1|     ap_fifo|                in_stream2_23|       pointer|
|in_stream2_23_write           |  out|    1|     ap_fifo|                in_stream2_23|       pointer|
|in_stream2_24_din             |  out|   16|     ap_fifo|                in_stream2_24|       pointer|
|in_stream2_24_num_data_valid  |   in|    8|     ap_fifo|                in_stream2_24|       pointer|
|in_stream2_24_fifo_cap        |   in|    8|     ap_fifo|                in_stream2_24|       pointer|
|in_stream2_24_full_n          |   in|    1|     ap_fifo|                in_stream2_24|       pointer|
|in_stream2_24_write           |  out|    1|     ap_fifo|                in_stream2_24|       pointer|
|in_stream2_25_din             |  out|   16|     ap_fifo|                in_stream2_25|       pointer|
|in_stream2_25_num_data_valid  |   in|    8|     ap_fifo|                in_stream2_25|       pointer|
|in_stream2_25_fifo_cap        |   in|    8|     ap_fifo|                in_stream2_25|       pointer|
|in_stream2_25_full_n          |   in|    1|     ap_fifo|                in_stream2_25|       pointer|
|in_stream2_25_write           |  out|    1|     ap_fifo|                in_stream2_25|       pointer|
|in_stream2_26_din             |  out|   16|     ap_fifo|                in_stream2_26|       pointer|
|in_stream2_26_num_data_valid  |   in|    8|     ap_fifo|                in_stream2_26|       pointer|
|in_stream2_26_fifo_cap        |   in|    8|     ap_fifo|                in_stream2_26|       pointer|
|in_stream2_26_full_n          |   in|    1|     ap_fifo|                in_stream2_26|       pointer|
|in_stream2_26_write           |  out|    1|     ap_fifo|                in_stream2_26|       pointer|
|in_stream2_27_din             |  out|   16|     ap_fifo|                in_stream2_27|       pointer|
|in_stream2_27_num_data_valid  |   in|    8|     ap_fifo|                in_stream2_27|       pointer|
|in_stream2_27_fifo_cap        |   in|    8|     ap_fifo|                in_stream2_27|       pointer|
|in_stream2_27_full_n          |   in|    1|     ap_fifo|                in_stream2_27|       pointer|
|in_stream2_27_write           |  out|    1|     ap_fifo|                in_stream2_27|       pointer|
|in_stream2_28_din             |  out|   16|     ap_fifo|                in_stream2_28|       pointer|
|in_stream2_28_num_data_valid  |   in|    8|     ap_fifo|                in_stream2_28|       pointer|
|in_stream2_28_fifo_cap        |   in|    8|     ap_fifo|                in_stream2_28|       pointer|
|in_stream2_28_full_n          |   in|    1|     ap_fifo|                in_stream2_28|       pointer|
|in_stream2_28_write           |  out|    1|     ap_fifo|                in_stream2_28|       pointer|
|in_stream2_29_din             |  out|   16|     ap_fifo|                in_stream2_29|       pointer|
|in_stream2_29_num_data_valid  |   in|    8|     ap_fifo|                in_stream2_29|       pointer|
|in_stream2_29_fifo_cap        |   in|    8|     ap_fifo|                in_stream2_29|       pointer|
|in_stream2_29_full_n          |   in|    1|     ap_fifo|                in_stream2_29|       pointer|
|in_stream2_29_write           |  out|    1|     ap_fifo|                in_stream2_29|       pointer|
|in_stream2_30_din             |  out|   16|     ap_fifo|                in_stream2_30|       pointer|
|in_stream2_30_num_data_valid  |   in|    8|     ap_fifo|                in_stream2_30|       pointer|
|in_stream2_30_fifo_cap        |   in|    8|     ap_fifo|                in_stream2_30|       pointer|
|in_stream2_30_full_n          |   in|    1|     ap_fifo|                in_stream2_30|       pointer|
|in_stream2_30_write           |  out|    1|     ap_fifo|                in_stream2_30|       pointer|
|in_stream2_31_din             |  out|   16|     ap_fifo|                in_stream2_31|       pointer|
|in_stream2_31_num_data_valid  |   in|    8|     ap_fifo|                in_stream2_31|       pointer|
|in_stream2_31_fifo_cap        |   in|    8|     ap_fifo|                in_stream2_31|       pointer|
|in_stream2_31_full_n          |   in|    1|     ap_fifo|                in_stream2_31|       pointer|
|in_stream2_31_write           |  out|    1|     ap_fifo|                in_stream2_31|       pointer|
|in_stream2_32_din             |  out|   16|     ap_fifo|                in_stream2_32|       pointer|
|in_stream2_32_num_data_valid  |   in|    8|     ap_fifo|                in_stream2_32|       pointer|
|in_stream2_32_fifo_cap        |   in|    8|     ap_fifo|                in_stream2_32|       pointer|
|in_stream2_32_full_n          |   in|    1|     ap_fifo|                in_stream2_32|       pointer|
|in_stream2_32_write           |  out|    1|     ap_fifo|                in_stream2_32|       pointer|
|in_stream2_33_din             |  out|   16|     ap_fifo|                in_stream2_33|       pointer|
|in_stream2_33_num_data_valid  |   in|    8|     ap_fifo|                in_stream2_33|       pointer|
|in_stream2_33_fifo_cap        |   in|    8|     ap_fifo|                in_stream2_33|       pointer|
|in_stream2_33_full_n          |   in|    1|     ap_fifo|                in_stream2_33|       pointer|
|in_stream2_33_write           |  out|    1|     ap_fifo|                in_stream2_33|       pointer|
|in_stream2_34_din             |  out|   16|     ap_fifo|                in_stream2_34|       pointer|
|in_stream2_34_num_data_valid  |   in|    8|     ap_fifo|                in_stream2_34|       pointer|
|in_stream2_34_fifo_cap        |   in|    8|     ap_fifo|                in_stream2_34|       pointer|
|in_stream2_34_full_n          |   in|    1|     ap_fifo|                in_stream2_34|       pointer|
|in_stream2_34_write           |  out|    1|     ap_fifo|                in_stream2_34|       pointer|
|in_stream2_35_din             |  out|   16|     ap_fifo|                in_stream2_35|       pointer|
|in_stream2_35_num_data_valid  |   in|    8|     ap_fifo|                in_stream2_35|       pointer|
|in_stream2_35_fifo_cap        |   in|    8|     ap_fifo|                in_stream2_35|       pointer|
|in_stream2_35_full_n          |   in|    1|     ap_fifo|                in_stream2_35|       pointer|
|in_stream2_35_write           |  out|    1|     ap_fifo|                in_stream2_35|       pointer|
|in_stream2_36_din             |  out|   16|     ap_fifo|                in_stream2_36|       pointer|
|in_stream2_36_num_data_valid  |   in|    8|     ap_fifo|                in_stream2_36|       pointer|
|in_stream2_36_fifo_cap        |   in|    8|     ap_fifo|                in_stream2_36|       pointer|
|in_stream2_36_full_n          |   in|    1|     ap_fifo|                in_stream2_36|       pointer|
|in_stream2_36_write           |  out|    1|     ap_fifo|                in_stream2_36|       pointer|
|in_stream2_37_din             |  out|   16|     ap_fifo|                in_stream2_37|       pointer|
|in_stream2_37_num_data_valid  |   in|    8|     ap_fifo|                in_stream2_37|       pointer|
|in_stream2_37_fifo_cap        |   in|    8|     ap_fifo|                in_stream2_37|       pointer|
|in_stream2_37_full_n          |   in|    1|     ap_fifo|                in_stream2_37|       pointer|
|in_stream2_37_write           |  out|    1|     ap_fifo|                in_stream2_37|       pointer|
|in_stream2_38_din             |  out|   16|     ap_fifo|                in_stream2_38|       pointer|
|in_stream2_38_num_data_valid  |   in|    8|     ap_fifo|                in_stream2_38|       pointer|
|in_stream2_38_fifo_cap        |   in|    8|     ap_fifo|                in_stream2_38|       pointer|
|in_stream2_38_full_n          |   in|    1|     ap_fifo|                in_stream2_38|       pointer|
|in_stream2_38_write           |  out|    1|     ap_fifo|                in_stream2_38|       pointer|
|in_stream2_39_din             |  out|   16|     ap_fifo|                in_stream2_39|       pointer|
|in_stream2_39_num_data_valid  |   in|    8|     ap_fifo|                in_stream2_39|       pointer|
|in_stream2_39_fifo_cap        |   in|    8|     ap_fifo|                in_stream2_39|       pointer|
|in_stream2_39_full_n          |   in|    1|     ap_fifo|                in_stream2_39|       pointer|
|in_stream2_39_write           |  out|    1|     ap_fifo|                in_stream2_39|       pointer|
|in_stream2_40_din             |  out|   16|     ap_fifo|                in_stream2_40|       pointer|
|in_stream2_40_num_data_valid  |   in|    8|     ap_fifo|                in_stream2_40|       pointer|
|in_stream2_40_fifo_cap        |   in|    8|     ap_fifo|                in_stream2_40|       pointer|
|in_stream2_40_full_n          |   in|    1|     ap_fifo|                in_stream2_40|       pointer|
|in_stream2_40_write           |  out|    1|     ap_fifo|                in_stream2_40|       pointer|
|in_stream2_41_din             |  out|   16|     ap_fifo|                in_stream2_41|       pointer|
|in_stream2_41_num_data_valid  |   in|    8|     ap_fifo|                in_stream2_41|       pointer|
|in_stream2_41_fifo_cap        |   in|    8|     ap_fifo|                in_stream2_41|       pointer|
|in_stream2_41_full_n          |   in|    1|     ap_fifo|                in_stream2_41|       pointer|
|in_stream2_41_write           |  out|    1|     ap_fifo|                in_stream2_41|       pointer|
|in_stream2_42_din             |  out|   16|     ap_fifo|                in_stream2_42|       pointer|
|in_stream2_42_num_data_valid  |   in|    8|     ap_fifo|                in_stream2_42|       pointer|
|in_stream2_42_fifo_cap        |   in|    8|     ap_fifo|                in_stream2_42|       pointer|
|in_stream2_42_full_n          |   in|    1|     ap_fifo|                in_stream2_42|       pointer|
|in_stream2_42_write           |  out|    1|     ap_fifo|                in_stream2_42|       pointer|
|in_stream2_43_din             |  out|   16|     ap_fifo|                in_stream2_43|       pointer|
|in_stream2_43_num_data_valid  |   in|    8|     ap_fifo|                in_stream2_43|       pointer|
|in_stream2_43_fifo_cap        |   in|    8|     ap_fifo|                in_stream2_43|       pointer|
|in_stream2_43_full_n          |   in|    1|     ap_fifo|                in_stream2_43|       pointer|
|in_stream2_43_write           |  out|    1|     ap_fifo|                in_stream2_43|       pointer|
|in_stream2_44_din             |  out|   16|     ap_fifo|                in_stream2_44|       pointer|
|in_stream2_44_num_data_valid  |   in|    8|     ap_fifo|                in_stream2_44|       pointer|
|in_stream2_44_fifo_cap        |   in|    8|     ap_fifo|                in_stream2_44|       pointer|
|in_stream2_44_full_n          |   in|    1|     ap_fifo|                in_stream2_44|       pointer|
|in_stream2_44_write           |  out|    1|     ap_fifo|                in_stream2_44|       pointer|
|in_stream2_45_din             |  out|   16|     ap_fifo|                in_stream2_45|       pointer|
|in_stream2_45_num_data_valid  |   in|    8|     ap_fifo|                in_stream2_45|       pointer|
|in_stream2_45_fifo_cap        |   in|    8|     ap_fifo|                in_stream2_45|       pointer|
|in_stream2_45_full_n          |   in|    1|     ap_fifo|                in_stream2_45|       pointer|
|in_stream2_45_write           |  out|    1|     ap_fifo|                in_stream2_45|       pointer|
|in_stream2_46_din             |  out|   16|     ap_fifo|                in_stream2_46|       pointer|
|in_stream2_46_num_data_valid  |   in|    8|     ap_fifo|                in_stream2_46|       pointer|
|in_stream2_46_fifo_cap        |   in|    8|     ap_fifo|                in_stream2_46|       pointer|
|in_stream2_46_full_n          |   in|    1|     ap_fifo|                in_stream2_46|       pointer|
|in_stream2_46_write           |  out|    1|     ap_fifo|                in_stream2_46|       pointer|
|in_stream2_47_din             |  out|   16|     ap_fifo|                in_stream2_47|       pointer|
|in_stream2_47_num_data_valid  |   in|    8|     ap_fifo|                in_stream2_47|       pointer|
|in_stream2_47_fifo_cap        |   in|    8|     ap_fifo|                in_stream2_47|       pointer|
|in_stream2_47_full_n          |   in|    1|     ap_fifo|                in_stream2_47|       pointer|
|in_stream2_47_write           |  out|    1|     ap_fifo|                in_stream2_47|       pointer|
|in_stream2_48_din             |  out|   16|     ap_fifo|                in_stream2_48|       pointer|
|in_stream2_48_num_data_valid  |   in|    8|     ap_fifo|                in_stream2_48|       pointer|
|in_stream2_48_fifo_cap        |   in|    8|     ap_fifo|                in_stream2_48|       pointer|
|in_stream2_48_full_n          |   in|    1|     ap_fifo|                in_stream2_48|       pointer|
|in_stream2_48_write           |  out|    1|     ap_fifo|                in_stream2_48|       pointer|
|in_stream2_49_din             |  out|   16|     ap_fifo|                in_stream2_49|       pointer|
|in_stream2_49_num_data_valid  |   in|    8|     ap_fifo|                in_stream2_49|       pointer|
|in_stream2_49_fifo_cap        |   in|    8|     ap_fifo|                in_stream2_49|       pointer|
|in_stream2_49_full_n          |   in|    1|     ap_fifo|                in_stream2_49|       pointer|
|in_stream2_49_write           |  out|    1|     ap_fifo|                in_stream2_49|       pointer|
|in_stream2_50_din             |  out|   16|     ap_fifo|                in_stream2_50|       pointer|
|in_stream2_50_num_data_valid  |   in|    8|     ap_fifo|                in_stream2_50|       pointer|
|in_stream2_50_fifo_cap        |   in|    8|     ap_fifo|                in_stream2_50|       pointer|
|in_stream2_50_full_n          |   in|    1|     ap_fifo|                in_stream2_50|       pointer|
|in_stream2_50_write           |  out|    1|     ap_fifo|                in_stream2_50|       pointer|
|in_stream2_51_din             |  out|   16|     ap_fifo|                in_stream2_51|       pointer|
|in_stream2_51_num_data_valid  |   in|    8|     ap_fifo|                in_stream2_51|       pointer|
|in_stream2_51_fifo_cap        |   in|    8|     ap_fifo|                in_stream2_51|       pointer|
|in_stream2_51_full_n          |   in|    1|     ap_fifo|                in_stream2_51|       pointer|
|in_stream2_51_write           |  out|    1|     ap_fifo|                in_stream2_51|       pointer|
|in_stream2_52_din             |  out|   16|     ap_fifo|                in_stream2_52|       pointer|
|in_stream2_52_num_data_valid  |   in|    8|     ap_fifo|                in_stream2_52|       pointer|
|in_stream2_52_fifo_cap        |   in|    8|     ap_fifo|                in_stream2_52|       pointer|
|in_stream2_52_full_n          |   in|    1|     ap_fifo|                in_stream2_52|       pointer|
|in_stream2_52_write           |  out|    1|     ap_fifo|                in_stream2_52|       pointer|
|in_stream2_53_din             |  out|   16|     ap_fifo|                in_stream2_53|       pointer|
|in_stream2_53_num_data_valid  |   in|    8|     ap_fifo|                in_stream2_53|       pointer|
|in_stream2_53_fifo_cap        |   in|    8|     ap_fifo|                in_stream2_53|       pointer|
|in_stream2_53_full_n          |   in|    1|     ap_fifo|                in_stream2_53|       pointer|
|in_stream2_53_write           |  out|    1|     ap_fifo|                in_stream2_53|       pointer|
|in_stream2_54_din             |  out|   16|     ap_fifo|                in_stream2_54|       pointer|
|in_stream2_54_num_data_valid  |   in|    8|     ap_fifo|                in_stream2_54|       pointer|
|in_stream2_54_fifo_cap        |   in|    8|     ap_fifo|                in_stream2_54|       pointer|
|in_stream2_54_full_n          |   in|    1|     ap_fifo|                in_stream2_54|       pointer|
|in_stream2_54_write           |  out|    1|     ap_fifo|                in_stream2_54|       pointer|
|in_stream2_55_din             |  out|   16|     ap_fifo|                in_stream2_55|       pointer|
|in_stream2_55_num_data_valid  |   in|    8|     ap_fifo|                in_stream2_55|       pointer|
|in_stream2_55_fifo_cap        |   in|    8|     ap_fifo|                in_stream2_55|       pointer|
|in_stream2_55_full_n          |   in|    1|     ap_fifo|                in_stream2_55|       pointer|
|in_stream2_55_write           |  out|    1|     ap_fifo|                in_stream2_55|       pointer|
|in_stream2_56_din             |  out|   16|     ap_fifo|                in_stream2_56|       pointer|
|in_stream2_56_num_data_valid  |   in|    8|     ap_fifo|                in_stream2_56|       pointer|
|in_stream2_56_fifo_cap        |   in|    8|     ap_fifo|                in_stream2_56|       pointer|
|in_stream2_56_full_n          |   in|    1|     ap_fifo|                in_stream2_56|       pointer|
|in_stream2_56_write           |  out|    1|     ap_fifo|                in_stream2_56|       pointer|
|in_stream2_57_din             |  out|   16|     ap_fifo|                in_stream2_57|       pointer|
|in_stream2_57_num_data_valid  |   in|    8|     ap_fifo|                in_stream2_57|       pointer|
|in_stream2_57_fifo_cap        |   in|    8|     ap_fifo|                in_stream2_57|       pointer|
|in_stream2_57_full_n          |   in|    1|     ap_fifo|                in_stream2_57|       pointer|
|in_stream2_57_write           |  out|    1|     ap_fifo|                in_stream2_57|       pointer|
|in_stream2_58_din             |  out|   16|     ap_fifo|                in_stream2_58|       pointer|
|in_stream2_58_num_data_valid  |   in|    8|     ap_fifo|                in_stream2_58|       pointer|
|in_stream2_58_fifo_cap        |   in|    8|     ap_fifo|                in_stream2_58|       pointer|
|in_stream2_58_full_n          |   in|    1|     ap_fifo|                in_stream2_58|       pointer|
|in_stream2_58_write           |  out|    1|     ap_fifo|                in_stream2_58|       pointer|
|in_stream2_59_din             |  out|   16|     ap_fifo|                in_stream2_59|       pointer|
|in_stream2_59_num_data_valid  |   in|    8|     ap_fifo|                in_stream2_59|       pointer|
|in_stream2_59_fifo_cap        |   in|    8|     ap_fifo|                in_stream2_59|       pointer|
|in_stream2_59_full_n          |   in|    1|     ap_fifo|                in_stream2_59|       pointer|
|in_stream2_59_write           |  out|    1|     ap_fifo|                in_stream2_59|       pointer|
|in_stream2_60_din             |  out|   16|     ap_fifo|                in_stream2_60|       pointer|
|in_stream2_60_num_data_valid  |   in|    8|     ap_fifo|                in_stream2_60|       pointer|
|in_stream2_60_fifo_cap        |   in|    8|     ap_fifo|                in_stream2_60|       pointer|
|in_stream2_60_full_n          |   in|    1|     ap_fifo|                in_stream2_60|       pointer|
|in_stream2_60_write           |  out|    1|     ap_fifo|                in_stream2_60|       pointer|
|in_stream2_61_din             |  out|   16|     ap_fifo|                in_stream2_61|       pointer|
|in_stream2_61_num_data_valid  |   in|    8|     ap_fifo|                in_stream2_61|       pointer|
|in_stream2_61_fifo_cap        |   in|    8|     ap_fifo|                in_stream2_61|       pointer|
|in_stream2_61_full_n          |   in|    1|     ap_fifo|                in_stream2_61|       pointer|
|in_stream2_61_write           |  out|    1|     ap_fifo|                in_stream2_61|       pointer|
|in_stream2_62_din             |  out|   16|     ap_fifo|                in_stream2_62|       pointer|
|in_stream2_62_num_data_valid  |   in|    8|     ap_fifo|                in_stream2_62|       pointer|
|in_stream2_62_fifo_cap        |   in|    8|     ap_fifo|                in_stream2_62|       pointer|
|in_stream2_62_full_n          |   in|    1|     ap_fifo|                in_stream2_62|       pointer|
|in_stream2_62_write           |  out|    1|     ap_fifo|                in_stream2_62|       pointer|
|in_stream2_63_din             |  out|   16|     ap_fifo|                in_stream2_63|       pointer|
|in_stream2_63_num_data_valid  |   in|    8|     ap_fifo|                in_stream2_63|       pointer|
|in_stream2_63_fifo_cap        |   in|    8|     ap_fifo|                in_stream2_63|       pointer|
|in_stream2_63_full_n          |   in|    1|     ap_fifo|                in_stream2_63|       pointer|
|in_stream2_63_write           |  out|    1|     ap_fifo|                in_stream2_63|       pointer|
+------------------------------+-----+-----+------------+-----------------------------+--------------+

