

================================================================
== Vivado HLS Report for 'concatenate2d_1_array_ap_fixed_ap_fixed_ap_fixed_8_2_5_3_0_config11_s'
================================================================
* Date:           Fri May 19 03:38:43 2023

* Version:        2019.2 (Build 2704478 on Wed Nov 06 22:10:23 MST 2019)
* Project:        alveo_hls4ml
* Solution:       solution
* Product family: virtexuplus
* Target device:  xcu50-fsvh2104-2L-e


================================================================
== Performance Estimates
================================================================
+ Timing: 
    * Summary: 
    +--------+---------+----------+------------+
    |  Clock |  Target | Estimated| Uncertainty|
    +--------+---------+----------+------------+
    |ap_clk  | 4.00 ns | 2.916 ns |   0.90 ns  |
    +--------+---------+----------+------------+

+ Latency: 
    * Summary: 
    +---------+---------+----------+----------+-----+-----+---------+
    |  Latency (cycles) |  Latency (absolute) |  Interval | Pipeline|
    |   min   |   max   |    min   |    max   | min | max |   Type  |
    +---------+---------+----------+----------+-----+-----+---------+
    |       75|       75| 0.300 us | 0.300 us |   75|   75|   none  |
    +---------+---------+----------+----------+-----+-----+---------+

    + Detail: 
        * Instance: 
        N/A

        * Loop: 
        +--------------------+---------+---------+----------+-----------+-----------+------+----------+
        |                    |  Latency (cycles) | Iteration|  Initiation Interval  | Trip |          |
        |      Loop Name     |   min   |   max   |  Latency |  achieved |   target  | Count| Pipelined|
        +--------------------+---------+---------+----------+-----------+-----------+------+----------+
        |- ConcatLoopHeight  |       73|       73|         2|          1|          1|    73|    yes   |
        +--------------------+---------+---------+----------+-----------+-----------+------+----------+



================================================================
== Utilization Estimates
================================================================
* Summary: 
+---------------------+---------+-------+---------+--------+-----+
|         Name        | BRAM_18K| DSP48E|    FF   |   LUT  | URAM|
+---------------------+---------+-------+---------+--------+-----+
|DSP                  |        -|      -|        -|       -|    -|
|Expression           |        -|      -|        0|      28|    -|
|FIFO                 |        -|      -|        -|       -|    -|
|Instance             |        -|      -|        -|       -|    -|
|Memory               |        -|      -|        -|       -|    -|
|Multiplexer          |        -|      -|        -|    1386|    -|
|Register             |        -|      -|       14|       -|    -|
+---------------------+---------+-------+---------+--------+-----+
|Total                |        0|      0|       14|    1414|    0|
+---------------------+---------+-------+---------+--------+-----+
|Available SLR        |     1344|   2976|   871680|  435840|  320|
+---------------------+---------+-------+---------+--------+-----+
|Utilization SLR (%)  |        0|      0|    ~0   |   ~0   |    0|
+---------------------+---------+-------+---------+--------+-----+
|Available            |     2688|   5952|  1743360|  871680|  640|
+---------------------+---------+-------+---------+--------+-----+
|Utilization (%)      |        0|      0|    ~0   |   ~0   |    0|
+---------------------+---------+-------+---------+--------+-----+

+ Detail: 
    * Instance: 
    N/A

    * DSP48E: 
    N/A

    * Memory: 
    N/A

    * FIFO: 
    N/A

    * Expression: 
    +----------------------------------+----------+-------+---+----+------------+------------+
    |           Variable Name          | Operation| DSP48E| FF| LUT| Bitwidth P0| Bitwidth P1|
    +----------------------------------+----------+-------+---+----+------------+------------+
    |i_fu_1387_p2                      |     +    |      0|  0|   7|           7|           1|
    |ap_block_pp0_stage0_01001         |    and   |      0|  0|   2|           1|           1|
    |icmp_ln372_fu_1381_p2             |   icmp   |      0|  0|  11|           7|           7|
    |ap_block_state1                   |    or    |      0|  0|   2|           1|           1|
    |ap_block_state3_pp0_stage0_iter1  |    or    |      0|  0|   2|           1|           1|
    |ap_enable_pp0                     |    xor   |      0|  0|   2|           1|           2|
    |ap_enable_reg_pp0_iter1           |    xor   |      0|  0|   2|           2|           1|
    +----------------------------------+----------+-------+---+----+------------+------------+
    |Total                             |          |      0|  0|  28|          20|          14|
    +----------------------------------+----------+-------+---+----+------------+------------+

    * Multiplexer: 
    +-------------------------+----+-----------+-----+-----------+
    |           Name          | LUT| Input Size| Bits| Total Bits|
    +-------------------------+----+-----------+-----+-----------+
    |ap_NS_fsm                |  21|          4|    1|          4|
    |ap_done                  |   9|          2|    1|          2|
    |ap_enable_reg_pp0_iter1  |  15|          3|    1|          3|
    |data1_0_V_V_blk_n        |   9|          2|    1|          2|
    |data1_1_V_V_blk_n        |   9|          2|    1|          2|
    |data1_2_V_V_blk_n        |   9|          2|    1|          2|
    |data1_3_V_V_blk_n        |   9|          2|    1|          2|
    |data2_0_V_V_blk_n        |   9|          2|    1|          2|
    |data2_10_V_V_blk_n       |   9|          2|    1|          2|
    |data2_11_V_V_blk_n       |   9|          2|    1|          2|
    |data2_12_V_V_blk_n       |   9|          2|    1|          2|
    |data2_13_V_V_blk_n       |   9|          2|    1|          2|
    |data2_14_V_V_blk_n       |   9|          2|    1|          2|
    |data2_15_V_V_blk_n       |   9|          2|    1|          2|
    |data2_16_V_V_blk_n       |   9|          2|    1|          2|
    |data2_17_V_V_blk_n       |   9|          2|    1|          2|
    |data2_18_V_V_blk_n       |   9|          2|    1|          2|
    |data2_19_V_V_blk_n       |   9|          2|    1|          2|
    |data2_1_V_V_blk_n        |   9|          2|    1|          2|
    |data2_20_V_V_blk_n       |   9|          2|    1|          2|
    |data2_21_V_V_blk_n       |   9|          2|    1|          2|
    |data2_22_V_V_blk_n       |   9|          2|    1|          2|
    |data2_23_V_V_blk_n       |   9|          2|    1|          2|
    |data2_24_V_V_blk_n       |   9|          2|    1|          2|
    |data2_25_V_V_blk_n       |   9|          2|    1|          2|
    |data2_26_V_V_blk_n       |   9|          2|    1|          2|
    |data2_27_V_V_blk_n       |   9|          2|    1|          2|
    |data2_28_V_V_blk_n       |   9|          2|    1|          2|
    |data2_29_V_V_blk_n       |   9|          2|    1|          2|
    |data2_2_V_V_blk_n        |   9|          2|    1|          2|
    |data2_30_V_V_blk_n       |   9|          2|    1|          2|
    |data2_31_V_V_blk_n       |   9|          2|    1|          2|
    |data2_32_V_V_blk_n       |   9|          2|    1|          2|
    |data2_33_V_V_blk_n       |   9|          2|    1|          2|
    |data2_34_V_V_blk_n       |   9|          2|    1|          2|
    |data2_35_V_V_blk_n       |   9|          2|    1|          2|
    |data2_36_V_V_blk_n       |   9|          2|    1|          2|
    |data2_37_V_V_blk_n       |   9|          2|    1|          2|
    |data2_38_V_V_blk_n       |   9|          2|    1|          2|
    |data2_39_V_V_blk_n       |   9|          2|    1|          2|
    |data2_3_V_V_blk_n        |   9|          2|    1|          2|
    |data2_40_V_V_blk_n       |   9|          2|    1|          2|
    |data2_41_V_V_blk_n       |   9|          2|    1|          2|
    |data2_42_V_V_blk_n       |   9|          2|    1|          2|
    |data2_43_V_V_blk_n       |   9|          2|    1|          2|
    |data2_44_V_V_blk_n       |   9|          2|    1|          2|
    |data2_45_V_V_blk_n       |   9|          2|    1|          2|
    |data2_46_V_V_blk_n       |   9|          2|    1|          2|
    |data2_47_V_V_blk_n       |   9|          2|    1|          2|
    |data2_48_V_V_blk_n       |   9|          2|    1|          2|
    |data2_49_V_V_blk_n       |   9|          2|    1|          2|
    |data2_4_V_V_blk_n        |   9|          2|    1|          2|
    |data2_50_V_V_blk_n       |   9|          2|    1|          2|
    |data2_51_V_V_blk_n       |   9|          2|    1|          2|
    |data2_52_V_V_blk_n       |   9|          2|    1|          2|
    |data2_53_V_V_blk_n       |   9|          2|    1|          2|
    |data2_54_V_V_blk_n       |   9|          2|    1|          2|
    |data2_55_V_V_blk_n       |   9|          2|    1|          2|
    |data2_56_V_V_blk_n       |   9|          2|    1|          2|
    |data2_57_V_V_blk_n       |   9|          2|    1|          2|
    |data2_58_V_V_blk_n       |   9|          2|    1|          2|
    |data2_59_V_V_blk_n       |   9|          2|    1|          2|
    |data2_5_V_V_blk_n        |   9|          2|    1|          2|
    |data2_60_V_V_blk_n       |   9|          2|    1|          2|
    |data2_61_V_V_blk_n       |   9|          2|    1|          2|
    |data2_62_V_V_blk_n       |   9|          2|    1|          2|
    |data2_63_V_V_blk_n       |   9|          2|    1|          2|
    |data2_64_V_V_blk_n       |   9|          2|    1|          2|
    |data2_65_V_V_blk_n       |   9|          2|    1|          2|
    |data2_66_V_V_blk_n       |   9|          2|    1|          2|
    |data2_67_V_V_blk_n       |   9|          2|    1|          2|
    |data2_68_V_V_blk_n       |   9|          2|    1|          2|
    |data2_69_V_V_blk_n       |   9|          2|    1|          2|
    |data2_6_V_V_blk_n        |   9|          2|    1|          2|
    |data2_7_V_V_blk_n        |   9|          2|    1|          2|
    |data2_8_V_V_blk_n        |   9|          2|    1|          2|
    |data2_9_V_V_blk_n        |   9|          2|    1|          2|
    |i_0_reg_1370             |   9|          2|    7|         14|
    |res_0_V_V_blk_n          |   9|          2|    1|          2|
    |res_10_V_V_blk_n         |   9|          2|    1|          2|
    |res_11_V_V_blk_n         |   9|          2|    1|          2|
    |res_12_V_V_blk_n         |   9|          2|    1|          2|
    |res_13_V_V_blk_n         |   9|          2|    1|          2|
    |res_14_V_V_blk_n         |   9|          2|    1|          2|
    |res_15_V_V_blk_n         |   9|          2|    1|          2|
    |res_16_V_V_blk_n         |   9|          2|    1|          2|
    |res_17_V_V_blk_n         |   9|          2|    1|          2|
    |res_18_V_V_blk_n         |   9|          2|    1|          2|
    |res_19_V_V_blk_n         |   9|          2|    1|          2|
    |res_1_V_V_blk_n          |   9|          2|    1|          2|
    |res_20_V_V_blk_n         |   9|          2|    1|          2|
    |res_21_V_V_blk_n         |   9|          2|    1|          2|
    |res_22_V_V_blk_n         |   9|          2|    1|          2|
    |res_23_V_V_blk_n         |   9|          2|    1|          2|
    |res_24_V_V_blk_n         |   9|          2|    1|          2|
    |res_25_V_V_blk_n         |   9|          2|    1|          2|
    |res_26_V_V_blk_n         |   9|          2|    1|          2|
    |res_27_V_V_blk_n         |   9|          2|    1|          2|
    |res_28_V_V_blk_n         |   9|          2|    1|          2|
    |res_29_V_V_blk_n         |   9|          2|    1|          2|
    |res_2_V_V_blk_n          |   9|          2|    1|          2|
    |res_30_V_V_blk_n         |   9|          2|    1|          2|
    |res_31_V_V_blk_n         |   9|          2|    1|          2|
    |res_32_V_V_blk_n         |   9|          2|    1|          2|
    |res_33_V_V_blk_n         |   9|          2|    1|          2|
    |res_34_V_V_blk_n         |   9|          2|    1|          2|
    |res_35_V_V_blk_n         |   9|          2|    1|          2|
    |res_36_V_V_blk_n         |   9|          2|    1|          2|
    |res_37_V_V_blk_n         |   9|          2|    1|          2|
    |res_38_V_V_blk_n         |   9|          2|    1|          2|
    |res_39_V_V_blk_n         |   9|          2|    1|          2|
    |res_3_V_V_blk_n          |   9|          2|    1|          2|
    |res_40_V_V_blk_n         |   9|          2|    1|          2|
    |res_41_V_V_blk_n         |   9|          2|    1|          2|
    |res_42_V_V_blk_n         |   9|          2|    1|          2|
    |res_43_V_V_blk_n         |   9|          2|    1|          2|
    |res_44_V_V_blk_n         |   9|          2|    1|          2|
    |res_45_V_V_blk_n         |   9|          2|    1|          2|
    |res_46_V_V_blk_n         |   9|          2|    1|          2|
    |res_47_V_V_blk_n         |   9|          2|    1|          2|
    |res_48_V_V_blk_n         |   9|          2|    1|          2|
    |res_49_V_V_blk_n         |   9|          2|    1|          2|
    |res_4_V_V_blk_n          |   9|          2|    1|          2|
    |res_50_V_V_blk_n         |   9|          2|    1|          2|
    |res_51_V_V_blk_n         |   9|          2|    1|          2|
    |res_52_V_V_blk_n         |   9|          2|    1|          2|
    |res_53_V_V_blk_n         |   9|          2|    1|          2|
    |res_54_V_V_blk_n         |   9|          2|    1|          2|
    |res_55_V_V_blk_n         |   9|          2|    1|          2|
    |res_56_V_V_blk_n         |   9|          2|    1|          2|
    |res_57_V_V_blk_n         |   9|          2|    1|          2|
    |res_58_V_V_blk_n         |   9|          2|    1|          2|
    |res_59_V_V_blk_n         |   9|          2|    1|          2|
    |res_5_V_V_blk_n          |   9|          2|    1|          2|
    |res_60_V_V_blk_n         |   9|          2|    1|          2|
    |res_61_V_V_blk_n         |   9|          2|    1|          2|
    |res_62_V_V_blk_n         |   9|          2|    1|          2|
    |res_63_V_V_blk_n         |   9|          2|    1|          2|
    |res_64_V_V_blk_n         |   9|          2|    1|          2|
    |res_65_V_V_blk_n         |   9|          2|    1|          2|
    |res_66_V_V_blk_n         |   9|          2|    1|          2|
    |res_67_V_V_blk_n         |   9|          2|    1|          2|
    |res_68_V_V_blk_n         |   9|          2|    1|          2|
    |res_69_V_V_blk_n         |   9|          2|    1|          2|
    |res_6_V_V_blk_n          |   9|          2|    1|          2|
    |res_70_V_V_blk_n         |   9|          2|    1|          2|
    |res_71_V_V_blk_n         |   9|          2|    1|          2|
    |res_72_V_V_blk_n         |   9|          2|    1|          2|
    |res_73_V_V_blk_n         |   9|          2|    1|          2|
    |res_7_V_V_blk_n          |   9|          2|    1|          2|
    |res_8_V_V_blk_n          |   9|          2|    1|          2|
    |res_9_V_V_blk_n          |   9|          2|    1|          2|
    +-------------------------+----+-----------+-----+-----------+
    |Total                    |1386|        307|  158|        319|
    +-------------------------+----+-----------+-----+-----------+

    * Register: 
    +-------------------------+---+----+-----+-----------+
    |           Name          | FF| LUT| Bits| Const Bits|
    +-------------------------+---+----+-----+-----------+
    |ap_CS_fsm                |  3|   0|    3|          0|
    |ap_done_reg              |  1|   0|    1|          0|
    |ap_enable_reg_pp0_iter0  |  1|   0|    1|          0|
    |ap_enable_reg_pp0_iter1  |  1|   0|    1|          0|
    |i_0_reg_1370             |  7|   0|    7|          0|
    |icmp_ln372_reg_1393      |  1|   0|    1|          0|
    +-------------------------+---+----+-----+-----------+
    |Total                    | 14|   0|   14|          0|
    +-------------------------+---+----+-----+-----------+



================================================================
== Interface
================================================================
* Summary: 
+----------------------+-----+-----+------------+-----------------------------------------------------------------------+--------------+
|       RTL Ports      | Dir | Bits|  Protocol  |                             Source Object                             |    C Type    |
+----------------------+-----+-----+------------+-----------------------------------------------------------------------+--------------+
|ap_clk                |  in |    1| ap_ctrl_hs | concatenate2d_1_array<ap_fixed,ap_fixed,ap_fixed<8,2,5,3,0>,config11> | return value |
|ap_rst                |  in |    1| ap_ctrl_hs | concatenate2d_1_array<ap_fixed,ap_fixed,ap_fixed<8,2,5,3,0>,config11> | return value |
|ap_start              |  in |    1| ap_ctrl_hs | concatenate2d_1_array<ap_fixed,ap_fixed,ap_fixed<8,2,5,3,0>,config11> | return value |
|ap_done               | out |    1| ap_ctrl_hs | concatenate2d_1_array<ap_fixed,ap_fixed,ap_fixed<8,2,5,3,0>,config11> | return value |
|ap_continue           |  in |    1| ap_ctrl_hs | concatenate2d_1_array<ap_fixed,ap_fixed,ap_fixed<8,2,5,3,0>,config11> | return value |
|ap_idle               | out |    1| ap_ctrl_hs | concatenate2d_1_array<ap_fixed,ap_fixed,ap_fixed<8,2,5,3,0>,config11> | return value |
|ap_ready              | out |    1| ap_ctrl_hs | concatenate2d_1_array<ap_fixed,ap_fixed,ap_fixed<8,2,5,3,0>,config11> | return value |
|data1_0_V_V_dout      |  in |    8|   ap_fifo  |                              data1_0_V_V                              |    pointer   |
|data1_0_V_V_empty_n   |  in |    1|   ap_fifo  |                              data1_0_V_V                              |    pointer   |
|data1_0_V_V_read      | out |    1|   ap_fifo  |                              data1_0_V_V                              |    pointer   |
|data1_1_V_V_dout      |  in |    8|   ap_fifo  |                              data1_1_V_V                              |    pointer   |
|data1_1_V_V_empty_n   |  in |    1|   ap_fifo  |                              data1_1_V_V                              |    pointer   |
|data1_1_V_V_read      | out |    1|   ap_fifo  |                              data1_1_V_V                              |    pointer   |
|data1_2_V_V_dout      |  in |    8|   ap_fifo  |                              data1_2_V_V                              |    pointer   |
|data1_2_V_V_empty_n   |  in |    1|   ap_fifo  |                              data1_2_V_V                              |    pointer   |
|data1_2_V_V_read      | out |    1|   ap_fifo  |                              data1_2_V_V                              |    pointer   |
|data1_3_V_V_dout      |  in |    8|   ap_fifo  |                              data1_3_V_V                              |    pointer   |
|data1_3_V_V_empty_n   |  in |    1|   ap_fifo  |                              data1_3_V_V                              |    pointer   |
|data1_3_V_V_read      | out |    1|   ap_fifo  |                              data1_3_V_V                              |    pointer   |
|data2_0_V_V_dout      |  in |    8|   ap_fifo  |                              data2_0_V_V                              |    pointer   |
|data2_0_V_V_empty_n   |  in |    1|   ap_fifo  |                              data2_0_V_V                              |    pointer   |
|data2_0_V_V_read      | out |    1|   ap_fifo  |                              data2_0_V_V                              |    pointer   |
|data2_1_V_V_dout      |  in |    8|   ap_fifo  |                              data2_1_V_V                              |    pointer   |
|data2_1_V_V_empty_n   |  in |    1|   ap_fifo  |                              data2_1_V_V                              |    pointer   |
|data2_1_V_V_read      | out |    1|   ap_fifo  |                              data2_1_V_V                              |    pointer   |
|data2_2_V_V_dout      |  in |    8|   ap_fifo  |                              data2_2_V_V                              |    pointer   |
|data2_2_V_V_empty_n   |  in |    1|   ap_fifo  |                              data2_2_V_V                              |    pointer   |
|data2_2_V_V_read      | out |    1|   ap_fifo  |                              data2_2_V_V                              |    pointer   |
|data2_3_V_V_dout      |  in |    8|   ap_fifo  |                              data2_3_V_V                              |    pointer   |
|data2_3_V_V_empty_n   |  in |    1|   ap_fifo  |                              data2_3_V_V                              |    pointer   |
|data2_3_V_V_read      | out |    1|   ap_fifo  |                              data2_3_V_V                              |    pointer   |
|data2_4_V_V_dout      |  in |    8|   ap_fifo  |                              data2_4_V_V                              |    pointer   |
|data2_4_V_V_empty_n   |  in |    1|   ap_fifo  |                              data2_4_V_V                              |    pointer   |
|data2_4_V_V_read      | out |    1|   ap_fifo  |                              data2_4_V_V                              |    pointer   |
|data2_5_V_V_dout      |  in |    8|   ap_fifo  |                              data2_5_V_V                              |    pointer   |
|data2_5_V_V_empty_n   |  in |    1|   ap_fifo  |                              data2_5_V_V                              |    pointer   |
|data2_5_V_V_read      | out |    1|   ap_fifo  |                              data2_5_V_V                              |    pointer   |
|data2_6_V_V_dout      |  in |    8|   ap_fifo  |                              data2_6_V_V                              |    pointer   |
|data2_6_V_V_empty_n   |  in |    1|   ap_fifo  |                              data2_6_V_V                              |    pointer   |
|data2_6_V_V_read      | out |    1|   ap_fifo  |                              data2_6_V_V                              |    pointer   |
|data2_7_V_V_dout      |  in |    8|   ap_fifo  |                              data2_7_V_V                              |    pointer   |
|data2_7_V_V_empty_n   |  in |    1|   ap_fifo  |                              data2_7_V_V                              |    pointer   |
|data2_7_V_V_read      | out |    1|   ap_fifo  |                              data2_7_V_V                              |    pointer   |
|data2_8_V_V_dout      |  in |    8|   ap_fifo  |                              data2_8_V_V                              |    pointer   |
|data2_8_V_V_empty_n   |  in |    1|   ap_fifo  |                              data2_8_V_V                              |    pointer   |
|data2_8_V_V_read      | out |    1|   ap_fifo  |                              data2_8_V_V                              |    pointer   |
|data2_9_V_V_dout      |  in |    8|   ap_fifo  |                              data2_9_V_V                              |    pointer   |
|data2_9_V_V_empty_n   |  in |    1|   ap_fifo  |                              data2_9_V_V                              |    pointer   |
|data2_9_V_V_read      | out |    1|   ap_fifo  |                              data2_9_V_V                              |    pointer   |
|data2_10_V_V_dout     |  in |    8|   ap_fifo  |                              data2_10_V_V                             |    pointer   |
|data2_10_V_V_empty_n  |  in |    1|   ap_fifo  |                              data2_10_V_V                             |    pointer   |
|data2_10_V_V_read     | out |    1|   ap_fifo  |                              data2_10_V_V                             |    pointer   |
|data2_11_V_V_dout     |  in |    8|   ap_fifo  |                              data2_11_V_V                             |    pointer   |
|data2_11_V_V_empty_n  |  in |    1|   ap_fifo  |                              data2_11_V_V                             |    pointer   |
|data2_11_V_V_read     | out |    1|   ap_fifo  |                              data2_11_V_V                             |    pointer   |
|data2_12_V_V_dout     |  in |    8|   ap_fifo  |                              data2_12_V_V                             |    pointer   |
|data2_12_V_V_empty_n  |  in |    1|   ap_fifo  |                              data2_12_V_V                             |    pointer   |
|data2_12_V_V_read     | out |    1|   ap_fifo  |                              data2_12_V_V                             |    pointer   |
|data2_13_V_V_dout     |  in |    8|   ap_fifo  |                              data2_13_V_V                             |    pointer   |
|data2_13_V_V_empty_n  |  in |    1|   ap_fifo  |                              data2_13_V_V                             |    pointer   |
|data2_13_V_V_read     | out |    1|   ap_fifo  |                              data2_13_V_V                             |    pointer   |
|data2_14_V_V_dout     |  in |    8|   ap_fifo  |                              data2_14_V_V                             |    pointer   |
|data2_14_V_V_empty_n  |  in |    1|   ap_fifo  |                              data2_14_V_V                             |    pointer   |
|data2_14_V_V_read     | out |    1|   ap_fifo  |                              data2_14_V_V                             |    pointer   |
|data2_15_V_V_dout     |  in |    8|   ap_fifo  |                              data2_15_V_V                             |    pointer   |
|data2_15_V_V_empty_n  |  in |    1|   ap_fifo  |                              data2_15_V_V                             |    pointer   |
|data2_15_V_V_read     | out |    1|   ap_fifo  |                              data2_15_V_V                             |    pointer   |
|data2_16_V_V_dout     |  in |    8|   ap_fifo  |                              data2_16_V_V                             |    pointer   |
|data2_16_V_V_empty_n  |  in |    1|   ap_fifo  |                              data2_16_V_V                             |    pointer   |
|data2_16_V_V_read     | out |    1|   ap_fifo  |                              data2_16_V_V                             |    pointer   |
|data2_17_V_V_dout     |  in |    8|   ap_fifo  |                              data2_17_V_V                             |    pointer   |
|data2_17_V_V_empty_n  |  in |    1|   ap_fifo  |                              data2_17_V_V                             |    pointer   |
|data2_17_V_V_read     | out |    1|   ap_fifo  |                              data2_17_V_V                             |    pointer   |
|data2_18_V_V_dout     |  in |    8|   ap_fifo  |                              data2_18_V_V                             |    pointer   |
|data2_18_V_V_empty_n  |  in |    1|   ap_fifo  |                              data2_18_V_V                             |    pointer   |
|data2_18_V_V_read     | out |    1|   ap_fifo  |                              data2_18_V_V                             |    pointer   |
|data2_19_V_V_dout     |  in |    8|   ap_fifo  |                              data2_19_V_V                             |    pointer   |
|data2_19_V_V_empty_n  |  in |    1|   ap_fifo  |                              data2_19_V_V                             |    pointer   |
|data2_19_V_V_read     | out |    1|   ap_fifo  |                              data2_19_V_V                             |    pointer   |
|data2_20_V_V_dout     |  in |    8|   ap_fifo  |                              data2_20_V_V                             |    pointer   |
|data2_20_V_V_empty_n  |  in |    1|   ap_fifo  |                              data2_20_V_V                             |    pointer   |
|data2_20_V_V_read     | out |    1|   ap_fifo  |                              data2_20_V_V                             |    pointer   |
|data2_21_V_V_dout     |  in |    8|   ap_fifo  |                              data2_21_V_V                             |    pointer   |
|data2_21_V_V_empty_n  |  in |    1|   ap_fifo  |                              data2_21_V_V                             |    pointer   |
|data2_21_V_V_read     | out |    1|   ap_fifo  |                              data2_21_V_V                             |    pointer   |
|data2_22_V_V_dout     |  in |    8|   ap_fifo  |                              data2_22_V_V                             |    pointer   |
|data2_22_V_V_empty_n  |  in |    1|   ap_fifo  |                              data2_22_V_V                             |    pointer   |
|data2_22_V_V_read     | out |    1|   ap_fifo  |                              data2_22_V_V                             |    pointer   |
|data2_23_V_V_dout     |  in |    8|   ap_fifo  |                              data2_23_V_V                             |    pointer   |
|data2_23_V_V_empty_n  |  in |    1|   ap_fifo  |                              data2_23_V_V                             |    pointer   |
|data2_23_V_V_read     | out |    1|   ap_fifo  |                              data2_23_V_V                             |    pointer   |
|data2_24_V_V_dout     |  in |    8|   ap_fifo  |                              data2_24_V_V                             |    pointer   |
|data2_24_V_V_empty_n  |  in |    1|   ap_fifo  |                              data2_24_V_V                             |    pointer   |
|data2_24_V_V_read     | out |    1|   ap_fifo  |                              data2_24_V_V                             |    pointer   |
|data2_25_V_V_dout     |  in |    8|   ap_fifo  |                              data2_25_V_V                             |    pointer   |
|data2_25_V_V_empty_n  |  in |    1|   ap_fifo  |                              data2_25_V_V                             |    pointer   |
|data2_25_V_V_read     | out |    1|   ap_fifo  |                              data2_25_V_V                             |    pointer   |
|data2_26_V_V_dout     |  in |    8|   ap_fifo  |                              data2_26_V_V                             |    pointer   |
|data2_26_V_V_empty_n  |  in |    1|   ap_fifo  |                              data2_26_V_V                             |    pointer   |
|data2_26_V_V_read     | out |    1|   ap_fifo  |                              data2_26_V_V                             |    pointer   |
|data2_27_V_V_dout     |  in |    8|   ap_fifo  |                              data2_27_V_V                             |    pointer   |
|data2_27_V_V_empty_n  |  in |    1|   ap_fifo  |                              data2_27_V_V                             |    pointer   |
|data2_27_V_V_read     | out |    1|   ap_fifo  |                              data2_27_V_V                             |    pointer   |
|data2_28_V_V_dout     |  in |    8|   ap_fifo  |                              data2_28_V_V                             |    pointer   |
|data2_28_V_V_empty_n  |  in |    1|   ap_fifo  |                              data2_28_V_V                             |    pointer   |
|data2_28_V_V_read     | out |    1|   ap_fifo  |                              data2_28_V_V                             |    pointer   |
|data2_29_V_V_dout     |  in |    8|   ap_fifo  |                              data2_29_V_V                             |    pointer   |
|data2_29_V_V_empty_n  |  in |    1|   ap_fifo  |                              data2_29_V_V                             |    pointer   |
|data2_29_V_V_read     | out |    1|   ap_fifo  |                              data2_29_V_V                             |    pointer   |
|data2_30_V_V_dout     |  in |    8|   ap_fifo  |                              data2_30_V_V                             |    pointer   |
|data2_30_V_V_empty_n  |  in |    1|   ap_fifo  |                              data2_30_V_V                             |    pointer   |
|data2_30_V_V_read     | out |    1|   ap_fifo  |                              data2_30_V_V                             |    pointer   |
|data2_31_V_V_dout     |  in |    8|   ap_fifo  |                              data2_31_V_V                             |    pointer   |
|data2_31_V_V_empty_n  |  in |    1|   ap_fifo  |                              data2_31_V_V                             |    pointer   |
|data2_31_V_V_read     | out |    1|   ap_fifo  |                              data2_31_V_V                             |    pointer   |
|data2_32_V_V_dout     |  in |    8|   ap_fifo  |                              data2_32_V_V                             |    pointer   |
|data2_32_V_V_empty_n  |  in |    1|   ap_fifo  |                              data2_32_V_V                             |    pointer   |
|data2_32_V_V_read     | out |    1|   ap_fifo  |                              data2_32_V_V                             |    pointer   |
|data2_33_V_V_dout     |  in |    8|   ap_fifo  |                              data2_33_V_V                             |    pointer   |
|data2_33_V_V_empty_n  |  in |    1|   ap_fifo  |                              data2_33_V_V                             |    pointer   |
|data2_33_V_V_read     | out |    1|   ap_fifo  |                              data2_33_V_V                             |    pointer   |
|data2_34_V_V_dout     |  in |    8|   ap_fifo  |                              data2_34_V_V                             |    pointer   |
|data2_34_V_V_empty_n  |  in |    1|   ap_fifo  |                              data2_34_V_V                             |    pointer   |
|data2_34_V_V_read     | out |    1|   ap_fifo  |                              data2_34_V_V                             |    pointer   |
|data2_35_V_V_dout     |  in |    8|   ap_fifo  |                              data2_35_V_V                             |    pointer   |
|data2_35_V_V_empty_n  |  in |    1|   ap_fifo  |                              data2_35_V_V                             |    pointer   |
|data2_35_V_V_read     | out |    1|   ap_fifo  |                              data2_35_V_V                             |    pointer   |
|data2_36_V_V_dout     |  in |    8|   ap_fifo  |                              data2_36_V_V                             |    pointer   |
|data2_36_V_V_empty_n  |  in |    1|   ap_fifo  |                              data2_36_V_V                             |    pointer   |
|data2_36_V_V_read     | out |    1|   ap_fifo  |                              data2_36_V_V                             |    pointer   |
|data2_37_V_V_dout     |  in |    8|   ap_fifo  |                              data2_37_V_V                             |    pointer   |
|data2_37_V_V_empty_n  |  in |    1|   ap_fifo  |                              data2_37_V_V                             |    pointer   |
|data2_37_V_V_read     | out |    1|   ap_fifo  |                              data2_37_V_V                             |    pointer   |
|data2_38_V_V_dout     |  in |    8|   ap_fifo  |                              data2_38_V_V                             |    pointer   |
|data2_38_V_V_empty_n  |  in |    1|   ap_fifo  |                              data2_38_V_V                             |    pointer   |
|data2_38_V_V_read     | out |    1|   ap_fifo  |                              data2_38_V_V                             |    pointer   |
|data2_39_V_V_dout     |  in |    8|   ap_fifo  |                              data2_39_V_V                             |    pointer   |
|data2_39_V_V_empty_n  |  in |    1|   ap_fifo  |                              data2_39_V_V                             |    pointer   |
|data2_39_V_V_read     | out |    1|   ap_fifo  |                              data2_39_V_V                             |    pointer   |
|data2_40_V_V_dout     |  in |    8|   ap_fifo  |                              data2_40_V_V                             |    pointer   |
|data2_40_V_V_empty_n  |  in |    1|   ap_fifo  |                              data2_40_V_V                             |    pointer   |
|data2_40_V_V_read     | out |    1|   ap_fifo  |                              data2_40_V_V                             |    pointer   |
|data2_41_V_V_dout     |  in |    8|   ap_fifo  |                              data2_41_V_V                             |    pointer   |
|data2_41_V_V_empty_n  |  in |    1|   ap_fifo  |                              data2_41_V_V                             |    pointer   |
|data2_41_V_V_read     | out |    1|   ap_fifo  |                              data2_41_V_V                             |    pointer   |
|data2_42_V_V_dout     |  in |    8|   ap_fifo  |                              data2_42_V_V                             |    pointer   |
|data2_42_V_V_empty_n  |  in |    1|   ap_fifo  |                              data2_42_V_V                             |    pointer   |
|data2_42_V_V_read     | out |    1|   ap_fifo  |                              data2_42_V_V                             |    pointer   |
|data2_43_V_V_dout     |  in |    8|   ap_fifo  |                              data2_43_V_V                             |    pointer   |
|data2_43_V_V_empty_n  |  in |    1|   ap_fifo  |                              data2_43_V_V                             |    pointer   |
|data2_43_V_V_read     | out |    1|   ap_fifo  |                              data2_43_V_V                             |    pointer   |
|data2_44_V_V_dout     |  in |    8|   ap_fifo  |                              data2_44_V_V                             |    pointer   |
|data2_44_V_V_empty_n  |  in |    1|   ap_fifo  |                              data2_44_V_V                             |    pointer   |
|data2_44_V_V_read     | out |    1|   ap_fifo  |                              data2_44_V_V                             |    pointer   |
|data2_45_V_V_dout     |  in |    8|   ap_fifo  |                              data2_45_V_V                             |    pointer   |
|data2_45_V_V_empty_n  |  in |    1|   ap_fifo  |                              data2_45_V_V                             |    pointer   |
|data2_45_V_V_read     | out |    1|   ap_fifo  |                              data2_45_V_V                             |    pointer   |
|data2_46_V_V_dout     |  in |    8|   ap_fifo  |                              data2_46_V_V                             |    pointer   |
|data2_46_V_V_empty_n  |  in |    1|   ap_fifo  |                              data2_46_V_V                             |    pointer   |
|data2_46_V_V_read     | out |    1|   ap_fifo  |                              data2_46_V_V                             |    pointer   |
|data2_47_V_V_dout     |  in |    8|   ap_fifo  |                              data2_47_V_V                             |    pointer   |
|data2_47_V_V_empty_n  |  in |    1|   ap_fifo  |                              data2_47_V_V                             |    pointer   |
|data2_47_V_V_read     | out |    1|   ap_fifo  |                              data2_47_V_V                             |    pointer   |
|data2_48_V_V_dout     |  in |    8|   ap_fifo  |                              data2_48_V_V                             |    pointer   |
|data2_48_V_V_empty_n  |  in |    1|   ap_fifo  |                              data2_48_V_V                             |    pointer   |
|data2_48_V_V_read     | out |    1|   ap_fifo  |                              data2_48_V_V                             |    pointer   |
|data2_49_V_V_dout     |  in |    8|   ap_fifo  |                              data2_49_V_V                             |    pointer   |
|data2_49_V_V_empty_n  |  in |    1|   ap_fifo  |                              data2_49_V_V                             |    pointer   |
|data2_49_V_V_read     | out |    1|   ap_fifo  |                              data2_49_V_V                             |    pointer   |
|data2_50_V_V_dout     |  in |    8|   ap_fifo  |                              data2_50_V_V                             |    pointer   |
|data2_50_V_V_empty_n  |  in |    1|   ap_fifo  |                              data2_50_V_V                             |    pointer   |
|data2_50_V_V_read     | out |    1|   ap_fifo  |                              data2_50_V_V                             |    pointer   |
|data2_51_V_V_dout     |  in |    8|   ap_fifo  |                              data2_51_V_V                             |    pointer   |
|data2_51_V_V_empty_n  |  in |    1|   ap_fifo  |                              data2_51_V_V                             |    pointer   |
|data2_51_V_V_read     | out |    1|   ap_fifo  |                              data2_51_V_V                             |    pointer   |
|data2_52_V_V_dout     |  in |    8|   ap_fifo  |                              data2_52_V_V                             |    pointer   |
|data2_52_V_V_empty_n  |  in |    1|   ap_fifo  |                              data2_52_V_V                             |    pointer   |
|data2_52_V_V_read     | out |    1|   ap_fifo  |                              data2_52_V_V                             |    pointer   |
|data2_53_V_V_dout     |  in |    8|   ap_fifo  |                              data2_53_V_V                             |    pointer   |
|data2_53_V_V_empty_n  |  in |    1|   ap_fifo  |                              data2_53_V_V                             |    pointer   |
|data2_53_V_V_read     | out |    1|   ap_fifo  |                              data2_53_V_V                             |    pointer   |
|data2_54_V_V_dout     |  in |    8|   ap_fifo  |                              data2_54_V_V                             |    pointer   |
|data2_54_V_V_empty_n  |  in |    1|   ap_fifo  |                              data2_54_V_V                             |    pointer   |
|data2_54_V_V_read     | out |    1|   ap_fifo  |                              data2_54_V_V                             |    pointer   |
|data2_55_V_V_dout     |  in |    8|   ap_fifo  |                              data2_55_V_V                             |    pointer   |
|data2_55_V_V_empty_n  |  in |    1|   ap_fifo  |                              data2_55_V_V                             |    pointer   |
|data2_55_V_V_read     | out |    1|   ap_fifo  |                              data2_55_V_V                             |    pointer   |
|data2_56_V_V_dout     |  in |    8|   ap_fifo  |                              data2_56_V_V                             |    pointer   |
|data2_56_V_V_empty_n  |  in |    1|   ap_fifo  |                              data2_56_V_V                             |    pointer   |
|data2_56_V_V_read     | out |    1|   ap_fifo  |                              data2_56_V_V                             |    pointer   |
|data2_57_V_V_dout     |  in |    8|   ap_fifo  |                              data2_57_V_V                             |    pointer   |
|data2_57_V_V_empty_n  |  in |    1|   ap_fifo  |                              data2_57_V_V                             |    pointer   |
|data2_57_V_V_read     | out |    1|   ap_fifo  |                              data2_57_V_V                             |    pointer   |
|data2_58_V_V_dout     |  in |    8|   ap_fifo  |                              data2_58_V_V                             |    pointer   |
|data2_58_V_V_empty_n  |  in |    1|   ap_fifo  |                              data2_58_V_V                             |    pointer   |
|data2_58_V_V_read     | out |    1|   ap_fifo  |                              data2_58_V_V                             |    pointer   |
|data2_59_V_V_dout     |  in |    8|   ap_fifo  |                              data2_59_V_V                             |    pointer   |
|data2_59_V_V_empty_n  |  in |    1|   ap_fifo  |                              data2_59_V_V                             |    pointer   |
|data2_59_V_V_read     | out |    1|   ap_fifo  |                              data2_59_V_V                             |    pointer   |
|data2_60_V_V_dout     |  in |    8|   ap_fifo  |                              data2_60_V_V                             |    pointer   |
|data2_60_V_V_empty_n  |  in |    1|   ap_fifo  |                              data2_60_V_V                             |    pointer   |
|data2_60_V_V_read     | out |    1|   ap_fifo  |                              data2_60_V_V                             |    pointer   |
|data2_61_V_V_dout     |  in |    8|   ap_fifo  |                              data2_61_V_V                             |    pointer   |
|data2_61_V_V_empty_n  |  in |    1|   ap_fifo  |                              data2_61_V_V                             |    pointer   |
|data2_61_V_V_read     | out |    1|   ap_fifo  |                              data2_61_V_V                             |    pointer   |
|data2_62_V_V_dout     |  in |    8|   ap_fifo  |                              data2_62_V_V                             |    pointer   |
|data2_62_V_V_empty_n  |  in |    1|   ap_fifo  |                              data2_62_V_V                             |    pointer   |
|data2_62_V_V_read     | out |    1|   ap_fifo  |                              data2_62_V_V                             |    pointer   |
|data2_63_V_V_dout     |  in |    8|   ap_fifo  |                              data2_63_V_V                             |    pointer   |
|data2_63_V_V_empty_n  |  in |    1|   ap_fifo  |                              data2_63_V_V                             |    pointer   |
|data2_63_V_V_read     | out |    1|   ap_fifo  |                              data2_63_V_V                             |    pointer   |
|data2_64_V_V_dout     |  in |    8|   ap_fifo  |                              data2_64_V_V                             |    pointer   |
|data2_64_V_V_empty_n  |  in |    1|   ap_fifo  |                              data2_64_V_V                             |    pointer   |
|data2_64_V_V_read     | out |    1|   ap_fifo  |                              data2_64_V_V                             |    pointer   |
|data2_65_V_V_dout     |  in |    8|   ap_fifo  |                              data2_65_V_V                             |    pointer   |
|data2_65_V_V_empty_n  |  in |    1|   ap_fifo  |                              data2_65_V_V                             |    pointer   |
|data2_65_V_V_read     | out |    1|   ap_fifo  |                              data2_65_V_V                             |    pointer   |
|data2_66_V_V_dout     |  in |    8|   ap_fifo  |                              data2_66_V_V                             |    pointer   |
|data2_66_V_V_empty_n  |  in |    1|   ap_fifo  |                              data2_66_V_V                             |    pointer   |
|data2_66_V_V_read     | out |    1|   ap_fifo  |                              data2_66_V_V                             |    pointer   |
|data2_67_V_V_dout     |  in |    8|   ap_fifo  |                              data2_67_V_V                             |    pointer   |
|data2_67_V_V_empty_n  |  in |    1|   ap_fifo  |                              data2_67_V_V                             |    pointer   |
|data2_67_V_V_read     | out |    1|   ap_fifo  |                              data2_67_V_V                             |    pointer   |
|data2_68_V_V_dout     |  in |    8|   ap_fifo  |                              data2_68_V_V                             |    pointer   |
|data2_68_V_V_empty_n  |  in |    1|   ap_fifo  |                              data2_68_V_V                             |    pointer   |
|data2_68_V_V_read     | out |    1|   ap_fifo  |                              data2_68_V_V                             |    pointer   |
|data2_69_V_V_dout     |  in |    8|   ap_fifo  |                              data2_69_V_V                             |    pointer   |
|data2_69_V_V_empty_n  |  in |    1|   ap_fifo  |                              data2_69_V_V                             |    pointer   |
|data2_69_V_V_read     | out |    1|   ap_fifo  |                              data2_69_V_V                             |    pointer   |
|res_0_V_V_din         | out |    8|   ap_fifo  |                               res_0_V_V                               |    pointer   |
|res_0_V_V_full_n      |  in |    1|   ap_fifo  |                               res_0_V_V                               |    pointer   |
|res_0_V_V_write       | out |    1|   ap_fifo  |                               res_0_V_V                               |    pointer   |
|res_1_V_V_din         | out |    8|   ap_fifo  |                               res_1_V_V                               |    pointer   |
|res_1_V_V_full_n      |  in |    1|   ap_fifo  |                               res_1_V_V                               |    pointer   |
|res_1_V_V_write       | out |    1|   ap_fifo  |                               res_1_V_V                               |    pointer   |
|res_2_V_V_din         | out |    8|   ap_fifo  |                               res_2_V_V                               |    pointer   |
|res_2_V_V_full_n      |  in |    1|   ap_fifo  |                               res_2_V_V                               |    pointer   |
|res_2_V_V_write       | out |    1|   ap_fifo  |                               res_2_V_V                               |    pointer   |
|res_3_V_V_din         | out |    8|   ap_fifo  |                               res_3_V_V                               |    pointer   |
|res_3_V_V_full_n      |  in |    1|   ap_fifo  |                               res_3_V_V                               |    pointer   |
|res_3_V_V_write       | out |    1|   ap_fifo  |                               res_3_V_V                               |    pointer   |
|res_4_V_V_din         | out |    8|   ap_fifo  |                               res_4_V_V                               |    pointer   |
|res_4_V_V_full_n      |  in |    1|   ap_fifo  |                               res_4_V_V                               |    pointer   |
|res_4_V_V_write       | out |    1|   ap_fifo  |                               res_4_V_V                               |    pointer   |
|res_5_V_V_din         | out |    8|   ap_fifo  |                               res_5_V_V                               |    pointer   |
|res_5_V_V_full_n      |  in |    1|   ap_fifo  |                               res_5_V_V                               |    pointer   |
|res_5_V_V_write       | out |    1|   ap_fifo  |                               res_5_V_V                               |    pointer   |
|res_6_V_V_din         | out |    8|   ap_fifo  |                               res_6_V_V                               |    pointer   |
|res_6_V_V_full_n      |  in |    1|   ap_fifo  |                               res_6_V_V                               |    pointer   |
|res_6_V_V_write       | out |    1|   ap_fifo  |                               res_6_V_V                               |    pointer   |
|res_7_V_V_din         | out |    8|   ap_fifo  |                               res_7_V_V                               |    pointer   |
|res_7_V_V_full_n      |  in |    1|   ap_fifo  |                               res_7_V_V                               |    pointer   |
|res_7_V_V_write       | out |    1|   ap_fifo  |                               res_7_V_V                               |    pointer   |
|res_8_V_V_din         | out |    8|   ap_fifo  |                               res_8_V_V                               |    pointer   |
|res_8_V_V_full_n      |  in |    1|   ap_fifo  |                               res_8_V_V                               |    pointer   |
|res_8_V_V_write       | out |    1|   ap_fifo  |                               res_8_V_V                               |    pointer   |
|res_9_V_V_din         | out |    8|   ap_fifo  |                               res_9_V_V                               |    pointer   |
|res_9_V_V_full_n      |  in |    1|   ap_fifo  |                               res_9_V_V                               |    pointer   |
|res_9_V_V_write       | out |    1|   ap_fifo  |                               res_9_V_V                               |    pointer   |
|res_10_V_V_din        | out |    8|   ap_fifo  |                               res_10_V_V                              |    pointer   |
|res_10_V_V_full_n     |  in |    1|   ap_fifo  |                               res_10_V_V                              |    pointer   |
|res_10_V_V_write      | out |    1|   ap_fifo  |                               res_10_V_V                              |    pointer   |
|res_11_V_V_din        | out |    8|   ap_fifo  |                               res_11_V_V                              |    pointer   |
|res_11_V_V_full_n     |  in |    1|   ap_fifo  |                               res_11_V_V                              |    pointer   |
|res_11_V_V_write      | out |    1|   ap_fifo  |                               res_11_V_V                              |    pointer   |
|res_12_V_V_din        | out |    8|   ap_fifo  |                               res_12_V_V                              |    pointer   |
|res_12_V_V_full_n     |  in |    1|   ap_fifo  |                               res_12_V_V                              |    pointer   |
|res_12_V_V_write      | out |    1|   ap_fifo  |                               res_12_V_V                              |    pointer   |
|res_13_V_V_din        | out |    8|   ap_fifo  |                               res_13_V_V                              |    pointer   |
|res_13_V_V_full_n     |  in |    1|   ap_fifo  |                               res_13_V_V                              |    pointer   |
|res_13_V_V_write      | out |    1|   ap_fifo  |                               res_13_V_V                              |    pointer   |
|res_14_V_V_din        | out |    8|   ap_fifo  |                               res_14_V_V                              |    pointer   |
|res_14_V_V_full_n     |  in |    1|   ap_fifo  |                               res_14_V_V                              |    pointer   |
|res_14_V_V_write      | out |    1|   ap_fifo  |                               res_14_V_V                              |    pointer   |
|res_15_V_V_din        | out |    8|   ap_fifo  |                               res_15_V_V                              |    pointer   |
|res_15_V_V_full_n     |  in |    1|   ap_fifo  |                               res_15_V_V                              |    pointer   |
|res_15_V_V_write      | out |    1|   ap_fifo  |                               res_15_V_V                              |    pointer   |
|res_16_V_V_din        | out |    8|   ap_fifo  |                               res_16_V_V                              |    pointer   |
|res_16_V_V_full_n     |  in |    1|   ap_fifo  |                               res_16_V_V                              |    pointer   |
|res_16_V_V_write      | out |    1|   ap_fifo  |                               res_16_V_V                              |    pointer   |
|res_17_V_V_din        | out |    8|   ap_fifo  |                               res_17_V_V                              |    pointer   |
|res_17_V_V_full_n     |  in |    1|   ap_fifo  |                               res_17_V_V                              |    pointer   |
|res_17_V_V_write      | out |    1|   ap_fifo  |                               res_17_V_V                              |    pointer   |
|res_18_V_V_din        | out |    8|   ap_fifo  |                               res_18_V_V                              |    pointer   |
|res_18_V_V_full_n     |  in |    1|   ap_fifo  |                               res_18_V_V                              |    pointer   |
|res_18_V_V_write      | out |    1|   ap_fifo  |                               res_18_V_V                              |    pointer   |
|res_19_V_V_din        | out |    8|   ap_fifo  |                               res_19_V_V                              |    pointer   |
|res_19_V_V_full_n     |  in |    1|   ap_fifo  |                               res_19_V_V                              |    pointer   |
|res_19_V_V_write      | out |    1|   ap_fifo  |                               res_19_V_V                              |    pointer   |
|res_20_V_V_din        | out |    8|   ap_fifo  |                               res_20_V_V                              |    pointer   |
|res_20_V_V_full_n     |  in |    1|   ap_fifo  |                               res_20_V_V                              |    pointer   |
|res_20_V_V_write      | out |    1|   ap_fifo  |                               res_20_V_V                              |    pointer   |
|res_21_V_V_din        | out |    8|   ap_fifo  |                               res_21_V_V                              |    pointer   |
|res_21_V_V_full_n     |  in |    1|   ap_fifo  |                               res_21_V_V                              |    pointer   |
|res_21_V_V_write      | out |    1|   ap_fifo  |                               res_21_V_V                              |    pointer   |
|res_22_V_V_din        | out |    8|   ap_fifo  |                               res_22_V_V                              |    pointer   |
|res_22_V_V_full_n     |  in |    1|   ap_fifo  |                               res_22_V_V                              |    pointer   |
|res_22_V_V_write      | out |    1|   ap_fifo  |                               res_22_V_V                              |    pointer   |
|res_23_V_V_din        | out |    8|   ap_fifo  |                               res_23_V_V                              |    pointer   |
|res_23_V_V_full_n     |  in |    1|   ap_fifo  |                               res_23_V_V                              |    pointer   |
|res_23_V_V_write      | out |    1|   ap_fifo  |                               res_23_V_V                              |    pointer   |
|res_24_V_V_din        | out |    8|   ap_fifo  |                               res_24_V_V                              |    pointer   |
|res_24_V_V_full_n     |  in |    1|   ap_fifo  |                               res_24_V_V                              |    pointer   |
|res_24_V_V_write      | out |    1|   ap_fifo  |                               res_24_V_V                              |    pointer   |
|res_25_V_V_din        | out |    8|   ap_fifo  |                               res_25_V_V                              |    pointer   |
|res_25_V_V_full_n     |  in |    1|   ap_fifo  |                               res_25_V_V                              |    pointer   |
|res_25_V_V_write      | out |    1|   ap_fifo  |                               res_25_V_V                              |    pointer   |
|res_26_V_V_din        | out |    8|   ap_fifo  |                               res_26_V_V                              |    pointer   |
|res_26_V_V_full_n     |  in |    1|   ap_fifo  |                               res_26_V_V                              |    pointer   |
|res_26_V_V_write      | out |    1|   ap_fifo  |                               res_26_V_V                              |    pointer   |
|res_27_V_V_din        | out |    8|   ap_fifo  |                               res_27_V_V                              |    pointer   |
|res_27_V_V_full_n     |  in |    1|   ap_fifo  |                               res_27_V_V                              |    pointer   |
|res_27_V_V_write      | out |    1|   ap_fifo  |                               res_27_V_V                              |    pointer   |
|res_28_V_V_din        | out |    8|   ap_fifo  |                               res_28_V_V                              |    pointer   |
|res_28_V_V_full_n     |  in |    1|   ap_fifo  |                               res_28_V_V                              |    pointer   |
|res_28_V_V_write      | out |    1|   ap_fifo  |                               res_28_V_V                              |    pointer   |
|res_29_V_V_din        | out |    8|   ap_fifo  |                               res_29_V_V                              |    pointer   |
|res_29_V_V_full_n     |  in |    1|   ap_fifo  |                               res_29_V_V                              |    pointer   |
|res_29_V_V_write      | out |    1|   ap_fifo  |                               res_29_V_V                              |    pointer   |
|res_30_V_V_din        | out |    8|   ap_fifo  |                               res_30_V_V                              |    pointer   |
|res_30_V_V_full_n     |  in |    1|   ap_fifo  |                               res_30_V_V                              |    pointer   |
|res_30_V_V_write      | out |    1|   ap_fifo  |                               res_30_V_V                              |    pointer   |
|res_31_V_V_din        | out |    8|   ap_fifo  |                               res_31_V_V                              |    pointer   |
|res_31_V_V_full_n     |  in |    1|   ap_fifo  |                               res_31_V_V                              |    pointer   |
|res_31_V_V_write      | out |    1|   ap_fifo  |                               res_31_V_V                              |    pointer   |
|res_32_V_V_din        | out |    8|   ap_fifo  |                               res_32_V_V                              |    pointer   |
|res_32_V_V_full_n     |  in |    1|   ap_fifo  |                               res_32_V_V                              |    pointer   |
|res_32_V_V_write      | out |    1|   ap_fifo  |                               res_32_V_V                              |    pointer   |
|res_33_V_V_din        | out |    8|   ap_fifo  |                               res_33_V_V                              |    pointer   |
|res_33_V_V_full_n     |  in |    1|   ap_fifo  |                               res_33_V_V                              |    pointer   |
|res_33_V_V_write      | out |    1|   ap_fifo  |                               res_33_V_V                              |    pointer   |
|res_34_V_V_din        | out |    8|   ap_fifo  |                               res_34_V_V                              |    pointer   |
|res_34_V_V_full_n     |  in |    1|   ap_fifo  |                               res_34_V_V                              |    pointer   |
|res_34_V_V_write      | out |    1|   ap_fifo  |                               res_34_V_V                              |    pointer   |
|res_35_V_V_din        | out |    8|   ap_fifo  |                               res_35_V_V                              |    pointer   |
|res_35_V_V_full_n     |  in |    1|   ap_fifo  |                               res_35_V_V                              |    pointer   |
|res_35_V_V_write      | out |    1|   ap_fifo  |                               res_35_V_V                              |    pointer   |
|res_36_V_V_din        | out |    8|   ap_fifo  |                               res_36_V_V                              |    pointer   |
|res_36_V_V_full_n     |  in |    1|   ap_fifo  |                               res_36_V_V                              |    pointer   |
|res_36_V_V_write      | out |    1|   ap_fifo  |                               res_36_V_V                              |    pointer   |
|res_37_V_V_din        | out |    8|   ap_fifo  |                               res_37_V_V                              |    pointer   |
|res_37_V_V_full_n     |  in |    1|   ap_fifo  |                               res_37_V_V                              |    pointer   |
|res_37_V_V_write      | out |    1|   ap_fifo  |                               res_37_V_V                              |    pointer   |
|res_38_V_V_din        | out |    8|   ap_fifo  |                               res_38_V_V                              |    pointer   |
|res_38_V_V_full_n     |  in |    1|   ap_fifo  |                               res_38_V_V                              |    pointer   |
|res_38_V_V_write      | out |    1|   ap_fifo  |                               res_38_V_V                              |    pointer   |
|res_39_V_V_din        | out |    8|   ap_fifo  |                               res_39_V_V                              |    pointer   |
|res_39_V_V_full_n     |  in |    1|   ap_fifo  |                               res_39_V_V                              |    pointer   |
|res_39_V_V_write      | out |    1|   ap_fifo  |                               res_39_V_V                              |    pointer   |
|res_40_V_V_din        | out |    8|   ap_fifo  |                               res_40_V_V                              |    pointer   |
|res_40_V_V_full_n     |  in |    1|   ap_fifo  |                               res_40_V_V                              |    pointer   |
|res_40_V_V_write      | out |    1|   ap_fifo  |                               res_40_V_V                              |    pointer   |
|res_41_V_V_din        | out |    8|   ap_fifo  |                               res_41_V_V                              |    pointer   |
|res_41_V_V_full_n     |  in |    1|   ap_fifo  |                               res_41_V_V                              |    pointer   |
|res_41_V_V_write      | out |    1|   ap_fifo  |                               res_41_V_V                              |    pointer   |
|res_42_V_V_din        | out |    8|   ap_fifo  |                               res_42_V_V                              |    pointer   |
|res_42_V_V_full_n     |  in |    1|   ap_fifo  |                               res_42_V_V                              |    pointer   |
|res_42_V_V_write      | out |    1|   ap_fifo  |                               res_42_V_V                              |    pointer   |
|res_43_V_V_din        | out |    8|   ap_fifo  |                               res_43_V_V                              |    pointer   |
|res_43_V_V_full_n     |  in |    1|   ap_fifo  |                               res_43_V_V                              |    pointer   |
|res_43_V_V_write      | out |    1|   ap_fifo  |                               res_43_V_V                              |    pointer   |
|res_44_V_V_din        | out |    8|   ap_fifo  |                               res_44_V_V                              |    pointer   |
|res_44_V_V_full_n     |  in |    1|   ap_fifo  |                               res_44_V_V                              |    pointer   |
|res_44_V_V_write      | out |    1|   ap_fifo  |                               res_44_V_V                              |    pointer   |
|res_45_V_V_din        | out |    8|   ap_fifo  |                               res_45_V_V                              |    pointer   |
|res_45_V_V_full_n     |  in |    1|   ap_fifo  |                               res_45_V_V                              |    pointer   |
|res_45_V_V_write      | out |    1|   ap_fifo  |                               res_45_V_V                              |    pointer   |
|res_46_V_V_din        | out |    8|   ap_fifo  |                               res_46_V_V                              |    pointer   |
|res_46_V_V_full_n     |  in |    1|   ap_fifo  |                               res_46_V_V                              |    pointer   |
|res_46_V_V_write      | out |    1|   ap_fifo  |                               res_46_V_V                              |    pointer   |
|res_47_V_V_din        | out |    8|   ap_fifo  |                               res_47_V_V                              |    pointer   |
|res_47_V_V_full_n     |  in |    1|   ap_fifo  |                               res_47_V_V                              |    pointer   |
|res_47_V_V_write      | out |    1|   ap_fifo  |                               res_47_V_V                              |    pointer   |
|res_48_V_V_din        | out |    8|   ap_fifo  |                               res_48_V_V                              |    pointer   |
|res_48_V_V_full_n     |  in |    1|   ap_fifo  |                               res_48_V_V                              |    pointer   |
|res_48_V_V_write      | out |    1|   ap_fifo  |                               res_48_V_V                              |    pointer   |
|res_49_V_V_din        | out |    8|   ap_fifo  |                               res_49_V_V                              |    pointer   |
|res_49_V_V_full_n     |  in |    1|   ap_fifo  |                               res_49_V_V                              |    pointer   |
|res_49_V_V_write      | out |    1|   ap_fifo  |                               res_49_V_V                              |    pointer   |
|res_50_V_V_din        | out |    8|   ap_fifo  |                               res_50_V_V                              |    pointer   |
|res_50_V_V_full_n     |  in |    1|   ap_fifo  |                               res_50_V_V                              |    pointer   |
|res_50_V_V_write      | out |    1|   ap_fifo  |                               res_50_V_V                              |    pointer   |
|res_51_V_V_din        | out |    8|   ap_fifo  |                               res_51_V_V                              |    pointer   |
|res_51_V_V_full_n     |  in |    1|   ap_fifo  |                               res_51_V_V                              |    pointer   |
|res_51_V_V_write      | out |    1|   ap_fifo  |                               res_51_V_V                              |    pointer   |
|res_52_V_V_din        | out |    8|   ap_fifo  |                               res_52_V_V                              |    pointer   |
|res_52_V_V_full_n     |  in |    1|   ap_fifo  |                               res_52_V_V                              |    pointer   |
|res_52_V_V_write      | out |    1|   ap_fifo  |                               res_52_V_V                              |    pointer   |
|res_53_V_V_din        | out |    8|   ap_fifo  |                               res_53_V_V                              |    pointer   |
|res_53_V_V_full_n     |  in |    1|   ap_fifo  |                               res_53_V_V                              |    pointer   |
|res_53_V_V_write      | out |    1|   ap_fifo  |                               res_53_V_V                              |    pointer   |
|res_54_V_V_din        | out |    8|   ap_fifo  |                               res_54_V_V                              |    pointer   |
|res_54_V_V_full_n     |  in |    1|   ap_fifo  |                               res_54_V_V                              |    pointer   |
|res_54_V_V_write      | out |    1|   ap_fifo  |                               res_54_V_V                              |    pointer   |
|res_55_V_V_din        | out |    8|   ap_fifo  |                               res_55_V_V                              |    pointer   |
|res_55_V_V_full_n     |  in |    1|   ap_fifo  |                               res_55_V_V                              |    pointer   |
|res_55_V_V_write      | out |    1|   ap_fifo  |                               res_55_V_V                              |    pointer   |
|res_56_V_V_din        | out |    8|   ap_fifo  |                               res_56_V_V                              |    pointer   |
|res_56_V_V_full_n     |  in |    1|   ap_fifo  |                               res_56_V_V                              |    pointer   |
|res_56_V_V_write      | out |    1|   ap_fifo  |                               res_56_V_V                              |    pointer   |
|res_57_V_V_din        | out |    8|   ap_fifo  |                               res_57_V_V                              |    pointer   |
|res_57_V_V_full_n     |  in |    1|   ap_fifo  |                               res_57_V_V                              |    pointer   |
|res_57_V_V_write      | out |    1|   ap_fifo  |                               res_57_V_V                              |    pointer   |
|res_58_V_V_din        | out |    8|   ap_fifo  |                               res_58_V_V                              |    pointer   |
|res_58_V_V_full_n     |  in |    1|   ap_fifo  |                               res_58_V_V                              |    pointer   |
|res_58_V_V_write      | out |    1|   ap_fifo  |                               res_58_V_V                              |    pointer   |
|res_59_V_V_din        | out |    8|   ap_fifo  |                               res_59_V_V                              |    pointer   |
|res_59_V_V_full_n     |  in |    1|   ap_fifo  |                               res_59_V_V                              |    pointer   |
|res_59_V_V_write      | out |    1|   ap_fifo  |                               res_59_V_V                              |    pointer   |
|res_60_V_V_din        | out |    8|   ap_fifo  |                               res_60_V_V                              |    pointer   |
|res_60_V_V_full_n     |  in |    1|   ap_fifo  |                               res_60_V_V                              |    pointer   |
|res_60_V_V_write      | out |    1|   ap_fifo  |                               res_60_V_V                              |    pointer   |
|res_61_V_V_din        | out |    8|   ap_fifo  |                               res_61_V_V                              |    pointer   |
|res_61_V_V_full_n     |  in |    1|   ap_fifo  |                               res_61_V_V                              |    pointer   |
|res_61_V_V_write      | out |    1|   ap_fifo  |                               res_61_V_V                              |    pointer   |
|res_62_V_V_din        | out |    8|   ap_fifo  |                               res_62_V_V                              |    pointer   |
|res_62_V_V_full_n     |  in |    1|   ap_fifo  |                               res_62_V_V                              |    pointer   |
|res_62_V_V_write      | out |    1|   ap_fifo  |                               res_62_V_V                              |    pointer   |
|res_63_V_V_din        | out |    8|   ap_fifo  |                               res_63_V_V                              |    pointer   |
|res_63_V_V_full_n     |  in |    1|   ap_fifo  |                               res_63_V_V                              |    pointer   |
|res_63_V_V_write      | out |    1|   ap_fifo  |                               res_63_V_V                              |    pointer   |
|res_64_V_V_din        | out |    8|   ap_fifo  |                               res_64_V_V                              |    pointer   |
|res_64_V_V_full_n     |  in |    1|   ap_fifo  |                               res_64_V_V                              |    pointer   |
|res_64_V_V_write      | out |    1|   ap_fifo  |                               res_64_V_V                              |    pointer   |
|res_65_V_V_din        | out |    8|   ap_fifo  |                               res_65_V_V                              |    pointer   |
|res_65_V_V_full_n     |  in |    1|   ap_fifo  |                               res_65_V_V                              |    pointer   |
|res_65_V_V_write      | out |    1|   ap_fifo  |                               res_65_V_V                              |    pointer   |
|res_66_V_V_din        | out |    8|   ap_fifo  |                               res_66_V_V                              |    pointer   |
|res_66_V_V_full_n     |  in |    1|   ap_fifo  |                               res_66_V_V                              |    pointer   |
|res_66_V_V_write      | out |    1|   ap_fifo  |                               res_66_V_V                              |    pointer   |
|res_67_V_V_din        | out |    8|   ap_fifo  |                               res_67_V_V                              |    pointer   |
|res_67_V_V_full_n     |  in |    1|   ap_fifo  |                               res_67_V_V                              |    pointer   |
|res_67_V_V_write      | out |    1|   ap_fifo  |                               res_67_V_V                              |    pointer   |
|res_68_V_V_din        | out |    8|   ap_fifo  |                               res_68_V_V                              |    pointer   |
|res_68_V_V_full_n     |  in |    1|   ap_fifo  |                               res_68_V_V                              |    pointer   |
|res_68_V_V_write      | out |    1|   ap_fifo  |                               res_68_V_V                              |    pointer   |
|res_69_V_V_din        | out |    8|   ap_fifo  |                               res_69_V_V                              |    pointer   |
|res_69_V_V_full_n     |  in |    1|   ap_fifo  |                               res_69_V_V                              |    pointer   |
|res_69_V_V_write      | out |    1|   ap_fifo  |                               res_69_V_V                              |    pointer   |
|res_70_V_V_din        | out |    8|   ap_fifo  |                               res_70_V_V                              |    pointer   |
|res_70_V_V_full_n     |  in |    1|   ap_fifo  |                               res_70_V_V                              |    pointer   |
|res_70_V_V_write      | out |    1|   ap_fifo  |                               res_70_V_V                              |    pointer   |
|res_71_V_V_din        | out |    8|   ap_fifo  |                               res_71_V_V                              |    pointer   |
|res_71_V_V_full_n     |  in |    1|   ap_fifo  |                               res_71_V_V                              |    pointer   |
|res_71_V_V_write      | out |    1|   ap_fifo  |                               res_71_V_V                              |    pointer   |
|res_72_V_V_din        | out |    8|   ap_fifo  |                               res_72_V_V                              |    pointer   |
|res_72_V_V_full_n     |  in |    1|   ap_fifo  |                               res_72_V_V                              |    pointer   |
|res_72_V_V_write      | out |    1|   ap_fifo  |                               res_72_V_V                              |    pointer   |
|res_73_V_V_din        | out |    8|   ap_fifo  |                               res_73_V_V                              |    pointer   |
|res_73_V_V_full_n     |  in |    1|   ap_fifo  |                               res_73_V_V                              |    pointer   |
|res_73_V_V_write      | out |    1|   ap_fifo  |                               res_73_V_V                              |    pointer   |
+----------------------+-----+-----+------------+-----------------------------------------------------------------------+--------------+

