

================================================================
== Vivado HLS Report for 'dataflow_in_loop'
================================================================
* Date:           Fri May 19 03:39:16 2023

* Version:        2019.2 (Build 2704478 on Wed Nov 06 22:10:23 MST 2019)
* Project:        alveo_hls4ml
* Solution:       solution
* Product family: virtexuplus
* Target device:  xcu50-fsvh2104-2L-e


================================================================
== Performance Estimates
================================================================
+ Timing: 
    * Summary: 
    +--------+---------+----------+------------+
    |  Clock |  Target | Estimated| Uncertainty|
    +--------+---------+----------+------------+
    |ap_clk  | 4.00 ns | 3.100 ns |   0.90 ns  |
    +--------+---------+----------+------------+

+ Latency: 
    * Summary: 
    +---------+---------+-----------+-----------+------+------+----------+
    |  Latency (cycles) |   Latency (absolute)  |   Interval  | Pipeline |
    |   min   |   max   |    min    |    max    |  min |  max |   Type   |
    +---------+---------+-----------+-----------+------+------+----------+
    |     6156|     6229| 24.624 us | 24.916 us |  6068|  6141| dataflow |
    +---------+---------+-----------+-----------+------+------+----------+

    + Detail: 
        * Instance: 
        +---------------------------------+------------------------------+---------+---------+-----------+-----------+------+------+----------+
        |                                 |                              |  Latency (cycles) |   Latency (absolute)  |   Interval  | Pipeline |
        |             Instance            |            Module            |   min   |   max   |    min    |    max    |  min |  max |   Type   |
        +---------------------------------+------------------------------+---------+---------+-----------+-----------+------+------+----------+
        |myproject_U0                     |myproject                     |     6067|     6140| 24.268 us | 24.560 us |  6068|  6141| dataflow |
        |Loop_5_proc_U0                   |Loop_5_proc                   |       84|       84|  0.336 us |  0.336 us |    84|    84|   none   |
        |Loop_0_proc_U0                   |Loop_0_proc                   |       86|       86|  0.344 us |  0.344 us |    86|    86|   none   |
        |Loop_1_proc_U0                   |Loop_1_proc                   |       86|       86|  0.344 us |  0.344 us |    86|    86|   none   |
        |Loop_2_proc_U0                   |Loop_2_proc                   |       75|       75|  0.300 us |  0.300 us |    75|    75|   none   |
        |Loop_3_proc_U0                   |Loop_3_proc                   |       75|       75|  0.300 us |  0.300 us |    75|    75|   none   |
        |Loop_4_proc_U0                   |Loop_4_proc                   |       75|       75|  0.300 us |  0.300 us |    75|    75|   none   |
        |dataflow_in_loop_entry370140_U0  |dataflow_in_loop_entry370140  |        0|        0|    0 ns   |    0 ns   |     0|     0|   none   |
        +---------------------------------+------------------------------+---------+---------+-----------+-----------+------+------+----------+

        * Loop: 
        N/A



================================================================
== Utilization Estimates
================================================================
* Summary: 
+---------------------+---------+-------+---------+--------+-----+
|         Name        | BRAM_18K| DSP48E|    FF   |   LUT  | URAM|
+---------------------+---------+-------+---------+--------+-----+
|DSP                  |        -|      -|        -|       -|    -|
|Expression           |        -|      -|        0|      25|    -|
|FIFO                 |      208|      -|     5646|    7355|    -|
|Instance             |      707|    265|    88282|  193643|    0|
|Memory               |       48|      -|        0|       0|    0|
|Multiplexer          |        -|      -|        -|      54|    -|
|Register             |        -|      -|        9|       -|    -|
+---------------------+---------+-------+---------+--------+-----+
|Total                |      963|    265|    93937|  201077|    0|
+---------------------+---------+-------+---------+--------+-----+
|Available SLR        |     1344|   2976|   871680|  435840|  320|
+---------------------+---------+-------+---------+--------+-----+
|Utilization SLR (%)  |       71|      8|       10|      46|    0|
+---------------------+---------+-------+---------+--------+-----+
|Available            |     2688|   5952|  1743360|  871680|  640|
+---------------------+---------+-------+---------+--------+-----+
|Utilization (%)      |       35|      4|        5|      23|    0|
+---------------------+---------+-------+---------+--------+-----+

+ Detail: 
    * Instance: 
    +---------------------------------+------------------------------+---------+-------+-------+--------+-----+
    |             Instance            |            Module            | BRAM_18K| DSP48E|   FF  |   LUT  | URAM|
    +---------------------------------+------------------------------+---------+-------+-------+--------+-----+
    |Loop_0_proc_U0                   |Loop_0_proc                   |        0|      1|    715|     235|    0|
    |Loop_1_proc_U0                   |Loop_1_proc                   |        0|      1|    667|     226|    0|
    |Loop_2_proc_U0                   |Loop_2_proc                   |        0|      0|     15|     721|    0|
    |Loop_3_proc_U0                   |Loop_3_proc                   |        0|      0|     14|     658|    0|
    |Loop_4_proc_U0                   |Loop_4_proc                   |        0|      0|     21|     757|    0|
    |Loop_5_proc_U0                   |Loop_5_proc                   |        0|      1|    813|     262|    0|
    |dataflow_in_loop_entry370140_U0  |dataflow_in_loop_entry370140  |        0|      0|      2|      56|    0|
    |myproject_U0                     |myproject                     |      707|    262|  86035|  190728|    0|
    +---------------------------------+------------------------------+---------+-------+-------+--------+-----+
    |Total                            |                              |      707|    265|  88282|  193643|    0|
    +---------------------------------+------------------------------+---------+-------+-------+--------+-----+

    * DSP48E: 
    N/A

    * Memory: 
    +-------------+----------------------------+---------+---+----+-----+------+-----+------+-------------+
    |    Memory   |           Module           | BRAM_18K| FF| LUT| URAM| Words| Bits| Banks| W*Bits*Banks|
    +-------------+----------------------------+---------+---+----+-----+------+-----+------+-------------+
    |in_buf1_V_U  |dataflow_in_loop_in_buf1_V  |       16|  0|   0|    0|    73|  560|     2|        81760|
    |in_buf2_V_U  |dataflow_in_loop_in_buf2_V  |       15|  0|   0|    0|    73|  512|     2|        74752|
    |out_buf_V_U  |dataflow_in_loop_out_buf_V  |       17|  0|   0|    0|    73|  592|     2|        86432|
    +-------------+----------------------------+---------+---+----+-----+------+-----+------+-------------+
    |Total        |                            |       48|  0|   0|    0|   219| 1664|     6|       242944|
    +-------------+----------------------------+---------+---+----+-----+------+-----+------+-------------+

    * FIFO: 
    +------------------------+---------+----+----+-----+------+-----+---------+
    |          Name          | BRAM_18K| FF | LUT| URAM| Depth| Bits| Size:D*B|
    +------------------------+---------+----+----+-----+------+-----+---------+
    |in1_layer_V_offset_c_U  |        0|   5|   0|    -|     2|   57|      114|
    |in2_layer_V_offset_c_U  |        0|   5|   0|    -|     2|   57|      114|
    |in_stream1_03_U         |        1|  27|   0|    -|    73|    8|      584|
    |in_stream1_1019_U       |        1|  27|   0|    -|    73|    8|      584|
    |in_stream1_110_U        |        1|  27|   0|    -|    73|    8|      584|
    |in_stream1_1120_U       |        1|  27|   0|    -|    73|    8|      584|
    |in_stream1_1221_U       |        1|  27|   0|    -|    73|    8|      584|
    |in_stream1_1322_U       |        1|  27|   0|    -|    73|    8|      584|
    |in_stream1_1423_U       |        1|  27|   0|    -|    73|    8|      584|
    |in_stream1_1524_U       |        1|  27|   0|    -|    73|    8|      584|
    |in_stream1_1625_U       |        1|  27|   0|    -|    73|    8|      584|
    |in_stream1_1726_U       |        1|  27|   0|    -|    73|    8|      584|
    |in_stream1_1827_U       |        1|  27|   0|    -|    73|    8|      584|
    |in_stream1_1928_U       |        1|  27|   0|    -|    73|    8|      584|
    |in_stream1_2029_U       |        1|  27|   0|    -|    73|    8|      584|
    |in_stream1_211_U        |        1|  27|   0|    -|    73|    8|      584|
    |in_stream1_2130_U       |        1|  27|   0|    -|    73|    8|      584|
    |in_stream1_2231_U       |        1|  27|   0|    -|    73|    8|      584|
    |in_stream1_2332_U       |        1|  27|   0|    -|    73|    8|      584|
    |in_stream1_2433_U       |        1|  27|   0|    -|    73|    8|      584|
    |in_stream1_2534_U       |        1|  27|   0|    -|    73|    8|      584|
    |in_stream1_2635_U       |        1|  27|   0|    -|    73|    8|      584|
    |in_stream1_2736_U       |        1|  27|   0|    -|    73|    8|      584|
    |in_stream1_2837_U       |        1|  27|   0|    -|    73|    8|      584|
    |in_stream1_2938_U       |        1|  27|   0|    -|    73|    8|      584|
    |in_stream1_3039_U       |        1|  27|   0|    -|    73|    8|      584|
    |in_stream1_312_U        |        1|  27|   0|    -|    73|    8|      584|
    |in_stream1_3140_U       |        1|  27|   0|    -|    73|    8|      584|
    |in_stream1_3241_U       |        1|  27|   0|    -|    73|    8|      584|
    |in_stream1_3342_U       |        1|  27|   0|    -|    73|    8|      584|
    |in_stream1_3443_U       |        1|  27|   0|    -|    73|    8|      584|
    |in_stream1_3544_U       |        1|  27|   0|    -|    73|    8|      584|
    |in_stream1_3645_U       |        1|  27|   0|    -|    73|    8|      584|
    |in_stream1_3746_U       |        1|  27|   0|    -|    73|    8|      584|
    |in_stream1_3847_U       |        1|  27|   0|    -|    73|    8|      584|
    |in_stream1_3948_U       |        1|  27|   0|    -|    73|    8|      584|
    |in_stream1_4049_U       |        1|  27|   0|    -|    73|    8|      584|
    |in_stream1_413_U        |        1|  27|   0|    -|    73|    8|      584|
    |in_stream1_4150_U       |        1|  27|   0|    -|    73|    8|      584|
    |in_stream1_4251_U       |        1|  27|   0|    -|    73|    8|      584|
    |in_stream1_4352_U       |        1|  27|   0|    -|    73|    8|      584|
    |in_stream1_4453_U       |        1|  27|   0|    -|    73|    8|      584|
    |in_stream1_4554_U       |        1|  27|   0|    -|    73|    8|      584|
    |in_stream1_4655_U       |        1|  27|   0|    -|    73|    8|      584|
    |in_stream1_4756_U       |        1|  27|   0|    -|    73|    8|      584|
    |in_stream1_4857_U       |        1|  27|   0|    -|    73|    8|      584|
    |in_stream1_4958_U       |        1|  27|   0|    -|    73|    8|      584|
    |in_stream1_5059_U       |        1|  27|   0|    -|    73|    8|      584|
    |in_stream1_514_U        |        1|  27|   0|    -|    73|    8|      584|
    |in_stream1_5160_U       |        1|  27|   0|    -|    73|    8|      584|
    |in_stream1_5261_U       |        1|  27|   0|    -|    73|    8|      584|
    |in_stream1_5362_U       |        1|  27|   0|    -|    73|    8|      584|
    |in_stream1_5463_U       |        1|  27|   0|    -|    73|    8|      584|
    |in_stream1_5564_U       |        1|  27|   0|    -|    73|    8|      584|
    |in_stream1_5665_U       |        1|  27|   0|    -|    73|    8|      584|
    |in_stream1_5766_U       |        1|  27|   0|    -|    73|    8|      584|
    |in_stream1_5867_U       |        1|  27|   0|    -|    73|    8|      584|
    |in_stream1_5968_U       |        1|  27|   0|    -|    73|    8|      584|
    |in_stream1_6069_U       |        1|  27|   0|    -|    73|    8|      584|
    |in_stream1_615_U        |        1|  27|   0|    -|    73|    8|      584|
    |in_stream1_6170_U       |        1|  27|   0|    -|    73|    8|      584|
    |in_stream1_6271_U       |        1|  27|   0|    -|    73|    8|      584|
    |in_stream1_6372_U       |        1|  27|   0|    -|    73|    8|      584|
    |in_stream1_6473_U       |        1|  27|   0|    -|    73|    8|      584|
    |in_stream1_6574_U       |        1|  27|   0|    -|    73|    8|      584|
    |in_stream1_6675_U       |        1|  27|   0|    -|    73|    8|      584|
    |in_stream1_6776_U       |        1|  27|   0|    -|    73|    8|      584|
    |in_stream1_6877_U       |        1|  27|   0|    -|    73|    8|      584|
    |in_stream1_6978_U       |        1|  27|   0|    -|    73|    8|      584|
    |in_stream1_716_U        |        1|  27|   0|    -|    73|    8|      584|
    |in_stream1_817_U        |        1|  27|   0|    -|    73|    8|      584|
    |in_stream1_918_U        |        1|  27|   0|    -|    73|    8|      584|
    |in_stream2_079_U        |        1|  27|   0|    -|    73|    8|      584|
    |in_stream2_1089_U       |        1|  27|   0|    -|    73|    8|      584|
    |in_stream2_1190_U       |        1|  27|   0|    -|    73|    8|      584|
    |in_stream2_1291_U       |        1|  27|   0|    -|    73|    8|      584|
    |in_stream2_1392_U       |        1|  27|   0|    -|    73|    8|      584|
    |in_stream2_1493_U       |        1|  27|   0|    -|    73|    8|      584|
    |in_stream2_1594_U       |        1|  27|   0|    -|    73|    8|      584|
    |in_stream2_1695_U       |        1|  27|   0|    -|    73|    8|      584|
    |in_stream2_1796_U       |        1|  27|   0|    -|    73|    8|      584|
    |in_stream2_180_U        |        1|  27|   0|    -|    73|    8|      584|
    |in_stream2_1897_U       |        1|  27|   0|    -|    73|    8|      584|
    |in_stream2_1998_U       |        1|  27|   0|    -|    73|    8|      584|
    |in_stream2_2099_U       |        1|  27|   0|    -|    73|    8|      584|
    |in_stream2_21100_U      |        1|  27|   0|    -|    73|    8|      584|
    |in_stream2_22101_U      |        1|  27|   0|    -|    73|    8|      584|
    |in_stream2_23102_U      |        1|  27|   0|    -|    73|    8|      584|
    |in_stream2_24103_U      |        1|  27|   0|    -|    73|    8|      584|
    |in_stream2_25104_U      |        1|  27|   0|    -|    73|    8|      584|
    |in_stream2_26105_U      |        1|  27|   0|    -|    73|    8|      584|
    |in_stream2_27106_U      |        1|  27|   0|    -|    73|    8|      584|
    |in_stream2_28107_U      |        1|  27|   0|    -|    73|    8|      584|
    |in_stream2_281_U        |        1|  27|   0|    -|    73|    8|      584|
    |in_stream2_29108_U      |        1|  27|   0|    -|    73|    8|      584|
    |in_stream2_30109_U      |        1|  27|   0|    -|    73|    8|      584|
    |in_stream2_31110_U      |        1|  27|   0|    -|    73|    8|      584|
    |in_stream2_32111_U      |        1|  27|   0|    -|    73|    8|      584|
    |in_stream2_33112_U      |        1|  27|   0|    -|    73|    8|      584|
    |in_stream2_34113_U      |        1|  27|   0|    -|    73|    8|      584|
    |in_stream2_35114_U      |        1|  27|   0|    -|    73|    8|      584|
    |in_stream2_36115_U      |        1|  27|   0|    -|    73|    8|      584|
    |in_stream2_37116_U      |        1|  27|   0|    -|    73|    8|      584|
    |in_stream2_38117_U      |        1|  27|   0|    -|    73|    8|      584|
    |in_stream2_382_U        |        1|  27|   0|    -|    73|    8|      584|
    |in_stream2_39118_U      |        1|  27|   0|    -|    73|    8|      584|
    |in_stream2_40119_U      |        1|  27|   0|    -|    73|    8|      584|
    |in_stream2_41120_U      |        1|  27|   0|    -|    73|    8|      584|
    |in_stream2_42121_U      |        1|  27|   0|    -|    73|    8|      584|
    |in_stream2_43122_U      |        1|  27|   0|    -|    73|    8|      584|
    |in_stream2_44123_U      |        1|  27|   0|    -|    73|    8|      584|
    |in_stream2_45124_U      |        1|  27|   0|    -|    73|    8|      584|
    |in_stream2_46125_U      |        1|  27|   0|    -|    73|    8|      584|
    |in_stream2_47126_U      |        1|  27|   0|    -|    73|    8|      584|
    |in_stream2_48127_U      |        1|  27|   0|    -|    73|    8|      584|
    |in_stream2_483_U        |        1|  27|   0|    -|    73|    8|      584|
    |in_stream2_49128_U      |        1|  27|   0|    -|    73|    8|      584|
    |in_stream2_50129_U      |        1|  27|   0|    -|    73|    8|      584|
    |in_stream2_51130_U      |        1|  27|   0|    -|    73|    8|      584|
    |in_stream2_52131_U      |        1|  27|   0|    -|    73|    8|      584|
    |in_stream2_53132_U      |        1|  27|   0|    -|    73|    8|      584|
    |in_stream2_54133_U      |        1|  27|   0|    -|    73|    8|      584|
    |in_stream2_55134_U      |        1|  27|   0|    -|    73|    8|      584|
    |in_stream2_56135_U      |        1|  27|   0|    -|    73|    8|      584|
    |in_stream2_57136_U      |        1|  27|   0|    -|    73|    8|      584|
    |in_stream2_58137_U      |        1|  27|   0|    -|    73|    8|      584|
    |in_stream2_584_U        |        1|  27|   0|    -|    73|    8|      584|
    |in_stream2_59138_U      |        1|  27|   0|    -|    73|    8|      584|
    |in_stream2_60139_U      |        1|  27|   0|    -|    73|    8|      584|
    |in_stream2_61140_U      |        1|  27|   0|    -|    73|    8|      584|
    |in_stream2_62141_U      |        1|  27|   0|    -|    73|    8|      584|
    |in_stream2_63142_U      |        1|  27|   0|    -|    73|    8|      584|
    |in_stream2_685_U        |        1|  27|   0|    -|    73|    8|      584|
    |in_stream2_786_U        |        1|  27|   0|    -|    73|    8|      584|
    |in_stream2_887_U        |        1|  27|   0|    -|    73|    8|      584|
    |in_stream2_988_U        |        1|  27|   0|    -|    73|    8|      584|
    |k_0_i_c1_U              |        0|   5|   0|    -|     2|   13|       26|
    |k_0_i_c2_U              |        0|   5|   0|    -|     5|   13|       65|
    |k_0_i_c_U               |        0|   5|   0|    -|     2|   13|       26|
    |out_layer_V_offset_c_U  |        0|   5|   0|    -|     6|   57|      342|
    |out_stream_0143_U       |        1|  27|   0|    -|    73|    8|      584|
    |out_stream_10153_U      |        1|  27|   0|    -|    73|    8|      584|
    |out_stream_11154_U      |        1|  27|   0|    -|    73|    8|      584|
    |out_stream_1144_U       |        1|  27|   0|    -|    73|    8|      584|
    |out_stream_12155_U      |        1|  27|   0|    -|    73|    8|      584|
    |out_stream_13156_U      |        1|  27|   0|    -|    73|    8|      584|
    |out_stream_14157_U      |        1|  27|   0|    -|    73|    8|      584|
    |out_stream_15158_U      |        1|  27|   0|    -|    73|    8|      584|
    |out_stream_16159_U      |        1|  27|   0|    -|    73|    8|      584|
    |out_stream_17160_U      |        1|  27|   0|    -|    73|    8|      584|
    |out_stream_18161_U      |        1|  27|   0|    -|    73|    8|      584|
    |out_stream_19162_U      |        1|  27|   0|    -|    73|    8|      584|
    |out_stream_20163_U      |        1|  27|   0|    -|    73|    8|      584|
    |out_stream_21164_U      |        1|  27|   0|    -|    73|    8|      584|
    |out_stream_2145_U       |        1|  27|   0|    -|    73|    8|      584|
    |out_stream_22165_U      |        1|  27|   0|    -|    73|    8|      584|
    |out_stream_23166_U      |        1|  27|   0|    -|    73|    8|      584|
    |out_stream_24167_U      |        1|  27|   0|    -|    73|    8|      584|
    |out_stream_25168_U      |        1|  27|   0|    -|    73|    8|      584|
    |out_stream_26169_U      |        1|  27|   0|    -|    73|    8|      584|
    |out_stream_27170_U      |        1|  27|   0|    -|    73|    8|      584|
    |out_stream_28171_U      |        1|  27|   0|    -|    73|    8|      584|
    |out_stream_29172_U      |        1|  27|   0|    -|    73|    8|      584|
    |out_stream_30173_U      |        1|  27|   0|    -|    73|    8|      584|
    |out_stream_31174_U      |        1|  27|   0|    -|    73|    8|      584|
    |out_stream_3146_U       |        1|  27|   0|    -|    73|    8|      584|
    |out_stream_32175_U      |        1|  27|   0|    -|    73|    8|      584|
    |out_stream_33176_U      |        1|  27|   0|    -|    73|    8|      584|
    |out_stream_34177_U      |        1|  27|   0|    -|    73|    8|      584|
    |out_stream_35178_U      |        1|  27|   0|    -|    73|    8|      584|
    |out_stream_36179_U      |        1|  27|   0|    -|    73|    8|      584|
    |out_stream_37180_U      |        1|  27|   0|    -|    73|    8|      584|
    |out_stream_38181_U      |        1|  27|   0|    -|    73|    8|      584|
    |out_stream_39182_U      |        1|  27|   0|    -|    73|    8|      584|
    |out_stream_40183_U      |        1|  27|   0|    -|    73|    8|      584|
    |out_stream_41184_U      |        1|  27|   0|    -|    73|    8|      584|
    |out_stream_4147_U       |        1|  27|   0|    -|    73|    8|      584|
    |out_stream_42185_U      |        1|  27|   0|    -|    73|    8|      584|
    |out_stream_43186_U      |        1|  27|   0|    -|    73|    8|      584|
    |out_stream_44187_U      |        1|  27|   0|    -|    73|    8|      584|
    |out_stream_45188_U      |        1|  27|   0|    -|    73|    8|      584|
    |out_stream_46189_U      |        1|  27|   0|    -|    73|    8|      584|
    |out_stream_47190_U      |        1|  27|   0|    -|    73|    8|      584|
    |out_stream_48191_U      |        1|  27|   0|    -|    73|    8|      584|
    |out_stream_49192_U      |        1|  27|   0|    -|    73|    8|      584|
    |out_stream_50193_U      |        1|  27|   0|    -|    73|    8|      584|
    |out_stream_51194_U      |        1|  27|   0|    -|    73|    8|      584|
    |out_stream_5148_U       |        1|  27|   0|    -|    73|    8|      584|
    |out_stream_52195_U      |        1|  27|   0|    -|    73|    8|      584|
    |out_stream_53196_U      |        1|  27|   0|    -|    73|    8|      584|
    |out_stream_54197_U      |        1|  27|   0|    -|    73|    8|      584|
    |out_stream_55198_U      |        1|  27|   0|    -|    73|    8|      584|
    |out_stream_56199_U      |        1|  27|   0|    -|    73|    8|      584|
    |out_stream_57200_U      |        1|  27|   0|    -|    73|    8|      584|
    |out_stream_58201_U      |        1|  27|   0|    -|    73|    8|      584|
    |out_stream_59202_U      |        1|  27|   0|    -|    73|    8|      584|
    |out_stream_60203_U      |        1|  27|   0|    -|    73|    8|      584|
    |out_stream_61204_U      |        1|  27|   0|    -|    73|    8|      584|
    |out_stream_6149_U       |        1|  27|   0|    -|    73|    8|      584|
    |out_stream_62205_U      |        1|  27|   0|    -|    73|    8|      584|
    |out_stream_63206_U      |        1|  27|   0|    -|    73|    8|      584|
    |out_stream_64207_U      |        1|  27|   0|    -|    73|    8|      584|
    |out_stream_65208_U      |        1|  27|   0|    -|    73|    8|      584|
    |out_stream_66209_U      |        1|  27|   0|    -|    73|    8|      584|
    |out_stream_67210_U      |        1|  27|   0|    -|    73|    8|      584|
    |out_stream_68211_U      |        1|  27|   0|    -|    73|    8|      584|
    |out_stream_69212_U      |        1|  27|   0|    -|    73|    8|      584|
    |out_stream_70213_U      |        1|  27|   0|    -|    73|    8|      584|
    |out_stream_71214_U      |        1|  27|   0|    -|    73|    8|      584|
    |out_stream_7150_U       |        1|  27|   0|    -|    73|    8|      584|
    |out_stream_72215_U      |        1|  27|   0|    -|    73|    8|      584|
    |out_stream_73216_U      |        1|  27|   0|    -|    73|    8|      584|
    |out_stream_8151_U       |        1|  27|   0|    -|    73|    8|      584|
    |out_stream_9152_U       |        1|  27|   0|    -|    73|    8|      584|
    +------------------------+---------+----+----+-----+------+-----+---------+
    |Total                   |      208|5646|   0|    0| 15203| 1874|   122159|
    +------------------------+---------+----+----+-----+------+-----+---------+

    * Expression: 
    +--------------------------------------------------+----------+-------+---+----+------------+------------+
    |                   Variable Name                  | Operation| DSP48E| FF| LUT| Bitwidth P0| Bitwidth P1|
    +--------------------------------------------------+----------+-------+---+----+------------+------------+
    |Loop_0_proc_U0_ap_ready_count                     |     +    |      0|  0|   3|           2|           1|
    |Loop_1_proc_U0_ap_ready_count                     |     +    |      0|  0|   3|           2|           1|
    |dataflow_in_loop_entry370140_U0_ap_ready_count    |     +    |      0|  0|   3|           2|           1|
    |Loop_0_proc_U0_ap_start                           |    and   |      0|  0|   2|           1|           1|
    |Loop_1_proc_U0_ap_start                           |    and   |      0|  0|   2|           1|           1|
    |ap_idle                                           |    and   |      0|  0|   2|           1|           1|
    |ap_sync_ready                                     |    and   |      0|  0|   2|           1|           1|
    |dataflow_in_loop_entry370140_U0_ap_start          |    and   |      0|  0|   2|           1|           1|
    |ap_sync_Loop_0_proc_U0_ap_ready                   |    or    |      0|  0|   2|           1|           1|
    |ap_sync_Loop_1_proc_U0_ap_ready                   |    or    |      0|  0|   2|           1|           1|
    |ap_sync_dataflow_in_loop_entry370140_U0_ap_ready  |    or    |      0|  0|   2|           1|           1|
    +--------------------------------------------------+----------+-------+---+----+------------+------------+
    |Total                                             |          |      0|  0|  25|          14|          11|
    +--------------------------------------------------+----------+-------+---+----+------------+------------+

    * Multiplexer: 
    +------------------------------------------------------+----+-----------+-----+-----------+
    |                         Name                         | LUT| Input Size| Bits| Total Bits|
    +------------------------------------------------------+----+-----------+-----+-----------+
    |Loop_0_proc_U0_ap_ready_count                         |   9|          2|    2|          4|
    |Loop_1_proc_U0_ap_ready_count                         |   9|          2|    2|          4|
    |ap_sync_reg_Loop_0_proc_U0_ap_ready                   |   9|          2|    1|          2|
    |ap_sync_reg_Loop_1_proc_U0_ap_ready                   |   9|          2|    1|          2|
    |ap_sync_reg_dataflow_in_loop_entry370140_U0_ap_ready  |   9|          2|    1|          2|
    |dataflow_in_loop_entry370140_U0_ap_ready_count        |   9|          2|    2|          4|
    +------------------------------------------------------+----+-----------+-----+-----------+
    |Total                                                 |  54|         12|    9|         18|
    +------------------------------------------------------+----+-----------+-----+-----------+

    * Register: 
    +------------------------------------------------------+---+----+-----+-----------+
    |                         Name                         | FF| LUT| Bits| Const Bits|
    +------------------------------------------------------+---+----+-----+-----------+
    |Loop_0_proc_U0_ap_ready_count                         |  2|   0|    2|          0|
    |Loop_1_proc_U0_ap_ready_count                         |  2|   0|    2|          0|
    |ap_sync_reg_Loop_0_proc_U0_ap_ready                   |  1|   0|    1|          0|
    |ap_sync_reg_Loop_1_proc_U0_ap_ready                   |  1|   0|    1|          0|
    |ap_sync_reg_dataflow_in_loop_entry370140_U0_ap_ready  |  1|   0|    1|          0|
    |dataflow_in_loop_entry370140_U0_ap_ready_count        |  2|   0|    2|          0|
    +------------------------------------------------------+---+----+-----+-----------+
    |Total                                                 |  9|   0|    9|          0|
    +------------------------------------------------------+---+----+-----+-----------+



================================================================
== Interface
================================================================
* Summary: 
+----------------------------+-----+------+------------+--------------------+--------------+
|          RTL Ports         | Dir | Bits |  Protocol  |    Source Object   |    C Type    |
+----------------------------+-----+------+------------+--------------------+--------------+
|ap_clk                      |  in |     1| ap_ctrl_hs |  dataflow_in_loop  | return value |
|ap_rst                      |  in |     1| ap_ctrl_hs |  dataflow_in_loop  | return value |
|ap_start                    |  in |     1| ap_ctrl_hs |  dataflow_in_loop  | return value |
|ap_done                     | out |     1| ap_ctrl_hs |  dataflow_in_loop  | return value |
|ap_ready                    | out |     1| ap_ctrl_hs |  dataflow_in_loop  | return value |
|ap_idle                     | out |     1| ap_ctrl_hs |  dataflow_in_loop  | return value |
|ap_continue                 |  in |     1| ap_ctrl_hs |  dataflow_in_loop  | return value |
|k_0_i                       |  in |    13|   ap_none  |        k_0_i       |    scalar    |
|k_0_i_ap_vld                |  in |     1|   ap_none  |        k_0_i       |    scalar    |
|m_axi_in1_layer_V_AWVALID   | out |     1|    m_axi   |     in1_layer_V    |    pointer   |
|m_axi_in1_layer_V_AWREADY   |  in |     1|    m_axi   |     in1_layer_V    |    pointer   |
|m_axi_in1_layer_V_AWADDR    | out |    64|    m_axi   |     in1_layer_V    |    pointer   |
|m_axi_in1_layer_V_AWID      | out |     1|    m_axi   |     in1_layer_V    |    pointer   |
|m_axi_in1_layer_V_AWLEN     | out |    32|    m_axi   |     in1_layer_V    |    pointer   |
|m_axi_in1_layer_V_AWSIZE    | out |     3|    m_axi   |     in1_layer_V    |    pointer   |
|m_axi_in1_layer_V_AWBURST   | out |     2|    m_axi   |     in1_layer_V    |    pointer   |
|m_axi_in1_layer_V_AWLOCK    | out |     2|    m_axi   |     in1_layer_V    |    pointer   |
|m_axi_in1_layer_V_AWCACHE   | out |     4|    m_axi   |     in1_layer_V    |    pointer   |
|m_axi_in1_layer_V_AWPROT    | out |     3|    m_axi   |     in1_layer_V    |    pointer   |
|m_axi_in1_layer_V_AWQOS     | out |     4|    m_axi   |     in1_layer_V    |    pointer   |
|m_axi_in1_layer_V_AWREGION  | out |     4|    m_axi   |     in1_layer_V    |    pointer   |
|m_axi_in1_layer_V_AWUSER    | out |     1|    m_axi   |     in1_layer_V    |    pointer   |
|m_axi_in1_layer_V_WVALID    | out |     1|    m_axi   |     in1_layer_V    |    pointer   |
|m_axi_in1_layer_V_WREADY    |  in |     1|    m_axi   |     in1_layer_V    |    pointer   |
|m_axi_in1_layer_V_WDATA     | out |  1024|    m_axi   |     in1_layer_V    |    pointer   |
|m_axi_in1_layer_V_WSTRB     | out |   128|    m_axi   |     in1_layer_V    |    pointer   |
|m_axi_in1_layer_V_WLAST     | out |     1|    m_axi   |     in1_layer_V    |    pointer   |
|m_axi_in1_layer_V_WID       | out |     1|    m_axi   |     in1_layer_V    |    pointer   |
|m_axi_in1_layer_V_WUSER     | out |     1|    m_axi   |     in1_layer_V    |    pointer   |
|m_axi_in1_layer_V_ARVALID   | out |     1|    m_axi   |     in1_layer_V    |    pointer   |
|m_axi_in1_layer_V_ARREADY   |  in |     1|    m_axi   |     in1_layer_V    |    pointer   |
|m_axi_in1_layer_V_ARADDR    | out |    64|    m_axi   |     in1_layer_V    |    pointer   |
|m_axi_in1_layer_V_ARID      | out |     1|    m_axi   |     in1_layer_V    |    pointer   |
|m_axi_in1_layer_V_ARLEN     | out |    32|    m_axi   |     in1_layer_V    |    pointer   |
|m_axi_in1_layer_V_ARSIZE    | out |     3|    m_axi   |     in1_layer_V    |    pointer   |
|m_axi_in1_layer_V_ARBURST   | out |     2|    m_axi   |     in1_layer_V    |    pointer   |
|m_axi_in1_layer_V_ARLOCK    | out |     2|    m_axi   |     in1_layer_V    |    pointer   |
|m_axi_in1_layer_V_ARCACHE   | out |     4|    m_axi   |     in1_layer_V    |    pointer   |
|m_axi_in1_layer_V_ARPROT    | out |     3|    m_axi   |     in1_layer_V    |    pointer   |
|m_axi_in1_layer_V_ARQOS     | out |     4|    m_axi   |     in1_layer_V    |    pointer   |
|m_axi_in1_layer_V_ARREGION  | out |     4|    m_axi   |     in1_layer_V    |    pointer   |
|m_axi_in1_layer_V_ARUSER    | out |     1|    m_axi   |     in1_layer_V    |    pointer   |
|m_axi_in1_layer_V_RVALID    |  in |     1|    m_axi   |     in1_layer_V    |    pointer   |
|m_axi_in1_layer_V_RREADY    | out |     1|    m_axi   |     in1_layer_V    |    pointer   |
|m_axi_in1_layer_V_RDATA     |  in |  1024|    m_axi   |     in1_layer_V    |    pointer   |
|m_axi_in1_layer_V_RLAST     |  in |     1|    m_axi   |     in1_layer_V    |    pointer   |
|m_axi_in1_layer_V_RID       |  in |     1|    m_axi   |     in1_layer_V    |    pointer   |
|m_axi_in1_layer_V_RUSER     |  in |     1|    m_axi   |     in1_layer_V    |    pointer   |
|m_axi_in1_layer_V_RRESP     |  in |     2|    m_axi   |     in1_layer_V    |    pointer   |
|m_axi_in1_layer_V_BVALID    |  in |     1|    m_axi   |     in1_layer_V    |    pointer   |
|m_axi_in1_layer_V_BREADY    | out |     1|    m_axi   |     in1_layer_V    |    pointer   |
|m_axi_in1_layer_V_BRESP     |  in |     2|    m_axi   |     in1_layer_V    |    pointer   |
|m_axi_in1_layer_V_BID       |  in |     1|    m_axi   |     in1_layer_V    |    pointer   |
|m_axi_in1_layer_V_BUSER     |  in |     1|    m_axi   |     in1_layer_V    |    pointer   |
|in1_layer_V_offset          |  in |    57|   ap_none  | in1_layer_V_offset |    scalar    |
|in1_layer_V_offset_ap_vld   |  in |     1|   ap_none  | in1_layer_V_offset |    scalar    |
|m_axi_in2_layer_V_AWVALID   | out |     1|    m_axi   |     in2_layer_V    |    pointer   |
|m_axi_in2_layer_V_AWREADY   |  in |     1|    m_axi   |     in2_layer_V    |    pointer   |
|m_axi_in2_layer_V_AWADDR    | out |    64|    m_axi   |     in2_layer_V    |    pointer   |
|m_axi_in2_layer_V_AWID      | out |     1|    m_axi   |     in2_layer_V    |    pointer   |
|m_axi_in2_layer_V_AWLEN     | out |    32|    m_axi   |     in2_layer_V    |    pointer   |
|m_axi_in2_layer_V_AWSIZE    | out |     3|    m_axi   |     in2_layer_V    |    pointer   |
|m_axi_in2_layer_V_AWBURST   | out |     2|    m_axi   |     in2_layer_V    |    pointer   |
|m_axi_in2_layer_V_AWLOCK    | out |     2|    m_axi   |     in2_layer_V    |    pointer   |
|m_axi_in2_layer_V_AWCACHE   | out |     4|    m_axi   |     in2_layer_V    |    pointer   |
|m_axi_in2_layer_V_AWPROT    | out |     3|    m_axi   |     in2_layer_V    |    pointer   |
|m_axi_in2_layer_V_AWQOS     | out |     4|    m_axi   |     in2_layer_V    |    pointer   |
|m_axi_in2_layer_V_AWREGION  | out |     4|    m_axi   |     in2_layer_V    |    pointer   |
|m_axi_in2_layer_V_AWUSER    | out |     1|    m_axi   |     in2_layer_V    |    pointer   |
|m_axi_in2_layer_V_WVALID    | out |     1|    m_axi   |     in2_layer_V    |    pointer   |
|m_axi_in2_layer_V_WREADY    |  in |     1|    m_axi   |     in2_layer_V    |    pointer   |
|m_axi_in2_layer_V_WDATA     | out |  1024|    m_axi   |     in2_layer_V    |    pointer   |
|m_axi_in2_layer_V_WSTRB     | out |   128|    m_axi   |     in2_layer_V    |    pointer   |
|m_axi_in2_layer_V_WLAST     | out |     1|    m_axi   |     in2_layer_V    |    pointer   |
|m_axi_in2_layer_V_WID       | out |     1|    m_axi   |     in2_layer_V    |    pointer   |
|m_axi_in2_layer_V_WUSER     | out |     1|    m_axi   |     in2_layer_V    |    pointer   |
|m_axi_in2_layer_V_ARVALID   | out |     1|    m_axi   |     in2_layer_V    |    pointer   |
|m_axi_in2_layer_V_ARREADY   |  in |     1|    m_axi   |     in2_layer_V    |    pointer   |
|m_axi_in2_layer_V_ARADDR    | out |    64|    m_axi   |     in2_layer_V    |    pointer   |
|m_axi_in2_layer_V_ARID      | out |     1|    m_axi   |     in2_layer_V    |    pointer   |
|m_axi_in2_layer_V_ARLEN     | out |    32|    m_axi   |     in2_layer_V    |    pointer   |
|m_axi_in2_layer_V_ARSIZE    | out |     3|    m_axi   |     in2_layer_V    |    pointer   |
|m_axi_in2_layer_V_ARBURST   | out |     2|    m_axi   |     in2_layer_V    |    pointer   |
|m_axi_in2_layer_V_ARLOCK    | out |     2|    m_axi   |     in2_layer_V    |    pointer   |
|m_axi_in2_layer_V_ARCACHE   | out |     4|    m_axi   |     in2_layer_V    |    pointer   |
|m_axi_in2_layer_V_ARPROT    | out |     3|    m_axi   |     in2_layer_V    |    pointer   |
|m_axi_in2_layer_V_ARQOS     | out |     4|    m_axi   |     in2_layer_V    |    pointer   |
|m_axi_in2_layer_V_ARREGION  | out |     4|    m_axi   |     in2_layer_V    |    pointer   |
|m_axi_in2_layer_V_ARUSER    | out |     1|    m_axi   |     in2_layer_V    |    pointer   |
|m_axi_in2_layer_V_RVALID    |  in |     1|    m_axi   |     in2_layer_V    |    pointer   |
|m_axi_in2_layer_V_RREADY    | out |     1|    m_axi   |     in2_layer_V    |    pointer   |
|m_axi_in2_layer_V_RDATA     |  in |  1024|    m_axi   |     in2_layer_V    |    pointer   |
|m_axi_in2_layer_V_RLAST     |  in |     1|    m_axi   |     in2_layer_V    |    pointer   |
|m_axi_in2_layer_V_RID       |  in |     1|    m_axi   |     in2_layer_V    |    pointer   |
|m_axi_in2_layer_V_RUSER     |  in |     1|    m_axi   |     in2_layer_V    |    pointer   |
|m_axi_in2_layer_V_RRESP     |  in |     2|    m_axi   |     in2_layer_V    |    pointer   |
|m_axi_in2_layer_V_BVALID    |  in |     1|    m_axi   |     in2_layer_V    |    pointer   |
|m_axi_in2_layer_V_BREADY    | out |     1|    m_axi   |     in2_layer_V    |    pointer   |
|m_axi_in2_layer_V_BRESP     |  in |     2|    m_axi   |     in2_layer_V    |    pointer   |
|m_axi_in2_layer_V_BID       |  in |     1|    m_axi   |     in2_layer_V    |    pointer   |
|m_axi_in2_layer_V_BUSER     |  in |     1|    m_axi   |     in2_layer_V    |    pointer   |
|in2_layer_V_offset          |  in |    57|   ap_none  | in2_layer_V_offset |    scalar    |
|in2_layer_V_offset_ap_vld   |  in |     1|   ap_none  | in2_layer_V_offset |    scalar    |
|m_axi_out_layer_V_AWVALID   | out |     1|    m_axi   |     out_layer_V    |    pointer   |
|m_axi_out_layer_V_AWREADY   |  in |     1|    m_axi   |     out_layer_V    |    pointer   |
|m_axi_out_layer_V_AWADDR    | out |    64|    m_axi   |     out_layer_V    |    pointer   |
|m_axi_out_layer_V_AWID      | out |     1|    m_axi   |     out_layer_V    |    pointer   |
|m_axi_out_layer_V_AWLEN     | out |    32|    m_axi   |     out_layer_V    |    pointer   |
|m_axi_out_layer_V_AWSIZE    | out |     3|    m_axi   |     out_layer_V    |    pointer   |
|m_axi_out_layer_V_AWBURST   | out |     2|    m_axi   |     out_layer_V    |    pointer   |
|m_axi_out_layer_V_AWLOCK    | out |     2|    m_axi   |     out_layer_V    |    pointer   |
|m_axi_out_layer_V_AWCACHE   | out |     4|    m_axi   |     out_layer_V    |    pointer   |
|m_axi_out_layer_V_AWPROT    | out |     3|    m_axi   |     out_layer_V    |    pointer   |
|m_axi_out_layer_V_AWQOS     | out |     4|    m_axi   |     out_layer_V    |    pointer   |
|m_axi_out_layer_V_AWREGION  | out |     4|    m_axi   |     out_layer_V    |    pointer   |
|m_axi_out_layer_V_AWUSER    | out |     1|    m_axi   |     out_layer_V    |    pointer   |
|m_axi_out_layer_V_WVALID    | out |     1|    m_axi   |     out_layer_V    |    pointer   |
|m_axi_out_layer_V_WREADY    |  in |     1|    m_axi   |     out_layer_V    |    pointer   |
|m_axi_out_layer_V_WDATA     | out |  1024|    m_axi   |     out_layer_V    |    pointer   |
|m_axi_out_layer_V_WSTRB     | out |   128|    m_axi   |     out_layer_V    |    pointer   |
|m_axi_out_layer_V_WLAST     | out |     1|    m_axi   |     out_layer_V    |    pointer   |
|m_axi_out_layer_V_WID       | out |     1|    m_axi   |     out_layer_V    |    pointer   |
|m_axi_out_layer_V_WUSER     | out |     1|    m_axi   |     out_layer_V    |    pointer   |
|m_axi_out_layer_V_ARVALID   | out |     1|    m_axi   |     out_layer_V    |    pointer   |
|m_axi_out_layer_V_ARREADY   |  in |     1|    m_axi   |     out_layer_V    |    pointer   |
|m_axi_out_layer_V_ARADDR    | out |    64|    m_axi   |     out_layer_V    |    pointer   |
|m_axi_out_layer_V_ARID      | out |     1|    m_axi   |     out_layer_V    |    pointer   |
|m_axi_out_layer_V_ARLEN     | out |    32|    m_axi   |     out_layer_V    |    pointer   |
|m_axi_out_layer_V_ARSIZE    | out |     3|    m_axi   |     out_layer_V    |    pointer   |
|m_axi_out_layer_V_ARBURST   | out |     2|    m_axi   |     out_layer_V    |    pointer   |
|m_axi_out_layer_V_ARLOCK    | out |     2|    m_axi   |     out_layer_V    |    pointer   |
|m_axi_out_layer_V_ARCACHE   | out |     4|    m_axi   |     out_layer_V    |    pointer   |
|m_axi_out_layer_V_ARPROT    | out |     3|    m_axi   |     out_layer_V    |    pointer   |
|m_axi_out_layer_V_ARQOS     | out |     4|    m_axi   |     out_layer_V    |    pointer   |
|m_axi_out_layer_V_ARREGION  | out |     4|    m_axi   |     out_layer_V    |    pointer   |
|m_axi_out_layer_V_ARUSER    | out |     1|    m_axi   |     out_layer_V    |    pointer   |
|m_axi_out_layer_V_RVALID    |  in |     1|    m_axi   |     out_layer_V    |    pointer   |
|m_axi_out_layer_V_RREADY    | out |     1|    m_axi   |     out_layer_V    |    pointer   |
|m_axi_out_layer_V_RDATA     |  in |  1024|    m_axi   |     out_layer_V    |    pointer   |
|m_axi_out_layer_V_RLAST     |  in |     1|    m_axi   |     out_layer_V    |    pointer   |
|m_axi_out_layer_V_RID       |  in |     1|    m_axi   |     out_layer_V    |    pointer   |
|m_axi_out_layer_V_RUSER     |  in |     1|    m_axi   |     out_layer_V    |    pointer   |
|m_axi_out_layer_V_RRESP     |  in |     2|    m_axi   |     out_layer_V    |    pointer   |
|m_axi_out_layer_V_BVALID    |  in |     1|    m_axi   |     out_layer_V    |    pointer   |
|m_axi_out_layer_V_BREADY    | out |     1|    m_axi   |     out_layer_V    |    pointer   |
|m_axi_out_layer_V_BRESP     |  in |     2|    m_axi   |     out_layer_V    |    pointer   |
|m_axi_out_layer_V_BID       |  in |     1|    m_axi   |     out_layer_V    |    pointer   |
|m_axi_out_layer_V_BUSER     |  in |     1|    m_axi   |     out_layer_V    |    pointer   |
|out_layer_V_offset          |  in |    57|   ap_none  | out_layer_V_offset |    scalar    |
|out_layer_V_offset_ap_vld   |  in |     1|   ap_none  | out_layer_V_offset |    scalar    |
+----------------------------+-----+------+------------+--------------------+--------------+

