

================================================================
== Vitis HLS Report for 'dense_resource_ap_fixed_8_2_5_3_0_ap_fixed_8_2_5_3_0_config13_mult_s'
================================================================
* Date:           Wed Jul  5 09:59:01 2023

* Version:        2022.2 (Build 3670227 on Oct 13 2022)
* Project:        alveo_hls4ml
* Solution:       solution (Vitis Kernel Flow Target)
* Product family: virtexuplus
* Target device:  xcu55c-fsvh2892-2L-e


================================================================
== Performance Estimates
================================================================
+ Timing: 
    * Summary: 
    +--------+---------+----------+------------+
    |  Clock |  Target | Estimated| Uncertainty|
    +--------+---------+----------+------------+
    |ap_clk  |  4.00 ns|  2.708 ns|     1.08 ns|
    +--------+---------+----------+------------+

+ Latency: 
    * Summary: 
    +---------+---------+-----------+-----------+-----+-----+------------------------------------------+
    |  Latency (cycles) |   Latency (absolute)  |  Interval |                 Pipeline                 |
    |   min   |   max   |    min    |    max    | min | max |                   Type                   |
    +---------+---------+-----------+-----------+-----+-----+------------------------------------------+
    |        4|        5|  16.000 ns|  20.000 ns|    4|    4|  loop rewind stp(delay=0 clock cycles(s))|
    +---------+---------+-----------+-----------+-----+-----+------------------------------------------+

    + Detail: 
        * Instance: 
        N/A

        * Loop: 
        +-------------+---------+---------+----------+-----------+-----------+------+----------+
        |             |  Latency (cycles) | Iteration|  Initiation Interval  | Trip |          |
        |  Loop Name  |   min   |   max   |  Latency |  achieved |   target  | Count| Pipelined|
        +-------------+---------+---------+----------+-----------+-----------+------+----------+
        |- ReuseLoop  |        4|        4|         2|          1|          1|     4|       yes|
        +-------------+---------+---------+----------+-----------+-----------+------+----------+



================================================================
== Utilization Estimates
================================================================
* Summary: 
+---------------------+---------+------+---------+---------+-----+
|         Name        | BRAM_18K|  DSP |    FF   |   LUT   | URAM|
+---------------------+---------+------+---------+---------+-----+
|DSP                  |        -|     -|        -|        -|    -|
|Expression           |        -|     -|        0|     1073|    -|
|FIFO                 |        -|     -|        -|        -|    -|
|Instance             |        -|     0|        0|     4220|    -|
|Memory               |        -|     -|        -|        -|    -|
|Multiplexer          |        -|     -|        -|     2057|    -|
|Register             |        -|     -|     1171|        -|    -|
+---------------------+---------+------+---------+---------+-----+
|Total                |        0|     0|     1171|     7350|    0|
+---------------------+---------+------+---------+---------+-----+
|Available SLR        |     1344|  3008|   869120|   434560|  320|
+---------------------+---------+------+---------+---------+-----+
|Utilization SLR (%)  |        0|     0|       ~0|        1|    0|
+---------------------+---------+------+---------+---------+-----+
|Available            |     4032|  9024|  2607360|  1303680|  960|
+---------------------+---------+------+---------+---------+-----+
|Utilization (%)      |        0|     0|       ~0|       ~0|    0|
+---------------------+---------+------+---------+---------+-----+

+ Detail: 
    * Instance: 
    +------------------------+------------------+---------+----+---+----+-----+
    |        Instance        |      Module      | BRAM_18K| DSP| FF| LUT| URAM|
    +------------------------+------------------+---------+----+---+----+-----+
    |mul_8s_8s_14_1_1_U4026  |mul_8s_8s_14_1_1  |        0|   0|  0|  40|    0|
    |mul_8s_8s_14_1_1_U4028  |mul_8s_8s_14_1_1  |        0|   0|  0|  40|    0|
    |mul_8s_8s_14_1_1_U4030  |mul_8s_8s_14_1_1  |        0|   0|  0|  40|    0|
    |mul_8s_8s_14_1_1_U4032  |mul_8s_8s_14_1_1  |        0|   0|  0|  40|    0|
    |mul_8s_8s_14_1_1_U4034  |mul_8s_8s_14_1_1  |        0|   0|  0|  40|    0|
    |mul_8s_8s_14_1_1_U4036  |mul_8s_8s_14_1_1  |        0|   0|  0|  40|    0|
    |mul_8s_8s_14_1_1_U4038  |mul_8s_8s_14_1_1  |        0|   0|  0|  40|    0|
    |mul_8s_8s_14_1_1_U4040  |mul_8s_8s_14_1_1  |        0|   0|  0|  40|    0|
    |mul_8s_8s_14_1_1_U4042  |mul_8s_8s_14_1_1  |        0|   0|  0|  40|    0|
    |mul_8s_8s_14_1_1_U4044  |mul_8s_8s_14_1_1  |        0|   0|  0|  40|    0|
    |mul_8s_8s_14_1_1_U4046  |mul_8s_8s_14_1_1  |        0|   0|  0|  40|    0|
    |mul_8s_8s_14_1_1_U4048  |mul_8s_8s_14_1_1  |        0|   0|  0|  40|    0|
    |mul_8s_8s_14_1_1_U4050  |mul_8s_8s_14_1_1  |        0|   0|  0|  40|    0|
    |mul_8s_8s_14_1_1_U4052  |mul_8s_8s_14_1_1  |        0|   0|  0|  40|    0|
    |mul_8s_8s_14_1_1_U4054  |mul_8s_8s_14_1_1  |        0|   0|  0|  40|    0|
    |mul_8s_8s_14_1_1_U4056  |mul_8s_8s_14_1_1  |        0|   0|  0|  40|    0|
    |mul_8s_8s_14_1_1_U4058  |mul_8s_8s_14_1_1  |        0|   0|  0|  40|    0|
    |mul_8s_8s_14_1_1_U4060  |mul_8s_8s_14_1_1  |        0|   0|  0|  40|    0|
    |mul_8s_8s_14_1_1_U4062  |mul_8s_8s_14_1_1  |        0|   0|  0|  40|    0|
    |mul_8s_8s_14_1_1_U4064  |mul_8s_8s_14_1_1  |        0|   0|  0|  40|    0|
    |mul_8s_8s_14_1_1_U4066  |mul_8s_8s_14_1_1  |        0|   0|  0|  40|    0|
    |mul_8s_8s_14_1_1_U4068  |mul_8s_8s_14_1_1  |        0|   0|  0|  40|    0|
    |mul_8s_8s_14_1_1_U4070  |mul_8s_8s_14_1_1  |        0|   0|  0|  40|    0|
    |mul_8s_8s_14_1_1_U4072  |mul_8s_8s_14_1_1  |        0|   0|  0|  40|    0|
    |mul_8s_8s_14_1_1_U4074  |mul_8s_8s_14_1_1  |        0|   0|  0|  40|    0|
    |mul_8s_8s_14_1_1_U4076  |mul_8s_8s_14_1_1  |        0|   0|  0|  40|    0|
    |mul_8s_8s_14_1_1_U4078  |mul_8s_8s_14_1_1  |        0|   0|  0|  40|    0|
    |mul_8s_8s_14_1_1_U4080  |mul_8s_8s_14_1_1  |        0|   0|  0|  40|    0|
    |mul_8s_8s_14_1_1_U4082  |mul_8s_8s_14_1_1  |        0|   0|  0|  40|    0|
    |mul_8s_8s_14_1_1_U4084  |mul_8s_8s_14_1_1  |        0|   0|  0|  40|    0|
    |mul_8s_8s_14_1_1_U4086  |mul_8s_8s_14_1_1  |        0|   0|  0|  40|    0|
    |mul_8s_8s_14_1_1_U4088  |mul_8s_8s_14_1_1  |        0|   0|  0|  40|    0|
    |mul_8s_8s_14_1_1_U4090  |mul_8s_8s_14_1_1  |        0|   0|  0|  40|    0|
    |mul_8s_8s_14_1_1_U4092  |mul_8s_8s_14_1_1  |        0|   0|  0|  40|    0|
    |mul_8s_8s_14_1_1_U4094  |mul_8s_8s_14_1_1  |        0|   0|  0|  40|    0|
    |mul_8s_8s_14_1_1_U4096  |mul_8s_8s_14_1_1  |        0|   0|  0|  40|    0|
    |mul_8s_8s_14_1_1_U4098  |mul_8s_8s_14_1_1  |        0|   0|  0|  40|    0|
    |mul_8s_8s_14_1_1_U4100  |mul_8s_8s_14_1_1  |        0|   0|  0|  40|    0|
    |mul_8s_8s_14_1_1_U4102  |mul_8s_8s_14_1_1  |        0|   0|  0|  40|    0|
    |mul_8s_8s_14_1_1_U4104  |mul_8s_8s_14_1_1  |        0|   0|  0|  40|    0|
    |mul_8s_8s_14_1_1_U4106  |mul_8s_8s_14_1_1  |        0|   0|  0|  40|    0|
    |mul_8s_8s_14_1_1_U4108  |mul_8s_8s_14_1_1  |        0|   0|  0|  40|    0|
    |mul_8s_8s_14_1_1_U4110  |mul_8s_8s_14_1_1  |        0|   0|  0|  40|    0|
    |mul_8s_8s_14_1_1_U4112  |mul_8s_8s_14_1_1  |        0|   0|  0|  40|    0|
    |mul_8s_8s_14_1_1_U4114  |mul_8s_8s_14_1_1  |        0|   0|  0|  40|    0|
    |mul_8s_8s_14_1_1_U4116  |mul_8s_8s_14_1_1  |        0|   0|  0|  40|    0|
    |mul_8s_8s_14_1_1_U4118  |mul_8s_8s_14_1_1  |        0|   0|  0|  40|    0|
    |mul_8s_8s_14_1_1_U4120  |mul_8s_8s_14_1_1  |        0|   0|  0|  40|    0|
    |mul_8s_8s_14_1_1_U4122  |mul_8s_8s_14_1_1  |        0|   0|  0|  40|    0|
    |mul_8s_8s_14_1_1_U4124  |mul_8s_8s_14_1_1  |        0|   0|  0|  40|    0|
    |mul_8s_8s_14_1_1_U4126  |mul_8s_8s_14_1_1  |        0|   0|  0|  40|    0|
    |mul_8s_8s_14_1_1_U4128  |mul_8s_8s_14_1_1  |        0|   0|  0|  40|    0|
    |mul_8s_8s_14_1_1_U4130  |mul_8s_8s_14_1_1  |        0|   0|  0|  40|    0|
    |mul_8s_8s_14_1_1_U4132  |mul_8s_8s_14_1_1  |        0|   0|  0|  40|    0|
    |mul_8s_8s_14_1_1_U4134  |mul_8s_8s_14_1_1  |        0|   0|  0|  40|    0|
    |mul_8s_8s_14_1_1_U4136  |mul_8s_8s_14_1_1  |        0|   0|  0|  40|    0|
    |mul_8s_8s_14_1_1_U4138  |mul_8s_8s_14_1_1  |        0|   0|  0|  40|    0|
    |mul_8s_8s_14_1_1_U4140  |mul_8s_8s_14_1_1  |        0|   0|  0|  40|    0|
    |mul_8s_8s_14_1_1_U4142  |mul_8s_8s_14_1_1  |        0|   0|  0|  40|    0|
    |mul_8s_8s_14_1_1_U4144  |mul_8s_8s_14_1_1  |        0|   0|  0|  40|    0|
    |mul_8s_8s_14_1_1_U4146  |mul_8s_8s_14_1_1  |        0|   0|  0|  40|    0|
    |mul_8s_8s_14_1_1_U4148  |mul_8s_8s_14_1_1  |        0|   0|  0|  40|    0|
    |mul_8s_8s_14_1_1_U4150  |mul_8s_8s_14_1_1  |        0|   0|  0|  40|    0|
    |mul_8s_8s_14_1_1_U4152  |mul_8s_8s_14_1_1  |        0|   0|  0|  40|    0|
    |mul_8s_8s_14_1_1_U4154  |mul_8s_8s_14_1_1  |        0|   0|  0|  40|    0|
    |mul_8s_8s_14_1_1_U4156  |mul_8s_8s_14_1_1  |        0|   0|  0|  40|    0|
    |mul_8s_8s_14_1_1_U4158  |mul_8s_8s_14_1_1  |        0|   0|  0|  40|    0|
    |mul_8s_8s_14_1_1_U4160  |mul_8s_8s_14_1_1  |        0|   0|  0|  40|    0|
    |mul_8s_8s_14_1_1_U4162  |mul_8s_8s_14_1_1  |        0|   0|  0|  40|    0|
    |mul_8s_8s_14_1_1_U4164  |mul_8s_8s_14_1_1  |        0|   0|  0|  40|    0|
    |mux_42_8_1_1_U4024      |mux_42_8_1_1      |        0|   0|  0|  20|    0|
    |mux_42_8_1_1_U4025      |mux_42_8_1_1      |        0|   0|  0|  20|    0|
    |mux_42_8_1_1_U4027      |mux_42_8_1_1      |        0|   0|  0|  20|    0|
    |mux_42_8_1_1_U4029      |mux_42_8_1_1      |        0|   0|  0|  20|    0|
    |mux_42_8_1_1_U4031      |mux_42_8_1_1      |        0|   0|  0|  20|    0|
    |mux_42_8_1_1_U4033      |mux_42_8_1_1      |        0|   0|  0|  20|    0|
    |mux_42_8_1_1_U4035      |mux_42_8_1_1      |        0|   0|  0|  20|    0|
    |mux_42_8_1_1_U4037      |mux_42_8_1_1      |        0|   0|  0|  20|    0|
    |mux_42_8_1_1_U4039      |mux_42_8_1_1      |        0|   0|  0|  20|    0|
    |mux_42_8_1_1_U4041      |mux_42_8_1_1      |        0|   0|  0|  20|    0|
    |mux_42_8_1_1_U4043      |mux_42_8_1_1      |        0|   0|  0|  20|    0|
    |mux_42_8_1_1_U4045      |mux_42_8_1_1      |        0|   0|  0|  20|    0|
    |mux_42_8_1_1_U4047      |mux_42_8_1_1      |        0|   0|  0|  20|    0|
    |mux_42_8_1_1_U4049      |mux_42_8_1_1      |        0|   0|  0|  20|    0|
    |mux_42_8_1_1_U4051      |mux_42_8_1_1      |        0|   0|  0|  20|    0|
    |mux_42_8_1_1_U4053      |mux_42_8_1_1      |        0|   0|  0|  20|    0|
    |mux_42_8_1_1_U4055      |mux_42_8_1_1      |        0|   0|  0|  20|    0|
    |mux_42_8_1_1_U4057      |mux_42_8_1_1      |        0|   0|  0|  20|    0|
    |mux_42_8_1_1_U4059      |mux_42_8_1_1      |        0|   0|  0|  20|    0|
    |mux_42_8_1_1_U4061      |mux_42_8_1_1      |        0|   0|  0|  20|    0|
    |mux_42_8_1_1_U4063      |mux_42_8_1_1      |        0|   0|  0|  20|    0|
    |mux_42_8_1_1_U4065      |mux_42_8_1_1      |        0|   0|  0|  20|    0|
    |mux_42_8_1_1_U4067      |mux_42_8_1_1      |        0|   0|  0|  20|    0|
    |mux_42_8_1_1_U4069      |mux_42_8_1_1      |        0|   0|  0|  20|    0|
    |mux_42_8_1_1_U4071      |mux_42_8_1_1      |        0|   0|  0|  20|    0|
    |mux_42_8_1_1_U4073      |mux_42_8_1_1      |        0|   0|  0|  20|    0|
    |mux_42_8_1_1_U4075      |mux_42_8_1_1      |        0|   0|  0|  20|    0|
    |mux_42_8_1_1_U4077      |mux_42_8_1_1      |        0|   0|  0|  20|    0|
    |mux_42_8_1_1_U4079      |mux_42_8_1_1      |        0|   0|  0|  20|    0|
    |mux_42_8_1_1_U4081      |mux_42_8_1_1      |        0|   0|  0|  20|    0|
    |mux_42_8_1_1_U4083      |mux_42_8_1_1      |        0|   0|  0|  20|    0|
    |mux_42_8_1_1_U4085      |mux_42_8_1_1      |        0|   0|  0|  20|    0|
    |mux_42_8_1_1_U4087      |mux_42_8_1_1      |        0|   0|  0|  20|    0|
    |mux_42_8_1_1_U4089      |mux_42_8_1_1      |        0|   0|  0|  20|    0|
    |mux_42_8_1_1_U4091      |mux_42_8_1_1      |        0|   0|  0|  20|    0|
    |mux_42_8_1_1_U4093      |mux_42_8_1_1      |        0|   0|  0|  20|    0|
    |mux_42_8_1_1_U4095      |mux_42_8_1_1      |        0|   0|  0|  20|    0|
    |mux_42_8_1_1_U4097      |mux_42_8_1_1      |        0|   0|  0|  20|    0|
    |mux_42_8_1_1_U4099      |mux_42_8_1_1      |        0|   0|  0|  20|    0|
    |mux_42_8_1_1_U4101      |mux_42_8_1_1      |        0|   0|  0|  20|    0|
    |mux_42_8_1_1_U4103      |mux_42_8_1_1      |        0|   0|  0|  20|    0|
    |mux_42_8_1_1_U4105      |mux_42_8_1_1      |        0|   0|  0|  20|    0|
    |mux_42_8_1_1_U4107      |mux_42_8_1_1      |        0|   0|  0|  20|    0|
    |mux_42_8_1_1_U4109      |mux_42_8_1_1      |        0|   0|  0|  20|    0|
    |mux_42_8_1_1_U4111      |mux_42_8_1_1      |        0|   0|  0|  20|    0|
    |mux_42_8_1_1_U4113      |mux_42_8_1_1      |        0|   0|  0|  20|    0|
    |mux_42_8_1_1_U4115      |mux_42_8_1_1      |        0|   0|  0|  20|    0|
    |mux_42_8_1_1_U4117      |mux_42_8_1_1      |        0|   0|  0|  20|    0|
    |mux_42_8_1_1_U4119      |mux_42_8_1_1      |        0|   0|  0|  20|    0|
    |mux_42_8_1_1_U4121      |mux_42_8_1_1      |        0|   0|  0|  20|    0|
    |mux_42_8_1_1_U4123      |mux_42_8_1_1      |        0|   0|  0|  20|    0|
    |mux_42_8_1_1_U4125      |mux_42_8_1_1      |        0|   0|  0|  20|    0|
    |mux_42_8_1_1_U4127      |mux_42_8_1_1      |        0|   0|  0|  20|    0|
    |mux_42_8_1_1_U4129      |mux_42_8_1_1      |        0|   0|  0|  20|    0|
    |mux_42_8_1_1_U4131      |mux_42_8_1_1      |        0|   0|  0|  20|    0|
    |mux_42_8_1_1_U4133      |mux_42_8_1_1      |        0|   0|  0|  20|    0|
    |mux_42_8_1_1_U4135      |mux_42_8_1_1      |        0|   0|  0|  20|    0|
    |mux_42_8_1_1_U4137      |mux_42_8_1_1      |        0|   0|  0|  20|    0|
    |mux_42_8_1_1_U4139      |mux_42_8_1_1      |        0|   0|  0|  20|    0|
    |mux_42_8_1_1_U4141      |mux_42_8_1_1      |        0|   0|  0|  20|    0|
    |mux_42_8_1_1_U4143      |mux_42_8_1_1      |        0|   0|  0|  20|    0|
    |mux_42_8_1_1_U4145      |mux_42_8_1_1      |        0|   0|  0|  20|    0|
    |mux_42_8_1_1_U4147      |mux_42_8_1_1      |        0|   0|  0|  20|    0|
    |mux_42_8_1_1_U4149      |mux_42_8_1_1      |        0|   0|  0|  20|    0|
    |mux_42_8_1_1_U4151      |mux_42_8_1_1      |        0|   0|  0|  20|    0|
    |mux_42_8_1_1_U4153      |mux_42_8_1_1      |        0|   0|  0|  20|    0|
    |mux_42_8_1_1_U4155      |mux_42_8_1_1      |        0|   0|  0|  20|    0|
    |mux_42_8_1_1_U4157      |mux_42_8_1_1      |        0|   0|  0|  20|    0|
    |mux_42_8_1_1_U4159      |mux_42_8_1_1      |        0|   0|  0|  20|    0|
    |mux_42_8_1_1_U4161      |mux_42_8_1_1      |        0|   0|  0|  20|    0|
    |mux_42_8_1_1_U4163      |mux_42_8_1_1      |        0|   0|  0|  20|    0|
    +------------------------+------------------+---------+----+---+----+-----+
    |Total                   |                  |        0|   0|  0|4220|    0|
    +------------------------+------------------+---------+----+---+----+-----+

    * DSP: 
    N/A

    * Memory: 
    N/A

    * FIFO: 
    N/A

    * Expression: 
    +----------------------+----------+----+---+----+------------+------------+
    |     Variable Name    | Operation| DSP| FF| LUT| Bitwidth P0| Bitwidth P1|
    +----------------------+----------+----+---+----+------------+------------+
    |w_index_fu_1511_p2    |         +|   0|  0|   9|           2|           1|
    |x_V_828_fu_1600_p2    |         +|   0|  0|  15|           8|           8|
    |x_V_829_fu_1640_p2    |         +|   0|  0|  15|           8|           8|
    |x_V_830_fu_1680_p2    |         +|   0|  0|  15|           8|           8|
    |x_V_831_fu_1720_p2    |         +|   0|  0|  15|           8|           8|
    |x_V_832_fu_1760_p2    |         +|   0|  0|  15|           8|           8|
    |x_V_833_fu_1800_p2    |         +|   0|  0|  15|           8|           8|
    |x_V_834_fu_1840_p2    |         +|   0|  0|  15|           8|           8|
    |x_V_835_fu_1880_p2    |         +|   0|  0|  15|           8|           8|
    |x_V_836_fu_1920_p2    |         +|   0|  0|  15|           8|           8|
    |x_V_837_fu_1960_p2    |         +|   0|  0|  15|           8|           8|
    |x_V_838_fu_2000_p2    |         +|   0|  0|  15|           8|           8|
    |x_V_839_fu_2040_p2    |         +|   0|  0|  15|           8|           8|
    |x_V_840_fu_2080_p2    |         +|   0|  0|  15|           8|           8|
    |x_V_841_fu_2120_p2    |         +|   0|  0|  15|           8|           8|
    |x_V_842_fu_2160_p2    |         +|   0|  0|  15|           8|           8|
    |x_V_843_fu_2200_p2    |         +|   0|  0|  15|           8|           8|
    |x_V_844_fu_2240_p2    |         +|   0|  0|  15|           8|           8|
    |x_V_845_fu_2280_p2    |         +|   0|  0|  15|           8|           8|
    |x_V_846_fu_2320_p2    |         +|   0|  0|  15|           8|           8|
    |x_V_847_fu_2360_p2    |         +|   0|  0|  15|           8|           8|
    |x_V_848_fu_2400_p2    |         +|   0|  0|  15|           8|           8|
    |x_V_849_fu_2440_p2    |         +|   0|  0|  15|           8|           8|
    |x_V_850_fu_2480_p2    |         +|   0|  0|  15|           8|           8|
    |x_V_851_fu_2520_p2    |         +|   0|  0|  15|           8|           8|
    |x_V_852_fu_2560_p2    |         +|   0|  0|  15|           8|           8|
    |x_V_853_fu_2600_p2    |         +|   0|  0|  15|           8|           8|
    |x_V_854_fu_2640_p2    |         +|   0|  0|  15|           8|           8|
    |x_V_855_fu_2680_p2    |         +|   0|  0|  15|           8|           8|
    |x_V_856_fu_2720_p2    |         +|   0|  0|  15|           8|           8|
    |x_V_857_fu_2760_p2    |         +|   0|  0|  15|           8|           8|
    |x_V_858_fu_2800_p2    |         +|   0|  0|  15|           8|           8|
    |x_V_859_fu_2840_p2    |         +|   0|  0|  15|           8|           8|
    |x_V_860_fu_2880_p2    |         +|   0|  0|  15|           8|           8|
    |x_V_861_fu_2920_p2    |         +|   0|  0|  15|           8|           8|
    |x_V_862_fu_2960_p2    |         +|   0|  0|  15|           8|           8|
    |x_V_863_fu_3000_p2    |         +|   0|  0|  15|           8|           8|
    |x_V_864_fu_3040_p2    |         +|   0|  0|  15|           8|           8|
    |x_V_865_fu_3080_p2    |         +|   0|  0|  15|           8|           8|
    |x_V_866_fu_3120_p2    |         +|   0|  0|  15|           8|           8|
    |x_V_867_fu_3160_p2    |         +|   0|  0|  15|           8|           8|
    |x_V_868_fu_3200_p2    |         +|   0|  0|  15|           8|           8|
    |x_V_869_fu_3240_p2    |         +|   0|  0|  15|           8|           8|
    |x_V_870_fu_3280_p2    |         +|   0|  0|  15|           8|           8|
    |x_V_871_fu_3320_p2    |         +|   0|  0|  15|           8|           8|
    |x_V_872_fu_3360_p2    |         +|   0|  0|  15|           8|           8|
    |x_V_873_fu_3400_p2    |         +|   0|  0|  15|           8|           8|
    |x_V_874_fu_3440_p2    |         +|   0|  0|  15|           8|           8|
    |x_V_875_fu_3480_p2    |         +|   0|  0|  15|           8|           8|
    |x_V_876_fu_3520_p2    |         +|   0|  0|  15|           8|           8|
    |x_V_877_fu_3560_p2    |         +|   0|  0|  15|           8|           8|
    |x_V_878_fu_3600_p2    |         +|   0|  0|  15|           8|           8|
    |x_V_879_fu_3640_p2    |         +|   0|  0|  15|           8|           8|
    |x_V_880_fu_3680_p2    |         +|   0|  0|  15|           8|           8|
    |x_V_881_fu_3720_p2    |         +|   0|  0|  15|           8|           8|
    |x_V_882_fu_3760_p2    |         +|   0|  0|  15|           8|           8|
    |x_V_883_fu_3800_p2    |         +|   0|  0|  15|           8|           8|
    |x_V_884_fu_3840_p2    |         +|   0|  0|  15|           8|           8|
    |x_V_885_fu_3880_p2    |         +|   0|  0|  15|           8|           8|
    |x_V_886_fu_3920_p2    |         +|   0|  0|  15|           8|           8|
    |x_V_887_fu_3960_p2    |         +|   0|  0|  15|           8|           8|
    |x_V_888_fu_4000_p2    |         +|   0|  0|  15|           8|           8|
    |x_V_889_fu_4040_p2    |         +|   0|  0|  15|           8|           8|
    |x_V_890_fu_4080_p2    |         +|   0|  0|  15|           8|           8|
    |x_V_891_fu_4120_p2    |         +|   0|  0|  15|           8|           8|
    |x_V_892_fu_4160_p2    |         +|   0|  0|  15|           8|           8|
    |x_V_893_fu_4200_p2    |         +|   0|  0|  15|           8|           8|
    |x_V_894_fu_4240_p2    |         +|   0|  0|  15|           8|           8|
    |x_V_895_fu_4280_p2    |         +|   0|  0|  15|           8|           8|
    |x_V_896_fu_4320_p2    |         +|   0|  0|  15|           8|           8|
    |x_V_fu_1560_p2        |         +|   0|  0|  15|           8|           8|
    |ap_condition_289      |       and|   0|  0|   2|           1|           1|
    |ap_condition_295      |       and|   0|  0|   2|           1|           1|
    |icmp_ln64_fu_1517_p2  |      icmp|   0|  0|   8|           2|           2|
    |ap_enable_pp0         |       xor|   0|  0|   2|           1|           2|
    +----------------------+----------+----+---+----+------------+------------+
    |Total                 |          |   0|  0|1073|         567|         567|
    +----------------------+----------+----+---+----+------------+------------+

    * Multiplexer: 
    +-----------------------------------------+----+-----------+-----+-----------+
    |                   Name                  | LUT| Input Size| Bits| Total Bits|
    +-----------------------------------------+----+-----------+-----+-----------+
    |ap_done_int                              |   9|          2|    1|          2|
    |ap_loop_exit_ready_pp0_iter1_reg         |   9|          2|    1|          2|
    |ap_phi_mux_do_init_phi_fu_387_p6         |  14|          3|    1|          3|
    |ap_phi_mux_p_read1144_phi_phi_fu_482_p4  |  14|          3|    8|         24|
    |ap_phi_mux_p_read143_phi_phi_fu_469_p4   |  14|          3|    8|         24|
    |ap_phi_mux_p_read2145_phi_phi_fu_495_p4  |  14|          3|    8|         24|
    |ap_phi_mux_p_read3146_phi_phi_fu_508_p4  |  14|          3|    8|         24|
    |ap_phi_mux_w_index1_phi_fu_454_p6        |  14|          3|    2|          6|
    |ap_phi_mux_x_V140_phi_fu_521_p6          |   9|          2|    8|         16|
    |ap_phi_mux_x_V_828138_phi_fu_535_p6      |   9|          2|    8|         16|
    |ap_phi_mux_x_V_829136_phi_fu_549_p6      |   9|          2|    8|         16|
    |ap_phi_mux_x_V_830134_phi_fu_563_p6      |   9|          2|    8|         16|
    |ap_phi_mux_x_V_831132_phi_fu_577_p6      |   9|          2|    8|         16|
    |ap_phi_mux_x_V_832130_phi_fu_591_p6      |   9|          2|    8|         16|
    |ap_phi_mux_x_V_833128_phi_fu_605_p6      |   9|          2|    8|         16|
    |ap_phi_mux_x_V_834126_phi_fu_619_p6      |   9|          2|    8|         16|
    |ap_phi_mux_x_V_835124_phi_fu_633_p6      |   9|          2|    8|         16|
    |ap_phi_mux_x_V_836122_phi_fu_647_p6      |   9|          2|    8|         16|
    |ap_phi_mux_x_V_837120_phi_fu_661_p6      |   9|          2|    8|         16|
    |ap_phi_mux_x_V_838118_phi_fu_675_p6      |   9|          2|    8|         16|
    |ap_phi_mux_x_V_839116_phi_fu_689_p6      |   9|          2|    8|         16|
    |ap_phi_mux_x_V_840114_phi_fu_703_p6      |   9|          2|    8|         16|
    |ap_phi_mux_x_V_841112_phi_fu_717_p6      |   9|          2|    8|         16|
    |ap_phi_mux_x_V_842110_phi_fu_731_p6      |   9|          2|    8|         16|
    |ap_phi_mux_x_V_843108_phi_fu_745_p6      |   9|          2|    8|         16|
    |ap_phi_mux_x_V_844106_phi_fu_759_p6      |   9|          2|    8|         16|
    |ap_phi_mux_x_V_845104_phi_fu_773_p6      |   9|          2|    8|         16|
    |ap_phi_mux_x_V_846102_phi_fu_787_p6      |   9|          2|    8|         16|
    |ap_phi_mux_x_V_847100_phi_fu_801_p6      |   9|          2|    8|         16|
    |ap_phi_mux_x_V_84898_phi_fu_815_p6       |   9|          2|    8|         16|
    |ap_phi_mux_x_V_84996_phi_fu_829_p6       |   9|          2|    8|         16|
    |ap_phi_mux_x_V_85094_phi_fu_843_p6       |   9|          2|    8|         16|
    |ap_phi_mux_x_V_85192_phi_fu_857_p6       |   9|          2|    8|         16|
    |ap_phi_mux_x_V_85290_phi_fu_871_p6       |   9|          2|    8|         16|
    |ap_phi_mux_x_V_85388_phi_fu_885_p6       |   9|          2|    8|         16|
    |ap_phi_mux_x_V_85486_phi_fu_899_p6       |   9|          2|    8|         16|
    |ap_phi_mux_x_V_85584_phi_fu_913_p6       |   9|          2|    8|         16|
    |ap_phi_mux_x_V_85682_phi_fu_927_p6       |   9|          2|    8|         16|
    |ap_phi_mux_x_V_85780_phi_fu_941_p6       |   9|          2|    8|         16|
    |ap_phi_mux_x_V_85878_phi_fu_955_p6       |   9|          2|    8|         16|
    |ap_phi_mux_x_V_85976_phi_fu_969_p6       |   9|          2|    8|         16|
    |ap_phi_mux_x_V_86074_phi_fu_983_p6       |   9|          2|    8|         16|
    |ap_phi_mux_x_V_86172_phi_fu_997_p6       |   9|          2|    8|         16|
    |ap_phi_mux_x_V_86270_phi_fu_1011_p6      |   9|          2|    8|         16|
    |ap_phi_mux_x_V_86368_phi_fu_1025_p6      |   9|          2|    8|         16|
    |ap_phi_mux_x_V_86466_phi_fu_1039_p6      |   9|          2|    8|         16|
    |ap_phi_mux_x_V_86564_phi_fu_1053_p6      |   9|          2|    8|         16|
    |ap_phi_mux_x_V_86662_phi_fu_1067_p6      |   9|          2|    8|         16|
    |ap_phi_mux_x_V_86760_phi_fu_1081_p6      |   9|          2|    8|         16|
    |ap_phi_mux_x_V_86858_phi_fu_1095_p6      |   9|          2|    8|         16|
    |ap_phi_mux_x_V_86956_phi_fu_1109_p6      |   9|          2|    8|         16|
    |ap_phi_mux_x_V_87054_phi_fu_1123_p6      |   9|          2|    8|         16|
    |ap_phi_mux_x_V_87152_phi_fu_1137_p6      |   9|          2|    8|         16|
    |ap_phi_mux_x_V_87250_phi_fu_1151_p6      |   9|          2|    8|         16|
    |ap_phi_mux_x_V_87348_phi_fu_1165_p6      |   9|          2|    8|         16|
    |ap_phi_mux_x_V_87446_phi_fu_1179_p6      |   9|          2|    8|         16|
    |ap_phi_mux_x_V_87544_phi_fu_1193_p6      |   9|          2|    8|         16|
    |ap_phi_mux_x_V_87642_phi_fu_1207_p6      |   9|          2|    8|         16|
    |ap_phi_mux_x_V_87740_phi_fu_1221_p6      |   9|          2|    8|         16|
    |ap_phi_mux_x_V_87838_phi_fu_1235_p6      |   9|          2|    8|         16|
    |ap_phi_mux_x_V_87936_phi_fu_1249_p6      |   9|          2|    8|         16|
    |ap_phi_mux_x_V_88034_phi_fu_1263_p6      |   9|          2|    8|         16|
    |ap_phi_mux_x_V_88132_phi_fu_1277_p6      |   9|          2|    8|         16|
    |ap_phi_mux_x_V_88230_phi_fu_1291_p6      |   9|          2|    8|         16|
    |ap_phi_mux_x_V_88328_phi_fu_1305_p6      |   9|          2|    8|         16|
    |ap_phi_mux_x_V_88426_phi_fu_1319_p6      |   9|          2|    8|         16|
    |ap_phi_mux_x_V_88524_phi_fu_1333_p6      |   9|          2|    8|         16|
    |ap_phi_mux_x_V_88622_phi_fu_1347_p6      |   9|          2|    8|         16|
    |ap_phi_mux_x_V_88720_phi_fu_1361_p6      |   9|          2|    8|         16|
    |ap_phi_mux_x_V_88818_phi_fu_1375_p6      |   9|          2|    8|         16|
    |ap_phi_mux_x_V_88916_phi_fu_1389_p6      |   9|          2|    8|         16|
    |ap_phi_mux_x_V_89014_phi_fu_1403_p6      |   9|          2|    8|         16|
    |ap_phi_mux_x_V_89112_phi_fu_1417_p6      |   9|          2|    8|         16|
    |ap_phi_mux_x_V_89210_phi_fu_1431_p6      |   9|          2|    8|         16|
    |ap_phi_mux_x_V_8938_phi_fu_1445_p6       |   9|          2|    8|         16|
    |ap_phi_mux_x_V_8946_phi_fu_1459_p6       |   9|          2|    8|         16|
    |ap_phi_mux_x_V_8954_phi_fu_1473_p6       |   9|          2|    8|         16|
    |ap_phi_mux_x_V_8962_phi_fu_1487_p6       |   9|          2|    8|         16|
    |ap_return_0                              |   9|          2|    8|         16|
    |ap_return_1                              |   9|          2|    8|         16|
    |ap_return_10                             |   9|          2|    8|         16|
    |ap_return_11                             |   9|          2|    8|         16|
    |ap_return_12                             |   9|          2|    8|         16|
    |ap_return_13                             |   9|          2|    8|         16|
    |ap_return_14                             |   9|          2|    8|         16|
    |ap_return_15                             |   9|          2|    8|         16|
    |ap_return_16                             |   9|          2|    8|         16|
    |ap_return_17                             |   9|          2|    8|         16|
    |ap_return_18                             |   9|          2|    8|         16|
    |ap_return_19                             |   9|          2|    8|         16|
    |ap_return_2                              |   9|          2|    8|         16|
    |ap_return_20                             |   9|          2|    8|         16|
    |ap_return_21                             |   9|          2|    8|         16|
    |ap_return_22                             |   9|          2|    8|         16|
    |ap_return_23                             |   9|          2|    8|         16|
    |ap_return_24                             |   9|          2|    8|         16|
    |ap_return_25                             |   9|          2|    8|         16|
    |ap_return_26                             |   9|          2|    8|         16|
    |ap_return_27                             |   9|          2|    8|         16|
    |ap_return_28                             |   9|          2|    8|         16|
    |ap_return_29                             |   9|          2|    8|         16|
    |ap_return_3                              |   9|          2|    8|         16|
    |ap_return_30                             |   9|          2|    8|         16|
    |ap_return_31                             |   9|          2|    8|         16|
    |ap_return_32                             |   9|          2|    8|         16|
    |ap_return_33                             |   9|          2|    8|         16|
    |ap_return_34                             |   9|          2|    8|         16|
    |ap_return_35                             |   9|          2|    8|         16|
    |ap_return_36                             |   9|          2|    8|         16|
    |ap_return_37                             |   9|          2|    8|         16|
    |ap_return_38                             |   9|          2|    8|         16|
    |ap_return_39                             |   9|          2|    8|         16|
    |ap_return_4                              |   9|          2|    8|         16|
    |ap_return_40                             |   9|          2|    8|         16|
    |ap_return_41                             |   9|          2|    8|         16|
    |ap_return_42                             |   9|          2|    8|         16|
    |ap_return_43                             |   9|          2|    8|         16|
    |ap_return_44                             |   9|          2|    8|         16|
    |ap_return_45                             |   9|          2|    8|         16|
    |ap_return_46                             |   9|          2|    8|         16|
    |ap_return_47                             |   9|          2|    8|         16|
    |ap_return_48                             |   9|          2|    8|         16|
    |ap_return_49                             |   9|          2|    8|         16|
    |ap_return_5                              |   9|          2|    8|         16|
    |ap_return_50                             |   9|          2|    8|         16|
    |ap_return_51                             |   9|          2|    8|         16|
    |ap_return_52                             |   9|          2|    8|         16|
    |ap_return_53                             |   9|          2|    8|         16|
    |ap_return_54                             |   9|          2|    8|         16|
    |ap_return_55                             |   9|          2|    8|         16|
    |ap_return_56                             |   9|          2|    8|         16|
    |ap_return_57                             |   9|          2|    8|         16|
    |ap_return_58                             |   9|          2|    8|         16|
    |ap_return_59                             |   9|          2|    8|         16|
    |ap_return_6                              |   9|          2|    8|         16|
    |ap_return_60                             |   9|          2|    8|         16|
    |ap_return_61                             |   9|          2|    8|         16|
    |ap_return_62                             |   9|          2|    8|         16|
    |ap_return_63                             |   9|          2|    8|         16|
    |ap_return_64                             |   9|          2|    8|         16|
    |ap_return_65                             |   9|          2|    8|         16|
    |ap_return_66                             |   9|          2|    8|         16|
    |ap_return_67                             |   9|          2|    8|         16|
    |ap_return_68                             |   9|          2|    8|         16|
    |ap_return_69                             |   9|          2|    8|         16|
    |ap_return_7                              |   9|          2|    8|         16|
    |ap_return_8                              |   9|          2|    8|         16|
    |ap_return_9                              |   9|          2|    8|         16|
    |p_read1144_phi_reg_478                   |  14|          3|    8|         24|
    |p_read143_phi_reg_465                    |  14|          3|    8|         24|
    |p_read2145_phi_reg_491                   |  14|          3|    8|         24|
    |p_read3146_phi_reg_504                   |  14|          3|    8|         24|
    |w_index1_reg_451                         |   9|          2|    2|          4|
    |x_V140_reg_517                           |   9|          2|    8|         16|
    |x_V_828138_reg_531                       |   9|          2|    8|         16|
    |x_V_829136_reg_545                       |   9|          2|    8|         16|
    |x_V_830134_reg_559                       |   9|          2|    8|         16|
    |x_V_831132_reg_573                       |   9|          2|    8|         16|
    |x_V_832130_reg_587                       |   9|          2|    8|         16|
    |x_V_833128_reg_601                       |   9|          2|    8|         16|
    |x_V_834126_reg_615                       |   9|          2|    8|         16|
    |x_V_835124_reg_629                       |   9|          2|    8|         16|
    |x_V_836122_reg_643                       |   9|          2|    8|         16|
    |x_V_837120_reg_657                       |   9|          2|    8|         16|
    |x_V_838118_reg_671                       |   9|          2|    8|         16|
    |x_V_839116_reg_685                       |   9|          2|    8|         16|
    |x_V_840114_reg_699                       |   9|          2|    8|         16|
    |x_V_841112_reg_713                       |   9|          2|    8|         16|
    |x_V_842110_reg_727                       |   9|          2|    8|         16|
    |x_V_843108_reg_741                       |   9|          2|    8|         16|
    |x_V_844106_reg_755                       |   9|          2|    8|         16|
    |x_V_845104_reg_769                       |   9|          2|    8|         16|
    |x_V_846102_reg_783                       |   9|          2|    8|         16|
    |x_V_847100_reg_797                       |   9|          2|    8|         16|
    |x_V_84898_reg_811                        |   9|          2|    8|         16|
    |x_V_84996_reg_825                        |   9|          2|    8|         16|
    |x_V_85094_reg_839                        |   9|          2|    8|         16|
    |x_V_85192_reg_853                        |   9|          2|    8|         16|
    |x_V_85290_reg_867                        |   9|          2|    8|         16|
    |x_V_85388_reg_881                        |   9|          2|    8|         16|
    |x_V_85486_reg_895                        |   9|          2|    8|         16|
    |x_V_85584_reg_909                        |   9|          2|    8|         16|
    |x_V_85682_reg_923                        |   9|          2|    8|         16|
    |x_V_85780_reg_937                        |   9|          2|    8|         16|
    |x_V_85878_reg_951                        |   9|          2|    8|         16|
    |x_V_85976_reg_965                        |   9|          2|    8|         16|
    |x_V_86074_reg_979                        |   9|          2|    8|         16|
    |x_V_86172_reg_993                        |   9|          2|    8|         16|
    |x_V_86270_reg_1007                       |   9|          2|    8|         16|
    |x_V_86368_reg_1021                       |   9|          2|    8|         16|
    |x_V_86466_reg_1035                       |   9|          2|    8|         16|
    |x_V_86564_reg_1049                       |   9|          2|    8|         16|
    |x_V_86662_reg_1063                       |   9|          2|    8|         16|
    |x_V_86760_reg_1077                       |   9|          2|    8|         16|
    |x_V_86858_reg_1091                       |   9|          2|    8|         16|
    |x_V_86956_reg_1105                       |   9|          2|    8|         16|
    |x_V_87054_reg_1119                       |   9|          2|    8|         16|
    |x_V_87152_reg_1133                       |   9|          2|    8|         16|
    |x_V_87250_reg_1147                       |   9|          2|    8|         16|
    |x_V_87348_reg_1161                       |   9|          2|    8|         16|
    |x_V_87446_reg_1175                       |   9|          2|    8|         16|
    |x_V_87544_reg_1189                       |   9|          2|    8|         16|
    |x_V_87642_reg_1203                       |   9|          2|    8|         16|
    |x_V_87740_reg_1217                       |   9|          2|    8|         16|
    |x_V_87838_reg_1231                       |   9|          2|    8|         16|
    |x_V_87936_reg_1245                       |   9|          2|    8|         16|
    |x_V_88034_reg_1259                       |   9|          2|    8|         16|
    |x_V_88132_reg_1273                       |   9|          2|    8|         16|
    |x_V_88230_reg_1287                       |   9|          2|    8|         16|
    |x_V_88328_reg_1301                       |   9|          2|    8|         16|
    |x_V_88426_reg_1315                       |   9|          2|    8|         16|
    |x_V_88524_reg_1329                       |   9|          2|    8|         16|
    |x_V_88622_reg_1343                       |   9|          2|    8|         16|
    |x_V_88720_reg_1357                       |   9|          2|    8|         16|
    |x_V_88818_reg_1371                       |   9|          2|    8|         16|
    |x_V_88916_reg_1385                       |   9|          2|    8|         16|
    |x_V_89014_reg_1399                       |   9|          2|    8|         16|
    |x_V_89112_reg_1413                       |   9|          2|    8|         16|
    |x_V_89210_reg_1427                       |   9|          2|    8|         16|
    |x_V_8938_reg_1441                        |   9|          2|    8|         16|
    |x_V_8946_reg_1455                        |   9|          2|    8|         16|
    |x_V_8954_reg_1469                        |   9|          2|    8|         16|
    |x_V_8962_reg_1483                        |   9|          2|    8|         16|
    +-----------------------------------------+----+-----------+-----+-----------+
    |Total                                    |2057|        456| 1751|       3569|
    +-----------------------------------------+----+-----------+-----+-----------+

    * Register: 
    +----------------------------------+----+----+-----+-----------+
    |               Name               | FF | LUT| Bits| Const Bits|
    +----------------------------------+----+----+-----+-----------+
    |a_V_reg_4750                      |   8|   0|    8|          0|
    |ap_CS_fsm                         |   1|   0|    1|          0|
    |ap_done_reg                       |   1|   0|    1|          0|
    |ap_enable_reg_pp0_iter1           |   1|   0|    1|          0|
    |ap_loop_exit_ready_pp0_iter1_reg  |   1|   0|    1|          0|
    |ap_loop_init_pp0_iter1_reg        |   1|   0|    1|          0|
    |ap_return_0_preg                  |   8|   0|    8|          0|
    |ap_return_10_preg                 |   8|   0|    8|          0|
    |ap_return_11_preg                 |   8|   0|    8|          0|
    |ap_return_12_preg                 |   8|   0|    8|          0|
    |ap_return_13_preg                 |   8|   0|    8|          0|
    |ap_return_14_preg                 |   8|   0|    8|          0|
    |ap_return_15_preg                 |   8|   0|    8|          0|
    |ap_return_16_preg                 |   8|   0|    8|          0|
    |ap_return_17_preg                 |   8|   0|    8|          0|
    |ap_return_18_preg                 |   8|   0|    8|          0|
    |ap_return_19_preg                 |   8|   0|    8|          0|
    |ap_return_1_preg                  |   8|   0|    8|          0|
    |ap_return_20_preg                 |   8|   0|    8|          0|
    |ap_return_21_preg                 |   8|   0|    8|          0|
    |ap_return_22_preg                 |   8|   0|    8|          0|
    |ap_return_23_preg                 |   8|   0|    8|          0|
    |ap_return_24_preg                 |   8|   0|    8|          0|
    |ap_return_25_preg                 |   8|   0|    8|          0|
    |ap_return_26_preg                 |   8|   0|    8|          0|
    |ap_return_27_preg                 |   8|   0|    8|          0|
    |ap_return_28_preg                 |   8|   0|    8|          0|
    |ap_return_29_preg                 |   8|   0|    8|          0|
    |ap_return_2_preg                  |   8|   0|    8|          0|
    |ap_return_30_preg                 |   8|   0|    8|          0|
    |ap_return_31_preg                 |   8|   0|    8|          0|
    |ap_return_32_preg                 |   8|   0|    8|          0|
    |ap_return_33_preg                 |   8|   0|    8|          0|
    |ap_return_34_preg                 |   8|   0|    8|          0|
    |ap_return_35_preg                 |   8|   0|    8|          0|
    |ap_return_36_preg                 |   8|   0|    8|          0|
    |ap_return_37_preg                 |   8|   0|    8|          0|
    |ap_return_38_preg                 |   8|   0|    8|          0|
    |ap_return_39_preg                 |   8|   0|    8|          0|
    |ap_return_3_preg                  |   8|   0|    8|          0|
    |ap_return_40_preg                 |   8|   0|    8|          0|
    |ap_return_41_preg                 |   8|   0|    8|          0|
    |ap_return_42_preg                 |   8|   0|    8|          0|
    |ap_return_43_preg                 |   8|   0|    8|          0|
    |ap_return_44_preg                 |   8|   0|    8|          0|
    |ap_return_45_preg                 |   8|   0|    8|          0|
    |ap_return_46_preg                 |   8|   0|    8|          0|
    |ap_return_47_preg                 |   8|   0|    8|          0|
    |ap_return_48_preg                 |   8|   0|    8|          0|
    |ap_return_49_preg                 |   8|   0|    8|          0|
    |ap_return_4_preg                  |   8|   0|    8|          0|
    |ap_return_50_preg                 |   8|   0|    8|          0|
    |ap_return_51_preg                 |   8|   0|    8|          0|
    |ap_return_52_preg                 |   8|   0|    8|          0|
    |ap_return_53_preg                 |   8|   0|    8|          0|
    |ap_return_54_preg                 |   8|   0|    8|          0|
    |ap_return_55_preg                 |   8|   0|    8|          0|
    |ap_return_56_preg                 |   8|   0|    8|          0|
    |ap_return_57_preg                 |   8|   0|    8|          0|
    |ap_return_58_preg                 |   8|   0|    8|          0|
    |ap_return_59_preg                 |   8|   0|    8|          0|
    |ap_return_5_preg                  |   8|   0|    8|          0|
    |ap_return_60_preg                 |   8|   0|    8|          0|
    |ap_return_61_preg                 |   8|   0|    8|          0|
    |ap_return_62_preg                 |   8|   0|    8|          0|
    |ap_return_63_preg                 |   8|   0|    8|          0|
    |ap_return_64_preg                 |   8|   0|    8|          0|
    |ap_return_65_preg                 |   8|   0|    8|          0|
    |ap_return_66_preg                 |   8|   0|    8|          0|
    |ap_return_67_preg                 |   8|   0|    8|          0|
    |ap_return_68_preg                 |   8|   0|    8|          0|
    |ap_return_69_preg                 |   8|   0|    8|          0|
    |ap_return_6_preg                  |   8|   0|    8|          0|
    |ap_return_7_preg                  |   8|   0|    8|          0|
    |ap_return_8_preg                  |   8|   0|    8|          0|
    |ap_return_9_preg                  |   8|   0|    8|          0|
    |do_init_reg_384                   |   1|   0|    1|          0|
    |icmp_ln64_reg_4760                |   1|   0|    1|          0|
    |p_read1144_phi_reg_478            |   8|   0|    8|          0|
    |p_read143_phi_reg_465             |   8|   0|    8|          0|
    |p_read2145_phi_reg_491            |   8|   0|    8|          0|
    |p_read3146_phi_reg_504            |   8|   0|    8|          0|
    |w_index1_reg_451                  |   2|   0|    2|          0|
    |w_index_reg_4755                  |   2|   0|    2|          0|
    |x_V140_reg_517                    |   8|   0|    8|          0|
    |x_V_828138_reg_531                |   8|   0|    8|          0|
    |x_V_829136_reg_545                |   8|   0|    8|          0|
    |x_V_830134_reg_559                |   8|   0|    8|          0|
    |x_V_831132_reg_573                |   8|   0|    8|          0|
    |x_V_832130_reg_587                |   8|   0|    8|          0|
    |x_V_833128_reg_601                |   8|   0|    8|          0|
    |x_V_834126_reg_615                |   8|   0|    8|          0|
    |x_V_835124_reg_629                |   8|   0|    8|          0|
    |x_V_836122_reg_643                |   8|   0|    8|          0|
    |x_V_837120_reg_657                |   8|   0|    8|          0|
    |x_V_838118_reg_671                |   8|   0|    8|          0|
    |x_V_839116_reg_685                |   8|   0|    8|          0|
    |x_V_840114_reg_699                |   8|   0|    8|          0|
    |x_V_841112_reg_713                |   8|   0|    8|          0|
    |x_V_842110_reg_727                |   8|   0|    8|          0|
    |x_V_843108_reg_741                |   8|   0|    8|          0|
    |x_V_844106_reg_755                |   8|   0|    8|          0|
    |x_V_845104_reg_769                |   8|   0|    8|          0|
    |x_V_846102_reg_783                |   8|   0|    8|          0|
    |x_V_847100_reg_797                |   8|   0|    8|          0|
    |x_V_84898_reg_811                 |   8|   0|    8|          0|
    |x_V_84996_reg_825                 |   8|   0|    8|          0|
    |x_V_85094_reg_839                 |   8|   0|    8|          0|
    |x_V_85192_reg_853                 |   8|   0|    8|          0|
    |x_V_85290_reg_867                 |   8|   0|    8|          0|
    |x_V_85388_reg_881                 |   8|   0|    8|          0|
    |x_V_85486_reg_895                 |   8|   0|    8|          0|
    |x_V_85584_reg_909                 |   8|   0|    8|          0|
    |x_V_85682_reg_923                 |   8|   0|    8|          0|
    |x_V_85780_reg_937                 |   8|   0|    8|          0|
    |x_V_85878_reg_951                 |   8|   0|    8|          0|
    |x_V_85976_reg_965                 |   8|   0|    8|          0|
    |x_V_86074_reg_979                 |   8|   0|    8|          0|
    |x_V_86172_reg_993                 |   8|   0|    8|          0|
    |x_V_86270_reg_1007                |   8|   0|    8|          0|
    |x_V_86368_reg_1021                |   8|   0|    8|          0|
    |x_V_86466_reg_1035                |   8|   0|    8|          0|
    |x_V_86564_reg_1049                |   8|   0|    8|          0|
    |x_V_86662_reg_1063                |   8|   0|    8|          0|
    |x_V_86760_reg_1077                |   8|   0|    8|          0|
    |x_V_86858_reg_1091                |   8|   0|    8|          0|
    |x_V_86956_reg_1105                |   8|   0|    8|          0|
    |x_V_87054_reg_1119                |   8|   0|    8|          0|
    |x_V_87152_reg_1133                |   8|   0|    8|          0|
    |x_V_87250_reg_1147                |   8|   0|    8|          0|
    |x_V_87348_reg_1161                |   8|   0|    8|          0|
    |x_V_87446_reg_1175                |   8|   0|    8|          0|
    |x_V_87544_reg_1189                |   8|   0|    8|          0|
    |x_V_87642_reg_1203                |   8|   0|    8|          0|
    |x_V_87740_reg_1217                |   8|   0|    8|          0|
    |x_V_87838_reg_1231                |   8|   0|    8|          0|
    |x_V_87936_reg_1245                |   8|   0|    8|          0|
    |x_V_88034_reg_1259                |   8|   0|    8|          0|
    |x_V_88132_reg_1273                |   8|   0|    8|          0|
    |x_V_88230_reg_1287                |   8|   0|    8|          0|
    |x_V_88328_reg_1301                |   8|   0|    8|          0|
    |x_V_88426_reg_1315                |   8|   0|    8|          0|
    |x_V_88524_reg_1329                |   8|   0|    8|          0|
    |x_V_88622_reg_1343                |   8|   0|    8|          0|
    |x_V_88720_reg_1357                |   8|   0|    8|          0|
    |x_V_88818_reg_1371                |   8|   0|    8|          0|
    |x_V_88916_reg_1385                |   8|   0|    8|          0|
    |x_V_89014_reg_1399                |   8|   0|    8|          0|
    |x_V_89112_reg_1413                |   8|   0|    8|          0|
    |x_V_89210_reg_1427                |   8|   0|    8|          0|
    |x_V_8938_reg_1441                 |   8|   0|    8|          0|
    |x_V_8946_reg_1455                 |   8|   0|    8|          0|
    |x_V_8954_reg_1469                 |   8|   0|    8|          0|
    |x_V_8962_reg_1483                 |   8|   0|    8|          0|
    +----------------------------------+----+----+-----+-----------+
    |Total                             |1171|   0| 1171|          0|
    +----------------------------------+----+----+-----+-----------+



================================================================
== Interface
================================================================
* Summary: 
+--------------+-----+-----+------------+---------------------------------------------------------------------------------+--------------+
|   RTL Ports  | Dir | Bits|  Protocol  |                                  Source Object                                  |    C Type    |
+--------------+-----+-----+------------+---------------------------------------------------------------------------------+--------------+
|ap_clk        |   in|    1|  ap_ctrl_hs|  dense_resource<ap_fixed<8, 2, 5, 3, 0>, ap_fixed<8, 2, 5, 3, 0>, config13_mult>|  return value|
|ap_rst        |   in|    1|  ap_ctrl_hs|  dense_resource<ap_fixed<8, 2, 5, 3, 0>, ap_fixed<8, 2, 5, 3, 0>, config13_mult>|  return value|
|ap_start      |   in|    1|  ap_ctrl_hs|  dense_resource<ap_fixed<8, 2, 5, 3, 0>, ap_fixed<8, 2, 5, 3, 0>, config13_mult>|  return value|
|ap_done       |  out|    1|  ap_ctrl_hs|  dense_resource<ap_fixed<8, 2, 5, 3, 0>, ap_fixed<8, 2, 5, 3, 0>, config13_mult>|  return value|
|ap_idle       |  out|    1|  ap_ctrl_hs|  dense_resource<ap_fixed<8, 2, 5, 3, 0>, ap_fixed<8, 2, 5, 3, 0>, config13_mult>|  return value|
|ap_ready      |  out|    1|  ap_ctrl_hs|  dense_resource<ap_fixed<8, 2, 5, 3, 0>, ap_fixed<8, 2, 5, 3, 0>, config13_mult>|  return value|
|ap_return_0   |  out|    8|  ap_ctrl_hs|  dense_resource<ap_fixed<8, 2, 5, 3, 0>, ap_fixed<8, 2, 5, 3, 0>, config13_mult>|  return value|
|ap_return_1   |  out|    8|  ap_ctrl_hs|  dense_resource<ap_fixed<8, 2, 5, 3, 0>, ap_fixed<8, 2, 5, 3, 0>, config13_mult>|  return value|
|ap_return_2   |  out|    8|  ap_ctrl_hs|  dense_resource<ap_fixed<8, 2, 5, 3, 0>, ap_fixed<8, 2, 5, 3, 0>, config13_mult>|  return value|
|ap_return_3   |  out|    8|  ap_ctrl_hs|  dense_resource<ap_fixed<8, 2, 5, 3, 0>, ap_fixed<8, 2, 5, 3, 0>, config13_mult>|  return value|
|ap_return_4   |  out|    8|  ap_ctrl_hs|  dense_resource<ap_fixed<8, 2, 5, 3, 0>, ap_fixed<8, 2, 5, 3, 0>, config13_mult>|  return value|
|ap_return_5   |  out|    8|  ap_ctrl_hs|  dense_resource<ap_fixed<8, 2, 5, 3, 0>, ap_fixed<8, 2, 5, 3, 0>, config13_mult>|  return value|
|ap_return_6   |  out|    8|  ap_ctrl_hs|  dense_resource<ap_fixed<8, 2, 5, 3, 0>, ap_fixed<8, 2, 5, 3, 0>, config13_mult>|  return value|
|ap_return_7   |  out|    8|  ap_ctrl_hs|  dense_resource<ap_fixed<8, 2, 5, 3, 0>, ap_fixed<8, 2, 5, 3, 0>, config13_mult>|  return value|
|ap_return_8   |  out|    8|  ap_ctrl_hs|  dense_resource<ap_fixed<8, 2, 5, 3, 0>, ap_fixed<8, 2, 5, 3, 0>, config13_mult>|  return value|
|ap_return_9   |  out|    8|  ap_ctrl_hs|  dense_resource<ap_fixed<8, 2, 5, 3, 0>, ap_fixed<8, 2, 5, 3, 0>, config13_mult>|  return value|
|ap_return_10  |  out|    8|  ap_ctrl_hs|  dense_resource<ap_fixed<8, 2, 5, 3, 0>, ap_fixed<8, 2, 5, 3, 0>, config13_mult>|  return value|
|ap_return_11  |  out|    8|  ap_ctrl_hs|  dense_resource<ap_fixed<8, 2, 5, 3, 0>, ap_fixed<8, 2, 5, 3, 0>, config13_mult>|  return value|
|ap_return_12  |  out|    8|  ap_ctrl_hs|  dense_resource<ap_fixed<8, 2, 5, 3, 0>, ap_fixed<8, 2, 5, 3, 0>, config13_mult>|  return value|
|ap_return_13  |  out|    8|  ap_ctrl_hs|  dense_resource<ap_fixed<8, 2, 5, 3, 0>, ap_fixed<8, 2, 5, 3, 0>, config13_mult>|  return value|
|ap_return_14  |  out|    8|  ap_ctrl_hs|  dense_resource<ap_fixed<8, 2, 5, 3, 0>, ap_fixed<8, 2, 5, 3, 0>, config13_mult>|  return value|
|ap_return_15  |  out|    8|  ap_ctrl_hs|  dense_resource<ap_fixed<8, 2, 5, 3, 0>, ap_fixed<8, 2, 5, 3, 0>, config13_mult>|  return value|
|ap_return_16  |  out|    8|  ap_ctrl_hs|  dense_resource<ap_fixed<8, 2, 5, 3, 0>, ap_fixed<8, 2, 5, 3, 0>, config13_mult>|  return value|
|ap_return_17  |  out|    8|  ap_ctrl_hs|  dense_resource<ap_fixed<8, 2, 5, 3, 0>, ap_fixed<8, 2, 5, 3, 0>, config13_mult>|  return value|
|ap_return_18  |  out|    8|  ap_ctrl_hs|  dense_resource<ap_fixed<8, 2, 5, 3, 0>, ap_fixed<8, 2, 5, 3, 0>, config13_mult>|  return value|
|ap_return_19  |  out|    8|  ap_ctrl_hs|  dense_resource<ap_fixed<8, 2, 5, 3, 0>, ap_fixed<8, 2, 5, 3, 0>, config13_mult>|  return value|
|ap_return_20  |  out|    8|  ap_ctrl_hs|  dense_resource<ap_fixed<8, 2, 5, 3, 0>, ap_fixed<8, 2, 5, 3, 0>, config13_mult>|  return value|
|ap_return_21  |  out|    8|  ap_ctrl_hs|  dense_resource<ap_fixed<8, 2, 5, 3, 0>, ap_fixed<8, 2, 5, 3, 0>, config13_mult>|  return value|
|ap_return_22  |  out|    8|  ap_ctrl_hs|  dense_resource<ap_fixed<8, 2, 5, 3, 0>, ap_fixed<8, 2, 5, 3, 0>, config13_mult>|  return value|
|ap_return_23  |  out|    8|  ap_ctrl_hs|  dense_resource<ap_fixed<8, 2, 5, 3, 0>, ap_fixed<8, 2, 5, 3, 0>, config13_mult>|  return value|
|ap_return_24  |  out|    8|  ap_ctrl_hs|  dense_resource<ap_fixed<8, 2, 5, 3, 0>, ap_fixed<8, 2, 5, 3, 0>, config13_mult>|  return value|
|ap_return_25  |  out|    8|  ap_ctrl_hs|  dense_resource<ap_fixed<8, 2, 5, 3, 0>, ap_fixed<8, 2, 5, 3, 0>, config13_mult>|  return value|
|ap_return_26  |  out|    8|  ap_ctrl_hs|  dense_resource<ap_fixed<8, 2, 5, 3, 0>, ap_fixed<8, 2, 5, 3, 0>, config13_mult>|  return value|
|ap_return_27  |  out|    8|  ap_ctrl_hs|  dense_resource<ap_fixed<8, 2, 5, 3, 0>, ap_fixed<8, 2, 5, 3, 0>, config13_mult>|  return value|
|ap_return_28  |  out|    8|  ap_ctrl_hs|  dense_resource<ap_fixed<8, 2, 5, 3, 0>, ap_fixed<8, 2, 5, 3, 0>, config13_mult>|  return value|
|ap_return_29  |  out|    8|  ap_ctrl_hs|  dense_resource<ap_fixed<8, 2, 5, 3, 0>, ap_fixed<8, 2, 5, 3, 0>, config13_mult>|  return value|
|ap_return_30  |  out|    8|  ap_ctrl_hs|  dense_resource<ap_fixed<8, 2, 5, 3, 0>, ap_fixed<8, 2, 5, 3, 0>, config13_mult>|  return value|
|ap_return_31  |  out|    8|  ap_ctrl_hs|  dense_resource<ap_fixed<8, 2, 5, 3, 0>, ap_fixed<8, 2, 5, 3, 0>, config13_mult>|  return value|
|ap_return_32  |  out|    8|  ap_ctrl_hs|  dense_resource<ap_fixed<8, 2, 5, 3, 0>, ap_fixed<8, 2, 5, 3, 0>, config13_mult>|  return value|
|ap_return_33  |  out|    8|  ap_ctrl_hs|  dense_resource<ap_fixed<8, 2, 5, 3, 0>, ap_fixed<8, 2, 5, 3, 0>, config13_mult>|  return value|
|ap_return_34  |  out|    8|  ap_ctrl_hs|  dense_resource<ap_fixed<8, 2, 5, 3, 0>, ap_fixed<8, 2, 5, 3, 0>, config13_mult>|  return value|
|ap_return_35  |  out|    8|  ap_ctrl_hs|  dense_resource<ap_fixed<8, 2, 5, 3, 0>, ap_fixed<8, 2, 5, 3, 0>, config13_mult>|  return value|
|ap_return_36  |  out|    8|  ap_ctrl_hs|  dense_resource<ap_fixed<8, 2, 5, 3, 0>, ap_fixed<8, 2, 5, 3, 0>, config13_mult>|  return value|
|ap_return_37  |  out|    8|  ap_ctrl_hs|  dense_resource<ap_fixed<8, 2, 5, 3, 0>, ap_fixed<8, 2, 5, 3, 0>, config13_mult>|  return value|
|ap_return_38  |  out|    8|  ap_ctrl_hs|  dense_resource<ap_fixed<8, 2, 5, 3, 0>, ap_fixed<8, 2, 5, 3, 0>, config13_mult>|  return value|
|ap_return_39  |  out|    8|  ap_ctrl_hs|  dense_resource<ap_fixed<8, 2, 5, 3, 0>, ap_fixed<8, 2, 5, 3, 0>, config13_mult>|  return value|
|ap_return_40  |  out|    8|  ap_ctrl_hs|  dense_resource<ap_fixed<8, 2, 5, 3, 0>, ap_fixed<8, 2, 5, 3, 0>, config13_mult>|  return value|
|ap_return_41  |  out|    8|  ap_ctrl_hs|  dense_resource<ap_fixed<8, 2, 5, 3, 0>, ap_fixed<8, 2, 5, 3, 0>, config13_mult>|  return value|
|ap_return_42  |  out|    8|  ap_ctrl_hs|  dense_resource<ap_fixed<8, 2, 5, 3, 0>, ap_fixed<8, 2, 5, 3, 0>, config13_mult>|  return value|
|ap_return_43  |  out|    8|  ap_ctrl_hs|  dense_resource<ap_fixed<8, 2, 5, 3, 0>, ap_fixed<8, 2, 5, 3, 0>, config13_mult>|  return value|
|ap_return_44  |  out|    8|  ap_ctrl_hs|  dense_resource<ap_fixed<8, 2, 5, 3, 0>, ap_fixed<8, 2, 5, 3, 0>, config13_mult>|  return value|
|ap_return_45  |  out|    8|  ap_ctrl_hs|  dense_resource<ap_fixed<8, 2, 5, 3, 0>, ap_fixed<8, 2, 5, 3, 0>, config13_mult>|  return value|
|ap_return_46  |  out|    8|  ap_ctrl_hs|  dense_resource<ap_fixed<8, 2, 5, 3, 0>, ap_fixed<8, 2, 5, 3, 0>, config13_mult>|  return value|
|ap_return_47  |  out|    8|  ap_ctrl_hs|  dense_resource<ap_fixed<8, 2, 5, 3, 0>, ap_fixed<8, 2, 5, 3, 0>, config13_mult>|  return value|
|ap_return_48  |  out|    8|  ap_ctrl_hs|  dense_resource<ap_fixed<8, 2, 5, 3, 0>, ap_fixed<8, 2, 5, 3, 0>, config13_mult>|  return value|
|ap_return_49  |  out|    8|  ap_ctrl_hs|  dense_resource<ap_fixed<8, 2, 5, 3, 0>, ap_fixed<8, 2, 5, 3, 0>, config13_mult>|  return value|
|ap_return_50  |  out|    8|  ap_ctrl_hs|  dense_resource<ap_fixed<8, 2, 5, 3, 0>, ap_fixed<8, 2, 5, 3, 0>, config13_mult>|  return value|
|ap_return_51  |  out|    8|  ap_ctrl_hs|  dense_resource<ap_fixed<8, 2, 5, 3, 0>, ap_fixed<8, 2, 5, 3, 0>, config13_mult>|  return value|
|ap_return_52  |  out|    8|  ap_ctrl_hs|  dense_resource<ap_fixed<8, 2, 5, 3, 0>, ap_fixed<8, 2, 5, 3, 0>, config13_mult>|  return value|
|ap_return_53  |  out|    8|  ap_ctrl_hs|  dense_resource<ap_fixed<8, 2, 5, 3, 0>, ap_fixed<8, 2, 5, 3, 0>, config13_mult>|  return value|
|ap_return_54  |  out|    8|  ap_ctrl_hs|  dense_resource<ap_fixed<8, 2, 5, 3, 0>, ap_fixed<8, 2, 5, 3, 0>, config13_mult>|  return value|
|ap_return_55  |  out|    8|  ap_ctrl_hs|  dense_resource<ap_fixed<8, 2, 5, 3, 0>, ap_fixed<8, 2, 5, 3, 0>, config13_mult>|  return value|
|ap_return_56  |  out|    8|  ap_ctrl_hs|  dense_resource<ap_fixed<8, 2, 5, 3, 0>, ap_fixed<8, 2, 5, 3, 0>, config13_mult>|  return value|
|ap_return_57  |  out|    8|  ap_ctrl_hs|  dense_resource<ap_fixed<8, 2, 5, 3, 0>, ap_fixed<8, 2, 5, 3, 0>, config13_mult>|  return value|
|ap_return_58  |  out|    8|  ap_ctrl_hs|  dense_resource<ap_fixed<8, 2, 5, 3, 0>, ap_fixed<8, 2, 5, 3, 0>, config13_mult>|  return value|
|ap_return_59  |  out|    8|  ap_ctrl_hs|  dense_resource<ap_fixed<8, 2, 5, 3, 0>, ap_fixed<8, 2, 5, 3, 0>, config13_mult>|  return value|
|ap_return_60  |  out|    8|  ap_ctrl_hs|  dense_resource<ap_fixed<8, 2, 5, 3, 0>, ap_fixed<8, 2, 5, 3, 0>, config13_mult>|  return value|
|ap_return_61  |  out|    8|  ap_ctrl_hs|  dense_resource<ap_fixed<8, 2, 5, 3, 0>, ap_fixed<8, 2, 5, 3, 0>, config13_mult>|  return value|
|ap_return_62  |  out|    8|  ap_ctrl_hs|  dense_resource<ap_fixed<8, 2, 5, 3, 0>, ap_fixed<8, 2, 5, 3, 0>, config13_mult>|  return value|
|ap_return_63  |  out|    8|  ap_ctrl_hs|  dense_resource<ap_fixed<8, 2, 5, 3, 0>, ap_fixed<8, 2, 5, 3, 0>, config13_mult>|  return value|
|ap_return_64  |  out|    8|  ap_ctrl_hs|  dense_resource<ap_fixed<8, 2, 5, 3, 0>, ap_fixed<8, 2, 5, 3, 0>, config13_mult>|  return value|
|ap_return_65  |  out|    8|  ap_ctrl_hs|  dense_resource<ap_fixed<8, 2, 5, 3, 0>, ap_fixed<8, 2, 5, 3, 0>, config13_mult>|  return value|
|ap_return_66  |  out|    8|  ap_ctrl_hs|  dense_resource<ap_fixed<8, 2, 5, 3, 0>, ap_fixed<8, 2, 5, 3, 0>, config13_mult>|  return value|
|ap_return_67  |  out|    8|  ap_ctrl_hs|  dense_resource<ap_fixed<8, 2, 5, 3, 0>, ap_fixed<8, 2, 5, 3, 0>, config13_mult>|  return value|
|ap_return_68  |  out|    8|  ap_ctrl_hs|  dense_resource<ap_fixed<8, 2, 5, 3, 0>, ap_fixed<8, 2, 5, 3, 0>, config13_mult>|  return value|
|ap_return_69  |  out|    8|  ap_ctrl_hs|  dense_resource<ap_fixed<8, 2, 5, 3, 0>, ap_fixed<8, 2, 5, 3, 0>, config13_mult>|  return value|
|p_read        |   in|    8|     ap_none|                                                                           p_read|        scalar|
|p_read1       |   in|    8|     ap_none|                                                                          p_read1|        scalar|
|p_read2       |   in|    8|     ap_none|                                                                          p_read2|        scalar|
|p_read3       |   in|    8|     ap_none|                                                                          p_read3|        scalar|
+--------------+-----+-----+------------+---------------------------------------------------------------------------------+--------------+

