

================================================================
== Vitis HLS Report for 'dense_resource_ap_fixed_8_2_5_3_0_ap_fixed_8_2_5_3_0_config12_mult_s'
================================================================
* Date:           Wed Jul  5 09:58:58 2023

* Version:        2022.2 (Build 3670227 on Oct 13 2022)
* Project:        alveo_hls4ml
* Solution:       solution (Vitis Kernel Flow Target)
* Product family: virtexuplus
* Target device:  xcu55c-fsvh2892-2L-e


================================================================
== Performance Estimates
================================================================
+ Timing: 
    * Summary: 
    +--------+---------+----------+------------+
    |  Clock |  Target | Estimated| Uncertainty|
    +--------+---------+----------+------------+
    |ap_clk  |  4.00 ns|  3.075 ns|     1.08 ns|
    +--------+---------+----------+------------+

+ Latency: 
    * Summary: 
    +---------+---------+----------+----------+-----+-----+------------------------------------------+
    |  Latency (cycles) |  Latency (absolute) |  Interval |                 Pipeline                 |
    |   min   |   max   |    min   |    max   | min | max |                   Type                   |
    +---------+---------+----------+----------+-----+-----+------------------------------------------+
    |       64|       65|  0.256 us|  0.260 us|   64|   64|  loop rewind stp(delay=0 clock cycles(s))|
    +---------+---------+----------+----------+-----+-----+------------------------------------------+

    + Detail: 
        * Instance: 
        N/A

        * Loop: 
        +-------------+---------+---------+----------+-----------+-----------+------+----------+
        |             |  Latency (cycles) | Iteration|  Initiation Interval  | Trip |          |
        |  Loop Name  |   min   |   max   |  Latency |  achieved |   target  | Count| Pipelined|
        +-------------+---------+---------+----------+-----------+-----------+------+----------+
        |- ReuseLoop  |       64|       64|         2|          1|          1|    64|       yes|
        +-------------+---------+---------+----------+-----------+-----------+------+----------+



================================================================
== Utilization Estimates
================================================================
* Summary: 
+---------------------+---------+------+---------+---------+-----+
|         Name        | BRAM_18K|  DSP |    FF   |   LUT   | URAM|
+---------------------+---------+------+---------+---------+-----+
|DSP                  |        -|     -|        -|        -|    -|
|Expression           |        -|     -|        0|       89|    -|
|FIFO                 |        -|     -|        -|        -|    -|
|Instance             |        -|     0|        0|     1525|    -|
|Memory               |        -|     -|        -|        -|    -|
|Multiplexer          |        -|     -|        -|     1955|    -|
|Register             |        -|     -|      627|        -|    -|
+---------------------+---------+------+---------+---------+-----+
|Total                |        0|     0|      627|     3569|    0|
+---------------------+---------+------+---------+---------+-----+
|Available SLR        |     1344|  3008|   869120|   434560|  320|
+---------------------+---------+------+---------+---------+-----+
|Utilization SLR (%)  |        0|     0|       ~0|       ~0|    0|
+---------------------+---------+------+---------+---------+-----+
|Available            |     4032|  9024|  2607360|  1303680|  960|
+---------------------+---------+------+---------+---------+-----+
|Utilization (%)      |        0|     0|       ~0|       ~0|    0|
+---------------------+---------+------+---------+---------+-----+

+ Detail: 
    * Instance: 
    +------------------------+------------------+---------+----+---+-----+-----+
    |        Instance        |      Module      | BRAM_18K| DSP| FF| LUT | URAM|
    +------------------------+------------------+---------+----+---+-----+-----+
    |mul_8s_8s_14_1_1_U3869  |mul_8s_8s_14_1_1  |        0|   0|  0|   40|    0|
    |mul_8s_8s_14_1_1_U3871  |mul_8s_8s_14_1_1  |        0|   0|  0|   40|    0|
    |mul_8s_8s_14_1_1_U3873  |mul_8s_8s_14_1_1  |        0|   0|  0|   40|    0|
    |mul_8s_8s_14_1_1_U3875  |mul_8s_8s_14_1_1  |        0|   0|  0|   40|    0|
    |mux_646_8_1_1_U3867     |mux_646_8_1_1     |        0|   0|  0|  273|    0|
    |mux_646_8_1_1_x_U3868   |mux_646_8_1_1_x   |        0|   0|  0|  273|    0|
    |mux_646_8_1_1_x_U3870   |mux_646_8_1_1_x   |        0|   0|  0|  273|    0|
    |mux_646_8_1_1_x_U3872   |mux_646_8_1_1_x   |        0|   0|  0|  273|    0|
    |mux_646_8_1_1_x_U3874   |mux_646_8_1_1_x   |        0|   0|  0|  273|    0|
    +------------------------+------------------+---------+----+---+-----+-----+
    |Total                   |                  |        0|   0|  0| 1525|    0|
    +------------------------+------------------+---------+----+---+-----+-----+

    * DSP: 
    N/A

    * Memory: 
    N/A

    * FIFO: 
    N/A

    * Expression: 
    +--------------------------+----------+----+---+----+------------+------------+
    |       Variable Name      | Operation| DSP| FF| LUT| Bitwidth P0| Bitwidth P1|
    +--------------------------+----------+----+---+----+------------+------------+
    |add_ln813_897_fu_3161_p2  |         +|   0|  0|  15|           8|           8|
    |add_ln813_898_fu_3166_p2  |         +|   0|  0|  15|           8|           8|
    |add_ln813_899_fu_3171_p2  |         +|   0|  0|  15|           8|           8|
    |add_ln813_fu_3156_p2      |         +|   0|  0|  15|           8|           8|
    |w_index_fu_3144_p2        |         +|   0|  0|  13|           6|           1|
    |ap_condition_397          |       and|   0|  0|   2|           1|           1|
    |ap_condition_403          |       and|   0|  0|   2|           1|           1|
    |icmp_ln64_fu_3150_p2      |      icmp|   0|  0|  10|           6|           2|
    |ap_enable_pp0             |       xor|   0|  0|   2|           1|           2|
    +--------------------------+----------+----+---+----+------------+------------+
    |Total                     |          |   0|  0|  89|          47|          39|
    +--------------------------+----------+----+---+----+------------+------------+

    * Multiplexer: 
    +-------------------------------------------+----+-----------+-----+-----------+
    |                    Name                   | LUT| Input Size| Bits| Total Bits|
    +-------------------------------------------+----+-----------+-----+-----------+
    |ap_done_int                                |   9|          2|    1|          2|
    |ap_loop_exit_ready_pp0_iter1_reg           |   9|          2|    1|          2|
    |ap_phi_mux_do_init_phi_fu_645_p6           |  14|          3|    1|          3|
    |ap_phi_mux_p_read1074_phi_phi_fu_1636_p4   |  14|          3|    8|         24|
    |ap_phi_mux_p_read1175_phi_phi_fu_1649_p4   |  14|          3|    8|         24|
    |ap_phi_mux_p_read1276_phi_phi_fu_1662_p4   |  14|          3|    8|         24|
    |ap_phi_mux_p_read1377_phi_phi_fu_1675_p4   |  14|          3|    8|         24|
    |ap_phi_mux_p_read1478_phi_phi_fu_1688_p4   |  14|          3|    8|         24|
    |ap_phi_mux_p_read1579_phi_phi_fu_1701_p4   |  14|          3|    8|         24|
    |ap_phi_mux_p_read165_phi_phi_fu_1519_p4    |  14|          3|    8|         24|
    |ap_phi_mux_p_read1680_phi_phi_fu_1714_p4   |  14|          3|    8|         24|
    |ap_phi_mux_p_read1781_phi_phi_fu_1727_p4   |  14|          3|    8|         24|
    |ap_phi_mux_p_read1882_phi_phi_fu_1740_p4   |  14|          3|    8|         24|
    |ap_phi_mux_p_read1983_phi_phi_fu_1753_p4   |  14|          3|    8|         24|
    |ap_phi_mux_p_read2084_phi_phi_fu_1766_p4   |  14|          3|    8|         24|
    |ap_phi_mux_p_read2185_phi_phi_fu_1779_p4   |  14|          3|    8|         24|
    |ap_phi_mux_p_read2286_phi_phi_fu_1792_p4   |  14|          3|    8|         24|
    |ap_phi_mux_p_read2387_phi_phi_fu_1805_p4   |  14|          3|    8|         24|
    |ap_phi_mux_p_read2488_phi_phi_fu_1818_p4   |  14|          3|    8|         24|
    |ap_phi_mux_p_read2589_phi_phi_fu_1831_p4   |  14|          3|    8|         24|
    |ap_phi_mux_p_read266_phi_phi_fu_1532_p4    |  14|          3|    8|         24|
    |ap_phi_mux_p_read2690_phi_phi_fu_1844_p4   |  14|          3|    8|         24|
    |ap_phi_mux_p_read2791_phi_phi_fu_1857_p4   |  14|          3|    8|         24|
    |ap_phi_mux_p_read2892_phi_phi_fu_1870_p4   |  14|          3|    8|         24|
    |ap_phi_mux_p_read2993_phi_phi_fu_1883_p4   |  14|          3|    8|         24|
    |ap_phi_mux_p_read3094_phi_phi_fu_1896_p4   |  14|          3|    8|         24|
    |ap_phi_mux_p_read3195_phi_phi_fu_1909_p4   |  14|          3|    8|         24|
    |ap_phi_mux_p_read3296_phi_phi_fu_1922_p4   |  14|          3|    8|         24|
    |ap_phi_mux_p_read3397_phi_phi_fu_1935_p4   |  14|          3|    8|         24|
    |ap_phi_mux_p_read3498_phi_phi_fu_1948_p4   |  14|          3|    8|         24|
    |ap_phi_mux_p_read3599_phi_phi_fu_1961_p4   |  14|          3|    8|         24|
    |ap_phi_mux_p_read36100_phi_phi_fu_1974_p4  |  14|          3|    8|         24|
    |ap_phi_mux_p_read367_phi_phi_fu_1545_p4    |  14|          3|    8|         24|
    |ap_phi_mux_p_read37101_phi_phi_fu_1987_p4  |  14|          3|    8|         24|
    |ap_phi_mux_p_read38102_phi_phi_fu_2000_p4  |  14|          3|    8|         24|
    |ap_phi_mux_p_read39103_phi_phi_fu_2013_p4  |  14|          3|    8|         24|
    |ap_phi_mux_p_read40104_phi_phi_fu_2026_p4  |  14|          3|    8|         24|
    |ap_phi_mux_p_read41105_phi_phi_fu_2039_p4  |  14|          3|    8|         24|
    |ap_phi_mux_p_read42106_phi_phi_fu_2052_p4  |  14|          3|    8|         24|
    |ap_phi_mux_p_read43107_phi_phi_fu_2065_p4  |  14|          3|    8|         24|
    |ap_phi_mux_p_read44108_phi_phi_fu_2078_p4  |  14|          3|    8|         24|
    |ap_phi_mux_p_read45109_phi_phi_fu_2091_p4  |  14|          3|    8|         24|
    |ap_phi_mux_p_read46110_phi_phi_fu_2104_p4  |  14|          3|    8|         24|
    |ap_phi_mux_p_read468_phi_phi_fu_1558_p4    |  14|          3|    8|         24|
    |ap_phi_mux_p_read47111_phi_phi_fu_2117_p4  |  14|          3|    8|         24|
    |ap_phi_mux_p_read48112_phi_phi_fu_2130_p4  |  14|          3|    8|         24|
    |ap_phi_mux_p_read49113_phi_phi_fu_2143_p4  |  14|          3|    8|         24|
    |ap_phi_mux_p_read50114_phi_phi_fu_2156_p4  |  14|          3|    8|         24|
    |ap_phi_mux_p_read51115_phi_phi_fu_2169_p4  |  14|          3|    8|         24|
    |ap_phi_mux_p_read52116_phi_phi_fu_2182_p4  |  14|          3|    8|         24|
    |ap_phi_mux_p_read53117_phi_phi_fu_2195_p4  |  14|          3|    8|         24|
    |ap_phi_mux_p_read54118_phi_phi_fu_2208_p4  |  14|          3|    8|         24|
    |ap_phi_mux_p_read55119_phi_phi_fu_2221_p4  |  14|          3|    8|         24|
    |ap_phi_mux_p_read56120_phi_phi_fu_2234_p4  |  14|          3|    8|         24|
    |ap_phi_mux_p_read569_phi_phi_fu_1571_p4    |  14|          3|    8|         24|
    |ap_phi_mux_p_read57121_phi_phi_fu_2247_p4  |  14|          3|    8|         24|
    |ap_phi_mux_p_read58122_phi_phi_fu_2260_p4  |  14|          3|    8|         24|
    |ap_phi_mux_p_read59123_phi_phi_fu_2273_p4  |  14|          3|    8|         24|
    |ap_phi_mux_p_read60124_phi_phi_fu_2286_p4  |  14|          3|    8|         24|
    |ap_phi_mux_p_read61125_phi_phi_fu_2299_p4  |  14|          3|    8|         24|
    |ap_phi_mux_p_read62126_phi_phi_fu_2312_p4  |  14|          3|    8|         24|
    |ap_phi_mux_p_read63127_phi_phi_fu_2325_p4  |  14|          3|    8|         24|
    |ap_phi_mux_p_read64_phi_phi_fu_1506_p4     |  14|          3|    8|         24|
    |ap_phi_mux_p_read670_phi_phi_fu_1584_p4    |  14|          3|    8|         24|
    |ap_phi_mux_p_read771_phi_phi_fu_1597_p4    |  14|          3|    8|         24|
    |ap_phi_mux_p_read872_phi_phi_fu_1610_p4    |  14|          3|    8|         24|
    |ap_phi_mux_p_read973_phi_phi_fu_1623_p4    |  14|          3|    8|         24|
    |ap_phi_mux_res_0_08_phi_fu_2338_p6         |   9|          2|    8|         16|
    |ap_phi_mux_res_1_06_phi_fu_2352_p6         |   9|          2|    8|         16|
    |ap_phi_mux_res_2_04_phi_fu_2366_p6         |   9|          2|    8|         16|
    |ap_phi_mux_res_3_02_phi_fu_2380_p6         |   9|          2|    8|         16|
    |ap_phi_mux_w_index1_phi_fu_1492_p6         |  14|          3|    6|         18|
    |ap_return_0                                |   9|          2|    8|         16|
    |ap_return_1                                |   9|          2|    8|         16|
    |ap_return_2                                |   9|          2|    8|         16|
    |ap_return_3                                |   9|          2|    8|         16|
    |p_read1074_phi_reg_1632                    |  14|          3|    8|         24|
    |p_read1175_phi_reg_1645                    |  14|          3|    8|         24|
    |p_read1276_phi_reg_1658                    |  14|          3|    8|         24|
    |p_read1377_phi_reg_1671                    |  14|          3|    8|         24|
    |p_read1478_phi_reg_1684                    |  14|          3|    8|         24|
    |p_read1579_phi_reg_1697                    |  14|          3|    8|         24|
    |p_read165_phi_reg_1515                     |  14|          3|    8|         24|
    |p_read1680_phi_reg_1710                    |  14|          3|    8|         24|
    |p_read1781_phi_reg_1723                    |  14|          3|    8|         24|
    |p_read1882_phi_reg_1736                    |  14|          3|    8|         24|
    |p_read1983_phi_reg_1749                    |  14|          3|    8|         24|
    |p_read2084_phi_reg_1762                    |  14|          3|    8|         24|
    |p_read2185_phi_reg_1775                    |  14|          3|    8|         24|
    |p_read2286_phi_reg_1788                    |  14|          3|    8|         24|
    |p_read2387_phi_reg_1801                    |  14|          3|    8|         24|
    |p_read2488_phi_reg_1814                    |  14|          3|    8|         24|
    |p_read2589_phi_reg_1827                    |  14|          3|    8|         24|
    |p_read266_phi_reg_1528                     |  14|          3|    8|         24|
    |p_read2690_phi_reg_1840                    |  14|          3|    8|         24|
    |p_read2791_phi_reg_1853                    |  14|          3|    8|         24|
    |p_read2892_phi_reg_1866                    |  14|          3|    8|         24|
    |p_read2993_phi_reg_1879                    |  14|          3|    8|         24|
    |p_read3094_phi_reg_1892                    |  14|          3|    8|         24|
    |p_read3195_phi_reg_1905                    |  14|          3|    8|         24|
    |p_read3296_phi_reg_1918                    |  14|          3|    8|         24|
    |p_read3397_phi_reg_1931                    |  14|          3|    8|         24|
    |p_read3498_phi_reg_1944                    |  14|          3|    8|         24|
    |p_read3599_phi_reg_1957                    |  14|          3|    8|         24|
    |p_read36100_phi_reg_1970                   |  14|          3|    8|         24|
    |p_read367_phi_reg_1541                     |  14|          3|    8|         24|
    |p_read37101_phi_reg_1983                   |  14|          3|    8|         24|
    |p_read38102_phi_reg_1996                   |  14|          3|    8|         24|
    |p_read39103_phi_reg_2009                   |  14|          3|    8|         24|
    |p_read40104_phi_reg_2022                   |  14|          3|    8|         24|
    |p_read41105_phi_reg_2035                   |  14|          3|    8|         24|
    |p_read42106_phi_reg_2048                   |  14|          3|    8|         24|
    |p_read43107_phi_reg_2061                   |  14|          3|    8|         24|
    |p_read44108_phi_reg_2074                   |  14|          3|    8|         24|
    |p_read45109_phi_reg_2087                   |  14|          3|    8|         24|
    |p_read46110_phi_reg_2100                   |  14|          3|    8|         24|
    |p_read468_phi_reg_1554                     |  14|          3|    8|         24|
    |p_read47111_phi_reg_2113                   |  14|          3|    8|         24|
    |p_read48112_phi_reg_2126                   |  14|          3|    8|         24|
    |p_read49113_phi_reg_2139                   |  14|          3|    8|         24|
    |p_read50114_phi_reg_2152                   |  14|          3|    8|         24|
    |p_read51115_phi_reg_2165                   |  14|          3|    8|         24|
    |p_read52116_phi_reg_2178                   |  14|          3|    8|         24|
    |p_read53117_phi_reg_2191                   |  14|          3|    8|         24|
    |p_read54118_phi_reg_2204                   |  14|          3|    8|         24|
    |p_read55119_phi_reg_2217                   |  14|          3|    8|         24|
    |p_read56120_phi_reg_2230                   |  14|          3|    8|         24|
    |p_read569_phi_reg_1567                     |  14|          3|    8|         24|
    |p_read57121_phi_reg_2243                   |  14|          3|    8|         24|
    |p_read58122_phi_reg_2256                   |  14|          3|    8|         24|
    |p_read59123_phi_reg_2269                   |  14|          3|    8|         24|
    |p_read60124_phi_reg_2282                   |  14|          3|    8|         24|
    |p_read61125_phi_reg_2295                   |  14|          3|    8|         24|
    |p_read62126_phi_reg_2308                   |  14|          3|    8|         24|
    |p_read63127_phi_reg_2321                   |  14|          3|    8|         24|
    |p_read64_phi_reg_1502                      |  14|          3|    8|         24|
    |p_read670_phi_reg_1580                     |  14|          3|    8|         24|
    |p_read771_phi_reg_1593                     |  14|          3|    8|         24|
    |p_read872_phi_reg_1606                     |  14|          3|    8|         24|
    |p_read973_phi_reg_1619                     |  14|          3|    8|         24|
    |res_0_08_reg_2334                          |   9|          2|    8|         16|
    |res_1_06_reg_2348                          |   9|          2|    8|         16|
    |res_2_04_reg_2362                          |   9|          2|    8|         16|
    |res_3_02_reg_2376                          |   9|          2|    8|         16|
    |w_index1_reg_1489                          |   9|          2|    6|         12|
    +-------------------------------------------+----+-----------+-----+-----------+
    |Total                                      |1955|        420| 1135|       3301|
    +-------------------------------------------+----+-----------+-----+-----------+

    * Register: 
    +----------------------------------+---+----+-----+-----------+
    |               Name               | FF| LUT| Bits| Const Bits|
    +----------------------------------+---+----+-----+-----------+
    |ap_CS_fsm                         |  1|   0|    1|          0|
    |ap_done_reg                       |  1|   0|    1|          0|
    |ap_enable_reg_pp0_iter1           |  1|   0|    1|          0|
    |ap_loop_exit_ready_pp0_iter1_reg  |  1|   0|    1|          0|
    |ap_loop_init_pp0_iter1_reg        |  1|   0|    1|          0|
    |ap_return_0_preg                  |  8|   0|    8|          0|
    |ap_return_1_preg                  |  8|   0|    8|          0|
    |ap_return_2_preg                  |  8|   0|    8|          0|
    |ap_return_3_preg                  |  8|   0|    8|          0|
    |do_init_reg_642                   |  1|   0|    1|          0|
    |icmp_ln64_reg_3229                |  1|   0|    1|          0|
    |p_read1074_phi_reg_1632           |  8|   0|    8|          0|
    |p_read1175_phi_reg_1645           |  8|   0|    8|          0|
    |p_read1276_phi_reg_1658           |  8|   0|    8|          0|
    |p_read1377_phi_reg_1671           |  8|   0|    8|          0|
    |p_read1478_phi_reg_1684           |  8|   0|    8|          0|
    |p_read1579_phi_reg_1697           |  8|   0|    8|          0|
    |p_read165_phi_reg_1515            |  8|   0|    8|          0|
    |p_read1680_phi_reg_1710           |  8|   0|    8|          0|
    |p_read1781_phi_reg_1723           |  8|   0|    8|          0|
    |p_read1882_phi_reg_1736           |  8|   0|    8|          0|
    |p_read1983_phi_reg_1749           |  8|   0|    8|          0|
    |p_read2084_phi_reg_1762           |  8|   0|    8|          0|
    |p_read2185_phi_reg_1775           |  8|   0|    8|          0|
    |p_read2286_phi_reg_1788           |  8|   0|    8|          0|
    |p_read2387_phi_reg_1801           |  8|   0|    8|          0|
    |p_read2488_phi_reg_1814           |  8|   0|    8|          0|
    |p_read2589_phi_reg_1827           |  8|   0|    8|          0|
    |p_read266_phi_reg_1528            |  8|   0|    8|          0|
    |p_read2690_phi_reg_1840           |  8|   0|    8|          0|
    |p_read2791_phi_reg_1853           |  8|   0|    8|          0|
    |p_read2892_phi_reg_1866           |  8|   0|    8|          0|
    |p_read2993_phi_reg_1879           |  8|   0|    8|          0|
    |p_read3094_phi_reg_1892           |  8|   0|    8|          0|
    |p_read3195_phi_reg_1905           |  8|   0|    8|          0|
    |p_read3296_phi_reg_1918           |  8|   0|    8|          0|
    |p_read3397_phi_reg_1931           |  8|   0|    8|          0|
    |p_read3498_phi_reg_1944           |  8|   0|    8|          0|
    |p_read3599_phi_reg_1957           |  8|   0|    8|          0|
    |p_read36100_phi_reg_1970          |  8|   0|    8|          0|
    |p_read367_phi_reg_1541            |  8|   0|    8|          0|
    |p_read37101_phi_reg_1983          |  8|   0|    8|          0|
    |p_read38102_phi_reg_1996          |  8|   0|    8|          0|
    |p_read39103_phi_reg_2009          |  8|   0|    8|          0|
    |p_read40104_phi_reg_2022          |  8|   0|    8|          0|
    |p_read41105_phi_reg_2035          |  8|   0|    8|          0|
    |p_read42106_phi_reg_2048          |  8|   0|    8|          0|
    |p_read43107_phi_reg_2061          |  8|   0|    8|          0|
    |p_read44108_phi_reg_2074          |  8|   0|    8|          0|
    |p_read45109_phi_reg_2087          |  8|   0|    8|          0|
    |p_read46110_phi_reg_2100          |  8|   0|    8|          0|
    |p_read468_phi_reg_1554            |  8|   0|    8|          0|
    |p_read47111_phi_reg_2113          |  8|   0|    8|          0|
    |p_read48112_phi_reg_2126          |  8|   0|    8|          0|
    |p_read49113_phi_reg_2139          |  8|   0|    8|          0|
    |p_read50114_phi_reg_2152          |  8|   0|    8|          0|
    |p_read51115_phi_reg_2165          |  8|   0|    8|          0|
    |p_read52116_phi_reg_2178          |  8|   0|    8|          0|
    |p_read53117_phi_reg_2191          |  8|   0|    8|          0|
    |p_read54118_phi_reg_2204          |  8|   0|    8|          0|
    |p_read55119_phi_reg_2217          |  8|   0|    8|          0|
    |p_read56120_phi_reg_2230          |  8|   0|    8|          0|
    |p_read569_phi_reg_1567            |  8|   0|    8|          0|
    |p_read57121_phi_reg_2243          |  8|   0|    8|          0|
    |p_read58122_phi_reg_2256          |  8|   0|    8|          0|
    |p_read59123_phi_reg_2269          |  8|   0|    8|          0|
    |p_read60124_phi_reg_2282          |  8|   0|    8|          0|
    |p_read61125_phi_reg_2295          |  8|   0|    8|          0|
    |p_read62126_phi_reg_2308          |  8|   0|    8|          0|
    |p_read63127_phi_reg_2321          |  8|   0|    8|          0|
    |p_read64_phi_reg_1502             |  8|   0|    8|          0|
    |p_read670_phi_reg_1580            |  8|   0|    8|          0|
    |p_read771_phi_reg_1593            |  8|   0|    8|          0|
    |p_read872_phi_reg_1606            |  8|   0|    8|          0|
    |p_read973_phi_reg_1619            |  8|   0|    8|          0|
    |res_0_08_reg_2334                 |  8|   0|    8|          0|
    |res_1_06_reg_2348                 |  8|   0|    8|          0|
    |res_2_04_reg_2362                 |  8|   0|    8|          0|
    |res_3_02_reg_2376                 |  8|   0|    8|          0|
    |trunc_ln818_1393_reg_3214         |  8|   0|    8|          0|
    |trunc_ln818_1394_reg_3219         |  8|   0|    8|          0|
    |trunc_ln818_s_reg_3209            |  8|   0|    8|          0|
    |trunc_ln_reg_3204                 |  8|   0|    8|          0|
    |w_index1_reg_1489                 |  6|   0|    6|          0|
    |w_index_reg_3224                  |  6|   0|    6|          0|
    +----------------------------------+---+----+-----+-----------+
    |Total                             |627|   0|  627|          0|
    +----------------------------------+---+----+-----+-----------+



================================================================
== Interface
================================================================
* Summary: 
+-------------+-----+-----+------------+---------------------------------------------------------------------------------+--------------+
|  RTL Ports  | Dir | Bits|  Protocol  |                                  Source Object                                  |    C Type    |
+-------------+-----+-----+------------+---------------------------------------------------------------------------------+--------------+
|ap_clk       |   in|    1|  ap_ctrl_hs|  dense_resource<ap_fixed<8, 2, 5, 3, 0>, ap_fixed<8, 2, 5, 3, 0>, config12_mult>|  return value|
|ap_rst       |   in|    1|  ap_ctrl_hs|  dense_resource<ap_fixed<8, 2, 5, 3, 0>, ap_fixed<8, 2, 5, 3, 0>, config12_mult>|  return value|
|ap_start     |   in|    1|  ap_ctrl_hs|  dense_resource<ap_fixed<8, 2, 5, 3, 0>, ap_fixed<8, 2, 5, 3, 0>, config12_mult>|  return value|
|ap_done      |  out|    1|  ap_ctrl_hs|  dense_resource<ap_fixed<8, 2, 5, 3, 0>, ap_fixed<8, 2, 5, 3, 0>, config12_mult>|  return value|
|ap_idle      |  out|    1|  ap_ctrl_hs|  dense_resource<ap_fixed<8, 2, 5, 3, 0>, ap_fixed<8, 2, 5, 3, 0>, config12_mult>|  return value|
|ap_ready     |  out|    1|  ap_ctrl_hs|  dense_resource<ap_fixed<8, 2, 5, 3, 0>, ap_fixed<8, 2, 5, 3, 0>, config12_mult>|  return value|
|ap_return_0  |  out|    8|  ap_ctrl_hs|  dense_resource<ap_fixed<8, 2, 5, 3, 0>, ap_fixed<8, 2, 5, 3, 0>, config12_mult>|  return value|
|ap_return_1  |  out|    8|  ap_ctrl_hs|  dense_resource<ap_fixed<8, 2, 5, 3, 0>, ap_fixed<8, 2, 5, 3, 0>, config12_mult>|  return value|
|ap_return_2  |  out|    8|  ap_ctrl_hs|  dense_resource<ap_fixed<8, 2, 5, 3, 0>, ap_fixed<8, 2, 5, 3, 0>, config12_mult>|  return value|
|ap_return_3  |  out|    8|  ap_ctrl_hs|  dense_resource<ap_fixed<8, 2, 5, 3, 0>, ap_fixed<8, 2, 5, 3, 0>, config12_mult>|  return value|
|p_read       |   in|    8|     ap_none|                                                                           p_read|        scalar|
|p_read1      |   in|    8|     ap_none|                                                                          p_read1|        scalar|
|p_read2      |   in|    8|     ap_none|                                                                          p_read2|        scalar|
|p_read3      |   in|    8|     ap_none|                                                                          p_read3|        scalar|
|p_read4      |   in|    8|     ap_none|                                                                          p_read4|        scalar|
|p_read5      |   in|    8|     ap_none|                                                                          p_read5|        scalar|
|p_read6      |   in|    8|     ap_none|                                                                          p_read6|        scalar|
|p_read7      |   in|    8|     ap_none|                                                                          p_read7|        scalar|
|p_read8      |   in|    8|     ap_none|                                                                          p_read8|        scalar|
|p_read9      |   in|    8|     ap_none|                                                                          p_read9|        scalar|
|p_read10     |   in|    8|     ap_none|                                                                         p_read10|        scalar|
|p_read11     |   in|    8|     ap_none|                                                                         p_read11|        scalar|
|p_read12     |   in|    8|     ap_none|                                                                         p_read12|        scalar|
|p_read13     |   in|    8|     ap_none|                                                                         p_read13|        scalar|
|p_read14     |   in|    8|     ap_none|                                                                         p_read14|        scalar|
|p_read15     |   in|    8|     ap_none|                                                                         p_read15|        scalar|
|p_read16     |   in|    8|     ap_none|                                                                         p_read16|        scalar|
|p_read17     |   in|    8|     ap_none|                                                                         p_read17|        scalar|
|p_read18     |   in|    8|     ap_none|                                                                         p_read18|        scalar|
|p_read19     |   in|    8|     ap_none|                                                                         p_read19|        scalar|
|p_read20     |   in|    8|     ap_none|                                                                         p_read20|        scalar|
|p_read21     |   in|    8|     ap_none|                                                                         p_read21|        scalar|
|p_read22     |   in|    8|     ap_none|                                                                         p_read22|        scalar|
|p_read23     |   in|    8|     ap_none|                                                                         p_read23|        scalar|
|p_read24     |   in|    8|     ap_none|                                                                         p_read24|        scalar|
|p_read25     |   in|    8|     ap_none|                                                                         p_read25|        scalar|
|p_read26     |   in|    8|     ap_none|                                                                         p_read26|        scalar|
|p_read27     |   in|    8|     ap_none|                                                                         p_read27|        scalar|
|p_read28     |   in|    8|     ap_none|                                                                         p_read28|        scalar|
|p_read29     |   in|    8|     ap_none|                                                                         p_read29|        scalar|
|p_read30     |   in|    8|     ap_none|                                                                         p_read30|        scalar|
|p_read31     |   in|    8|     ap_none|                                                                         p_read31|        scalar|
|p_read32     |   in|    8|     ap_none|                                                                         p_read32|        scalar|
|p_read33     |   in|    8|     ap_none|                                                                         p_read33|        scalar|
|p_read34     |   in|    8|     ap_none|                                                                         p_read34|        scalar|
|p_read35     |   in|    8|     ap_none|                                                                         p_read35|        scalar|
|p_read36     |   in|    8|     ap_none|                                                                         p_read36|        scalar|
|p_read37     |   in|    8|     ap_none|                                                                         p_read37|        scalar|
|p_read38     |   in|    8|     ap_none|                                                                         p_read38|        scalar|
|p_read39     |   in|    8|     ap_none|                                                                         p_read39|        scalar|
|p_read40     |   in|    8|     ap_none|                                                                         p_read40|        scalar|
|p_read41     |   in|    8|     ap_none|                                                                         p_read41|        scalar|
|p_read42     |   in|    8|     ap_none|                                                                         p_read42|        scalar|
|p_read43     |   in|    8|     ap_none|                                                                         p_read43|        scalar|
|p_read44     |   in|    8|     ap_none|                                                                         p_read44|        scalar|
|p_read45     |   in|    8|     ap_none|                                                                         p_read45|        scalar|
|p_read46     |   in|    8|     ap_none|                                                                         p_read46|        scalar|
|p_read47     |   in|    8|     ap_none|                                                                         p_read47|        scalar|
|p_read48     |   in|    8|     ap_none|                                                                         p_read48|        scalar|
|p_read49     |   in|    8|     ap_none|                                                                         p_read49|        scalar|
|p_read50     |   in|    8|     ap_none|                                                                         p_read50|        scalar|
|p_read51     |   in|    8|     ap_none|                                                                         p_read51|        scalar|
|p_read52     |   in|    8|     ap_none|                                                                         p_read52|        scalar|
|p_read53     |   in|    8|     ap_none|                                                                         p_read53|        scalar|
|p_read54     |   in|    8|     ap_none|                                                                         p_read54|        scalar|
|p_read55     |   in|    8|     ap_none|                                                                         p_read55|        scalar|
|p_read56     |   in|    8|     ap_none|                                                                         p_read56|        scalar|
|p_read57     |   in|    8|     ap_none|                                                                         p_read57|        scalar|
|p_read58     |   in|    8|     ap_none|                                                                         p_read58|        scalar|
|p_read59     |   in|    8|     ap_none|                                                                         p_read59|        scalar|
|p_read60     |   in|    8|     ap_none|                                                                         p_read60|        scalar|
|p_read61     |   in|    8|     ap_none|                                                                         p_read61|        scalar|
|p_read62     |   in|    8|     ap_none|                                                                         p_read62|        scalar|
|p_read63     |   in|    8|     ap_none|                                                                         p_read63|        scalar|
+-------------+-----+-----+------------+---------------------------------------------------------------------------------+--------------+

