

================================================================
== Vivado HLS Report for 'gru_stack_array_ap_fixed_64u_array_ap_fixed_16_8_5_3_0_64u_config2_s'
================================================================
* Date:           Sat Mar 25 20:25:48 2023

* Version:        2019.2 (Build 2704478 on Wed Nov 06 22:10:23 MST 2019)
* Project:        alveo_hls4ml
* Solution:       solution
* Product family: virtexuplus
* Target device:  xcu50-fsvh2104-2L-e


================================================================
== Performance Estimates
================================================================
+ Timing: 
    * Summary: 
    +--------+---------+----------+------------+
    |  Clock |  Target | Estimated| Uncertainty|
    +--------+---------+----------+------------+
    |ap_clk  | 5.00 ns | 4.032 ns |   0.90 ns  |
    +--------+---------+----------+------------+

+ Latency: 
    * Summary: 
    +---------+---------+-----------+-----------+------+------+---------+
    |  Latency (cycles) |   Latency (absolute)  |   Interval  | Pipeline|
    |   min   |   max   |    min    |    max    |  min |  max |   Type  |
    +---------+---------+-----------+-----------+------+------+---------+
    |     8323|     8396| 41.615 us | 41.980 us |  8323|  8396|   none  |
    +---------+---------+-----------+-----------+------+------+---------+

    + Detail: 
        * Instance: 
        +--------------------------------------------------------------------------+--------------------------------------------------------------+---------+---------+----------+----------+-----+-----+---------+
        |                                                                          |                                                              |  Latency (cycles) |  Latency (absolute) |  Interval | Pipeline|
        |                                 Instance                                 |                            Module                            |   min   |   max   |    min   |    max   | min | max |   Type  |
        +--------------------------------------------------------------------------+--------------------------------------------------------------+---------+---------+----------+----------+-----+-----+---------+
        |grp_gru_static_ap_fixed_16_8_5_3_0_ap_fixed_16_8_5_3_0_config2_s_fu_1434  |gru_static_ap_fixed_16_8_5_3_0_ap_fixed_16_8_5_3_0_config2_s  |       80|       81| 0.400 us | 0.405 us |   80|   81|   none  |
        +--------------------------------------------------------------------------+--------------------------------------------------------------+---------+---------+----------+----------+-----+-----+---------+

        * Loop: 
        +-------------------+---------+---------+-----------+-----------+-----------+------+----------+
        |                   |  Latency (cycles) | Iteration |  Initiation Interval  | Trip |          |
        |     Loop Name     |   min   |   max   |  Latency  |  achieved |   target  | Count| Pipelined|
        +-------------------+---------+---------+-----------+-----------+-----------+------+----------+
        |- DataPropagation  |     8322|     8395| 114 ~ 115 |          -|          -|    73|    no    |
        +-------------------+---------+---------+-----------+-----------+-----------+------+----------+



================================================================
== Utilization Estimates
================================================================
* Summary: 
+---------------------+---------+-------+---------+--------+-----+
|         Name        | BRAM_18K| DSP48E|    FF   |   LUT  | URAM|
+---------------------+---------+-------+---------+--------+-----+
|DSP                  |        -|      -|        -|       -|    -|
|Expression           |        -|      -|        0|      26|    -|
|FIFO                 |        -|      -|        -|       -|    -|
|Instance             |      268|    576|    21997|   46549|    -|
|Memory               |        1|      -|        0|       0|    0|
|Multiplexer          |        -|      -|        -|    1946|    -|
|Register             |        -|      -|     1044|       -|    -|
+---------------------+---------+-------+---------+--------+-----+
|Total                |      269|    576|    23041|   48521|    0|
+---------------------+---------+-------+---------+--------+-----+
|Available SLR        |     1344|   2976|   871680|  435840|  320|
+---------------------+---------+-------+---------+--------+-----+
|Utilization SLR (%)  |       20|     19|        2|      11|    0|
+---------------------+---------+-------+---------+--------+-----+
|Available            |     2688|   5952|  1743360|  871680|  640|
+---------------------+---------+-------+---------+--------+-----+
|Utilization (%)      |       10|      9|        1|       5|    0|
+---------------------+---------+-------+---------+--------+-----+

+ Detail: 
    * Instance: 
    +--------------------------------------------------------------------------+--------------------------------------------------------------+---------+-------+-------+-------+-----+
    |                                 Instance                                 |                            Module                            | BRAM_18K| DSP48E|   FF  |  LUT  | URAM|
    +--------------------------------------------------------------------------+--------------------------------------------------------------+---------+-------+-------+-------+-----+
    |grp_gru_static_ap_fixed_16_8_5_3_0_ap_fixed_16_8_5_3_0_config2_s_fu_1434  |gru_static_ap_fixed_16_8_5_3_0_ap_fixed_16_8_5_3_0_config2_s  |      268|    576|  21997|  46549|    0|
    +--------------------------------------------------------------------------+--------------------------------------------------------------+---------+-------+-------+-------+-----+
    |Total                                                                     |                                                              |      268|    576|  21997|  46549|    0|
    +--------------------------------------------------------------------------+--------------------------------------------------------------+---------+-------+-------+-------+-----+

    * DSP48E: 
    N/A

    * Memory: 
    +-------------+--------------------------------------------------------------------------------+---------+---+----+-----+------+-----+------+-------------+
    |    Memory   |                                     Module                                     | BRAM_18K| FF| LUT| URAM| Words| Bits| Banks| W*Bits*Banks|
    +-------------+--------------------------------------------------------------------------------+---------+---+----+-----+------+-----+------+-------------+
    |data_in_V_U  |gru_stack_array_ap_fixed_64u_array_ap_fixed_16_8_5_3_0_64u_config2_s_data_in_V  |        1|  0|   0|    0|    64|   16|     1|         1024|
    +-------------+--------------------------------------------------------------------------------+---------+---+----+-----+------+-----+------+-------------+
    |Total        |                                                                                |        1|  0|   0|    0|    64|   16|     1|         1024|
    +-------------+--------------------------------------------------------------------------------+---------+---+----+-----+------+-----+------+-------------+

    * FIFO: 
    N/A

    * Expression: 
    +---------------------------+----------+-------+---+----+------------+------------+
    |       Variable Name       | Operation| DSP48E| FF| LUT| Bitwidth P0| Bitwidth P1|
    +---------------------------+----------+-------+---+----+------------+------------+
    |i_in_fu_1583_p2            |     +    |      0|  0|   7|           7|           1|
    |ap_block_state2            |    and   |      0|  0|   2|           1|           1|
    |io_acc_block_signal_op236  |    and   |      0|  0|   2|           1|           1|
    |io_acc_block_signal_op433  |    and   |      0|  0|   2|           1|           1|
    |icmp_ln553_fu_1577_p2      |   icmp   |      0|  0|  11|           7|           7|
    |ap_block_state1            |    or    |      0|  0|   2|           1|           1|
    +---------------------------+----------+-------+---+----+------------+------------+
    |Total                      |          |      0|  0|  26|          18|          12|
    +---------------------------+----------+-------+---+----+------------+------------+

    * Multiplexer: 
    +-------------------------------+-----+-----------+-----+-----------+
    |              Name             | LUT | Input Size| Bits| Total Bits|
    +-------------------------------+-----+-----------+-----+-----------+
    |ap_NS_fsm                      |  161|         36|    1|         36|
    |ap_done                        |    9|          2|    1|          2|
    |data_in_V_address0             |  153|         34|    6|        204|
    |data_in_V_address1             |  149|         33|    6|        198|
    |data_in_V_ce0                  |   15|          3|    1|          3|
    |data_in_V_d0                   |  149|         33|   16|        528|
    |data_in_V_d1                   |  149|         33|   16|        528|
    |data_stream_V_data_0_V_blk_n   |    9|          2|    1|          2|
    |data_stream_V_data_10_V_blk_n  |    9|          2|    1|          2|
    |data_stream_V_data_11_V_blk_n  |    9|          2|    1|          2|
    |data_stream_V_data_12_V_blk_n  |    9|          2|    1|          2|
    |data_stream_V_data_13_V_blk_n  |    9|          2|    1|          2|
    |data_stream_V_data_14_V_blk_n  |    9|          2|    1|          2|
    |data_stream_V_data_15_V_blk_n  |    9|          2|    1|          2|
    |data_stream_V_data_16_V_blk_n  |    9|          2|    1|          2|
    |data_stream_V_data_17_V_blk_n  |    9|          2|    1|          2|
    |data_stream_V_data_18_V_blk_n  |    9|          2|    1|          2|
    |data_stream_V_data_19_V_blk_n  |    9|          2|    1|          2|
    |data_stream_V_data_1_V_blk_n   |    9|          2|    1|          2|
    |data_stream_V_data_20_V_blk_n  |    9|          2|    1|          2|
    |data_stream_V_data_21_V_blk_n  |    9|          2|    1|          2|
    |data_stream_V_data_22_V_blk_n  |    9|          2|    1|          2|
    |data_stream_V_data_23_V_blk_n  |    9|          2|    1|          2|
    |data_stream_V_data_24_V_blk_n  |    9|          2|    1|          2|
    |data_stream_V_data_25_V_blk_n  |    9|          2|    1|          2|
    |data_stream_V_data_26_V_blk_n  |    9|          2|    1|          2|
    |data_stream_V_data_27_V_blk_n  |    9|          2|    1|          2|
    |data_stream_V_data_28_V_blk_n  |    9|          2|    1|          2|
    |data_stream_V_data_29_V_blk_n  |    9|          2|    1|          2|
    |data_stream_V_data_2_V_blk_n   |    9|          2|    1|          2|
    |data_stream_V_data_30_V_blk_n  |    9|          2|    1|          2|
    |data_stream_V_data_31_V_blk_n  |    9|          2|    1|          2|
    |data_stream_V_data_32_V_blk_n  |    9|          2|    1|          2|
    |data_stream_V_data_33_V_blk_n  |    9|          2|    1|          2|
    |data_stream_V_data_34_V_blk_n  |    9|          2|    1|          2|
    |data_stream_V_data_35_V_blk_n  |    9|          2|    1|          2|
    |data_stream_V_data_36_V_blk_n  |    9|          2|    1|          2|
    |data_stream_V_data_37_V_blk_n  |    9|          2|    1|          2|
    |data_stream_V_data_38_V_blk_n  |    9|          2|    1|          2|
    |data_stream_V_data_39_V_blk_n  |    9|          2|    1|          2|
    |data_stream_V_data_3_V_blk_n   |    9|          2|    1|          2|
    |data_stream_V_data_40_V_blk_n  |    9|          2|    1|          2|
    |data_stream_V_data_41_V_blk_n  |    9|          2|    1|          2|
    |data_stream_V_data_42_V_blk_n  |    9|          2|    1|          2|
    |data_stream_V_data_43_V_blk_n  |    9|          2|    1|          2|
    |data_stream_V_data_44_V_blk_n  |    9|          2|    1|          2|
    |data_stream_V_data_45_V_blk_n  |    9|          2|    1|          2|
    |data_stream_V_data_46_V_blk_n  |    9|          2|    1|          2|
    |data_stream_V_data_47_V_blk_n  |    9|          2|    1|          2|
    |data_stream_V_data_48_V_blk_n  |    9|          2|    1|          2|
    |data_stream_V_data_49_V_blk_n  |    9|          2|    1|          2|
    |data_stream_V_data_4_V_blk_n   |    9|          2|    1|          2|
    |data_stream_V_data_50_V_blk_n  |    9|          2|    1|          2|
    |data_stream_V_data_51_V_blk_n  |    9|          2|    1|          2|
    |data_stream_V_data_52_V_blk_n  |    9|          2|    1|          2|
    |data_stream_V_data_53_V_blk_n  |    9|          2|    1|          2|
    |data_stream_V_data_54_V_blk_n  |    9|          2|    1|          2|
    |data_stream_V_data_55_V_blk_n  |    9|          2|    1|          2|
    |data_stream_V_data_56_V_blk_n  |    9|          2|    1|          2|
    |data_stream_V_data_57_V_blk_n  |    9|          2|    1|          2|
    |data_stream_V_data_58_V_blk_n  |    9|          2|    1|          2|
    |data_stream_V_data_59_V_blk_n  |    9|          2|    1|          2|
    |data_stream_V_data_5_V_blk_n   |    9|          2|    1|          2|
    |data_stream_V_data_60_V_blk_n  |    9|          2|    1|          2|
    |data_stream_V_data_61_V_blk_n  |    9|          2|    1|          2|
    |data_stream_V_data_62_V_blk_n  |    9|          2|    1|          2|
    |data_stream_V_data_63_V_blk_n  |    9|          2|    1|          2|
    |data_stream_V_data_6_V_blk_n   |    9|          2|    1|          2|
    |data_stream_V_data_7_V_blk_n   |    9|          2|    1|          2|
    |data_stream_V_data_8_V_blk_n   |    9|          2|    1|          2|
    |data_stream_V_data_9_V_blk_n   |    9|          2|    1|          2|
    |i_in_0_reg_1423                |    9|          2|    7|         14|
    |res_stream_V_data_0_V_blk_n    |    9|          2|    1|          2|
    |res_stream_V_data_10_V_blk_n   |    9|          2|    1|          2|
    |res_stream_V_data_11_V_blk_n   |    9|          2|    1|          2|
    |res_stream_V_data_12_V_blk_n   |    9|          2|    1|          2|
    |res_stream_V_data_13_V_blk_n   |    9|          2|    1|          2|
    |res_stream_V_data_14_V_blk_n   |    9|          2|    1|          2|
    |res_stream_V_data_15_V_blk_n   |    9|          2|    1|          2|
    |res_stream_V_data_16_V_blk_n   |    9|          2|    1|          2|
    |res_stream_V_data_17_V_blk_n   |    9|          2|    1|          2|
    |res_stream_V_data_18_V_blk_n   |    9|          2|    1|          2|
    |res_stream_V_data_19_V_blk_n   |    9|          2|    1|          2|
    |res_stream_V_data_1_V_blk_n    |    9|          2|    1|          2|
    |res_stream_V_data_20_V_blk_n   |    9|          2|    1|          2|
    |res_stream_V_data_21_V_blk_n   |    9|          2|    1|          2|
    |res_stream_V_data_22_V_blk_n   |    9|          2|    1|          2|
    |res_stream_V_data_23_V_blk_n   |    9|          2|    1|          2|
    |res_stream_V_data_24_V_blk_n   |    9|          2|    1|          2|
    |res_stream_V_data_25_V_blk_n   |    9|          2|    1|          2|
    |res_stream_V_data_26_V_blk_n   |    9|          2|    1|          2|
    |res_stream_V_data_27_V_blk_n   |    9|          2|    1|          2|
    |res_stream_V_data_28_V_blk_n   |    9|          2|    1|          2|
    |res_stream_V_data_29_V_blk_n   |    9|          2|    1|          2|
    |res_stream_V_data_2_V_blk_n    |    9|          2|    1|          2|
    |res_stream_V_data_30_V_blk_n   |    9|          2|    1|          2|
    |res_stream_V_data_31_V_blk_n   |    9|          2|    1|          2|
    |res_stream_V_data_32_V_blk_n   |    9|          2|    1|          2|
    |res_stream_V_data_33_V_blk_n   |    9|          2|    1|          2|
    |res_stream_V_data_34_V_blk_n   |    9|          2|    1|          2|
    |res_stream_V_data_35_V_blk_n   |    9|          2|    1|          2|
    |res_stream_V_data_36_V_blk_n   |    9|          2|    1|          2|
    |res_stream_V_data_37_V_blk_n   |    9|          2|    1|          2|
    |res_stream_V_data_38_V_blk_n   |    9|          2|    1|          2|
    |res_stream_V_data_39_V_blk_n   |    9|          2|    1|          2|
    |res_stream_V_data_3_V_blk_n    |    9|          2|    1|          2|
    |res_stream_V_data_40_V_blk_n   |    9|          2|    1|          2|
    |res_stream_V_data_41_V_blk_n   |    9|          2|    1|          2|
    |res_stream_V_data_42_V_blk_n   |    9|          2|    1|          2|
    |res_stream_V_data_43_V_blk_n   |    9|          2|    1|          2|
    |res_stream_V_data_44_V_blk_n   |    9|          2|    1|          2|
    |res_stream_V_data_45_V_blk_n   |    9|          2|    1|          2|
    |res_stream_V_data_46_V_blk_n   |    9|          2|    1|          2|
    |res_stream_V_data_47_V_blk_n   |    9|          2|    1|          2|
    |res_stream_V_data_48_V_blk_n   |    9|          2|    1|          2|
    |res_stream_V_data_49_V_blk_n   |    9|          2|    1|          2|
    |res_stream_V_data_4_V_blk_n    |    9|          2|    1|          2|
    |res_stream_V_data_50_V_blk_n   |    9|          2|    1|          2|
    |res_stream_V_data_51_V_blk_n   |    9|          2|    1|          2|
    |res_stream_V_data_52_V_blk_n   |    9|          2|    1|          2|
    |res_stream_V_data_53_V_blk_n   |    9|          2|    1|          2|
    |res_stream_V_data_54_V_blk_n   |    9|          2|    1|          2|
    |res_stream_V_data_55_V_blk_n   |    9|          2|    1|          2|
    |res_stream_V_data_56_V_blk_n   |    9|          2|    1|          2|
    |res_stream_V_data_57_V_blk_n   |    9|          2|    1|          2|
    |res_stream_V_data_58_V_blk_n   |    9|          2|    1|          2|
    |res_stream_V_data_59_V_blk_n   |    9|          2|    1|          2|
    |res_stream_V_data_5_V_blk_n    |    9|          2|    1|          2|
    |res_stream_V_data_60_V_blk_n   |    9|          2|    1|          2|
    |res_stream_V_data_61_V_blk_n   |    9|          2|    1|          2|
    |res_stream_V_data_62_V_blk_n   |    9|          2|    1|          2|
    |res_stream_V_data_63_V_blk_n   |    9|          2|    1|          2|
    |res_stream_V_data_6_V_blk_n    |    9|          2|    1|          2|
    |res_stream_V_data_7_V_blk_n    |    9|          2|    1|          2|
    |res_stream_V_data_8_V_blk_n    |    9|          2|    1|          2|
    |res_stream_V_data_9_V_blk_n    |    9|          2|    1|          2|
    +-------------------------------+-----+-----------+-----+-----------+
    |Total                          | 1946|        432|  182|       1769|
    +-------------------------------+-----+-----------+-----+-----------+

    * Register: 
    +---------------------------------------------------------------------------------------+----+----+-----+-----------+
    |                                          Name                                         | FF | LUT| Bits| Const Bits|
    +---------------------------------------------------------------------------------------+----+----+-----+-----------+
    |ap_CS_fsm                                                                              |  35|   0|   35|          0|
    |ap_done_reg                                                                            |   1|   0|    1|          0|
    |grp_gru_static_ap_fixed_16_8_5_3_0_ap_fixed_16_8_5_3_0_config2_s_fu_1434_ap_start_reg  |   1|   0|    1|          0|
    |i_in_0_reg_1423                                                                        |   7|   0|    7|          0|
    |i_in_reg_2490                                                                          |   7|   0|    7|          0|
    |reset_state_0_reg_1409                                                                 |   1|   0|    1|          0|
    |tmp_data_V_10_reg_2535                                                                 |  16|   0|   16|          0|
    |tmp_data_V_11_reg_2540                                                                 |  16|   0|   16|          0|
    |tmp_data_V_12_reg_2545                                                                 |  16|   0|   16|          0|
    |tmp_data_V_13_reg_2550                                                                 |  16|   0|   16|          0|
    |tmp_data_V_14_reg_2555                                                                 |  16|   0|   16|          0|
    |tmp_data_V_15_reg_2560                                                                 |  16|   0|   16|          0|
    |tmp_data_V_16_reg_2565                                                                 |  16|   0|   16|          0|
    |tmp_data_V_17_reg_2570                                                                 |  16|   0|   16|          0|
    |tmp_data_V_18_reg_2575                                                                 |  16|   0|   16|          0|
    |tmp_data_V_19_reg_2580                                                                 |  16|   0|   16|          0|
    |tmp_data_V_20_reg_2585                                                                 |  16|   0|   16|          0|
    |tmp_data_V_21_reg_2590                                                                 |  16|   0|   16|          0|
    |tmp_data_V_22_reg_2595                                                                 |  16|   0|   16|          0|
    |tmp_data_V_23_reg_2600                                                                 |  16|   0|   16|          0|
    |tmp_data_V_24_reg_2605                                                                 |  16|   0|   16|          0|
    |tmp_data_V_25_reg_2610                                                                 |  16|   0|   16|          0|
    |tmp_data_V_26_reg_2615                                                                 |  16|   0|   16|          0|
    |tmp_data_V_27_reg_2620                                                                 |  16|   0|   16|          0|
    |tmp_data_V_28_reg_2625                                                                 |  16|   0|   16|          0|
    |tmp_data_V_29_reg_2630                                                                 |  16|   0|   16|          0|
    |tmp_data_V_2_reg_2495                                                                  |  16|   0|   16|          0|
    |tmp_data_V_30_reg_2635                                                                 |  16|   0|   16|          0|
    |tmp_data_V_31_reg_2640                                                                 |  16|   0|   16|          0|
    |tmp_data_V_32_reg_2645                                                                 |  16|   0|   16|          0|
    |tmp_data_V_33_reg_2650                                                                 |  16|   0|   16|          0|
    |tmp_data_V_34_reg_2655                                                                 |  16|   0|   16|          0|
    |tmp_data_V_35_reg_2660                                                                 |  16|   0|   16|          0|
    |tmp_data_V_36_reg_2665                                                                 |  16|   0|   16|          0|
    |tmp_data_V_37_reg_2670                                                                 |  16|   0|   16|          0|
    |tmp_data_V_38_reg_2675                                                                 |  16|   0|   16|          0|
    |tmp_data_V_39_reg_2680                                                                 |  16|   0|   16|          0|
    |tmp_data_V_3_reg_2500                                                                  |  16|   0|   16|          0|
    |tmp_data_V_40_reg_2685                                                                 |  16|   0|   16|          0|
    |tmp_data_V_41_reg_2690                                                                 |  16|   0|   16|          0|
    |tmp_data_V_42_reg_2695                                                                 |  16|   0|   16|          0|
    |tmp_data_V_43_reg_2700                                                                 |  16|   0|   16|          0|
    |tmp_data_V_44_reg_2705                                                                 |  16|   0|   16|          0|
    |tmp_data_V_45_reg_2710                                                                 |  16|   0|   16|          0|
    |tmp_data_V_46_reg_2715                                                                 |  16|   0|   16|          0|
    |tmp_data_V_47_reg_2720                                                                 |  16|   0|   16|          0|
    |tmp_data_V_48_reg_2725                                                                 |  16|   0|   16|          0|
    |tmp_data_V_49_reg_2730                                                                 |  16|   0|   16|          0|
    |tmp_data_V_4_reg_2505                                                                  |  16|   0|   16|          0|
    |tmp_data_V_50_reg_2735                                                                 |  16|   0|   16|          0|
    |tmp_data_V_51_reg_2740                                                                 |  16|   0|   16|          0|
    |tmp_data_V_52_reg_2745                                                                 |  16|   0|   16|          0|
    |tmp_data_V_53_reg_2750                                                                 |  16|   0|   16|          0|
    |tmp_data_V_54_reg_2755                                                                 |  16|   0|   16|          0|
    |tmp_data_V_55_reg_2760                                                                 |  16|   0|   16|          0|
    |tmp_data_V_56_reg_2765                                                                 |  16|   0|   16|          0|
    |tmp_data_V_57_reg_2770                                                                 |  16|   0|   16|          0|
    |tmp_data_V_58_reg_2775                                                                 |  16|   0|   16|          0|
    |tmp_data_V_59_reg_2780                                                                 |  16|   0|   16|          0|
    |tmp_data_V_5_reg_2510                                                                  |  16|   0|   16|          0|
    |tmp_data_V_60_reg_2785                                                                 |  16|   0|   16|          0|
    |tmp_data_V_61_reg_2790                                                                 |  16|   0|   16|          0|
    |tmp_data_V_62_reg_2795                                                                 |  16|   0|   16|          0|
    |tmp_data_V_63_reg_2800                                                                 |  16|   0|   16|          0|
    |tmp_data_V_6_reg_2515                                                                  |  16|   0|   16|          0|
    |tmp_data_V_7_reg_2520                                                                  |  16|   0|   16|          0|
    |tmp_data_V_8_reg_2525                                                                  |  16|   0|   16|          0|
    |tmp_data_V_9_reg_2530                                                                  |  16|   0|   16|          0|
    +---------------------------------------------------------------------------------------+----+----+-----+-----------+
    |Total                                                                                  |1044|   0| 1044|          0|
    +---------------------------------------------------------------------------------------+----+----+-----+-----------+



================================================================
== Interface
================================================================
* Summary: 
+---------------------------------+-----+-----+------------+------------------------------------------------------------------------+--------------+
|            RTL Ports            | Dir | Bits|  Protocol  |                              Source Object                             |    C Type    |
+---------------------------------+-----+-----+------------+------------------------------------------------------------------------+--------------+
|ap_clk                           |  in |    1| ap_ctrl_hs | gru_stack<array<ap_fixed,64u>,array<ap_fixed<16,8,5,3,0>,64u>,config2> | return value |
|ap_rst                           |  in |    1| ap_ctrl_hs | gru_stack<array<ap_fixed,64u>,array<ap_fixed<16,8,5,3,0>,64u>,config2> | return value |
|ap_start                         |  in |    1| ap_ctrl_hs | gru_stack<array<ap_fixed,64u>,array<ap_fixed<16,8,5,3,0>,64u>,config2> | return value |
|ap_done                          | out |    1| ap_ctrl_hs | gru_stack<array<ap_fixed,64u>,array<ap_fixed<16,8,5,3,0>,64u>,config2> | return value |
|ap_continue                      |  in |    1| ap_ctrl_hs | gru_stack<array<ap_fixed,64u>,array<ap_fixed<16,8,5,3,0>,64u>,config2> | return value |
|ap_idle                          | out |    1| ap_ctrl_hs | gru_stack<array<ap_fixed,64u>,array<ap_fixed<16,8,5,3,0>,64u>,config2> | return value |
|ap_ready                         | out |    1| ap_ctrl_hs | gru_stack<array<ap_fixed,64u>,array<ap_fixed<16,8,5,3,0>,64u>,config2> | return value |
|data_stream_V_data_0_V_dout      |  in |   16|   ap_fifo  |                         data_stream_V_data_0_V                         |    pointer   |
|data_stream_V_data_0_V_empty_n   |  in |    1|   ap_fifo  |                         data_stream_V_data_0_V                         |    pointer   |
|data_stream_V_data_0_V_read      | out |    1|   ap_fifo  |                         data_stream_V_data_0_V                         |    pointer   |
|data_stream_V_data_1_V_dout      |  in |   16|   ap_fifo  |                         data_stream_V_data_1_V                         |    pointer   |
|data_stream_V_data_1_V_empty_n   |  in |    1|   ap_fifo  |                         data_stream_V_data_1_V                         |    pointer   |
|data_stream_V_data_1_V_read      | out |    1|   ap_fifo  |                         data_stream_V_data_1_V                         |    pointer   |
|data_stream_V_data_2_V_dout      |  in |   16|   ap_fifo  |                         data_stream_V_data_2_V                         |    pointer   |
|data_stream_V_data_2_V_empty_n   |  in |    1|   ap_fifo  |                         data_stream_V_data_2_V                         |    pointer   |
|data_stream_V_data_2_V_read      | out |    1|   ap_fifo  |                         data_stream_V_data_2_V                         |    pointer   |
|data_stream_V_data_3_V_dout      |  in |   16|   ap_fifo  |                         data_stream_V_data_3_V                         |    pointer   |
|data_stream_V_data_3_V_empty_n   |  in |    1|   ap_fifo  |                         data_stream_V_data_3_V                         |    pointer   |
|data_stream_V_data_3_V_read      | out |    1|   ap_fifo  |                         data_stream_V_data_3_V                         |    pointer   |
|data_stream_V_data_4_V_dout      |  in |   16|   ap_fifo  |                         data_stream_V_data_4_V                         |    pointer   |
|data_stream_V_data_4_V_empty_n   |  in |    1|   ap_fifo  |                         data_stream_V_data_4_V                         |    pointer   |
|data_stream_V_data_4_V_read      | out |    1|   ap_fifo  |                         data_stream_V_data_4_V                         |    pointer   |
|data_stream_V_data_5_V_dout      |  in |   16|   ap_fifo  |                         data_stream_V_data_5_V                         |    pointer   |
|data_stream_V_data_5_V_empty_n   |  in |    1|   ap_fifo  |                         data_stream_V_data_5_V                         |    pointer   |
|data_stream_V_data_5_V_read      | out |    1|   ap_fifo  |                         data_stream_V_data_5_V                         |    pointer   |
|data_stream_V_data_6_V_dout      |  in |   16|   ap_fifo  |                         data_stream_V_data_6_V                         |    pointer   |
|data_stream_V_data_6_V_empty_n   |  in |    1|   ap_fifo  |                         data_stream_V_data_6_V                         |    pointer   |
|data_stream_V_data_6_V_read      | out |    1|   ap_fifo  |                         data_stream_V_data_6_V                         |    pointer   |
|data_stream_V_data_7_V_dout      |  in |   16|   ap_fifo  |                         data_stream_V_data_7_V                         |    pointer   |
|data_stream_V_data_7_V_empty_n   |  in |    1|   ap_fifo  |                         data_stream_V_data_7_V                         |    pointer   |
|data_stream_V_data_7_V_read      | out |    1|   ap_fifo  |                         data_stream_V_data_7_V                         |    pointer   |
|data_stream_V_data_8_V_dout      |  in |   16|   ap_fifo  |                         data_stream_V_data_8_V                         |    pointer   |
|data_stream_V_data_8_V_empty_n   |  in |    1|   ap_fifo  |                         data_stream_V_data_8_V                         |    pointer   |
|data_stream_V_data_8_V_read      | out |    1|   ap_fifo  |                         data_stream_V_data_8_V                         |    pointer   |
|data_stream_V_data_9_V_dout      |  in |   16|   ap_fifo  |                         data_stream_V_data_9_V                         |    pointer   |
|data_stream_V_data_9_V_empty_n   |  in |    1|   ap_fifo  |                         data_stream_V_data_9_V                         |    pointer   |
|data_stream_V_data_9_V_read      | out |    1|   ap_fifo  |                         data_stream_V_data_9_V                         |    pointer   |
|data_stream_V_data_10_V_dout     |  in |   16|   ap_fifo  |                         data_stream_V_data_10_V                        |    pointer   |
|data_stream_V_data_10_V_empty_n  |  in |    1|   ap_fifo  |                         data_stream_V_data_10_V                        |    pointer   |
|data_stream_V_data_10_V_read     | out |    1|   ap_fifo  |                         data_stream_V_data_10_V                        |    pointer   |
|data_stream_V_data_11_V_dout     |  in |   16|   ap_fifo  |                         data_stream_V_data_11_V                        |    pointer   |
|data_stream_V_data_11_V_empty_n  |  in |    1|   ap_fifo  |                         data_stream_V_data_11_V                        |    pointer   |
|data_stream_V_data_11_V_read     | out |    1|   ap_fifo  |                         data_stream_V_data_11_V                        |    pointer   |
|data_stream_V_data_12_V_dout     |  in |   16|   ap_fifo  |                         data_stream_V_data_12_V                        |    pointer   |
|data_stream_V_data_12_V_empty_n  |  in |    1|   ap_fifo  |                         data_stream_V_data_12_V                        |    pointer   |
|data_stream_V_data_12_V_read     | out |    1|   ap_fifo  |                         data_stream_V_data_12_V                        |    pointer   |
|data_stream_V_data_13_V_dout     |  in |   16|   ap_fifo  |                         data_stream_V_data_13_V                        |    pointer   |
|data_stream_V_data_13_V_empty_n  |  in |    1|   ap_fifo  |                         data_stream_V_data_13_V                        |    pointer   |
|data_stream_V_data_13_V_read     | out |    1|   ap_fifo  |                         data_stream_V_data_13_V                        |    pointer   |
|data_stream_V_data_14_V_dout     |  in |   16|   ap_fifo  |                         data_stream_V_data_14_V                        |    pointer   |
|data_stream_V_data_14_V_empty_n  |  in |    1|   ap_fifo  |                         data_stream_V_data_14_V                        |    pointer   |
|data_stream_V_data_14_V_read     | out |    1|   ap_fifo  |                         data_stream_V_data_14_V                        |    pointer   |
|data_stream_V_data_15_V_dout     |  in |   16|   ap_fifo  |                         data_stream_V_data_15_V                        |    pointer   |
|data_stream_V_data_15_V_empty_n  |  in |    1|   ap_fifo  |                         data_stream_V_data_15_V                        |    pointer   |
|data_stream_V_data_15_V_read     | out |    1|   ap_fifo  |                         data_stream_V_data_15_V                        |    pointer   |
|data_stream_V_data_16_V_dout     |  in |   16|   ap_fifo  |                         data_stream_V_data_16_V                        |    pointer   |
|data_stream_V_data_16_V_empty_n  |  in |    1|   ap_fifo  |                         data_stream_V_data_16_V                        |    pointer   |
|data_stream_V_data_16_V_read     | out |    1|   ap_fifo  |                         data_stream_V_data_16_V                        |    pointer   |
|data_stream_V_data_17_V_dout     |  in |   16|   ap_fifo  |                         data_stream_V_data_17_V                        |    pointer   |
|data_stream_V_data_17_V_empty_n  |  in |    1|   ap_fifo  |                         data_stream_V_data_17_V                        |    pointer   |
|data_stream_V_data_17_V_read     | out |    1|   ap_fifo  |                         data_stream_V_data_17_V                        |    pointer   |
|data_stream_V_data_18_V_dout     |  in |   16|   ap_fifo  |                         data_stream_V_data_18_V                        |    pointer   |
|data_stream_V_data_18_V_empty_n  |  in |    1|   ap_fifo  |                         data_stream_V_data_18_V                        |    pointer   |
|data_stream_V_data_18_V_read     | out |    1|   ap_fifo  |                         data_stream_V_data_18_V                        |    pointer   |
|data_stream_V_data_19_V_dout     |  in |   16|   ap_fifo  |                         data_stream_V_data_19_V                        |    pointer   |
|data_stream_V_data_19_V_empty_n  |  in |    1|   ap_fifo  |                         data_stream_V_data_19_V                        |    pointer   |
|data_stream_V_data_19_V_read     | out |    1|   ap_fifo  |                         data_stream_V_data_19_V                        |    pointer   |
|data_stream_V_data_20_V_dout     |  in |   16|   ap_fifo  |                         data_stream_V_data_20_V                        |    pointer   |
|data_stream_V_data_20_V_empty_n  |  in |    1|   ap_fifo  |                         data_stream_V_data_20_V                        |    pointer   |
|data_stream_V_data_20_V_read     | out |    1|   ap_fifo  |                         data_stream_V_data_20_V                        |    pointer   |
|data_stream_V_data_21_V_dout     |  in |   16|   ap_fifo  |                         data_stream_V_data_21_V                        |    pointer   |
|data_stream_V_data_21_V_empty_n  |  in |    1|   ap_fifo  |                         data_stream_V_data_21_V                        |    pointer   |
|data_stream_V_data_21_V_read     | out |    1|   ap_fifo  |                         data_stream_V_data_21_V                        |    pointer   |
|data_stream_V_data_22_V_dout     |  in |   16|   ap_fifo  |                         data_stream_V_data_22_V                        |    pointer   |
|data_stream_V_data_22_V_empty_n  |  in |    1|   ap_fifo  |                         data_stream_V_data_22_V                        |    pointer   |
|data_stream_V_data_22_V_read     | out |    1|   ap_fifo  |                         data_stream_V_data_22_V                        |    pointer   |
|data_stream_V_data_23_V_dout     |  in |   16|   ap_fifo  |                         data_stream_V_data_23_V                        |    pointer   |
|data_stream_V_data_23_V_empty_n  |  in |    1|   ap_fifo  |                         data_stream_V_data_23_V                        |    pointer   |
|data_stream_V_data_23_V_read     | out |    1|   ap_fifo  |                         data_stream_V_data_23_V                        |    pointer   |
|data_stream_V_data_24_V_dout     |  in |   16|   ap_fifo  |                         data_stream_V_data_24_V                        |    pointer   |
|data_stream_V_data_24_V_empty_n  |  in |    1|   ap_fifo  |                         data_stream_V_data_24_V                        |    pointer   |
|data_stream_V_data_24_V_read     | out |    1|   ap_fifo  |                         data_stream_V_data_24_V                        |    pointer   |
|data_stream_V_data_25_V_dout     |  in |   16|   ap_fifo  |                         data_stream_V_data_25_V                        |    pointer   |
|data_stream_V_data_25_V_empty_n  |  in |    1|   ap_fifo  |                         data_stream_V_data_25_V                        |    pointer   |
|data_stream_V_data_25_V_read     | out |    1|   ap_fifo  |                         data_stream_V_data_25_V                        |    pointer   |
|data_stream_V_data_26_V_dout     |  in |   16|   ap_fifo  |                         data_stream_V_data_26_V                        |    pointer   |
|data_stream_V_data_26_V_empty_n  |  in |    1|   ap_fifo  |                         data_stream_V_data_26_V                        |    pointer   |
|data_stream_V_data_26_V_read     | out |    1|   ap_fifo  |                         data_stream_V_data_26_V                        |    pointer   |
|data_stream_V_data_27_V_dout     |  in |   16|   ap_fifo  |                         data_stream_V_data_27_V                        |    pointer   |
|data_stream_V_data_27_V_empty_n  |  in |    1|   ap_fifo  |                         data_stream_V_data_27_V                        |    pointer   |
|data_stream_V_data_27_V_read     | out |    1|   ap_fifo  |                         data_stream_V_data_27_V                        |    pointer   |
|data_stream_V_data_28_V_dout     |  in |   16|   ap_fifo  |                         data_stream_V_data_28_V                        |    pointer   |
|data_stream_V_data_28_V_empty_n  |  in |    1|   ap_fifo  |                         data_stream_V_data_28_V                        |    pointer   |
|data_stream_V_data_28_V_read     | out |    1|   ap_fifo  |                         data_stream_V_data_28_V                        |    pointer   |
|data_stream_V_data_29_V_dout     |  in |   16|   ap_fifo  |                         data_stream_V_data_29_V                        |    pointer   |
|data_stream_V_data_29_V_empty_n  |  in |    1|   ap_fifo  |                         data_stream_V_data_29_V                        |    pointer   |
|data_stream_V_data_29_V_read     | out |    1|   ap_fifo  |                         data_stream_V_data_29_V                        |    pointer   |
|data_stream_V_data_30_V_dout     |  in |   16|   ap_fifo  |                         data_stream_V_data_30_V                        |    pointer   |
|data_stream_V_data_30_V_empty_n  |  in |    1|   ap_fifo  |                         data_stream_V_data_30_V                        |    pointer   |
|data_stream_V_data_30_V_read     | out |    1|   ap_fifo  |                         data_stream_V_data_30_V                        |    pointer   |
|data_stream_V_data_31_V_dout     |  in |   16|   ap_fifo  |                         data_stream_V_data_31_V                        |    pointer   |
|data_stream_V_data_31_V_empty_n  |  in |    1|   ap_fifo  |                         data_stream_V_data_31_V                        |    pointer   |
|data_stream_V_data_31_V_read     | out |    1|   ap_fifo  |                         data_stream_V_data_31_V                        |    pointer   |
|data_stream_V_data_32_V_dout     |  in |   16|   ap_fifo  |                         data_stream_V_data_32_V                        |    pointer   |
|data_stream_V_data_32_V_empty_n  |  in |    1|   ap_fifo  |                         data_stream_V_data_32_V                        |    pointer   |
|data_stream_V_data_32_V_read     | out |    1|   ap_fifo  |                         data_stream_V_data_32_V                        |    pointer   |
|data_stream_V_data_33_V_dout     |  in |   16|   ap_fifo  |                         data_stream_V_data_33_V                        |    pointer   |
|data_stream_V_data_33_V_empty_n  |  in |    1|   ap_fifo  |                         data_stream_V_data_33_V                        |    pointer   |
|data_stream_V_data_33_V_read     | out |    1|   ap_fifo  |                         data_stream_V_data_33_V                        |    pointer   |
|data_stream_V_data_34_V_dout     |  in |   16|   ap_fifo  |                         data_stream_V_data_34_V                        |    pointer   |
|data_stream_V_data_34_V_empty_n  |  in |    1|   ap_fifo  |                         data_stream_V_data_34_V                        |    pointer   |
|data_stream_V_data_34_V_read     | out |    1|   ap_fifo  |                         data_stream_V_data_34_V                        |    pointer   |
|data_stream_V_data_35_V_dout     |  in |   16|   ap_fifo  |                         data_stream_V_data_35_V                        |    pointer   |
|data_stream_V_data_35_V_empty_n  |  in |    1|   ap_fifo  |                         data_stream_V_data_35_V                        |    pointer   |
|data_stream_V_data_35_V_read     | out |    1|   ap_fifo  |                         data_stream_V_data_35_V                        |    pointer   |
|data_stream_V_data_36_V_dout     |  in |   16|   ap_fifo  |                         data_stream_V_data_36_V                        |    pointer   |
|data_stream_V_data_36_V_empty_n  |  in |    1|   ap_fifo  |                         data_stream_V_data_36_V                        |    pointer   |
|data_stream_V_data_36_V_read     | out |    1|   ap_fifo  |                         data_stream_V_data_36_V                        |    pointer   |
|data_stream_V_data_37_V_dout     |  in |   16|   ap_fifo  |                         data_stream_V_data_37_V                        |    pointer   |
|data_stream_V_data_37_V_empty_n  |  in |    1|   ap_fifo  |                         data_stream_V_data_37_V                        |    pointer   |
|data_stream_V_data_37_V_read     | out |    1|   ap_fifo  |                         data_stream_V_data_37_V                        |    pointer   |
|data_stream_V_data_38_V_dout     |  in |   16|   ap_fifo  |                         data_stream_V_data_38_V                        |    pointer   |
|data_stream_V_data_38_V_empty_n  |  in |    1|   ap_fifo  |                         data_stream_V_data_38_V                        |    pointer   |
|data_stream_V_data_38_V_read     | out |    1|   ap_fifo  |                         data_stream_V_data_38_V                        |    pointer   |
|data_stream_V_data_39_V_dout     |  in |   16|   ap_fifo  |                         data_stream_V_data_39_V                        |    pointer   |
|data_stream_V_data_39_V_empty_n  |  in |    1|   ap_fifo  |                         data_stream_V_data_39_V                        |    pointer   |
|data_stream_V_data_39_V_read     | out |    1|   ap_fifo  |                         data_stream_V_data_39_V                        |    pointer   |
|data_stream_V_data_40_V_dout     |  in |   16|   ap_fifo  |                         data_stream_V_data_40_V                        |    pointer   |
|data_stream_V_data_40_V_empty_n  |  in |    1|   ap_fifo  |                         data_stream_V_data_40_V                        |    pointer   |
|data_stream_V_data_40_V_read     | out |    1|   ap_fifo  |                         data_stream_V_data_40_V                        |    pointer   |
|data_stream_V_data_41_V_dout     |  in |   16|   ap_fifo  |                         data_stream_V_data_41_V                        |    pointer   |
|data_stream_V_data_41_V_empty_n  |  in |    1|   ap_fifo  |                         data_stream_V_data_41_V                        |    pointer   |
|data_stream_V_data_41_V_read     | out |    1|   ap_fifo  |                         data_stream_V_data_41_V                        |    pointer   |
|data_stream_V_data_42_V_dout     |  in |   16|   ap_fifo  |                         data_stream_V_data_42_V                        |    pointer   |
|data_stream_V_data_42_V_empty_n  |  in |    1|   ap_fifo  |                         data_stream_V_data_42_V                        |    pointer   |
|data_stream_V_data_42_V_read     | out |    1|   ap_fifo  |                         data_stream_V_data_42_V                        |    pointer   |
|data_stream_V_data_43_V_dout     |  in |   16|   ap_fifo  |                         data_stream_V_data_43_V                        |    pointer   |
|data_stream_V_data_43_V_empty_n  |  in |    1|   ap_fifo  |                         data_stream_V_data_43_V                        |    pointer   |
|data_stream_V_data_43_V_read     | out |    1|   ap_fifo  |                         data_stream_V_data_43_V                        |    pointer   |
|data_stream_V_data_44_V_dout     |  in |   16|   ap_fifo  |                         data_stream_V_data_44_V                        |    pointer   |
|data_stream_V_data_44_V_empty_n  |  in |    1|   ap_fifo  |                         data_stream_V_data_44_V                        |    pointer   |
|data_stream_V_data_44_V_read     | out |    1|   ap_fifo  |                         data_stream_V_data_44_V                        |    pointer   |
|data_stream_V_data_45_V_dout     |  in |   16|   ap_fifo  |                         data_stream_V_data_45_V                        |    pointer   |
|data_stream_V_data_45_V_empty_n  |  in |    1|   ap_fifo  |                         data_stream_V_data_45_V                        |    pointer   |
|data_stream_V_data_45_V_read     | out |    1|   ap_fifo  |                         data_stream_V_data_45_V                        |    pointer   |
|data_stream_V_data_46_V_dout     |  in |   16|   ap_fifo  |                         data_stream_V_data_46_V                        |    pointer   |
|data_stream_V_data_46_V_empty_n  |  in |    1|   ap_fifo  |                         data_stream_V_data_46_V                        |    pointer   |
|data_stream_V_data_46_V_read     | out |    1|   ap_fifo  |                         data_stream_V_data_46_V                        |    pointer   |
|data_stream_V_data_47_V_dout     |  in |   16|   ap_fifo  |                         data_stream_V_data_47_V                        |    pointer   |
|data_stream_V_data_47_V_empty_n  |  in |    1|   ap_fifo  |                         data_stream_V_data_47_V                        |    pointer   |
|data_stream_V_data_47_V_read     | out |    1|   ap_fifo  |                         data_stream_V_data_47_V                        |    pointer   |
|data_stream_V_data_48_V_dout     |  in |   16|   ap_fifo  |                         data_stream_V_data_48_V                        |    pointer   |
|data_stream_V_data_48_V_empty_n  |  in |    1|   ap_fifo  |                         data_stream_V_data_48_V                        |    pointer   |
|data_stream_V_data_48_V_read     | out |    1|   ap_fifo  |                         data_stream_V_data_48_V                        |    pointer   |
|data_stream_V_data_49_V_dout     |  in |   16|   ap_fifo  |                         data_stream_V_data_49_V                        |    pointer   |
|data_stream_V_data_49_V_empty_n  |  in |    1|   ap_fifo  |                         data_stream_V_data_49_V                        |    pointer   |
|data_stream_V_data_49_V_read     | out |    1|   ap_fifo  |                         data_stream_V_data_49_V                        |    pointer   |
|data_stream_V_data_50_V_dout     |  in |   16|   ap_fifo  |                         data_stream_V_data_50_V                        |    pointer   |
|data_stream_V_data_50_V_empty_n  |  in |    1|   ap_fifo  |                         data_stream_V_data_50_V                        |    pointer   |
|data_stream_V_data_50_V_read     | out |    1|   ap_fifo  |                         data_stream_V_data_50_V                        |    pointer   |
|data_stream_V_data_51_V_dout     |  in |   16|   ap_fifo  |                         data_stream_V_data_51_V                        |    pointer   |
|data_stream_V_data_51_V_empty_n  |  in |    1|   ap_fifo  |                         data_stream_V_data_51_V                        |    pointer   |
|data_stream_V_data_51_V_read     | out |    1|   ap_fifo  |                         data_stream_V_data_51_V                        |    pointer   |
|data_stream_V_data_52_V_dout     |  in |   16|   ap_fifo  |                         data_stream_V_data_52_V                        |    pointer   |
|data_stream_V_data_52_V_empty_n  |  in |    1|   ap_fifo  |                         data_stream_V_data_52_V                        |    pointer   |
|data_stream_V_data_52_V_read     | out |    1|   ap_fifo  |                         data_stream_V_data_52_V                        |    pointer   |
|data_stream_V_data_53_V_dout     |  in |   16|   ap_fifo  |                         data_stream_V_data_53_V                        |    pointer   |
|data_stream_V_data_53_V_empty_n  |  in |    1|   ap_fifo  |                         data_stream_V_data_53_V                        |    pointer   |
|data_stream_V_data_53_V_read     | out |    1|   ap_fifo  |                         data_stream_V_data_53_V                        |    pointer   |
|data_stream_V_data_54_V_dout     |  in |   16|   ap_fifo  |                         data_stream_V_data_54_V                        |    pointer   |
|data_stream_V_data_54_V_empty_n  |  in |    1|   ap_fifo  |                         data_stream_V_data_54_V                        |    pointer   |
|data_stream_V_data_54_V_read     | out |    1|   ap_fifo  |                         data_stream_V_data_54_V                        |    pointer   |
|data_stream_V_data_55_V_dout     |  in |   16|   ap_fifo  |                         data_stream_V_data_55_V                        |    pointer   |
|data_stream_V_data_55_V_empty_n  |  in |    1|   ap_fifo  |                         data_stream_V_data_55_V                        |    pointer   |
|data_stream_V_data_55_V_read     | out |    1|   ap_fifo  |                         data_stream_V_data_55_V                        |    pointer   |
|data_stream_V_data_56_V_dout     |  in |   16|   ap_fifo  |                         data_stream_V_data_56_V                        |    pointer   |
|data_stream_V_data_56_V_empty_n  |  in |    1|   ap_fifo  |                         data_stream_V_data_56_V                        |    pointer   |
|data_stream_V_data_56_V_read     | out |    1|   ap_fifo  |                         data_stream_V_data_56_V                        |    pointer   |
|data_stream_V_data_57_V_dout     |  in |   16|   ap_fifo  |                         data_stream_V_data_57_V                        |    pointer   |
|data_stream_V_data_57_V_empty_n  |  in |    1|   ap_fifo  |                         data_stream_V_data_57_V                        |    pointer   |
|data_stream_V_data_57_V_read     | out |    1|   ap_fifo  |                         data_stream_V_data_57_V                        |    pointer   |
|data_stream_V_data_58_V_dout     |  in |   16|   ap_fifo  |                         data_stream_V_data_58_V                        |    pointer   |
|data_stream_V_data_58_V_empty_n  |  in |    1|   ap_fifo  |                         data_stream_V_data_58_V                        |    pointer   |
|data_stream_V_data_58_V_read     | out |    1|   ap_fifo  |                         data_stream_V_data_58_V                        |    pointer   |
|data_stream_V_data_59_V_dout     |  in |   16|   ap_fifo  |                         data_stream_V_data_59_V                        |    pointer   |
|data_stream_V_data_59_V_empty_n  |  in |    1|   ap_fifo  |                         data_stream_V_data_59_V                        |    pointer   |
|data_stream_V_data_59_V_read     | out |    1|   ap_fifo  |                         data_stream_V_data_59_V                        |    pointer   |
|data_stream_V_data_60_V_dout     |  in |   16|   ap_fifo  |                         data_stream_V_data_60_V                        |    pointer   |
|data_stream_V_data_60_V_empty_n  |  in |    1|   ap_fifo  |                         data_stream_V_data_60_V                        |    pointer   |
|data_stream_V_data_60_V_read     | out |    1|   ap_fifo  |                         data_stream_V_data_60_V                        |    pointer   |
|data_stream_V_data_61_V_dout     |  in |   16|   ap_fifo  |                         data_stream_V_data_61_V                        |    pointer   |
|data_stream_V_data_61_V_empty_n  |  in |    1|   ap_fifo  |                         data_stream_V_data_61_V                        |    pointer   |
|data_stream_V_data_61_V_read     | out |    1|   ap_fifo  |                         data_stream_V_data_61_V                        |    pointer   |
|data_stream_V_data_62_V_dout     |  in |   16|   ap_fifo  |                         data_stream_V_data_62_V                        |    pointer   |
|data_stream_V_data_62_V_empty_n  |  in |    1|   ap_fifo  |                         data_stream_V_data_62_V                        |    pointer   |
|data_stream_V_data_62_V_read     | out |    1|   ap_fifo  |                         data_stream_V_data_62_V                        |    pointer   |
|data_stream_V_data_63_V_dout     |  in |   16|   ap_fifo  |                         data_stream_V_data_63_V                        |    pointer   |
|data_stream_V_data_63_V_empty_n  |  in |    1|   ap_fifo  |                         data_stream_V_data_63_V                        |    pointer   |
|data_stream_V_data_63_V_read     | out |    1|   ap_fifo  |                         data_stream_V_data_63_V                        |    pointer   |
|res_stream_V_data_0_V_din        | out |   16|   ap_fifo  |                          res_stream_V_data_0_V                         |    pointer   |
|res_stream_V_data_0_V_full_n     |  in |    1|   ap_fifo  |                          res_stream_V_data_0_V                         |    pointer   |
|res_stream_V_data_0_V_write      | out |    1|   ap_fifo  |                          res_stream_V_data_0_V                         |    pointer   |
|res_stream_V_data_1_V_din        | out |   16|   ap_fifo  |                          res_stream_V_data_1_V                         |    pointer   |
|res_stream_V_data_1_V_full_n     |  in |    1|   ap_fifo  |                          res_stream_V_data_1_V                         |    pointer   |
|res_stream_V_data_1_V_write      | out |    1|   ap_fifo  |                          res_stream_V_data_1_V                         |    pointer   |
|res_stream_V_data_2_V_din        | out |   16|   ap_fifo  |                          res_stream_V_data_2_V                         |    pointer   |
|res_stream_V_data_2_V_full_n     |  in |    1|   ap_fifo  |                          res_stream_V_data_2_V                         |    pointer   |
|res_stream_V_data_2_V_write      | out |    1|   ap_fifo  |                          res_stream_V_data_2_V                         |    pointer   |
|res_stream_V_data_3_V_din        | out |   16|   ap_fifo  |                          res_stream_V_data_3_V                         |    pointer   |
|res_stream_V_data_3_V_full_n     |  in |    1|   ap_fifo  |                          res_stream_V_data_3_V                         |    pointer   |
|res_stream_V_data_3_V_write      | out |    1|   ap_fifo  |                          res_stream_V_data_3_V                         |    pointer   |
|res_stream_V_data_4_V_din        | out |   16|   ap_fifo  |                          res_stream_V_data_4_V                         |    pointer   |
|res_stream_V_data_4_V_full_n     |  in |    1|   ap_fifo  |                          res_stream_V_data_4_V                         |    pointer   |
|res_stream_V_data_4_V_write      | out |    1|   ap_fifo  |                          res_stream_V_data_4_V                         |    pointer   |
|res_stream_V_data_5_V_din        | out |   16|   ap_fifo  |                          res_stream_V_data_5_V                         |    pointer   |
|res_stream_V_data_5_V_full_n     |  in |    1|   ap_fifo  |                          res_stream_V_data_5_V                         |    pointer   |
|res_stream_V_data_5_V_write      | out |    1|   ap_fifo  |                          res_stream_V_data_5_V                         |    pointer   |
|res_stream_V_data_6_V_din        | out |   16|   ap_fifo  |                          res_stream_V_data_6_V                         |    pointer   |
|res_stream_V_data_6_V_full_n     |  in |    1|   ap_fifo  |                          res_stream_V_data_6_V                         |    pointer   |
|res_stream_V_data_6_V_write      | out |    1|   ap_fifo  |                          res_stream_V_data_6_V                         |    pointer   |
|res_stream_V_data_7_V_din        | out |   16|   ap_fifo  |                          res_stream_V_data_7_V                         |    pointer   |
|res_stream_V_data_7_V_full_n     |  in |    1|   ap_fifo  |                          res_stream_V_data_7_V                         |    pointer   |
|res_stream_V_data_7_V_write      | out |    1|   ap_fifo  |                          res_stream_V_data_7_V                         |    pointer   |
|res_stream_V_data_8_V_din        | out |   16|   ap_fifo  |                          res_stream_V_data_8_V                         |    pointer   |
|res_stream_V_data_8_V_full_n     |  in |    1|   ap_fifo  |                          res_stream_V_data_8_V                         |    pointer   |
|res_stream_V_data_8_V_write      | out |    1|   ap_fifo  |                          res_stream_V_data_8_V                         |    pointer   |
|res_stream_V_data_9_V_din        | out |   16|   ap_fifo  |                          res_stream_V_data_9_V                         |    pointer   |
|res_stream_V_data_9_V_full_n     |  in |    1|   ap_fifo  |                          res_stream_V_data_9_V                         |    pointer   |
|res_stream_V_data_9_V_write      | out |    1|   ap_fifo  |                          res_stream_V_data_9_V                         |    pointer   |
|res_stream_V_data_10_V_din       | out |   16|   ap_fifo  |                         res_stream_V_data_10_V                         |    pointer   |
|res_stream_V_data_10_V_full_n    |  in |    1|   ap_fifo  |                         res_stream_V_data_10_V                         |    pointer   |
|res_stream_V_data_10_V_write     | out |    1|   ap_fifo  |                         res_stream_V_data_10_V                         |    pointer   |
|res_stream_V_data_11_V_din       | out |   16|   ap_fifo  |                         res_stream_V_data_11_V                         |    pointer   |
|res_stream_V_data_11_V_full_n    |  in |    1|   ap_fifo  |                         res_stream_V_data_11_V                         |    pointer   |
|res_stream_V_data_11_V_write     | out |    1|   ap_fifo  |                         res_stream_V_data_11_V                         |    pointer   |
|res_stream_V_data_12_V_din       | out |   16|   ap_fifo  |                         res_stream_V_data_12_V                         |    pointer   |
|res_stream_V_data_12_V_full_n    |  in |    1|   ap_fifo  |                         res_stream_V_data_12_V                         |    pointer   |
|res_stream_V_data_12_V_write     | out |    1|   ap_fifo  |                         res_stream_V_data_12_V                         |    pointer   |
|res_stream_V_data_13_V_din       | out |   16|   ap_fifo  |                         res_stream_V_data_13_V                         |    pointer   |
|res_stream_V_data_13_V_full_n    |  in |    1|   ap_fifo  |                         res_stream_V_data_13_V                         |    pointer   |
|res_stream_V_data_13_V_write     | out |    1|   ap_fifo  |                         res_stream_V_data_13_V                         |    pointer   |
|res_stream_V_data_14_V_din       | out |   16|   ap_fifo  |                         res_stream_V_data_14_V                         |    pointer   |
|res_stream_V_data_14_V_full_n    |  in |    1|   ap_fifo  |                         res_stream_V_data_14_V                         |    pointer   |
|res_stream_V_data_14_V_write     | out |    1|   ap_fifo  |                         res_stream_V_data_14_V                         |    pointer   |
|res_stream_V_data_15_V_din       | out |   16|   ap_fifo  |                         res_stream_V_data_15_V                         |    pointer   |
|res_stream_V_data_15_V_full_n    |  in |    1|   ap_fifo  |                         res_stream_V_data_15_V                         |    pointer   |
|res_stream_V_data_15_V_write     | out |    1|   ap_fifo  |                         res_stream_V_data_15_V                         |    pointer   |
|res_stream_V_data_16_V_din       | out |   16|   ap_fifo  |                         res_stream_V_data_16_V                         |    pointer   |
|res_stream_V_data_16_V_full_n    |  in |    1|   ap_fifo  |                         res_stream_V_data_16_V                         |    pointer   |
|res_stream_V_data_16_V_write     | out |    1|   ap_fifo  |                         res_stream_V_data_16_V                         |    pointer   |
|res_stream_V_data_17_V_din       | out |   16|   ap_fifo  |                         res_stream_V_data_17_V                         |    pointer   |
|res_stream_V_data_17_V_full_n    |  in |    1|   ap_fifo  |                         res_stream_V_data_17_V                         |    pointer   |
|res_stream_V_data_17_V_write     | out |    1|   ap_fifo  |                         res_stream_V_data_17_V                         |    pointer   |
|res_stream_V_data_18_V_din       | out |   16|   ap_fifo  |                         res_stream_V_data_18_V                         |    pointer   |
|res_stream_V_data_18_V_full_n    |  in |    1|   ap_fifo  |                         res_stream_V_data_18_V                         |    pointer   |
|res_stream_V_data_18_V_write     | out |    1|   ap_fifo  |                         res_stream_V_data_18_V                         |    pointer   |
|res_stream_V_data_19_V_din       | out |   16|   ap_fifo  |                         res_stream_V_data_19_V                         |    pointer   |
|res_stream_V_data_19_V_full_n    |  in |    1|   ap_fifo  |                         res_stream_V_data_19_V                         |    pointer   |
|res_stream_V_data_19_V_write     | out |    1|   ap_fifo  |                         res_stream_V_data_19_V                         |    pointer   |
|res_stream_V_data_20_V_din       | out |   16|   ap_fifo  |                         res_stream_V_data_20_V                         |    pointer   |
|res_stream_V_data_20_V_full_n    |  in |    1|   ap_fifo  |                         res_stream_V_data_20_V                         |    pointer   |
|res_stream_V_data_20_V_write     | out |    1|   ap_fifo  |                         res_stream_V_data_20_V                         |    pointer   |
|res_stream_V_data_21_V_din       | out |   16|   ap_fifo  |                         res_stream_V_data_21_V                         |    pointer   |
|res_stream_V_data_21_V_full_n    |  in |    1|   ap_fifo  |                         res_stream_V_data_21_V                         |    pointer   |
|res_stream_V_data_21_V_write     | out |    1|   ap_fifo  |                         res_stream_V_data_21_V                         |    pointer   |
|res_stream_V_data_22_V_din       | out |   16|   ap_fifo  |                         res_stream_V_data_22_V                         |    pointer   |
|res_stream_V_data_22_V_full_n    |  in |    1|   ap_fifo  |                         res_stream_V_data_22_V                         |    pointer   |
|res_stream_V_data_22_V_write     | out |    1|   ap_fifo  |                         res_stream_V_data_22_V                         |    pointer   |
|res_stream_V_data_23_V_din       | out |   16|   ap_fifo  |                         res_stream_V_data_23_V                         |    pointer   |
|res_stream_V_data_23_V_full_n    |  in |    1|   ap_fifo  |                         res_stream_V_data_23_V                         |    pointer   |
|res_stream_V_data_23_V_write     | out |    1|   ap_fifo  |                         res_stream_V_data_23_V                         |    pointer   |
|res_stream_V_data_24_V_din       | out |   16|   ap_fifo  |                         res_stream_V_data_24_V                         |    pointer   |
|res_stream_V_data_24_V_full_n    |  in |    1|   ap_fifo  |                         res_stream_V_data_24_V                         |    pointer   |
|res_stream_V_data_24_V_write     | out |    1|   ap_fifo  |                         res_stream_V_data_24_V                         |    pointer   |
|res_stream_V_data_25_V_din       | out |   16|   ap_fifo  |                         res_stream_V_data_25_V                         |    pointer   |
|res_stream_V_data_25_V_full_n    |  in |    1|   ap_fifo  |                         res_stream_V_data_25_V                         |    pointer   |
|res_stream_V_data_25_V_write     | out |    1|   ap_fifo  |                         res_stream_V_data_25_V                         |    pointer   |
|res_stream_V_data_26_V_din       | out |   16|   ap_fifo  |                         res_stream_V_data_26_V                         |    pointer   |
|res_stream_V_data_26_V_full_n    |  in |    1|   ap_fifo  |                         res_stream_V_data_26_V                         |    pointer   |
|res_stream_V_data_26_V_write     | out |    1|   ap_fifo  |                         res_stream_V_data_26_V                         |    pointer   |
|res_stream_V_data_27_V_din       | out |   16|   ap_fifo  |                         res_stream_V_data_27_V                         |    pointer   |
|res_stream_V_data_27_V_full_n    |  in |    1|   ap_fifo  |                         res_stream_V_data_27_V                         |    pointer   |
|res_stream_V_data_27_V_write     | out |    1|   ap_fifo  |                         res_stream_V_data_27_V                         |    pointer   |
|res_stream_V_data_28_V_din       | out |   16|   ap_fifo  |                         res_stream_V_data_28_V                         |    pointer   |
|res_stream_V_data_28_V_full_n    |  in |    1|   ap_fifo  |                         res_stream_V_data_28_V                         |    pointer   |
|res_stream_V_data_28_V_write     | out |    1|   ap_fifo  |                         res_stream_V_data_28_V                         |    pointer   |
|res_stream_V_data_29_V_din       | out |   16|   ap_fifo  |                         res_stream_V_data_29_V                         |    pointer   |
|res_stream_V_data_29_V_full_n    |  in |    1|   ap_fifo  |                         res_stream_V_data_29_V                         |    pointer   |
|res_stream_V_data_29_V_write     | out |    1|   ap_fifo  |                         res_stream_V_data_29_V                         |    pointer   |
|res_stream_V_data_30_V_din       | out |   16|   ap_fifo  |                         res_stream_V_data_30_V                         |    pointer   |
|res_stream_V_data_30_V_full_n    |  in |    1|   ap_fifo  |                         res_stream_V_data_30_V                         |    pointer   |
|res_stream_V_data_30_V_write     | out |    1|   ap_fifo  |                         res_stream_V_data_30_V                         |    pointer   |
|res_stream_V_data_31_V_din       | out |   16|   ap_fifo  |                         res_stream_V_data_31_V                         |    pointer   |
|res_stream_V_data_31_V_full_n    |  in |    1|   ap_fifo  |                         res_stream_V_data_31_V                         |    pointer   |
|res_stream_V_data_31_V_write     | out |    1|   ap_fifo  |                         res_stream_V_data_31_V                         |    pointer   |
|res_stream_V_data_32_V_din       | out |   16|   ap_fifo  |                         res_stream_V_data_32_V                         |    pointer   |
|res_stream_V_data_32_V_full_n    |  in |    1|   ap_fifo  |                         res_stream_V_data_32_V                         |    pointer   |
|res_stream_V_data_32_V_write     | out |    1|   ap_fifo  |                         res_stream_V_data_32_V                         |    pointer   |
|res_stream_V_data_33_V_din       | out |   16|   ap_fifo  |                         res_stream_V_data_33_V                         |    pointer   |
|res_stream_V_data_33_V_full_n    |  in |    1|   ap_fifo  |                         res_stream_V_data_33_V                         |    pointer   |
|res_stream_V_data_33_V_write     | out |    1|   ap_fifo  |                         res_stream_V_data_33_V                         |    pointer   |
|res_stream_V_data_34_V_din       | out |   16|   ap_fifo  |                         res_stream_V_data_34_V                         |    pointer   |
|res_stream_V_data_34_V_full_n    |  in |    1|   ap_fifo  |                         res_stream_V_data_34_V                         |    pointer   |
|res_stream_V_data_34_V_write     | out |    1|   ap_fifo  |                         res_stream_V_data_34_V                         |    pointer   |
|res_stream_V_data_35_V_din       | out |   16|   ap_fifo  |                         res_stream_V_data_35_V                         |    pointer   |
|res_stream_V_data_35_V_full_n    |  in |    1|   ap_fifo  |                         res_stream_V_data_35_V                         |    pointer   |
|res_stream_V_data_35_V_write     | out |    1|   ap_fifo  |                         res_stream_V_data_35_V                         |    pointer   |
|res_stream_V_data_36_V_din       | out |   16|   ap_fifo  |                         res_stream_V_data_36_V                         |    pointer   |
|res_stream_V_data_36_V_full_n    |  in |    1|   ap_fifo  |                         res_stream_V_data_36_V                         |    pointer   |
|res_stream_V_data_36_V_write     | out |    1|   ap_fifo  |                         res_stream_V_data_36_V                         |    pointer   |
|res_stream_V_data_37_V_din       | out |   16|   ap_fifo  |                         res_stream_V_data_37_V                         |    pointer   |
|res_stream_V_data_37_V_full_n    |  in |    1|   ap_fifo  |                         res_stream_V_data_37_V                         |    pointer   |
|res_stream_V_data_37_V_write     | out |    1|   ap_fifo  |                         res_stream_V_data_37_V                         |    pointer   |
|res_stream_V_data_38_V_din       | out |   16|   ap_fifo  |                         res_stream_V_data_38_V                         |    pointer   |
|res_stream_V_data_38_V_full_n    |  in |    1|   ap_fifo  |                         res_stream_V_data_38_V                         |    pointer   |
|res_stream_V_data_38_V_write     | out |    1|   ap_fifo  |                         res_stream_V_data_38_V                         |    pointer   |
|res_stream_V_data_39_V_din       | out |   16|   ap_fifo  |                         res_stream_V_data_39_V                         |    pointer   |
|res_stream_V_data_39_V_full_n    |  in |    1|   ap_fifo  |                         res_stream_V_data_39_V                         |    pointer   |
|res_stream_V_data_39_V_write     | out |    1|   ap_fifo  |                         res_stream_V_data_39_V                         |    pointer   |
|res_stream_V_data_40_V_din       | out |   16|   ap_fifo  |                         res_stream_V_data_40_V                         |    pointer   |
|res_stream_V_data_40_V_full_n    |  in |    1|   ap_fifo  |                         res_stream_V_data_40_V                         |    pointer   |
|res_stream_V_data_40_V_write     | out |    1|   ap_fifo  |                         res_stream_V_data_40_V                         |    pointer   |
|res_stream_V_data_41_V_din       | out |   16|   ap_fifo  |                         res_stream_V_data_41_V                         |    pointer   |
|res_stream_V_data_41_V_full_n    |  in |    1|   ap_fifo  |                         res_stream_V_data_41_V                         |    pointer   |
|res_stream_V_data_41_V_write     | out |    1|   ap_fifo  |                         res_stream_V_data_41_V                         |    pointer   |
|res_stream_V_data_42_V_din       | out |   16|   ap_fifo  |                         res_stream_V_data_42_V                         |    pointer   |
|res_stream_V_data_42_V_full_n    |  in |    1|   ap_fifo  |                         res_stream_V_data_42_V                         |    pointer   |
|res_stream_V_data_42_V_write     | out |    1|   ap_fifo  |                         res_stream_V_data_42_V                         |    pointer   |
|res_stream_V_data_43_V_din       | out |   16|   ap_fifo  |                         res_stream_V_data_43_V                         |    pointer   |
|res_stream_V_data_43_V_full_n    |  in |    1|   ap_fifo  |                         res_stream_V_data_43_V                         |    pointer   |
|res_stream_V_data_43_V_write     | out |    1|   ap_fifo  |                         res_stream_V_data_43_V                         |    pointer   |
|res_stream_V_data_44_V_din       | out |   16|   ap_fifo  |                         res_stream_V_data_44_V                         |    pointer   |
|res_stream_V_data_44_V_full_n    |  in |    1|   ap_fifo  |                         res_stream_V_data_44_V                         |    pointer   |
|res_stream_V_data_44_V_write     | out |    1|   ap_fifo  |                         res_stream_V_data_44_V                         |    pointer   |
|res_stream_V_data_45_V_din       | out |   16|   ap_fifo  |                         res_stream_V_data_45_V                         |    pointer   |
|res_stream_V_data_45_V_full_n    |  in |    1|   ap_fifo  |                         res_stream_V_data_45_V                         |    pointer   |
|res_stream_V_data_45_V_write     | out |    1|   ap_fifo  |                         res_stream_V_data_45_V                         |    pointer   |
|res_stream_V_data_46_V_din       | out |   16|   ap_fifo  |                         res_stream_V_data_46_V                         |    pointer   |
|res_stream_V_data_46_V_full_n    |  in |    1|   ap_fifo  |                         res_stream_V_data_46_V                         |    pointer   |
|res_stream_V_data_46_V_write     | out |    1|   ap_fifo  |                         res_stream_V_data_46_V                         |    pointer   |
|res_stream_V_data_47_V_din       | out |   16|   ap_fifo  |                         res_stream_V_data_47_V                         |    pointer   |
|res_stream_V_data_47_V_full_n    |  in |    1|   ap_fifo  |                         res_stream_V_data_47_V                         |    pointer   |
|res_stream_V_data_47_V_write     | out |    1|   ap_fifo  |                         res_stream_V_data_47_V                         |    pointer   |
|res_stream_V_data_48_V_din       | out |   16|   ap_fifo  |                         res_stream_V_data_48_V                         |    pointer   |
|res_stream_V_data_48_V_full_n    |  in |    1|   ap_fifo  |                         res_stream_V_data_48_V                         |    pointer   |
|res_stream_V_data_48_V_write     | out |    1|   ap_fifo  |                         res_stream_V_data_48_V                         |    pointer   |
|res_stream_V_data_49_V_din       | out |   16|   ap_fifo  |                         res_stream_V_data_49_V                         |    pointer   |
|res_stream_V_data_49_V_full_n    |  in |    1|   ap_fifo  |                         res_stream_V_data_49_V                         |    pointer   |
|res_stream_V_data_49_V_write     | out |    1|   ap_fifo  |                         res_stream_V_data_49_V                         |    pointer   |
|res_stream_V_data_50_V_din       | out |   16|   ap_fifo  |                         res_stream_V_data_50_V                         |    pointer   |
|res_stream_V_data_50_V_full_n    |  in |    1|   ap_fifo  |                         res_stream_V_data_50_V                         |    pointer   |
|res_stream_V_data_50_V_write     | out |    1|   ap_fifo  |                         res_stream_V_data_50_V                         |    pointer   |
|res_stream_V_data_51_V_din       | out |   16|   ap_fifo  |                         res_stream_V_data_51_V                         |    pointer   |
|res_stream_V_data_51_V_full_n    |  in |    1|   ap_fifo  |                         res_stream_V_data_51_V                         |    pointer   |
|res_stream_V_data_51_V_write     | out |    1|   ap_fifo  |                         res_stream_V_data_51_V                         |    pointer   |
|res_stream_V_data_52_V_din       | out |   16|   ap_fifo  |                         res_stream_V_data_52_V                         |    pointer   |
|res_stream_V_data_52_V_full_n    |  in |    1|   ap_fifo  |                         res_stream_V_data_52_V                         |    pointer   |
|res_stream_V_data_52_V_write     | out |    1|   ap_fifo  |                         res_stream_V_data_52_V                         |    pointer   |
|res_stream_V_data_53_V_din       | out |   16|   ap_fifo  |                         res_stream_V_data_53_V                         |    pointer   |
|res_stream_V_data_53_V_full_n    |  in |    1|   ap_fifo  |                         res_stream_V_data_53_V                         |    pointer   |
|res_stream_V_data_53_V_write     | out |    1|   ap_fifo  |                         res_stream_V_data_53_V                         |    pointer   |
|res_stream_V_data_54_V_din       | out |   16|   ap_fifo  |                         res_stream_V_data_54_V                         |    pointer   |
|res_stream_V_data_54_V_full_n    |  in |    1|   ap_fifo  |                         res_stream_V_data_54_V                         |    pointer   |
|res_stream_V_data_54_V_write     | out |    1|   ap_fifo  |                         res_stream_V_data_54_V                         |    pointer   |
|res_stream_V_data_55_V_din       | out |   16|   ap_fifo  |                         res_stream_V_data_55_V                         |    pointer   |
|res_stream_V_data_55_V_full_n    |  in |    1|   ap_fifo  |                         res_stream_V_data_55_V                         |    pointer   |
|res_stream_V_data_55_V_write     | out |    1|   ap_fifo  |                         res_stream_V_data_55_V                         |    pointer   |
|res_stream_V_data_56_V_din       | out |   16|   ap_fifo  |                         res_stream_V_data_56_V                         |    pointer   |
|res_stream_V_data_56_V_full_n    |  in |    1|   ap_fifo  |                         res_stream_V_data_56_V                         |    pointer   |
|res_stream_V_data_56_V_write     | out |    1|   ap_fifo  |                         res_stream_V_data_56_V                         |    pointer   |
|res_stream_V_data_57_V_din       | out |   16|   ap_fifo  |                         res_stream_V_data_57_V                         |    pointer   |
|res_stream_V_data_57_V_full_n    |  in |    1|   ap_fifo  |                         res_stream_V_data_57_V                         |    pointer   |
|res_stream_V_data_57_V_write     | out |    1|   ap_fifo  |                         res_stream_V_data_57_V                         |    pointer   |
|res_stream_V_data_58_V_din       | out |   16|   ap_fifo  |                         res_stream_V_data_58_V                         |    pointer   |
|res_stream_V_data_58_V_full_n    |  in |    1|   ap_fifo  |                         res_stream_V_data_58_V                         |    pointer   |
|res_stream_V_data_58_V_write     | out |    1|   ap_fifo  |                         res_stream_V_data_58_V                         |    pointer   |
|res_stream_V_data_59_V_din       | out |   16|   ap_fifo  |                         res_stream_V_data_59_V                         |    pointer   |
|res_stream_V_data_59_V_full_n    |  in |    1|   ap_fifo  |                         res_stream_V_data_59_V                         |    pointer   |
|res_stream_V_data_59_V_write     | out |    1|   ap_fifo  |                         res_stream_V_data_59_V                         |    pointer   |
|res_stream_V_data_60_V_din       | out |   16|   ap_fifo  |                         res_stream_V_data_60_V                         |    pointer   |
|res_stream_V_data_60_V_full_n    |  in |    1|   ap_fifo  |                         res_stream_V_data_60_V                         |    pointer   |
|res_stream_V_data_60_V_write     | out |    1|   ap_fifo  |                         res_stream_V_data_60_V                         |    pointer   |
|res_stream_V_data_61_V_din       | out |   16|   ap_fifo  |                         res_stream_V_data_61_V                         |    pointer   |
|res_stream_V_data_61_V_full_n    |  in |    1|   ap_fifo  |                         res_stream_V_data_61_V                         |    pointer   |
|res_stream_V_data_61_V_write     | out |    1|   ap_fifo  |                         res_stream_V_data_61_V                         |    pointer   |
|res_stream_V_data_62_V_din       | out |   16|   ap_fifo  |                         res_stream_V_data_62_V                         |    pointer   |
|res_stream_V_data_62_V_full_n    |  in |    1|   ap_fifo  |                         res_stream_V_data_62_V                         |    pointer   |
|res_stream_V_data_62_V_write     | out |    1|   ap_fifo  |                         res_stream_V_data_62_V                         |    pointer   |
|res_stream_V_data_63_V_din       | out |   16|   ap_fifo  |                         res_stream_V_data_63_V                         |    pointer   |
|res_stream_V_data_63_V_full_n    |  in |    1|   ap_fifo  |                         res_stream_V_data_63_V                         |    pointer   |
|res_stream_V_data_63_V_write     | out |    1|   ap_fifo  |                         res_stream_V_data_63_V                         |    pointer   |
+---------------------------------+-----+-----+------------+------------------------------------------------------------------------+--------------+

