

================================================================
== Vivado HLS Report for 'Loop_3_proc193'
================================================================
* Date:           Mon Apr 17 16:36:36 2023

* Version:        2019.2 (Build 2704478 on Wed Nov 06 22:10:23 MST 2019)
* Project:        alveo_hls4ml
* Solution:       solution
* Product family: virtexuplus
* Target device:  xcu50-fsvh2104-2L-e


================================================================
== Performance Estimates
================================================================
+ Timing: 
    * Summary: 
    +--------+---------+----------+------------+
    |  Clock |  Target | Estimated| Uncertainty|
    +--------+---------+----------+------------+
    |ap_clk  | 5.00 ns | 4.100 ns |   0.90 ns  |
    +--------+---------+----------+------------+

+ Latency: 
    * Summary: 
    +---------+---------+----------+----------+-----+-----+---------+
    |  Latency (cycles) |  Latency (absolute) |  Interval | Pipeline|
    |   min   |   max   |    min   |    max   | min | max |   Type  |
    +---------+---------+----------+----------+-----+-----+---------+
    |      136|      136| 0.680 us | 0.680 us |  136|  136|   none  |
    +---------+---------+----------+----------+-----+-----+---------+

    + Detail: 
        * Instance: 
        N/A

        * Loop: 
        +----------+---------+---------+----------+-----------+-----------+------+----------+
        |          |  Latency (cycles) | Iteration|  Initiation Interval  | Trip |          |
        | Loop Name|   min   |   max   |  Latency |  achieved |   target  | Count| Pipelined|
        +----------+---------+---------+----------+-----------+-----------+------+----------+
        |- Loop 1  |      129|      129|         3|          1|          1|   128|    yes   |
        +----------+---------+---------+----------+-----------+-----------+------+----------+



================================================================
== Utilization Estimates
================================================================
* Summary: 
+---------------------+---------+-------+---------+--------+-----+
|         Name        | BRAM_18K| DSP48E|    FF   |   LUT  | URAM|
+---------------------+---------+-------+---------+--------+-----+
|DSP                  |        -|      -|        -|       -|    -|
|Expression           |        -|      -|        0|     293|    -|
|FIFO                 |        -|      -|        -|       -|    -|
|Instance             |        -|      -|        -|       -|    -|
|Memory               |        -|      -|        -|       -|    -|
|Multiplexer          |        -|      -|        -|    1849|    -|
|Register             |        -|      -|      124|       -|    -|
+---------------------+---------+-------+---------+--------+-----+
|Total                |        0|      0|      124|    2142|    0|
+---------------------+---------+-------+---------+--------+-----+
|Available SLR        |     1344|   2976|   871680|  435840|  320|
+---------------------+---------+-------+---------+--------+-----+
|Utilization SLR (%)  |        0|      0|    ~0   |   ~0   |    0|
+---------------------+---------+-------+---------+--------+-----+
|Available            |     2688|   5952|  1743360|  871680|  640|
+---------------------+---------+-------+---------+--------+-----+
|Utilization (%)      |        0|      0|    ~0   |   ~0   |    0|
+---------------------+---------+-------+---------+--------+-----+

+ Detail: 
    * Instance: 
    N/A

    * DSP48E: 
    N/A

    * Memory: 
    N/A

    * FIFO: 
    N/A

    * Expression: 
    +----------------------------------+----------+-------+---+----+------------+------------+
    |           Variable Name          | Operation| DSP48E| FF| LUT| Bitwidth P0| Bitwidth P1|
    +----------------------------------+----------+-------+---+----+------------+------------+
    |add_ln96_fu_1663_p2               |     +    |      0|  0|   8|           8|           1|
    |ap_block_pp0_stage0_01001         |    and   |      0|  0|   2|           1|           1|
    |ap_block_state5_io                |    and   |      0|  0|   2|           1|           1|
    |ap_condition_2364                 |    and   |      0|  0|   2|           1|           1|
    |ap_predicate_op285_read_state4    |    and   |      0|  0|   2|           1|           1|
    |ap_predicate_op287_read_state4    |    and   |      0|  0|   2|           1|           1|
    |ap_predicate_op289_read_state4    |    and   |      0|  0|   2|           1|           1|
    |ap_predicate_op291_read_state4    |    and   |      0|  0|   2|           1|           1|
    |ap_predicate_op293_read_state4    |    and   |      0|  0|   2|           1|           1|
    |ap_predicate_op295_read_state4    |    and   |      0|  0|   2|           1|           1|
    |ap_predicate_op297_read_state4    |    and   |      0|  0|   2|           1|           1|
    |ap_predicate_op299_read_state4    |    and   |      0|  0|   2|           1|           1|
    |ap_predicate_op301_read_state4    |    and   |      0|  0|   2|           1|           1|
    |ap_predicate_op303_read_state4    |    and   |      0|  0|   2|           1|           1|
    |ap_predicate_op305_read_state4    |    and   |      0|  0|   2|           1|           1|
    |ap_predicate_op307_read_state4    |    and   |      0|  0|   2|           1|           1|
    |ap_predicate_op309_read_state4    |    and   |      0|  0|   2|           1|           1|
    |ap_predicate_op311_read_state4    |    and   |      0|  0|   2|           1|           1|
    |ap_predicate_op313_read_state4    |    and   |      0|  0|   2|           1|           1|
    |ap_predicate_op315_read_state4    |    and   |      0|  0|   2|           1|           1|
    |ap_predicate_op317_read_state4    |    and   |      0|  0|   2|           1|           1|
    |ap_predicate_op319_read_state4    |    and   |      0|  0|   2|           1|           1|
    |ap_predicate_op321_read_state4    |    and   |      0|  0|   2|           1|           1|
    |ap_predicate_op323_read_state4    |    and   |      0|  0|   2|           1|           1|
    |ap_predicate_op325_read_state4    |    and   |      0|  0|   2|           1|           1|
    |ap_predicate_op327_read_state4    |    and   |      0|  0|   2|           1|           1|
    |ap_predicate_op329_read_state4    |    and   |      0|  0|   2|           1|           1|
    |ap_predicate_op331_read_state4    |    and   |      0|  0|   2|           1|           1|
    |ap_predicate_op333_read_state4    |    and   |      0|  0|   2|           1|           1|
    |ap_predicate_op335_read_state4    |    and   |      0|  0|   2|           1|           1|
    |ap_predicate_op337_read_state4    |    and   |      0|  0|   2|           1|           1|
    |ap_predicate_op339_read_state4    |    and   |      0|  0|   2|           1|           1|
    |ap_predicate_op341_read_state4    |    and   |      0|  0|   2|           1|           1|
    |ap_predicate_op343_read_state4    |    and   |      0|  0|   2|           1|           1|
    |ap_predicate_op345_read_state4    |    and   |      0|  0|   2|           1|           1|
    |ap_predicate_op347_read_state4    |    and   |      0|  0|   2|           1|           1|
    |ap_predicate_op349_read_state4    |    and   |      0|  0|   2|           1|           1|
    |ap_predicate_op351_read_state4    |    and   |      0|  0|   2|           1|           1|
    |ap_predicate_op353_read_state4    |    and   |      0|  0|   2|           1|           1|
    |ap_predicate_op355_read_state4    |    and   |      0|  0|   2|           1|           1|
    |ap_predicate_op357_read_state4    |    and   |      0|  0|   2|           1|           1|
    |ap_predicate_op359_read_state4    |    and   |      0|  0|   2|           1|           1|
    |ap_predicate_op361_read_state4    |    and   |      0|  0|   2|           1|           1|
    |ap_predicate_op363_read_state4    |    and   |      0|  0|   2|           1|           1|
    |ap_predicate_op365_read_state4    |    and   |      0|  0|   2|           1|           1|
    |ap_predicate_op367_read_state4    |    and   |      0|  0|   2|           1|           1|
    |ap_predicate_op369_read_state4    |    and   |      0|  0|   2|           1|           1|
    |ap_predicate_op371_read_state4    |    and   |      0|  0|   2|           1|           1|
    |ap_predicate_op373_read_state4    |    and   |      0|  0|   2|           1|           1|
    |ap_predicate_op375_read_state4    |    and   |      0|  0|   2|           1|           1|
    |ap_predicate_op377_read_state4    |    and   |      0|  0|   2|           1|           1|
    |ap_predicate_op379_read_state4    |    and   |      0|  0|   2|           1|           1|
    |ap_predicate_op381_read_state4    |    and   |      0|  0|   2|           1|           1|
    |ap_predicate_op383_read_state4    |    and   |      0|  0|   2|           1|           1|
    |ap_predicate_op385_read_state4    |    and   |      0|  0|   2|           1|           1|
    |ap_predicate_op387_read_state4    |    and   |      0|  0|   2|           1|           1|
    |ap_predicate_op389_read_state4    |    and   |      0|  0|   2|           1|           1|
    |ap_predicate_op391_read_state4    |    and   |      0|  0|   2|           1|           1|
    |ap_predicate_op393_read_state4    |    and   |      0|  0|   2|           1|           1|
    |ap_predicate_op395_read_state4    |    and   |      0|  0|   2|           1|           1|
    |ap_predicate_op397_read_state4    |    and   |      0|  0|   2|           1|           1|
    |ap_predicate_op399_read_state4    |    and   |      0|  0|   2|           1|           1|
    |ap_predicate_op401_read_state4    |    and   |      0|  0|   2|           1|           1|
    |ap_predicate_op403_read_state4    |    and   |      0|  0|   2|           1|           1|
    |ap_predicate_op405_read_state4    |    and   |      0|  0|   2|           1|           1|
    |ap_predicate_op407_read_state4    |    and   |      0|  0|   2|           1|           1|
    |ap_predicate_op409_read_state4    |    and   |      0|  0|   2|           1|           1|
    |ap_predicate_op411_read_state4    |    and   |      0|  0|   2|           1|           1|
    |ap_predicate_op413_read_state4    |    and   |      0|  0|   2|           1|           1|
    |ap_predicate_op415_read_state4    |    and   |      0|  0|   2|           1|           1|
    |ap_predicate_op417_read_state4    |    and   |      0|  0|   2|           1|           1|
    |ap_predicate_op419_read_state4    |    and   |      0|  0|   2|           1|           1|
    |ap_predicate_op421_read_state4    |    and   |      0|  0|   2|           1|           1|
    |ap_predicate_op423_read_state4    |    and   |      0|  0|   2|           1|           1|
    |ap_predicate_op425_read_state4    |    and   |      0|  0|   2|           1|           1|
    |ap_predicate_op427_read_state4    |    and   |      0|  0|   2|           1|           1|
    |ap_predicate_op429_read_state4    |    and   |      0|  0|   2|           1|           1|
    |ap_predicate_op431_read_state4    |    and   |      0|  0|   2|           1|           1|
    |ap_predicate_op433_read_state4    |    and   |      0|  0|   2|           1|           1|
    |ap_predicate_op435_read_state4    |    and   |      0|  0|   2|           1|           1|
    |ap_predicate_op437_read_state4    |    and   |      0|  0|   2|           1|           1|
    |ap_predicate_op439_read_state4    |    and   |      0|  0|   2|           1|           1|
    |ap_predicate_op441_read_state4    |    and   |      0|  0|   2|           1|           1|
    |ap_predicate_op443_read_state4    |    and   |      0|  0|   2|           1|           1|
    |ap_predicate_op445_read_state4    |    and   |      0|  0|   2|           1|           1|
    |ap_predicate_op447_read_state4    |    and   |      0|  0|   2|           1|           1|
    |ap_predicate_op449_read_state4    |    and   |      0|  0|   2|           1|           1|
    |ap_predicate_op451_read_state4    |    and   |      0|  0|   2|           1|           1|
    |ap_predicate_op453_read_state4    |    and   |      0|  0|   2|           1|           1|
    |ap_predicate_op455_read_state4    |    and   |      0|  0|   2|           1|           1|
    |ap_predicate_op457_read_state4    |    and   |      0|  0|   2|           1|           1|
    |ap_predicate_op459_read_state4    |    and   |      0|  0|   2|           1|           1|
    |ap_predicate_op461_read_state4    |    and   |      0|  0|   2|           1|           1|
    |ap_predicate_op463_read_state4    |    and   |      0|  0|   2|           1|           1|
    |ap_predicate_op465_read_state4    |    and   |      0|  0|   2|           1|           1|
    |ap_predicate_op467_read_state4    |    and   |      0|  0|   2|           1|           1|
    |ap_predicate_op469_read_state4    |    and   |      0|  0|   2|           1|           1|
    |ap_predicate_op471_read_state4    |    and   |      0|  0|   2|           1|           1|
    |ap_predicate_op473_read_state4    |    and   |      0|  0|   2|           1|           1|
    |ap_predicate_op475_read_state4    |    and   |      0|  0|   2|           1|           1|
    |ap_predicate_op477_read_state4    |    and   |      0|  0|   2|           1|           1|
    |ap_predicate_op479_read_state4    |    and   |      0|  0|   2|           1|           1|
    |ap_predicate_op481_read_state4    |    and   |      0|  0|   2|           1|           1|
    |ap_predicate_op483_read_state4    |    and   |      0|  0|   2|           1|           1|
    |ap_predicate_op485_read_state4    |    and   |      0|  0|   2|           1|           1|
    |ap_predicate_op487_read_state4    |    and   |      0|  0|   2|           1|           1|
    |ap_predicate_op489_read_state4    |    and   |      0|  0|   2|           1|           1|
    |ap_predicate_op491_read_state4    |    and   |      0|  0|   2|           1|           1|
    |ap_predicate_op493_read_state4    |    and   |      0|  0|   2|           1|           1|
    |ap_predicate_op495_read_state4    |    and   |      0|  0|   2|           1|           1|
    |ap_predicate_op497_read_state4    |    and   |      0|  0|   2|           1|           1|
    |ap_predicate_op499_read_state4    |    and   |      0|  0|   2|           1|           1|
    |ap_predicate_op501_read_state4    |    and   |      0|  0|   2|           1|           1|
    |ap_predicate_op503_read_state4    |    and   |      0|  0|   2|           1|           1|
    |ap_predicate_op505_read_state4    |    and   |      0|  0|   2|           1|           1|
    |ap_predicate_op507_read_state4    |    and   |      0|  0|   2|           1|           1|
    |ap_predicate_op509_read_state4    |    and   |      0|  0|   2|           1|           1|
    |ap_predicate_op511_read_state4    |    and   |      0|  0|   2|           1|           1|
    |ap_predicate_op513_read_state4    |    and   |      0|  0|   2|           1|           1|
    |ap_predicate_op515_read_state4    |    and   |      0|  0|   2|           1|           1|
    |ap_predicate_op517_read_state4    |    and   |      0|  0|   2|           1|           1|
    |ap_predicate_op519_read_state4    |    and   |      0|  0|   2|           1|           1|
    |ap_predicate_op521_read_state4    |    and   |      0|  0|   2|           1|           1|
    |ap_predicate_op523_read_state4    |    and   |      0|  0|   2|           1|           1|
    |ap_predicate_op525_read_state4    |    and   |      0|  0|   2|           1|           1|
    |ap_predicate_op527_read_state4    |    and   |      0|  0|   2|           1|           1|
    |ap_predicate_op529_read_state4    |    and   |      0|  0|   2|           1|           1|
    |ap_predicate_op531_read_state4    |    and   |      0|  0|   2|           1|           1|
    |ap_predicate_op533_read_state4    |    and   |      0|  0|   2|           1|           1|
    |ap_predicate_op535_read_state4    |    and   |      0|  0|   2|           1|           1|
    |ap_predicate_op537_read_state4    |    and   |      0|  0|   2|           1|           1|
    |ap_predicate_op539_read_state4    |    and   |      0|  0|   2|           1|           1|
    |icmp_ln96_fu_1657_p2              |   icmp   |      0|  0|  13|           8|           9|
    |ap_block_pp0_stage0_11001         |    or    |      0|  0|   2|           1|           1|
    |ap_block_state1                   |    or    |      0|  0|   2|           1|           1|
    |ap_block_state4_pp0_stage0_iter1  |    or    |      0|  0|   2|           1|           1|
    |ap_enable_pp0                     |    xor   |      0|  0|   2|           1|           2|
    |ap_enable_reg_pp0_iter1           |    xor   |      0|  0|   2|           2|           1|
    +----------------------------------+----------+-------+---+----+------------+------------+
    |Total                             |          |      0|  0| 293|         153|         147|
    +----------------------------------+----------+-------+---+----+------------+------------+

    * Multiplexer: 
    +-----------------------------------------+-----+-----------+-----+-----------+
    |                   Name                  | LUT | Input Size| Bits| Total Bits|
    +-----------------------------------------+-----+-----------+-----+-----------+
    |ap_NS_fsm                                |   44|          9|    1|          9|
    |ap_done                                  |    9|          2|    1|          2|
    |ap_enable_reg_pp0_iter1                  |    9|          2|    1|          2|
    |ap_enable_reg_pp0_iter2                  |    9|          2|    1|          2|
    |ap_phi_reg_pp0_iter2_tmp_V_i_0_reg_1375  |  581|        129|   16|       2064|
    |i14_0_0_i_reg_1364                       |    9|          2|    8|         16|
    |out_V_blk_n_AW                           |    9|          2|    1|          2|
    |out_V_blk_n_B                            |    9|          2|    1|          2|
    |out_V_blk_n_W                            |    9|          2|    1|          2|
    |out_V_offset_blk_n                       |    9|          2|    1|          2|
    |out_buf_0_blk_n                          |    9|          2|    1|          2|
    |out_buf_100_blk_n                        |    9|          2|    1|          2|
    |out_buf_101_blk_n                        |    9|          2|    1|          2|
    |out_buf_102_blk_n                        |    9|          2|    1|          2|
    |out_buf_103_blk_n                        |    9|          2|    1|          2|
    |out_buf_104_blk_n                        |    9|          2|    1|          2|
    |out_buf_105_blk_n                        |    9|          2|    1|          2|
    |out_buf_106_blk_n                        |    9|          2|    1|          2|
    |out_buf_107_blk_n                        |    9|          2|    1|          2|
    |out_buf_108_blk_n                        |    9|          2|    1|          2|
    |out_buf_109_blk_n                        |    9|          2|    1|          2|
    |out_buf_10_blk_n                         |    9|          2|    1|          2|
    |out_buf_110_blk_n                        |    9|          2|    1|          2|
    |out_buf_111_blk_n                        |    9|          2|    1|          2|
    |out_buf_112_blk_n                        |    9|          2|    1|          2|
    |out_buf_113_blk_n                        |    9|          2|    1|          2|
    |out_buf_114_blk_n                        |    9|          2|    1|          2|
    |out_buf_115_blk_n                        |    9|          2|    1|          2|
    |out_buf_116_blk_n                        |    9|          2|    1|          2|
    |out_buf_117_blk_n                        |    9|          2|    1|          2|
    |out_buf_118_blk_n                        |    9|          2|    1|          2|
    |out_buf_119_blk_n                        |    9|          2|    1|          2|
    |out_buf_11_blk_n                         |    9|          2|    1|          2|
    |out_buf_120_blk_n                        |    9|          2|    1|          2|
    |out_buf_121_blk_n                        |    9|          2|    1|          2|
    |out_buf_122_blk_n                        |    9|          2|    1|          2|
    |out_buf_123_blk_n                        |    9|          2|    1|          2|
    |out_buf_124_blk_n                        |    9|          2|    1|          2|
    |out_buf_125_blk_n                        |    9|          2|    1|          2|
    |out_buf_126_blk_n                        |    9|          2|    1|          2|
    |out_buf_127_blk_n                        |    9|          2|    1|          2|
    |out_buf_12_blk_n                         |    9|          2|    1|          2|
    |out_buf_13_blk_n                         |    9|          2|    1|          2|
    |out_buf_14_blk_n                         |    9|          2|    1|          2|
    |out_buf_15_blk_n                         |    9|          2|    1|          2|
    |out_buf_16_blk_n                         |    9|          2|    1|          2|
    |out_buf_17_blk_n                         |    9|          2|    1|          2|
    |out_buf_18_blk_n                         |    9|          2|    1|          2|
    |out_buf_19_blk_n                         |    9|          2|    1|          2|
    |out_buf_1_blk_n                          |    9|          2|    1|          2|
    |out_buf_20_blk_n                         |    9|          2|    1|          2|
    |out_buf_21_blk_n                         |    9|          2|    1|          2|
    |out_buf_22_blk_n                         |    9|          2|    1|          2|
    |out_buf_23_blk_n                         |    9|          2|    1|          2|
    |out_buf_24_blk_n                         |    9|          2|    1|          2|
    |out_buf_25_blk_n                         |    9|          2|    1|          2|
    |out_buf_26_blk_n                         |    9|          2|    1|          2|
    |out_buf_27_blk_n                         |    9|          2|    1|          2|
    |out_buf_28_blk_n                         |    9|          2|    1|          2|
    |out_buf_29_blk_n                         |    9|          2|    1|          2|
    |out_buf_2_blk_n                          |    9|          2|    1|          2|
    |out_buf_30_blk_n                         |    9|          2|    1|          2|
    |out_buf_31_blk_n                         |    9|          2|    1|          2|
    |out_buf_32_blk_n                         |    9|          2|    1|          2|
    |out_buf_33_blk_n                         |    9|          2|    1|          2|
    |out_buf_34_blk_n                         |    9|          2|    1|          2|
    |out_buf_35_blk_n                         |    9|          2|    1|          2|
    |out_buf_36_blk_n                         |    9|          2|    1|          2|
    |out_buf_37_blk_n                         |    9|          2|    1|          2|
    |out_buf_38_blk_n                         |    9|          2|    1|          2|
    |out_buf_39_blk_n                         |    9|          2|    1|          2|
    |out_buf_3_blk_n                          |    9|          2|    1|          2|
    |out_buf_40_blk_n                         |    9|          2|    1|          2|
    |out_buf_41_blk_n                         |    9|          2|    1|          2|
    |out_buf_42_blk_n                         |    9|          2|    1|          2|
    |out_buf_43_blk_n                         |    9|          2|    1|          2|
    |out_buf_44_blk_n                         |    9|          2|    1|          2|
    |out_buf_45_blk_n                         |    9|          2|    1|          2|
    |out_buf_46_blk_n                         |    9|          2|    1|          2|
    |out_buf_47_blk_n                         |    9|          2|    1|          2|
    |out_buf_48_blk_n                         |    9|          2|    1|          2|
    |out_buf_49_blk_n                         |    9|          2|    1|          2|
    |out_buf_4_blk_n                          |    9|          2|    1|          2|
    |out_buf_50_blk_n                         |    9|          2|    1|          2|
    |out_buf_51_blk_n                         |    9|          2|    1|          2|
    |out_buf_52_blk_n                         |    9|          2|    1|          2|
    |out_buf_53_blk_n                         |    9|          2|    1|          2|
    |out_buf_54_blk_n                         |    9|          2|    1|          2|
    |out_buf_55_blk_n                         |    9|          2|    1|          2|
    |out_buf_56_blk_n                         |    9|          2|    1|          2|
    |out_buf_57_blk_n                         |    9|          2|    1|          2|
    |out_buf_58_blk_n                         |    9|          2|    1|          2|
    |out_buf_59_blk_n                         |    9|          2|    1|          2|
    |out_buf_5_blk_n                          |    9|          2|    1|          2|
    |out_buf_60_blk_n                         |    9|          2|    1|          2|
    |out_buf_61_blk_n                         |    9|          2|    1|          2|
    |out_buf_62_blk_n                         |    9|          2|    1|          2|
    |out_buf_63_blk_n                         |    9|          2|    1|          2|
    |out_buf_64_blk_n                         |    9|          2|    1|          2|
    |out_buf_65_blk_n                         |    9|          2|    1|          2|
    |out_buf_66_blk_n                         |    9|          2|    1|          2|
    |out_buf_67_blk_n                         |    9|          2|    1|          2|
    |out_buf_68_blk_n                         |    9|          2|    1|          2|
    |out_buf_69_blk_n                         |    9|          2|    1|          2|
    |out_buf_6_blk_n                          |    9|          2|    1|          2|
    |out_buf_70_blk_n                         |    9|          2|    1|          2|
    |out_buf_71_blk_n                         |    9|          2|    1|          2|
    |out_buf_72_blk_n                         |    9|          2|    1|          2|
    |out_buf_73_blk_n                         |    9|          2|    1|          2|
    |out_buf_74_blk_n                         |    9|          2|    1|          2|
    |out_buf_75_blk_n                         |    9|          2|    1|          2|
    |out_buf_76_blk_n                         |    9|          2|    1|          2|
    |out_buf_77_blk_n                         |    9|          2|    1|          2|
    |out_buf_78_blk_n                         |    9|          2|    1|          2|
    |out_buf_79_blk_n                         |    9|          2|    1|          2|
    |out_buf_7_blk_n                          |    9|          2|    1|          2|
    |out_buf_80_blk_n                         |    9|          2|    1|          2|
    |out_buf_81_blk_n                         |    9|          2|    1|          2|
    |out_buf_82_blk_n                         |    9|          2|    1|          2|
    |out_buf_83_blk_n                         |    9|          2|    1|          2|
    |out_buf_84_blk_n                         |    9|          2|    1|          2|
    |out_buf_85_blk_n                         |    9|          2|    1|          2|
    |out_buf_86_blk_n                         |    9|          2|    1|          2|
    |out_buf_87_blk_n                         |    9|          2|    1|          2|
    |out_buf_88_blk_n                         |    9|          2|    1|          2|
    |out_buf_89_blk_n                         |    9|          2|    1|          2|
    |out_buf_8_blk_n                          |    9|          2|    1|          2|
    |out_buf_90_blk_n                         |    9|          2|    1|          2|
    |out_buf_91_blk_n                         |    9|          2|    1|          2|
    |out_buf_92_blk_n                         |    9|          2|    1|          2|
    |out_buf_93_blk_n                         |    9|          2|    1|          2|
    |out_buf_94_blk_n                         |    9|          2|    1|          2|
    |out_buf_95_blk_n                         |    9|          2|    1|          2|
    |out_buf_96_blk_n                         |    9|          2|    1|          2|
    |out_buf_97_blk_n                         |    9|          2|    1|          2|
    |out_buf_98_blk_n                         |    9|          2|    1|          2|
    |out_buf_99_blk_n                         |    9|          2|    1|          2|
    |out_buf_9_blk_n                          |    9|          2|    1|          2|
    +-----------------------------------------+-----+-----------+-----+-----------+
    |Total                                    | 1849|        410|  160|       2359|
    +-----------------------------------------+-----+-----------+-----+-----------+

    * Register: 
    +-----------------------------------------+----+----+-----+-----------+
    |                   Name                  | FF | LUT| Bits| Const Bits|
    +-----------------------------------------+----+----+-----+-----------+
    |ap_CS_fsm                                |   8|   0|    8|          0|
    |ap_done_reg                              |   1|   0|    1|          0|
    |ap_enable_reg_pp0_iter0                  |   1|   0|    1|          0|
    |ap_enable_reg_pp0_iter1                  |   1|   0|    1|          0|
    |ap_enable_reg_pp0_iter2                  |   1|   0|    1|          0|
    |ap_phi_reg_pp0_iter1_tmp_V_i_0_reg_1375  |  16|   0|   16|          0|
    |ap_phi_reg_pp0_iter2_tmp_V_i_0_reg_1375  |  16|   0|   16|          0|
    |i14_0_0_i_reg_1364                       |   8|   0|    8|          0|
    |icmp_ln96_reg_1679                       |   1|   0|    1|          0|
    |icmp_ln96_reg_1679_pp0_iter1_reg         |   1|   0|    1|          0|
    |out_V_addr_reg_1673                      |  63|   0|   64|          1|
    |trunc_ln154_reg_1688                     |   7|   0|    7|          0|
    +-----------------------------------------+----+----+-----+-----------+
    |Total                                    | 124|   0|  125|          1|
    +-----------------------------------------+----+----+-----+-----------+



================================================================
== Interface
================================================================
* Summary: 
+----------------------+-----+-----+------------+----------------+--------------+
|       RTL Ports      | Dir | Bits|  Protocol  |  Source Object |    C Type    |
+----------------------+-----+-----+------------+----------------+--------------+
|ap_clk                |  in |    1| ap_ctrl_hs | Loop_3_proc193 | return value |
|ap_rst                |  in |    1| ap_ctrl_hs | Loop_3_proc193 | return value |
|ap_start              |  in |    1| ap_ctrl_hs | Loop_3_proc193 | return value |
|ap_done               | out |    1| ap_ctrl_hs | Loop_3_proc193 | return value |
|ap_continue           |  in |    1| ap_ctrl_hs | Loop_3_proc193 | return value |
|ap_idle               | out |    1| ap_ctrl_hs | Loop_3_proc193 | return value |
|ap_ready              | out |    1| ap_ctrl_hs | Loop_3_proc193 | return value |
|m_axi_out_V_AWVALID   | out |    1|    m_axi   |      out_V     |    pointer   |
|m_axi_out_V_AWREADY   |  in |    1|    m_axi   |      out_V     |    pointer   |
|m_axi_out_V_AWADDR    | out |   64|    m_axi   |      out_V     |    pointer   |
|m_axi_out_V_AWID      | out |    1|    m_axi   |      out_V     |    pointer   |
|m_axi_out_V_AWLEN     | out |   32|    m_axi   |      out_V     |    pointer   |
|m_axi_out_V_AWSIZE    | out |    3|    m_axi   |      out_V     |    pointer   |
|m_axi_out_V_AWBURST   | out |    2|    m_axi   |      out_V     |    pointer   |
|m_axi_out_V_AWLOCK    | out |    2|    m_axi   |      out_V     |    pointer   |
|m_axi_out_V_AWCACHE   | out |    4|    m_axi   |      out_V     |    pointer   |
|m_axi_out_V_AWPROT    | out |    3|    m_axi   |      out_V     |    pointer   |
|m_axi_out_V_AWQOS     | out |    4|    m_axi   |      out_V     |    pointer   |
|m_axi_out_V_AWREGION  | out |    4|    m_axi   |      out_V     |    pointer   |
|m_axi_out_V_AWUSER    | out |    1|    m_axi   |      out_V     |    pointer   |
|m_axi_out_V_WVALID    | out |    1|    m_axi   |      out_V     |    pointer   |
|m_axi_out_V_WREADY    |  in |    1|    m_axi   |      out_V     |    pointer   |
|m_axi_out_V_WDATA     | out |   16|    m_axi   |      out_V     |    pointer   |
|m_axi_out_V_WSTRB     | out |    2|    m_axi   |      out_V     |    pointer   |
|m_axi_out_V_WLAST     | out |    1|    m_axi   |      out_V     |    pointer   |
|m_axi_out_V_WID       | out |    1|    m_axi   |      out_V     |    pointer   |
|m_axi_out_V_WUSER     | out |    1|    m_axi   |      out_V     |    pointer   |
|m_axi_out_V_ARVALID   | out |    1|    m_axi   |      out_V     |    pointer   |
|m_axi_out_V_ARREADY   |  in |    1|    m_axi   |      out_V     |    pointer   |
|m_axi_out_V_ARADDR    | out |   64|    m_axi   |      out_V     |    pointer   |
|m_axi_out_V_ARID      | out |    1|    m_axi   |      out_V     |    pointer   |
|m_axi_out_V_ARLEN     | out |   32|    m_axi   |      out_V     |    pointer   |
|m_axi_out_V_ARSIZE    | out |    3|    m_axi   |      out_V     |    pointer   |
|m_axi_out_V_ARBURST   | out |    2|    m_axi   |      out_V     |    pointer   |
|m_axi_out_V_ARLOCK    | out |    2|    m_axi   |      out_V     |    pointer   |
|m_axi_out_V_ARCACHE   | out |    4|    m_axi   |      out_V     |    pointer   |
|m_axi_out_V_ARPROT    | out |    3|    m_axi   |      out_V     |    pointer   |
|m_axi_out_V_ARQOS     | out |    4|    m_axi   |      out_V     |    pointer   |
|m_axi_out_V_ARREGION  | out |    4|    m_axi   |      out_V     |    pointer   |
|m_axi_out_V_ARUSER    | out |    1|    m_axi   |      out_V     |    pointer   |
|m_axi_out_V_RVALID    |  in |    1|    m_axi   |      out_V     |    pointer   |
|m_axi_out_V_RREADY    | out |    1|    m_axi   |      out_V     |    pointer   |
|m_axi_out_V_RDATA     |  in |   16|    m_axi   |      out_V     |    pointer   |
|m_axi_out_V_RLAST     |  in |    1|    m_axi   |      out_V     |    pointer   |
|m_axi_out_V_RID       |  in |    1|    m_axi   |      out_V     |    pointer   |
|m_axi_out_V_RUSER     |  in |    1|    m_axi   |      out_V     |    pointer   |
|m_axi_out_V_RRESP     |  in |    2|    m_axi   |      out_V     |    pointer   |
|m_axi_out_V_BVALID    |  in |    1|    m_axi   |      out_V     |    pointer   |
|m_axi_out_V_BREADY    | out |    1|    m_axi   |      out_V     |    pointer   |
|m_axi_out_V_BRESP     |  in |    2|    m_axi   |      out_V     |    pointer   |
|m_axi_out_V_BID       |  in |    1|    m_axi   |      out_V     |    pointer   |
|m_axi_out_V_BUSER     |  in |    1|    m_axi   |      out_V     |    pointer   |
|out_V_offset_dout     |  in |   64|   ap_fifo  |  out_V_offset  |    pointer   |
|out_V_offset_empty_n  |  in |    1|   ap_fifo  |  out_V_offset  |    pointer   |
|out_V_offset_read     | out |    1|   ap_fifo  |  out_V_offset  |    pointer   |
|out_buf_0_dout        |  in |   16|   ap_fifo  |    out_buf_0   |    pointer   |
|out_buf_0_empty_n     |  in |    1|   ap_fifo  |    out_buf_0   |    pointer   |
|out_buf_0_read        | out |    1|   ap_fifo  |    out_buf_0   |    pointer   |
|out_buf_1_dout        |  in |   16|   ap_fifo  |    out_buf_1   |    pointer   |
|out_buf_1_empty_n     |  in |    1|   ap_fifo  |    out_buf_1   |    pointer   |
|out_buf_1_read        | out |    1|   ap_fifo  |    out_buf_1   |    pointer   |
|out_buf_2_dout        |  in |   16|   ap_fifo  |    out_buf_2   |    pointer   |
|out_buf_2_empty_n     |  in |    1|   ap_fifo  |    out_buf_2   |    pointer   |
|out_buf_2_read        | out |    1|   ap_fifo  |    out_buf_2   |    pointer   |
|out_buf_3_dout        |  in |   16|   ap_fifo  |    out_buf_3   |    pointer   |
|out_buf_3_empty_n     |  in |    1|   ap_fifo  |    out_buf_3   |    pointer   |
|out_buf_3_read        | out |    1|   ap_fifo  |    out_buf_3   |    pointer   |
|out_buf_4_dout        |  in |   16|   ap_fifo  |    out_buf_4   |    pointer   |
|out_buf_4_empty_n     |  in |    1|   ap_fifo  |    out_buf_4   |    pointer   |
|out_buf_4_read        | out |    1|   ap_fifo  |    out_buf_4   |    pointer   |
|out_buf_5_dout        |  in |   16|   ap_fifo  |    out_buf_5   |    pointer   |
|out_buf_5_empty_n     |  in |    1|   ap_fifo  |    out_buf_5   |    pointer   |
|out_buf_5_read        | out |    1|   ap_fifo  |    out_buf_5   |    pointer   |
|out_buf_6_dout        |  in |   16|   ap_fifo  |    out_buf_6   |    pointer   |
|out_buf_6_empty_n     |  in |    1|   ap_fifo  |    out_buf_6   |    pointer   |
|out_buf_6_read        | out |    1|   ap_fifo  |    out_buf_6   |    pointer   |
|out_buf_7_dout        |  in |   16|   ap_fifo  |    out_buf_7   |    pointer   |
|out_buf_7_empty_n     |  in |    1|   ap_fifo  |    out_buf_7   |    pointer   |
|out_buf_7_read        | out |    1|   ap_fifo  |    out_buf_7   |    pointer   |
|out_buf_8_dout        |  in |   16|   ap_fifo  |    out_buf_8   |    pointer   |
|out_buf_8_empty_n     |  in |    1|   ap_fifo  |    out_buf_8   |    pointer   |
|out_buf_8_read        | out |    1|   ap_fifo  |    out_buf_8   |    pointer   |
|out_buf_9_dout        |  in |   16|   ap_fifo  |    out_buf_9   |    pointer   |
|out_buf_9_empty_n     |  in |    1|   ap_fifo  |    out_buf_9   |    pointer   |
|out_buf_9_read        | out |    1|   ap_fifo  |    out_buf_9   |    pointer   |
|out_buf_10_dout       |  in |   16|   ap_fifo  |   out_buf_10   |    pointer   |
|out_buf_10_empty_n    |  in |    1|   ap_fifo  |   out_buf_10   |    pointer   |
|out_buf_10_read       | out |    1|   ap_fifo  |   out_buf_10   |    pointer   |
|out_buf_11_dout       |  in |   16|   ap_fifo  |   out_buf_11   |    pointer   |
|out_buf_11_empty_n    |  in |    1|   ap_fifo  |   out_buf_11   |    pointer   |
|out_buf_11_read       | out |    1|   ap_fifo  |   out_buf_11   |    pointer   |
|out_buf_12_dout       |  in |   16|   ap_fifo  |   out_buf_12   |    pointer   |
|out_buf_12_empty_n    |  in |    1|   ap_fifo  |   out_buf_12   |    pointer   |
|out_buf_12_read       | out |    1|   ap_fifo  |   out_buf_12   |    pointer   |
|out_buf_13_dout       |  in |   16|   ap_fifo  |   out_buf_13   |    pointer   |
|out_buf_13_empty_n    |  in |    1|   ap_fifo  |   out_buf_13   |    pointer   |
|out_buf_13_read       | out |    1|   ap_fifo  |   out_buf_13   |    pointer   |
|out_buf_14_dout       |  in |   16|   ap_fifo  |   out_buf_14   |    pointer   |
|out_buf_14_empty_n    |  in |    1|   ap_fifo  |   out_buf_14   |    pointer   |
|out_buf_14_read       | out |    1|   ap_fifo  |   out_buf_14   |    pointer   |
|out_buf_15_dout       |  in |   16|   ap_fifo  |   out_buf_15   |    pointer   |
|out_buf_15_empty_n    |  in |    1|   ap_fifo  |   out_buf_15   |    pointer   |
|out_buf_15_read       | out |    1|   ap_fifo  |   out_buf_15   |    pointer   |
|out_buf_16_dout       |  in |   16|   ap_fifo  |   out_buf_16   |    pointer   |
|out_buf_16_empty_n    |  in |    1|   ap_fifo  |   out_buf_16   |    pointer   |
|out_buf_16_read       | out |    1|   ap_fifo  |   out_buf_16   |    pointer   |
|out_buf_17_dout       |  in |   16|   ap_fifo  |   out_buf_17   |    pointer   |
|out_buf_17_empty_n    |  in |    1|   ap_fifo  |   out_buf_17   |    pointer   |
|out_buf_17_read       | out |    1|   ap_fifo  |   out_buf_17   |    pointer   |
|out_buf_18_dout       |  in |   16|   ap_fifo  |   out_buf_18   |    pointer   |
|out_buf_18_empty_n    |  in |    1|   ap_fifo  |   out_buf_18   |    pointer   |
|out_buf_18_read       | out |    1|   ap_fifo  |   out_buf_18   |    pointer   |
|out_buf_19_dout       |  in |   16|   ap_fifo  |   out_buf_19   |    pointer   |
|out_buf_19_empty_n    |  in |    1|   ap_fifo  |   out_buf_19   |    pointer   |
|out_buf_19_read       | out |    1|   ap_fifo  |   out_buf_19   |    pointer   |
|out_buf_20_dout       |  in |   16|   ap_fifo  |   out_buf_20   |    pointer   |
|out_buf_20_empty_n    |  in |    1|   ap_fifo  |   out_buf_20   |    pointer   |
|out_buf_20_read       | out |    1|   ap_fifo  |   out_buf_20   |    pointer   |
|out_buf_21_dout       |  in |   16|   ap_fifo  |   out_buf_21   |    pointer   |
|out_buf_21_empty_n    |  in |    1|   ap_fifo  |   out_buf_21   |    pointer   |
|out_buf_21_read       | out |    1|   ap_fifo  |   out_buf_21   |    pointer   |
|out_buf_22_dout       |  in |   16|   ap_fifo  |   out_buf_22   |    pointer   |
|out_buf_22_empty_n    |  in |    1|   ap_fifo  |   out_buf_22   |    pointer   |
|out_buf_22_read       | out |    1|   ap_fifo  |   out_buf_22   |    pointer   |
|out_buf_23_dout       |  in |   16|   ap_fifo  |   out_buf_23   |    pointer   |
|out_buf_23_empty_n    |  in |    1|   ap_fifo  |   out_buf_23   |    pointer   |
|out_buf_23_read       | out |    1|   ap_fifo  |   out_buf_23   |    pointer   |
|out_buf_24_dout       |  in |   16|   ap_fifo  |   out_buf_24   |    pointer   |
|out_buf_24_empty_n    |  in |    1|   ap_fifo  |   out_buf_24   |    pointer   |
|out_buf_24_read       | out |    1|   ap_fifo  |   out_buf_24   |    pointer   |
|out_buf_25_dout       |  in |   16|   ap_fifo  |   out_buf_25   |    pointer   |
|out_buf_25_empty_n    |  in |    1|   ap_fifo  |   out_buf_25   |    pointer   |
|out_buf_25_read       | out |    1|   ap_fifo  |   out_buf_25   |    pointer   |
|out_buf_26_dout       |  in |   16|   ap_fifo  |   out_buf_26   |    pointer   |
|out_buf_26_empty_n    |  in |    1|   ap_fifo  |   out_buf_26   |    pointer   |
|out_buf_26_read       | out |    1|   ap_fifo  |   out_buf_26   |    pointer   |
|out_buf_27_dout       |  in |   16|   ap_fifo  |   out_buf_27   |    pointer   |
|out_buf_27_empty_n    |  in |    1|   ap_fifo  |   out_buf_27   |    pointer   |
|out_buf_27_read       | out |    1|   ap_fifo  |   out_buf_27   |    pointer   |
|out_buf_28_dout       |  in |   16|   ap_fifo  |   out_buf_28   |    pointer   |
|out_buf_28_empty_n    |  in |    1|   ap_fifo  |   out_buf_28   |    pointer   |
|out_buf_28_read       | out |    1|   ap_fifo  |   out_buf_28   |    pointer   |
|out_buf_29_dout       |  in |   16|   ap_fifo  |   out_buf_29   |    pointer   |
|out_buf_29_empty_n    |  in |    1|   ap_fifo  |   out_buf_29   |    pointer   |
|out_buf_29_read       | out |    1|   ap_fifo  |   out_buf_29   |    pointer   |
|out_buf_30_dout       |  in |   16|   ap_fifo  |   out_buf_30   |    pointer   |
|out_buf_30_empty_n    |  in |    1|   ap_fifo  |   out_buf_30   |    pointer   |
|out_buf_30_read       | out |    1|   ap_fifo  |   out_buf_30   |    pointer   |
|out_buf_31_dout       |  in |   16|   ap_fifo  |   out_buf_31   |    pointer   |
|out_buf_31_empty_n    |  in |    1|   ap_fifo  |   out_buf_31   |    pointer   |
|out_buf_31_read       | out |    1|   ap_fifo  |   out_buf_31   |    pointer   |
|out_buf_32_dout       |  in |   16|   ap_fifo  |   out_buf_32   |    pointer   |
|out_buf_32_empty_n    |  in |    1|   ap_fifo  |   out_buf_32   |    pointer   |
|out_buf_32_read       | out |    1|   ap_fifo  |   out_buf_32   |    pointer   |
|out_buf_33_dout       |  in |   16|   ap_fifo  |   out_buf_33   |    pointer   |
|out_buf_33_empty_n    |  in |    1|   ap_fifo  |   out_buf_33   |    pointer   |
|out_buf_33_read       | out |    1|   ap_fifo  |   out_buf_33   |    pointer   |
|out_buf_34_dout       |  in |   16|   ap_fifo  |   out_buf_34   |    pointer   |
|out_buf_34_empty_n    |  in |    1|   ap_fifo  |   out_buf_34   |    pointer   |
|out_buf_34_read       | out |    1|   ap_fifo  |   out_buf_34   |    pointer   |
|out_buf_35_dout       |  in |   16|   ap_fifo  |   out_buf_35   |    pointer   |
|out_buf_35_empty_n    |  in |    1|   ap_fifo  |   out_buf_35   |    pointer   |
|out_buf_35_read       | out |    1|   ap_fifo  |   out_buf_35   |    pointer   |
|out_buf_36_dout       |  in |   16|   ap_fifo  |   out_buf_36   |    pointer   |
|out_buf_36_empty_n    |  in |    1|   ap_fifo  |   out_buf_36   |    pointer   |
|out_buf_36_read       | out |    1|   ap_fifo  |   out_buf_36   |    pointer   |
|out_buf_37_dout       |  in |   16|   ap_fifo  |   out_buf_37   |    pointer   |
|out_buf_37_empty_n    |  in |    1|   ap_fifo  |   out_buf_37   |    pointer   |
|out_buf_37_read       | out |    1|   ap_fifo  |   out_buf_37   |    pointer   |
|out_buf_38_dout       |  in |   16|   ap_fifo  |   out_buf_38   |    pointer   |
|out_buf_38_empty_n    |  in |    1|   ap_fifo  |   out_buf_38   |    pointer   |
|out_buf_38_read       | out |    1|   ap_fifo  |   out_buf_38   |    pointer   |
|out_buf_39_dout       |  in |   16|   ap_fifo  |   out_buf_39   |    pointer   |
|out_buf_39_empty_n    |  in |    1|   ap_fifo  |   out_buf_39   |    pointer   |
|out_buf_39_read       | out |    1|   ap_fifo  |   out_buf_39   |    pointer   |
|out_buf_40_dout       |  in |   16|   ap_fifo  |   out_buf_40   |    pointer   |
|out_buf_40_empty_n    |  in |    1|   ap_fifo  |   out_buf_40   |    pointer   |
|out_buf_40_read       | out |    1|   ap_fifo  |   out_buf_40   |    pointer   |
|out_buf_41_dout       |  in |   16|   ap_fifo  |   out_buf_41   |    pointer   |
|out_buf_41_empty_n    |  in |    1|   ap_fifo  |   out_buf_41   |    pointer   |
|out_buf_41_read       | out |    1|   ap_fifo  |   out_buf_41   |    pointer   |
|out_buf_42_dout       |  in |   16|   ap_fifo  |   out_buf_42   |    pointer   |
|out_buf_42_empty_n    |  in |    1|   ap_fifo  |   out_buf_42   |    pointer   |
|out_buf_42_read       | out |    1|   ap_fifo  |   out_buf_42   |    pointer   |
|out_buf_43_dout       |  in |   16|   ap_fifo  |   out_buf_43   |    pointer   |
|out_buf_43_empty_n    |  in |    1|   ap_fifo  |   out_buf_43   |    pointer   |
|out_buf_43_read       | out |    1|   ap_fifo  |   out_buf_43   |    pointer   |
|out_buf_44_dout       |  in |   16|   ap_fifo  |   out_buf_44   |    pointer   |
|out_buf_44_empty_n    |  in |    1|   ap_fifo  |   out_buf_44   |    pointer   |
|out_buf_44_read       | out |    1|   ap_fifo  |   out_buf_44   |    pointer   |
|out_buf_45_dout       |  in |   16|   ap_fifo  |   out_buf_45   |    pointer   |
|out_buf_45_empty_n    |  in |    1|   ap_fifo  |   out_buf_45   |    pointer   |
|out_buf_45_read       | out |    1|   ap_fifo  |   out_buf_45   |    pointer   |
|out_buf_46_dout       |  in |   16|   ap_fifo  |   out_buf_46   |    pointer   |
|out_buf_46_empty_n    |  in |    1|   ap_fifo  |   out_buf_46   |    pointer   |
|out_buf_46_read       | out |    1|   ap_fifo  |   out_buf_46   |    pointer   |
|out_buf_47_dout       |  in |   16|   ap_fifo  |   out_buf_47   |    pointer   |
|out_buf_47_empty_n    |  in |    1|   ap_fifo  |   out_buf_47   |    pointer   |
|out_buf_47_read       | out |    1|   ap_fifo  |   out_buf_47   |    pointer   |
|out_buf_48_dout       |  in |   16|   ap_fifo  |   out_buf_48   |    pointer   |
|out_buf_48_empty_n    |  in |    1|   ap_fifo  |   out_buf_48   |    pointer   |
|out_buf_48_read       | out |    1|   ap_fifo  |   out_buf_48   |    pointer   |
|out_buf_49_dout       |  in |   16|   ap_fifo  |   out_buf_49   |    pointer   |
|out_buf_49_empty_n    |  in |    1|   ap_fifo  |   out_buf_49   |    pointer   |
|out_buf_49_read       | out |    1|   ap_fifo  |   out_buf_49   |    pointer   |
|out_buf_50_dout       |  in |   16|   ap_fifo  |   out_buf_50   |    pointer   |
|out_buf_50_empty_n    |  in |    1|   ap_fifo  |   out_buf_50   |    pointer   |
|out_buf_50_read       | out |    1|   ap_fifo  |   out_buf_50   |    pointer   |
|out_buf_51_dout       |  in |   16|   ap_fifo  |   out_buf_51   |    pointer   |
|out_buf_51_empty_n    |  in |    1|   ap_fifo  |   out_buf_51   |    pointer   |
|out_buf_51_read       | out |    1|   ap_fifo  |   out_buf_51   |    pointer   |
|out_buf_52_dout       |  in |   16|   ap_fifo  |   out_buf_52   |    pointer   |
|out_buf_52_empty_n    |  in |    1|   ap_fifo  |   out_buf_52   |    pointer   |
|out_buf_52_read       | out |    1|   ap_fifo  |   out_buf_52   |    pointer   |
|out_buf_53_dout       |  in |   16|   ap_fifo  |   out_buf_53   |    pointer   |
|out_buf_53_empty_n    |  in |    1|   ap_fifo  |   out_buf_53   |    pointer   |
|out_buf_53_read       | out |    1|   ap_fifo  |   out_buf_53   |    pointer   |
|out_buf_54_dout       |  in |   16|   ap_fifo  |   out_buf_54   |    pointer   |
|out_buf_54_empty_n    |  in |    1|   ap_fifo  |   out_buf_54   |    pointer   |
|out_buf_54_read       | out |    1|   ap_fifo  |   out_buf_54   |    pointer   |
|out_buf_55_dout       |  in |   16|   ap_fifo  |   out_buf_55   |    pointer   |
|out_buf_55_empty_n    |  in |    1|   ap_fifo  |   out_buf_55   |    pointer   |
|out_buf_55_read       | out |    1|   ap_fifo  |   out_buf_55   |    pointer   |
|out_buf_56_dout       |  in |   16|   ap_fifo  |   out_buf_56   |    pointer   |
|out_buf_56_empty_n    |  in |    1|   ap_fifo  |   out_buf_56   |    pointer   |
|out_buf_56_read       | out |    1|   ap_fifo  |   out_buf_56   |    pointer   |
|out_buf_57_dout       |  in |   16|   ap_fifo  |   out_buf_57   |    pointer   |
|out_buf_57_empty_n    |  in |    1|   ap_fifo  |   out_buf_57   |    pointer   |
|out_buf_57_read       | out |    1|   ap_fifo  |   out_buf_57   |    pointer   |
|out_buf_58_dout       |  in |   16|   ap_fifo  |   out_buf_58   |    pointer   |
|out_buf_58_empty_n    |  in |    1|   ap_fifo  |   out_buf_58   |    pointer   |
|out_buf_58_read       | out |    1|   ap_fifo  |   out_buf_58   |    pointer   |
|out_buf_59_dout       |  in |   16|   ap_fifo  |   out_buf_59   |    pointer   |
|out_buf_59_empty_n    |  in |    1|   ap_fifo  |   out_buf_59   |    pointer   |
|out_buf_59_read       | out |    1|   ap_fifo  |   out_buf_59   |    pointer   |
|out_buf_60_dout       |  in |   16|   ap_fifo  |   out_buf_60   |    pointer   |
|out_buf_60_empty_n    |  in |    1|   ap_fifo  |   out_buf_60   |    pointer   |
|out_buf_60_read       | out |    1|   ap_fifo  |   out_buf_60   |    pointer   |
|out_buf_61_dout       |  in |   16|   ap_fifo  |   out_buf_61   |    pointer   |
|out_buf_61_empty_n    |  in |    1|   ap_fifo  |   out_buf_61   |    pointer   |
|out_buf_61_read       | out |    1|   ap_fifo  |   out_buf_61   |    pointer   |
|out_buf_62_dout       |  in |   16|   ap_fifo  |   out_buf_62   |    pointer   |
|out_buf_62_empty_n    |  in |    1|   ap_fifo  |   out_buf_62   |    pointer   |
|out_buf_62_read       | out |    1|   ap_fifo  |   out_buf_62   |    pointer   |
|out_buf_63_dout       |  in |   16|   ap_fifo  |   out_buf_63   |    pointer   |
|out_buf_63_empty_n    |  in |    1|   ap_fifo  |   out_buf_63   |    pointer   |
|out_buf_63_read       | out |    1|   ap_fifo  |   out_buf_63   |    pointer   |
|out_buf_64_dout       |  in |   16|   ap_fifo  |   out_buf_64   |    pointer   |
|out_buf_64_empty_n    |  in |    1|   ap_fifo  |   out_buf_64   |    pointer   |
|out_buf_64_read       | out |    1|   ap_fifo  |   out_buf_64   |    pointer   |
|out_buf_65_dout       |  in |   16|   ap_fifo  |   out_buf_65   |    pointer   |
|out_buf_65_empty_n    |  in |    1|   ap_fifo  |   out_buf_65   |    pointer   |
|out_buf_65_read       | out |    1|   ap_fifo  |   out_buf_65   |    pointer   |
|out_buf_66_dout       |  in |   16|   ap_fifo  |   out_buf_66   |    pointer   |
|out_buf_66_empty_n    |  in |    1|   ap_fifo  |   out_buf_66   |    pointer   |
|out_buf_66_read       | out |    1|   ap_fifo  |   out_buf_66   |    pointer   |
|out_buf_67_dout       |  in |   16|   ap_fifo  |   out_buf_67   |    pointer   |
|out_buf_67_empty_n    |  in |    1|   ap_fifo  |   out_buf_67   |    pointer   |
|out_buf_67_read       | out |    1|   ap_fifo  |   out_buf_67   |    pointer   |
|out_buf_68_dout       |  in |   16|   ap_fifo  |   out_buf_68   |    pointer   |
|out_buf_68_empty_n    |  in |    1|   ap_fifo  |   out_buf_68   |    pointer   |
|out_buf_68_read       | out |    1|   ap_fifo  |   out_buf_68   |    pointer   |
|out_buf_69_dout       |  in |   16|   ap_fifo  |   out_buf_69   |    pointer   |
|out_buf_69_empty_n    |  in |    1|   ap_fifo  |   out_buf_69   |    pointer   |
|out_buf_69_read       | out |    1|   ap_fifo  |   out_buf_69   |    pointer   |
|out_buf_70_dout       |  in |   16|   ap_fifo  |   out_buf_70   |    pointer   |
|out_buf_70_empty_n    |  in |    1|   ap_fifo  |   out_buf_70   |    pointer   |
|out_buf_70_read       | out |    1|   ap_fifo  |   out_buf_70   |    pointer   |
|out_buf_71_dout       |  in |   16|   ap_fifo  |   out_buf_71   |    pointer   |
|out_buf_71_empty_n    |  in |    1|   ap_fifo  |   out_buf_71   |    pointer   |
|out_buf_71_read       | out |    1|   ap_fifo  |   out_buf_71   |    pointer   |
|out_buf_72_dout       |  in |   16|   ap_fifo  |   out_buf_72   |    pointer   |
|out_buf_72_empty_n    |  in |    1|   ap_fifo  |   out_buf_72   |    pointer   |
|out_buf_72_read       | out |    1|   ap_fifo  |   out_buf_72   |    pointer   |
|out_buf_73_dout       |  in |   16|   ap_fifo  |   out_buf_73   |    pointer   |
|out_buf_73_empty_n    |  in |    1|   ap_fifo  |   out_buf_73   |    pointer   |
|out_buf_73_read       | out |    1|   ap_fifo  |   out_buf_73   |    pointer   |
|out_buf_74_dout       |  in |   16|   ap_fifo  |   out_buf_74   |    pointer   |
|out_buf_74_empty_n    |  in |    1|   ap_fifo  |   out_buf_74   |    pointer   |
|out_buf_74_read       | out |    1|   ap_fifo  |   out_buf_74   |    pointer   |
|out_buf_75_dout       |  in |   16|   ap_fifo  |   out_buf_75   |    pointer   |
|out_buf_75_empty_n    |  in |    1|   ap_fifo  |   out_buf_75   |    pointer   |
|out_buf_75_read       | out |    1|   ap_fifo  |   out_buf_75   |    pointer   |
|out_buf_76_dout       |  in |   16|   ap_fifo  |   out_buf_76   |    pointer   |
|out_buf_76_empty_n    |  in |    1|   ap_fifo  |   out_buf_76   |    pointer   |
|out_buf_76_read       | out |    1|   ap_fifo  |   out_buf_76   |    pointer   |
|out_buf_77_dout       |  in |   16|   ap_fifo  |   out_buf_77   |    pointer   |
|out_buf_77_empty_n    |  in |    1|   ap_fifo  |   out_buf_77   |    pointer   |
|out_buf_77_read       | out |    1|   ap_fifo  |   out_buf_77   |    pointer   |
|out_buf_78_dout       |  in |   16|   ap_fifo  |   out_buf_78   |    pointer   |
|out_buf_78_empty_n    |  in |    1|   ap_fifo  |   out_buf_78   |    pointer   |
|out_buf_78_read       | out |    1|   ap_fifo  |   out_buf_78   |    pointer   |
|out_buf_79_dout       |  in |   16|   ap_fifo  |   out_buf_79   |    pointer   |
|out_buf_79_empty_n    |  in |    1|   ap_fifo  |   out_buf_79   |    pointer   |
|out_buf_79_read       | out |    1|   ap_fifo  |   out_buf_79   |    pointer   |
|out_buf_80_dout       |  in |   16|   ap_fifo  |   out_buf_80   |    pointer   |
|out_buf_80_empty_n    |  in |    1|   ap_fifo  |   out_buf_80   |    pointer   |
|out_buf_80_read       | out |    1|   ap_fifo  |   out_buf_80   |    pointer   |
|out_buf_81_dout       |  in |   16|   ap_fifo  |   out_buf_81   |    pointer   |
|out_buf_81_empty_n    |  in |    1|   ap_fifo  |   out_buf_81   |    pointer   |
|out_buf_81_read       | out |    1|   ap_fifo  |   out_buf_81   |    pointer   |
|out_buf_82_dout       |  in |   16|   ap_fifo  |   out_buf_82   |    pointer   |
|out_buf_82_empty_n    |  in |    1|   ap_fifo  |   out_buf_82   |    pointer   |
|out_buf_82_read       | out |    1|   ap_fifo  |   out_buf_82   |    pointer   |
|out_buf_83_dout       |  in |   16|   ap_fifo  |   out_buf_83   |    pointer   |
|out_buf_83_empty_n    |  in |    1|   ap_fifo  |   out_buf_83   |    pointer   |
|out_buf_83_read       | out |    1|   ap_fifo  |   out_buf_83   |    pointer   |
|out_buf_84_dout       |  in |   16|   ap_fifo  |   out_buf_84   |    pointer   |
|out_buf_84_empty_n    |  in |    1|   ap_fifo  |   out_buf_84   |    pointer   |
|out_buf_84_read       | out |    1|   ap_fifo  |   out_buf_84   |    pointer   |
|out_buf_85_dout       |  in |   16|   ap_fifo  |   out_buf_85   |    pointer   |
|out_buf_85_empty_n    |  in |    1|   ap_fifo  |   out_buf_85   |    pointer   |
|out_buf_85_read       | out |    1|   ap_fifo  |   out_buf_85   |    pointer   |
|out_buf_86_dout       |  in |   16|   ap_fifo  |   out_buf_86   |    pointer   |
|out_buf_86_empty_n    |  in |    1|   ap_fifo  |   out_buf_86   |    pointer   |
|out_buf_86_read       | out |    1|   ap_fifo  |   out_buf_86   |    pointer   |
|out_buf_87_dout       |  in |   16|   ap_fifo  |   out_buf_87   |    pointer   |
|out_buf_87_empty_n    |  in |    1|   ap_fifo  |   out_buf_87   |    pointer   |
|out_buf_87_read       | out |    1|   ap_fifo  |   out_buf_87   |    pointer   |
|out_buf_88_dout       |  in |   16|   ap_fifo  |   out_buf_88   |    pointer   |
|out_buf_88_empty_n    |  in |    1|   ap_fifo  |   out_buf_88   |    pointer   |
|out_buf_88_read       | out |    1|   ap_fifo  |   out_buf_88   |    pointer   |
|out_buf_89_dout       |  in |   16|   ap_fifo  |   out_buf_89   |    pointer   |
|out_buf_89_empty_n    |  in |    1|   ap_fifo  |   out_buf_89   |    pointer   |
|out_buf_89_read       | out |    1|   ap_fifo  |   out_buf_89   |    pointer   |
|out_buf_90_dout       |  in |   16|   ap_fifo  |   out_buf_90   |    pointer   |
|out_buf_90_empty_n    |  in |    1|   ap_fifo  |   out_buf_90   |    pointer   |
|out_buf_90_read       | out |    1|   ap_fifo  |   out_buf_90   |    pointer   |
|out_buf_91_dout       |  in |   16|   ap_fifo  |   out_buf_91   |    pointer   |
|out_buf_91_empty_n    |  in |    1|   ap_fifo  |   out_buf_91   |    pointer   |
|out_buf_91_read       | out |    1|   ap_fifo  |   out_buf_91   |    pointer   |
|out_buf_92_dout       |  in |   16|   ap_fifo  |   out_buf_92   |    pointer   |
|out_buf_92_empty_n    |  in |    1|   ap_fifo  |   out_buf_92   |    pointer   |
|out_buf_92_read       | out |    1|   ap_fifo  |   out_buf_92   |    pointer   |
|out_buf_93_dout       |  in |   16|   ap_fifo  |   out_buf_93   |    pointer   |
|out_buf_93_empty_n    |  in |    1|   ap_fifo  |   out_buf_93   |    pointer   |
|out_buf_93_read       | out |    1|   ap_fifo  |   out_buf_93   |    pointer   |
|out_buf_94_dout       |  in |   16|   ap_fifo  |   out_buf_94   |    pointer   |
|out_buf_94_empty_n    |  in |    1|   ap_fifo  |   out_buf_94   |    pointer   |
|out_buf_94_read       | out |    1|   ap_fifo  |   out_buf_94   |    pointer   |
|out_buf_95_dout       |  in |   16|   ap_fifo  |   out_buf_95   |    pointer   |
|out_buf_95_empty_n    |  in |    1|   ap_fifo  |   out_buf_95   |    pointer   |
|out_buf_95_read       | out |    1|   ap_fifo  |   out_buf_95   |    pointer   |
|out_buf_96_dout       |  in |   16|   ap_fifo  |   out_buf_96   |    pointer   |
|out_buf_96_empty_n    |  in |    1|   ap_fifo  |   out_buf_96   |    pointer   |
|out_buf_96_read       | out |    1|   ap_fifo  |   out_buf_96   |    pointer   |
|out_buf_97_dout       |  in |   16|   ap_fifo  |   out_buf_97   |    pointer   |
|out_buf_97_empty_n    |  in |    1|   ap_fifo  |   out_buf_97   |    pointer   |
|out_buf_97_read       | out |    1|   ap_fifo  |   out_buf_97   |    pointer   |
|out_buf_98_dout       |  in |   16|   ap_fifo  |   out_buf_98   |    pointer   |
|out_buf_98_empty_n    |  in |    1|   ap_fifo  |   out_buf_98   |    pointer   |
|out_buf_98_read       | out |    1|   ap_fifo  |   out_buf_98   |    pointer   |
|out_buf_99_dout       |  in |   16|   ap_fifo  |   out_buf_99   |    pointer   |
|out_buf_99_empty_n    |  in |    1|   ap_fifo  |   out_buf_99   |    pointer   |
|out_buf_99_read       | out |    1|   ap_fifo  |   out_buf_99   |    pointer   |
|out_buf_100_dout      |  in |   16|   ap_fifo  |   out_buf_100  |    pointer   |
|out_buf_100_empty_n   |  in |    1|   ap_fifo  |   out_buf_100  |    pointer   |
|out_buf_100_read      | out |    1|   ap_fifo  |   out_buf_100  |    pointer   |
|out_buf_101_dout      |  in |   16|   ap_fifo  |   out_buf_101  |    pointer   |
|out_buf_101_empty_n   |  in |    1|   ap_fifo  |   out_buf_101  |    pointer   |
|out_buf_101_read      | out |    1|   ap_fifo  |   out_buf_101  |    pointer   |
|out_buf_102_dout      |  in |   16|   ap_fifo  |   out_buf_102  |    pointer   |
|out_buf_102_empty_n   |  in |    1|   ap_fifo  |   out_buf_102  |    pointer   |
|out_buf_102_read      | out |    1|   ap_fifo  |   out_buf_102  |    pointer   |
|out_buf_103_dout      |  in |   16|   ap_fifo  |   out_buf_103  |    pointer   |
|out_buf_103_empty_n   |  in |    1|   ap_fifo  |   out_buf_103  |    pointer   |
|out_buf_103_read      | out |    1|   ap_fifo  |   out_buf_103  |    pointer   |
|out_buf_104_dout      |  in |   16|   ap_fifo  |   out_buf_104  |    pointer   |
|out_buf_104_empty_n   |  in |    1|   ap_fifo  |   out_buf_104  |    pointer   |
|out_buf_104_read      | out |    1|   ap_fifo  |   out_buf_104  |    pointer   |
|out_buf_105_dout      |  in |   16|   ap_fifo  |   out_buf_105  |    pointer   |
|out_buf_105_empty_n   |  in |    1|   ap_fifo  |   out_buf_105  |    pointer   |
|out_buf_105_read      | out |    1|   ap_fifo  |   out_buf_105  |    pointer   |
|out_buf_106_dout      |  in |   16|   ap_fifo  |   out_buf_106  |    pointer   |
|out_buf_106_empty_n   |  in |    1|   ap_fifo  |   out_buf_106  |    pointer   |
|out_buf_106_read      | out |    1|   ap_fifo  |   out_buf_106  |    pointer   |
|out_buf_107_dout      |  in |   16|   ap_fifo  |   out_buf_107  |    pointer   |
|out_buf_107_empty_n   |  in |    1|   ap_fifo  |   out_buf_107  |    pointer   |
|out_buf_107_read      | out |    1|   ap_fifo  |   out_buf_107  |    pointer   |
|out_buf_108_dout      |  in |   16|   ap_fifo  |   out_buf_108  |    pointer   |
|out_buf_108_empty_n   |  in |    1|   ap_fifo  |   out_buf_108  |    pointer   |
|out_buf_108_read      | out |    1|   ap_fifo  |   out_buf_108  |    pointer   |
|out_buf_109_dout      |  in |   16|   ap_fifo  |   out_buf_109  |    pointer   |
|out_buf_109_empty_n   |  in |    1|   ap_fifo  |   out_buf_109  |    pointer   |
|out_buf_109_read      | out |    1|   ap_fifo  |   out_buf_109  |    pointer   |
|out_buf_110_dout      |  in |   16|   ap_fifo  |   out_buf_110  |    pointer   |
|out_buf_110_empty_n   |  in |    1|   ap_fifo  |   out_buf_110  |    pointer   |
|out_buf_110_read      | out |    1|   ap_fifo  |   out_buf_110  |    pointer   |
|out_buf_111_dout      |  in |   16|   ap_fifo  |   out_buf_111  |    pointer   |
|out_buf_111_empty_n   |  in |    1|   ap_fifo  |   out_buf_111  |    pointer   |
|out_buf_111_read      | out |    1|   ap_fifo  |   out_buf_111  |    pointer   |
|out_buf_112_dout      |  in |   16|   ap_fifo  |   out_buf_112  |    pointer   |
|out_buf_112_empty_n   |  in |    1|   ap_fifo  |   out_buf_112  |    pointer   |
|out_buf_112_read      | out |    1|   ap_fifo  |   out_buf_112  |    pointer   |
|out_buf_113_dout      |  in |   16|   ap_fifo  |   out_buf_113  |    pointer   |
|out_buf_113_empty_n   |  in |    1|   ap_fifo  |   out_buf_113  |    pointer   |
|out_buf_113_read      | out |    1|   ap_fifo  |   out_buf_113  |    pointer   |
|out_buf_114_dout      |  in |   16|   ap_fifo  |   out_buf_114  |    pointer   |
|out_buf_114_empty_n   |  in |    1|   ap_fifo  |   out_buf_114  |    pointer   |
|out_buf_114_read      | out |    1|   ap_fifo  |   out_buf_114  |    pointer   |
|out_buf_115_dout      |  in |   16|   ap_fifo  |   out_buf_115  |    pointer   |
|out_buf_115_empty_n   |  in |    1|   ap_fifo  |   out_buf_115  |    pointer   |
|out_buf_115_read      | out |    1|   ap_fifo  |   out_buf_115  |    pointer   |
|out_buf_116_dout      |  in |   16|   ap_fifo  |   out_buf_116  |    pointer   |
|out_buf_116_empty_n   |  in |    1|   ap_fifo  |   out_buf_116  |    pointer   |
|out_buf_116_read      | out |    1|   ap_fifo  |   out_buf_116  |    pointer   |
|out_buf_117_dout      |  in |   16|   ap_fifo  |   out_buf_117  |    pointer   |
|out_buf_117_empty_n   |  in |    1|   ap_fifo  |   out_buf_117  |    pointer   |
|out_buf_117_read      | out |    1|   ap_fifo  |   out_buf_117  |    pointer   |
|out_buf_118_dout      |  in |   16|   ap_fifo  |   out_buf_118  |    pointer   |
|out_buf_118_empty_n   |  in |    1|   ap_fifo  |   out_buf_118  |    pointer   |
|out_buf_118_read      | out |    1|   ap_fifo  |   out_buf_118  |    pointer   |
|out_buf_119_dout      |  in |   16|   ap_fifo  |   out_buf_119  |    pointer   |
|out_buf_119_empty_n   |  in |    1|   ap_fifo  |   out_buf_119  |    pointer   |
|out_buf_119_read      | out |    1|   ap_fifo  |   out_buf_119  |    pointer   |
|out_buf_120_dout      |  in |   16|   ap_fifo  |   out_buf_120  |    pointer   |
|out_buf_120_empty_n   |  in |    1|   ap_fifo  |   out_buf_120  |    pointer   |
|out_buf_120_read      | out |    1|   ap_fifo  |   out_buf_120  |    pointer   |
|out_buf_121_dout      |  in |   16|   ap_fifo  |   out_buf_121  |    pointer   |
|out_buf_121_empty_n   |  in |    1|   ap_fifo  |   out_buf_121  |    pointer   |
|out_buf_121_read      | out |    1|   ap_fifo  |   out_buf_121  |    pointer   |
|out_buf_122_dout      |  in |   16|   ap_fifo  |   out_buf_122  |    pointer   |
|out_buf_122_empty_n   |  in |    1|   ap_fifo  |   out_buf_122  |    pointer   |
|out_buf_122_read      | out |    1|   ap_fifo  |   out_buf_122  |    pointer   |
|out_buf_123_dout      |  in |   16|   ap_fifo  |   out_buf_123  |    pointer   |
|out_buf_123_empty_n   |  in |    1|   ap_fifo  |   out_buf_123  |    pointer   |
|out_buf_123_read      | out |    1|   ap_fifo  |   out_buf_123  |    pointer   |
|out_buf_124_dout      |  in |   16|   ap_fifo  |   out_buf_124  |    pointer   |
|out_buf_124_empty_n   |  in |    1|   ap_fifo  |   out_buf_124  |    pointer   |
|out_buf_124_read      | out |    1|   ap_fifo  |   out_buf_124  |    pointer   |
|out_buf_125_dout      |  in |   16|   ap_fifo  |   out_buf_125  |    pointer   |
|out_buf_125_empty_n   |  in |    1|   ap_fifo  |   out_buf_125  |    pointer   |
|out_buf_125_read      | out |    1|   ap_fifo  |   out_buf_125  |    pointer   |
|out_buf_126_dout      |  in |   16|   ap_fifo  |   out_buf_126  |    pointer   |
|out_buf_126_empty_n   |  in |    1|   ap_fifo  |   out_buf_126  |    pointer   |
|out_buf_126_read      | out |    1|   ap_fifo  |   out_buf_126  |    pointer   |
|out_buf_127_dout      |  in |   16|   ap_fifo  |   out_buf_127  |    pointer   |
|out_buf_127_empty_n   |  in |    1|   ap_fifo  |   out_buf_127  |    pointer   |
|out_buf_127_read      | out |    1|   ap_fifo  |   out_buf_127  |    pointer   |
+----------------------+-----+-----+------------+----------------+--------------+

