

================================================================
== Vivado HLS Report for 'Loop_5_proc363'
================================================================
* Date:           Sun Apr 23 22:35:13 2023

* Version:        2019.2 (Build 2704478 on Wed Nov 06 22:10:23 MST 2019)
* Project:        alveo_hls4ml
* Solution:       solution
* Product family: virtexuplus
* Target device:  xcu50-fsvh2104-2L-e


================================================================
== Performance Estimates
================================================================
+ Timing: 
    * Summary: 
    +--------+---------+----------+------------+
    |  Clock |  Target | Estimated| Uncertainty|
    +--------+---------+----------+------------+
    |ap_clk  | 5.00 ns | 4.100 ns |   0.90 ns  |
    +--------+---------+----------+------------+

+ Latency: 
    * Summary: 
    +---------+---------+-----------+-----------+------+------+---------+
    |  Latency (cycles) |   Latency (absolute)  |   Interval  | Pipeline|
    |   min   |   max   |    min    |    max    |  min |  max |   Type  |
    +---------+---------+-----------+-----------+------+------+---------+
    |     5410|     5410| 27.050 us | 27.050 us |  5410|  5410|   none  |
    +---------+---------+-----------+-----------+------+------+---------+

    + Detail: 
        * Instance: 
        N/A

        * Loop: 
        +----------+---------+---------+----------+-----------+-----------+------+----------+
        |          |  Latency (cycles) | Iteration|  Initiation Interval  | Trip |          |
        | Loop Name|   min   |   max   |  Latency |  achieved |   target  | Count| Pipelined|
        +----------+---------+---------+----------+-----------+-----------+------+----------+
        |- Loop 1  |     5403|     5403|         3|          1|          1|  5402|    yes   |
        +----------+---------+---------+----------+-----------+-----------+------+----------+



================================================================
== Utilization Estimates
================================================================
* Summary: 
+---------------------+---------+-------+---------+--------+-----+
|         Name        | BRAM_18K| DSP48E|    FF   |   LUT  | URAM|
+---------------------+---------+-------+---------+--------+-----+
|DSP                  |        -|      -|        -|       -|    -|
|Expression           |        -|      -|        0|     215|    -|
|FIFO                 |        -|      -|        -|       -|    -|
|Instance             |        -|      -|        -|       -|    -|
|Memory               |        -|      -|        -|       -|    -|
|Multiplexer          |        -|      -|        -|    1124|    -|
|Register             |        -|      -|      135|       -|    -|
+---------------------+---------+-------+---------+--------+-----+
|Total                |        0|      0|      135|    1339|    0|
+---------------------+---------+-------+---------+--------+-----+
|Available SLR        |     1344|   2976|   871680|  435840|  320|
+---------------------+---------+-------+---------+--------+-----+
|Utilization SLR (%)  |        0|      0|    ~0   |   ~0   |    0|
+---------------------+---------+-------+---------+--------+-----+
|Available            |     2688|   5952|  1743360|  871680|  640|
+---------------------+---------+-------+---------+--------+-----+
|Utilization (%)      |        0|      0|    ~0   |   ~0   |    0|
+---------------------+---------+-------+---------+--------+-----+

+ Detail: 
    * Instance: 
    N/A

    * DSP48E: 
    N/A

    * Memory: 
    N/A

    * FIFO: 
    N/A

    * Expression: 
    +----------------------------------+----------+-------+---+----+------------+------------+
    |           Variable Name          | Operation| DSP48E| FF| LUT| Bitwidth P0| Bitwidth P1|
    +----------------------------------+----------+-------+---+----+------------+------------+
    |add_ln105_fu_1031_p2              |     +    |      0|  0|  13|          13|           1|
    |i1_fu_1051_p2                     |     +    |      0|  0|   7|           7|           1|
    |ap_block_pp0_stage0_01001         |    and   |      0|  0|   2|           1|           1|
    |ap_block_state5_io                |    and   |      0|  0|   2|           1|           1|
    |ap_condition_1594                 |    and   |      0|  0|   2|           1|           1|
    |ap_condition_937                  |    and   |      0|  0|   2|           1|           1|
    |ap_predicate_op180_read_state4    |    and   |      0|  0|   2|           1|           1|
    |ap_predicate_op182_read_state4    |    and   |      0|  0|   2|           1|           1|
    |ap_predicate_op184_read_state4    |    and   |      0|  0|   2|           1|           1|
    |ap_predicate_op186_read_state4    |    and   |      0|  0|   2|           1|           1|
    |ap_predicate_op188_read_state4    |    and   |      0|  0|   2|           1|           1|
    |ap_predicate_op190_read_state4    |    and   |      0|  0|   2|           1|           1|
    |ap_predicate_op192_read_state4    |    and   |      0|  0|   2|           1|           1|
    |ap_predicate_op194_read_state4    |    and   |      0|  0|   2|           1|           1|
    |ap_predicate_op196_read_state4    |    and   |      0|  0|   2|           1|           1|
    |ap_predicate_op198_read_state4    |    and   |      0|  0|   2|           1|           1|
    |ap_predicate_op200_read_state4    |    and   |      0|  0|   2|           1|           1|
    |ap_predicate_op202_read_state4    |    and   |      0|  0|   2|           1|           1|
    |ap_predicate_op204_read_state4    |    and   |      0|  0|   2|           1|           1|
    |ap_predicate_op206_read_state4    |    and   |      0|  0|   2|           1|           1|
    |ap_predicate_op208_read_state4    |    and   |      0|  0|   2|           1|           1|
    |ap_predicate_op210_read_state4    |    and   |      0|  0|   2|           1|           1|
    |ap_predicate_op212_read_state4    |    and   |      0|  0|   2|           1|           1|
    |ap_predicate_op214_read_state4    |    and   |      0|  0|   2|           1|           1|
    |ap_predicate_op216_read_state4    |    and   |      0|  0|   2|           1|           1|
    |ap_predicate_op218_read_state4    |    and   |      0|  0|   2|           1|           1|
    |ap_predicate_op220_read_state4    |    and   |      0|  0|   2|           1|           1|
    |ap_predicate_op222_read_state4    |    and   |      0|  0|   2|           1|           1|
    |ap_predicate_op224_read_state4    |    and   |      0|  0|   2|           1|           1|
    |ap_predicate_op226_read_state4    |    and   |      0|  0|   2|           1|           1|
    |ap_predicate_op228_read_state4    |    and   |      0|  0|   2|           1|           1|
    |ap_predicate_op230_read_state4    |    and   |      0|  0|   2|           1|           1|
    |ap_predicate_op232_read_state4    |    and   |      0|  0|   2|           1|           1|
    |ap_predicate_op234_read_state4    |    and   |      0|  0|   2|           1|           1|
    |ap_predicate_op236_read_state4    |    and   |      0|  0|   2|           1|           1|
    |ap_predicate_op238_read_state4    |    and   |      0|  0|   2|           1|           1|
    |ap_predicate_op240_read_state4    |    and   |      0|  0|   2|           1|           1|
    |ap_predicate_op242_read_state4    |    and   |      0|  0|   2|           1|           1|
    |ap_predicate_op244_read_state4    |    and   |      0|  0|   2|           1|           1|
    |ap_predicate_op246_read_state4    |    and   |      0|  0|   2|           1|           1|
    |ap_predicate_op248_read_state4    |    and   |      0|  0|   2|           1|           1|
    |ap_predicate_op250_read_state4    |    and   |      0|  0|   2|           1|           1|
    |ap_predicate_op252_read_state4    |    and   |      0|  0|   2|           1|           1|
    |ap_predicate_op254_read_state4    |    and   |      0|  0|   2|           1|           1|
    |ap_predicate_op256_read_state4    |    and   |      0|  0|   2|           1|           1|
    |ap_predicate_op258_read_state4    |    and   |      0|  0|   2|           1|           1|
    |ap_predicate_op260_read_state4    |    and   |      0|  0|   2|           1|           1|
    |ap_predicate_op262_read_state4    |    and   |      0|  0|   2|           1|           1|
    |ap_predicate_op264_read_state4    |    and   |      0|  0|   2|           1|           1|
    |ap_predicate_op266_read_state4    |    and   |      0|  0|   2|           1|           1|
    |ap_predicate_op268_read_state4    |    and   |      0|  0|   2|           1|           1|
    |ap_predicate_op270_read_state4    |    and   |      0|  0|   2|           1|           1|
    |ap_predicate_op272_read_state4    |    and   |      0|  0|   2|           1|           1|
    |ap_predicate_op274_read_state4    |    and   |      0|  0|   2|           1|           1|
    |ap_predicate_op276_read_state4    |    and   |      0|  0|   2|           1|           1|
    |ap_predicate_op278_read_state4    |    and   |      0|  0|   2|           1|           1|
    |ap_predicate_op280_read_state4    |    and   |      0|  0|   2|           1|           1|
    |ap_predicate_op282_read_state4    |    and   |      0|  0|   2|           1|           1|
    |ap_predicate_op284_read_state4    |    and   |      0|  0|   2|           1|           1|
    |ap_predicate_op286_read_state4    |    and   |      0|  0|   2|           1|           1|
    |ap_predicate_op288_read_state4    |    and   |      0|  0|   2|           1|           1|
    |ap_predicate_op290_read_state4    |    and   |      0|  0|   2|           1|           1|
    |ap_predicate_op292_read_state4    |    and   |      0|  0|   2|           1|           1|
    |ap_predicate_op294_read_state4    |    and   |      0|  0|   2|           1|           1|
    |ap_predicate_op296_read_state4    |    and   |      0|  0|   2|           1|           1|
    |ap_predicate_op298_read_state4    |    and   |      0|  0|   2|           1|           1|
    |ap_predicate_op300_read_state4    |    and   |      0|  0|   2|           1|           1|
    |ap_predicate_op302_read_state4    |    and   |      0|  0|   2|           1|           1|
    |ap_predicate_op304_read_state4    |    and   |      0|  0|   2|           1|           1|
    |ap_predicate_op306_read_state4    |    and   |      0|  0|   2|           1|           1|
    |ap_predicate_op308_read_state4    |    and   |      0|  0|   2|           1|           1|
    |ap_predicate_op310_read_state4    |    and   |      0|  0|   2|           1|           1|
    |ap_predicate_op312_read_state4    |    and   |      0|  0|   2|           1|           1|
    |ap_predicate_op314_read_state4    |    and   |      0|  0|   2|           1|           1|
    |ap_predicate_op316_read_state4    |    and   |      0|  0|   2|           1|           1|
    |ap_predicate_op318_read_state4    |    and   |      0|  0|   2|           1|           1|
    |ap_predicate_op320_read_state4    |    and   |      0|  0|   2|           1|           1|
    |ap_predicate_op322_read_state4    |    and   |      0|  0|   2|           1|           1|
    |ap_predicate_op324_read_state4    |    and   |      0|  0|   2|           1|           1|
    |icmp_ln105_fu_1025_p2             |   icmp   |      0|  0|  13|          13|          13|
    |icmp_ln106_fu_1037_p2             |   icmp   |      0|  0|  11|           7|           7|
    |ap_block_pp0_stage0_11001         |    or    |      0|  0|   2|           1|           1|
    |ap_block_state1                   |    or    |      0|  0|   2|           1|           1|
    |ap_block_state4_pp0_stage0_iter1  |    or    |      0|  0|   2|           1|           1|
    |select_ln109_fu_1043_p3           |  select  |      0|  0|   7|           1|           1|
    |ap_enable_pp0                     |    xor   |      0|  0|   2|           1|           2|
    |ap_enable_reg_pp0_iter1           |    xor   |      0|  0|   2|           2|           1|
    +----------------------------------+----------+-------+---+----+------------+------------+
    |Total                             |          |      0|  0| 215|         124|         106|
    +----------------------------------+----------+-------+---+----+------------+------------+

    * Multiplexer: 
    +---------------------------------------+-----+-----------+-----+-----------+
    |                  Name                 | LUT | Input Size| Bits| Total Bits|
    +---------------------------------------+-----+-----------+-----+-----------+
    |ap_NS_fsm                              |   44|          9|    1|          9|
    |ap_done                                |    9|          2|    1|          2|
    |ap_enable_reg_pp0_iter1                |    9|          2|    1|          2|
    |ap_enable_reg_pp0_iter2                |    9|          2|    1|          2|
    |ap_phi_reg_pp0_iter2_p_Val2_s_reg_852  |  333|         75|   16|       1200|
    |i19_0_i_reg_841                        |    9|          2|    7|         14|
    |indvar_flatten_i_reg_830               |    9|          2|   13|         26|
    |out_V_blk_n_AW                         |    9|          2|    1|          2|
    |out_V_blk_n_B                          |    9|          2|    1|          2|
    |out_V_blk_n_W                          |    9|          2|    1|          2|
    |out_V_offset_blk_n                     |    9|          2|    1|          2|
    |out_stream_0_blk_n                     |    9|          2|    1|          2|
    |out_stream_10_blk_n                    |    9|          2|    1|          2|
    |out_stream_11_blk_n                    |    9|          2|    1|          2|
    |out_stream_12_blk_n                    |    9|          2|    1|          2|
    |out_stream_13_blk_n                    |    9|          2|    1|          2|
    |out_stream_14_blk_n                    |    9|          2|    1|          2|
    |out_stream_15_blk_n                    |    9|          2|    1|          2|
    |out_stream_16_blk_n                    |    9|          2|    1|          2|
    |out_stream_17_blk_n                    |    9|          2|    1|          2|
    |out_stream_18_blk_n                    |    9|          2|    1|          2|
    |out_stream_19_blk_n                    |    9|          2|    1|          2|
    |out_stream_1_blk_n                     |    9|          2|    1|          2|
    |out_stream_20_blk_n                    |    9|          2|    1|          2|
    |out_stream_21_blk_n                    |    9|          2|    1|          2|
    |out_stream_22_blk_n                    |    9|          2|    1|          2|
    |out_stream_23_blk_n                    |    9|          2|    1|          2|
    |out_stream_24_blk_n                    |    9|          2|    1|          2|
    |out_stream_25_blk_n                    |    9|          2|    1|          2|
    |out_stream_26_blk_n                    |    9|          2|    1|          2|
    |out_stream_27_blk_n                    |    9|          2|    1|          2|
    |out_stream_28_blk_n                    |    9|          2|    1|          2|
    |out_stream_29_blk_n                    |    9|          2|    1|          2|
    |out_stream_2_blk_n                     |    9|          2|    1|          2|
    |out_stream_30_blk_n                    |    9|          2|    1|          2|
    |out_stream_31_blk_n                    |    9|          2|    1|          2|
    |out_stream_32_blk_n                    |    9|          2|    1|          2|
    |out_stream_33_blk_n                    |    9|          2|    1|          2|
    |out_stream_34_blk_n                    |    9|          2|    1|          2|
    |out_stream_35_blk_n                    |    9|          2|    1|          2|
    |out_stream_36_blk_n                    |    9|          2|    1|          2|
    |out_stream_37_blk_n                    |    9|          2|    1|          2|
    |out_stream_38_blk_n                    |    9|          2|    1|          2|
    |out_stream_39_blk_n                    |    9|          2|    1|          2|
    |out_stream_3_blk_n                     |    9|          2|    1|          2|
    |out_stream_40_blk_n                    |    9|          2|    1|          2|
    |out_stream_41_blk_n                    |    9|          2|    1|          2|
    |out_stream_42_blk_n                    |    9|          2|    1|          2|
    |out_stream_43_blk_n                    |    9|          2|    1|          2|
    |out_stream_44_blk_n                    |    9|          2|    1|          2|
    |out_stream_45_blk_n                    |    9|          2|    1|          2|
    |out_stream_46_blk_n                    |    9|          2|    1|          2|
    |out_stream_47_blk_n                    |    9|          2|    1|          2|
    |out_stream_48_blk_n                    |    9|          2|    1|          2|
    |out_stream_49_blk_n                    |    9|          2|    1|          2|
    |out_stream_4_blk_n                     |    9|          2|    1|          2|
    |out_stream_50_blk_n                    |    9|          2|    1|          2|
    |out_stream_51_blk_n                    |    9|          2|    1|          2|
    |out_stream_52_blk_n                    |    9|          2|    1|          2|
    |out_stream_53_blk_n                    |    9|          2|    1|          2|
    |out_stream_54_blk_n                    |    9|          2|    1|          2|
    |out_stream_55_blk_n                    |    9|          2|    1|          2|
    |out_stream_56_blk_n                    |    9|          2|    1|          2|
    |out_stream_57_blk_n                    |    9|          2|    1|          2|
    |out_stream_58_blk_n                    |    9|          2|    1|          2|
    |out_stream_59_blk_n                    |    9|          2|    1|          2|
    |out_stream_5_blk_n                     |    9|          2|    1|          2|
    |out_stream_60_blk_n                    |    9|          2|    1|          2|
    |out_stream_61_blk_n                    |    9|          2|    1|          2|
    |out_stream_62_blk_n                    |    9|          2|    1|          2|
    |out_stream_63_blk_n                    |    9|          2|    1|          2|
    |out_stream_64_blk_n                    |    9|          2|    1|          2|
    |out_stream_65_blk_n                    |    9|          2|    1|          2|
    |out_stream_66_blk_n                    |    9|          2|    1|          2|
    |out_stream_67_blk_n                    |    9|          2|    1|          2|
    |out_stream_68_blk_n                    |    9|          2|    1|          2|
    |out_stream_69_blk_n                    |    9|          2|    1|          2|
    |out_stream_6_blk_n                     |    9|          2|    1|          2|
    |out_stream_70_blk_n                    |    9|          2|    1|          2|
    |out_stream_71_blk_n                    |    9|          2|    1|          2|
    |out_stream_72_blk_n                    |    9|          2|    1|          2|
    |out_stream_73_blk_n                    |    9|          2|    1|          2|
    |out_stream_7_blk_n                     |    9|          2|    1|          2|
    |out_stream_8_blk_n                     |    9|          2|    1|          2|
    |out_stream_9_blk_n                     |    9|          2|    1|          2|
    +---------------------------------------+-----+-----------+-----+-----------+
    |Total                                  | 1124|        250|  118|       1411|
    +---------------------------------------+-----+-----------+-----+-----------+

    * Register: 
    +---------------------------------------+----+----+-----+-----------+
    |                  Name                 | FF | LUT| Bits| Const Bits|
    +---------------------------------------+----+----+-----+-----------+
    |ap_CS_fsm                              |   8|   0|    8|          0|
    |ap_done_reg                            |   1|   0|    1|          0|
    |ap_enable_reg_pp0_iter0                |   1|   0|    1|          0|
    |ap_enable_reg_pp0_iter1                |   1|   0|    1|          0|
    |ap_enable_reg_pp0_iter2                |   1|   0|    1|          0|
    |ap_phi_reg_pp0_iter1_p_Val2_s_reg_852  |  16|   0|   16|          0|
    |ap_phi_reg_pp0_iter2_p_Val2_s_reg_852  |  16|   0|   16|          0|
    |i19_0_i_reg_841                        |   7|   0|    7|          0|
    |icmp_ln105_reg_1076                    |   1|   0|    1|          0|
    |icmp_ln105_reg_1076_pp0_iter1_reg      |   1|   0|    1|          0|
    |indvar_flatten_i_reg_830               |  13|   0|   13|          0|
    |out_V_addr_reg_1070                    |  62|   0|   64|          2|
    |select_ln109_reg_1085                  |   7|   0|    7|          0|
    +---------------------------------------+----+----+-----+-----------+
    |Total                                  | 135|   0|  137|          2|
    +---------------------------------------+----+----+-----+-----------+



================================================================
== Interface
================================================================
* Summary: 
+-----------------------+-----+-----+------------+----------------+--------------+
|       RTL Ports       | Dir | Bits|  Protocol  |  Source Object |    C Type    |
+-----------------------+-----+-----+------------+----------------+--------------+
|ap_clk                 |  in |    1| ap_ctrl_hs | Loop_5_proc363 | return value |
|ap_rst                 |  in |    1| ap_ctrl_hs | Loop_5_proc363 | return value |
|ap_start               |  in |    1| ap_ctrl_hs | Loop_5_proc363 | return value |
|ap_done                | out |    1| ap_ctrl_hs | Loop_5_proc363 | return value |
|ap_continue            |  in |    1| ap_ctrl_hs | Loop_5_proc363 | return value |
|ap_idle                | out |    1| ap_ctrl_hs | Loop_5_proc363 | return value |
|ap_ready               | out |    1| ap_ctrl_hs | Loop_5_proc363 | return value |
|m_axi_out_V_AWVALID    | out |    1|    m_axi   |      out_V     |    pointer   |
|m_axi_out_V_AWREADY    |  in |    1|    m_axi   |      out_V     |    pointer   |
|m_axi_out_V_AWADDR     | out |   64|    m_axi   |      out_V     |    pointer   |
|m_axi_out_V_AWID       | out |    1|    m_axi   |      out_V     |    pointer   |
|m_axi_out_V_AWLEN      | out |   32|    m_axi   |      out_V     |    pointer   |
|m_axi_out_V_AWSIZE     | out |    3|    m_axi   |      out_V     |    pointer   |
|m_axi_out_V_AWBURST    | out |    2|    m_axi   |      out_V     |    pointer   |
|m_axi_out_V_AWLOCK     | out |    2|    m_axi   |      out_V     |    pointer   |
|m_axi_out_V_AWCACHE    | out |    4|    m_axi   |      out_V     |    pointer   |
|m_axi_out_V_AWPROT     | out |    3|    m_axi   |      out_V     |    pointer   |
|m_axi_out_V_AWQOS      | out |    4|    m_axi   |      out_V     |    pointer   |
|m_axi_out_V_AWREGION   | out |    4|    m_axi   |      out_V     |    pointer   |
|m_axi_out_V_AWUSER     | out |    1|    m_axi   |      out_V     |    pointer   |
|m_axi_out_V_WVALID     | out |    1|    m_axi   |      out_V     |    pointer   |
|m_axi_out_V_WREADY     |  in |    1|    m_axi   |      out_V     |    pointer   |
|m_axi_out_V_WDATA      | out |   32|    m_axi   |      out_V     |    pointer   |
|m_axi_out_V_WSTRB      | out |    4|    m_axi   |      out_V     |    pointer   |
|m_axi_out_V_WLAST      | out |    1|    m_axi   |      out_V     |    pointer   |
|m_axi_out_V_WID        | out |    1|    m_axi   |      out_V     |    pointer   |
|m_axi_out_V_WUSER      | out |    1|    m_axi   |      out_V     |    pointer   |
|m_axi_out_V_ARVALID    | out |    1|    m_axi   |      out_V     |    pointer   |
|m_axi_out_V_ARREADY    |  in |    1|    m_axi   |      out_V     |    pointer   |
|m_axi_out_V_ARADDR     | out |   64|    m_axi   |      out_V     |    pointer   |
|m_axi_out_V_ARID       | out |    1|    m_axi   |      out_V     |    pointer   |
|m_axi_out_V_ARLEN      | out |   32|    m_axi   |      out_V     |    pointer   |
|m_axi_out_V_ARSIZE     | out |    3|    m_axi   |      out_V     |    pointer   |
|m_axi_out_V_ARBURST    | out |    2|    m_axi   |      out_V     |    pointer   |
|m_axi_out_V_ARLOCK     | out |    2|    m_axi   |      out_V     |    pointer   |
|m_axi_out_V_ARCACHE    | out |    4|    m_axi   |      out_V     |    pointer   |
|m_axi_out_V_ARPROT     | out |    3|    m_axi   |      out_V     |    pointer   |
|m_axi_out_V_ARQOS      | out |    4|    m_axi   |      out_V     |    pointer   |
|m_axi_out_V_ARREGION   | out |    4|    m_axi   |      out_V     |    pointer   |
|m_axi_out_V_ARUSER     | out |    1|    m_axi   |      out_V     |    pointer   |
|m_axi_out_V_RVALID     |  in |    1|    m_axi   |      out_V     |    pointer   |
|m_axi_out_V_RREADY     | out |    1|    m_axi   |      out_V     |    pointer   |
|m_axi_out_V_RDATA      |  in |   32|    m_axi   |      out_V     |    pointer   |
|m_axi_out_V_RLAST      |  in |    1|    m_axi   |      out_V     |    pointer   |
|m_axi_out_V_RID        |  in |    1|    m_axi   |      out_V     |    pointer   |
|m_axi_out_V_RUSER      |  in |    1|    m_axi   |      out_V     |    pointer   |
|m_axi_out_V_RRESP      |  in |    2|    m_axi   |      out_V     |    pointer   |
|m_axi_out_V_BVALID     |  in |    1|    m_axi   |      out_V     |    pointer   |
|m_axi_out_V_BREADY     | out |    1|    m_axi   |      out_V     |    pointer   |
|m_axi_out_V_BRESP      |  in |    2|    m_axi   |      out_V     |    pointer   |
|m_axi_out_V_BID        |  in |    1|    m_axi   |      out_V     |    pointer   |
|m_axi_out_V_BUSER      |  in |    1|    m_axi   |      out_V     |    pointer   |
|out_V_offset_dout      |  in |   64|   ap_fifo  |  out_V_offset  |    pointer   |
|out_V_offset_empty_n   |  in |    1|   ap_fifo  |  out_V_offset  |    pointer   |
|out_V_offset_read      | out |    1|   ap_fifo  |  out_V_offset  |    pointer   |
|out_stream_0_dout      |  in |   16|   ap_fifo  |  out_stream_0  |    pointer   |
|out_stream_0_empty_n   |  in |    1|   ap_fifo  |  out_stream_0  |    pointer   |
|out_stream_0_read      | out |    1|   ap_fifo  |  out_stream_0  |    pointer   |
|out_stream_1_dout      |  in |   16|   ap_fifo  |  out_stream_1  |    pointer   |
|out_stream_1_empty_n   |  in |    1|   ap_fifo  |  out_stream_1  |    pointer   |
|out_stream_1_read      | out |    1|   ap_fifo  |  out_stream_1  |    pointer   |
|out_stream_2_dout      |  in |   16|   ap_fifo  |  out_stream_2  |    pointer   |
|out_stream_2_empty_n   |  in |    1|   ap_fifo  |  out_stream_2  |    pointer   |
|out_stream_2_read      | out |    1|   ap_fifo  |  out_stream_2  |    pointer   |
|out_stream_3_dout      |  in |   16|   ap_fifo  |  out_stream_3  |    pointer   |
|out_stream_3_empty_n   |  in |    1|   ap_fifo  |  out_stream_3  |    pointer   |
|out_stream_3_read      | out |    1|   ap_fifo  |  out_stream_3  |    pointer   |
|out_stream_4_dout      |  in |   16|   ap_fifo  |  out_stream_4  |    pointer   |
|out_stream_4_empty_n   |  in |    1|   ap_fifo  |  out_stream_4  |    pointer   |
|out_stream_4_read      | out |    1|   ap_fifo  |  out_stream_4  |    pointer   |
|out_stream_5_dout      |  in |   16|   ap_fifo  |  out_stream_5  |    pointer   |
|out_stream_5_empty_n   |  in |    1|   ap_fifo  |  out_stream_5  |    pointer   |
|out_stream_5_read      | out |    1|   ap_fifo  |  out_stream_5  |    pointer   |
|out_stream_6_dout      |  in |   16|   ap_fifo  |  out_stream_6  |    pointer   |
|out_stream_6_empty_n   |  in |    1|   ap_fifo  |  out_stream_6  |    pointer   |
|out_stream_6_read      | out |    1|   ap_fifo  |  out_stream_6  |    pointer   |
|out_stream_7_dout      |  in |   16|   ap_fifo  |  out_stream_7  |    pointer   |
|out_stream_7_empty_n   |  in |    1|   ap_fifo  |  out_stream_7  |    pointer   |
|out_stream_7_read      | out |    1|   ap_fifo  |  out_stream_7  |    pointer   |
|out_stream_8_dout      |  in |   16|   ap_fifo  |  out_stream_8  |    pointer   |
|out_stream_8_empty_n   |  in |    1|   ap_fifo  |  out_stream_8  |    pointer   |
|out_stream_8_read      | out |    1|   ap_fifo  |  out_stream_8  |    pointer   |
|out_stream_9_dout      |  in |   16|   ap_fifo  |  out_stream_9  |    pointer   |
|out_stream_9_empty_n   |  in |    1|   ap_fifo  |  out_stream_9  |    pointer   |
|out_stream_9_read      | out |    1|   ap_fifo  |  out_stream_9  |    pointer   |
|out_stream_10_dout     |  in |   16|   ap_fifo  |  out_stream_10 |    pointer   |
|out_stream_10_empty_n  |  in |    1|   ap_fifo  |  out_stream_10 |    pointer   |
|out_stream_10_read     | out |    1|   ap_fifo  |  out_stream_10 |    pointer   |
|out_stream_11_dout     |  in |   16|   ap_fifo  |  out_stream_11 |    pointer   |
|out_stream_11_empty_n  |  in |    1|   ap_fifo  |  out_stream_11 |    pointer   |
|out_stream_11_read     | out |    1|   ap_fifo  |  out_stream_11 |    pointer   |
|out_stream_12_dout     |  in |   16|   ap_fifo  |  out_stream_12 |    pointer   |
|out_stream_12_empty_n  |  in |    1|   ap_fifo  |  out_stream_12 |    pointer   |
|out_stream_12_read     | out |    1|   ap_fifo  |  out_stream_12 |    pointer   |
|out_stream_13_dout     |  in |   16|   ap_fifo  |  out_stream_13 |    pointer   |
|out_stream_13_empty_n  |  in |    1|   ap_fifo  |  out_stream_13 |    pointer   |
|out_stream_13_read     | out |    1|   ap_fifo  |  out_stream_13 |    pointer   |
|out_stream_14_dout     |  in |   16|   ap_fifo  |  out_stream_14 |    pointer   |
|out_stream_14_empty_n  |  in |    1|   ap_fifo  |  out_stream_14 |    pointer   |
|out_stream_14_read     | out |    1|   ap_fifo  |  out_stream_14 |    pointer   |
|out_stream_15_dout     |  in |   16|   ap_fifo  |  out_stream_15 |    pointer   |
|out_stream_15_empty_n  |  in |    1|   ap_fifo  |  out_stream_15 |    pointer   |
|out_stream_15_read     | out |    1|   ap_fifo  |  out_stream_15 |    pointer   |
|out_stream_16_dout     |  in |   16|   ap_fifo  |  out_stream_16 |    pointer   |
|out_stream_16_empty_n  |  in |    1|   ap_fifo  |  out_stream_16 |    pointer   |
|out_stream_16_read     | out |    1|   ap_fifo  |  out_stream_16 |    pointer   |
|out_stream_17_dout     |  in |   16|   ap_fifo  |  out_stream_17 |    pointer   |
|out_stream_17_empty_n  |  in |    1|   ap_fifo  |  out_stream_17 |    pointer   |
|out_stream_17_read     | out |    1|   ap_fifo  |  out_stream_17 |    pointer   |
|out_stream_18_dout     |  in |   16|   ap_fifo  |  out_stream_18 |    pointer   |
|out_stream_18_empty_n  |  in |    1|   ap_fifo  |  out_stream_18 |    pointer   |
|out_stream_18_read     | out |    1|   ap_fifo  |  out_stream_18 |    pointer   |
|out_stream_19_dout     |  in |   16|   ap_fifo  |  out_stream_19 |    pointer   |
|out_stream_19_empty_n  |  in |    1|   ap_fifo  |  out_stream_19 |    pointer   |
|out_stream_19_read     | out |    1|   ap_fifo  |  out_stream_19 |    pointer   |
|out_stream_20_dout     |  in |   16|   ap_fifo  |  out_stream_20 |    pointer   |
|out_stream_20_empty_n  |  in |    1|   ap_fifo  |  out_stream_20 |    pointer   |
|out_stream_20_read     | out |    1|   ap_fifo  |  out_stream_20 |    pointer   |
|out_stream_21_dout     |  in |   16|   ap_fifo  |  out_stream_21 |    pointer   |
|out_stream_21_empty_n  |  in |    1|   ap_fifo  |  out_stream_21 |    pointer   |
|out_stream_21_read     | out |    1|   ap_fifo  |  out_stream_21 |    pointer   |
|out_stream_22_dout     |  in |   16|   ap_fifo  |  out_stream_22 |    pointer   |
|out_stream_22_empty_n  |  in |    1|   ap_fifo  |  out_stream_22 |    pointer   |
|out_stream_22_read     | out |    1|   ap_fifo  |  out_stream_22 |    pointer   |
|out_stream_23_dout     |  in |   16|   ap_fifo  |  out_stream_23 |    pointer   |
|out_stream_23_empty_n  |  in |    1|   ap_fifo  |  out_stream_23 |    pointer   |
|out_stream_23_read     | out |    1|   ap_fifo  |  out_stream_23 |    pointer   |
|out_stream_24_dout     |  in |   16|   ap_fifo  |  out_stream_24 |    pointer   |
|out_stream_24_empty_n  |  in |    1|   ap_fifo  |  out_stream_24 |    pointer   |
|out_stream_24_read     | out |    1|   ap_fifo  |  out_stream_24 |    pointer   |
|out_stream_25_dout     |  in |   16|   ap_fifo  |  out_stream_25 |    pointer   |
|out_stream_25_empty_n  |  in |    1|   ap_fifo  |  out_stream_25 |    pointer   |
|out_stream_25_read     | out |    1|   ap_fifo  |  out_stream_25 |    pointer   |
|out_stream_26_dout     |  in |   16|   ap_fifo  |  out_stream_26 |    pointer   |
|out_stream_26_empty_n  |  in |    1|   ap_fifo  |  out_stream_26 |    pointer   |
|out_stream_26_read     | out |    1|   ap_fifo  |  out_stream_26 |    pointer   |
|out_stream_27_dout     |  in |   16|   ap_fifo  |  out_stream_27 |    pointer   |
|out_stream_27_empty_n  |  in |    1|   ap_fifo  |  out_stream_27 |    pointer   |
|out_stream_27_read     | out |    1|   ap_fifo  |  out_stream_27 |    pointer   |
|out_stream_28_dout     |  in |   16|   ap_fifo  |  out_stream_28 |    pointer   |
|out_stream_28_empty_n  |  in |    1|   ap_fifo  |  out_stream_28 |    pointer   |
|out_stream_28_read     | out |    1|   ap_fifo  |  out_stream_28 |    pointer   |
|out_stream_29_dout     |  in |   16|   ap_fifo  |  out_stream_29 |    pointer   |
|out_stream_29_empty_n  |  in |    1|   ap_fifo  |  out_stream_29 |    pointer   |
|out_stream_29_read     | out |    1|   ap_fifo  |  out_stream_29 |    pointer   |
|out_stream_30_dout     |  in |   16|   ap_fifo  |  out_stream_30 |    pointer   |
|out_stream_30_empty_n  |  in |    1|   ap_fifo  |  out_stream_30 |    pointer   |
|out_stream_30_read     | out |    1|   ap_fifo  |  out_stream_30 |    pointer   |
|out_stream_31_dout     |  in |   16|   ap_fifo  |  out_stream_31 |    pointer   |
|out_stream_31_empty_n  |  in |    1|   ap_fifo  |  out_stream_31 |    pointer   |
|out_stream_31_read     | out |    1|   ap_fifo  |  out_stream_31 |    pointer   |
|out_stream_32_dout     |  in |   16|   ap_fifo  |  out_stream_32 |    pointer   |
|out_stream_32_empty_n  |  in |    1|   ap_fifo  |  out_stream_32 |    pointer   |
|out_stream_32_read     | out |    1|   ap_fifo  |  out_stream_32 |    pointer   |
|out_stream_33_dout     |  in |   16|   ap_fifo  |  out_stream_33 |    pointer   |
|out_stream_33_empty_n  |  in |    1|   ap_fifo  |  out_stream_33 |    pointer   |
|out_stream_33_read     | out |    1|   ap_fifo  |  out_stream_33 |    pointer   |
|out_stream_34_dout     |  in |   16|   ap_fifo  |  out_stream_34 |    pointer   |
|out_stream_34_empty_n  |  in |    1|   ap_fifo  |  out_stream_34 |    pointer   |
|out_stream_34_read     | out |    1|   ap_fifo  |  out_stream_34 |    pointer   |
|out_stream_35_dout     |  in |   16|   ap_fifo  |  out_stream_35 |    pointer   |
|out_stream_35_empty_n  |  in |    1|   ap_fifo  |  out_stream_35 |    pointer   |
|out_stream_35_read     | out |    1|   ap_fifo  |  out_stream_35 |    pointer   |
|out_stream_36_dout     |  in |   16|   ap_fifo  |  out_stream_36 |    pointer   |
|out_stream_36_empty_n  |  in |    1|   ap_fifo  |  out_stream_36 |    pointer   |
|out_stream_36_read     | out |    1|   ap_fifo  |  out_stream_36 |    pointer   |
|out_stream_37_dout     |  in |   16|   ap_fifo  |  out_stream_37 |    pointer   |
|out_stream_37_empty_n  |  in |    1|   ap_fifo  |  out_stream_37 |    pointer   |
|out_stream_37_read     | out |    1|   ap_fifo  |  out_stream_37 |    pointer   |
|out_stream_38_dout     |  in |   16|   ap_fifo  |  out_stream_38 |    pointer   |
|out_stream_38_empty_n  |  in |    1|   ap_fifo  |  out_stream_38 |    pointer   |
|out_stream_38_read     | out |    1|   ap_fifo  |  out_stream_38 |    pointer   |
|out_stream_39_dout     |  in |   16|   ap_fifo  |  out_stream_39 |    pointer   |
|out_stream_39_empty_n  |  in |    1|   ap_fifo  |  out_stream_39 |    pointer   |
|out_stream_39_read     | out |    1|   ap_fifo  |  out_stream_39 |    pointer   |
|out_stream_40_dout     |  in |   16|   ap_fifo  |  out_stream_40 |    pointer   |
|out_stream_40_empty_n  |  in |    1|   ap_fifo  |  out_stream_40 |    pointer   |
|out_stream_40_read     | out |    1|   ap_fifo  |  out_stream_40 |    pointer   |
|out_stream_41_dout     |  in |   16|   ap_fifo  |  out_stream_41 |    pointer   |
|out_stream_41_empty_n  |  in |    1|   ap_fifo  |  out_stream_41 |    pointer   |
|out_stream_41_read     | out |    1|   ap_fifo  |  out_stream_41 |    pointer   |
|out_stream_42_dout     |  in |   16|   ap_fifo  |  out_stream_42 |    pointer   |
|out_stream_42_empty_n  |  in |    1|   ap_fifo  |  out_stream_42 |    pointer   |
|out_stream_42_read     | out |    1|   ap_fifo  |  out_stream_42 |    pointer   |
|out_stream_43_dout     |  in |   16|   ap_fifo  |  out_stream_43 |    pointer   |
|out_stream_43_empty_n  |  in |    1|   ap_fifo  |  out_stream_43 |    pointer   |
|out_stream_43_read     | out |    1|   ap_fifo  |  out_stream_43 |    pointer   |
|out_stream_44_dout     |  in |   16|   ap_fifo  |  out_stream_44 |    pointer   |
|out_stream_44_empty_n  |  in |    1|   ap_fifo  |  out_stream_44 |    pointer   |
|out_stream_44_read     | out |    1|   ap_fifo  |  out_stream_44 |    pointer   |
|out_stream_45_dout     |  in |   16|   ap_fifo  |  out_stream_45 |    pointer   |
|out_stream_45_empty_n  |  in |    1|   ap_fifo  |  out_stream_45 |    pointer   |
|out_stream_45_read     | out |    1|   ap_fifo  |  out_stream_45 |    pointer   |
|out_stream_46_dout     |  in |   16|   ap_fifo  |  out_stream_46 |    pointer   |
|out_stream_46_empty_n  |  in |    1|   ap_fifo  |  out_stream_46 |    pointer   |
|out_stream_46_read     | out |    1|   ap_fifo  |  out_stream_46 |    pointer   |
|out_stream_47_dout     |  in |   16|   ap_fifo  |  out_stream_47 |    pointer   |
|out_stream_47_empty_n  |  in |    1|   ap_fifo  |  out_stream_47 |    pointer   |
|out_stream_47_read     | out |    1|   ap_fifo  |  out_stream_47 |    pointer   |
|out_stream_48_dout     |  in |   16|   ap_fifo  |  out_stream_48 |    pointer   |
|out_stream_48_empty_n  |  in |    1|   ap_fifo  |  out_stream_48 |    pointer   |
|out_stream_48_read     | out |    1|   ap_fifo  |  out_stream_48 |    pointer   |
|out_stream_49_dout     |  in |   16|   ap_fifo  |  out_stream_49 |    pointer   |
|out_stream_49_empty_n  |  in |    1|   ap_fifo  |  out_stream_49 |    pointer   |
|out_stream_49_read     | out |    1|   ap_fifo  |  out_stream_49 |    pointer   |
|out_stream_50_dout     |  in |   16|   ap_fifo  |  out_stream_50 |    pointer   |
|out_stream_50_empty_n  |  in |    1|   ap_fifo  |  out_stream_50 |    pointer   |
|out_stream_50_read     | out |    1|   ap_fifo  |  out_stream_50 |    pointer   |
|out_stream_51_dout     |  in |   16|   ap_fifo  |  out_stream_51 |    pointer   |
|out_stream_51_empty_n  |  in |    1|   ap_fifo  |  out_stream_51 |    pointer   |
|out_stream_51_read     | out |    1|   ap_fifo  |  out_stream_51 |    pointer   |
|out_stream_52_dout     |  in |   16|   ap_fifo  |  out_stream_52 |    pointer   |
|out_stream_52_empty_n  |  in |    1|   ap_fifo  |  out_stream_52 |    pointer   |
|out_stream_52_read     | out |    1|   ap_fifo  |  out_stream_52 |    pointer   |
|out_stream_53_dout     |  in |   16|   ap_fifo  |  out_stream_53 |    pointer   |
|out_stream_53_empty_n  |  in |    1|   ap_fifo  |  out_stream_53 |    pointer   |
|out_stream_53_read     | out |    1|   ap_fifo  |  out_stream_53 |    pointer   |
|out_stream_54_dout     |  in |   16|   ap_fifo  |  out_stream_54 |    pointer   |
|out_stream_54_empty_n  |  in |    1|   ap_fifo  |  out_stream_54 |    pointer   |
|out_stream_54_read     | out |    1|   ap_fifo  |  out_stream_54 |    pointer   |
|out_stream_55_dout     |  in |   16|   ap_fifo  |  out_stream_55 |    pointer   |
|out_stream_55_empty_n  |  in |    1|   ap_fifo  |  out_stream_55 |    pointer   |
|out_stream_55_read     | out |    1|   ap_fifo  |  out_stream_55 |    pointer   |
|out_stream_56_dout     |  in |   16|   ap_fifo  |  out_stream_56 |    pointer   |
|out_stream_56_empty_n  |  in |    1|   ap_fifo  |  out_stream_56 |    pointer   |
|out_stream_56_read     | out |    1|   ap_fifo  |  out_stream_56 |    pointer   |
|out_stream_57_dout     |  in |   16|   ap_fifo  |  out_stream_57 |    pointer   |
|out_stream_57_empty_n  |  in |    1|   ap_fifo  |  out_stream_57 |    pointer   |
|out_stream_57_read     | out |    1|   ap_fifo  |  out_stream_57 |    pointer   |
|out_stream_58_dout     |  in |   16|   ap_fifo  |  out_stream_58 |    pointer   |
|out_stream_58_empty_n  |  in |    1|   ap_fifo  |  out_stream_58 |    pointer   |
|out_stream_58_read     | out |    1|   ap_fifo  |  out_stream_58 |    pointer   |
|out_stream_59_dout     |  in |   16|   ap_fifo  |  out_stream_59 |    pointer   |
|out_stream_59_empty_n  |  in |    1|   ap_fifo  |  out_stream_59 |    pointer   |
|out_stream_59_read     | out |    1|   ap_fifo  |  out_stream_59 |    pointer   |
|out_stream_60_dout     |  in |   16|   ap_fifo  |  out_stream_60 |    pointer   |
|out_stream_60_empty_n  |  in |    1|   ap_fifo  |  out_stream_60 |    pointer   |
|out_stream_60_read     | out |    1|   ap_fifo  |  out_stream_60 |    pointer   |
|out_stream_61_dout     |  in |   16|   ap_fifo  |  out_stream_61 |    pointer   |
|out_stream_61_empty_n  |  in |    1|   ap_fifo  |  out_stream_61 |    pointer   |
|out_stream_61_read     | out |    1|   ap_fifo  |  out_stream_61 |    pointer   |
|out_stream_62_dout     |  in |   16|   ap_fifo  |  out_stream_62 |    pointer   |
|out_stream_62_empty_n  |  in |    1|   ap_fifo  |  out_stream_62 |    pointer   |
|out_stream_62_read     | out |    1|   ap_fifo  |  out_stream_62 |    pointer   |
|out_stream_63_dout     |  in |   16|   ap_fifo  |  out_stream_63 |    pointer   |
|out_stream_63_empty_n  |  in |    1|   ap_fifo  |  out_stream_63 |    pointer   |
|out_stream_63_read     | out |    1|   ap_fifo  |  out_stream_63 |    pointer   |
|out_stream_64_dout     |  in |   16|   ap_fifo  |  out_stream_64 |    pointer   |
|out_stream_64_empty_n  |  in |    1|   ap_fifo  |  out_stream_64 |    pointer   |
|out_stream_64_read     | out |    1|   ap_fifo  |  out_stream_64 |    pointer   |
|out_stream_65_dout     |  in |   16|   ap_fifo  |  out_stream_65 |    pointer   |
|out_stream_65_empty_n  |  in |    1|   ap_fifo  |  out_stream_65 |    pointer   |
|out_stream_65_read     | out |    1|   ap_fifo  |  out_stream_65 |    pointer   |
|out_stream_66_dout     |  in |   16|   ap_fifo  |  out_stream_66 |    pointer   |
|out_stream_66_empty_n  |  in |    1|   ap_fifo  |  out_stream_66 |    pointer   |
|out_stream_66_read     | out |    1|   ap_fifo  |  out_stream_66 |    pointer   |
|out_stream_67_dout     |  in |   16|   ap_fifo  |  out_stream_67 |    pointer   |
|out_stream_67_empty_n  |  in |    1|   ap_fifo  |  out_stream_67 |    pointer   |
|out_stream_67_read     | out |    1|   ap_fifo  |  out_stream_67 |    pointer   |
|out_stream_68_dout     |  in |   16|   ap_fifo  |  out_stream_68 |    pointer   |
|out_stream_68_empty_n  |  in |    1|   ap_fifo  |  out_stream_68 |    pointer   |
|out_stream_68_read     | out |    1|   ap_fifo  |  out_stream_68 |    pointer   |
|out_stream_69_dout     |  in |   16|   ap_fifo  |  out_stream_69 |    pointer   |
|out_stream_69_empty_n  |  in |    1|   ap_fifo  |  out_stream_69 |    pointer   |
|out_stream_69_read     | out |    1|   ap_fifo  |  out_stream_69 |    pointer   |
|out_stream_70_dout     |  in |   16|   ap_fifo  |  out_stream_70 |    pointer   |
|out_stream_70_empty_n  |  in |    1|   ap_fifo  |  out_stream_70 |    pointer   |
|out_stream_70_read     | out |    1|   ap_fifo  |  out_stream_70 |    pointer   |
|out_stream_71_dout     |  in |   16|   ap_fifo  |  out_stream_71 |    pointer   |
|out_stream_71_empty_n  |  in |    1|   ap_fifo  |  out_stream_71 |    pointer   |
|out_stream_71_read     | out |    1|   ap_fifo  |  out_stream_71 |    pointer   |
|out_stream_72_dout     |  in |   16|   ap_fifo  |  out_stream_72 |    pointer   |
|out_stream_72_empty_n  |  in |    1|   ap_fifo  |  out_stream_72 |    pointer   |
|out_stream_72_read     | out |    1|   ap_fifo  |  out_stream_72 |    pointer   |
|out_stream_73_dout     |  in |   16|   ap_fifo  |  out_stream_73 |    pointer   |
|out_stream_73_empty_n  |  in |    1|   ap_fifo  |  out_stream_73 |    pointer   |
|out_stream_73_read     | out |    1|   ap_fifo  |  out_stream_73 |    pointer   |
+-----------------------+-----+-----+------------+----------------+--------------+

