

================================================================
== Vivado HLS Report for 'Loop_3_proc147'
================================================================
* Date:           Sat Mar 25 20:26:04 2023

* Version:        2019.2 (Build 2704478 on Wed Nov 06 22:10:23 MST 2019)
* Project:        alveo_hls4ml
* Solution:       solution
* Product family: virtexuplus
* Target device:  xcu50-fsvh2104-2L-e


================================================================
== Performance Estimates
================================================================
+ Timing: 
    * Summary: 
    +--------+---------+----------+------------+
    |  Clock |  Target | Estimated| Uncertainty|
    +--------+---------+----------+------------+
    |ap_clk  | 5.00 ns | 4.100 ns |   0.90 ns  |
    +--------+---------+----------+------------+

+ Latency: 
    * Summary: 
    +---------+---------+-----------+-----------+------+------+---------+
    |  Latency (cycles) |   Latency (absolute)  |   Interval  | Pipeline|
    |   min   |   max   |    min    |    max    |  min |  max |   Type  |
    +---------+---------+-----------+-----------+------+------+---------+
    |     7233|     7233| 36.165 us | 36.165 us |  7233|  7233|   none  |
    +---------+---------+-----------+-----------+------+------+---------+

    + Detail: 
        * Instance: 
        N/A

        * Loop: 
        +-------------+---------+---------+----------+-----------+-----------+------+----------+
        |             |  Latency (cycles) | Iteration|  Initiation Interval  | Trip |          |
        |  Loop Name  |   min   |   max   |  Latency |  achieved |   target  | Count| Pipelined|
        +-------------+---------+---------+----------+-----------+-----------+------+----------+
        |- Loop 1     |     7227|     7227|        99|          -|          -|    73|    no    |
        | + Loop 1.1  |       65|       65|         3|          1|          1|    64|    yes   |
        +-------------+---------+---------+----------+-----------+-----------+------+----------+



================================================================
== Utilization Estimates
================================================================
* Summary: 
+---------------------+---------+-------+---------+--------+-----+
|         Name        | BRAM_18K| DSP48E|    FF   |   LUT  | URAM|
+---------------------+---------+-------+---------+--------+-----+
|DSP                  |        -|      -|        -|       -|    -|
|Expression           |        -|      -|        0|      50|    -|
|FIFO                 |        -|      -|        -|       -|    -|
|Instance             |        -|      -|        -|       -|    -|
|Memory               |        1|      -|        0|       0|    0|
|Multiplexer          |        -|      -|        -|    1438|    -|
|Register             |        -|      -|     1138|       -|    -|
+---------------------+---------+-------+---------+--------+-----+
|Total                |        1|      0|     1138|    1488|    0|
+---------------------+---------+-------+---------+--------+-----+
|Available SLR        |     1344|   2976|   871680|  435840|  320|
+---------------------+---------+-------+---------+--------+-----+
|Utilization SLR (%)  |    ~0   |      0|    ~0   |   ~0   |    0|
+---------------------+---------+-------+---------+--------+-----+
|Available            |     2688|   5952|  1743360|  871680|  640|
+---------------------+---------+-------+---------+--------+-----+
|Utilization (%)      |    ~0   |      0|    ~0   |   ~0   |    0|
+---------------------+---------+-------+---------+--------+-----+

+ Detail: 
    * Instance: 
    N/A

    * DSP48E: 
    N/A

    * Memory: 
    +--------------------+--------------------------------------------------------------------------------+---------+---+----+-----+------+-----+------+-------------+
    |       Memory       |                                     Module                                     | BRAM_18K| FF| LUT| URAM| Words| Bits| Banks| W*Bits*Banks|
    +--------------------+--------------------------------------------------------------------------------+---------+---+----+-----+------+-----+------+-------------+
    |tmp_small_data_V_U  |gru_stack_array_ap_fixed_64u_array_ap_fixed_16_8_5_3_0_64u_config2_s_data_in_V  |        1|  0|   0|    0|    64|   16|     1|         1024|
    +--------------------+--------------------------------------------------------------------------------+---------+---+----+-----+------+-----+------+-------------+
    |Total               |                                                                                |        1|  0|   0|    0|    64|   16|     1|         1024|
    +--------------------+--------------------------------------------------------------------------------+---------+---+----+-----+------+-----+------+-------------+

    * FIFO: 
    N/A

    * Expression: 
    +---------------------------+----------+-------+---+----+------------+------------+
    |       Variable Name       | Operation| DSP48E| FF| LUT| Bitwidth P0| Bitwidth P1|
    +---------------------------+----------+-------+---+----+------------+------------+
    |i0_fu_994_p2               |     +    |      0|  0|   7|           7|           1|
    |i1_fu_1264_p2              |     +    |      0|  0|   7|           7|           1|
    |ap_block_pp0_stage0_11001  |    and   |      0|  0|   2|           1|           1|
    |ap_block_state3            |    and   |      0|  0|   2|           1|           1|
    |ap_block_state37_io        |    and   |      0|  0|   2|           1|           1|
    |io_acc_block_signal_op250  |    and   |      0|  0|   2|           1|           1|
    |icmp_ln97_fu_988_p2        |   icmp   |      0|  0|  11|           7|           7|
    |icmp_ln99_fu_1258_p2       |   icmp   |      0|  0|  11|           7|           8|
    |ap_block_state1            |    or    |      0|  0|   2|           1|           1|
    |ap_enable_pp0              |    xor   |      0|  0|   2|           1|           2|
    |ap_enable_reg_pp0_iter1    |    xor   |      0|  0|   2|           2|           1|
    +---------------------------+----------+-------+---+----+------------+------------+
    |Total                      |          |      0|  0|  50|          36|          25|
    +---------------------------+----------+-------+---+----+------------+------------+

    * Multiplexer: 
    +---------------------------+-----+-----------+-----+-----------+
    |            Name           | LUT | Input Size| Bits| Total Bits|
    +---------------------------+-----+-----------+-----+-----------+
    |ap_NS_fsm                  |  181|         41|    1|         41|
    |ap_done                    |    9|          2|    1|          2|
    |ap_enable_reg_pp0_iter1    |    9|          2|    1|          2|
    |ap_enable_reg_pp0_iter2    |    9|          2|    1|          2|
    |i01_0_i_reg_946            |    9|          2|    7|         14|
    |i12_0_i_reg_957            |    9|          2|    7|         14|
    |out_V_blk_n_AW             |    9|          2|    1|          2|
    |out_V_blk_n_B              |    9|          2|    1|          2|
    |out_V_blk_n_W              |    9|          2|    1|          2|
    |out_V_offset_blk_n         |    9|          2|    1|          2|
    |out_buf_V_data_V_0_blk_n   |    9|          2|    1|          2|
    |out_buf_V_data_V_10_blk_n  |    9|          2|    1|          2|
    |out_buf_V_data_V_11_blk_n  |    9|          2|    1|          2|
    |out_buf_V_data_V_12_blk_n  |    9|          2|    1|          2|
    |out_buf_V_data_V_13_blk_n  |    9|          2|    1|          2|
    |out_buf_V_data_V_14_blk_n  |    9|          2|    1|          2|
    |out_buf_V_data_V_15_blk_n  |    9|          2|    1|          2|
    |out_buf_V_data_V_16_blk_n  |    9|          2|    1|          2|
    |out_buf_V_data_V_17_blk_n  |    9|          2|    1|          2|
    |out_buf_V_data_V_18_blk_n  |    9|          2|    1|          2|
    |out_buf_V_data_V_19_blk_n  |    9|          2|    1|          2|
    |out_buf_V_data_V_1_blk_n   |    9|          2|    1|          2|
    |out_buf_V_data_V_20_blk_n  |    9|          2|    1|          2|
    |out_buf_V_data_V_21_blk_n  |    9|          2|    1|          2|
    |out_buf_V_data_V_22_blk_n  |    9|          2|    1|          2|
    |out_buf_V_data_V_23_blk_n  |    9|          2|    1|          2|
    |out_buf_V_data_V_24_blk_n  |    9|          2|    1|          2|
    |out_buf_V_data_V_25_blk_n  |    9|          2|    1|          2|
    |out_buf_V_data_V_26_blk_n  |    9|          2|    1|          2|
    |out_buf_V_data_V_27_blk_n  |    9|          2|    1|          2|
    |out_buf_V_data_V_28_blk_n  |    9|          2|    1|          2|
    |out_buf_V_data_V_29_blk_n  |    9|          2|    1|          2|
    |out_buf_V_data_V_2_blk_n   |    9|          2|    1|          2|
    |out_buf_V_data_V_30_blk_n  |    9|          2|    1|          2|
    |out_buf_V_data_V_31_blk_n  |    9|          2|    1|          2|
    |out_buf_V_data_V_32_blk_n  |    9|          2|    1|          2|
    |out_buf_V_data_V_33_blk_n  |    9|          2|    1|          2|
    |out_buf_V_data_V_34_blk_n  |    9|          2|    1|          2|
    |out_buf_V_data_V_35_blk_n  |    9|          2|    1|          2|
    |out_buf_V_data_V_36_blk_n  |    9|          2|    1|          2|
    |out_buf_V_data_V_37_blk_n  |    9|          2|    1|          2|
    |out_buf_V_data_V_38_blk_n  |    9|          2|    1|          2|
    |out_buf_V_data_V_39_blk_n  |    9|          2|    1|          2|
    |out_buf_V_data_V_3_blk_n   |    9|          2|    1|          2|
    |out_buf_V_data_V_40_blk_n  |    9|          2|    1|          2|
    |out_buf_V_data_V_41_blk_n  |    9|          2|    1|          2|
    |out_buf_V_data_V_42_blk_n  |    9|          2|    1|          2|
    |out_buf_V_data_V_43_blk_n  |    9|          2|    1|          2|
    |out_buf_V_data_V_44_blk_n  |    9|          2|    1|          2|
    |out_buf_V_data_V_45_blk_n  |    9|          2|    1|          2|
    |out_buf_V_data_V_46_blk_n  |    9|          2|    1|          2|
    |out_buf_V_data_V_47_blk_n  |    9|          2|    1|          2|
    |out_buf_V_data_V_48_blk_n  |    9|          2|    1|          2|
    |out_buf_V_data_V_49_blk_n  |    9|          2|    1|          2|
    |out_buf_V_data_V_4_blk_n   |    9|          2|    1|          2|
    |out_buf_V_data_V_50_blk_n  |    9|          2|    1|          2|
    |out_buf_V_data_V_51_blk_n  |    9|          2|    1|          2|
    |out_buf_V_data_V_52_blk_n  |    9|          2|    1|          2|
    |out_buf_V_data_V_53_blk_n  |    9|          2|    1|          2|
    |out_buf_V_data_V_54_blk_n  |    9|          2|    1|          2|
    |out_buf_V_data_V_55_blk_n  |    9|          2|    1|          2|
    |out_buf_V_data_V_56_blk_n  |    9|          2|    1|          2|
    |out_buf_V_data_V_57_blk_n  |    9|          2|    1|          2|
    |out_buf_V_data_V_58_blk_n  |    9|          2|    1|          2|
    |out_buf_V_data_V_59_blk_n  |    9|          2|    1|          2|
    |out_buf_V_data_V_5_blk_n   |    9|          2|    1|          2|
    |out_buf_V_data_V_60_blk_n  |    9|          2|    1|          2|
    |out_buf_V_data_V_61_blk_n  |    9|          2|    1|          2|
    |out_buf_V_data_V_62_blk_n  |    9|          2|    1|          2|
    |out_buf_V_data_V_63_blk_n  |    9|          2|    1|          2|
    |out_buf_V_data_V_6_blk_n   |    9|          2|    1|          2|
    |out_buf_V_data_V_7_blk_n   |    9|          2|    1|          2|
    |out_buf_V_data_V_8_blk_n   |    9|          2|    1|          2|
    |out_buf_V_data_V_9_blk_n   |    9|          2|    1|          2|
    |tmp_small_data_V_address0  |  153|         34|    6|        204|
    |tmp_small_data_V_address1  |  149|         33|    6|        198|
    |tmp_small_data_V_d0        |  149|         33|   16|        528|
    |tmp_small_data_V_d1        |  149|         33|   16|        528|
    +---------------------------+-----+-----------+-----+-----------+
    |Total                      | 1438|        320|  130|       1669|
    +---------------------------+-----+-----------+-----+-----------+

    * Register: 
    +----------------------------------+----+----+-----+-----------+
    |               Name               | FF | LUT| Bits| Const Bits|
    +----------------------------------+----+----+-----+-----------+
    |ap_CS_fsm                         |  40|   0|   40|          0|
    |ap_done_reg                       |   1|   0|    1|          0|
    |ap_enable_reg_pp0_iter0           |   1|   0|    1|          0|
    |ap_enable_reg_pp0_iter1           |   1|   0|    1|          0|
    |ap_enable_reg_pp0_iter2           |   1|   0|    1|          0|
    |i01_0_i_reg_946                   |   7|   0|    7|          0|
    |i0_reg_1604                       |   7|   0|    7|          0|
    |i12_0_i_reg_957                   |   7|   0|    7|          0|
    |icmp_ln99_reg_1919                |   1|   0|    1|          0|
    |icmp_ln99_reg_1919_pp0_iter1_reg  |   1|   0|    1|          0|
    |out_V_addr_reg_1275               |  63|   0|   64|          1|
    |tmp_data_V_4_1019_i_reg_1649      |  16|   0|   16|          0|
    |tmp_data_V_4_1120_i_reg_1654      |  16|   0|   16|          0|
    |tmp_data_V_4_1221_i_reg_1659      |  16|   0|   16|          0|
    |tmp_data_V_4_1322_i_reg_1664      |  16|   0|   16|          0|
    |tmp_data_V_4_1423_i_reg_1669      |  16|   0|   16|          0|
    |tmp_data_V_4_1524_i_reg_1674      |  16|   0|   16|          0|
    |tmp_data_V_4_1625_i_reg_1679      |  16|   0|   16|          0|
    |tmp_data_V_4_1726_i_reg_1684      |  16|   0|   16|          0|
    |tmp_data_V_4_1827_i_reg_1689      |  16|   0|   16|          0|
    |tmp_data_V_4_1928_i_reg_1694      |  16|   0|   16|          0|
    |tmp_data_V_4_2029_i_reg_1699      |  16|   0|   16|          0|
    |tmp_data_V_4_211_i_reg_1609       |  16|   0|   16|          0|
    |tmp_data_V_4_2130_i_reg_1704      |  16|   0|   16|          0|
    |tmp_data_V_4_2231_i_reg_1709      |  16|   0|   16|          0|
    |tmp_data_V_4_2332_i_reg_1714      |  16|   0|   16|          0|
    |tmp_data_V_4_2433_i_reg_1719      |  16|   0|   16|          0|
    |tmp_data_V_4_2534_i_reg_1724      |  16|   0|   16|          0|
    |tmp_data_V_4_2635_i_reg_1729      |  16|   0|   16|          0|
    |tmp_data_V_4_2736_i_reg_1734      |  16|   0|   16|          0|
    |tmp_data_V_4_2837_i_reg_1739      |  16|   0|   16|          0|
    |tmp_data_V_4_2938_i_reg_1744      |  16|   0|   16|          0|
    |tmp_data_V_4_3039_i_reg_1749      |  16|   0|   16|          0|
    |tmp_data_V_4_312_i_reg_1614       |  16|   0|   16|          0|
    |tmp_data_V_4_3140_i_reg_1754      |  16|   0|   16|          0|
    |tmp_data_V_4_3241_i_reg_1759      |  16|   0|   16|          0|
    |tmp_data_V_4_3342_i_reg_1764      |  16|   0|   16|          0|
    |tmp_data_V_4_3443_i_reg_1769      |  16|   0|   16|          0|
    |tmp_data_V_4_3544_i_reg_1774      |  16|   0|   16|          0|
    |tmp_data_V_4_3645_i_reg_1779      |  16|   0|   16|          0|
    |tmp_data_V_4_3746_i_reg_1784      |  16|   0|   16|          0|
    |tmp_data_V_4_3847_i_reg_1789      |  16|   0|   16|          0|
    |tmp_data_V_4_3948_i_reg_1794      |  16|   0|   16|          0|
    |tmp_data_V_4_4049_i_reg_1799      |  16|   0|   16|          0|
    |tmp_data_V_4_413_i_reg_1619       |  16|   0|   16|          0|
    |tmp_data_V_4_4150_i_reg_1804      |  16|   0|   16|          0|
    |tmp_data_V_4_4251_i_reg_1809      |  16|   0|   16|          0|
    |tmp_data_V_4_4352_i_reg_1814      |  16|   0|   16|          0|
    |tmp_data_V_4_4453_i_reg_1819      |  16|   0|   16|          0|
    |tmp_data_V_4_4554_i_reg_1824      |  16|   0|   16|          0|
    |tmp_data_V_4_4655_i_reg_1829      |  16|   0|   16|          0|
    |tmp_data_V_4_4756_i_reg_1834      |  16|   0|   16|          0|
    |tmp_data_V_4_4857_i_reg_1839      |  16|   0|   16|          0|
    |tmp_data_V_4_4958_i_reg_1844      |  16|   0|   16|          0|
    |tmp_data_V_4_5059_i_reg_1849      |  16|   0|   16|          0|
    |tmp_data_V_4_514_i_reg_1624       |  16|   0|   16|          0|
    |tmp_data_V_4_5160_i_reg_1854      |  16|   0|   16|          0|
    |tmp_data_V_4_5261_i_reg_1859      |  16|   0|   16|          0|
    |tmp_data_V_4_5362_i_reg_1864      |  16|   0|   16|          0|
    |tmp_data_V_4_5463_i_reg_1869      |  16|   0|   16|          0|
    |tmp_data_V_4_5564_i_reg_1874      |  16|   0|   16|          0|
    |tmp_data_V_4_5665_i_reg_1879      |  16|   0|   16|          0|
    |tmp_data_V_4_5766_i_reg_1884      |  16|   0|   16|          0|
    |tmp_data_V_4_5867_i_reg_1889      |  16|   0|   16|          0|
    |tmp_data_V_4_5968_i_reg_1894      |  16|   0|   16|          0|
    |tmp_data_V_4_6069_i_reg_1899      |  16|   0|   16|          0|
    |tmp_data_V_4_615_i_reg_1629       |  16|   0|   16|          0|
    |tmp_data_V_4_6170_i_reg_1904      |  16|   0|   16|          0|
    |tmp_data_V_4_6271_i_reg_1909      |  16|   0|   16|          0|
    |tmp_data_V_4_6372_i_reg_1914      |  16|   0|   16|          0|
    |tmp_data_V_4_716_i_reg_1634       |  16|   0|   16|          0|
    |tmp_data_V_4_817_i_reg_1639       |  16|   0|   16|          0|
    |tmp_data_V_4_918_i_reg_1644       |  16|   0|   16|          0|
    |tmp_small_data_V_load_reg_1933    |  16|   0|   16|          0|
    +----------------------------------+----+----+-----+-----------+
    |Total                             |1138|   0| 1139|          1|
    +----------------------------------+----+----+-----+-----------+



================================================================
== Interface
================================================================
* Summary: 
+-----------------------------+-----+-----+------------+---------------------+--------------+
|          RTL Ports          | Dir | Bits|  Protocol  |    Source Object    |    C Type    |
+-----------------------------+-----+-----+------------+---------------------+--------------+
|ap_clk                       |  in |    1| ap_ctrl_hs |    Loop_3_proc147   | return value |
|ap_rst                       |  in |    1| ap_ctrl_hs |    Loop_3_proc147   | return value |
|ap_start                     |  in |    1| ap_ctrl_hs |    Loop_3_proc147   | return value |
|ap_done                      | out |    1| ap_ctrl_hs |    Loop_3_proc147   | return value |
|ap_continue                  |  in |    1| ap_ctrl_hs |    Loop_3_proc147   | return value |
|ap_idle                      | out |    1| ap_ctrl_hs |    Loop_3_proc147   | return value |
|ap_ready                     | out |    1| ap_ctrl_hs |    Loop_3_proc147   | return value |
|out_buf_V_data_V_0_dout      |  in |   16|   ap_fifo  |  out_buf_V_data_V_0 |    pointer   |
|out_buf_V_data_V_0_empty_n   |  in |    1|   ap_fifo  |  out_buf_V_data_V_0 |    pointer   |
|out_buf_V_data_V_0_read      | out |    1|   ap_fifo  |  out_buf_V_data_V_0 |    pointer   |
|out_buf_V_data_V_1_dout      |  in |   16|   ap_fifo  |  out_buf_V_data_V_1 |    pointer   |
|out_buf_V_data_V_1_empty_n   |  in |    1|   ap_fifo  |  out_buf_V_data_V_1 |    pointer   |
|out_buf_V_data_V_1_read      | out |    1|   ap_fifo  |  out_buf_V_data_V_1 |    pointer   |
|out_buf_V_data_V_2_dout      |  in |   16|   ap_fifo  |  out_buf_V_data_V_2 |    pointer   |
|out_buf_V_data_V_2_empty_n   |  in |    1|   ap_fifo  |  out_buf_V_data_V_2 |    pointer   |
|out_buf_V_data_V_2_read      | out |    1|   ap_fifo  |  out_buf_V_data_V_2 |    pointer   |
|out_buf_V_data_V_3_dout      |  in |   16|   ap_fifo  |  out_buf_V_data_V_3 |    pointer   |
|out_buf_V_data_V_3_empty_n   |  in |    1|   ap_fifo  |  out_buf_V_data_V_3 |    pointer   |
|out_buf_V_data_V_3_read      | out |    1|   ap_fifo  |  out_buf_V_data_V_3 |    pointer   |
|out_buf_V_data_V_4_dout      |  in |   16|   ap_fifo  |  out_buf_V_data_V_4 |    pointer   |
|out_buf_V_data_V_4_empty_n   |  in |    1|   ap_fifo  |  out_buf_V_data_V_4 |    pointer   |
|out_buf_V_data_V_4_read      | out |    1|   ap_fifo  |  out_buf_V_data_V_4 |    pointer   |
|out_buf_V_data_V_5_dout      |  in |   16|   ap_fifo  |  out_buf_V_data_V_5 |    pointer   |
|out_buf_V_data_V_5_empty_n   |  in |    1|   ap_fifo  |  out_buf_V_data_V_5 |    pointer   |
|out_buf_V_data_V_5_read      | out |    1|   ap_fifo  |  out_buf_V_data_V_5 |    pointer   |
|out_buf_V_data_V_6_dout      |  in |   16|   ap_fifo  |  out_buf_V_data_V_6 |    pointer   |
|out_buf_V_data_V_6_empty_n   |  in |    1|   ap_fifo  |  out_buf_V_data_V_6 |    pointer   |
|out_buf_V_data_V_6_read      | out |    1|   ap_fifo  |  out_buf_V_data_V_6 |    pointer   |
|out_buf_V_data_V_7_dout      |  in |   16|   ap_fifo  |  out_buf_V_data_V_7 |    pointer   |
|out_buf_V_data_V_7_empty_n   |  in |    1|   ap_fifo  |  out_buf_V_data_V_7 |    pointer   |
|out_buf_V_data_V_7_read      | out |    1|   ap_fifo  |  out_buf_V_data_V_7 |    pointer   |
|out_buf_V_data_V_8_dout      |  in |   16|   ap_fifo  |  out_buf_V_data_V_8 |    pointer   |
|out_buf_V_data_V_8_empty_n   |  in |    1|   ap_fifo  |  out_buf_V_data_V_8 |    pointer   |
|out_buf_V_data_V_8_read      | out |    1|   ap_fifo  |  out_buf_V_data_V_8 |    pointer   |
|out_buf_V_data_V_9_dout      |  in |   16|   ap_fifo  |  out_buf_V_data_V_9 |    pointer   |
|out_buf_V_data_V_9_empty_n   |  in |    1|   ap_fifo  |  out_buf_V_data_V_9 |    pointer   |
|out_buf_V_data_V_9_read      | out |    1|   ap_fifo  |  out_buf_V_data_V_9 |    pointer   |
|out_buf_V_data_V_10_dout     |  in |   16|   ap_fifo  | out_buf_V_data_V_10 |    pointer   |
|out_buf_V_data_V_10_empty_n  |  in |    1|   ap_fifo  | out_buf_V_data_V_10 |    pointer   |
|out_buf_V_data_V_10_read     | out |    1|   ap_fifo  | out_buf_V_data_V_10 |    pointer   |
|out_buf_V_data_V_11_dout     |  in |   16|   ap_fifo  | out_buf_V_data_V_11 |    pointer   |
|out_buf_V_data_V_11_empty_n  |  in |    1|   ap_fifo  | out_buf_V_data_V_11 |    pointer   |
|out_buf_V_data_V_11_read     | out |    1|   ap_fifo  | out_buf_V_data_V_11 |    pointer   |
|out_buf_V_data_V_12_dout     |  in |   16|   ap_fifo  | out_buf_V_data_V_12 |    pointer   |
|out_buf_V_data_V_12_empty_n  |  in |    1|   ap_fifo  | out_buf_V_data_V_12 |    pointer   |
|out_buf_V_data_V_12_read     | out |    1|   ap_fifo  | out_buf_V_data_V_12 |    pointer   |
|out_buf_V_data_V_13_dout     |  in |   16|   ap_fifo  | out_buf_V_data_V_13 |    pointer   |
|out_buf_V_data_V_13_empty_n  |  in |    1|   ap_fifo  | out_buf_V_data_V_13 |    pointer   |
|out_buf_V_data_V_13_read     | out |    1|   ap_fifo  | out_buf_V_data_V_13 |    pointer   |
|out_buf_V_data_V_14_dout     |  in |   16|   ap_fifo  | out_buf_V_data_V_14 |    pointer   |
|out_buf_V_data_V_14_empty_n  |  in |    1|   ap_fifo  | out_buf_V_data_V_14 |    pointer   |
|out_buf_V_data_V_14_read     | out |    1|   ap_fifo  | out_buf_V_data_V_14 |    pointer   |
|out_buf_V_data_V_15_dout     |  in |   16|   ap_fifo  | out_buf_V_data_V_15 |    pointer   |
|out_buf_V_data_V_15_empty_n  |  in |    1|   ap_fifo  | out_buf_V_data_V_15 |    pointer   |
|out_buf_V_data_V_15_read     | out |    1|   ap_fifo  | out_buf_V_data_V_15 |    pointer   |
|out_buf_V_data_V_16_dout     |  in |   16|   ap_fifo  | out_buf_V_data_V_16 |    pointer   |
|out_buf_V_data_V_16_empty_n  |  in |    1|   ap_fifo  | out_buf_V_data_V_16 |    pointer   |
|out_buf_V_data_V_16_read     | out |    1|   ap_fifo  | out_buf_V_data_V_16 |    pointer   |
|out_buf_V_data_V_17_dout     |  in |   16|   ap_fifo  | out_buf_V_data_V_17 |    pointer   |
|out_buf_V_data_V_17_empty_n  |  in |    1|   ap_fifo  | out_buf_V_data_V_17 |    pointer   |
|out_buf_V_data_V_17_read     | out |    1|   ap_fifo  | out_buf_V_data_V_17 |    pointer   |
|out_buf_V_data_V_18_dout     |  in |   16|   ap_fifo  | out_buf_V_data_V_18 |    pointer   |
|out_buf_V_data_V_18_empty_n  |  in |    1|   ap_fifo  | out_buf_V_data_V_18 |    pointer   |
|out_buf_V_data_V_18_read     | out |    1|   ap_fifo  | out_buf_V_data_V_18 |    pointer   |
|out_buf_V_data_V_19_dout     |  in |   16|   ap_fifo  | out_buf_V_data_V_19 |    pointer   |
|out_buf_V_data_V_19_empty_n  |  in |    1|   ap_fifo  | out_buf_V_data_V_19 |    pointer   |
|out_buf_V_data_V_19_read     | out |    1|   ap_fifo  | out_buf_V_data_V_19 |    pointer   |
|out_buf_V_data_V_20_dout     |  in |   16|   ap_fifo  | out_buf_V_data_V_20 |    pointer   |
|out_buf_V_data_V_20_empty_n  |  in |    1|   ap_fifo  | out_buf_V_data_V_20 |    pointer   |
|out_buf_V_data_V_20_read     | out |    1|   ap_fifo  | out_buf_V_data_V_20 |    pointer   |
|out_buf_V_data_V_21_dout     |  in |   16|   ap_fifo  | out_buf_V_data_V_21 |    pointer   |
|out_buf_V_data_V_21_empty_n  |  in |    1|   ap_fifo  | out_buf_V_data_V_21 |    pointer   |
|out_buf_V_data_V_21_read     | out |    1|   ap_fifo  | out_buf_V_data_V_21 |    pointer   |
|out_buf_V_data_V_22_dout     |  in |   16|   ap_fifo  | out_buf_V_data_V_22 |    pointer   |
|out_buf_V_data_V_22_empty_n  |  in |    1|   ap_fifo  | out_buf_V_data_V_22 |    pointer   |
|out_buf_V_data_V_22_read     | out |    1|   ap_fifo  | out_buf_V_data_V_22 |    pointer   |
|out_buf_V_data_V_23_dout     |  in |   16|   ap_fifo  | out_buf_V_data_V_23 |    pointer   |
|out_buf_V_data_V_23_empty_n  |  in |    1|   ap_fifo  | out_buf_V_data_V_23 |    pointer   |
|out_buf_V_data_V_23_read     | out |    1|   ap_fifo  | out_buf_V_data_V_23 |    pointer   |
|out_buf_V_data_V_24_dout     |  in |   16|   ap_fifo  | out_buf_V_data_V_24 |    pointer   |
|out_buf_V_data_V_24_empty_n  |  in |    1|   ap_fifo  | out_buf_V_data_V_24 |    pointer   |
|out_buf_V_data_V_24_read     | out |    1|   ap_fifo  | out_buf_V_data_V_24 |    pointer   |
|out_buf_V_data_V_25_dout     |  in |   16|   ap_fifo  | out_buf_V_data_V_25 |    pointer   |
|out_buf_V_data_V_25_empty_n  |  in |    1|   ap_fifo  | out_buf_V_data_V_25 |    pointer   |
|out_buf_V_data_V_25_read     | out |    1|   ap_fifo  | out_buf_V_data_V_25 |    pointer   |
|out_buf_V_data_V_26_dout     |  in |   16|   ap_fifo  | out_buf_V_data_V_26 |    pointer   |
|out_buf_V_data_V_26_empty_n  |  in |    1|   ap_fifo  | out_buf_V_data_V_26 |    pointer   |
|out_buf_V_data_V_26_read     | out |    1|   ap_fifo  | out_buf_V_data_V_26 |    pointer   |
|out_buf_V_data_V_27_dout     |  in |   16|   ap_fifo  | out_buf_V_data_V_27 |    pointer   |
|out_buf_V_data_V_27_empty_n  |  in |    1|   ap_fifo  | out_buf_V_data_V_27 |    pointer   |
|out_buf_V_data_V_27_read     | out |    1|   ap_fifo  | out_buf_V_data_V_27 |    pointer   |
|out_buf_V_data_V_28_dout     |  in |   16|   ap_fifo  | out_buf_V_data_V_28 |    pointer   |
|out_buf_V_data_V_28_empty_n  |  in |    1|   ap_fifo  | out_buf_V_data_V_28 |    pointer   |
|out_buf_V_data_V_28_read     | out |    1|   ap_fifo  | out_buf_V_data_V_28 |    pointer   |
|out_buf_V_data_V_29_dout     |  in |   16|   ap_fifo  | out_buf_V_data_V_29 |    pointer   |
|out_buf_V_data_V_29_empty_n  |  in |    1|   ap_fifo  | out_buf_V_data_V_29 |    pointer   |
|out_buf_V_data_V_29_read     | out |    1|   ap_fifo  | out_buf_V_data_V_29 |    pointer   |
|out_buf_V_data_V_30_dout     |  in |   16|   ap_fifo  | out_buf_V_data_V_30 |    pointer   |
|out_buf_V_data_V_30_empty_n  |  in |    1|   ap_fifo  | out_buf_V_data_V_30 |    pointer   |
|out_buf_V_data_V_30_read     | out |    1|   ap_fifo  | out_buf_V_data_V_30 |    pointer   |
|out_buf_V_data_V_31_dout     |  in |   16|   ap_fifo  | out_buf_V_data_V_31 |    pointer   |
|out_buf_V_data_V_31_empty_n  |  in |    1|   ap_fifo  | out_buf_V_data_V_31 |    pointer   |
|out_buf_V_data_V_31_read     | out |    1|   ap_fifo  | out_buf_V_data_V_31 |    pointer   |
|out_buf_V_data_V_32_dout     |  in |   16|   ap_fifo  | out_buf_V_data_V_32 |    pointer   |
|out_buf_V_data_V_32_empty_n  |  in |    1|   ap_fifo  | out_buf_V_data_V_32 |    pointer   |
|out_buf_V_data_V_32_read     | out |    1|   ap_fifo  | out_buf_V_data_V_32 |    pointer   |
|out_buf_V_data_V_33_dout     |  in |   16|   ap_fifo  | out_buf_V_data_V_33 |    pointer   |
|out_buf_V_data_V_33_empty_n  |  in |    1|   ap_fifo  | out_buf_V_data_V_33 |    pointer   |
|out_buf_V_data_V_33_read     | out |    1|   ap_fifo  | out_buf_V_data_V_33 |    pointer   |
|out_buf_V_data_V_34_dout     |  in |   16|   ap_fifo  | out_buf_V_data_V_34 |    pointer   |
|out_buf_V_data_V_34_empty_n  |  in |    1|   ap_fifo  | out_buf_V_data_V_34 |    pointer   |
|out_buf_V_data_V_34_read     | out |    1|   ap_fifo  | out_buf_V_data_V_34 |    pointer   |
|out_buf_V_data_V_35_dout     |  in |   16|   ap_fifo  | out_buf_V_data_V_35 |    pointer   |
|out_buf_V_data_V_35_empty_n  |  in |    1|   ap_fifo  | out_buf_V_data_V_35 |    pointer   |
|out_buf_V_data_V_35_read     | out |    1|   ap_fifo  | out_buf_V_data_V_35 |    pointer   |
|out_buf_V_data_V_36_dout     |  in |   16|   ap_fifo  | out_buf_V_data_V_36 |    pointer   |
|out_buf_V_data_V_36_empty_n  |  in |    1|   ap_fifo  | out_buf_V_data_V_36 |    pointer   |
|out_buf_V_data_V_36_read     | out |    1|   ap_fifo  | out_buf_V_data_V_36 |    pointer   |
|out_buf_V_data_V_37_dout     |  in |   16|   ap_fifo  | out_buf_V_data_V_37 |    pointer   |
|out_buf_V_data_V_37_empty_n  |  in |    1|   ap_fifo  | out_buf_V_data_V_37 |    pointer   |
|out_buf_V_data_V_37_read     | out |    1|   ap_fifo  | out_buf_V_data_V_37 |    pointer   |
|out_buf_V_data_V_38_dout     |  in |   16|   ap_fifo  | out_buf_V_data_V_38 |    pointer   |
|out_buf_V_data_V_38_empty_n  |  in |    1|   ap_fifo  | out_buf_V_data_V_38 |    pointer   |
|out_buf_V_data_V_38_read     | out |    1|   ap_fifo  | out_buf_V_data_V_38 |    pointer   |
|out_buf_V_data_V_39_dout     |  in |   16|   ap_fifo  | out_buf_V_data_V_39 |    pointer   |
|out_buf_V_data_V_39_empty_n  |  in |    1|   ap_fifo  | out_buf_V_data_V_39 |    pointer   |
|out_buf_V_data_V_39_read     | out |    1|   ap_fifo  | out_buf_V_data_V_39 |    pointer   |
|out_buf_V_data_V_40_dout     |  in |   16|   ap_fifo  | out_buf_V_data_V_40 |    pointer   |
|out_buf_V_data_V_40_empty_n  |  in |    1|   ap_fifo  | out_buf_V_data_V_40 |    pointer   |
|out_buf_V_data_V_40_read     | out |    1|   ap_fifo  | out_buf_V_data_V_40 |    pointer   |
|out_buf_V_data_V_41_dout     |  in |   16|   ap_fifo  | out_buf_V_data_V_41 |    pointer   |
|out_buf_V_data_V_41_empty_n  |  in |    1|   ap_fifo  | out_buf_V_data_V_41 |    pointer   |
|out_buf_V_data_V_41_read     | out |    1|   ap_fifo  | out_buf_V_data_V_41 |    pointer   |
|out_buf_V_data_V_42_dout     |  in |   16|   ap_fifo  | out_buf_V_data_V_42 |    pointer   |
|out_buf_V_data_V_42_empty_n  |  in |    1|   ap_fifo  | out_buf_V_data_V_42 |    pointer   |
|out_buf_V_data_V_42_read     | out |    1|   ap_fifo  | out_buf_V_data_V_42 |    pointer   |
|out_buf_V_data_V_43_dout     |  in |   16|   ap_fifo  | out_buf_V_data_V_43 |    pointer   |
|out_buf_V_data_V_43_empty_n  |  in |    1|   ap_fifo  | out_buf_V_data_V_43 |    pointer   |
|out_buf_V_data_V_43_read     | out |    1|   ap_fifo  | out_buf_V_data_V_43 |    pointer   |
|out_buf_V_data_V_44_dout     |  in |   16|   ap_fifo  | out_buf_V_data_V_44 |    pointer   |
|out_buf_V_data_V_44_empty_n  |  in |    1|   ap_fifo  | out_buf_V_data_V_44 |    pointer   |
|out_buf_V_data_V_44_read     | out |    1|   ap_fifo  | out_buf_V_data_V_44 |    pointer   |
|out_buf_V_data_V_45_dout     |  in |   16|   ap_fifo  | out_buf_V_data_V_45 |    pointer   |
|out_buf_V_data_V_45_empty_n  |  in |    1|   ap_fifo  | out_buf_V_data_V_45 |    pointer   |
|out_buf_V_data_V_45_read     | out |    1|   ap_fifo  | out_buf_V_data_V_45 |    pointer   |
|out_buf_V_data_V_46_dout     |  in |   16|   ap_fifo  | out_buf_V_data_V_46 |    pointer   |
|out_buf_V_data_V_46_empty_n  |  in |    1|   ap_fifo  | out_buf_V_data_V_46 |    pointer   |
|out_buf_V_data_V_46_read     | out |    1|   ap_fifo  | out_buf_V_data_V_46 |    pointer   |
|out_buf_V_data_V_47_dout     |  in |   16|   ap_fifo  | out_buf_V_data_V_47 |    pointer   |
|out_buf_V_data_V_47_empty_n  |  in |    1|   ap_fifo  | out_buf_V_data_V_47 |    pointer   |
|out_buf_V_data_V_47_read     | out |    1|   ap_fifo  | out_buf_V_data_V_47 |    pointer   |
|out_buf_V_data_V_48_dout     |  in |   16|   ap_fifo  | out_buf_V_data_V_48 |    pointer   |
|out_buf_V_data_V_48_empty_n  |  in |    1|   ap_fifo  | out_buf_V_data_V_48 |    pointer   |
|out_buf_V_data_V_48_read     | out |    1|   ap_fifo  | out_buf_V_data_V_48 |    pointer   |
|out_buf_V_data_V_49_dout     |  in |   16|   ap_fifo  | out_buf_V_data_V_49 |    pointer   |
|out_buf_V_data_V_49_empty_n  |  in |    1|   ap_fifo  | out_buf_V_data_V_49 |    pointer   |
|out_buf_V_data_V_49_read     | out |    1|   ap_fifo  | out_buf_V_data_V_49 |    pointer   |
|out_buf_V_data_V_50_dout     |  in |   16|   ap_fifo  | out_buf_V_data_V_50 |    pointer   |
|out_buf_V_data_V_50_empty_n  |  in |    1|   ap_fifo  | out_buf_V_data_V_50 |    pointer   |
|out_buf_V_data_V_50_read     | out |    1|   ap_fifo  | out_buf_V_data_V_50 |    pointer   |
|out_buf_V_data_V_51_dout     |  in |   16|   ap_fifo  | out_buf_V_data_V_51 |    pointer   |
|out_buf_V_data_V_51_empty_n  |  in |    1|   ap_fifo  | out_buf_V_data_V_51 |    pointer   |
|out_buf_V_data_V_51_read     | out |    1|   ap_fifo  | out_buf_V_data_V_51 |    pointer   |
|out_buf_V_data_V_52_dout     |  in |   16|   ap_fifo  | out_buf_V_data_V_52 |    pointer   |
|out_buf_V_data_V_52_empty_n  |  in |    1|   ap_fifo  | out_buf_V_data_V_52 |    pointer   |
|out_buf_V_data_V_52_read     | out |    1|   ap_fifo  | out_buf_V_data_V_52 |    pointer   |
|out_buf_V_data_V_53_dout     |  in |   16|   ap_fifo  | out_buf_V_data_V_53 |    pointer   |
|out_buf_V_data_V_53_empty_n  |  in |    1|   ap_fifo  | out_buf_V_data_V_53 |    pointer   |
|out_buf_V_data_V_53_read     | out |    1|   ap_fifo  | out_buf_V_data_V_53 |    pointer   |
|out_buf_V_data_V_54_dout     |  in |   16|   ap_fifo  | out_buf_V_data_V_54 |    pointer   |
|out_buf_V_data_V_54_empty_n  |  in |    1|   ap_fifo  | out_buf_V_data_V_54 |    pointer   |
|out_buf_V_data_V_54_read     | out |    1|   ap_fifo  | out_buf_V_data_V_54 |    pointer   |
|out_buf_V_data_V_55_dout     |  in |   16|   ap_fifo  | out_buf_V_data_V_55 |    pointer   |
|out_buf_V_data_V_55_empty_n  |  in |    1|   ap_fifo  | out_buf_V_data_V_55 |    pointer   |
|out_buf_V_data_V_55_read     | out |    1|   ap_fifo  | out_buf_V_data_V_55 |    pointer   |
|out_buf_V_data_V_56_dout     |  in |   16|   ap_fifo  | out_buf_V_data_V_56 |    pointer   |
|out_buf_V_data_V_56_empty_n  |  in |    1|   ap_fifo  | out_buf_V_data_V_56 |    pointer   |
|out_buf_V_data_V_56_read     | out |    1|   ap_fifo  | out_buf_V_data_V_56 |    pointer   |
|out_buf_V_data_V_57_dout     |  in |   16|   ap_fifo  | out_buf_V_data_V_57 |    pointer   |
|out_buf_V_data_V_57_empty_n  |  in |    1|   ap_fifo  | out_buf_V_data_V_57 |    pointer   |
|out_buf_V_data_V_57_read     | out |    1|   ap_fifo  | out_buf_V_data_V_57 |    pointer   |
|out_buf_V_data_V_58_dout     |  in |   16|   ap_fifo  | out_buf_V_data_V_58 |    pointer   |
|out_buf_V_data_V_58_empty_n  |  in |    1|   ap_fifo  | out_buf_V_data_V_58 |    pointer   |
|out_buf_V_data_V_58_read     | out |    1|   ap_fifo  | out_buf_V_data_V_58 |    pointer   |
|out_buf_V_data_V_59_dout     |  in |   16|   ap_fifo  | out_buf_V_data_V_59 |    pointer   |
|out_buf_V_data_V_59_empty_n  |  in |    1|   ap_fifo  | out_buf_V_data_V_59 |    pointer   |
|out_buf_V_data_V_59_read     | out |    1|   ap_fifo  | out_buf_V_data_V_59 |    pointer   |
|out_buf_V_data_V_60_dout     |  in |   16|   ap_fifo  | out_buf_V_data_V_60 |    pointer   |
|out_buf_V_data_V_60_empty_n  |  in |    1|   ap_fifo  | out_buf_V_data_V_60 |    pointer   |
|out_buf_V_data_V_60_read     | out |    1|   ap_fifo  | out_buf_V_data_V_60 |    pointer   |
|out_buf_V_data_V_61_dout     |  in |   16|   ap_fifo  | out_buf_V_data_V_61 |    pointer   |
|out_buf_V_data_V_61_empty_n  |  in |    1|   ap_fifo  | out_buf_V_data_V_61 |    pointer   |
|out_buf_V_data_V_61_read     | out |    1|   ap_fifo  | out_buf_V_data_V_61 |    pointer   |
|out_buf_V_data_V_62_dout     |  in |   16|   ap_fifo  | out_buf_V_data_V_62 |    pointer   |
|out_buf_V_data_V_62_empty_n  |  in |    1|   ap_fifo  | out_buf_V_data_V_62 |    pointer   |
|out_buf_V_data_V_62_read     | out |    1|   ap_fifo  | out_buf_V_data_V_62 |    pointer   |
|out_buf_V_data_V_63_dout     |  in |   16|   ap_fifo  | out_buf_V_data_V_63 |    pointer   |
|out_buf_V_data_V_63_empty_n  |  in |    1|   ap_fifo  | out_buf_V_data_V_63 |    pointer   |
|out_buf_V_data_V_63_read     | out |    1|   ap_fifo  | out_buf_V_data_V_63 |    pointer   |
|m_axi_out_V_AWVALID          | out |    1|    m_axi   |        out_V        |    pointer   |
|m_axi_out_V_AWREADY          |  in |    1|    m_axi   |        out_V        |    pointer   |
|m_axi_out_V_AWADDR           | out |   64|    m_axi   |        out_V        |    pointer   |
|m_axi_out_V_AWID             | out |    1|    m_axi   |        out_V        |    pointer   |
|m_axi_out_V_AWLEN            | out |   32|    m_axi   |        out_V        |    pointer   |
|m_axi_out_V_AWSIZE           | out |    3|    m_axi   |        out_V        |    pointer   |
|m_axi_out_V_AWBURST          | out |    2|    m_axi   |        out_V        |    pointer   |
|m_axi_out_V_AWLOCK           | out |    2|    m_axi   |        out_V        |    pointer   |
|m_axi_out_V_AWCACHE          | out |    4|    m_axi   |        out_V        |    pointer   |
|m_axi_out_V_AWPROT           | out |    3|    m_axi   |        out_V        |    pointer   |
|m_axi_out_V_AWQOS            | out |    4|    m_axi   |        out_V        |    pointer   |
|m_axi_out_V_AWREGION         | out |    4|    m_axi   |        out_V        |    pointer   |
|m_axi_out_V_AWUSER           | out |    1|    m_axi   |        out_V        |    pointer   |
|m_axi_out_V_WVALID           | out |    1|    m_axi   |        out_V        |    pointer   |
|m_axi_out_V_WREADY           |  in |    1|    m_axi   |        out_V        |    pointer   |
|m_axi_out_V_WDATA            | out |   16|    m_axi   |        out_V        |    pointer   |
|m_axi_out_V_WSTRB            | out |    2|    m_axi   |        out_V        |    pointer   |
|m_axi_out_V_WLAST            | out |    1|    m_axi   |        out_V        |    pointer   |
|m_axi_out_V_WID              | out |    1|    m_axi   |        out_V        |    pointer   |
|m_axi_out_V_WUSER            | out |    1|    m_axi   |        out_V        |    pointer   |
|m_axi_out_V_ARVALID          | out |    1|    m_axi   |        out_V        |    pointer   |
|m_axi_out_V_ARREADY          |  in |    1|    m_axi   |        out_V        |    pointer   |
|m_axi_out_V_ARADDR           | out |   64|    m_axi   |        out_V        |    pointer   |
|m_axi_out_V_ARID             | out |    1|    m_axi   |        out_V        |    pointer   |
|m_axi_out_V_ARLEN            | out |   32|    m_axi   |        out_V        |    pointer   |
|m_axi_out_V_ARSIZE           | out |    3|    m_axi   |        out_V        |    pointer   |
|m_axi_out_V_ARBURST          | out |    2|    m_axi   |        out_V        |    pointer   |
|m_axi_out_V_ARLOCK           | out |    2|    m_axi   |        out_V        |    pointer   |
|m_axi_out_V_ARCACHE          | out |    4|    m_axi   |        out_V        |    pointer   |
|m_axi_out_V_ARPROT           | out |    3|    m_axi   |        out_V        |    pointer   |
|m_axi_out_V_ARQOS            | out |    4|    m_axi   |        out_V        |    pointer   |
|m_axi_out_V_ARREGION         | out |    4|    m_axi   |        out_V        |    pointer   |
|m_axi_out_V_ARUSER           | out |    1|    m_axi   |        out_V        |    pointer   |
|m_axi_out_V_RVALID           |  in |    1|    m_axi   |        out_V        |    pointer   |
|m_axi_out_V_RREADY           | out |    1|    m_axi   |        out_V        |    pointer   |
|m_axi_out_V_RDATA            |  in |   16|    m_axi   |        out_V        |    pointer   |
|m_axi_out_V_RLAST            |  in |    1|    m_axi   |        out_V        |    pointer   |
|m_axi_out_V_RID              |  in |    1|    m_axi   |        out_V        |    pointer   |
|m_axi_out_V_RUSER            |  in |    1|    m_axi   |        out_V        |    pointer   |
|m_axi_out_V_RRESP            |  in |    2|    m_axi   |        out_V        |    pointer   |
|m_axi_out_V_BVALID           |  in |    1|    m_axi   |        out_V        |    pointer   |
|m_axi_out_V_BREADY           | out |    1|    m_axi   |        out_V        |    pointer   |
|m_axi_out_V_BRESP            |  in |    2|    m_axi   |        out_V        |    pointer   |
|m_axi_out_V_BID              |  in |    1|    m_axi   |        out_V        |    pointer   |
|m_axi_out_V_BUSER            |  in |    1|    m_axi   |        out_V        |    pointer   |
|out_V_offset_dout            |  in |   64|   ap_fifo  |     out_V_offset    |    pointer   |
|out_V_offset_empty_n         |  in |    1|   ap_fifo  |     out_V_offset    |    pointer   |
|out_V_offset_read            | out |    1|   ap_fifo  |     out_V_offset    |    pointer   |
+-----------------------------+-----+-----+------------+---------------------+--------------+

