

================================================================
== Vivado HLS Report for 'Loop_3_proc'
================================================================
* Date:           Wed Mar 15 01:53:30 2023

* Version:        2019.2 (Build 2704478 on Wed Nov 06 22:10:23 MST 2019)
* Project:        alveo_hls4ml
* Solution:       solution
* Product family: virtexuplus
* Target device:  xcu50-fsvh2104-2L-e


================================================================
== Performance Estimates
================================================================
+ Timing: 
    * Summary: 
    +--------+----------+----------+------------+
    |  Clock |  Target  | Estimated| Uncertainty|
    +--------+----------+----------+------------+
    |ap_clk  | 10.00 ns | 9.100 ns |   0.90 ns  |
    +--------+----------+----------+------------+

+ Latency: 
    * Summary: 
    +---------+---------+----------+----------+-----+-----+---------+
    |  Latency (cycles) |  Latency (absolute) |  Interval | Pipeline|
    |   min   |   max   |    min   |    max   | min | max |   Type  |
    +---------+---------+----------+----------+-----+-----+---------+
    |      791|      791| 7.910 us | 7.910 us |  791|  791|   none  |
    +---------+---------+----------+----------+-----+-----+---------+

    + Detail: 
        * Instance: 
        N/A

        * Loop: 
        +----------+---------+---------+----------+-----------+-----------+------+----------+
        |          |  Latency (cycles) | Iteration|  Initiation Interval  | Trip |          |
        | Loop Name|   min   |   max   |  Latency |  achieved |   target  | Count| Pipelined|
        +----------+---------+---------+----------+-----------+-----------+------+----------+
        |- Loop 1  |      784|      784|         2|          1|          1|   784|    yes   |
        +----------+---------+---------+----------+-----------+-----------+------+----------+



================================================================
== Utilization Estimates
================================================================
* Summary: 
+---------------------+---------+-------+---------+--------+-----+
|         Name        | BRAM_18K| DSP48E|    FF   |   LUT  | URAM|
+---------------------+---------+-------+---------+--------+-----+
|DSP                  |        -|      -|        -|       -|    -|
|Expression           |        -|      -|        0|      33|    -|
|FIFO                 |        -|      -|        -|       -|    -|
|Instance             |        -|      -|        0|    2693|    -|
|Memory               |        -|      -|        -|       -|    -|
|Multiplexer          |        -|      -|        -|     113|    -|
|Register             |        -|      -|      101|       -|    -|
+---------------------+---------+-------+---------+--------+-----+
|Total                |        0|      0|      101|    2839|    0|
+---------------------+---------+-------+---------+--------+-----+
|Available SLR        |     1344|   2976|   871680|  435840|  320|
+---------------------+---------+-------+---------+--------+-----+
|Utilization SLR (%)  |        0|      0|    ~0   |   ~0   |    0|
+---------------------+---------+-------+---------+--------+-----+
|Available            |     2688|   5952|  1743360|  871680|  640|
+---------------------+---------+-------+---------+--------+-----+
|Utilization (%)      |        0|      0|    ~0   |   ~0   |    0|
+---------------------+---------+-------+---------+--------+-----+

+ Detail: 
    * Instance: 
    +-------------------------------------+-------------------------------+---------+-------+---+------+-----+
    |               Instance              |             Module            | BRAM_18K| DSP48E| FF|  LUT | URAM|
    +-------------------------------------+-------------------------------+---------+-------+---+------+-----+
    |alveo_hls4ml_mux_78410_16_1_1_U4820  |alveo_hls4ml_mux_78410_16_1_1  |        0|      0|  0|  2693|    0|
    +-------------------------------------+-------------------------------+---------+-------+---+------+-----+
    |Total                                |                               |        0|      0|  0|  2693|    0|
    +-------------------------------------+-------------------------------+---------+-------+---+------+-----+

    * DSP48E: 
    N/A

    * Memory: 
    N/A

    * FIFO: 
    N/A

    * Expression: 
    +---------------------------+----------+-------+---+----+------------+------------+
    |       Variable Name       | Operation| DSP48E| FF| LUT| Bitwidth P0| Bitwidth P1|
    +---------------------------+----------+-------+---+----+------------+------------+
    |i1_fu_6399_p2              |     +    |      0|  0|  10|          10|           1|
    |ap_block_pp0_stage0_11001  |    and   |      0|  0|   2|           1|           1|
    |ap_block_state4_io         |    and   |      0|  0|   2|           1|           1|
    |icmp_ln92_fu_6393_p2       |   icmp   |      0|  0|  13|          10|           9|
    |ap_block_state1            |    or    |      0|  0|   2|           1|           1|
    |ap_enable_pp0              |    xor   |      0|  0|   2|           1|           2|
    |ap_enable_reg_pp0_iter1    |    xor   |      0|  0|   2|           2|           1|
    +---------------------------+----------+-------+---+----+------------+------------+
    |Total                      |          |      0|  0|  33|          26|          16|
    +---------------------------+----------+-------+---+----+------------+------------+

    * Multiplexer: 
    +-------------------------+----+-----------+-----+-----------+
    |           Name          | LUT| Input Size| Bits| Total Bits|
    +-------------------------+----+-----------+-----+-----------+
    |ap_NS_fsm                |  44|          9|    1|          9|
    |ap_done                  |   9|          2|    1|          2|
    |ap_enable_reg_pp0_iter1  |  15|          3|    1|          3|
    |i1_0_i_reg_6362          |   9|          2|   10|         20|
    |out_V_blk_n_AW           |   9|          2|    1|          2|
    |out_V_blk_n_B            |   9|          2|    1|          2|
    |out_V_blk_n_W            |   9|          2|    1|          2|
    |out_V_offset_blk_n       |   9|          2|    1|          2|
    +-------------------------+----+-----------+-----+-----------+
    |Total                    | 113|         24|   17|         42|
    +-------------------------+----+-----------+-----+-----------+

    * Register: 
    +-------------------------+----+----+-----+-----------+
    |           Name          | FF | LUT| Bits| Const Bits|
    +-------------------------+----+----+-----+-----------+
    |ap_CS_fsm                |   8|   0|    8|          0|
    |ap_done_reg              |   1|   0|    1|          0|
    |ap_enable_reg_pp0_iter0  |   1|   0|    1|          0|
    |ap_enable_reg_pp0_iter1  |   1|   0|    1|          0|
    |i1_0_i_reg_6362          |  10|   0|   10|          0|
    |icmp_ln92_reg_7985       |   1|   0|    1|          0|
    |out_V_addr_reg_7979      |  63|   0|   64|          1|
    |tmp_i_45_reg_7994        |  16|   0|   16|          0|
    +-------------------------+----+----+-----+-----------+
    |Total                    | 101|   0|  102|          1|
    +-------------------------+----+----+-----+-----------+



================================================================
== Interface
================================================================
* Summary: 
+----------------------+-----+-----+------------+----------------+--------------+
|       RTL Ports      | Dir | Bits|  Protocol  |  Source Object |    C Type    |
+----------------------+-----+-----+------------+----------------+--------------+
|ap_clk                |  in |    1| ap_ctrl_hs |   Loop_3_proc  | return value |
|ap_rst                |  in |    1| ap_ctrl_hs |   Loop_3_proc  | return value |
|ap_start              |  in |    1| ap_ctrl_hs |   Loop_3_proc  | return value |
|ap_done               | out |    1| ap_ctrl_hs |   Loop_3_proc  | return value |
|ap_continue           |  in |    1| ap_ctrl_hs |   Loop_3_proc  | return value |
|ap_idle               | out |    1| ap_ctrl_hs |   Loop_3_proc  | return value |
|ap_ready              | out |    1| ap_ctrl_hs |   Loop_3_proc  | return value |
|out_bigbuf_0          |  in |   16|   ap_none  |  out_bigbuf_0  |    pointer   |
|out_bigbuf_1          |  in |   16|   ap_none  |  out_bigbuf_1  |    pointer   |
|out_bigbuf_2          |  in |   16|   ap_none  |  out_bigbuf_2  |    pointer   |
|out_bigbuf_3          |  in |   16|   ap_none  |  out_bigbuf_3  |    pointer   |
|out_bigbuf_4          |  in |   16|   ap_none  |  out_bigbuf_4  |    pointer   |
|out_bigbuf_5          |  in |   16|   ap_none  |  out_bigbuf_5  |    pointer   |
|out_bigbuf_6          |  in |   16|   ap_none  |  out_bigbuf_6  |    pointer   |
|out_bigbuf_7          |  in |   16|   ap_none  |  out_bigbuf_7  |    pointer   |
|out_bigbuf_8          |  in |   16|   ap_none  |  out_bigbuf_8  |    pointer   |
|out_bigbuf_9          |  in |   16|   ap_none  |  out_bigbuf_9  |    pointer   |
|out_bigbuf_10         |  in |   16|   ap_none  |  out_bigbuf_10 |    pointer   |
|out_bigbuf_11         |  in |   16|   ap_none  |  out_bigbuf_11 |    pointer   |
|out_bigbuf_12         |  in |   16|   ap_none  |  out_bigbuf_12 |    pointer   |
|out_bigbuf_13         |  in |   16|   ap_none  |  out_bigbuf_13 |    pointer   |
|out_bigbuf_14         |  in |   16|   ap_none  |  out_bigbuf_14 |    pointer   |
|out_bigbuf_15         |  in |   16|   ap_none  |  out_bigbuf_15 |    pointer   |
|out_bigbuf_16         |  in |   16|   ap_none  |  out_bigbuf_16 |    pointer   |
|out_bigbuf_17         |  in |   16|   ap_none  |  out_bigbuf_17 |    pointer   |
|out_bigbuf_18         |  in |   16|   ap_none  |  out_bigbuf_18 |    pointer   |
|out_bigbuf_19         |  in |   16|   ap_none  |  out_bigbuf_19 |    pointer   |
|out_bigbuf_20         |  in |   16|   ap_none  |  out_bigbuf_20 |    pointer   |
|out_bigbuf_21         |  in |   16|   ap_none  |  out_bigbuf_21 |    pointer   |
|out_bigbuf_22         |  in |   16|   ap_none  |  out_bigbuf_22 |    pointer   |
|out_bigbuf_23         |  in |   16|   ap_none  |  out_bigbuf_23 |    pointer   |
|out_bigbuf_24         |  in |   16|   ap_none  |  out_bigbuf_24 |    pointer   |
|out_bigbuf_25         |  in |   16|   ap_none  |  out_bigbuf_25 |    pointer   |
|out_bigbuf_26         |  in |   16|   ap_none  |  out_bigbuf_26 |    pointer   |
|out_bigbuf_27         |  in |   16|   ap_none  |  out_bigbuf_27 |    pointer   |
|out_bigbuf_28         |  in |   16|   ap_none  |  out_bigbuf_28 |    pointer   |
|out_bigbuf_29         |  in |   16|   ap_none  |  out_bigbuf_29 |    pointer   |
|out_bigbuf_30         |  in |   16|   ap_none  |  out_bigbuf_30 |    pointer   |
|out_bigbuf_31         |  in |   16|   ap_none  |  out_bigbuf_31 |    pointer   |
|out_bigbuf_32         |  in |   16|   ap_none  |  out_bigbuf_32 |    pointer   |
|out_bigbuf_33         |  in |   16|   ap_none  |  out_bigbuf_33 |    pointer   |
|out_bigbuf_34         |  in |   16|   ap_none  |  out_bigbuf_34 |    pointer   |
|out_bigbuf_35         |  in |   16|   ap_none  |  out_bigbuf_35 |    pointer   |
|out_bigbuf_36         |  in |   16|   ap_none  |  out_bigbuf_36 |    pointer   |
|out_bigbuf_37         |  in |   16|   ap_none  |  out_bigbuf_37 |    pointer   |
|out_bigbuf_38         |  in |   16|   ap_none  |  out_bigbuf_38 |    pointer   |
|out_bigbuf_39         |  in |   16|   ap_none  |  out_bigbuf_39 |    pointer   |
|out_bigbuf_40         |  in |   16|   ap_none  |  out_bigbuf_40 |    pointer   |
|out_bigbuf_41         |  in |   16|   ap_none  |  out_bigbuf_41 |    pointer   |
|out_bigbuf_42         |  in |   16|   ap_none  |  out_bigbuf_42 |    pointer   |
|out_bigbuf_43         |  in |   16|   ap_none  |  out_bigbuf_43 |    pointer   |
|out_bigbuf_44         |  in |   16|   ap_none  |  out_bigbuf_44 |    pointer   |
|out_bigbuf_45         |  in |   16|   ap_none  |  out_bigbuf_45 |    pointer   |
|out_bigbuf_46         |  in |   16|   ap_none  |  out_bigbuf_46 |    pointer   |
|out_bigbuf_47         |  in |   16|   ap_none  |  out_bigbuf_47 |    pointer   |
|out_bigbuf_48         |  in |   16|   ap_none  |  out_bigbuf_48 |    pointer   |
|out_bigbuf_49         |  in |   16|   ap_none  |  out_bigbuf_49 |    pointer   |
|out_bigbuf_50         |  in |   16|   ap_none  |  out_bigbuf_50 |    pointer   |
|out_bigbuf_51         |  in |   16|   ap_none  |  out_bigbuf_51 |    pointer   |
|out_bigbuf_52         |  in |   16|   ap_none  |  out_bigbuf_52 |    pointer   |
|out_bigbuf_53         |  in |   16|   ap_none  |  out_bigbuf_53 |    pointer   |
|out_bigbuf_54         |  in |   16|   ap_none  |  out_bigbuf_54 |    pointer   |
|out_bigbuf_55         |  in |   16|   ap_none  |  out_bigbuf_55 |    pointer   |
|out_bigbuf_56         |  in |   16|   ap_none  |  out_bigbuf_56 |    pointer   |
|out_bigbuf_57         |  in |   16|   ap_none  |  out_bigbuf_57 |    pointer   |
|out_bigbuf_58         |  in |   16|   ap_none  |  out_bigbuf_58 |    pointer   |
|out_bigbuf_59         |  in |   16|   ap_none  |  out_bigbuf_59 |    pointer   |
|out_bigbuf_60         |  in |   16|   ap_none  |  out_bigbuf_60 |    pointer   |
|out_bigbuf_61         |  in |   16|   ap_none  |  out_bigbuf_61 |    pointer   |
|out_bigbuf_62         |  in |   16|   ap_none  |  out_bigbuf_62 |    pointer   |
|out_bigbuf_63         |  in |   16|   ap_none  |  out_bigbuf_63 |    pointer   |
|out_bigbuf_64         |  in |   16|   ap_none  |  out_bigbuf_64 |    pointer   |
|out_bigbuf_65         |  in |   16|   ap_none  |  out_bigbuf_65 |    pointer   |
|out_bigbuf_66         |  in |   16|   ap_none  |  out_bigbuf_66 |    pointer   |
|out_bigbuf_67         |  in |   16|   ap_none  |  out_bigbuf_67 |    pointer   |
|out_bigbuf_68         |  in |   16|   ap_none  |  out_bigbuf_68 |    pointer   |
|out_bigbuf_69         |  in |   16|   ap_none  |  out_bigbuf_69 |    pointer   |
|out_bigbuf_70         |  in |   16|   ap_none  |  out_bigbuf_70 |    pointer   |
|out_bigbuf_71         |  in |   16|   ap_none  |  out_bigbuf_71 |    pointer   |
|out_bigbuf_72         |  in |   16|   ap_none  |  out_bigbuf_72 |    pointer   |
|out_bigbuf_73         |  in |   16|   ap_none  |  out_bigbuf_73 |    pointer   |
|out_bigbuf_74         |  in |   16|   ap_none  |  out_bigbuf_74 |    pointer   |
|out_bigbuf_75         |  in |   16|   ap_none  |  out_bigbuf_75 |    pointer   |
|out_bigbuf_76         |  in |   16|   ap_none  |  out_bigbuf_76 |    pointer   |
|out_bigbuf_77         |  in |   16|   ap_none  |  out_bigbuf_77 |    pointer   |
|out_bigbuf_78         |  in |   16|   ap_none  |  out_bigbuf_78 |    pointer   |
|out_bigbuf_79         |  in |   16|   ap_none  |  out_bigbuf_79 |    pointer   |
|out_bigbuf_80         |  in |   16|   ap_none  |  out_bigbuf_80 |    pointer   |
|out_bigbuf_81         |  in |   16|   ap_none  |  out_bigbuf_81 |    pointer   |
|out_bigbuf_82         |  in |   16|   ap_none  |  out_bigbuf_82 |    pointer   |
|out_bigbuf_83         |  in |   16|   ap_none  |  out_bigbuf_83 |    pointer   |
|out_bigbuf_84         |  in |   16|   ap_none  |  out_bigbuf_84 |    pointer   |
|out_bigbuf_85         |  in |   16|   ap_none  |  out_bigbuf_85 |    pointer   |
|out_bigbuf_86         |  in |   16|   ap_none  |  out_bigbuf_86 |    pointer   |
|out_bigbuf_87         |  in |   16|   ap_none  |  out_bigbuf_87 |    pointer   |
|out_bigbuf_88         |  in |   16|   ap_none  |  out_bigbuf_88 |    pointer   |
|out_bigbuf_89         |  in |   16|   ap_none  |  out_bigbuf_89 |    pointer   |
|out_bigbuf_90         |  in |   16|   ap_none  |  out_bigbuf_90 |    pointer   |
|out_bigbuf_91         |  in |   16|   ap_none  |  out_bigbuf_91 |    pointer   |
|out_bigbuf_92         |  in |   16|   ap_none  |  out_bigbuf_92 |    pointer   |
|out_bigbuf_93         |  in |   16|   ap_none  |  out_bigbuf_93 |    pointer   |
|out_bigbuf_94         |  in |   16|   ap_none  |  out_bigbuf_94 |    pointer   |
|out_bigbuf_95         |  in |   16|   ap_none  |  out_bigbuf_95 |    pointer   |
|out_bigbuf_96         |  in |   16|   ap_none  |  out_bigbuf_96 |    pointer   |
|out_bigbuf_97         |  in |   16|   ap_none  |  out_bigbuf_97 |    pointer   |
|out_bigbuf_98         |  in |   16|   ap_none  |  out_bigbuf_98 |    pointer   |
|out_bigbuf_99         |  in |   16|   ap_none  |  out_bigbuf_99 |    pointer   |
|out_bigbuf_100        |  in |   16|   ap_none  | out_bigbuf_100 |    pointer   |
|out_bigbuf_101        |  in |   16|   ap_none  | out_bigbuf_101 |    pointer   |
|out_bigbuf_102        |  in |   16|   ap_none  | out_bigbuf_102 |    pointer   |
|out_bigbuf_103        |  in |   16|   ap_none  | out_bigbuf_103 |    pointer   |
|out_bigbuf_104        |  in |   16|   ap_none  | out_bigbuf_104 |    pointer   |
|out_bigbuf_105        |  in |   16|   ap_none  | out_bigbuf_105 |    pointer   |
|out_bigbuf_106        |  in |   16|   ap_none  | out_bigbuf_106 |    pointer   |
|out_bigbuf_107        |  in |   16|   ap_none  | out_bigbuf_107 |    pointer   |
|out_bigbuf_108        |  in |   16|   ap_none  | out_bigbuf_108 |    pointer   |
|out_bigbuf_109        |  in |   16|   ap_none  | out_bigbuf_109 |    pointer   |
|out_bigbuf_110        |  in |   16|   ap_none  | out_bigbuf_110 |    pointer   |
|out_bigbuf_111        |  in |   16|   ap_none  | out_bigbuf_111 |    pointer   |
|out_bigbuf_112        |  in |   16|   ap_none  | out_bigbuf_112 |    pointer   |
|out_bigbuf_113        |  in |   16|   ap_none  | out_bigbuf_113 |    pointer   |
|out_bigbuf_114        |  in |   16|   ap_none  | out_bigbuf_114 |    pointer   |
|out_bigbuf_115        |  in |   16|   ap_none  | out_bigbuf_115 |    pointer   |
|out_bigbuf_116        |  in |   16|   ap_none  | out_bigbuf_116 |    pointer   |
|out_bigbuf_117        |  in |   16|   ap_none  | out_bigbuf_117 |    pointer   |
|out_bigbuf_118        |  in |   16|   ap_none  | out_bigbuf_118 |    pointer   |
|out_bigbuf_119        |  in |   16|   ap_none  | out_bigbuf_119 |    pointer   |
|out_bigbuf_120        |  in |   16|   ap_none  | out_bigbuf_120 |    pointer   |
|out_bigbuf_121        |  in |   16|   ap_none  | out_bigbuf_121 |    pointer   |
|out_bigbuf_122        |  in |   16|   ap_none  | out_bigbuf_122 |    pointer   |
|out_bigbuf_123        |  in |   16|   ap_none  | out_bigbuf_123 |    pointer   |
|out_bigbuf_124        |  in |   16|   ap_none  | out_bigbuf_124 |    pointer   |
|out_bigbuf_125        |  in |   16|   ap_none  | out_bigbuf_125 |    pointer   |
|out_bigbuf_126        |  in |   16|   ap_none  | out_bigbuf_126 |    pointer   |
|out_bigbuf_127        |  in |   16|   ap_none  | out_bigbuf_127 |    pointer   |
|out_bigbuf_128        |  in |   16|   ap_none  | out_bigbuf_128 |    pointer   |
|out_bigbuf_129        |  in |   16|   ap_none  | out_bigbuf_129 |    pointer   |
|out_bigbuf_130        |  in |   16|   ap_none  | out_bigbuf_130 |    pointer   |
|out_bigbuf_131        |  in |   16|   ap_none  | out_bigbuf_131 |    pointer   |
|out_bigbuf_132        |  in |   16|   ap_none  | out_bigbuf_132 |    pointer   |
|out_bigbuf_133        |  in |   16|   ap_none  | out_bigbuf_133 |    pointer   |
|out_bigbuf_134        |  in |   16|   ap_none  | out_bigbuf_134 |    pointer   |
|out_bigbuf_135        |  in |   16|   ap_none  | out_bigbuf_135 |    pointer   |
|out_bigbuf_136        |  in |   16|   ap_none  | out_bigbuf_136 |    pointer   |
|out_bigbuf_137        |  in |   16|   ap_none  | out_bigbuf_137 |    pointer   |
|out_bigbuf_138        |  in |   16|   ap_none  | out_bigbuf_138 |    pointer   |
|out_bigbuf_139        |  in |   16|   ap_none  | out_bigbuf_139 |    pointer   |
|out_bigbuf_140        |  in |   16|   ap_none  | out_bigbuf_140 |    pointer   |
|out_bigbuf_141        |  in |   16|   ap_none  | out_bigbuf_141 |    pointer   |
|out_bigbuf_142        |  in |   16|   ap_none  | out_bigbuf_142 |    pointer   |
|out_bigbuf_143        |  in |   16|   ap_none  | out_bigbuf_143 |    pointer   |
|out_bigbuf_144        |  in |   16|   ap_none  | out_bigbuf_144 |    pointer   |
|out_bigbuf_145        |  in |   16|   ap_none  | out_bigbuf_145 |    pointer   |
|out_bigbuf_146        |  in |   16|   ap_none  | out_bigbuf_146 |    pointer   |
|out_bigbuf_147        |  in |   16|   ap_none  | out_bigbuf_147 |    pointer   |
|out_bigbuf_148        |  in |   16|   ap_none  | out_bigbuf_148 |    pointer   |
|out_bigbuf_149        |  in |   16|   ap_none  | out_bigbuf_149 |    pointer   |
|out_bigbuf_150        |  in |   16|   ap_none  | out_bigbuf_150 |    pointer   |
|out_bigbuf_151        |  in |   16|   ap_none  | out_bigbuf_151 |    pointer   |
|out_bigbuf_152        |  in |   16|   ap_none  | out_bigbuf_152 |    pointer   |
|out_bigbuf_153        |  in |   16|   ap_none  | out_bigbuf_153 |    pointer   |
|out_bigbuf_154        |  in |   16|   ap_none  | out_bigbuf_154 |    pointer   |
|out_bigbuf_155        |  in |   16|   ap_none  | out_bigbuf_155 |    pointer   |
|out_bigbuf_156        |  in |   16|   ap_none  | out_bigbuf_156 |    pointer   |
|out_bigbuf_157        |  in |   16|   ap_none  | out_bigbuf_157 |    pointer   |
|out_bigbuf_158        |  in |   16|   ap_none  | out_bigbuf_158 |    pointer   |
|out_bigbuf_159        |  in |   16|   ap_none  | out_bigbuf_159 |    pointer   |
|out_bigbuf_160        |  in |   16|   ap_none  | out_bigbuf_160 |    pointer   |
|out_bigbuf_161        |  in |   16|   ap_none  | out_bigbuf_161 |    pointer   |
|out_bigbuf_162        |  in |   16|   ap_none  | out_bigbuf_162 |    pointer   |
|out_bigbuf_163        |  in |   16|   ap_none  | out_bigbuf_163 |    pointer   |
|out_bigbuf_164        |  in |   16|   ap_none  | out_bigbuf_164 |    pointer   |
|out_bigbuf_165        |  in |   16|   ap_none  | out_bigbuf_165 |    pointer   |
|out_bigbuf_166        |  in |   16|   ap_none  | out_bigbuf_166 |    pointer   |
|out_bigbuf_167        |  in |   16|   ap_none  | out_bigbuf_167 |    pointer   |
|out_bigbuf_168        |  in |   16|   ap_none  | out_bigbuf_168 |    pointer   |
|out_bigbuf_169        |  in |   16|   ap_none  | out_bigbuf_169 |    pointer   |
|out_bigbuf_170        |  in |   16|   ap_none  | out_bigbuf_170 |    pointer   |
|out_bigbuf_171        |  in |   16|   ap_none  | out_bigbuf_171 |    pointer   |
|out_bigbuf_172        |  in |   16|   ap_none  | out_bigbuf_172 |    pointer   |
|out_bigbuf_173        |  in |   16|   ap_none  | out_bigbuf_173 |    pointer   |
|out_bigbuf_174        |  in |   16|   ap_none  | out_bigbuf_174 |    pointer   |
|out_bigbuf_175        |  in |   16|   ap_none  | out_bigbuf_175 |    pointer   |
|out_bigbuf_176        |  in |   16|   ap_none  | out_bigbuf_176 |    pointer   |
|out_bigbuf_177        |  in |   16|   ap_none  | out_bigbuf_177 |    pointer   |
|out_bigbuf_178        |  in |   16|   ap_none  | out_bigbuf_178 |    pointer   |
|out_bigbuf_179        |  in |   16|   ap_none  | out_bigbuf_179 |    pointer   |
|out_bigbuf_180        |  in |   16|   ap_none  | out_bigbuf_180 |    pointer   |
|out_bigbuf_181        |  in |   16|   ap_none  | out_bigbuf_181 |    pointer   |
|out_bigbuf_182        |  in |   16|   ap_none  | out_bigbuf_182 |    pointer   |
|out_bigbuf_183        |  in |   16|   ap_none  | out_bigbuf_183 |    pointer   |
|out_bigbuf_184        |  in |   16|   ap_none  | out_bigbuf_184 |    pointer   |
|out_bigbuf_185        |  in |   16|   ap_none  | out_bigbuf_185 |    pointer   |
|out_bigbuf_186        |  in |   16|   ap_none  | out_bigbuf_186 |    pointer   |
|out_bigbuf_187        |  in |   16|   ap_none  | out_bigbuf_187 |    pointer   |
|out_bigbuf_188        |  in |   16|   ap_none  | out_bigbuf_188 |    pointer   |
|out_bigbuf_189        |  in |   16|   ap_none  | out_bigbuf_189 |    pointer   |
|out_bigbuf_190        |  in |   16|   ap_none  | out_bigbuf_190 |    pointer   |
|out_bigbuf_191        |  in |   16|   ap_none  | out_bigbuf_191 |    pointer   |
|out_bigbuf_192        |  in |   16|   ap_none  | out_bigbuf_192 |    pointer   |
|out_bigbuf_193        |  in |   16|   ap_none  | out_bigbuf_193 |    pointer   |
|out_bigbuf_194        |  in |   16|   ap_none  | out_bigbuf_194 |    pointer   |
|out_bigbuf_195        |  in |   16|   ap_none  | out_bigbuf_195 |    pointer   |
|out_bigbuf_196        |  in |   16|   ap_none  | out_bigbuf_196 |    pointer   |
|out_bigbuf_197        |  in |   16|   ap_none  | out_bigbuf_197 |    pointer   |
|out_bigbuf_198        |  in |   16|   ap_none  | out_bigbuf_198 |    pointer   |
|out_bigbuf_199        |  in |   16|   ap_none  | out_bigbuf_199 |    pointer   |
|out_bigbuf_200        |  in |   16|   ap_none  | out_bigbuf_200 |    pointer   |
|out_bigbuf_201        |  in |   16|   ap_none  | out_bigbuf_201 |    pointer   |
|out_bigbuf_202        |  in |   16|   ap_none  | out_bigbuf_202 |    pointer   |
|out_bigbuf_203        |  in |   16|   ap_none  | out_bigbuf_203 |    pointer   |
|out_bigbuf_204        |  in |   16|   ap_none  | out_bigbuf_204 |    pointer   |
|out_bigbuf_205        |  in |   16|   ap_none  | out_bigbuf_205 |    pointer   |
|out_bigbuf_206        |  in |   16|   ap_none  | out_bigbuf_206 |    pointer   |
|out_bigbuf_207        |  in |   16|   ap_none  | out_bigbuf_207 |    pointer   |
|out_bigbuf_208        |  in |   16|   ap_none  | out_bigbuf_208 |    pointer   |
|out_bigbuf_209        |  in |   16|   ap_none  | out_bigbuf_209 |    pointer   |
|out_bigbuf_210        |  in |   16|   ap_none  | out_bigbuf_210 |    pointer   |
|out_bigbuf_211        |  in |   16|   ap_none  | out_bigbuf_211 |    pointer   |
|out_bigbuf_212        |  in |   16|   ap_none  | out_bigbuf_212 |    pointer   |
|out_bigbuf_213        |  in |   16|   ap_none  | out_bigbuf_213 |    pointer   |
|out_bigbuf_214        |  in |   16|   ap_none  | out_bigbuf_214 |    pointer   |
|out_bigbuf_215        |  in |   16|   ap_none  | out_bigbuf_215 |    pointer   |
|out_bigbuf_216        |  in |   16|   ap_none  | out_bigbuf_216 |    pointer   |
|out_bigbuf_217        |  in |   16|   ap_none  | out_bigbuf_217 |    pointer   |
|out_bigbuf_218        |  in |   16|   ap_none  | out_bigbuf_218 |    pointer   |
|out_bigbuf_219        |  in |   16|   ap_none  | out_bigbuf_219 |    pointer   |
|out_bigbuf_220        |  in |   16|   ap_none  | out_bigbuf_220 |    pointer   |
|out_bigbuf_221        |  in |   16|   ap_none  | out_bigbuf_221 |    pointer   |
|out_bigbuf_222        |  in |   16|   ap_none  | out_bigbuf_222 |    pointer   |
|out_bigbuf_223        |  in |   16|   ap_none  | out_bigbuf_223 |    pointer   |
|out_bigbuf_224        |  in |   16|   ap_none  | out_bigbuf_224 |    pointer   |
|out_bigbuf_225        |  in |   16|   ap_none  | out_bigbuf_225 |    pointer   |
|out_bigbuf_226        |  in |   16|   ap_none  | out_bigbuf_226 |    pointer   |
|out_bigbuf_227        |  in |   16|   ap_none  | out_bigbuf_227 |    pointer   |
|out_bigbuf_228        |  in |   16|   ap_none  | out_bigbuf_228 |    pointer   |
|out_bigbuf_229        |  in |   16|   ap_none  | out_bigbuf_229 |    pointer   |
|out_bigbuf_230        |  in |   16|   ap_none  | out_bigbuf_230 |    pointer   |
|out_bigbuf_231        |  in |   16|   ap_none  | out_bigbuf_231 |    pointer   |
|out_bigbuf_232        |  in |   16|   ap_none  | out_bigbuf_232 |    pointer   |
|out_bigbuf_233        |  in |   16|   ap_none  | out_bigbuf_233 |    pointer   |
|out_bigbuf_234        |  in |   16|   ap_none  | out_bigbuf_234 |    pointer   |
|out_bigbuf_235        |  in |   16|   ap_none  | out_bigbuf_235 |    pointer   |
|out_bigbuf_236        |  in |   16|   ap_none  | out_bigbuf_236 |    pointer   |
|out_bigbuf_237        |  in |   16|   ap_none  | out_bigbuf_237 |    pointer   |
|out_bigbuf_238        |  in |   16|   ap_none  | out_bigbuf_238 |    pointer   |
|out_bigbuf_239        |  in |   16|   ap_none  | out_bigbuf_239 |    pointer   |
|out_bigbuf_240        |  in |   16|   ap_none  | out_bigbuf_240 |    pointer   |
|out_bigbuf_241        |  in |   16|   ap_none  | out_bigbuf_241 |    pointer   |
|out_bigbuf_242        |  in |   16|   ap_none  | out_bigbuf_242 |    pointer   |
|out_bigbuf_243        |  in |   16|   ap_none  | out_bigbuf_243 |    pointer   |
|out_bigbuf_244        |  in |   16|   ap_none  | out_bigbuf_244 |    pointer   |
|out_bigbuf_245        |  in |   16|   ap_none  | out_bigbuf_245 |    pointer   |
|out_bigbuf_246        |  in |   16|   ap_none  | out_bigbuf_246 |    pointer   |
|out_bigbuf_247        |  in |   16|   ap_none  | out_bigbuf_247 |    pointer   |
|out_bigbuf_248        |  in |   16|   ap_none  | out_bigbuf_248 |    pointer   |
|out_bigbuf_249        |  in |   16|   ap_none  | out_bigbuf_249 |    pointer   |
|out_bigbuf_250        |  in |   16|   ap_none  | out_bigbuf_250 |    pointer   |
|out_bigbuf_251        |  in |   16|   ap_none  | out_bigbuf_251 |    pointer   |
|out_bigbuf_252        |  in |   16|   ap_none  | out_bigbuf_252 |    pointer   |
|out_bigbuf_253        |  in |   16|   ap_none  | out_bigbuf_253 |    pointer   |
|out_bigbuf_254        |  in |   16|   ap_none  | out_bigbuf_254 |    pointer   |
|out_bigbuf_255        |  in |   16|   ap_none  | out_bigbuf_255 |    pointer   |
|out_bigbuf_256        |  in |   16|   ap_none  | out_bigbuf_256 |    pointer   |
|out_bigbuf_257        |  in |   16|   ap_none  | out_bigbuf_257 |    pointer   |
|out_bigbuf_258        |  in |   16|   ap_none  | out_bigbuf_258 |    pointer   |
|out_bigbuf_259        |  in |   16|   ap_none  | out_bigbuf_259 |    pointer   |
|out_bigbuf_260        |  in |   16|   ap_none  | out_bigbuf_260 |    pointer   |
|out_bigbuf_261        |  in |   16|   ap_none  | out_bigbuf_261 |    pointer   |
|out_bigbuf_262        |  in |   16|   ap_none  | out_bigbuf_262 |    pointer   |
|out_bigbuf_263        |  in |   16|   ap_none  | out_bigbuf_263 |    pointer   |
|out_bigbuf_264        |  in |   16|   ap_none  | out_bigbuf_264 |    pointer   |
|out_bigbuf_265        |  in |   16|   ap_none  | out_bigbuf_265 |    pointer   |
|out_bigbuf_266        |  in |   16|   ap_none  | out_bigbuf_266 |    pointer   |
|out_bigbuf_267        |  in |   16|   ap_none  | out_bigbuf_267 |    pointer   |
|out_bigbuf_268        |  in |   16|   ap_none  | out_bigbuf_268 |    pointer   |
|out_bigbuf_269        |  in |   16|   ap_none  | out_bigbuf_269 |    pointer   |
|out_bigbuf_270        |  in |   16|   ap_none  | out_bigbuf_270 |    pointer   |
|out_bigbuf_271        |  in |   16|   ap_none  | out_bigbuf_271 |    pointer   |
|out_bigbuf_272        |  in |   16|   ap_none  | out_bigbuf_272 |    pointer   |
|out_bigbuf_273        |  in |   16|   ap_none  | out_bigbuf_273 |    pointer   |
|out_bigbuf_274        |  in |   16|   ap_none  | out_bigbuf_274 |    pointer   |
|out_bigbuf_275        |  in |   16|   ap_none  | out_bigbuf_275 |    pointer   |
|out_bigbuf_276        |  in |   16|   ap_none  | out_bigbuf_276 |    pointer   |
|out_bigbuf_277        |  in |   16|   ap_none  | out_bigbuf_277 |    pointer   |
|out_bigbuf_278        |  in |   16|   ap_none  | out_bigbuf_278 |    pointer   |
|out_bigbuf_279        |  in |   16|   ap_none  | out_bigbuf_279 |    pointer   |
|out_bigbuf_280        |  in |   16|   ap_none  | out_bigbuf_280 |    pointer   |
|out_bigbuf_281        |  in |   16|   ap_none  | out_bigbuf_281 |    pointer   |
|out_bigbuf_282        |  in |   16|   ap_none  | out_bigbuf_282 |    pointer   |
|out_bigbuf_283        |  in |   16|   ap_none  | out_bigbuf_283 |    pointer   |
|out_bigbuf_284        |  in |   16|   ap_none  | out_bigbuf_284 |    pointer   |
|out_bigbuf_285        |  in |   16|   ap_none  | out_bigbuf_285 |    pointer   |
|out_bigbuf_286        |  in |   16|   ap_none  | out_bigbuf_286 |    pointer   |
|out_bigbuf_287        |  in |   16|   ap_none  | out_bigbuf_287 |    pointer   |
|out_bigbuf_288        |  in |   16|   ap_none  | out_bigbuf_288 |    pointer   |
|out_bigbuf_289        |  in |   16|   ap_none  | out_bigbuf_289 |    pointer   |
|out_bigbuf_290        |  in |   16|   ap_none  | out_bigbuf_290 |    pointer   |
|out_bigbuf_291        |  in |   16|   ap_none  | out_bigbuf_291 |    pointer   |
|out_bigbuf_292        |  in |   16|   ap_none  | out_bigbuf_292 |    pointer   |
|out_bigbuf_293        |  in |   16|   ap_none  | out_bigbuf_293 |    pointer   |
|out_bigbuf_294        |  in |   16|   ap_none  | out_bigbuf_294 |    pointer   |
|out_bigbuf_295        |  in |   16|   ap_none  | out_bigbuf_295 |    pointer   |
|out_bigbuf_296        |  in |   16|   ap_none  | out_bigbuf_296 |    pointer   |
|out_bigbuf_297        |  in |   16|   ap_none  | out_bigbuf_297 |    pointer   |
|out_bigbuf_298        |  in |   16|   ap_none  | out_bigbuf_298 |    pointer   |
|out_bigbuf_299        |  in |   16|   ap_none  | out_bigbuf_299 |    pointer   |
|out_bigbuf_300        |  in |   16|   ap_none  | out_bigbuf_300 |    pointer   |
|out_bigbuf_301        |  in |   16|   ap_none  | out_bigbuf_301 |    pointer   |
|out_bigbuf_302        |  in |   16|   ap_none  | out_bigbuf_302 |    pointer   |
|out_bigbuf_303        |  in |   16|   ap_none  | out_bigbuf_303 |    pointer   |
|out_bigbuf_304        |  in |   16|   ap_none  | out_bigbuf_304 |    pointer   |
|out_bigbuf_305        |  in |   16|   ap_none  | out_bigbuf_305 |    pointer   |
|out_bigbuf_306        |  in |   16|   ap_none  | out_bigbuf_306 |    pointer   |
|out_bigbuf_307        |  in |   16|   ap_none  | out_bigbuf_307 |    pointer   |
|out_bigbuf_308        |  in |   16|   ap_none  | out_bigbuf_308 |    pointer   |
|out_bigbuf_309        |  in |   16|   ap_none  | out_bigbuf_309 |    pointer   |
|out_bigbuf_310        |  in |   16|   ap_none  | out_bigbuf_310 |    pointer   |
|out_bigbuf_311        |  in |   16|   ap_none  | out_bigbuf_311 |    pointer   |
|out_bigbuf_312        |  in |   16|   ap_none  | out_bigbuf_312 |    pointer   |
|out_bigbuf_313        |  in |   16|   ap_none  | out_bigbuf_313 |    pointer   |
|out_bigbuf_314        |  in |   16|   ap_none  | out_bigbuf_314 |    pointer   |
|out_bigbuf_315        |  in |   16|   ap_none  | out_bigbuf_315 |    pointer   |
|out_bigbuf_316        |  in |   16|   ap_none  | out_bigbuf_316 |    pointer   |
|out_bigbuf_317        |  in |   16|   ap_none  | out_bigbuf_317 |    pointer   |
|out_bigbuf_318        |  in |   16|   ap_none  | out_bigbuf_318 |    pointer   |
|out_bigbuf_319        |  in |   16|   ap_none  | out_bigbuf_319 |    pointer   |
|out_bigbuf_320        |  in |   16|   ap_none  | out_bigbuf_320 |    pointer   |
|out_bigbuf_321        |  in |   16|   ap_none  | out_bigbuf_321 |    pointer   |
|out_bigbuf_322        |  in |   16|   ap_none  | out_bigbuf_322 |    pointer   |
|out_bigbuf_323        |  in |   16|   ap_none  | out_bigbuf_323 |    pointer   |
|out_bigbuf_324        |  in |   16|   ap_none  | out_bigbuf_324 |    pointer   |
|out_bigbuf_325        |  in |   16|   ap_none  | out_bigbuf_325 |    pointer   |
|out_bigbuf_326        |  in |   16|   ap_none  | out_bigbuf_326 |    pointer   |
|out_bigbuf_327        |  in |   16|   ap_none  | out_bigbuf_327 |    pointer   |
|out_bigbuf_328        |  in |   16|   ap_none  | out_bigbuf_328 |    pointer   |
|out_bigbuf_329        |  in |   16|   ap_none  | out_bigbuf_329 |    pointer   |
|out_bigbuf_330        |  in |   16|   ap_none  | out_bigbuf_330 |    pointer   |
|out_bigbuf_331        |  in |   16|   ap_none  | out_bigbuf_331 |    pointer   |
|out_bigbuf_332        |  in |   16|   ap_none  | out_bigbuf_332 |    pointer   |
|out_bigbuf_333        |  in |   16|   ap_none  | out_bigbuf_333 |    pointer   |
|out_bigbuf_334        |  in |   16|   ap_none  | out_bigbuf_334 |    pointer   |
|out_bigbuf_335        |  in |   16|   ap_none  | out_bigbuf_335 |    pointer   |
|out_bigbuf_336        |  in |   16|   ap_none  | out_bigbuf_336 |    pointer   |
|out_bigbuf_337        |  in |   16|   ap_none  | out_bigbuf_337 |    pointer   |
|out_bigbuf_338        |  in |   16|   ap_none  | out_bigbuf_338 |    pointer   |
|out_bigbuf_339        |  in |   16|   ap_none  | out_bigbuf_339 |    pointer   |
|out_bigbuf_340        |  in |   16|   ap_none  | out_bigbuf_340 |    pointer   |
|out_bigbuf_341        |  in |   16|   ap_none  | out_bigbuf_341 |    pointer   |
|out_bigbuf_342        |  in |   16|   ap_none  | out_bigbuf_342 |    pointer   |
|out_bigbuf_343        |  in |   16|   ap_none  | out_bigbuf_343 |    pointer   |
|out_bigbuf_344        |  in |   16|   ap_none  | out_bigbuf_344 |    pointer   |
|out_bigbuf_345        |  in |   16|   ap_none  | out_bigbuf_345 |    pointer   |
|out_bigbuf_346        |  in |   16|   ap_none  | out_bigbuf_346 |    pointer   |
|out_bigbuf_347        |  in |   16|   ap_none  | out_bigbuf_347 |    pointer   |
|out_bigbuf_348        |  in |   16|   ap_none  | out_bigbuf_348 |    pointer   |
|out_bigbuf_349        |  in |   16|   ap_none  | out_bigbuf_349 |    pointer   |
|out_bigbuf_350        |  in |   16|   ap_none  | out_bigbuf_350 |    pointer   |
|out_bigbuf_351        |  in |   16|   ap_none  | out_bigbuf_351 |    pointer   |
|out_bigbuf_352        |  in |   16|   ap_none  | out_bigbuf_352 |    pointer   |
|out_bigbuf_353        |  in |   16|   ap_none  | out_bigbuf_353 |    pointer   |
|out_bigbuf_354        |  in |   16|   ap_none  | out_bigbuf_354 |    pointer   |
|out_bigbuf_355        |  in |   16|   ap_none  | out_bigbuf_355 |    pointer   |
|out_bigbuf_356        |  in |   16|   ap_none  | out_bigbuf_356 |    pointer   |
|out_bigbuf_357        |  in |   16|   ap_none  | out_bigbuf_357 |    pointer   |
|out_bigbuf_358        |  in |   16|   ap_none  | out_bigbuf_358 |    pointer   |
|out_bigbuf_359        |  in |   16|   ap_none  | out_bigbuf_359 |    pointer   |
|out_bigbuf_360        |  in |   16|   ap_none  | out_bigbuf_360 |    pointer   |
|out_bigbuf_361        |  in |   16|   ap_none  | out_bigbuf_361 |    pointer   |
|out_bigbuf_362        |  in |   16|   ap_none  | out_bigbuf_362 |    pointer   |
|out_bigbuf_363        |  in |   16|   ap_none  | out_bigbuf_363 |    pointer   |
|out_bigbuf_364        |  in |   16|   ap_none  | out_bigbuf_364 |    pointer   |
|out_bigbuf_365        |  in |   16|   ap_none  | out_bigbuf_365 |    pointer   |
|out_bigbuf_366        |  in |   16|   ap_none  | out_bigbuf_366 |    pointer   |
|out_bigbuf_367        |  in |   16|   ap_none  | out_bigbuf_367 |    pointer   |
|out_bigbuf_368        |  in |   16|   ap_none  | out_bigbuf_368 |    pointer   |
|out_bigbuf_369        |  in |   16|   ap_none  | out_bigbuf_369 |    pointer   |
|out_bigbuf_370        |  in |   16|   ap_none  | out_bigbuf_370 |    pointer   |
|out_bigbuf_371        |  in |   16|   ap_none  | out_bigbuf_371 |    pointer   |
|out_bigbuf_372        |  in |   16|   ap_none  | out_bigbuf_372 |    pointer   |
|out_bigbuf_373        |  in |   16|   ap_none  | out_bigbuf_373 |    pointer   |
|out_bigbuf_374        |  in |   16|   ap_none  | out_bigbuf_374 |    pointer   |
|out_bigbuf_375        |  in |   16|   ap_none  | out_bigbuf_375 |    pointer   |
|out_bigbuf_376        |  in |   16|   ap_none  | out_bigbuf_376 |    pointer   |
|out_bigbuf_377        |  in |   16|   ap_none  | out_bigbuf_377 |    pointer   |
|out_bigbuf_378        |  in |   16|   ap_none  | out_bigbuf_378 |    pointer   |
|out_bigbuf_379        |  in |   16|   ap_none  | out_bigbuf_379 |    pointer   |
|out_bigbuf_380        |  in |   16|   ap_none  | out_bigbuf_380 |    pointer   |
|out_bigbuf_381        |  in |   16|   ap_none  | out_bigbuf_381 |    pointer   |
|out_bigbuf_382        |  in |   16|   ap_none  | out_bigbuf_382 |    pointer   |
|out_bigbuf_383        |  in |   16|   ap_none  | out_bigbuf_383 |    pointer   |
|out_bigbuf_384        |  in |   16|   ap_none  | out_bigbuf_384 |    pointer   |
|out_bigbuf_385        |  in |   16|   ap_none  | out_bigbuf_385 |    pointer   |
|out_bigbuf_386        |  in |   16|   ap_none  | out_bigbuf_386 |    pointer   |
|out_bigbuf_387        |  in |   16|   ap_none  | out_bigbuf_387 |    pointer   |
|out_bigbuf_388        |  in |   16|   ap_none  | out_bigbuf_388 |    pointer   |
|out_bigbuf_389        |  in |   16|   ap_none  | out_bigbuf_389 |    pointer   |
|out_bigbuf_390        |  in |   16|   ap_none  | out_bigbuf_390 |    pointer   |
|out_bigbuf_391        |  in |   16|   ap_none  | out_bigbuf_391 |    pointer   |
|out_bigbuf_392        |  in |   16|   ap_none  | out_bigbuf_392 |    pointer   |
|out_bigbuf_393        |  in |   16|   ap_none  | out_bigbuf_393 |    pointer   |
|out_bigbuf_394        |  in |   16|   ap_none  | out_bigbuf_394 |    pointer   |
|out_bigbuf_395        |  in |   16|   ap_none  | out_bigbuf_395 |    pointer   |
|out_bigbuf_396        |  in |   16|   ap_none  | out_bigbuf_396 |    pointer   |
|out_bigbuf_397        |  in |   16|   ap_none  | out_bigbuf_397 |    pointer   |
|out_bigbuf_398        |  in |   16|   ap_none  | out_bigbuf_398 |    pointer   |
|out_bigbuf_399        |  in |   16|   ap_none  | out_bigbuf_399 |    pointer   |
|out_bigbuf_400        |  in |   16|   ap_none  | out_bigbuf_400 |    pointer   |
|out_bigbuf_401        |  in |   16|   ap_none  | out_bigbuf_401 |    pointer   |
|out_bigbuf_402        |  in |   16|   ap_none  | out_bigbuf_402 |    pointer   |
|out_bigbuf_403        |  in |   16|   ap_none  | out_bigbuf_403 |    pointer   |
|out_bigbuf_404        |  in |   16|   ap_none  | out_bigbuf_404 |    pointer   |
|out_bigbuf_405        |  in |   16|   ap_none  | out_bigbuf_405 |    pointer   |
|out_bigbuf_406        |  in |   16|   ap_none  | out_bigbuf_406 |    pointer   |
|out_bigbuf_407        |  in |   16|   ap_none  | out_bigbuf_407 |    pointer   |
|out_bigbuf_408        |  in |   16|   ap_none  | out_bigbuf_408 |    pointer   |
|out_bigbuf_409        |  in |   16|   ap_none  | out_bigbuf_409 |    pointer   |
|out_bigbuf_410        |  in |   16|   ap_none  | out_bigbuf_410 |    pointer   |
|out_bigbuf_411        |  in |   16|   ap_none  | out_bigbuf_411 |    pointer   |
|out_bigbuf_412        |  in |   16|   ap_none  | out_bigbuf_412 |    pointer   |
|out_bigbuf_413        |  in |   16|   ap_none  | out_bigbuf_413 |    pointer   |
|out_bigbuf_414        |  in |   16|   ap_none  | out_bigbuf_414 |    pointer   |
|out_bigbuf_415        |  in |   16|   ap_none  | out_bigbuf_415 |    pointer   |
|out_bigbuf_416        |  in |   16|   ap_none  | out_bigbuf_416 |    pointer   |
|out_bigbuf_417        |  in |   16|   ap_none  | out_bigbuf_417 |    pointer   |
|out_bigbuf_418        |  in |   16|   ap_none  | out_bigbuf_418 |    pointer   |
|out_bigbuf_419        |  in |   16|   ap_none  | out_bigbuf_419 |    pointer   |
|out_bigbuf_420        |  in |   16|   ap_none  | out_bigbuf_420 |    pointer   |
|out_bigbuf_421        |  in |   16|   ap_none  | out_bigbuf_421 |    pointer   |
|out_bigbuf_422        |  in |   16|   ap_none  | out_bigbuf_422 |    pointer   |
|out_bigbuf_423        |  in |   16|   ap_none  | out_bigbuf_423 |    pointer   |
|out_bigbuf_424        |  in |   16|   ap_none  | out_bigbuf_424 |    pointer   |
|out_bigbuf_425        |  in |   16|   ap_none  | out_bigbuf_425 |    pointer   |
|out_bigbuf_426        |  in |   16|   ap_none  | out_bigbuf_426 |    pointer   |
|out_bigbuf_427        |  in |   16|   ap_none  | out_bigbuf_427 |    pointer   |
|out_bigbuf_428        |  in |   16|   ap_none  | out_bigbuf_428 |    pointer   |
|out_bigbuf_429        |  in |   16|   ap_none  | out_bigbuf_429 |    pointer   |
|out_bigbuf_430        |  in |   16|   ap_none  | out_bigbuf_430 |    pointer   |
|out_bigbuf_431        |  in |   16|   ap_none  | out_bigbuf_431 |    pointer   |
|out_bigbuf_432        |  in |   16|   ap_none  | out_bigbuf_432 |    pointer   |
|out_bigbuf_433        |  in |   16|   ap_none  | out_bigbuf_433 |    pointer   |
|out_bigbuf_434        |  in |   16|   ap_none  | out_bigbuf_434 |    pointer   |
|out_bigbuf_435        |  in |   16|   ap_none  | out_bigbuf_435 |    pointer   |
|out_bigbuf_436        |  in |   16|   ap_none  | out_bigbuf_436 |    pointer   |
|out_bigbuf_437        |  in |   16|   ap_none  | out_bigbuf_437 |    pointer   |
|out_bigbuf_438        |  in |   16|   ap_none  | out_bigbuf_438 |    pointer   |
|out_bigbuf_439        |  in |   16|   ap_none  | out_bigbuf_439 |    pointer   |
|out_bigbuf_440        |  in |   16|   ap_none  | out_bigbuf_440 |    pointer   |
|out_bigbuf_441        |  in |   16|   ap_none  | out_bigbuf_441 |    pointer   |
|out_bigbuf_442        |  in |   16|   ap_none  | out_bigbuf_442 |    pointer   |
|out_bigbuf_443        |  in |   16|   ap_none  | out_bigbuf_443 |    pointer   |
|out_bigbuf_444        |  in |   16|   ap_none  | out_bigbuf_444 |    pointer   |
|out_bigbuf_445        |  in |   16|   ap_none  | out_bigbuf_445 |    pointer   |
|out_bigbuf_446        |  in |   16|   ap_none  | out_bigbuf_446 |    pointer   |
|out_bigbuf_447        |  in |   16|   ap_none  | out_bigbuf_447 |    pointer   |
|out_bigbuf_448        |  in |   16|   ap_none  | out_bigbuf_448 |    pointer   |
|out_bigbuf_449        |  in |   16|   ap_none  | out_bigbuf_449 |    pointer   |
|out_bigbuf_450        |  in |   16|   ap_none  | out_bigbuf_450 |    pointer   |
|out_bigbuf_451        |  in |   16|   ap_none  | out_bigbuf_451 |    pointer   |
|out_bigbuf_452        |  in |   16|   ap_none  | out_bigbuf_452 |    pointer   |
|out_bigbuf_453        |  in |   16|   ap_none  | out_bigbuf_453 |    pointer   |
|out_bigbuf_454        |  in |   16|   ap_none  | out_bigbuf_454 |    pointer   |
|out_bigbuf_455        |  in |   16|   ap_none  | out_bigbuf_455 |    pointer   |
|out_bigbuf_456        |  in |   16|   ap_none  | out_bigbuf_456 |    pointer   |
|out_bigbuf_457        |  in |   16|   ap_none  | out_bigbuf_457 |    pointer   |
|out_bigbuf_458        |  in |   16|   ap_none  | out_bigbuf_458 |    pointer   |
|out_bigbuf_459        |  in |   16|   ap_none  | out_bigbuf_459 |    pointer   |
|out_bigbuf_460        |  in |   16|   ap_none  | out_bigbuf_460 |    pointer   |
|out_bigbuf_461        |  in |   16|   ap_none  | out_bigbuf_461 |    pointer   |
|out_bigbuf_462        |  in |   16|   ap_none  | out_bigbuf_462 |    pointer   |
|out_bigbuf_463        |  in |   16|   ap_none  | out_bigbuf_463 |    pointer   |
|out_bigbuf_464        |  in |   16|   ap_none  | out_bigbuf_464 |    pointer   |
|out_bigbuf_465        |  in |   16|   ap_none  | out_bigbuf_465 |    pointer   |
|out_bigbuf_466        |  in |   16|   ap_none  | out_bigbuf_466 |    pointer   |
|out_bigbuf_467        |  in |   16|   ap_none  | out_bigbuf_467 |    pointer   |
|out_bigbuf_468        |  in |   16|   ap_none  | out_bigbuf_468 |    pointer   |
|out_bigbuf_469        |  in |   16|   ap_none  | out_bigbuf_469 |    pointer   |
|out_bigbuf_470        |  in |   16|   ap_none  | out_bigbuf_470 |    pointer   |
|out_bigbuf_471        |  in |   16|   ap_none  | out_bigbuf_471 |    pointer   |
|out_bigbuf_472        |  in |   16|   ap_none  | out_bigbuf_472 |    pointer   |
|out_bigbuf_473        |  in |   16|   ap_none  | out_bigbuf_473 |    pointer   |
|out_bigbuf_474        |  in |   16|   ap_none  | out_bigbuf_474 |    pointer   |
|out_bigbuf_475        |  in |   16|   ap_none  | out_bigbuf_475 |    pointer   |
|out_bigbuf_476        |  in |   16|   ap_none  | out_bigbuf_476 |    pointer   |
|out_bigbuf_477        |  in |   16|   ap_none  | out_bigbuf_477 |    pointer   |
|out_bigbuf_478        |  in |   16|   ap_none  | out_bigbuf_478 |    pointer   |
|out_bigbuf_479        |  in |   16|   ap_none  | out_bigbuf_479 |    pointer   |
|out_bigbuf_480        |  in |   16|   ap_none  | out_bigbuf_480 |    pointer   |
|out_bigbuf_481        |  in |   16|   ap_none  | out_bigbuf_481 |    pointer   |
|out_bigbuf_482        |  in |   16|   ap_none  | out_bigbuf_482 |    pointer   |
|out_bigbuf_483        |  in |   16|   ap_none  | out_bigbuf_483 |    pointer   |
|out_bigbuf_484        |  in |   16|   ap_none  | out_bigbuf_484 |    pointer   |
|out_bigbuf_485        |  in |   16|   ap_none  | out_bigbuf_485 |    pointer   |
|out_bigbuf_486        |  in |   16|   ap_none  | out_bigbuf_486 |    pointer   |
|out_bigbuf_487        |  in |   16|   ap_none  | out_bigbuf_487 |    pointer   |
|out_bigbuf_488        |  in |   16|   ap_none  | out_bigbuf_488 |    pointer   |
|out_bigbuf_489        |  in |   16|   ap_none  | out_bigbuf_489 |    pointer   |
|out_bigbuf_490        |  in |   16|   ap_none  | out_bigbuf_490 |    pointer   |
|out_bigbuf_491        |  in |   16|   ap_none  | out_bigbuf_491 |    pointer   |
|out_bigbuf_492        |  in |   16|   ap_none  | out_bigbuf_492 |    pointer   |
|out_bigbuf_493        |  in |   16|   ap_none  | out_bigbuf_493 |    pointer   |
|out_bigbuf_494        |  in |   16|   ap_none  | out_bigbuf_494 |    pointer   |
|out_bigbuf_495        |  in |   16|   ap_none  | out_bigbuf_495 |    pointer   |
|out_bigbuf_496        |  in |   16|   ap_none  | out_bigbuf_496 |    pointer   |
|out_bigbuf_497        |  in |   16|   ap_none  | out_bigbuf_497 |    pointer   |
|out_bigbuf_498        |  in |   16|   ap_none  | out_bigbuf_498 |    pointer   |
|out_bigbuf_499        |  in |   16|   ap_none  | out_bigbuf_499 |    pointer   |
|out_bigbuf_500        |  in |   16|   ap_none  | out_bigbuf_500 |    pointer   |
|out_bigbuf_501        |  in |   16|   ap_none  | out_bigbuf_501 |    pointer   |
|out_bigbuf_502        |  in |   16|   ap_none  | out_bigbuf_502 |    pointer   |
|out_bigbuf_503        |  in |   16|   ap_none  | out_bigbuf_503 |    pointer   |
|out_bigbuf_504        |  in |   16|   ap_none  | out_bigbuf_504 |    pointer   |
|out_bigbuf_505        |  in |   16|   ap_none  | out_bigbuf_505 |    pointer   |
|out_bigbuf_506        |  in |   16|   ap_none  | out_bigbuf_506 |    pointer   |
|out_bigbuf_507        |  in |   16|   ap_none  | out_bigbuf_507 |    pointer   |
|out_bigbuf_508        |  in |   16|   ap_none  | out_bigbuf_508 |    pointer   |
|out_bigbuf_509        |  in |   16|   ap_none  | out_bigbuf_509 |    pointer   |
|out_bigbuf_510        |  in |   16|   ap_none  | out_bigbuf_510 |    pointer   |
|out_bigbuf_511        |  in |   16|   ap_none  | out_bigbuf_511 |    pointer   |
|out_bigbuf_512        |  in |   16|   ap_none  | out_bigbuf_512 |    pointer   |
|out_bigbuf_513        |  in |   16|   ap_none  | out_bigbuf_513 |    pointer   |
|out_bigbuf_514        |  in |   16|   ap_none  | out_bigbuf_514 |    pointer   |
|out_bigbuf_515        |  in |   16|   ap_none  | out_bigbuf_515 |    pointer   |
|out_bigbuf_516        |  in |   16|   ap_none  | out_bigbuf_516 |    pointer   |
|out_bigbuf_517        |  in |   16|   ap_none  | out_bigbuf_517 |    pointer   |
|out_bigbuf_518        |  in |   16|   ap_none  | out_bigbuf_518 |    pointer   |
|out_bigbuf_519        |  in |   16|   ap_none  | out_bigbuf_519 |    pointer   |
|out_bigbuf_520        |  in |   16|   ap_none  | out_bigbuf_520 |    pointer   |
|out_bigbuf_521        |  in |   16|   ap_none  | out_bigbuf_521 |    pointer   |
|out_bigbuf_522        |  in |   16|   ap_none  | out_bigbuf_522 |    pointer   |
|out_bigbuf_523        |  in |   16|   ap_none  | out_bigbuf_523 |    pointer   |
|out_bigbuf_524        |  in |   16|   ap_none  | out_bigbuf_524 |    pointer   |
|out_bigbuf_525        |  in |   16|   ap_none  | out_bigbuf_525 |    pointer   |
|out_bigbuf_526        |  in |   16|   ap_none  | out_bigbuf_526 |    pointer   |
|out_bigbuf_527        |  in |   16|   ap_none  | out_bigbuf_527 |    pointer   |
|out_bigbuf_528        |  in |   16|   ap_none  | out_bigbuf_528 |    pointer   |
|out_bigbuf_529        |  in |   16|   ap_none  | out_bigbuf_529 |    pointer   |
|out_bigbuf_530        |  in |   16|   ap_none  | out_bigbuf_530 |    pointer   |
|out_bigbuf_531        |  in |   16|   ap_none  | out_bigbuf_531 |    pointer   |
|out_bigbuf_532        |  in |   16|   ap_none  | out_bigbuf_532 |    pointer   |
|out_bigbuf_533        |  in |   16|   ap_none  | out_bigbuf_533 |    pointer   |
|out_bigbuf_534        |  in |   16|   ap_none  | out_bigbuf_534 |    pointer   |
|out_bigbuf_535        |  in |   16|   ap_none  | out_bigbuf_535 |    pointer   |
|out_bigbuf_536        |  in |   16|   ap_none  | out_bigbuf_536 |    pointer   |
|out_bigbuf_537        |  in |   16|   ap_none  | out_bigbuf_537 |    pointer   |
|out_bigbuf_538        |  in |   16|   ap_none  | out_bigbuf_538 |    pointer   |
|out_bigbuf_539        |  in |   16|   ap_none  | out_bigbuf_539 |    pointer   |
|out_bigbuf_540        |  in |   16|   ap_none  | out_bigbuf_540 |    pointer   |
|out_bigbuf_541        |  in |   16|   ap_none  | out_bigbuf_541 |    pointer   |
|out_bigbuf_542        |  in |   16|   ap_none  | out_bigbuf_542 |    pointer   |
|out_bigbuf_543        |  in |   16|   ap_none  | out_bigbuf_543 |    pointer   |
|out_bigbuf_544        |  in |   16|   ap_none  | out_bigbuf_544 |    pointer   |
|out_bigbuf_545        |  in |   16|   ap_none  | out_bigbuf_545 |    pointer   |
|out_bigbuf_546        |  in |   16|   ap_none  | out_bigbuf_546 |    pointer   |
|out_bigbuf_547        |  in |   16|   ap_none  | out_bigbuf_547 |    pointer   |
|out_bigbuf_548        |  in |   16|   ap_none  | out_bigbuf_548 |    pointer   |
|out_bigbuf_549        |  in |   16|   ap_none  | out_bigbuf_549 |    pointer   |
|out_bigbuf_550        |  in |   16|   ap_none  | out_bigbuf_550 |    pointer   |
|out_bigbuf_551        |  in |   16|   ap_none  | out_bigbuf_551 |    pointer   |
|out_bigbuf_552        |  in |   16|   ap_none  | out_bigbuf_552 |    pointer   |
|out_bigbuf_553        |  in |   16|   ap_none  | out_bigbuf_553 |    pointer   |
|out_bigbuf_554        |  in |   16|   ap_none  | out_bigbuf_554 |    pointer   |
|out_bigbuf_555        |  in |   16|   ap_none  | out_bigbuf_555 |    pointer   |
|out_bigbuf_556        |  in |   16|   ap_none  | out_bigbuf_556 |    pointer   |
|out_bigbuf_557        |  in |   16|   ap_none  | out_bigbuf_557 |    pointer   |
|out_bigbuf_558        |  in |   16|   ap_none  | out_bigbuf_558 |    pointer   |
|out_bigbuf_559        |  in |   16|   ap_none  | out_bigbuf_559 |    pointer   |
|out_bigbuf_560        |  in |   16|   ap_none  | out_bigbuf_560 |    pointer   |
|out_bigbuf_561        |  in |   16|   ap_none  | out_bigbuf_561 |    pointer   |
|out_bigbuf_562        |  in |   16|   ap_none  | out_bigbuf_562 |    pointer   |
|out_bigbuf_563        |  in |   16|   ap_none  | out_bigbuf_563 |    pointer   |
|out_bigbuf_564        |  in |   16|   ap_none  | out_bigbuf_564 |    pointer   |
|out_bigbuf_565        |  in |   16|   ap_none  | out_bigbuf_565 |    pointer   |
|out_bigbuf_566        |  in |   16|   ap_none  | out_bigbuf_566 |    pointer   |
|out_bigbuf_567        |  in |   16|   ap_none  | out_bigbuf_567 |    pointer   |
|out_bigbuf_568        |  in |   16|   ap_none  | out_bigbuf_568 |    pointer   |
|out_bigbuf_569        |  in |   16|   ap_none  | out_bigbuf_569 |    pointer   |
|out_bigbuf_570        |  in |   16|   ap_none  | out_bigbuf_570 |    pointer   |
|out_bigbuf_571        |  in |   16|   ap_none  | out_bigbuf_571 |    pointer   |
|out_bigbuf_572        |  in |   16|   ap_none  | out_bigbuf_572 |    pointer   |
|out_bigbuf_573        |  in |   16|   ap_none  | out_bigbuf_573 |    pointer   |
|out_bigbuf_574        |  in |   16|   ap_none  | out_bigbuf_574 |    pointer   |
|out_bigbuf_575        |  in |   16|   ap_none  | out_bigbuf_575 |    pointer   |
|out_bigbuf_576        |  in |   16|   ap_none  | out_bigbuf_576 |    pointer   |
|out_bigbuf_577        |  in |   16|   ap_none  | out_bigbuf_577 |    pointer   |
|out_bigbuf_578        |  in |   16|   ap_none  | out_bigbuf_578 |    pointer   |
|out_bigbuf_579        |  in |   16|   ap_none  | out_bigbuf_579 |    pointer   |
|out_bigbuf_580        |  in |   16|   ap_none  | out_bigbuf_580 |    pointer   |
|out_bigbuf_581        |  in |   16|   ap_none  | out_bigbuf_581 |    pointer   |
|out_bigbuf_582        |  in |   16|   ap_none  | out_bigbuf_582 |    pointer   |
|out_bigbuf_583        |  in |   16|   ap_none  | out_bigbuf_583 |    pointer   |
|out_bigbuf_584        |  in |   16|   ap_none  | out_bigbuf_584 |    pointer   |
|out_bigbuf_585        |  in |   16|   ap_none  | out_bigbuf_585 |    pointer   |
|out_bigbuf_586        |  in |   16|   ap_none  | out_bigbuf_586 |    pointer   |
|out_bigbuf_587        |  in |   16|   ap_none  | out_bigbuf_587 |    pointer   |
|out_bigbuf_588        |  in |   16|   ap_none  | out_bigbuf_588 |    pointer   |
|out_bigbuf_589        |  in |   16|   ap_none  | out_bigbuf_589 |    pointer   |
|out_bigbuf_590        |  in |   16|   ap_none  | out_bigbuf_590 |    pointer   |
|out_bigbuf_591        |  in |   16|   ap_none  | out_bigbuf_591 |    pointer   |
|out_bigbuf_592        |  in |   16|   ap_none  | out_bigbuf_592 |    pointer   |
|out_bigbuf_593        |  in |   16|   ap_none  | out_bigbuf_593 |    pointer   |
|out_bigbuf_594        |  in |   16|   ap_none  | out_bigbuf_594 |    pointer   |
|out_bigbuf_595        |  in |   16|   ap_none  | out_bigbuf_595 |    pointer   |
|out_bigbuf_596        |  in |   16|   ap_none  | out_bigbuf_596 |    pointer   |
|out_bigbuf_597        |  in |   16|   ap_none  | out_bigbuf_597 |    pointer   |
|out_bigbuf_598        |  in |   16|   ap_none  | out_bigbuf_598 |    pointer   |
|out_bigbuf_599        |  in |   16|   ap_none  | out_bigbuf_599 |    pointer   |
|out_bigbuf_600        |  in |   16|   ap_none  | out_bigbuf_600 |    pointer   |
|out_bigbuf_601        |  in |   16|   ap_none  | out_bigbuf_601 |    pointer   |
|out_bigbuf_602        |  in |   16|   ap_none  | out_bigbuf_602 |    pointer   |
|out_bigbuf_603        |  in |   16|   ap_none  | out_bigbuf_603 |    pointer   |
|out_bigbuf_604        |  in |   16|   ap_none  | out_bigbuf_604 |    pointer   |
|out_bigbuf_605        |  in |   16|   ap_none  | out_bigbuf_605 |    pointer   |
|out_bigbuf_606        |  in |   16|   ap_none  | out_bigbuf_606 |    pointer   |
|out_bigbuf_607        |  in |   16|   ap_none  | out_bigbuf_607 |    pointer   |
|out_bigbuf_608        |  in |   16|   ap_none  | out_bigbuf_608 |    pointer   |
|out_bigbuf_609        |  in |   16|   ap_none  | out_bigbuf_609 |    pointer   |
|out_bigbuf_610        |  in |   16|   ap_none  | out_bigbuf_610 |    pointer   |
|out_bigbuf_611        |  in |   16|   ap_none  | out_bigbuf_611 |    pointer   |
|out_bigbuf_612        |  in |   16|   ap_none  | out_bigbuf_612 |    pointer   |
|out_bigbuf_613        |  in |   16|   ap_none  | out_bigbuf_613 |    pointer   |
|out_bigbuf_614        |  in |   16|   ap_none  | out_bigbuf_614 |    pointer   |
|out_bigbuf_615        |  in |   16|   ap_none  | out_bigbuf_615 |    pointer   |
|out_bigbuf_616        |  in |   16|   ap_none  | out_bigbuf_616 |    pointer   |
|out_bigbuf_617        |  in |   16|   ap_none  | out_bigbuf_617 |    pointer   |
|out_bigbuf_618        |  in |   16|   ap_none  | out_bigbuf_618 |    pointer   |
|out_bigbuf_619        |  in |   16|   ap_none  | out_bigbuf_619 |    pointer   |
|out_bigbuf_620        |  in |   16|   ap_none  | out_bigbuf_620 |    pointer   |
|out_bigbuf_621        |  in |   16|   ap_none  | out_bigbuf_621 |    pointer   |
|out_bigbuf_622        |  in |   16|   ap_none  | out_bigbuf_622 |    pointer   |
|out_bigbuf_623        |  in |   16|   ap_none  | out_bigbuf_623 |    pointer   |
|out_bigbuf_624        |  in |   16|   ap_none  | out_bigbuf_624 |    pointer   |
|out_bigbuf_625        |  in |   16|   ap_none  | out_bigbuf_625 |    pointer   |
|out_bigbuf_626        |  in |   16|   ap_none  | out_bigbuf_626 |    pointer   |
|out_bigbuf_627        |  in |   16|   ap_none  | out_bigbuf_627 |    pointer   |
|out_bigbuf_628        |  in |   16|   ap_none  | out_bigbuf_628 |    pointer   |
|out_bigbuf_629        |  in |   16|   ap_none  | out_bigbuf_629 |    pointer   |
|out_bigbuf_630        |  in |   16|   ap_none  | out_bigbuf_630 |    pointer   |
|out_bigbuf_631        |  in |   16|   ap_none  | out_bigbuf_631 |    pointer   |
|out_bigbuf_632        |  in |   16|   ap_none  | out_bigbuf_632 |    pointer   |
|out_bigbuf_633        |  in |   16|   ap_none  | out_bigbuf_633 |    pointer   |
|out_bigbuf_634        |  in |   16|   ap_none  | out_bigbuf_634 |    pointer   |
|out_bigbuf_635        |  in |   16|   ap_none  | out_bigbuf_635 |    pointer   |
|out_bigbuf_636        |  in |   16|   ap_none  | out_bigbuf_636 |    pointer   |
|out_bigbuf_637        |  in |   16|   ap_none  | out_bigbuf_637 |    pointer   |
|out_bigbuf_638        |  in |   16|   ap_none  | out_bigbuf_638 |    pointer   |
|out_bigbuf_639        |  in |   16|   ap_none  | out_bigbuf_639 |    pointer   |
|out_bigbuf_640        |  in |   16|   ap_none  | out_bigbuf_640 |    pointer   |
|out_bigbuf_641        |  in |   16|   ap_none  | out_bigbuf_641 |    pointer   |
|out_bigbuf_642        |  in |   16|   ap_none  | out_bigbuf_642 |    pointer   |
|out_bigbuf_643        |  in |   16|   ap_none  | out_bigbuf_643 |    pointer   |
|out_bigbuf_644        |  in |   16|   ap_none  | out_bigbuf_644 |    pointer   |
|out_bigbuf_645        |  in |   16|   ap_none  | out_bigbuf_645 |    pointer   |
|out_bigbuf_646        |  in |   16|   ap_none  | out_bigbuf_646 |    pointer   |
|out_bigbuf_647        |  in |   16|   ap_none  | out_bigbuf_647 |    pointer   |
|out_bigbuf_648        |  in |   16|   ap_none  | out_bigbuf_648 |    pointer   |
|out_bigbuf_649        |  in |   16|   ap_none  | out_bigbuf_649 |    pointer   |
|out_bigbuf_650        |  in |   16|   ap_none  | out_bigbuf_650 |    pointer   |
|out_bigbuf_651        |  in |   16|   ap_none  | out_bigbuf_651 |    pointer   |
|out_bigbuf_652        |  in |   16|   ap_none  | out_bigbuf_652 |    pointer   |
|out_bigbuf_653        |  in |   16|   ap_none  | out_bigbuf_653 |    pointer   |
|out_bigbuf_654        |  in |   16|   ap_none  | out_bigbuf_654 |    pointer   |
|out_bigbuf_655        |  in |   16|   ap_none  | out_bigbuf_655 |    pointer   |
|out_bigbuf_656        |  in |   16|   ap_none  | out_bigbuf_656 |    pointer   |
|out_bigbuf_657        |  in |   16|   ap_none  | out_bigbuf_657 |    pointer   |
|out_bigbuf_658        |  in |   16|   ap_none  | out_bigbuf_658 |    pointer   |
|out_bigbuf_659        |  in |   16|   ap_none  | out_bigbuf_659 |    pointer   |
|out_bigbuf_660        |  in |   16|   ap_none  | out_bigbuf_660 |    pointer   |
|out_bigbuf_661        |  in |   16|   ap_none  | out_bigbuf_661 |    pointer   |
|out_bigbuf_662        |  in |   16|   ap_none  | out_bigbuf_662 |    pointer   |
|out_bigbuf_663        |  in |   16|   ap_none  | out_bigbuf_663 |    pointer   |
|out_bigbuf_664        |  in |   16|   ap_none  | out_bigbuf_664 |    pointer   |
|out_bigbuf_665        |  in |   16|   ap_none  | out_bigbuf_665 |    pointer   |
|out_bigbuf_666        |  in |   16|   ap_none  | out_bigbuf_666 |    pointer   |
|out_bigbuf_667        |  in |   16|   ap_none  | out_bigbuf_667 |    pointer   |
|out_bigbuf_668        |  in |   16|   ap_none  | out_bigbuf_668 |    pointer   |
|out_bigbuf_669        |  in |   16|   ap_none  | out_bigbuf_669 |    pointer   |
|out_bigbuf_670        |  in |   16|   ap_none  | out_bigbuf_670 |    pointer   |
|out_bigbuf_671        |  in |   16|   ap_none  | out_bigbuf_671 |    pointer   |
|out_bigbuf_672        |  in |   16|   ap_none  | out_bigbuf_672 |    pointer   |
|out_bigbuf_673        |  in |   16|   ap_none  | out_bigbuf_673 |    pointer   |
|out_bigbuf_674        |  in |   16|   ap_none  | out_bigbuf_674 |    pointer   |
|out_bigbuf_675        |  in |   16|   ap_none  | out_bigbuf_675 |    pointer   |
|out_bigbuf_676        |  in |   16|   ap_none  | out_bigbuf_676 |    pointer   |
|out_bigbuf_677        |  in |   16|   ap_none  | out_bigbuf_677 |    pointer   |
|out_bigbuf_678        |  in |   16|   ap_none  | out_bigbuf_678 |    pointer   |
|out_bigbuf_679        |  in |   16|   ap_none  | out_bigbuf_679 |    pointer   |
|out_bigbuf_680        |  in |   16|   ap_none  | out_bigbuf_680 |    pointer   |
|out_bigbuf_681        |  in |   16|   ap_none  | out_bigbuf_681 |    pointer   |
|out_bigbuf_682        |  in |   16|   ap_none  | out_bigbuf_682 |    pointer   |
|out_bigbuf_683        |  in |   16|   ap_none  | out_bigbuf_683 |    pointer   |
|out_bigbuf_684        |  in |   16|   ap_none  | out_bigbuf_684 |    pointer   |
|out_bigbuf_685        |  in |   16|   ap_none  | out_bigbuf_685 |    pointer   |
|out_bigbuf_686        |  in |   16|   ap_none  | out_bigbuf_686 |    pointer   |
|out_bigbuf_687        |  in |   16|   ap_none  | out_bigbuf_687 |    pointer   |
|out_bigbuf_688        |  in |   16|   ap_none  | out_bigbuf_688 |    pointer   |
|out_bigbuf_689        |  in |   16|   ap_none  | out_bigbuf_689 |    pointer   |
|out_bigbuf_690        |  in |   16|   ap_none  | out_bigbuf_690 |    pointer   |
|out_bigbuf_691        |  in |   16|   ap_none  | out_bigbuf_691 |    pointer   |
|out_bigbuf_692        |  in |   16|   ap_none  | out_bigbuf_692 |    pointer   |
|out_bigbuf_693        |  in |   16|   ap_none  | out_bigbuf_693 |    pointer   |
|out_bigbuf_694        |  in |   16|   ap_none  | out_bigbuf_694 |    pointer   |
|out_bigbuf_695        |  in |   16|   ap_none  | out_bigbuf_695 |    pointer   |
|out_bigbuf_696        |  in |   16|   ap_none  | out_bigbuf_696 |    pointer   |
|out_bigbuf_697        |  in |   16|   ap_none  | out_bigbuf_697 |    pointer   |
|out_bigbuf_698        |  in |   16|   ap_none  | out_bigbuf_698 |    pointer   |
|out_bigbuf_699        |  in |   16|   ap_none  | out_bigbuf_699 |    pointer   |
|out_bigbuf_700        |  in |   16|   ap_none  | out_bigbuf_700 |    pointer   |
|out_bigbuf_701        |  in |   16|   ap_none  | out_bigbuf_701 |    pointer   |
|out_bigbuf_702        |  in |   16|   ap_none  | out_bigbuf_702 |    pointer   |
|out_bigbuf_703        |  in |   16|   ap_none  | out_bigbuf_703 |    pointer   |
|out_bigbuf_704        |  in |   16|   ap_none  | out_bigbuf_704 |    pointer   |
|out_bigbuf_705        |  in |   16|   ap_none  | out_bigbuf_705 |    pointer   |
|out_bigbuf_706        |  in |   16|   ap_none  | out_bigbuf_706 |    pointer   |
|out_bigbuf_707        |  in |   16|   ap_none  | out_bigbuf_707 |    pointer   |
|out_bigbuf_708        |  in |   16|   ap_none  | out_bigbuf_708 |    pointer   |
|out_bigbuf_709        |  in |   16|   ap_none  | out_bigbuf_709 |    pointer   |
|out_bigbuf_710        |  in |   16|   ap_none  | out_bigbuf_710 |    pointer   |
|out_bigbuf_711        |  in |   16|   ap_none  | out_bigbuf_711 |    pointer   |
|out_bigbuf_712        |  in |   16|   ap_none  | out_bigbuf_712 |    pointer   |
|out_bigbuf_713        |  in |   16|   ap_none  | out_bigbuf_713 |    pointer   |
|out_bigbuf_714        |  in |   16|   ap_none  | out_bigbuf_714 |    pointer   |
|out_bigbuf_715        |  in |   16|   ap_none  | out_bigbuf_715 |    pointer   |
|out_bigbuf_716        |  in |   16|   ap_none  | out_bigbuf_716 |    pointer   |
|out_bigbuf_717        |  in |   16|   ap_none  | out_bigbuf_717 |    pointer   |
|out_bigbuf_718        |  in |   16|   ap_none  | out_bigbuf_718 |    pointer   |
|out_bigbuf_719        |  in |   16|   ap_none  | out_bigbuf_719 |    pointer   |
|out_bigbuf_720        |  in |   16|   ap_none  | out_bigbuf_720 |    pointer   |
|out_bigbuf_721        |  in |   16|   ap_none  | out_bigbuf_721 |    pointer   |
|out_bigbuf_722        |  in |   16|   ap_none  | out_bigbuf_722 |    pointer   |
|out_bigbuf_723        |  in |   16|   ap_none  | out_bigbuf_723 |    pointer   |
|out_bigbuf_724        |  in |   16|   ap_none  | out_bigbuf_724 |    pointer   |
|out_bigbuf_725        |  in |   16|   ap_none  | out_bigbuf_725 |    pointer   |
|out_bigbuf_726        |  in |   16|   ap_none  | out_bigbuf_726 |    pointer   |
|out_bigbuf_727        |  in |   16|   ap_none  | out_bigbuf_727 |    pointer   |
|out_bigbuf_728        |  in |   16|   ap_none  | out_bigbuf_728 |    pointer   |
|out_bigbuf_729        |  in |   16|   ap_none  | out_bigbuf_729 |    pointer   |
|out_bigbuf_730        |  in |   16|   ap_none  | out_bigbuf_730 |    pointer   |
|out_bigbuf_731        |  in |   16|   ap_none  | out_bigbuf_731 |    pointer   |
|out_bigbuf_732        |  in |   16|   ap_none  | out_bigbuf_732 |    pointer   |
|out_bigbuf_733        |  in |   16|   ap_none  | out_bigbuf_733 |    pointer   |
|out_bigbuf_734        |  in |   16|   ap_none  | out_bigbuf_734 |    pointer   |
|out_bigbuf_735        |  in |   16|   ap_none  | out_bigbuf_735 |    pointer   |
|out_bigbuf_736        |  in |   16|   ap_none  | out_bigbuf_736 |    pointer   |
|out_bigbuf_737        |  in |   16|   ap_none  | out_bigbuf_737 |    pointer   |
|out_bigbuf_738        |  in |   16|   ap_none  | out_bigbuf_738 |    pointer   |
|out_bigbuf_739        |  in |   16|   ap_none  | out_bigbuf_739 |    pointer   |
|out_bigbuf_740        |  in |   16|   ap_none  | out_bigbuf_740 |    pointer   |
|out_bigbuf_741        |  in |   16|   ap_none  | out_bigbuf_741 |    pointer   |
|out_bigbuf_742        |  in |   16|   ap_none  | out_bigbuf_742 |    pointer   |
|out_bigbuf_743        |  in |   16|   ap_none  | out_bigbuf_743 |    pointer   |
|out_bigbuf_744        |  in |   16|   ap_none  | out_bigbuf_744 |    pointer   |
|out_bigbuf_745        |  in |   16|   ap_none  | out_bigbuf_745 |    pointer   |
|out_bigbuf_746        |  in |   16|   ap_none  | out_bigbuf_746 |    pointer   |
|out_bigbuf_747        |  in |   16|   ap_none  | out_bigbuf_747 |    pointer   |
|out_bigbuf_748        |  in |   16|   ap_none  | out_bigbuf_748 |    pointer   |
|out_bigbuf_749        |  in |   16|   ap_none  | out_bigbuf_749 |    pointer   |
|out_bigbuf_750        |  in |   16|   ap_none  | out_bigbuf_750 |    pointer   |
|out_bigbuf_751        |  in |   16|   ap_none  | out_bigbuf_751 |    pointer   |
|out_bigbuf_752        |  in |   16|   ap_none  | out_bigbuf_752 |    pointer   |
|out_bigbuf_753        |  in |   16|   ap_none  | out_bigbuf_753 |    pointer   |
|out_bigbuf_754        |  in |   16|   ap_none  | out_bigbuf_754 |    pointer   |
|out_bigbuf_755        |  in |   16|   ap_none  | out_bigbuf_755 |    pointer   |
|out_bigbuf_756        |  in |   16|   ap_none  | out_bigbuf_756 |    pointer   |
|out_bigbuf_757        |  in |   16|   ap_none  | out_bigbuf_757 |    pointer   |
|out_bigbuf_758        |  in |   16|   ap_none  | out_bigbuf_758 |    pointer   |
|out_bigbuf_759        |  in |   16|   ap_none  | out_bigbuf_759 |    pointer   |
|out_bigbuf_760        |  in |   16|   ap_none  | out_bigbuf_760 |    pointer   |
|out_bigbuf_761        |  in |   16|   ap_none  | out_bigbuf_761 |    pointer   |
|out_bigbuf_762        |  in |   16|   ap_none  | out_bigbuf_762 |    pointer   |
|out_bigbuf_763        |  in |   16|   ap_none  | out_bigbuf_763 |    pointer   |
|out_bigbuf_764        |  in |   16|   ap_none  | out_bigbuf_764 |    pointer   |
|out_bigbuf_765        |  in |   16|   ap_none  | out_bigbuf_765 |    pointer   |
|out_bigbuf_766        |  in |   16|   ap_none  | out_bigbuf_766 |    pointer   |
|out_bigbuf_767        |  in |   16|   ap_none  | out_bigbuf_767 |    pointer   |
|out_bigbuf_768        |  in |   16|   ap_none  | out_bigbuf_768 |    pointer   |
|out_bigbuf_769        |  in |   16|   ap_none  | out_bigbuf_769 |    pointer   |
|out_bigbuf_770        |  in |   16|   ap_none  | out_bigbuf_770 |    pointer   |
|out_bigbuf_771        |  in |   16|   ap_none  | out_bigbuf_771 |    pointer   |
|out_bigbuf_772        |  in |   16|   ap_none  | out_bigbuf_772 |    pointer   |
|out_bigbuf_773        |  in |   16|   ap_none  | out_bigbuf_773 |    pointer   |
|out_bigbuf_774        |  in |   16|   ap_none  | out_bigbuf_774 |    pointer   |
|out_bigbuf_775        |  in |   16|   ap_none  | out_bigbuf_775 |    pointer   |
|out_bigbuf_776        |  in |   16|   ap_none  | out_bigbuf_776 |    pointer   |
|out_bigbuf_777        |  in |   16|   ap_none  | out_bigbuf_777 |    pointer   |
|out_bigbuf_778        |  in |   16|   ap_none  | out_bigbuf_778 |    pointer   |
|out_bigbuf_779        |  in |   16|   ap_none  | out_bigbuf_779 |    pointer   |
|out_bigbuf_780        |  in |   16|   ap_none  | out_bigbuf_780 |    pointer   |
|out_bigbuf_781        |  in |   16|   ap_none  | out_bigbuf_781 |    pointer   |
|out_bigbuf_782        |  in |   16|   ap_none  | out_bigbuf_782 |    pointer   |
|out_bigbuf_783        |  in |   16|   ap_none  | out_bigbuf_783 |    pointer   |
|m_axi_out_V_AWVALID   | out |    1|    m_axi   |      out_V     |    pointer   |
|m_axi_out_V_AWREADY   |  in |    1|    m_axi   |      out_V     |    pointer   |
|m_axi_out_V_AWADDR    | out |   64|    m_axi   |      out_V     |    pointer   |
|m_axi_out_V_AWID      | out |    1|    m_axi   |      out_V     |    pointer   |
|m_axi_out_V_AWLEN     | out |   32|    m_axi   |      out_V     |    pointer   |
|m_axi_out_V_AWSIZE    | out |    3|    m_axi   |      out_V     |    pointer   |
|m_axi_out_V_AWBURST   | out |    2|    m_axi   |      out_V     |    pointer   |
|m_axi_out_V_AWLOCK    | out |    2|    m_axi   |      out_V     |    pointer   |
|m_axi_out_V_AWCACHE   | out |    4|    m_axi   |      out_V     |    pointer   |
|m_axi_out_V_AWPROT    | out |    3|    m_axi   |      out_V     |    pointer   |
|m_axi_out_V_AWQOS     | out |    4|    m_axi   |      out_V     |    pointer   |
|m_axi_out_V_AWREGION  | out |    4|    m_axi   |      out_V     |    pointer   |
|m_axi_out_V_AWUSER    | out |    1|    m_axi   |      out_V     |    pointer   |
|m_axi_out_V_WVALID    | out |    1|    m_axi   |      out_V     |    pointer   |
|m_axi_out_V_WREADY    |  in |    1|    m_axi   |      out_V     |    pointer   |
|m_axi_out_V_WDATA     | out |   16|    m_axi   |      out_V     |    pointer   |
|m_axi_out_V_WSTRB     | out |    2|    m_axi   |      out_V     |    pointer   |
|m_axi_out_V_WLAST     | out |    1|    m_axi   |      out_V     |    pointer   |
|m_axi_out_V_WID       | out |    1|    m_axi   |      out_V     |    pointer   |
|m_axi_out_V_WUSER     | out |    1|    m_axi   |      out_V     |    pointer   |
|m_axi_out_V_ARVALID   | out |    1|    m_axi   |      out_V     |    pointer   |
|m_axi_out_V_ARREADY   |  in |    1|    m_axi   |      out_V     |    pointer   |
|m_axi_out_V_ARADDR    | out |   64|    m_axi   |      out_V     |    pointer   |
|m_axi_out_V_ARID      | out |    1|    m_axi   |      out_V     |    pointer   |
|m_axi_out_V_ARLEN     | out |   32|    m_axi   |      out_V     |    pointer   |
|m_axi_out_V_ARSIZE    | out |    3|    m_axi   |      out_V     |    pointer   |
|m_axi_out_V_ARBURST   | out |    2|    m_axi   |      out_V     |    pointer   |
|m_axi_out_V_ARLOCK    | out |    2|    m_axi   |      out_V     |    pointer   |
|m_axi_out_V_ARCACHE   | out |    4|    m_axi   |      out_V     |    pointer   |
|m_axi_out_V_ARPROT    | out |    3|    m_axi   |      out_V     |    pointer   |
|m_axi_out_V_ARQOS     | out |    4|    m_axi   |      out_V     |    pointer   |
|m_axi_out_V_ARREGION  | out |    4|    m_axi   |      out_V     |    pointer   |
|m_axi_out_V_ARUSER    | out |    1|    m_axi   |      out_V     |    pointer   |
|m_axi_out_V_RVALID    |  in |    1|    m_axi   |      out_V     |    pointer   |
|m_axi_out_V_RREADY    | out |    1|    m_axi   |      out_V     |    pointer   |
|m_axi_out_V_RDATA     |  in |   16|    m_axi   |      out_V     |    pointer   |
|m_axi_out_V_RLAST     |  in |    1|    m_axi   |      out_V     |    pointer   |
|m_axi_out_V_RID       |  in |    1|    m_axi   |      out_V     |    pointer   |
|m_axi_out_V_RUSER     |  in |    1|    m_axi   |      out_V     |    pointer   |
|m_axi_out_V_RRESP     |  in |    2|    m_axi   |      out_V     |    pointer   |
|m_axi_out_V_BVALID    |  in |    1|    m_axi   |      out_V     |    pointer   |
|m_axi_out_V_BREADY    | out |    1|    m_axi   |      out_V     |    pointer   |
|m_axi_out_V_BRESP     |  in |    2|    m_axi   |      out_V     |    pointer   |
|m_axi_out_V_BID       |  in |    1|    m_axi   |      out_V     |    pointer   |
|m_axi_out_V_BUSER     |  in |    1|    m_axi   |      out_V     |    pointer   |
|out_V_offset_dout     |  in |   64|   ap_fifo  |  out_V_offset  |    pointer   |
|out_V_offset_empty_n  |  in |    1|   ap_fifo  |  out_V_offset  |    pointer   |
|out_V_offset_read     | out |    1|   ap_fifo  |  out_V_offset  |    pointer   |
+----------------------+-----+-----+------------+----------------+--------------+

