

================================================================
== Vivado HLS Report for 'Loop_4_proc362'
================================================================
* Date:           Sun Apr 23 22:29:44 2023

* Version:        2019.2 (Build 2704478 on Wed Nov 06 22:10:23 MST 2019)
* Project:        alveo_hls4ml
* Solution:       solution
* Product family: virtexuplus
* Target device:  xcu50-fsvh2104-2L-e


================================================================
== Performance Estimates
================================================================
+ Timing: 
    * Summary: 
    +--------+---------+----------+------------+
    |  Clock |  Target | Estimated| Uncertainty|
    +--------+---------+----------+------------+
    |ap_clk  | 5.00 ns | 2.616 ns |   0.90 ns  |
    +--------+---------+----------+------------+

+ Latency: 
    * Summary: 
    +---------+---------+-----------+-----------+------+------+---------+
    |  Latency (cycles) |   Latency (absolute)  |   Interval  | Pipeline|
    |   min   |   max   |    min    |    max    |  min |  max |   Type  |
    +---------+---------+-----------+-----------+------+------+---------+
    |     4674|     4674| 23.370 us | 23.370 us |  4674|  4674|   none  |
    +---------+---------+-----------+-----------+------+------+---------+

    + Detail: 
        * Instance: 
        N/A

        * Loop: 
        +----------+---------+---------+----------+-----------+-----------+------+----------+
        |          |  Latency (cycles) | Iteration|  Initiation Interval  | Trip |          |
        | Loop Name|   min   |   max   |  Latency |  achieved |   target  | Count| Pipelined|
        +----------+---------+---------+----------+-----------+-----------+------+----------+
        |- Loop 1  |     4672|     4672|         2|          1|          1|  4672|    yes   |
        +----------+---------+---------+----------+-----------+-----------+------+----------+



================================================================
== Utilization Estimates
================================================================
* Summary: 
+---------------------+---------+-------+---------+--------+-----+
|         Name        | BRAM_18K| DSP48E|    FF   |   LUT  | URAM|
+---------------------+---------+-------+---------+--------+-----+
|DSP                  |        -|      -|        -|       -|    -|
|Expression           |        -|      -|        0|      88|    -|
|FIFO                 |        -|      -|        -|       -|    -|
|Instance             |        -|      -|        -|       -|    -|
|Memory               |        -|      -|        -|       -|    -|
|Multiplexer          |        -|      -|        -|     657|    -|
|Register             |        -|      -|       47|       -|    -|
+---------------------+---------+-------+---------+--------+-----+
|Total                |        0|      0|       47|     745|    0|
+---------------------+---------+-------+---------+--------+-----+
|Available SLR        |     1344|   2976|   871680|  435840|  320|
+---------------------+---------+-------+---------+--------+-----+
|Utilization SLR (%)  |        0|      0|    ~0   |   ~0   |    0|
+---------------------+---------+-------+---------+--------+-----+
|Available            |     2688|   5952|  1743360|  871680|  640|
+---------------------+---------+-------+---------+--------+-----+
|Utilization (%)      |        0|      0|    ~0   |   ~0   |    0|
+---------------------+---------+-------+---------+--------+-----+

+ Detail: 
    * Instance: 
    N/A

    * DSP48E: 
    N/A

    * Memory: 
    N/A

    * FIFO: 
    N/A

    * Expression: 
    +----------------------------------+----------+-------+---+----+------------+------------+
    |           Variable Name          | Operation| DSP48E| FF| LUT| Bitwidth P0| Bitwidth P1|
    +----------------------------------+----------+-------+---+----+------------+------------+
    |add_ln86_1_fu_886_p2              |     +    |      0|  0|   7|           1|           7|
    |add_ln86_fu_866_p2                |     +    |      0|  0|  13|          13|           1|
    |add_ln89_fu_912_p2                |     +    |      0|  0|  13|          13|          13|
    |i1_fu_927_p2                      |     +    |      0|  0|   7|           7|           1|
    |ap_block_pp0_stage0_01001         |    and   |      0|  0|   2|           1|           1|
    |icmp_ln86_fu_860_p2               |   icmp   |      0|  0|  13|          13|          13|
    |icmp_ln87_fu_872_p2               |   icmp   |      0|  0|  11|           7|           8|
    |ap_block_state1                   |    or    |      0|  0|   2|           1|           1|
    |ap_block_state3_pp0_stage0_iter1  |    or    |      0|  0|   2|           1|           1|
    |select_ln86_1_fu_892_p3           |  select  |      0|  0|   7|           1|           7|
    |select_ln86_fu_878_p3             |  select  |      0|  0|   7|           1|           1|
    |ap_enable_pp0                     |    xor   |      0|  0|   2|           1|           2|
    |ap_enable_reg_pp0_iter1           |    xor   |      0|  0|   2|           2|           1|
    +----------------------------------+----------+-------+---+----+------------+------------+
    |Total                             |          |      0|  0|  88|          62|          57|
    +----------------------------------+----------+-------+---+----+------------+------------+

    * Multiplexer: 
    +--------------------------------+----+-----------+-----+-----------+
    |              Name              | LUT| Input Size| Bits| Total Bits|
    +--------------------------------+----+-----------+-----+-----------+
    |ap_NS_fsm                       |  21|          4|    1|          4|
    |ap_done                         |   9|          2|    1|          2|
    |ap_enable_reg_pp0_iter1         |  15|          3|    1|          3|
    |ap_phi_mux_i06_0_phi_fu_842_p4  |   9|          2|    7|         14|
    |i06_0_reg_838                   |   9|          2|    7|         14|
    |i17_0_reg_849                   |   9|          2|    7|         14|
    |in_stream2_0_blk_n              |   9|          2|    1|          2|
    |in_stream2_10_blk_n             |   9|          2|    1|          2|
    |in_stream2_11_blk_n             |   9|          2|    1|          2|
    |in_stream2_12_blk_n             |   9|          2|    1|          2|
    |in_stream2_13_blk_n             |   9|          2|    1|          2|
    |in_stream2_14_blk_n             |   9|          2|    1|          2|
    |in_stream2_15_blk_n             |   9|          2|    1|          2|
    |in_stream2_16_blk_n             |   9|          2|    1|          2|
    |in_stream2_17_blk_n             |   9|          2|    1|          2|
    |in_stream2_18_blk_n             |   9|          2|    1|          2|
    |in_stream2_19_blk_n             |   9|          2|    1|          2|
    |in_stream2_1_blk_n              |   9|          2|    1|          2|
    |in_stream2_20_blk_n             |   9|          2|    1|          2|
    |in_stream2_21_blk_n             |   9|          2|    1|          2|
    |in_stream2_22_blk_n             |   9|          2|    1|          2|
    |in_stream2_23_blk_n             |   9|          2|    1|          2|
    |in_stream2_24_blk_n             |   9|          2|    1|          2|
    |in_stream2_25_blk_n             |   9|          2|    1|          2|
    |in_stream2_26_blk_n             |   9|          2|    1|          2|
    |in_stream2_27_blk_n             |   9|          2|    1|          2|
    |in_stream2_28_blk_n             |   9|          2|    1|          2|
    |in_stream2_29_blk_n             |   9|          2|    1|          2|
    |in_stream2_2_blk_n              |   9|          2|    1|          2|
    |in_stream2_30_blk_n             |   9|          2|    1|          2|
    |in_stream2_31_blk_n             |   9|          2|    1|          2|
    |in_stream2_32_blk_n             |   9|          2|    1|          2|
    |in_stream2_33_blk_n             |   9|          2|    1|          2|
    |in_stream2_34_blk_n             |   9|          2|    1|          2|
    |in_stream2_35_blk_n             |   9|          2|    1|          2|
    |in_stream2_36_blk_n             |   9|          2|    1|          2|
    |in_stream2_37_blk_n             |   9|          2|    1|          2|
    |in_stream2_38_blk_n             |   9|          2|    1|          2|
    |in_stream2_39_blk_n             |   9|          2|    1|          2|
    |in_stream2_3_blk_n              |   9|          2|    1|          2|
    |in_stream2_40_blk_n             |   9|          2|    1|          2|
    |in_stream2_41_blk_n             |   9|          2|    1|          2|
    |in_stream2_42_blk_n             |   9|          2|    1|          2|
    |in_stream2_43_blk_n             |   9|          2|    1|          2|
    |in_stream2_44_blk_n             |   9|          2|    1|          2|
    |in_stream2_45_blk_n             |   9|          2|    1|          2|
    |in_stream2_46_blk_n             |   9|          2|    1|          2|
    |in_stream2_47_blk_n             |   9|          2|    1|          2|
    |in_stream2_48_blk_n             |   9|          2|    1|          2|
    |in_stream2_49_blk_n             |   9|          2|    1|          2|
    |in_stream2_4_blk_n              |   9|          2|    1|          2|
    |in_stream2_50_blk_n             |   9|          2|    1|          2|
    |in_stream2_51_blk_n             |   9|          2|    1|          2|
    |in_stream2_52_blk_n             |   9|          2|    1|          2|
    |in_stream2_53_blk_n             |   9|          2|    1|          2|
    |in_stream2_54_blk_n             |   9|          2|    1|          2|
    |in_stream2_55_blk_n             |   9|          2|    1|          2|
    |in_stream2_56_blk_n             |   9|          2|    1|          2|
    |in_stream2_57_blk_n             |   9|          2|    1|          2|
    |in_stream2_58_blk_n             |   9|          2|    1|          2|
    |in_stream2_59_blk_n             |   9|          2|    1|          2|
    |in_stream2_5_blk_n              |   9|          2|    1|          2|
    |in_stream2_60_blk_n             |   9|          2|    1|          2|
    |in_stream2_61_blk_n             |   9|          2|    1|          2|
    |in_stream2_62_blk_n             |   9|          2|    1|          2|
    |in_stream2_63_blk_n             |   9|          2|    1|          2|
    |in_stream2_6_blk_n              |   9|          2|    1|          2|
    |in_stream2_7_blk_n              |   9|          2|    1|          2|
    |in_stream2_8_blk_n              |   9|          2|    1|          2|
    |in_stream2_9_blk_n              |   9|          2|    1|          2|
    |indvar_flatten_reg_827          |   9|          2|   13|         26|
    +--------------------------------+----+-----------+-----+-----------+
    |Total                           | 657|        145|  101|        205|
    +--------------------------------+----+-----------+-----+-----------+

    * Register: 
    +-------------------------+----+----+-----+-----------+
    |           Name          | FF | LUT| Bits| Const Bits|
    +-------------------------+----+----+-----+-----------+
    |ap_CS_fsm                |   3|   0|    3|          0|
    |ap_done_reg              |   1|   0|    1|          0|
    |ap_enable_reg_pp0_iter0  |   1|   0|    1|          0|
    |ap_enable_reg_pp0_iter1  |   1|   0|    1|          0|
    |i06_0_reg_838            |   7|   0|    7|          0|
    |i17_0_reg_849            |   7|   0|    7|          0|
    |icmp_ln86_reg_933        |   1|   0|    1|          0|
    |indvar_flatten_reg_827   |  13|   0|   13|          0|
    |select_ln86_1_reg_942    |   7|   0|    7|          0|
    |trunc_ln177_reg_952      |   6|   0|    6|          0|
    +-------------------------+----+----+-----+-----------+
    |Total                    |  47|   0|   47|          0|
    +-------------------------+----+----+-----+-----------+



================================================================
== Interface
================================================================
* Summary: 
+----------------------+-----+-----+------------+----------------+--------------+
|       RTL Ports      | Dir | Bits|  Protocol  |  Source Object |    C Type    |
+----------------------+-----+-----+------------+----------------+--------------+
|ap_clk                |  in |    1| ap_ctrl_hs | Loop_4_proc362 | return value |
|ap_rst                |  in |    1| ap_ctrl_hs | Loop_4_proc362 | return value |
|ap_start              |  in |    1| ap_ctrl_hs | Loop_4_proc362 | return value |
|ap_done               | out |    1| ap_ctrl_hs | Loop_4_proc362 | return value |
|ap_continue           |  in |    1| ap_ctrl_hs | Loop_4_proc362 | return value |
|ap_idle               | out |    1| ap_ctrl_hs | Loop_4_proc362 | return value |
|ap_ready              | out |    1| ap_ctrl_hs | Loop_4_proc362 | return value |
|in_stream2_0_din      | out |   16|   ap_fifo  |  in_stream2_0  |    pointer   |
|in_stream2_0_full_n   |  in |    1|   ap_fifo  |  in_stream2_0  |    pointer   |
|in_stream2_0_write    | out |    1|   ap_fifo  |  in_stream2_0  |    pointer   |
|in_buf2_V_address0    | out |   13|  ap_memory |    in_buf2_V   |     array    |
|in_buf2_V_ce0         | out |    1|  ap_memory |    in_buf2_V   |     array    |
|in_buf2_V_q0          |  in |   16|  ap_memory |    in_buf2_V   |     array    |
|in_stream2_1_din      | out |   16|   ap_fifo  |  in_stream2_1  |    pointer   |
|in_stream2_1_full_n   |  in |    1|   ap_fifo  |  in_stream2_1  |    pointer   |
|in_stream2_1_write    | out |    1|   ap_fifo  |  in_stream2_1  |    pointer   |
|in_stream2_2_din      | out |   16|   ap_fifo  |  in_stream2_2  |    pointer   |
|in_stream2_2_full_n   |  in |    1|   ap_fifo  |  in_stream2_2  |    pointer   |
|in_stream2_2_write    | out |    1|   ap_fifo  |  in_stream2_2  |    pointer   |
|in_stream2_3_din      | out |   16|   ap_fifo  |  in_stream2_3  |    pointer   |
|in_stream2_3_full_n   |  in |    1|   ap_fifo  |  in_stream2_3  |    pointer   |
|in_stream2_3_write    | out |    1|   ap_fifo  |  in_stream2_3  |    pointer   |
|in_stream2_4_din      | out |   16|   ap_fifo  |  in_stream2_4  |    pointer   |
|in_stream2_4_full_n   |  in |    1|   ap_fifo  |  in_stream2_4  |    pointer   |
|in_stream2_4_write    | out |    1|   ap_fifo  |  in_stream2_4  |    pointer   |
|in_stream2_5_din      | out |   16|   ap_fifo  |  in_stream2_5  |    pointer   |
|in_stream2_5_full_n   |  in |    1|   ap_fifo  |  in_stream2_5  |    pointer   |
|in_stream2_5_write    | out |    1|   ap_fifo  |  in_stream2_5  |    pointer   |
|in_stream2_6_din      | out |   16|   ap_fifo  |  in_stream2_6  |    pointer   |
|in_stream2_6_full_n   |  in |    1|   ap_fifo  |  in_stream2_6  |    pointer   |
|in_stream2_6_write    | out |    1|   ap_fifo  |  in_stream2_6  |    pointer   |
|in_stream2_7_din      | out |   16|   ap_fifo  |  in_stream2_7  |    pointer   |
|in_stream2_7_full_n   |  in |    1|   ap_fifo  |  in_stream2_7  |    pointer   |
|in_stream2_7_write    | out |    1|   ap_fifo  |  in_stream2_7  |    pointer   |
|in_stream2_8_din      | out |   16|   ap_fifo  |  in_stream2_8  |    pointer   |
|in_stream2_8_full_n   |  in |    1|   ap_fifo  |  in_stream2_8  |    pointer   |
|in_stream2_8_write    | out |    1|   ap_fifo  |  in_stream2_8  |    pointer   |
|in_stream2_9_din      | out |   16|   ap_fifo  |  in_stream2_9  |    pointer   |
|in_stream2_9_full_n   |  in |    1|   ap_fifo  |  in_stream2_9  |    pointer   |
|in_stream2_9_write    | out |    1|   ap_fifo  |  in_stream2_9  |    pointer   |
|in_stream2_10_din     | out |   16|   ap_fifo  |  in_stream2_10 |    pointer   |
|in_stream2_10_full_n  |  in |    1|   ap_fifo  |  in_stream2_10 |    pointer   |
|in_stream2_10_write   | out |    1|   ap_fifo  |  in_stream2_10 |    pointer   |
|in_stream2_11_din     | out |   16|   ap_fifo  |  in_stream2_11 |    pointer   |
|in_stream2_11_full_n  |  in |    1|   ap_fifo  |  in_stream2_11 |    pointer   |
|in_stream2_11_write   | out |    1|   ap_fifo  |  in_stream2_11 |    pointer   |
|in_stream2_12_din     | out |   16|   ap_fifo  |  in_stream2_12 |    pointer   |
|in_stream2_12_full_n  |  in |    1|   ap_fifo  |  in_stream2_12 |    pointer   |
|in_stream2_12_write   | out |    1|   ap_fifo  |  in_stream2_12 |    pointer   |
|in_stream2_13_din     | out |   16|   ap_fifo  |  in_stream2_13 |    pointer   |
|in_stream2_13_full_n  |  in |    1|   ap_fifo  |  in_stream2_13 |    pointer   |
|in_stream2_13_write   | out |    1|   ap_fifo  |  in_stream2_13 |    pointer   |
|in_stream2_14_din     | out |   16|   ap_fifo  |  in_stream2_14 |    pointer   |
|in_stream2_14_full_n  |  in |    1|   ap_fifo  |  in_stream2_14 |    pointer   |
|in_stream2_14_write   | out |    1|   ap_fifo  |  in_stream2_14 |    pointer   |
|in_stream2_15_din     | out |   16|   ap_fifo  |  in_stream2_15 |    pointer   |
|in_stream2_15_full_n  |  in |    1|   ap_fifo  |  in_stream2_15 |    pointer   |
|in_stream2_15_write   | out |    1|   ap_fifo  |  in_stream2_15 |    pointer   |
|in_stream2_16_din     | out |   16|   ap_fifo  |  in_stream2_16 |    pointer   |
|in_stream2_16_full_n  |  in |    1|   ap_fifo  |  in_stream2_16 |    pointer   |
|in_stream2_16_write   | out |    1|   ap_fifo  |  in_stream2_16 |    pointer   |
|in_stream2_17_din     | out |   16|   ap_fifo  |  in_stream2_17 |    pointer   |
|in_stream2_17_full_n  |  in |    1|   ap_fifo  |  in_stream2_17 |    pointer   |
|in_stream2_17_write   | out |    1|   ap_fifo  |  in_stream2_17 |    pointer   |
|in_stream2_18_din     | out |   16|   ap_fifo  |  in_stream2_18 |    pointer   |
|in_stream2_18_full_n  |  in |    1|   ap_fifo  |  in_stream2_18 |    pointer   |
|in_stream2_18_write   | out |    1|   ap_fifo  |  in_stream2_18 |    pointer   |
|in_stream2_19_din     | out |   16|   ap_fifo  |  in_stream2_19 |    pointer   |
|in_stream2_19_full_n  |  in |    1|   ap_fifo  |  in_stream2_19 |    pointer   |
|in_stream2_19_write   | out |    1|   ap_fifo  |  in_stream2_19 |    pointer   |
|in_stream2_20_din     | out |   16|   ap_fifo  |  in_stream2_20 |    pointer   |
|in_stream2_20_full_n  |  in |    1|   ap_fifo  |  in_stream2_20 |    pointer   |
|in_stream2_20_write   | out |    1|   ap_fifo  |  in_stream2_20 |    pointer   |
|in_stream2_21_din     | out |   16|   ap_fifo  |  in_stream2_21 |    pointer   |
|in_stream2_21_full_n  |  in |    1|   ap_fifo  |  in_stream2_21 |    pointer   |
|in_stream2_21_write   | out |    1|   ap_fifo  |  in_stream2_21 |    pointer   |
|in_stream2_22_din     | out |   16|   ap_fifo  |  in_stream2_22 |    pointer   |
|in_stream2_22_full_n  |  in |    1|   ap_fifo  |  in_stream2_22 |    pointer   |
|in_stream2_22_write   | out |    1|   ap_fifo  |  in_stream2_22 |    pointer   |
|in_stream2_23_din     | out |   16|   ap_fifo  |  in_stream2_23 |    pointer   |
|in_stream2_23_full_n  |  in |    1|   ap_fifo  |  in_stream2_23 |    pointer   |
|in_stream2_23_write   | out |    1|   ap_fifo  |  in_stream2_23 |    pointer   |
|in_stream2_24_din     | out |   16|   ap_fifo  |  in_stream2_24 |    pointer   |
|in_stream2_24_full_n  |  in |    1|   ap_fifo  |  in_stream2_24 |    pointer   |
|in_stream2_24_write   | out |    1|   ap_fifo  |  in_stream2_24 |    pointer   |
|in_stream2_25_din     | out |   16|   ap_fifo  |  in_stream2_25 |    pointer   |
|in_stream2_25_full_n  |  in |    1|   ap_fifo  |  in_stream2_25 |    pointer   |
|in_stream2_25_write   | out |    1|   ap_fifo  |  in_stream2_25 |    pointer   |
|in_stream2_26_din     | out |   16|   ap_fifo  |  in_stream2_26 |    pointer   |
|in_stream2_26_full_n  |  in |    1|   ap_fifo  |  in_stream2_26 |    pointer   |
|in_stream2_26_write   | out |    1|   ap_fifo  |  in_stream2_26 |    pointer   |
|in_stream2_27_din     | out |   16|   ap_fifo  |  in_stream2_27 |    pointer   |
|in_stream2_27_full_n  |  in |    1|   ap_fifo  |  in_stream2_27 |    pointer   |
|in_stream2_27_write   | out |    1|   ap_fifo  |  in_stream2_27 |    pointer   |
|in_stream2_28_din     | out |   16|   ap_fifo  |  in_stream2_28 |    pointer   |
|in_stream2_28_full_n  |  in |    1|   ap_fifo  |  in_stream2_28 |    pointer   |
|in_stream2_28_write   | out |    1|   ap_fifo  |  in_stream2_28 |    pointer   |
|in_stream2_29_din     | out |   16|   ap_fifo  |  in_stream2_29 |    pointer   |
|in_stream2_29_full_n  |  in |    1|   ap_fifo  |  in_stream2_29 |    pointer   |
|in_stream2_29_write   | out |    1|   ap_fifo  |  in_stream2_29 |    pointer   |
|in_stream2_30_din     | out |   16|   ap_fifo  |  in_stream2_30 |    pointer   |
|in_stream2_30_full_n  |  in |    1|   ap_fifo  |  in_stream2_30 |    pointer   |
|in_stream2_30_write   | out |    1|   ap_fifo  |  in_stream2_30 |    pointer   |
|in_stream2_31_din     | out |   16|   ap_fifo  |  in_stream2_31 |    pointer   |
|in_stream2_31_full_n  |  in |    1|   ap_fifo  |  in_stream2_31 |    pointer   |
|in_stream2_31_write   | out |    1|   ap_fifo  |  in_stream2_31 |    pointer   |
|in_stream2_32_din     | out |   16|   ap_fifo  |  in_stream2_32 |    pointer   |
|in_stream2_32_full_n  |  in |    1|   ap_fifo  |  in_stream2_32 |    pointer   |
|in_stream2_32_write   | out |    1|   ap_fifo  |  in_stream2_32 |    pointer   |
|in_stream2_33_din     | out |   16|   ap_fifo  |  in_stream2_33 |    pointer   |
|in_stream2_33_full_n  |  in |    1|   ap_fifo  |  in_stream2_33 |    pointer   |
|in_stream2_33_write   | out |    1|   ap_fifo  |  in_stream2_33 |    pointer   |
|in_stream2_34_din     | out |   16|   ap_fifo  |  in_stream2_34 |    pointer   |
|in_stream2_34_full_n  |  in |    1|   ap_fifo  |  in_stream2_34 |    pointer   |
|in_stream2_34_write   | out |    1|   ap_fifo  |  in_stream2_34 |    pointer   |
|in_stream2_35_din     | out |   16|   ap_fifo  |  in_stream2_35 |    pointer   |
|in_stream2_35_full_n  |  in |    1|   ap_fifo  |  in_stream2_35 |    pointer   |
|in_stream2_35_write   | out |    1|   ap_fifo  |  in_stream2_35 |    pointer   |
|in_stream2_36_din     | out |   16|   ap_fifo  |  in_stream2_36 |    pointer   |
|in_stream2_36_full_n  |  in |    1|   ap_fifo  |  in_stream2_36 |    pointer   |
|in_stream2_36_write   | out |    1|   ap_fifo  |  in_stream2_36 |    pointer   |
|in_stream2_37_din     | out |   16|   ap_fifo  |  in_stream2_37 |    pointer   |
|in_stream2_37_full_n  |  in |    1|   ap_fifo  |  in_stream2_37 |    pointer   |
|in_stream2_37_write   | out |    1|   ap_fifo  |  in_stream2_37 |    pointer   |
|in_stream2_38_din     | out |   16|   ap_fifo  |  in_stream2_38 |    pointer   |
|in_stream2_38_full_n  |  in |    1|   ap_fifo  |  in_stream2_38 |    pointer   |
|in_stream2_38_write   | out |    1|   ap_fifo  |  in_stream2_38 |    pointer   |
|in_stream2_39_din     | out |   16|   ap_fifo  |  in_stream2_39 |    pointer   |
|in_stream2_39_full_n  |  in |    1|   ap_fifo  |  in_stream2_39 |    pointer   |
|in_stream2_39_write   | out |    1|   ap_fifo  |  in_stream2_39 |    pointer   |
|in_stream2_40_din     | out |   16|   ap_fifo  |  in_stream2_40 |    pointer   |
|in_stream2_40_full_n  |  in |    1|   ap_fifo  |  in_stream2_40 |    pointer   |
|in_stream2_40_write   | out |    1|   ap_fifo  |  in_stream2_40 |    pointer   |
|in_stream2_41_din     | out |   16|   ap_fifo  |  in_stream2_41 |    pointer   |
|in_stream2_41_full_n  |  in |    1|   ap_fifo  |  in_stream2_41 |    pointer   |
|in_stream2_41_write   | out |    1|   ap_fifo  |  in_stream2_41 |    pointer   |
|in_stream2_42_din     | out |   16|   ap_fifo  |  in_stream2_42 |    pointer   |
|in_stream2_42_full_n  |  in |    1|   ap_fifo  |  in_stream2_42 |    pointer   |
|in_stream2_42_write   | out |    1|   ap_fifo  |  in_stream2_42 |    pointer   |
|in_stream2_43_din     | out |   16|   ap_fifo  |  in_stream2_43 |    pointer   |
|in_stream2_43_full_n  |  in |    1|   ap_fifo  |  in_stream2_43 |    pointer   |
|in_stream2_43_write   | out |    1|   ap_fifo  |  in_stream2_43 |    pointer   |
|in_stream2_44_din     | out |   16|   ap_fifo  |  in_stream2_44 |    pointer   |
|in_stream2_44_full_n  |  in |    1|   ap_fifo  |  in_stream2_44 |    pointer   |
|in_stream2_44_write   | out |    1|   ap_fifo  |  in_stream2_44 |    pointer   |
|in_stream2_45_din     | out |   16|   ap_fifo  |  in_stream2_45 |    pointer   |
|in_stream2_45_full_n  |  in |    1|   ap_fifo  |  in_stream2_45 |    pointer   |
|in_stream2_45_write   | out |    1|   ap_fifo  |  in_stream2_45 |    pointer   |
|in_stream2_46_din     | out |   16|   ap_fifo  |  in_stream2_46 |    pointer   |
|in_stream2_46_full_n  |  in |    1|   ap_fifo  |  in_stream2_46 |    pointer   |
|in_stream2_46_write   | out |    1|   ap_fifo  |  in_stream2_46 |    pointer   |
|in_stream2_47_din     | out |   16|   ap_fifo  |  in_stream2_47 |    pointer   |
|in_stream2_47_full_n  |  in |    1|   ap_fifo  |  in_stream2_47 |    pointer   |
|in_stream2_47_write   | out |    1|   ap_fifo  |  in_stream2_47 |    pointer   |
|in_stream2_48_din     | out |   16|   ap_fifo  |  in_stream2_48 |    pointer   |
|in_stream2_48_full_n  |  in |    1|   ap_fifo  |  in_stream2_48 |    pointer   |
|in_stream2_48_write   | out |    1|   ap_fifo  |  in_stream2_48 |    pointer   |
|in_stream2_49_din     | out |   16|   ap_fifo  |  in_stream2_49 |    pointer   |
|in_stream2_49_full_n  |  in |    1|   ap_fifo  |  in_stream2_49 |    pointer   |
|in_stream2_49_write   | out |    1|   ap_fifo  |  in_stream2_49 |    pointer   |
|in_stream2_50_din     | out |   16|   ap_fifo  |  in_stream2_50 |    pointer   |
|in_stream2_50_full_n  |  in |    1|   ap_fifo  |  in_stream2_50 |    pointer   |
|in_stream2_50_write   | out |    1|   ap_fifo  |  in_stream2_50 |    pointer   |
|in_stream2_51_din     | out |   16|   ap_fifo  |  in_stream2_51 |    pointer   |
|in_stream2_51_full_n  |  in |    1|   ap_fifo  |  in_stream2_51 |    pointer   |
|in_stream2_51_write   | out |    1|   ap_fifo  |  in_stream2_51 |    pointer   |
|in_stream2_52_din     | out |   16|   ap_fifo  |  in_stream2_52 |    pointer   |
|in_stream2_52_full_n  |  in |    1|   ap_fifo  |  in_stream2_52 |    pointer   |
|in_stream2_52_write   | out |    1|   ap_fifo  |  in_stream2_52 |    pointer   |
|in_stream2_53_din     | out |   16|   ap_fifo  |  in_stream2_53 |    pointer   |
|in_stream2_53_full_n  |  in |    1|   ap_fifo  |  in_stream2_53 |    pointer   |
|in_stream2_53_write   | out |    1|   ap_fifo  |  in_stream2_53 |    pointer   |
|in_stream2_54_din     | out |   16|   ap_fifo  |  in_stream2_54 |    pointer   |
|in_stream2_54_full_n  |  in |    1|   ap_fifo  |  in_stream2_54 |    pointer   |
|in_stream2_54_write   | out |    1|   ap_fifo  |  in_stream2_54 |    pointer   |
|in_stream2_55_din     | out |   16|   ap_fifo  |  in_stream2_55 |    pointer   |
|in_stream2_55_full_n  |  in |    1|   ap_fifo  |  in_stream2_55 |    pointer   |
|in_stream2_55_write   | out |    1|   ap_fifo  |  in_stream2_55 |    pointer   |
|in_stream2_56_din     | out |   16|   ap_fifo  |  in_stream2_56 |    pointer   |
|in_stream2_56_full_n  |  in |    1|   ap_fifo  |  in_stream2_56 |    pointer   |
|in_stream2_56_write   | out |    1|   ap_fifo  |  in_stream2_56 |    pointer   |
|in_stream2_57_din     | out |   16|   ap_fifo  |  in_stream2_57 |    pointer   |
|in_stream2_57_full_n  |  in |    1|   ap_fifo  |  in_stream2_57 |    pointer   |
|in_stream2_57_write   | out |    1|   ap_fifo  |  in_stream2_57 |    pointer   |
|in_stream2_58_din     | out |   16|   ap_fifo  |  in_stream2_58 |    pointer   |
|in_stream2_58_full_n  |  in |    1|   ap_fifo  |  in_stream2_58 |    pointer   |
|in_stream2_58_write   | out |    1|   ap_fifo  |  in_stream2_58 |    pointer   |
|in_stream2_59_din     | out |   16|   ap_fifo  |  in_stream2_59 |    pointer   |
|in_stream2_59_full_n  |  in |    1|   ap_fifo  |  in_stream2_59 |    pointer   |
|in_stream2_59_write   | out |    1|   ap_fifo  |  in_stream2_59 |    pointer   |
|in_stream2_60_din     | out |   16|   ap_fifo  |  in_stream2_60 |    pointer   |
|in_stream2_60_full_n  |  in |    1|   ap_fifo  |  in_stream2_60 |    pointer   |
|in_stream2_60_write   | out |    1|   ap_fifo  |  in_stream2_60 |    pointer   |
|in_stream2_61_din     | out |   16|   ap_fifo  |  in_stream2_61 |    pointer   |
|in_stream2_61_full_n  |  in |    1|   ap_fifo  |  in_stream2_61 |    pointer   |
|in_stream2_61_write   | out |    1|   ap_fifo  |  in_stream2_61 |    pointer   |
|in_stream2_62_din     | out |   16|   ap_fifo  |  in_stream2_62 |    pointer   |
|in_stream2_62_full_n  |  in |    1|   ap_fifo  |  in_stream2_62 |    pointer   |
|in_stream2_62_write   | out |    1|   ap_fifo  |  in_stream2_62 |    pointer   |
|in_stream2_63_din     | out |   16|   ap_fifo  |  in_stream2_63 |    pointer   |
|in_stream2_63_full_n  |  in |    1|   ap_fifo  |  in_stream2_63 |    pointer   |
|in_stream2_63_write   | out |    1|   ap_fifo  |  in_stream2_63 |    pointer   |
+----------------------+-----+-----+------------+----------------+--------------+

