

================================================================
== Vitis HLS Report for 'myproject'
================================================================
* Date:           Wed Jul  5 09:59:50 2023

* Version:        2022.2 (Build 3670227 on Oct 13 2022)
* Project:        alveo_hls4ml
* Solution:       solution (Vitis Kernel Flow Target)
* Product family: virtexuplus
* Target device:  xcu55c-fsvh2892-2L-e


================================================================
== Performance Estimates
================================================================
+ Timing: 
    * Summary: 
    +--------+---------+----------+------------+
    |  Clock |  Target | Estimated| Uncertainty|
    +--------+---------+----------+------------+
    |ap_clk  |  4.00 ns|  3.075 ns|     1.08 ns|
    +--------+---------+----------+------------+

+ Latency: 
    * Summary: 
    +---------+---------+-----------+-----------+------+------+----------+
    |  Latency (cycles) |   Latency (absolute)  |   Interval  | Pipeline |
    |   min   |   max   |    min    |    max    |  min |  max |   Type   |
    +---------+---------+-----------+-----------+------+------+----------+
    |     6067|     6140|  24.268 us|  24.560 us|  6068|  6141|  dataflow|
    +---------+---------+-----------+-----------+------+------+----------+

    + Detail: 
        * Instance: 
        +------------------------------------------------------------------------+-----------------------------------------------------------------------+---------+---------+-----------+-----------+------+------+---------+
        |                                                                        |                                                                       |  Latency (cycles) |   Latency (absolute)  |   Interval  | Pipeline|
        |                                Instance                                |                                 Module                                |   min   |   max   |    min    |    max    |  min |  max |   Type  |
        +------------------------------------------------------------------------+-----------------------------------------------------------------------+---------+---------+-----------+-----------+------+------+---------+
        |bidirectional_array_ap_fixed_8_2_5_3_0_ap_fixed_8_2_5_3_0_config2_U0    |bidirectional_array_ap_fixed_8_2_5_3_0_ap_fixed_8_2_5_3_0_config2_s    |     6067|     6140|  24.268 us|  24.560 us|  6067|  6140|       no|
        |dense_array_ap_fixed_8_2_5_3_0_ap_fixed_8_2_5_3_0_config4_U0            |dense_array_ap_fixed_8_2_5_3_0_ap_fixed_8_2_5_3_0_config4_s            |      131|      132|   0.524 us|   0.528 us|   131|   132|       no|
        |gru_stack_array_ap_fixed_8_2_5_3_0_ap_fixed_8_2_5_3_0_config6_U0        |gru_stack_array_ap_fixed_8_2_5_3_0_ap_fixed_8_2_5_3_0_config6_s        |     5476|     5549|  21.904 us|  22.196 us|  5476|  5549|       no|
        |pointwise_conv_1d_cl_array_ap_fixed_ap_fixed_8_2_5_3_0_config12_U0      |pointwise_conv_1d_cl_array_ap_fixed_ap_fixed_8_2_5_3_0_config12_s      |     4892|     4965|  19.568 us|  19.860 us|  4892|  4965|       no|
        |clone_stream_array_ap_fixed_8_2_5_3_0_ap_fixed_8_2_5_3_0_292_U0         |clone_stream_array_ap_fixed_8_2_5_3_0_ap_fixed_8_2_5_3_0_292_s         |       75|       75|   0.300 us|   0.300 us|    75|    75|       no|
        |pointwise_conv_1d_cl_array_ap_fixed_ap_fixed_8_2_5_3_0_config13_U0      |pointwise_conv_1d_cl_array_ap_fixed_ap_fixed_8_2_5_3_0_config13_s      |      512|      585|   2.048 us|   2.340 us|   512|   585|       no|
        |concatenate2d_1_array_ap_fixed_ap_fixed_ap_fixed_8_2_5_3_0_config11_U0  |concatenate2d_1_array_ap_fixed_ap_fixed_ap_fixed_8_2_5_3_0_config11_s  |       75|       75|   0.300 us|   0.300 us|    75|    75|       no|
        +------------------------------------------------------------------------+-----------------------------------------------------------------------+---------+---------+-----------+-----------+------+------+---------+

        * Loop: 
        N/A



================================================================
== Utilization Estimates
================================================================
* Summary: 
+---------------------+---------+------+---------+---------+-----+
|         Name        | BRAM_18K|  DSP |    FF   |   LUT   | URAM|
+---------------------+---------+------+---------+---------+-----+
|DSP                  |        -|     -|        -|        -|    -|
|Expression           |        -|     -|        0|        4|    -|
|FIFO                 |        -|     -|     5300|    10764|    -|
|Instance             |      344|   192|    71799|   190458|    0|
|Memory               |        -|     -|        -|        -|    -|
|Multiplexer          |        -|     -|        -|        9|    -|
|Register             |        -|     -|        1|        -|    -|
+---------------------+---------+------+---------+---------+-----+
|Total                |      344|   192|    77100|   201235|    0|
+---------------------+---------+------+---------+---------+-----+
|Available SLR        |     1344|  3008|   869120|   434560|  320|
+---------------------+---------+------+---------+---------+-----+
|Utilization SLR (%)  |       25|     6|        8|       46|    0|
+---------------------+---------+------+---------+---------+-----+
|Available            |     4032|  9024|  2607360|  1303680|  960|
+---------------------+---------+------+---------+---------+-----+
|Utilization (%)      |        8|     2|        2|       15|    0|
+---------------------+---------+------+---------+---------+-----+

+ Detail: 
    * Instance: 
    +------------------------------------------------------------------------+-----------------------------------------------------------------------+---------+-----+-------+--------+-----+
    |                                Instance                                |                                 Module                                | BRAM_18K| DSP |   FF  |   LUT  | URAM|
    +------------------------------------------------------------------------+-----------------------------------------------------------------------+---------+-----+-------+--------+-----+
    |bidirectional_array_ap_fixed_8_2_5_3_0_ap_fixed_8_2_5_3_0_config2_U0    |bidirectional_array_ap_fixed_8_2_5_3_0_ap_fixed_8_2_5_3_0_config2_s    |      224|  128|  45298|  114703|    0|
    |clone_stream_array_ap_fixed_8_2_5_3_0_ap_fixed_8_2_5_3_0_292_U0         |clone_stream_array_ap_fixed_8_2_5_3_0_ap_fixed_8_2_5_3_0_292_s         |        0|    0|     11|     185|    0|
    |concatenate2d_1_array_ap_fixed_ap_fixed_ap_fixed_8_2_5_3_0_config11_U0  |concatenate2d_1_array_ap_fixed_ap_fixed_ap_fixed_8_2_5_3_0_config11_s  |        0|    0|     10|    1400|    0|
    |dense_array_ap_fixed_8_2_5_3_0_ap_fixed_8_2_5_3_0_config4_U0            |dense_array_ap_fixed_8_2_5_3_0_ap_fixed_8_2_5_3_0_config4_s            |        8|    0|   5159|   11232|    0|
    |gru_stack_array_ap_fixed_8_2_5_3_0_ap_fixed_8_2_5_3_0_config6_U0        |gru_stack_array_ap_fixed_8_2_5_3_0_ap_fixed_8_2_5_3_0_config6_s        |      112|   64|  18392|   50584|    0|
    |pointwise_conv_1d_cl_array_ap_fixed_ap_fixed_8_2_5_3_0_config12_U0      |pointwise_conv_1d_cl_array_ap_fixed_ap_fixed_8_2_5_3_0_config12_s      |        0|    0|   1153|    4264|    0|
    |pointwise_conv_1d_cl_array_ap_fixed_ap_fixed_8_2_5_3_0_config13_U0      |pointwise_conv_1d_cl_array_ap_fixed_ap_fixed_8_2_5_3_0_config13_s      |        0|    0|   1776|    8090|    0|
    +------------------------------------------------------------------------+-----------------------------------------------------------------------+---------+-----+-------+--------+-----+
    |Total                                                                   |                                                                       |      344|  192|  71799|  190458|    0|
    +------------------------------------------------------------------------+-----------------------------------------------------------------------+---------+-----+-------+--------+-----+

    * DSP: 
    N/A

    * Memory: 
    N/A

    * FIFO: 
    +------------------+---------+----+----+-----+------+-----+---------+
    |       Name       | BRAM_18K| FF | LUT| URAM| Depth| Bits| Size:D*B|
    +------------------+---------+----+----+-----+------+-----+---------+
    |layer12_out_0_U   |        0|  10|   0|    -|    73|    8|      584|
    |layer12_out_1_U   |        0|  10|   0|    -|    73|    8|      584|
    |layer12_out_2_U   |        0|  10|   0|    -|    73|    8|      584|
    |layer12_out_3_U   |        0|  10|   0|    -|    73|    8|      584|
    |layer13_out_0_U   |        0|  10|   0|    -|    73|    8|      584|
    |layer13_out_10_U  |        0|  10|   0|    -|    73|    8|      584|
    |layer13_out_11_U  |        0|  10|   0|    -|    73|    8|      584|
    |layer13_out_12_U  |        0|  10|   0|    -|    73|    8|      584|
    |layer13_out_13_U  |        0|  10|   0|    -|    73|    8|      584|
    |layer13_out_14_U  |        0|  10|   0|    -|    73|    8|      584|
    |layer13_out_15_U  |        0|  10|   0|    -|    73|    8|      584|
    |layer13_out_16_U  |        0|  10|   0|    -|    73|    8|      584|
    |layer13_out_17_U  |        0|  10|   0|    -|    73|    8|      584|
    |layer13_out_18_U  |        0|  10|   0|    -|    73|    8|      584|
    |layer13_out_19_U  |        0|  10|   0|    -|    73|    8|      584|
    |layer13_out_1_U   |        0|  10|   0|    -|    73|    8|      584|
    |layer13_out_20_U  |        0|  10|   0|    -|    73|    8|      584|
    |layer13_out_21_U  |        0|  10|   0|    -|    73|    8|      584|
    |layer13_out_22_U  |        0|  10|   0|    -|    73|    8|      584|
    |layer13_out_23_U  |        0|  10|   0|    -|    73|    8|      584|
    |layer13_out_24_U  |        0|  10|   0|    -|    73|    8|      584|
    |layer13_out_25_U  |        0|  10|   0|    -|    73|    8|      584|
    |layer13_out_26_U  |        0|  10|   0|    -|    73|    8|      584|
    |layer13_out_27_U  |        0|  10|   0|    -|    73|    8|      584|
    |layer13_out_28_U  |        0|  10|   0|    -|    73|    8|      584|
    |layer13_out_29_U  |        0|  10|   0|    -|    73|    8|      584|
    |layer13_out_2_U   |        0|  10|   0|    -|    73|    8|      584|
    |layer13_out_30_U  |        0|  10|   0|    -|    73|    8|      584|
    |layer13_out_31_U  |        0|  10|   0|    -|    73|    8|      584|
    |layer13_out_32_U  |        0|  10|   0|    -|    73|    8|      584|
    |layer13_out_33_U  |        0|  10|   0|    -|    73|    8|      584|
    |layer13_out_34_U  |        0|  10|   0|    -|    73|    8|      584|
    |layer13_out_35_U  |        0|  10|   0|    -|    73|    8|      584|
    |layer13_out_36_U  |        0|  10|   0|    -|    73|    8|      584|
    |layer13_out_37_U  |        0|  10|   0|    -|    73|    8|      584|
    |layer13_out_38_U  |        0|  10|   0|    -|    73|    8|      584|
    |layer13_out_39_U  |        0|  10|   0|    -|    73|    8|      584|
    |layer13_out_3_U   |        0|  10|   0|    -|    73|    8|      584|
    |layer13_out_40_U  |        0|  10|   0|    -|    73|    8|      584|
    |layer13_out_41_U  |        0|  10|   0|    -|    73|    8|      584|
    |layer13_out_42_U  |        0|  10|   0|    -|    73|    8|      584|
    |layer13_out_43_U  |        0|  10|   0|    -|    73|    8|      584|
    |layer13_out_44_U  |        0|  10|   0|    -|    73|    8|      584|
    |layer13_out_45_U  |        0|  10|   0|    -|    73|    8|      584|
    |layer13_out_46_U  |        0|  10|   0|    -|    73|    8|      584|
    |layer13_out_47_U  |        0|  10|   0|    -|    73|    8|      584|
    |layer13_out_48_U  |        0|  10|   0|    -|    73|    8|      584|
    |layer13_out_49_U  |        0|  10|   0|    -|    73|    8|      584|
    |layer13_out_4_U   |        0|  10|   0|    -|    73|    8|      584|
    |layer13_out_50_U  |        0|  10|   0|    -|    73|    8|      584|
    |layer13_out_51_U  |        0|  10|   0|    -|    73|    8|      584|
    |layer13_out_52_U  |        0|  10|   0|    -|    73|    8|      584|
    |layer13_out_53_U  |        0|  10|   0|    -|    73|    8|      584|
    |layer13_out_54_U  |        0|  10|   0|    -|    73|    8|      584|
    |layer13_out_55_U  |        0|  10|   0|    -|    73|    8|      584|
    |layer13_out_56_U  |        0|  10|   0|    -|    73|    8|      584|
    |layer13_out_57_U  |        0|  10|   0|    -|    73|    8|      584|
    |layer13_out_58_U  |        0|  10|   0|    -|    73|    8|      584|
    |layer13_out_59_U  |        0|  10|   0|    -|    73|    8|      584|
    |layer13_out_5_U   |        0|  10|   0|    -|    73|    8|      584|
    |layer13_out_60_U  |        0|  10|   0|    -|    73|    8|      584|
    |layer13_out_61_U  |        0|  10|   0|    -|    73|    8|      584|
    |layer13_out_62_U  |        0|  10|   0|    -|    73|    8|      584|
    |layer13_out_63_U  |        0|  10|   0|    -|    73|    8|      584|
    |layer13_out_64_U  |        0|  10|   0|    -|    73|    8|      584|
    |layer13_out_65_U  |        0|  10|   0|    -|    73|    8|      584|
    |layer13_out_66_U  |        0|  10|   0|    -|    73|    8|      584|
    |layer13_out_67_U  |        0|  10|   0|    -|    73|    8|      584|
    |layer13_out_68_U  |        0|  10|   0|    -|    73|    8|      584|
    |layer13_out_69_U  |        0|  10|   0|    -|    73|    8|      584|
    |layer13_out_6_U   |        0|  10|   0|    -|    73|    8|      584|
    |layer13_out_7_U   |        0|  10|   0|    -|    73|    8|      584|
    |layer13_out_8_U   |        0|  10|   0|    -|    73|    8|      584|
    |layer13_out_9_U   |        0|  10|   0|    -|    73|    8|      584|
    |layer14_cpy1_0_U  |        0|  10|   0|    -|    73|    8|      584|
    |layer14_cpy1_1_U  |        0|  10|   0|    -|    73|    8|      584|
    |layer14_cpy1_2_U  |        0|  10|   0|    -|    73|    8|      584|
    |layer14_cpy1_3_U  |        0|  10|   0|    -|    73|    8|      584|
    |layer14_cpy2_0_U  |        0|  10|   0|    -|    73|    8|      584|
    |layer14_cpy2_1_U  |        0|  10|   0|    -|    73|    8|      584|
    |layer14_cpy2_2_U  |        0|  10|   0|    -|    73|    8|      584|
    |layer14_cpy2_3_U  |        0|  10|   0|    -|    73|    8|      584|
    |layer2_out_0_U    |        0|  20|   0|    -|     1|    8|        8|
    |layer2_out_100_U  |        0|  20|   0|    -|     1|    8|        8|
    |layer2_out_101_U  |        0|  20|   0|    -|     1|    8|        8|
    |layer2_out_102_U  |        0|  20|   0|    -|     1|    8|        8|
    |layer2_out_103_U  |        0|  20|   0|    -|     1|    8|        8|
    |layer2_out_104_U  |        0|  20|   0|    -|     1|    8|        8|
    |layer2_out_105_U  |        0|  20|   0|    -|     1|    8|        8|
    |layer2_out_106_U  |        0|  20|   0|    -|     1|    8|        8|
    |layer2_out_107_U  |        0|  20|   0|    -|     1|    8|        8|
    |layer2_out_108_U  |        0|  20|   0|    -|     1|    8|        8|
    |layer2_out_109_U  |        0|  20|   0|    -|     1|    8|        8|
    |layer2_out_10_U   |        0|  20|   0|    -|     1|    8|        8|
    |layer2_out_110_U  |        0|  20|   0|    -|     1|    8|        8|
    |layer2_out_111_U  |        0|  20|   0|    -|     1|    8|        8|
    |layer2_out_112_U  |        0|  20|   0|    -|     1|    8|        8|
    |layer2_out_113_U  |        0|  20|   0|    -|     1|    8|        8|
    |layer2_out_114_U  |        0|  20|   0|    -|     1|    8|        8|
    |layer2_out_115_U  |        0|  20|   0|    -|     1|    8|        8|
    |layer2_out_116_U  |        0|  20|   0|    -|     1|    8|        8|
    |layer2_out_117_U  |        0|  20|   0|    -|     1|    8|        8|
    |layer2_out_118_U  |        0|  20|   0|    -|     1|    8|        8|
    |layer2_out_119_U  |        0|  20|   0|    -|     1|    8|        8|
    |layer2_out_11_U   |        0|  20|   0|    -|     1|    8|        8|
    |layer2_out_120_U  |        0|  20|   0|    -|     1|    8|        8|
    |layer2_out_121_U  |        0|  20|   0|    -|     1|    8|        8|
    |layer2_out_122_U  |        0|  20|   0|    -|     1|    8|        8|
    |layer2_out_123_U  |        0|  20|   0|    -|     1|    8|        8|
    |layer2_out_124_U  |        0|  20|   0|    -|     1|    8|        8|
    |layer2_out_125_U  |        0|  20|   0|    -|     1|    8|        8|
    |layer2_out_126_U  |        0|  20|   0|    -|     1|    8|        8|
    |layer2_out_127_U  |        0|  20|   0|    -|     1|    8|        8|
    |layer2_out_12_U   |        0|  20|   0|    -|     1|    8|        8|
    |layer2_out_13_U   |        0|  20|   0|    -|     1|    8|        8|
    |layer2_out_14_U   |        0|  20|   0|    -|     1|    8|        8|
    |layer2_out_15_U   |        0|  20|   0|    -|     1|    8|        8|
    |layer2_out_16_U   |        0|  20|   0|    -|     1|    8|        8|
    |layer2_out_17_U   |        0|  20|   0|    -|     1|    8|        8|
    |layer2_out_18_U   |        0|  20|   0|    -|     1|    8|        8|
    |layer2_out_19_U   |        0|  20|   0|    -|     1|    8|        8|
    |layer2_out_1_U    |        0|  20|   0|    -|     1|    8|        8|
    |layer2_out_20_U   |        0|  20|   0|    -|     1|    8|        8|
    |layer2_out_21_U   |        0|  20|   0|    -|     1|    8|        8|
    |layer2_out_22_U   |        0|  20|   0|    -|     1|    8|        8|
    |layer2_out_23_U   |        0|  20|   0|    -|     1|    8|        8|
    |layer2_out_24_U   |        0|  20|   0|    -|     1|    8|        8|
    |layer2_out_25_U   |        0|  20|   0|    -|     1|    8|        8|
    |layer2_out_26_U   |        0|  20|   0|    -|     1|    8|        8|
    |layer2_out_27_U   |        0|  20|   0|    -|     1|    8|        8|
    |layer2_out_28_U   |        0|  20|   0|    -|     1|    8|        8|
    |layer2_out_29_U   |        0|  20|   0|    -|     1|    8|        8|
    |layer2_out_2_U    |        0|  20|   0|    -|     1|    8|        8|
    |layer2_out_30_U   |        0|  20|   0|    -|     1|    8|        8|
    |layer2_out_31_U   |        0|  20|   0|    -|     1|    8|        8|
    |layer2_out_32_U   |        0|  20|   0|    -|     1|    8|        8|
    |layer2_out_33_U   |        0|  20|   0|    -|     1|    8|        8|
    |layer2_out_34_U   |        0|  20|   0|    -|     1|    8|        8|
    |layer2_out_35_U   |        0|  20|   0|    -|     1|    8|        8|
    |layer2_out_36_U   |        0|  20|   0|    -|     1|    8|        8|
    |layer2_out_37_U   |        0|  20|   0|    -|     1|    8|        8|
    |layer2_out_38_U   |        0|  20|   0|    -|     1|    8|        8|
    |layer2_out_39_U   |        0|  20|   0|    -|     1|    8|        8|
    |layer2_out_3_U    |        0|  20|   0|    -|     1|    8|        8|
    |layer2_out_40_U   |        0|  20|   0|    -|     1|    8|        8|
    |layer2_out_41_U   |        0|  20|   0|    -|     1|    8|        8|
    |layer2_out_42_U   |        0|  20|   0|    -|     1|    8|        8|
    |layer2_out_43_U   |        0|  20|   0|    -|     1|    8|        8|
    |layer2_out_44_U   |        0|  20|   0|    -|     1|    8|        8|
    |layer2_out_45_U   |        0|  20|   0|    -|     1|    8|        8|
    |layer2_out_46_U   |        0|  20|   0|    -|     1|    8|        8|
    |layer2_out_47_U   |        0|  20|   0|    -|     1|    8|        8|
    |layer2_out_48_U   |        0|  20|   0|    -|     1|    8|        8|
    |layer2_out_49_U   |        0|  20|   0|    -|     1|    8|        8|
    |layer2_out_4_U    |        0|  20|   0|    -|     1|    8|        8|
    |layer2_out_50_U   |        0|  20|   0|    -|     1|    8|        8|
    |layer2_out_51_U   |        0|  20|   0|    -|     1|    8|        8|
    |layer2_out_52_U   |        0|  20|   0|    -|     1|    8|        8|
    |layer2_out_53_U   |        0|  20|   0|    -|     1|    8|        8|
    |layer2_out_54_U   |        0|  20|   0|    -|     1|    8|        8|
    |layer2_out_55_U   |        0|  20|   0|    -|     1|    8|        8|
    |layer2_out_56_U   |        0|  20|   0|    -|     1|    8|        8|
    |layer2_out_57_U   |        0|  20|   0|    -|     1|    8|        8|
    |layer2_out_58_U   |        0|  20|   0|    -|     1|    8|        8|
    |layer2_out_59_U   |        0|  20|   0|    -|     1|    8|        8|
    |layer2_out_5_U    |        0|  20|   0|    -|     1|    8|        8|
    |layer2_out_60_U   |        0|  20|   0|    -|     1|    8|        8|
    |layer2_out_61_U   |        0|  20|   0|    -|     1|    8|        8|
    |layer2_out_62_U   |        0|  20|   0|    -|     1|    8|        8|
    |layer2_out_63_U   |        0|  20|   0|    -|     1|    8|        8|
    |layer2_out_64_U   |        0|  20|   0|    -|     1|    8|        8|
    |layer2_out_65_U   |        0|  20|   0|    -|     1|    8|        8|
    |layer2_out_66_U   |        0|  20|   0|    -|     1|    8|        8|
    |layer2_out_67_U   |        0|  20|   0|    -|     1|    8|        8|
    |layer2_out_68_U   |        0|  20|   0|    -|     1|    8|        8|
    |layer2_out_69_U   |        0|  20|   0|    -|     1|    8|        8|
    |layer2_out_6_U    |        0|  20|   0|    -|     1|    8|        8|
    |layer2_out_70_U   |        0|  20|   0|    -|     1|    8|        8|
    |layer2_out_71_U   |        0|  20|   0|    -|     1|    8|        8|
    |layer2_out_72_U   |        0|  20|   0|    -|     1|    8|        8|
    |layer2_out_73_U   |        0|  20|   0|    -|     1|    8|        8|
    |layer2_out_74_U   |        0|  20|   0|    -|     1|    8|        8|
    |layer2_out_75_U   |        0|  20|   0|    -|     1|    8|        8|
    |layer2_out_76_U   |        0|  20|   0|    -|     1|    8|        8|
    |layer2_out_77_U   |        0|  20|   0|    -|     1|    8|        8|
    |layer2_out_78_U   |        0|  20|   0|    -|     1|    8|        8|
    |layer2_out_79_U   |        0|  20|   0|    -|     1|    8|        8|
    |layer2_out_7_U    |        0|  20|   0|    -|     1|    8|        8|
    |layer2_out_80_U   |        0|  20|   0|    -|     1|    8|        8|
    |layer2_out_81_U   |        0|  20|   0|    -|     1|    8|        8|
    |layer2_out_82_U   |        0|  20|   0|    -|     1|    8|        8|
    |layer2_out_83_U   |        0|  20|   0|    -|     1|    8|        8|
    |layer2_out_84_U   |        0|  20|   0|    -|     1|    8|        8|
    |layer2_out_85_U   |        0|  20|   0|    -|     1|    8|        8|
    |layer2_out_86_U   |        0|  20|   0|    -|     1|    8|        8|
    |layer2_out_87_U   |        0|  20|   0|    -|     1|    8|        8|
    |layer2_out_88_U   |        0|  20|   0|    -|     1|    8|        8|
    |layer2_out_89_U   |        0|  20|   0|    -|     1|    8|        8|
    |layer2_out_8_U    |        0|  20|   0|    -|     1|    8|        8|
    |layer2_out_90_U   |        0|  20|   0|    -|     1|    8|        8|
    |layer2_out_91_U   |        0|  20|   0|    -|     1|    8|        8|
    |layer2_out_92_U   |        0|  20|   0|    -|     1|    8|        8|
    |layer2_out_93_U   |        0|  20|   0|    -|     1|    8|        8|
    |layer2_out_94_U   |        0|  20|   0|    -|     1|    8|        8|
    |layer2_out_95_U   |        0|  20|   0|    -|     1|    8|        8|
    |layer2_out_96_U   |        0|  20|   0|    -|     1|    8|        8|
    |layer2_out_97_U   |        0|  20|   0|    -|     1|    8|        8|
    |layer2_out_98_U   |        0|  20|   0|    -|     1|    8|        8|
    |layer2_out_99_U   |        0|  20|   0|    -|     1|    8|        8|
    |layer2_out_9_U    |        0|  20|   0|    -|     1|    8|        8|
    |layer4_out_0_U    |        0|  20|   0|    -|     1|    8|        8|
    |layer4_out_10_U   |        0|  20|   0|    -|     1|    8|        8|
    |layer4_out_11_U   |        0|  20|   0|    -|     1|    8|        8|
    |layer4_out_12_U   |        0|  20|   0|    -|     1|    8|        8|
    |layer4_out_13_U   |        0|  20|   0|    -|     1|    8|        8|
    |layer4_out_14_U   |        0|  20|   0|    -|     1|    8|        8|
    |layer4_out_15_U   |        0|  20|   0|    -|     1|    8|        8|
    |layer4_out_16_U   |        0|  20|   0|    -|     1|    8|        8|
    |layer4_out_17_U   |        0|  20|   0|    -|     1|    8|        8|
    |layer4_out_18_U   |        0|  20|   0|    -|     1|    8|        8|
    |layer4_out_19_U   |        0|  20|   0|    -|     1|    8|        8|
    |layer4_out_1_U    |        0|  20|   0|    -|     1|    8|        8|
    |layer4_out_20_U   |        0|  20|   0|    -|     1|    8|        8|
    |layer4_out_21_U   |        0|  20|   0|    -|     1|    8|        8|
    |layer4_out_22_U   |        0|  20|   0|    -|     1|    8|        8|
    |layer4_out_23_U   |        0|  20|   0|    -|     1|    8|        8|
    |layer4_out_24_U   |        0|  20|   0|    -|     1|    8|        8|
    |layer4_out_25_U   |        0|  20|   0|    -|     1|    8|        8|
    |layer4_out_26_U   |        0|  20|   0|    -|     1|    8|        8|
    |layer4_out_27_U   |        0|  20|   0|    -|     1|    8|        8|
    |layer4_out_28_U   |        0|  20|   0|    -|     1|    8|        8|
    |layer4_out_29_U   |        0|  20|   0|    -|     1|    8|        8|
    |layer4_out_2_U    |        0|  20|   0|    -|     1|    8|        8|
    |layer4_out_30_U   |        0|  20|   0|    -|     1|    8|        8|
    |layer4_out_31_U   |        0|  20|   0|    -|     1|    8|        8|
    |layer4_out_32_U   |        0|  20|   0|    -|     1|    8|        8|
    |layer4_out_33_U   |        0|  20|   0|    -|     1|    8|        8|
    |layer4_out_34_U   |        0|  20|   0|    -|     1|    8|        8|
    |layer4_out_35_U   |        0|  20|   0|    -|     1|    8|        8|
    |layer4_out_36_U   |        0|  20|   0|    -|     1|    8|        8|
    |layer4_out_37_U   |        0|  20|   0|    -|     1|    8|        8|
    |layer4_out_38_U   |        0|  20|   0|    -|     1|    8|        8|
    |layer4_out_39_U   |        0|  20|   0|    -|     1|    8|        8|
    |layer4_out_3_U    |        0|  20|   0|    -|     1|    8|        8|
    |layer4_out_40_U   |        0|  20|   0|    -|     1|    8|        8|
    |layer4_out_41_U   |        0|  20|   0|    -|     1|    8|        8|
    |layer4_out_42_U   |        0|  20|   0|    -|     1|    8|        8|
    |layer4_out_43_U   |        0|  20|   0|    -|     1|    8|        8|
    |layer4_out_44_U   |        0|  20|   0|    -|     1|    8|        8|
    |layer4_out_45_U   |        0|  20|   0|    -|     1|    8|        8|
    |layer4_out_46_U   |        0|  20|   0|    -|     1|    8|        8|
    |layer4_out_47_U   |        0|  20|   0|    -|     1|    8|        8|
    |layer4_out_48_U   |        0|  20|   0|    -|     1|    8|        8|
    |layer4_out_49_U   |        0|  20|   0|    -|     1|    8|        8|
    |layer4_out_4_U    |        0|  20|   0|    -|     1|    8|        8|
    |layer4_out_50_U   |        0|  20|   0|    -|     1|    8|        8|
    |layer4_out_51_U   |        0|  20|   0|    -|     1|    8|        8|
    |layer4_out_52_U   |        0|  20|   0|    -|     1|    8|        8|
    |layer4_out_53_U   |        0|  20|   0|    -|     1|    8|        8|
    |layer4_out_54_U   |        0|  20|   0|    -|     1|    8|        8|
    |layer4_out_55_U   |        0|  20|   0|    -|     1|    8|        8|
    |layer4_out_56_U   |        0|  20|   0|    -|     1|    8|        8|
    |layer4_out_57_U   |        0|  20|   0|    -|     1|    8|        8|
    |layer4_out_58_U   |        0|  20|   0|    -|     1|    8|        8|
    |layer4_out_59_U   |        0|  20|   0|    -|     1|    8|        8|
    |layer4_out_5_U    |        0|  20|   0|    -|     1|    8|        8|
    |layer4_out_60_U   |        0|  20|   0|    -|     1|    8|        8|
    |layer4_out_61_U   |        0|  20|   0|    -|     1|    8|        8|
    |layer4_out_62_U   |        0|  20|   0|    -|     1|    8|        8|
    |layer4_out_63_U   |        0|  20|   0|    -|     1|    8|        8|
    |layer4_out_6_U    |        0|  20|   0|    -|     1|    8|        8|
    |layer4_out_7_U    |        0|  20|   0|    -|     1|    8|        8|
    |layer4_out_8_U    |        0|  20|   0|    -|     1|    8|        8|
    |layer4_out_9_U    |        0|  20|   0|    -|     1|    8|        8|
    |layer6_out_0_U    |        0|  10|   0|    -|    73|    8|      584|
    |layer6_out_10_U   |        0|  10|   0|    -|    73|    8|      584|
    |layer6_out_11_U   |        0|  10|   0|    -|    73|    8|      584|
    |layer6_out_12_U   |        0|  10|   0|    -|    73|    8|      584|
    |layer6_out_13_U   |        0|  10|   0|    -|    73|    8|      584|
    |layer6_out_14_U   |        0|  10|   0|    -|    73|    8|      584|
    |layer6_out_15_U   |        0|  10|   0|    -|    73|    8|      584|
    |layer6_out_16_U   |        0|  10|   0|    -|    73|    8|      584|
    |layer6_out_17_U   |        0|  10|   0|    -|    73|    8|      584|
    |layer6_out_18_U   |        0|  10|   0|    -|    73|    8|      584|
    |layer6_out_19_U   |        0|  10|   0|    -|    73|    8|      584|
    |layer6_out_1_U    |        0|  10|   0|    -|    73|    8|      584|
    |layer6_out_20_U   |        0|  10|   0|    -|    73|    8|      584|
    |layer6_out_21_U   |        0|  10|   0|    -|    73|    8|      584|
    |layer6_out_22_U   |        0|  10|   0|    -|    73|    8|      584|
    |layer6_out_23_U   |        0|  10|   0|    -|    73|    8|      584|
    |layer6_out_24_U   |        0|  10|   0|    -|    73|    8|      584|
    |layer6_out_25_U   |        0|  10|   0|    -|    73|    8|      584|
    |layer6_out_26_U   |        0|  10|   0|    -|    73|    8|      584|
    |layer6_out_27_U   |        0|  10|   0|    -|    73|    8|      584|
    |layer6_out_28_U   |        0|  10|   0|    -|    73|    8|      584|
    |layer6_out_29_U   |        0|  10|   0|    -|    73|    8|      584|
    |layer6_out_2_U    |        0|  10|   0|    -|    73|    8|      584|
    |layer6_out_30_U   |        0|  10|   0|    -|    73|    8|      584|
    |layer6_out_31_U   |        0|  10|   0|    -|    73|    8|      584|
    |layer6_out_32_U   |        0|  10|   0|    -|    73|    8|      584|
    |layer6_out_33_U   |        0|  10|   0|    -|    73|    8|      584|
    |layer6_out_34_U   |        0|  10|   0|    -|    73|    8|      584|
    |layer6_out_35_U   |        0|  10|   0|    -|    73|    8|      584|
    |layer6_out_36_U   |        0|  10|   0|    -|    73|    8|      584|
    |layer6_out_37_U   |        0|  10|   0|    -|    73|    8|      584|
    |layer6_out_38_U   |        0|  10|   0|    -|    73|    8|      584|
    |layer6_out_39_U   |        0|  10|   0|    -|    73|    8|      584|
    |layer6_out_3_U    |        0|  10|   0|    -|    73|    8|      584|
    |layer6_out_40_U   |        0|  10|   0|    -|    73|    8|      584|
    |layer6_out_41_U   |        0|  10|   0|    -|    73|    8|      584|
    |layer6_out_42_U   |        0|  10|   0|    -|    73|    8|      584|
    |layer6_out_43_U   |        0|  10|   0|    -|    73|    8|      584|
    |layer6_out_44_U   |        0|  10|   0|    -|    73|    8|      584|
    |layer6_out_45_U   |        0|  10|   0|    -|    73|    8|      584|
    |layer6_out_46_U   |        0|  10|   0|    -|    73|    8|      584|
    |layer6_out_47_U   |        0|  10|   0|    -|    73|    8|      584|
    |layer6_out_48_U   |        0|  10|   0|    -|    73|    8|      584|
    |layer6_out_49_U   |        0|  10|   0|    -|    73|    8|      584|
    |layer6_out_4_U    |        0|  10|   0|    -|    73|    8|      584|
    |layer6_out_50_U   |        0|  10|   0|    -|    73|    8|      584|
    |layer6_out_51_U   |        0|  10|   0|    -|    73|    8|      584|
    |layer6_out_52_U   |        0|  10|   0|    -|    73|    8|      584|
    |layer6_out_53_U   |        0|  10|   0|    -|    73|    8|      584|
    |layer6_out_54_U   |        0|  10|   0|    -|    73|    8|      584|
    |layer6_out_55_U   |        0|  10|   0|    -|    73|    8|      584|
    |layer6_out_56_U   |        0|  10|   0|    -|    73|    8|      584|
    |layer6_out_57_U   |        0|  10|   0|    -|    73|    8|      584|
    |layer6_out_58_U   |        0|  10|   0|    -|    73|    8|      584|
    |layer6_out_59_U   |        0|  10|   0|    -|    73|    8|      584|
    |layer6_out_5_U    |        0|  10|   0|    -|    73|    8|      584|
    |layer6_out_60_U   |        0|  10|   0|    -|    73|    8|      584|
    |layer6_out_61_U   |        0|  10|   0|    -|    73|    8|      584|
    |layer6_out_62_U   |        0|  10|   0|    -|    73|    8|      584|
    |layer6_out_63_U   |        0|  10|   0|    -|    73|    8|      584|
    |layer6_out_6_U    |        0|  10|   0|    -|    73|    8|      584|
    |layer6_out_7_U    |        0|  10|   0|    -|    73|    8|      584|
    |layer6_out_8_U    |        0|  10|   0|    -|    73|    8|      584|
    |layer6_out_9_U    |        0|  10|   0|    -|    73|    8|      584|
    +------------------+---------+----+----+-----+------+-----+---------+
    |Total             |        0|5300|   0|    0| 10850| 2704|    86800|
    +------------------+---------+----+----+-----+------+-----+---------+

    * Expression: 
    +------------------------------------------------------------------------------+----------+----+---+----+------------+------------+
    |                                 Variable Name                                | Operation| DSP| FF| LUT| Bitwidth P0| Bitwidth P1|
    +------------------------------------------------------------------------------+----------+----+---+----+------------+------------+
    |ap_idle                                                                       |       and|   0|  0|   2|           1|           1|
    |clone_stream_array_ap_fixed_8_2_5_3_0_ap_fixed_8_2_5_3_0_292_U0_start_full_n  |       and|   0|  0|   2|           1|           1|
    +------------------------------------------------------------------------------+----------+----+---+----+------------+------------+
    |Total                                                                         |          |   0|  0|   4|           2|           2|
    +------------------------------------------------------------------------------+----------+----+---+----+------------+------------+

    * Multiplexer: 
    +------------+----+-----------+-----+-----------+
    |    Name    | LUT| Input Size| Bits| Total Bits|
    +------------+----+-----------+-----+-----------+
    |real_start  |   9|          2|    1|          2|
    +------------+----+-----------+-----+-----------+
    |Total       |   9|          2|    1|          2|
    +------------+----+-----------+-----+-----------+

    * Register: 
    +----------------+---+----+-----+-----------+
    |      Name      | FF| LUT| Bits| Const Bits|
    +----------------+---+----+-----+-----------+
    |start_once_reg  |  1|   0|    1|          0|
    +----------------+---+----+-----+-----------+
    |Total           |  1|   0|    1|          0|
    +----------------+---+----+-----+-----------+



================================================================
== Interface
================================================================
* Summary: 
+-----------------------+-----+-----+------------+---------------+--------------+
|       RTL Ports       | Dir | Bits|  Protocol  | Source Object |    C Type    |
+-----------------------+-----+-----+------------+---------------+--------------+
|ap_start               |   in|    1|  ap_ctrl_hs|      myproject|  return value|
|start_full_n           |   in|    1|  ap_ctrl_hs|      myproject|  return value|
|start_out              |  out|    1|  ap_ctrl_hs|      myproject|  return value|
|start_write            |  out|    1|  ap_ctrl_hs|      myproject|  return value|
|ap_clk                 |   in|    1|  ap_ctrl_hs|      myproject|  return value|
|ap_rst                 |   in|    1|  ap_ctrl_hs|      myproject|  return value|
|ap_done                |  out|    1|  ap_ctrl_hs|      myproject|  return value|
|ap_ready               |  out|    1|  ap_ctrl_hs|      myproject|  return value|
|ap_idle                |  out|    1|  ap_ctrl_hs|      myproject|  return value|
|ap_continue            |   in|    1|  ap_ctrl_hs|      myproject|  return value|
|in_stream1_0_dout      |   in|    8|     ap_fifo|   in_stream1_0|       pointer|
|in_stream1_0_empty_n   |   in|    1|     ap_fifo|   in_stream1_0|       pointer|
|in_stream1_0_read      |  out|    1|     ap_fifo|   in_stream1_0|       pointer|
|in_stream1_1_dout      |   in|    8|     ap_fifo|   in_stream1_1|       pointer|
|in_stream1_1_empty_n   |   in|    1|     ap_fifo|   in_stream1_1|       pointer|
|in_stream1_1_read      |  out|    1|     ap_fifo|   in_stream1_1|       pointer|
|in_stream1_2_dout      |   in|    8|     ap_fifo|   in_stream1_2|       pointer|
|in_stream1_2_empty_n   |   in|    1|     ap_fifo|   in_stream1_2|       pointer|
|in_stream1_2_read      |  out|    1|     ap_fifo|   in_stream1_2|       pointer|
|in_stream1_3_dout      |   in|    8|     ap_fifo|   in_stream1_3|       pointer|
|in_stream1_3_empty_n   |   in|    1|     ap_fifo|   in_stream1_3|       pointer|
|in_stream1_3_read      |  out|    1|     ap_fifo|   in_stream1_3|       pointer|
|in_stream1_4_dout      |   in|    8|     ap_fifo|   in_stream1_4|       pointer|
|in_stream1_4_empty_n   |   in|    1|     ap_fifo|   in_stream1_4|       pointer|
|in_stream1_4_read      |  out|    1|     ap_fifo|   in_stream1_4|       pointer|
|in_stream1_5_dout      |   in|    8|     ap_fifo|   in_stream1_5|       pointer|
|in_stream1_5_empty_n   |   in|    1|     ap_fifo|   in_stream1_5|       pointer|
|in_stream1_5_read      |  out|    1|     ap_fifo|   in_stream1_5|       pointer|
|in_stream1_6_dout      |   in|    8|     ap_fifo|   in_stream1_6|       pointer|
|in_stream1_6_empty_n   |   in|    1|     ap_fifo|   in_stream1_6|       pointer|
|in_stream1_6_read      |  out|    1|     ap_fifo|   in_stream1_6|       pointer|
|in_stream1_7_dout      |   in|    8|     ap_fifo|   in_stream1_7|       pointer|
|in_stream1_7_empty_n   |   in|    1|     ap_fifo|   in_stream1_7|       pointer|
|in_stream1_7_read      |  out|    1|     ap_fifo|   in_stream1_7|       pointer|
|in_stream1_8_dout      |   in|    8|     ap_fifo|   in_stream1_8|       pointer|
|in_stream1_8_empty_n   |   in|    1|     ap_fifo|   in_stream1_8|       pointer|
|in_stream1_8_read      |  out|    1|     ap_fifo|   in_stream1_8|       pointer|
|in_stream1_9_dout      |   in|    8|     ap_fifo|   in_stream1_9|       pointer|
|in_stream1_9_empty_n   |   in|    1|     ap_fifo|   in_stream1_9|       pointer|
|in_stream1_9_read      |  out|    1|     ap_fifo|   in_stream1_9|       pointer|
|in_stream1_10_dout     |   in|    8|     ap_fifo|  in_stream1_10|       pointer|
|in_stream1_10_empty_n  |   in|    1|     ap_fifo|  in_stream1_10|       pointer|
|in_stream1_10_read     |  out|    1|     ap_fifo|  in_stream1_10|       pointer|
|in_stream1_11_dout     |   in|    8|     ap_fifo|  in_stream1_11|       pointer|
|in_stream1_11_empty_n  |   in|    1|     ap_fifo|  in_stream1_11|       pointer|
|in_stream1_11_read     |  out|    1|     ap_fifo|  in_stream1_11|       pointer|
|in_stream1_12_dout     |   in|    8|     ap_fifo|  in_stream1_12|       pointer|
|in_stream1_12_empty_n  |   in|    1|     ap_fifo|  in_stream1_12|       pointer|
|in_stream1_12_read     |  out|    1|     ap_fifo|  in_stream1_12|       pointer|
|in_stream1_13_dout     |   in|    8|     ap_fifo|  in_stream1_13|       pointer|
|in_stream1_13_empty_n  |   in|    1|     ap_fifo|  in_stream1_13|       pointer|
|in_stream1_13_read     |  out|    1|     ap_fifo|  in_stream1_13|       pointer|
|in_stream1_14_dout     |   in|    8|     ap_fifo|  in_stream1_14|       pointer|
|in_stream1_14_empty_n  |   in|    1|     ap_fifo|  in_stream1_14|       pointer|
|in_stream1_14_read     |  out|    1|     ap_fifo|  in_stream1_14|       pointer|
|in_stream1_15_dout     |   in|    8|     ap_fifo|  in_stream1_15|       pointer|
|in_stream1_15_empty_n  |   in|    1|     ap_fifo|  in_stream1_15|       pointer|
|in_stream1_15_read     |  out|    1|     ap_fifo|  in_stream1_15|       pointer|
|in_stream1_16_dout     |   in|    8|     ap_fifo|  in_stream1_16|       pointer|
|in_stream1_16_empty_n  |   in|    1|     ap_fifo|  in_stream1_16|       pointer|
|in_stream1_16_read     |  out|    1|     ap_fifo|  in_stream1_16|       pointer|
|in_stream1_17_dout     |   in|    8|     ap_fifo|  in_stream1_17|       pointer|
|in_stream1_17_empty_n  |   in|    1|     ap_fifo|  in_stream1_17|       pointer|
|in_stream1_17_read     |  out|    1|     ap_fifo|  in_stream1_17|       pointer|
|in_stream1_18_dout     |   in|    8|     ap_fifo|  in_stream1_18|       pointer|
|in_stream1_18_empty_n  |   in|    1|     ap_fifo|  in_stream1_18|       pointer|
|in_stream1_18_read     |  out|    1|     ap_fifo|  in_stream1_18|       pointer|
|in_stream1_19_dout     |   in|    8|     ap_fifo|  in_stream1_19|       pointer|
|in_stream1_19_empty_n  |   in|    1|     ap_fifo|  in_stream1_19|       pointer|
|in_stream1_19_read     |  out|    1|     ap_fifo|  in_stream1_19|       pointer|
|in_stream1_20_dout     |   in|    8|     ap_fifo|  in_stream1_20|       pointer|
|in_stream1_20_empty_n  |   in|    1|     ap_fifo|  in_stream1_20|       pointer|
|in_stream1_20_read     |  out|    1|     ap_fifo|  in_stream1_20|       pointer|
|in_stream1_21_dout     |   in|    8|     ap_fifo|  in_stream1_21|       pointer|
|in_stream1_21_empty_n  |   in|    1|     ap_fifo|  in_stream1_21|       pointer|
|in_stream1_21_read     |  out|    1|     ap_fifo|  in_stream1_21|       pointer|
|in_stream1_22_dout     |   in|    8|     ap_fifo|  in_stream1_22|       pointer|
|in_stream1_22_empty_n  |   in|    1|     ap_fifo|  in_stream1_22|       pointer|
|in_stream1_22_read     |  out|    1|     ap_fifo|  in_stream1_22|       pointer|
|in_stream1_23_dout     |   in|    8|     ap_fifo|  in_stream1_23|       pointer|
|in_stream1_23_empty_n  |   in|    1|     ap_fifo|  in_stream1_23|       pointer|
|in_stream1_23_read     |  out|    1|     ap_fifo|  in_stream1_23|       pointer|
|in_stream1_24_dout     |   in|    8|     ap_fifo|  in_stream1_24|       pointer|
|in_stream1_24_empty_n  |   in|    1|     ap_fifo|  in_stream1_24|       pointer|
|in_stream1_24_read     |  out|    1|     ap_fifo|  in_stream1_24|       pointer|
|in_stream1_25_dout     |   in|    8|     ap_fifo|  in_stream1_25|       pointer|
|in_stream1_25_empty_n  |   in|    1|     ap_fifo|  in_stream1_25|       pointer|
|in_stream1_25_read     |  out|    1|     ap_fifo|  in_stream1_25|       pointer|
|in_stream1_26_dout     |   in|    8|     ap_fifo|  in_stream1_26|       pointer|
|in_stream1_26_empty_n  |   in|    1|     ap_fifo|  in_stream1_26|       pointer|
|in_stream1_26_read     |  out|    1|     ap_fifo|  in_stream1_26|       pointer|
|in_stream1_27_dout     |   in|    8|     ap_fifo|  in_stream1_27|       pointer|
|in_stream1_27_empty_n  |   in|    1|     ap_fifo|  in_stream1_27|       pointer|
|in_stream1_27_read     |  out|    1|     ap_fifo|  in_stream1_27|       pointer|
|in_stream1_28_dout     |   in|    8|     ap_fifo|  in_stream1_28|       pointer|
|in_stream1_28_empty_n  |   in|    1|     ap_fifo|  in_stream1_28|       pointer|
|in_stream1_28_read     |  out|    1|     ap_fifo|  in_stream1_28|       pointer|
|in_stream1_29_dout     |   in|    8|     ap_fifo|  in_stream1_29|       pointer|
|in_stream1_29_empty_n  |   in|    1|     ap_fifo|  in_stream1_29|       pointer|
|in_stream1_29_read     |  out|    1|     ap_fifo|  in_stream1_29|       pointer|
|in_stream1_30_dout     |   in|    8|     ap_fifo|  in_stream1_30|       pointer|
|in_stream1_30_empty_n  |   in|    1|     ap_fifo|  in_stream1_30|       pointer|
|in_stream1_30_read     |  out|    1|     ap_fifo|  in_stream1_30|       pointer|
|in_stream1_31_dout     |   in|    8|     ap_fifo|  in_stream1_31|       pointer|
|in_stream1_31_empty_n  |   in|    1|     ap_fifo|  in_stream1_31|       pointer|
|in_stream1_31_read     |  out|    1|     ap_fifo|  in_stream1_31|       pointer|
|in_stream1_32_dout     |   in|    8|     ap_fifo|  in_stream1_32|       pointer|
|in_stream1_32_empty_n  |   in|    1|     ap_fifo|  in_stream1_32|       pointer|
|in_stream1_32_read     |  out|    1|     ap_fifo|  in_stream1_32|       pointer|
|in_stream1_33_dout     |   in|    8|     ap_fifo|  in_stream1_33|       pointer|
|in_stream1_33_empty_n  |   in|    1|     ap_fifo|  in_stream1_33|       pointer|
|in_stream1_33_read     |  out|    1|     ap_fifo|  in_stream1_33|       pointer|
|in_stream1_34_dout     |   in|    8|     ap_fifo|  in_stream1_34|       pointer|
|in_stream1_34_empty_n  |   in|    1|     ap_fifo|  in_stream1_34|       pointer|
|in_stream1_34_read     |  out|    1|     ap_fifo|  in_stream1_34|       pointer|
|in_stream1_35_dout     |   in|    8|     ap_fifo|  in_stream1_35|       pointer|
|in_stream1_35_empty_n  |   in|    1|     ap_fifo|  in_stream1_35|       pointer|
|in_stream1_35_read     |  out|    1|     ap_fifo|  in_stream1_35|       pointer|
|in_stream1_36_dout     |   in|    8|     ap_fifo|  in_stream1_36|       pointer|
|in_stream1_36_empty_n  |   in|    1|     ap_fifo|  in_stream1_36|       pointer|
|in_stream1_36_read     |  out|    1|     ap_fifo|  in_stream1_36|       pointer|
|in_stream1_37_dout     |   in|    8|     ap_fifo|  in_stream1_37|       pointer|
|in_stream1_37_empty_n  |   in|    1|     ap_fifo|  in_stream1_37|       pointer|
|in_stream1_37_read     |  out|    1|     ap_fifo|  in_stream1_37|       pointer|
|in_stream1_38_dout     |   in|    8|     ap_fifo|  in_stream1_38|       pointer|
|in_stream1_38_empty_n  |   in|    1|     ap_fifo|  in_stream1_38|       pointer|
|in_stream1_38_read     |  out|    1|     ap_fifo|  in_stream1_38|       pointer|
|in_stream1_39_dout     |   in|    8|     ap_fifo|  in_stream1_39|       pointer|
|in_stream1_39_empty_n  |   in|    1|     ap_fifo|  in_stream1_39|       pointer|
|in_stream1_39_read     |  out|    1|     ap_fifo|  in_stream1_39|       pointer|
|in_stream1_40_dout     |   in|    8|     ap_fifo|  in_stream1_40|       pointer|
|in_stream1_40_empty_n  |   in|    1|     ap_fifo|  in_stream1_40|       pointer|
|in_stream1_40_read     |  out|    1|     ap_fifo|  in_stream1_40|       pointer|
|in_stream1_41_dout     |   in|    8|     ap_fifo|  in_stream1_41|       pointer|
|in_stream1_41_empty_n  |   in|    1|     ap_fifo|  in_stream1_41|       pointer|
|in_stream1_41_read     |  out|    1|     ap_fifo|  in_stream1_41|       pointer|
|in_stream1_42_dout     |   in|    8|     ap_fifo|  in_stream1_42|       pointer|
|in_stream1_42_empty_n  |   in|    1|     ap_fifo|  in_stream1_42|       pointer|
|in_stream1_42_read     |  out|    1|     ap_fifo|  in_stream1_42|       pointer|
|in_stream1_43_dout     |   in|    8|     ap_fifo|  in_stream1_43|       pointer|
|in_stream1_43_empty_n  |   in|    1|     ap_fifo|  in_stream1_43|       pointer|
|in_stream1_43_read     |  out|    1|     ap_fifo|  in_stream1_43|       pointer|
|in_stream1_44_dout     |   in|    8|     ap_fifo|  in_stream1_44|       pointer|
|in_stream1_44_empty_n  |   in|    1|     ap_fifo|  in_stream1_44|       pointer|
|in_stream1_44_read     |  out|    1|     ap_fifo|  in_stream1_44|       pointer|
|in_stream1_45_dout     |   in|    8|     ap_fifo|  in_stream1_45|       pointer|
|in_stream1_45_empty_n  |   in|    1|     ap_fifo|  in_stream1_45|       pointer|
|in_stream1_45_read     |  out|    1|     ap_fifo|  in_stream1_45|       pointer|
|in_stream1_46_dout     |   in|    8|     ap_fifo|  in_stream1_46|       pointer|
|in_stream1_46_empty_n  |   in|    1|     ap_fifo|  in_stream1_46|       pointer|
|in_stream1_46_read     |  out|    1|     ap_fifo|  in_stream1_46|       pointer|
|in_stream1_47_dout     |   in|    8|     ap_fifo|  in_stream1_47|       pointer|
|in_stream1_47_empty_n  |   in|    1|     ap_fifo|  in_stream1_47|       pointer|
|in_stream1_47_read     |  out|    1|     ap_fifo|  in_stream1_47|       pointer|
|in_stream1_48_dout     |   in|    8|     ap_fifo|  in_stream1_48|       pointer|
|in_stream1_48_empty_n  |   in|    1|     ap_fifo|  in_stream1_48|       pointer|
|in_stream1_48_read     |  out|    1|     ap_fifo|  in_stream1_48|       pointer|
|in_stream1_49_dout     |   in|    8|     ap_fifo|  in_stream1_49|       pointer|
|in_stream1_49_empty_n  |   in|    1|     ap_fifo|  in_stream1_49|       pointer|
|in_stream1_49_read     |  out|    1|     ap_fifo|  in_stream1_49|       pointer|
|in_stream1_50_dout     |   in|    8|     ap_fifo|  in_stream1_50|       pointer|
|in_stream1_50_empty_n  |   in|    1|     ap_fifo|  in_stream1_50|       pointer|
|in_stream1_50_read     |  out|    1|     ap_fifo|  in_stream1_50|       pointer|
|in_stream1_51_dout     |   in|    8|     ap_fifo|  in_stream1_51|       pointer|
|in_stream1_51_empty_n  |   in|    1|     ap_fifo|  in_stream1_51|       pointer|
|in_stream1_51_read     |  out|    1|     ap_fifo|  in_stream1_51|       pointer|
|in_stream1_52_dout     |   in|    8|     ap_fifo|  in_stream1_52|       pointer|
|in_stream1_52_empty_n  |   in|    1|     ap_fifo|  in_stream1_52|       pointer|
|in_stream1_52_read     |  out|    1|     ap_fifo|  in_stream1_52|       pointer|
|in_stream1_53_dout     |   in|    8|     ap_fifo|  in_stream1_53|       pointer|
|in_stream1_53_empty_n  |   in|    1|     ap_fifo|  in_stream1_53|       pointer|
|in_stream1_53_read     |  out|    1|     ap_fifo|  in_stream1_53|       pointer|
|in_stream1_54_dout     |   in|    8|     ap_fifo|  in_stream1_54|       pointer|
|in_stream1_54_empty_n  |   in|    1|     ap_fifo|  in_stream1_54|       pointer|
|in_stream1_54_read     |  out|    1|     ap_fifo|  in_stream1_54|       pointer|
|in_stream1_55_dout     |   in|    8|     ap_fifo|  in_stream1_55|       pointer|
|in_stream1_55_empty_n  |   in|    1|     ap_fifo|  in_stream1_55|       pointer|
|in_stream1_55_read     |  out|    1|     ap_fifo|  in_stream1_55|       pointer|
|in_stream1_56_dout     |   in|    8|     ap_fifo|  in_stream1_56|       pointer|
|in_stream1_56_empty_n  |   in|    1|     ap_fifo|  in_stream1_56|       pointer|
|in_stream1_56_read     |  out|    1|     ap_fifo|  in_stream1_56|       pointer|
|in_stream1_57_dout     |   in|    8|     ap_fifo|  in_stream1_57|       pointer|
|in_stream1_57_empty_n  |   in|    1|     ap_fifo|  in_stream1_57|       pointer|
|in_stream1_57_read     |  out|    1|     ap_fifo|  in_stream1_57|       pointer|
|in_stream1_58_dout     |   in|    8|     ap_fifo|  in_stream1_58|       pointer|
|in_stream1_58_empty_n  |   in|    1|     ap_fifo|  in_stream1_58|       pointer|
|in_stream1_58_read     |  out|    1|     ap_fifo|  in_stream1_58|       pointer|
|in_stream1_59_dout     |   in|    8|     ap_fifo|  in_stream1_59|       pointer|
|in_stream1_59_empty_n  |   in|    1|     ap_fifo|  in_stream1_59|       pointer|
|in_stream1_59_read     |  out|    1|     ap_fifo|  in_stream1_59|       pointer|
|in_stream1_60_dout     |   in|    8|     ap_fifo|  in_stream1_60|       pointer|
|in_stream1_60_empty_n  |   in|    1|     ap_fifo|  in_stream1_60|       pointer|
|in_stream1_60_read     |  out|    1|     ap_fifo|  in_stream1_60|       pointer|
|in_stream1_61_dout     |   in|    8|     ap_fifo|  in_stream1_61|       pointer|
|in_stream1_61_empty_n  |   in|    1|     ap_fifo|  in_stream1_61|       pointer|
|in_stream1_61_read     |  out|    1|     ap_fifo|  in_stream1_61|       pointer|
|in_stream1_62_dout     |   in|    8|     ap_fifo|  in_stream1_62|       pointer|
|in_stream1_62_empty_n  |   in|    1|     ap_fifo|  in_stream1_62|       pointer|
|in_stream1_62_read     |  out|    1|     ap_fifo|  in_stream1_62|       pointer|
|in_stream1_63_dout     |   in|    8|     ap_fifo|  in_stream1_63|       pointer|
|in_stream1_63_empty_n  |   in|    1|     ap_fifo|  in_stream1_63|       pointer|
|in_stream1_63_read     |  out|    1|     ap_fifo|  in_stream1_63|       pointer|
|in_stream1_64_dout     |   in|    8|     ap_fifo|  in_stream1_64|       pointer|
|in_stream1_64_empty_n  |   in|    1|     ap_fifo|  in_stream1_64|       pointer|
|in_stream1_64_read     |  out|    1|     ap_fifo|  in_stream1_64|       pointer|
|in_stream1_65_dout     |   in|    8|     ap_fifo|  in_stream1_65|       pointer|
|in_stream1_65_empty_n  |   in|    1|     ap_fifo|  in_stream1_65|       pointer|
|in_stream1_65_read     |  out|    1|     ap_fifo|  in_stream1_65|       pointer|
|in_stream1_66_dout     |   in|    8|     ap_fifo|  in_stream1_66|       pointer|
|in_stream1_66_empty_n  |   in|    1|     ap_fifo|  in_stream1_66|       pointer|
|in_stream1_66_read     |  out|    1|     ap_fifo|  in_stream1_66|       pointer|
|in_stream1_67_dout     |   in|    8|     ap_fifo|  in_stream1_67|       pointer|
|in_stream1_67_empty_n  |   in|    1|     ap_fifo|  in_stream1_67|       pointer|
|in_stream1_67_read     |  out|    1|     ap_fifo|  in_stream1_67|       pointer|
|in_stream1_68_dout     |   in|    8|     ap_fifo|  in_stream1_68|       pointer|
|in_stream1_68_empty_n  |   in|    1|     ap_fifo|  in_stream1_68|       pointer|
|in_stream1_68_read     |  out|    1|     ap_fifo|  in_stream1_68|       pointer|
|in_stream1_69_dout     |   in|    8|     ap_fifo|  in_stream1_69|       pointer|
|in_stream1_69_empty_n  |   in|    1|     ap_fifo|  in_stream1_69|       pointer|
|in_stream1_69_read     |  out|    1|     ap_fifo|  in_stream1_69|       pointer|
|in_stream2_0_dout      |   in|    8|     ap_fifo|   in_stream2_0|       pointer|
|in_stream2_0_empty_n   |   in|    1|     ap_fifo|   in_stream2_0|       pointer|
|in_stream2_0_read      |  out|    1|     ap_fifo|   in_stream2_0|       pointer|
|in_stream2_1_dout      |   in|    8|     ap_fifo|   in_stream2_1|       pointer|
|in_stream2_1_empty_n   |   in|    1|     ap_fifo|   in_stream2_1|       pointer|
|in_stream2_1_read      |  out|    1|     ap_fifo|   in_stream2_1|       pointer|
|in_stream2_2_dout      |   in|    8|     ap_fifo|   in_stream2_2|       pointer|
|in_stream2_2_empty_n   |   in|    1|     ap_fifo|   in_stream2_2|       pointer|
|in_stream2_2_read      |  out|    1|     ap_fifo|   in_stream2_2|       pointer|
|in_stream2_3_dout      |   in|    8|     ap_fifo|   in_stream2_3|       pointer|
|in_stream2_3_empty_n   |   in|    1|     ap_fifo|   in_stream2_3|       pointer|
|in_stream2_3_read      |  out|    1|     ap_fifo|   in_stream2_3|       pointer|
|in_stream2_4_dout      |   in|    8|     ap_fifo|   in_stream2_4|       pointer|
|in_stream2_4_empty_n   |   in|    1|     ap_fifo|   in_stream2_4|       pointer|
|in_stream2_4_read      |  out|    1|     ap_fifo|   in_stream2_4|       pointer|
|in_stream2_5_dout      |   in|    8|     ap_fifo|   in_stream2_5|       pointer|
|in_stream2_5_empty_n   |   in|    1|     ap_fifo|   in_stream2_5|       pointer|
|in_stream2_5_read      |  out|    1|     ap_fifo|   in_stream2_5|       pointer|
|in_stream2_6_dout      |   in|    8|     ap_fifo|   in_stream2_6|       pointer|
|in_stream2_6_empty_n   |   in|    1|     ap_fifo|   in_stream2_6|       pointer|
|in_stream2_6_read      |  out|    1|     ap_fifo|   in_stream2_6|       pointer|
|in_stream2_7_dout      |   in|    8|     ap_fifo|   in_stream2_7|       pointer|
|in_stream2_7_empty_n   |   in|    1|     ap_fifo|   in_stream2_7|       pointer|
|in_stream2_7_read      |  out|    1|     ap_fifo|   in_stream2_7|       pointer|
|in_stream2_8_dout      |   in|    8|     ap_fifo|   in_stream2_8|       pointer|
|in_stream2_8_empty_n   |   in|    1|     ap_fifo|   in_stream2_8|       pointer|
|in_stream2_8_read      |  out|    1|     ap_fifo|   in_stream2_8|       pointer|
|in_stream2_9_dout      |   in|    8|     ap_fifo|   in_stream2_9|       pointer|
|in_stream2_9_empty_n   |   in|    1|     ap_fifo|   in_stream2_9|       pointer|
|in_stream2_9_read      |  out|    1|     ap_fifo|   in_stream2_9|       pointer|
|in_stream2_10_dout     |   in|    8|     ap_fifo|  in_stream2_10|       pointer|
|in_stream2_10_empty_n  |   in|    1|     ap_fifo|  in_stream2_10|       pointer|
|in_stream2_10_read     |  out|    1|     ap_fifo|  in_stream2_10|       pointer|
|in_stream2_11_dout     |   in|    8|     ap_fifo|  in_stream2_11|       pointer|
|in_stream2_11_empty_n  |   in|    1|     ap_fifo|  in_stream2_11|       pointer|
|in_stream2_11_read     |  out|    1|     ap_fifo|  in_stream2_11|       pointer|
|in_stream2_12_dout     |   in|    8|     ap_fifo|  in_stream2_12|       pointer|
|in_stream2_12_empty_n  |   in|    1|     ap_fifo|  in_stream2_12|       pointer|
|in_stream2_12_read     |  out|    1|     ap_fifo|  in_stream2_12|       pointer|
|in_stream2_13_dout     |   in|    8|     ap_fifo|  in_stream2_13|       pointer|
|in_stream2_13_empty_n  |   in|    1|     ap_fifo|  in_stream2_13|       pointer|
|in_stream2_13_read     |  out|    1|     ap_fifo|  in_stream2_13|       pointer|
|in_stream2_14_dout     |   in|    8|     ap_fifo|  in_stream2_14|       pointer|
|in_stream2_14_empty_n  |   in|    1|     ap_fifo|  in_stream2_14|       pointer|
|in_stream2_14_read     |  out|    1|     ap_fifo|  in_stream2_14|       pointer|
|in_stream2_15_dout     |   in|    8|     ap_fifo|  in_stream2_15|       pointer|
|in_stream2_15_empty_n  |   in|    1|     ap_fifo|  in_stream2_15|       pointer|
|in_stream2_15_read     |  out|    1|     ap_fifo|  in_stream2_15|       pointer|
|in_stream2_16_dout     |   in|    8|     ap_fifo|  in_stream2_16|       pointer|
|in_stream2_16_empty_n  |   in|    1|     ap_fifo|  in_stream2_16|       pointer|
|in_stream2_16_read     |  out|    1|     ap_fifo|  in_stream2_16|       pointer|
|in_stream2_17_dout     |   in|    8|     ap_fifo|  in_stream2_17|       pointer|
|in_stream2_17_empty_n  |   in|    1|     ap_fifo|  in_stream2_17|       pointer|
|in_stream2_17_read     |  out|    1|     ap_fifo|  in_stream2_17|       pointer|
|in_stream2_18_dout     |   in|    8|     ap_fifo|  in_stream2_18|       pointer|
|in_stream2_18_empty_n  |   in|    1|     ap_fifo|  in_stream2_18|       pointer|
|in_stream2_18_read     |  out|    1|     ap_fifo|  in_stream2_18|       pointer|
|in_stream2_19_dout     |   in|    8|     ap_fifo|  in_stream2_19|       pointer|
|in_stream2_19_empty_n  |   in|    1|     ap_fifo|  in_stream2_19|       pointer|
|in_stream2_19_read     |  out|    1|     ap_fifo|  in_stream2_19|       pointer|
|in_stream2_20_dout     |   in|    8|     ap_fifo|  in_stream2_20|       pointer|
|in_stream2_20_empty_n  |   in|    1|     ap_fifo|  in_stream2_20|       pointer|
|in_stream2_20_read     |  out|    1|     ap_fifo|  in_stream2_20|       pointer|
|in_stream2_21_dout     |   in|    8|     ap_fifo|  in_stream2_21|       pointer|
|in_stream2_21_empty_n  |   in|    1|     ap_fifo|  in_stream2_21|       pointer|
|in_stream2_21_read     |  out|    1|     ap_fifo|  in_stream2_21|       pointer|
|in_stream2_22_dout     |   in|    8|     ap_fifo|  in_stream2_22|       pointer|
|in_stream2_22_empty_n  |   in|    1|     ap_fifo|  in_stream2_22|       pointer|
|in_stream2_22_read     |  out|    1|     ap_fifo|  in_stream2_22|       pointer|
|in_stream2_23_dout     |   in|    8|     ap_fifo|  in_stream2_23|       pointer|
|in_stream2_23_empty_n  |   in|    1|     ap_fifo|  in_stream2_23|       pointer|
|in_stream2_23_read     |  out|    1|     ap_fifo|  in_stream2_23|       pointer|
|in_stream2_24_dout     |   in|    8|     ap_fifo|  in_stream2_24|       pointer|
|in_stream2_24_empty_n  |   in|    1|     ap_fifo|  in_stream2_24|       pointer|
|in_stream2_24_read     |  out|    1|     ap_fifo|  in_stream2_24|       pointer|
|in_stream2_25_dout     |   in|    8|     ap_fifo|  in_stream2_25|       pointer|
|in_stream2_25_empty_n  |   in|    1|     ap_fifo|  in_stream2_25|       pointer|
|in_stream2_25_read     |  out|    1|     ap_fifo|  in_stream2_25|       pointer|
|in_stream2_26_dout     |   in|    8|     ap_fifo|  in_stream2_26|       pointer|
|in_stream2_26_empty_n  |   in|    1|     ap_fifo|  in_stream2_26|       pointer|
|in_stream2_26_read     |  out|    1|     ap_fifo|  in_stream2_26|       pointer|
|in_stream2_27_dout     |   in|    8|     ap_fifo|  in_stream2_27|       pointer|
|in_stream2_27_empty_n  |   in|    1|     ap_fifo|  in_stream2_27|       pointer|
|in_stream2_27_read     |  out|    1|     ap_fifo|  in_stream2_27|       pointer|
|in_stream2_28_dout     |   in|    8|     ap_fifo|  in_stream2_28|       pointer|
|in_stream2_28_empty_n  |   in|    1|     ap_fifo|  in_stream2_28|       pointer|
|in_stream2_28_read     |  out|    1|     ap_fifo|  in_stream2_28|       pointer|
|in_stream2_29_dout     |   in|    8|     ap_fifo|  in_stream2_29|       pointer|
|in_stream2_29_empty_n  |   in|    1|     ap_fifo|  in_stream2_29|       pointer|
|in_stream2_29_read     |  out|    1|     ap_fifo|  in_stream2_29|       pointer|
|in_stream2_30_dout     |   in|    8|     ap_fifo|  in_stream2_30|       pointer|
|in_stream2_30_empty_n  |   in|    1|     ap_fifo|  in_stream2_30|       pointer|
|in_stream2_30_read     |  out|    1|     ap_fifo|  in_stream2_30|       pointer|
|in_stream2_31_dout     |   in|    8|     ap_fifo|  in_stream2_31|       pointer|
|in_stream2_31_empty_n  |   in|    1|     ap_fifo|  in_stream2_31|       pointer|
|in_stream2_31_read     |  out|    1|     ap_fifo|  in_stream2_31|       pointer|
|in_stream2_32_dout     |   in|    8|     ap_fifo|  in_stream2_32|       pointer|
|in_stream2_32_empty_n  |   in|    1|     ap_fifo|  in_stream2_32|       pointer|
|in_stream2_32_read     |  out|    1|     ap_fifo|  in_stream2_32|       pointer|
|in_stream2_33_dout     |   in|    8|     ap_fifo|  in_stream2_33|       pointer|
|in_stream2_33_empty_n  |   in|    1|     ap_fifo|  in_stream2_33|       pointer|
|in_stream2_33_read     |  out|    1|     ap_fifo|  in_stream2_33|       pointer|
|in_stream2_34_dout     |   in|    8|     ap_fifo|  in_stream2_34|       pointer|
|in_stream2_34_empty_n  |   in|    1|     ap_fifo|  in_stream2_34|       pointer|
|in_stream2_34_read     |  out|    1|     ap_fifo|  in_stream2_34|       pointer|
|in_stream2_35_dout     |   in|    8|     ap_fifo|  in_stream2_35|       pointer|
|in_stream2_35_empty_n  |   in|    1|     ap_fifo|  in_stream2_35|       pointer|
|in_stream2_35_read     |  out|    1|     ap_fifo|  in_stream2_35|       pointer|
|in_stream2_36_dout     |   in|    8|     ap_fifo|  in_stream2_36|       pointer|
|in_stream2_36_empty_n  |   in|    1|     ap_fifo|  in_stream2_36|       pointer|
|in_stream2_36_read     |  out|    1|     ap_fifo|  in_stream2_36|       pointer|
|in_stream2_37_dout     |   in|    8|     ap_fifo|  in_stream2_37|       pointer|
|in_stream2_37_empty_n  |   in|    1|     ap_fifo|  in_stream2_37|       pointer|
|in_stream2_37_read     |  out|    1|     ap_fifo|  in_stream2_37|       pointer|
|in_stream2_38_dout     |   in|    8|     ap_fifo|  in_stream2_38|       pointer|
|in_stream2_38_empty_n  |   in|    1|     ap_fifo|  in_stream2_38|       pointer|
|in_stream2_38_read     |  out|    1|     ap_fifo|  in_stream2_38|       pointer|
|in_stream2_39_dout     |   in|    8|     ap_fifo|  in_stream2_39|       pointer|
|in_stream2_39_empty_n  |   in|    1|     ap_fifo|  in_stream2_39|       pointer|
|in_stream2_39_read     |  out|    1|     ap_fifo|  in_stream2_39|       pointer|
|in_stream2_40_dout     |   in|    8|     ap_fifo|  in_stream2_40|       pointer|
|in_stream2_40_empty_n  |   in|    1|     ap_fifo|  in_stream2_40|       pointer|
|in_stream2_40_read     |  out|    1|     ap_fifo|  in_stream2_40|       pointer|
|in_stream2_41_dout     |   in|    8|     ap_fifo|  in_stream2_41|       pointer|
|in_stream2_41_empty_n  |   in|    1|     ap_fifo|  in_stream2_41|       pointer|
|in_stream2_41_read     |  out|    1|     ap_fifo|  in_stream2_41|       pointer|
|in_stream2_42_dout     |   in|    8|     ap_fifo|  in_stream2_42|       pointer|
|in_stream2_42_empty_n  |   in|    1|     ap_fifo|  in_stream2_42|       pointer|
|in_stream2_42_read     |  out|    1|     ap_fifo|  in_stream2_42|       pointer|
|in_stream2_43_dout     |   in|    8|     ap_fifo|  in_stream2_43|       pointer|
|in_stream2_43_empty_n  |   in|    1|     ap_fifo|  in_stream2_43|       pointer|
|in_stream2_43_read     |  out|    1|     ap_fifo|  in_stream2_43|       pointer|
|in_stream2_44_dout     |   in|    8|     ap_fifo|  in_stream2_44|       pointer|
|in_stream2_44_empty_n  |   in|    1|     ap_fifo|  in_stream2_44|       pointer|
|in_stream2_44_read     |  out|    1|     ap_fifo|  in_stream2_44|       pointer|
|in_stream2_45_dout     |   in|    8|     ap_fifo|  in_stream2_45|       pointer|
|in_stream2_45_empty_n  |   in|    1|     ap_fifo|  in_stream2_45|       pointer|
|in_stream2_45_read     |  out|    1|     ap_fifo|  in_stream2_45|       pointer|
|in_stream2_46_dout     |   in|    8|     ap_fifo|  in_stream2_46|       pointer|
|in_stream2_46_empty_n  |   in|    1|     ap_fifo|  in_stream2_46|       pointer|
|in_stream2_46_read     |  out|    1|     ap_fifo|  in_stream2_46|       pointer|
|in_stream2_47_dout     |   in|    8|     ap_fifo|  in_stream2_47|       pointer|
|in_stream2_47_empty_n  |   in|    1|     ap_fifo|  in_stream2_47|       pointer|
|in_stream2_47_read     |  out|    1|     ap_fifo|  in_stream2_47|       pointer|
|in_stream2_48_dout     |   in|    8|     ap_fifo|  in_stream2_48|       pointer|
|in_stream2_48_empty_n  |   in|    1|     ap_fifo|  in_stream2_48|       pointer|
|in_stream2_48_read     |  out|    1|     ap_fifo|  in_stream2_48|       pointer|
|in_stream2_49_dout     |   in|    8|     ap_fifo|  in_stream2_49|       pointer|
|in_stream2_49_empty_n  |   in|    1|     ap_fifo|  in_stream2_49|       pointer|
|in_stream2_49_read     |  out|    1|     ap_fifo|  in_stream2_49|       pointer|
|in_stream2_50_dout     |   in|    8|     ap_fifo|  in_stream2_50|       pointer|
|in_stream2_50_empty_n  |   in|    1|     ap_fifo|  in_stream2_50|       pointer|
|in_stream2_50_read     |  out|    1|     ap_fifo|  in_stream2_50|       pointer|
|in_stream2_51_dout     |   in|    8|     ap_fifo|  in_stream2_51|       pointer|
|in_stream2_51_empty_n  |   in|    1|     ap_fifo|  in_stream2_51|       pointer|
|in_stream2_51_read     |  out|    1|     ap_fifo|  in_stream2_51|       pointer|
|in_stream2_52_dout     |   in|    8|     ap_fifo|  in_stream2_52|       pointer|
|in_stream2_52_empty_n  |   in|    1|     ap_fifo|  in_stream2_52|       pointer|
|in_stream2_52_read     |  out|    1|     ap_fifo|  in_stream2_52|       pointer|
|in_stream2_53_dout     |   in|    8|     ap_fifo|  in_stream2_53|       pointer|
|in_stream2_53_empty_n  |   in|    1|     ap_fifo|  in_stream2_53|       pointer|
|in_stream2_53_read     |  out|    1|     ap_fifo|  in_stream2_53|       pointer|
|in_stream2_54_dout     |   in|    8|     ap_fifo|  in_stream2_54|       pointer|
|in_stream2_54_empty_n  |   in|    1|     ap_fifo|  in_stream2_54|       pointer|
|in_stream2_54_read     |  out|    1|     ap_fifo|  in_stream2_54|       pointer|
|in_stream2_55_dout     |   in|    8|     ap_fifo|  in_stream2_55|       pointer|
|in_stream2_55_empty_n  |   in|    1|     ap_fifo|  in_stream2_55|       pointer|
|in_stream2_55_read     |  out|    1|     ap_fifo|  in_stream2_55|       pointer|
|in_stream2_56_dout     |   in|    8|     ap_fifo|  in_stream2_56|       pointer|
|in_stream2_56_empty_n  |   in|    1|     ap_fifo|  in_stream2_56|       pointer|
|in_stream2_56_read     |  out|    1|     ap_fifo|  in_stream2_56|       pointer|
|in_stream2_57_dout     |   in|    8|     ap_fifo|  in_stream2_57|       pointer|
|in_stream2_57_empty_n  |   in|    1|     ap_fifo|  in_stream2_57|       pointer|
|in_stream2_57_read     |  out|    1|     ap_fifo|  in_stream2_57|       pointer|
|in_stream2_58_dout     |   in|    8|     ap_fifo|  in_stream2_58|       pointer|
|in_stream2_58_empty_n  |   in|    1|     ap_fifo|  in_stream2_58|       pointer|
|in_stream2_58_read     |  out|    1|     ap_fifo|  in_stream2_58|       pointer|
|in_stream2_59_dout     |   in|    8|     ap_fifo|  in_stream2_59|       pointer|
|in_stream2_59_empty_n  |   in|    1|     ap_fifo|  in_stream2_59|       pointer|
|in_stream2_59_read     |  out|    1|     ap_fifo|  in_stream2_59|       pointer|
|in_stream2_60_dout     |   in|    8|     ap_fifo|  in_stream2_60|       pointer|
|in_stream2_60_empty_n  |   in|    1|     ap_fifo|  in_stream2_60|       pointer|
|in_stream2_60_read     |  out|    1|     ap_fifo|  in_stream2_60|       pointer|
|in_stream2_61_dout     |   in|    8|     ap_fifo|  in_stream2_61|       pointer|
|in_stream2_61_empty_n  |   in|    1|     ap_fifo|  in_stream2_61|       pointer|
|in_stream2_61_read     |  out|    1|     ap_fifo|  in_stream2_61|       pointer|
|in_stream2_62_dout     |   in|    8|     ap_fifo|  in_stream2_62|       pointer|
|in_stream2_62_empty_n  |   in|    1|     ap_fifo|  in_stream2_62|       pointer|
|in_stream2_62_read     |  out|    1|     ap_fifo|  in_stream2_62|       pointer|
|in_stream2_63_dout     |   in|    8|     ap_fifo|  in_stream2_63|       pointer|
|in_stream2_63_empty_n  |   in|    1|     ap_fifo|  in_stream2_63|       pointer|
|in_stream2_63_read     |  out|    1|     ap_fifo|  in_stream2_63|       pointer|
|out_stream_0_din       |  out|    8|     ap_fifo|   out_stream_0|       pointer|
|out_stream_0_full_n    |   in|    1|     ap_fifo|   out_stream_0|       pointer|
|out_stream_0_write     |  out|    1|     ap_fifo|   out_stream_0|       pointer|
|out_stream_1_din       |  out|    8|     ap_fifo|   out_stream_1|       pointer|
|out_stream_1_full_n    |   in|    1|     ap_fifo|   out_stream_1|       pointer|
|out_stream_1_write     |  out|    1|     ap_fifo|   out_stream_1|       pointer|
|out_stream_2_din       |  out|    8|     ap_fifo|   out_stream_2|       pointer|
|out_stream_2_full_n    |   in|    1|     ap_fifo|   out_stream_2|       pointer|
|out_stream_2_write     |  out|    1|     ap_fifo|   out_stream_2|       pointer|
|out_stream_3_din       |  out|    8|     ap_fifo|   out_stream_3|       pointer|
|out_stream_3_full_n    |   in|    1|     ap_fifo|   out_stream_3|       pointer|
|out_stream_3_write     |  out|    1|     ap_fifo|   out_stream_3|       pointer|
|out_stream_4_din       |  out|    8|     ap_fifo|   out_stream_4|       pointer|
|out_stream_4_full_n    |   in|    1|     ap_fifo|   out_stream_4|       pointer|
|out_stream_4_write     |  out|    1|     ap_fifo|   out_stream_4|       pointer|
|out_stream_5_din       |  out|    8|     ap_fifo|   out_stream_5|       pointer|
|out_stream_5_full_n    |   in|    1|     ap_fifo|   out_stream_5|       pointer|
|out_stream_5_write     |  out|    1|     ap_fifo|   out_stream_5|       pointer|
|out_stream_6_din       |  out|    8|     ap_fifo|   out_stream_6|       pointer|
|out_stream_6_full_n    |   in|    1|     ap_fifo|   out_stream_6|       pointer|
|out_stream_6_write     |  out|    1|     ap_fifo|   out_stream_6|       pointer|
|out_stream_7_din       |  out|    8|     ap_fifo|   out_stream_7|       pointer|
|out_stream_7_full_n    |   in|    1|     ap_fifo|   out_stream_7|       pointer|
|out_stream_7_write     |  out|    1|     ap_fifo|   out_stream_7|       pointer|
|out_stream_8_din       |  out|    8|     ap_fifo|   out_stream_8|       pointer|
|out_stream_8_full_n    |   in|    1|     ap_fifo|   out_stream_8|       pointer|
|out_stream_8_write     |  out|    1|     ap_fifo|   out_stream_8|       pointer|
|out_stream_9_din       |  out|    8|     ap_fifo|   out_stream_9|       pointer|
|out_stream_9_full_n    |   in|    1|     ap_fifo|   out_stream_9|       pointer|
|out_stream_9_write     |  out|    1|     ap_fifo|   out_stream_9|       pointer|
|out_stream_10_din      |  out|    8|     ap_fifo|  out_stream_10|       pointer|
|out_stream_10_full_n   |   in|    1|     ap_fifo|  out_stream_10|       pointer|
|out_stream_10_write    |  out|    1|     ap_fifo|  out_stream_10|       pointer|
|out_stream_11_din      |  out|    8|     ap_fifo|  out_stream_11|       pointer|
|out_stream_11_full_n   |   in|    1|     ap_fifo|  out_stream_11|       pointer|
|out_stream_11_write    |  out|    1|     ap_fifo|  out_stream_11|       pointer|
|out_stream_12_din      |  out|    8|     ap_fifo|  out_stream_12|       pointer|
|out_stream_12_full_n   |   in|    1|     ap_fifo|  out_stream_12|       pointer|
|out_stream_12_write    |  out|    1|     ap_fifo|  out_stream_12|       pointer|
|out_stream_13_din      |  out|    8|     ap_fifo|  out_stream_13|       pointer|
|out_stream_13_full_n   |   in|    1|     ap_fifo|  out_stream_13|       pointer|
|out_stream_13_write    |  out|    1|     ap_fifo|  out_stream_13|       pointer|
|out_stream_14_din      |  out|    8|     ap_fifo|  out_stream_14|       pointer|
|out_stream_14_full_n   |   in|    1|     ap_fifo|  out_stream_14|       pointer|
|out_stream_14_write    |  out|    1|     ap_fifo|  out_stream_14|       pointer|
|out_stream_15_din      |  out|    8|     ap_fifo|  out_stream_15|       pointer|
|out_stream_15_full_n   |   in|    1|     ap_fifo|  out_stream_15|       pointer|
|out_stream_15_write    |  out|    1|     ap_fifo|  out_stream_15|       pointer|
|out_stream_16_din      |  out|    8|     ap_fifo|  out_stream_16|       pointer|
|out_stream_16_full_n   |   in|    1|     ap_fifo|  out_stream_16|       pointer|
|out_stream_16_write    |  out|    1|     ap_fifo|  out_stream_16|       pointer|
|out_stream_17_din      |  out|    8|     ap_fifo|  out_stream_17|       pointer|
|out_stream_17_full_n   |   in|    1|     ap_fifo|  out_stream_17|       pointer|
|out_stream_17_write    |  out|    1|     ap_fifo|  out_stream_17|       pointer|
|out_stream_18_din      |  out|    8|     ap_fifo|  out_stream_18|       pointer|
|out_stream_18_full_n   |   in|    1|     ap_fifo|  out_stream_18|       pointer|
|out_stream_18_write    |  out|    1|     ap_fifo|  out_stream_18|       pointer|
|out_stream_19_din      |  out|    8|     ap_fifo|  out_stream_19|       pointer|
|out_stream_19_full_n   |   in|    1|     ap_fifo|  out_stream_19|       pointer|
|out_stream_19_write    |  out|    1|     ap_fifo|  out_stream_19|       pointer|
|out_stream_20_din      |  out|    8|     ap_fifo|  out_stream_20|       pointer|
|out_stream_20_full_n   |   in|    1|     ap_fifo|  out_stream_20|       pointer|
|out_stream_20_write    |  out|    1|     ap_fifo|  out_stream_20|       pointer|
|out_stream_21_din      |  out|    8|     ap_fifo|  out_stream_21|       pointer|
|out_stream_21_full_n   |   in|    1|     ap_fifo|  out_stream_21|       pointer|
|out_stream_21_write    |  out|    1|     ap_fifo|  out_stream_21|       pointer|
|out_stream_22_din      |  out|    8|     ap_fifo|  out_stream_22|       pointer|
|out_stream_22_full_n   |   in|    1|     ap_fifo|  out_stream_22|       pointer|
|out_stream_22_write    |  out|    1|     ap_fifo|  out_stream_22|       pointer|
|out_stream_23_din      |  out|    8|     ap_fifo|  out_stream_23|       pointer|
|out_stream_23_full_n   |   in|    1|     ap_fifo|  out_stream_23|       pointer|
|out_stream_23_write    |  out|    1|     ap_fifo|  out_stream_23|       pointer|
|out_stream_24_din      |  out|    8|     ap_fifo|  out_stream_24|       pointer|
|out_stream_24_full_n   |   in|    1|     ap_fifo|  out_stream_24|       pointer|
|out_stream_24_write    |  out|    1|     ap_fifo|  out_stream_24|       pointer|
|out_stream_25_din      |  out|    8|     ap_fifo|  out_stream_25|       pointer|
|out_stream_25_full_n   |   in|    1|     ap_fifo|  out_stream_25|       pointer|
|out_stream_25_write    |  out|    1|     ap_fifo|  out_stream_25|       pointer|
|out_stream_26_din      |  out|    8|     ap_fifo|  out_stream_26|       pointer|
|out_stream_26_full_n   |   in|    1|     ap_fifo|  out_stream_26|       pointer|
|out_stream_26_write    |  out|    1|     ap_fifo|  out_stream_26|       pointer|
|out_stream_27_din      |  out|    8|     ap_fifo|  out_stream_27|       pointer|
|out_stream_27_full_n   |   in|    1|     ap_fifo|  out_stream_27|       pointer|
|out_stream_27_write    |  out|    1|     ap_fifo|  out_stream_27|       pointer|
|out_stream_28_din      |  out|    8|     ap_fifo|  out_stream_28|       pointer|
|out_stream_28_full_n   |   in|    1|     ap_fifo|  out_stream_28|       pointer|
|out_stream_28_write    |  out|    1|     ap_fifo|  out_stream_28|       pointer|
|out_stream_29_din      |  out|    8|     ap_fifo|  out_stream_29|       pointer|
|out_stream_29_full_n   |   in|    1|     ap_fifo|  out_stream_29|       pointer|
|out_stream_29_write    |  out|    1|     ap_fifo|  out_stream_29|       pointer|
|out_stream_30_din      |  out|    8|     ap_fifo|  out_stream_30|       pointer|
|out_stream_30_full_n   |   in|    1|     ap_fifo|  out_stream_30|       pointer|
|out_stream_30_write    |  out|    1|     ap_fifo|  out_stream_30|       pointer|
|out_stream_31_din      |  out|    8|     ap_fifo|  out_stream_31|       pointer|
|out_stream_31_full_n   |   in|    1|     ap_fifo|  out_stream_31|       pointer|
|out_stream_31_write    |  out|    1|     ap_fifo|  out_stream_31|       pointer|
|out_stream_32_din      |  out|    8|     ap_fifo|  out_stream_32|       pointer|
|out_stream_32_full_n   |   in|    1|     ap_fifo|  out_stream_32|       pointer|
|out_stream_32_write    |  out|    1|     ap_fifo|  out_stream_32|       pointer|
|out_stream_33_din      |  out|    8|     ap_fifo|  out_stream_33|       pointer|
|out_stream_33_full_n   |   in|    1|     ap_fifo|  out_stream_33|       pointer|
|out_stream_33_write    |  out|    1|     ap_fifo|  out_stream_33|       pointer|
|out_stream_34_din      |  out|    8|     ap_fifo|  out_stream_34|       pointer|
|out_stream_34_full_n   |   in|    1|     ap_fifo|  out_stream_34|       pointer|
|out_stream_34_write    |  out|    1|     ap_fifo|  out_stream_34|       pointer|
|out_stream_35_din      |  out|    8|     ap_fifo|  out_stream_35|       pointer|
|out_stream_35_full_n   |   in|    1|     ap_fifo|  out_stream_35|       pointer|
|out_stream_35_write    |  out|    1|     ap_fifo|  out_stream_35|       pointer|
|out_stream_36_din      |  out|    8|     ap_fifo|  out_stream_36|       pointer|
|out_stream_36_full_n   |   in|    1|     ap_fifo|  out_stream_36|       pointer|
|out_stream_36_write    |  out|    1|     ap_fifo|  out_stream_36|       pointer|
|out_stream_37_din      |  out|    8|     ap_fifo|  out_stream_37|       pointer|
|out_stream_37_full_n   |   in|    1|     ap_fifo|  out_stream_37|       pointer|
|out_stream_37_write    |  out|    1|     ap_fifo|  out_stream_37|       pointer|
|out_stream_38_din      |  out|    8|     ap_fifo|  out_stream_38|       pointer|
|out_stream_38_full_n   |   in|    1|     ap_fifo|  out_stream_38|       pointer|
|out_stream_38_write    |  out|    1|     ap_fifo|  out_stream_38|       pointer|
|out_stream_39_din      |  out|    8|     ap_fifo|  out_stream_39|       pointer|
|out_stream_39_full_n   |   in|    1|     ap_fifo|  out_stream_39|       pointer|
|out_stream_39_write    |  out|    1|     ap_fifo|  out_stream_39|       pointer|
|out_stream_40_din      |  out|    8|     ap_fifo|  out_stream_40|       pointer|
|out_stream_40_full_n   |   in|    1|     ap_fifo|  out_stream_40|       pointer|
|out_stream_40_write    |  out|    1|     ap_fifo|  out_stream_40|       pointer|
|out_stream_41_din      |  out|    8|     ap_fifo|  out_stream_41|       pointer|
|out_stream_41_full_n   |   in|    1|     ap_fifo|  out_stream_41|       pointer|
|out_stream_41_write    |  out|    1|     ap_fifo|  out_stream_41|       pointer|
|out_stream_42_din      |  out|    8|     ap_fifo|  out_stream_42|       pointer|
|out_stream_42_full_n   |   in|    1|     ap_fifo|  out_stream_42|       pointer|
|out_stream_42_write    |  out|    1|     ap_fifo|  out_stream_42|       pointer|
|out_stream_43_din      |  out|    8|     ap_fifo|  out_stream_43|       pointer|
|out_stream_43_full_n   |   in|    1|     ap_fifo|  out_stream_43|       pointer|
|out_stream_43_write    |  out|    1|     ap_fifo|  out_stream_43|       pointer|
|out_stream_44_din      |  out|    8|     ap_fifo|  out_stream_44|       pointer|
|out_stream_44_full_n   |   in|    1|     ap_fifo|  out_stream_44|       pointer|
|out_stream_44_write    |  out|    1|     ap_fifo|  out_stream_44|       pointer|
|out_stream_45_din      |  out|    8|     ap_fifo|  out_stream_45|       pointer|
|out_stream_45_full_n   |   in|    1|     ap_fifo|  out_stream_45|       pointer|
|out_stream_45_write    |  out|    1|     ap_fifo|  out_stream_45|       pointer|
|out_stream_46_din      |  out|    8|     ap_fifo|  out_stream_46|       pointer|
|out_stream_46_full_n   |   in|    1|     ap_fifo|  out_stream_46|       pointer|
|out_stream_46_write    |  out|    1|     ap_fifo|  out_stream_46|       pointer|
|out_stream_47_din      |  out|    8|     ap_fifo|  out_stream_47|       pointer|
|out_stream_47_full_n   |   in|    1|     ap_fifo|  out_stream_47|       pointer|
|out_stream_47_write    |  out|    1|     ap_fifo|  out_stream_47|       pointer|
|out_stream_48_din      |  out|    8|     ap_fifo|  out_stream_48|       pointer|
|out_stream_48_full_n   |   in|    1|     ap_fifo|  out_stream_48|       pointer|
|out_stream_48_write    |  out|    1|     ap_fifo|  out_stream_48|       pointer|
|out_stream_49_din      |  out|    8|     ap_fifo|  out_stream_49|       pointer|
|out_stream_49_full_n   |   in|    1|     ap_fifo|  out_stream_49|       pointer|
|out_stream_49_write    |  out|    1|     ap_fifo|  out_stream_49|       pointer|
|out_stream_50_din      |  out|    8|     ap_fifo|  out_stream_50|       pointer|
|out_stream_50_full_n   |   in|    1|     ap_fifo|  out_stream_50|       pointer|
|out_stream_50_write    |  out|    1|     ap_fifo|  out_stream_50|       pointer|
|out_stream_51_din      |  out|    8|     ap_fifo|  out_stream_51|       pointer|
|out_stream_51_full_n   |   in|    1|     ap_fifo|  out_stream_51|       pointer|
|out_stream_51_write    |  out|    1|     ap_fifo|  out_stream_51|       pointer|
|out_stream_52_din      |  out|    8|     ap_fifo|  out_stream_52|       pointer|
|out_stream_52_full_n   |   in|    1|     ap_fifo|  out_stream_52|       pointer|
|out_stream_52_write    |  out|    1|     ap_fifo|  out_stream_52|       pointer|
|out_stream_53_din      |  out|    8|     ap_fifo|  out_stream_53|       pointer|
|out_stream_53_full_n   |   in|    1|     ap_fifo|  out_stream_53|       pointer|
|out_stream_53_write    |  out|    1|     ap_fifo|  out_stream_53|       pointer|
|out_stream_54_din      |  out|    8|     ap_fifo|  out_stream_54|       pointer|
|out_stream_54_full_n   |   in|    1|     ap_fifo|  out_stream_54|       pointer|
|out_stream_54_write    |  out|    1|     ap_fifo|  out_stream_54|       pointer|
|out_stream_55_din      |  out|    8|     ap_fifo|  out_stream_55|       pointer|
|out_stream_55_full_n   |   in|    1|     ap_fifo|  out_stream_55|       pointer|
|out_stream_55_write    |  out|    1|     ap_fifo|  out_stream_55|       pointer|
|out_stream_56_din      |  out|    8|     ap_fifo|  out_stream_56|       pointer|
|out_stream_56_full_n   |   in|    1|     ap_fifo|  out_stream_56|       pointer|
|out_stream_56_write    |  out|    1|     ap_fifo|  out_stream_56|       pointer|
|out_stream_57_din      |  out|    8|     ap_fifo|  out_stream_57|       pointer|
|out_stream_57_full_n   |   in|    1|     ap_fifo|  out_stream_57|       pointer|
|out_stream_57_write    |  out|    1|     ap_fifo|  out_stream_57|       pointer|
|out_stream_58_din      |  out|    8|     ap_fifo|  out_stream_58|       pointer|
|out_stream_58_full_n   |   in|    1|     ap_fifo|  out_stream_58|       pointer|
|out_stream_58_write    |  out|    1|     ap_fifo|  out_stream_58|       pointer|
|out_stream_59_din      |  out|    8|     ap_fifo|  out_stream_59|       pointer|
|out_stream_59_full_n   |   in|    1|     ap_fifo|  out_stream_59|       pointer|
|out_stream_59_write    |  out|    1|     ap_fifo|  out_stream_59|       pointer|
|out_stream_60_din      |  out|    8|     ap_fifo|  out_stream_60|       pointer|
|out_stream_60_full_n   |   in|    1|     ap_fifo|  out_stream_60|       pointer|
|out_stream_60_write    |  out|    1|     ap_fifo|  out_stream_60|       pointer|
|out_stream_61_din      |  out|    8|     ap_fifo|  out_stream_61|       pointer|
|out_stream_61_full_n   |   in|    1|     ap_fifo|  out_stream_61|       pointer|
|out_stream_61_write    |  out|    1|     ap_fifo|  out_stream_61|       pointer|
|out_stream_62_din      |  out|    8|     ap_fifo|  out_stream_62|       pointer|
|out_stream_62_full_n   |   in|    1|     ap_fifo|  out_stream_62|       pointer|
|out_stream_62_write    |  out|    1|     ap_fifo|  out_stream_62|       pointer|
|out_stream_63_din      |  out|    8|     ap_fifo|  out_stream_63|       pointer|
|out_stream_63_full_n   |   in|    1|     ap_fifo|  out_stream_63|       pointer|
|out_stream_63_write    |  out|    1|     ap_fifo|  out_stream_63|       pointer|
|out_stream_64_din      |  out|    8|     ap_fifo|  out_stream_64|       pointer|
|out_stream_64_full_n   |   in|    1|     ap_fifo|  out_stream_64|       pointer|
|out_stream_64_write    |  out|    1|     ap_fifo|  out_stream_64|       pointer|
|out_stream_65_din      |  out|    8|     ap_fifo|  out_stream_65|       pointer|
|out_stream_65_full_n   |   in|    1|     ap_fifo|  out_stream_65|       pointer|
|out_stream_65_write    |  out|    1|     ap_fifo|  out_stream_65|       pointer|
|out_stream_66_din      |  out|    8|     ap_fifo|  out_stream_66|       pointer|
|out_stream_66_full_n   |   in|    1|     ap_fifo|  out_stream_66|       pointer|
|out_stream_66_write    |  out|    1|     ap_fifo|  out_stream_66|       pointer|
|out_stream_67_din      |  out|    8|     ap_fifo|  out_stream_67|       pointer|
|out_stream_67_full_n   |   in|    1|     ap_fifo|  out_stream_67|       pointer|
|out_stream_67_write    |  out|    1|     ap_fifo|  out_stream_67|       pointer|
|out_stream_68_din      |  out|    8|     ap_fifo|  out_stream_68|       pointer|
|out_stream_68_full_n   |   in|    1|     ap_fifo|  out_stream_68|       pointer|
|out_stream_68_write    |  out|    1|     ap_fifo|  out_stream_68|       pointer|
|out_stream_69_din      |  out|    8|     ap_fifo|  out_stream_69|       pointer|
|out_stream_69_full_n   |   in|    1|     ap_fifo|  out_stream_69|       pointer|
|out_stream_69_write    |  out|    1|     ap_fifo|  out_stream_69|       pointer|
|out_stream_70_din      |  out|    8|     ap_fifo|  out_stream_70|       pointer|
|out_stream_70_full_n   |   in|    1|     ap_fifo|  out_stream_70|       pointer|
|out_stream_70_write    |  out|    1|     ap_fifo|  out_stream_70|       pointer|
|out_stream_71_din      |  out|    8|     ap_fifo|  out_stream_71|       pointer|
|out_stream_71_full_n   |   in|    1|     ap_fifo|  out_stream_71|       pointer|
|out_stream_71_write    |  out|    1|     ap_fifo|  out_stream_71|       pointer|
|out_stream_72_din      |  out|    8|     ap_fifo|  out_stream_72|       pointer|
|out_stream_72_full_n   |   in|    1|     ap_fifo|  out_stream_72|       pointer|
|out_stream_72_write    |  out|    1|     ap_fifo|  out_stream_72|       pointer|
|out_stream_73_din      |  out|    8|     ap_fifo|  out_stream_73|       pointer|
|out_stream_73_full_n   |   in|    1|     ap_fifo|  out_stream_73|       pointer|
|out_stream_73_write    |  out|    1|     ap_fifo|  out_stream_73|       pointer|
+-----------------------+-----+-----+------------+---------------+--------------+

