

================================================================
== Vitis HLS Report for 'pointwise_conv_1d_cl_array_ap_fixed_ap_fixed_8_2_5_3_0_config13_s'
================================================================
* Date:           Wed Jul  5 09:59:03 2023

* Version:        2022.2 (Build 3670227 on Oct 13 2022)
* Project:        alveo_hls4ml
* Solution:       solution (Vitis Kernel Flow Target)
* Product family: virtexuplus
* Target device:  xcu55c-fsvh2892-2L-e


================================================================
== Performance Estimates
================================================================
+ Timing: 
    * Summary: 
    +--------+---------+----------+------------+
    |  Clock |  Target | Estimated| Uncertainty|
    +--------+---------+----------+------------+
    |ap_clk  |  4.00 ns|  2.708 ns|     1.08 ns|
    +--------+---------+----------+------------+

+ Latency: 
    * Summary: 
    +---------+---------+----------+----------+-----+-----+---------+
    |  Latency (cycles) |  Latency (absolute) |  Interval | Pipeline|
    |   min   |   max   |    min   |    max   | min | max |   Type  |
    +---------+---------+----------+----------+-----+-----+---------+
    |      512|      585|  2.048 us|  2.340 us|  512|  585|       no|
    +---------+---------+----------+----------+-----+-----+---------+

    + Detail: 
        * Instance: 
        +---------------------------------------------------------------------------------+----------------------------------------------------------------------+---------+---------+-----------+-----------+-----+-----+------------------------------------------+
        |                                                                                 |                                                                      |  Latency (cycles) |   Latency (absolute)  |  Interval |                 Pipeline                 |
        |                                     Instance                                    |                                Module                                |   min   |   max   |    min    |    max    | min | max |                   Type                   |
        +---------------------------------------------------------------------------------+----------------------------------------------------------------------+---------+---------+-----------+-----------+-----+-----+------------------------------------------+
        |grp_dense_resource_ap_fixed_8_2_5_3_0_ap_fixed_8_2_5_3_0_config13_mult_s_fu_698  |dense_resource_ap_fixed_8_2_5_3_0_ap_fixed_8_2_5_3_0_config13_mult_s  |        4|        5|  16.000 ns|  20.000 ns|    4|    4|  loop rewind stp(delay=0 clock cycles(s))|
        +---------------------------------------------------------------------------------+----------------------------------------------------------------------+---------+---------+-----------+-----------+-----+-----+------------------------------------------+

        * Loop: 
        +------------------+---------+---------+----------+-----------+-----------+------+----------+
        |                  |  Latency (cycles) | Iteration|  Initiation Interval  | Trip |          |
        |     Loop Name    |   min   |   max   |  Latency |  achieved |   target  | Count| Pipelined|
        +------------------+---------+---------+----------+-----------+-----------+------+----------+
        |- ReadInputWidth  |      511|      584|     7 ~ 8|          -|          -|    73|        no|
        +------------------+---------+---------+----------+-----------+-----------+------+----------+



================================================================
== Utilization Estimates
================================================================
* Summary: 
+---------------------+---------+------+---------+---------+-----+
|         Name        | BRAM_18K|  DSP |    FF   |   LUT   | URAM|
+---------------------+---------+------+---------+---------+-----+
|DSP                  |        -|     -|        -|        -|    -|
|Expression           |        -|     -|        0|       30|    -|
|FIFO                 |        -|     -|        -|        -|    -|
|Instance             |        -|     0|     1171|     7350|    -|
|Memory               |        -|     -|        -|        -|    -|
|Multiplexer          |        -|     -|        -|      710|    -|
|Register             |        -|     -|      605|        -|    -|
+---------------------+---------+------+---------+---------+-----+
|Total                |        0|     0|     1776|     8090|    0|
+---------------------+---------+------+---------+---------+-----+
|Available SLR        |     1344|  3008|   869120|   434560|  320|
+---------------------+---------+------+---------+---------+-----+
|Utilization SLR (%)  |        0|     0|       ~0|        1|    0|
+---------------------+---------+------+---------+---------+-----+
|Available            |     4032|  9024|  2607360|  1303680|  960|
+---------------------+---------+------+---------+---------+-----+
|Utilization (%)      |        0|     0|       ~0|       ~0|    0|
+---------------------+---------+------+---------+---------+-----+

+ Detail: 
    * Instance: 
    +---------------------------------------------------------------------------------+----------------------------------------------------------------------+---------+----+------+------+-----+
    |                                     Instance                                    |                                Module                                | BRAM_18K| DSP|  FF  |  LUT | URAM|
    +---------------------------------------------------------------------------------+----------------------------------------------------------------------+---------+----+------+------+-----+
    |grp_dense_resource_ap_fixed_8_2_5_3_0_ap_fixed_8_2_5_3_0_config13_mult_s_fu_698  |dense_resource_ap_fixed_8_2_5_3_0_ap_fixed_8_2_5_3_0_config13_mult_s  |        0|   0|  1171|  7350|    0|
    +---------------------------------------------------------------------------------+----------------------------------------------------------------------+---------+----+------+------+-----+
    |Total                                                                            |                                                                      |        0|   0|  1171|  7350|    0|
    +---------------------------------------------------------------------------------+----------------------------------------------------------------------+---------+----+------+------+-----+

    * DSP: 
    N/A

    * Memory: 
    N/A

    * FIFO: 
    N/A

    * Expression: 
    +----------------------+----------+----+---+----+------------+------------+
    |     Variable Name    | Operation| DSP| FF| LUT| Bitwidth P0| Bitwidth P1|
    +----------------------+----------+----+---+----+------------+------------+
    |i_iw_2_fu_724_p2      |         +|   0|  0|  14|           7|           1|
    |icmp_ln104_fu_718_p2  |      icmp|   0|  0|  10|           7|           7|
    |ap_block_state1       |        or|   0|  0|   2|           1|           1|
    |ap_block_state2       |        or|   0|  0|   2|           1|           1|
    |ap_block_state4       |        or|   0|  0|   2|           1|           1|
    +----------------------+----------+----+---+----+------------+------------+
    |Total                 |          |   0|  0|  30|          17|          11|
    +----------------------+----------+----+---+----+------------+------------+

    * Multiplexer: 
    +----------------------+----+-----------+-----+-----------+
    |         Name         | LUT| Input Size| Bits| Total Bits|
    +----------------------+----+-----------+-----+-----------+
    |ap_NS_fsm             |  26|          5|    1|          5|
    |ap_done               |   9|          2|    1|          2|
    |i_iw_fu_180           |   9|          2|    7|         14|
    |layer13_out_0_blk_n   |   9|          2|    1|          2|
    |layer13_out_10_blk_n  |   9|          2|    1|          2|
    |layer13_out_11_blk_n  |   9|          2|    1|          2|
    |layer13_out_12_blk_n  |   9|          2|    1|          2|
    |layer13_out_13_blk_n  |   9|          2|    1|          2|
    |layer13_out_14_blk_n  |   9|          2|    1|          2|
    |layer13_out_15_blk_n  |   9|          2|    1|          2|
    |layer13_out_16_blk_n  |   9|          2|    1|          2|
    |layer13_out_17_blk_n  |   9|          2|    1|          2|
    |layer13_out_18_blk_n  |   9|          2|    1|          2|
    |layer13_out_19_blk_n  |   9|          2|    1|          2|
    |layer13_out_1_blk_n   |   9|          2|    1|          2|
    |layer13_out_20_blk_n  |   9|          2|    1|          2|
    |layer13_out_21_blk_n  |   9|          2|    1|          2|
    |layer13_out_22_blk_n  |   9|          2|    1|          2|
    |layer13_out_23_blk_n  |   9|          2|    1|          2|
    |layer13_out_24_blk_n  |   9|          2|    1|          2|
    |layer13_out_25_blk_n  |   9|          2|    1|          2|
    |layer13_out_26_blk_n  |   9|          2|    1|          2|
    |layer13_out_27_blk_n  |   9|          2|    1|          2|
    |layer13_out_28_blk_n  |   9|          2|    1|          2|
    |layer13_out_29_blk_n  |   9|          2|    1|          2|
    |layer13_out_2_blk_n   |   9|          2|    1|          2|
    |layer13_out_30_blk_n  |   9|          2|    1|          2|
    |layer13_out_31_blk_n  |   9|          2|    1|          2|
    |layer13_out_32_blk_n  |   9|          2|    1|          2|
    |layer13_out_33_blk_n  |   9|          2|    1|          2|
    |layer13_out_34_blk_n  |   9|          2|    1|          2|
    |layer13_out_35_blk_n  |   9|          2|    1|          2|
    |layer13_out_36_blk_n  |   9|          2|    1|          2|
    |layer13_out_37_blk_n  |   9|          2|    1|          2|
    |layer13_out_38_blk_n  |   9|          2|    1|          2|
    |layer13_out_39_blk_n  |   9|          2|    1|          2|
    |layer13_out_3_blk_n   |   9|          2|    1|          2|
    |layer13_out_40_blk_n  |   9|          2|    1|          2|
    |layer13_out_41_blk_n  |   9|          2|    1|          2|
    |layer13_out_42_blk_n  |   9|          2|    1|          2|
    |layer13_out_43_blk_n  |   9|          2|    1|          2|
    |layer13_out_44_blk_n  |   9|          2|    1|          2|
    |layer13_out_45_blk_n  |   9|          2|    1|          2|
    |layer13_out_46_blk_n  |   9|          2|    1|          2|
    |layer13_out_47_blk_n  |   9|          2|    1|          2|
    |layer13_out_48_blk_n  |   9|          2|    1|          2|
    |layer13_out_49_blk_n  |   9|          2|    1|          2|
    |layer13_out_4_blk_n   |   9|          2|    1|          2|
    |layer13_out_50_blk_n  |   9|          2|    1|          2|
    |layer13_out_51_blk_n  |   9|          2|    1|          2|
    |layer13_out_52_blk_n  |   9|          2|    1|          2|
    |layer13_out_53_blk_n  |   9|          2|    1|          2|
    |layer13_out_54_blk_n  |   9|          2|    1|          2|
    |layer13_out_55_blk_n  |   9|          2|    1|          2|
    |layer13_out_56_blk_n  |   9|          2|    1|          2|
    |layer13_out_57_blk_n  |   9|          2|    1|          2|
    |layer13_out_58_blk_n  |   9|          2|    1|          2|
    |layer13_out_59_blk_n  |   9|          2|    1|          2|
    |layer13_out_5_blk_n   |   9|          2|    1|          2|
    |layer13_out_60_blk_n  |   9|          2|    1|          2|
    |layer13_out_61_blk_n  |   9|          2|    1|          2|
    |layer13_out_62_blk_n  |   9|          2|    1|          2|
    |layer13_out_63_blk_n  |   9|          2|    1|          2|
    |layer13_out_64_blk_n  |   9|          2|    1|          2|
    |layer13_out_65_blk_n  |   9|          2|    1|          2|
    |layer13_out_66_blk_n  |   9|          2|    1|          2|
    |layer13_out_67_blk_n  |   9|          2|    1|          2|
    |layer13_out_68_blk_n  |   9|          2|    1|          2|
    |layer13_out_69_blk_n  |   9|          2|    1|          2|
    |layer13_out_6_blk_n   |   9|          2|    1|          2|
    |layer13_out_7_blk_n   |   9|          2|    1|          2|
    |layer13_out_8_blk_n   |   9|          2|    1|          2|
    |layer13_out_9_blk_n   |   9|          2|    1|          2|
    |layer14_cpy1_0_blk_n  |   9|          2|    1|          2|
    |layer14_cpy1_1_blk_n  |   9|          2|    1|          2|
    |layer14_cpy1_2_blk_n  |   9|          2|    1|          2|
    |layer14_cpy1_3_blk_n  |   9|          2|    1|          2|
    +----------------------+----+-----------+-----+-----------+
    |Total                 | 710|        157|   83|        169|
    +----------------------+----+-----------+-----+-----------+

    * Register: 
    +----------------------------------------------------------------------------------------------+---+----+-----+-----------+
    |                                             Name                                             | FF| LUT| Bits| Const Bits|
    +----------------------------------------------------------------------------------------------+---+----+-----+-----------+
    |ap_CS_fsm                                                                                     |  4|   0|    4|          0|
    |ap_done_reg                                                                                   |  1|   0|    1|          0|
    |data_save_V_1_reg_1030                                                                        |  8|   0|    8|          0|
    |data_save_V_2_reg_1035                                                                        |  8|   0|    8|          0|
    |data_save_V_3_reg_1040                                                                        |  8|   0|    8|          0|
    |data_save_V_reg_1025                                                                          |  8|   0|    8|          0|
    |grp_dense_resource_ap_fixed_8_2_5_3_0_ap_fixed_8_2_5_3_0_config13_mult_s_fu_698_ap_start_reg  |  1|   0|    1|          0|
    |i_iw_fu_180                                                                                   |  7|   0|    7|          0|
    |res_V_10_reg_1095                                                                             |  8|   0|    8|          0|
    |res_V_11_reg_1100                                                                             |  8|   0|    8|          0|
    |res_V_12_reg_1105                                                                             |  8|   0|    8|          0|
    |res_V_13_reg_1110                                                                             |  8|   0|    8|          0|
    |res_V_14_reg_1115                                                                             |  8|   0|    8|          0|
    |res_V_15_reg_1120                                                                             |  8|   0|    8|          0|
    |res_V_16_reg_1125                                                                             |  8|   0|    8|          0|
    |res_V_17_reg_1130                                                                             |  8|   0|    8|          0|
    |res_V_18_reg_1135                                                                             |  8|   0|    8|          0|
    |res_V_19_reg_1140                                                                             |  8|   0|    8|          0|
    |res_V_1_reg_1050                                                                              |  8|   0|    8|          0|
    |res_V_20_reg_1145                                                                             |  8|   0|    8|          0|
    |res_V_21_reg_1150                                                                             |  8|   0|    8|          0|
    |res_V_22_reg_1155                                                                             |  8|   0|    8|          0|
    |res_V_23_reg_1160                                                                             |  8|   0|    8|          0|
    |res_V_24_reg_1165                                                                             |  8|   0|    8|          0|
    |res_V_25_reg_1170                                                                             |  8|   0|    8|          0|
    |res_V_26_reg_1175                                                                             |  8|   0|    8|          0|
    |res_V_27_reg_1180                                                                             |  8|   0|    8|          0|
    |res_V_28_reg_1185                                                                             |  8|   0|    8|          0|
    |res_V_29_reg_1190                                                                             |  8|   0|    8|          0|
    |res_V_2_reg_1055                                                                              |  8|   0|    8|          0|
    |res_V_30_reg_1195                                                                             |  8|   0|    8|          0|
    |res_V_31_reg_1200                                                                             |  8|   0|    8|          0|
    |res_V_32_reg_1205                                                                             |  8|   0|    8|          0|
    |res_V_33_reg_1210                                                                             |  8|   0|    8|          0|
    |res_V_34_reg_1215                                                                             |  8|   0|    8|          0|
    |res_V_35_reg_1220                                                                             |  8|   0|    8|          0|
    |res_V_36_reg_1225                                                                             |  8|   0|    8|          0|
    |res_V_37_reg_1230                                                                             |  8|   0|    8|          0|
    |res_V_38_reg_1235                                                                             |  8|   0|    8|          0|
    |res_V_39_reg_1240                                                                             |  8|   0|    8|          0|
    |res_V_3_reg_1060                                                                              |  8|   0|    8|          0|
    |res_V_40_reg_1245                                                                             |  8|   0|    8|          0|
    |res_V_41_reg_1250                                                                             |  8|   0|    8|          0|
    |res_V_42_reg_1255                                                                             |  8|   0|    8|          0|
    |res_V_43_reg_1260                                                                             |  8|   0|    8|          0|
    |res_V_44_reg_1265                                                                             |  8|   0|    8|          0|
    |res_V_45_reg_1270                                                                             |  8|   0|    8|          0|
    |res_V_46_reg_1275                                                                             |  8|   0|    8|          0|
    |res_V_47_reg_1280                                                                             |  8|   0|    8|          0|
    |res_V_48_reg_1285                                                                             |  8|   0|    8|          0|
    |res_V_49_reg_1290                                                                             |  8|   0|    8|          0|
    |res_V_4_reg_1065                                                                              |  8|   0|    8|          0|
    |res_V_50_reg_1295                                                                             |  8|   0|    8|          0|
    |res_V_51_reg_1300                                                                             |  8|   0|    8|          0|
    |res_V_52_reg_1305                                                                             |  8|   0|    8|          0|
    |res_V_53_reg_1310                                                                             |  8|   0|    8|          0|
    |res_V_54_reg_1315                                                                             |  8|   0|    8|          0|
    |res_V_55_reg_1320                                                                             |  8|   0|    8|          0|
    |res_V_56_reg_1325                                                                             |  8|   0|    8|          0|
    |res_V_57_reg_1330                                                                             |  8|   0|    8|          0|
    |res_V_58_reg_1335                                                                             |  8|   0|    8|          0|
    |res_V_59_reg_1340                                                                             |  8|   0|    8|          0|
    |res_V_5_reg_1070                                                                              |  8|   0|    8|          0|
    |res_V_60_reg_1345                                                                             |  8|   0|    8|          0|
    |res_V_61_reg_1350                                                                             |  8|   0|    8|          0|
    |res_V_62_reg_1355                                                                             |  8|   0|    8|          0|
    |res_V_63_reg_1360                                                                             |  8|   0|    8|          0|
    |res_V_64_reg_1365                                                                             |  8|   0|    8|          0|
    |res_V_65_reg_1370                                                                             |  8|   0|    8|          0|
    |res_V_66_reg_1375                                                                             |  8|   0|    8|          0|
    |res_V_67_reg_1380                                                                             |  8|   0|    8|          0|
    |res_V_68_reg_1385                                                                             |  8|   0|    8|          0|
    |res_V_69_reg_1390                                                                             |  8|   0|    8|          0|
    |res_V_6_reg_1075                                                                              |  8|   0|    8|          0|
    |res_V_7_reg_1080                                                                              |  8|   0|    8|          0|
    |res_V_8_reg_1085                                                                              |  8|   0|    8|          0|
    |res_V_9_reg_1090                                                                              |  8|   0|    8|          0|
    |res_V_reg_1045                                                                                |  8|   0|    8|          0|
    +----------------------------------------------------------------------------------------------+---+----+-----+-----------+
    |Total                                                                                         |605|   0|  605|          0|
    +----------------------------------------------------------------------------------------------+---+----+-----+-----------+



================================================================
== Interface
================================================================
* Summary: 
+-------------------------------+-----+-----+------------+-------------------------------------------------------------------+--------------+
|           RTL Ports           | Dir | Bits|  Protocol  |                           Source Object                           |    C Type    |
+-------------------------------+-----+-----+------------+-------------------------------------------------------------------+--------------+
|ap_clk                         |   in|    1|  ap_ctrl_hs|  pointwise_conv_1d_cl_array<ap_fixed,ap_fixed<8,2,5,3,0>,config13>|  return value|
|ap_rst                         |   in|    1|  ap_ctrl_hs|  pointwise_conv_1d_cl_array<ap_fixed,ap_fixed<8,2,5,3,0>,config13>|  return value|
|ap_start                       |   in|    1|  ap_ctrl_hs|  pointwise_conv_1d_cl_array<ap_fixed,ap_fixed<8,2,5,3,0>,config13>|  return value|
|ap_done                        |  out|    1|  ap_ctrl_hs|  pointwise_conv_1d_cl_array<ap_fixed,ap_fixed<8,2,5,3,0>,config13>|  return value|
|ap_continue                    |   in|    1|  ap_ctrl_hs|  pointwise_conv_1d_cl_array<ap_fixed,ap_fixed<8,2,5,3,0>,config13>|  return value|
|ap_idle                        |  out|    1|  ap_ctrl_hs|  pointwise_conv_1d_cl_array<ap_fixed,ap_fixed<8,2,5,3,0>,config13>|  return value|
|ap_ready                       |  out|    1|  ap_ctrl_hs|  pointwise_conv_1d_cl_array<ap_fixed,ap_fixed<8,2,5,3,0>,config13>|  return value|
|layer14_cpy1_0_dout            |   in|    8|     ap_fifo|                                                     layer14_cpy1_0|       pointer|
|layer14_cpy1_0_num_data_valid  |   in|    8|     ap_fifo|                                                     layer14_cpy1_0|       pointer|
|layer14_cpy1_0_fifo_cap        |   in|    8|     ap_fifo|                                                     layer14_cpy1_0|       pointer|
|layer14_cpy1_0_empty_n         |   in|    1|     ap_fifo|                                                     layer14_cpy1_0|       pointer|
|layer14_cpy1_0_read            |  out|    1|     ap_fifo|                                                     layer14_cpy1_0|       pointer|
|layer14_cpy1_1_dout            |   in|    8|     ap_fifo|                                                     layer14_cpy1_1|       pointer|
|layer14_cpy1_1_num_data_valid  |   in|    8|     ap_fifo|                                                     layer14_cpy1_1|       pointer|
|layer14_cpy1_1_fifo_cap        |   in|    8|     ap_fifo|                                                     layer14_cpy1_1|       pointer|
|layer14_cpy1_1_empty_n         |   in|    1|     ap_fifo|                                                     layer14_cpy1_1|       pointer|
|layer14_cpy1_1_read            |  out|    1|     ap_fifo|                                                     layer14_cpy1_1|       pointer|
|layer14_cpy1_2_dout            |   in|    8|     ap_fifo|                                                     layer14_cpy1_2|       pointer|
|layer14_cpy1_2_num_data_valid  |   in|    8|     ap_fifo|                                                     layer14_cpy1_2|       pointer|
|layer14_cpy1_2_fifo_cap        |   in|    8|     ap_fifo|                                                     layer14_cpy1_2|       pointer|
|layer14_cpy1_2_empty_n         |   in|    1|     ap_fifo|                                                     layer14_cpy1_2|       pointer|
|layer14_cpy1_2_read            |  out|    1|     ap_fifo|                                                     layer14_cpy1_2|       pointer|
|layer14_cpy1_3_dout            |   in|    8|     ap_fifo|                                                     layer14_cpy1_3|       pointer|
|layer14_cpy1_3_num_data_valid  |   in|    8|     ap_fifo|                                                     layer14_cpy1_3|       pointer|
|layer14_cpy1_3_fifo_cap        |   in|    8|     ap_fifo|                                                     layer14_cpy1_3|       pointer|
|layer14_cpy1_3_empty_n         |   in|    1|     ap_fifo|                                                     layer14_cpy1_3|       pointer|
|layer14_cpy1_3_read            |  out|    1|     ap_fifo|                                                     layer14_cpy1_3|       pointer|
|layer13_out_0_din              |  out|    8|     ap_fifo|                                                      layer13_out_0|       pointer|
|layer13_out_0_num_data_valid   |   in|    8|     ap_fifo|                                                      layer13_out_0|       pointer|
|layer13_out_0_fifo_cap         |   in|    8|     ap_fifo|                                                      layer13_out_0|       pointer|
|layer13_out_0_full_n           |   in|    1|     ap_fifo|                                                      layer13_out_0|       pointer|
|layer13_out_0_write            |  out|    1|     ap_fifo|                                                      layer13_out_0|       pointer|
|layer13_out_1_din              |  out|    8|     ap_fifo|                                                      layer13_out_1|       pointer|
|layer13_out_1_num_data_valid   |   in|    8|     ap_fifo|                                                      layer13_out_1|       pointer|
|layer13_out_1_fifo_cap         |   in|    8|     ap_fifo|                                                      layer13_out_1|       pointer|
|layer13_out_1_full_n           |   in|    1|     ap_fifo|                                                      layer13_out_1|       pointer|
|layer13_out_1_write            |  out|    1|     ap_fifo|                                                      layer13_out_1|       pointer|
|layer13_out_2_din              |  out|    8|     ap_fifo|                                                      layer13_out_2|       pointer|
|layer13_out_2_num_data_valid   |   in|    8|     ap_fifo|                                                      layer13_out_2|       pointer|
|layer13_out_2_fifo_cap         |   in|    8|     ap_fifo|                                                      layer13_out_2|       pointer|
|layer13_out_2_full_n           |   in|    1|     ap_fifo|                                                      layer13_out_2|       pointer|
|layer13_out_2_write            |  out|    1|     ap_fifo|                                                      layer13_out_2|       pointer|
|layer13_out_3_din              |  out|    8|     ap_fifo|                                                      layer13_out_3|       pointer|
|layer13_out_3_num_data_valid   |   in|    8|     ap_fifo|                                                      layer13_out_3|       pointer|
|layer13_out_3_fifo_cap         |   in|    8|     ap_fifo|                                                      layer13_out_3|       pointer|
|layer13_out_3_full_n           |   in|    1|     ap_fifo|                                                      layer13_out_3|       pointer|
|layer13_out_3_write            |  out|    1|     ap_fifo|                                                      layer13_out_3|       pointer|
|layer13_out_4_din              |  out|    8|     ap_fifo|                                                      layer13_out_4|       pointer|
|layer13_out_4_num_data_valid   |   in|    8|     ap_fifo|                                                      layer13_out_4|       pointer|
|layer13_out_4_fifo_cap         |   in|    8|     ap_fifo|                                                      layer13_out_4|       pointer|
|layer13_out_4_full_n           |   in|    1|     ap_fifo|                                                      layer13_out_4|       pointer|
|layer13_out_4_write            |  out|    1|     ap_fifo|                                                      layer13_out_4|       pointer|
|layer13_out_5_din              |  out|    8|     ap_fifo|                                                      layer13_out_5|       pointer|
|layer13_out_5_num_data_valid   |   in|    8|     ap_fifo|                                                      layer13_out_5|       pointer|
|layer13_out_5_fifo_cap         |   in|    8|     ap_fifo|                                                      layer13_out_5|       pointer|
|layer13_out_5_full_n           |   in|    1|     ap_fifo|                                                      layer13_out_5|       pointer|
|layer13_out_5_write            |  out|    1|     ap_fifo|                                                      layer13_out_5|       pointer|
|layer13_out_6_din              |  out|    8|     ap_fifo|                                                      layer13_out_6|       pointer|
|layer13_out_6_num_data_valid   |   in|    8|     ap_fifo|                                                      layer13_out_6|       pointer|
|layer13_out_6_fifo_cap         |   in|    8|     ap_fifo|                                                      layer13_out_6|       pointer|
|layer13_out_6_full_n           |   in|    1|     ap_fifo|                                                      layer13_out_6|       pointer|
|layer13_out_6_write            |  out|    1|     ap_fifo|                                                      layer13_out_6|       pointer|
|layer13_out_7_din              |  out|    8|     ap_fifo|                                                      layer13_out_7|       pointer|
|layer13_out_7_num_data_valid   |   in|    8|     ap_fifo|                                                      layer13_out_7|       pointer|
|layer13_out_7_fifo_cap         |   in|    8|     ap_fifo|                                                      layer13_out_7|       pointer|
|layer13_out_7_full_n           |   in|    1|     ap_fifo|                                                      layer13_out_7|       pointer|
|layer13_out_7_write            |  out|    1|     ap_fifo|                                                      layer13_out_7|       pointer|
|layer13_out_8_din              |  out|    8|     ap_fifo|                                                      layer13_out_8|       pointer|
|layer13_out_8_num_data_valid   |   in|    8|     ap_fifo|                                                      layer13_out_8|       pointer|
|layer13_out_8_fifo_cap         |   in|    8|     ap_fifo|                                                      layer13_out_8|       pointer|
|layer13_out_8_full_n           |   in|    1|     ap_fifo|                                                      layer13_out_8|       pointer|
|layer13_out_8_write            |  out|    1|     ap_fifo|                                                      layer13_out_8|       pointer|
|layer13_out_9_din              |  out|    8|     ap_fifo|                                                      layer13_out_9|       pointer|
|layer13_out_9_num_data_valid   |   in|    8|     ap_fifo|                                                      layer13_out_9|       pointer|
|layer13_out_9_fifo_cap         |   in|    8|     ap_fifo|                                                      layer13_out_9|       pointer|
|layer13_out_9_full_n           |   in|    1|     ap_fifo|                                                      layer13_out_9|       pointer|
|layer13_out_9_write            |  out|    1|     ap_fifo|                                                      layer13_out_9|       pointer|
|layer13_out_10_din             |  out|    8|     ap_fifo|                                                     layer13_out_10|       pointer|
|layer13_out_10_num_data_valid  |   in|    8|     ap_fifo|                                                     layer13_out_10|       pointer|
|layer13_out_10_fifo_cap        |   in|    8|     ap_fifo|                                                     layer13_out_10|       pointer|
|layer13_out_10_full_n          |   in|    1|     ap_fifo|                                                     layer13_out_10|       pointer|
|layer13_out_10_write           |  out|    1|     ap_fifo|                                                     layer13_out_10|       pointer|
|layer13_out_11_din             |  out|    8|     ap_fifo|                                                     layer13_out_11|       pointer|
|layer13_out_11_num_data_valid  |   in|    8|     ap_fifo|                                                     layer13_out_11|       pointer|
|layer13_out_11_fifo_cap        |   in|    8|     ap_fifo|                                                     layer13_out_11|       pointer|
|layer13_out_11_full_n          |   in|    1|     ap_fifo|                                                     layer13_out_11|       pointer|
|layer13_out_11_write           |  out|    1|     ap_fifo|                                                     layer13_out_11|       pointer|
|layer13_out_12_din             |  out|    8|     ap_fifo|                                                     layer13_out_12|       pointer|
|layer13_out_12_num_data_valid  |   in|    8|     ap_fifo|                                                     layer13_out_12|       pointer|
|layer13_out_12_fifo_cap        |   in|    8|     ap_fifo|                                                     layer13_out_12|       pointer|
|layer13_out_12_full_n          |   in|    1|     ap_fifo|                                                     layer13_out_12|       pointer|
|layer13_out_12_write           |  out|    1|     ap_fifo|                                                     layer13_out_12|       pointer|
|layer13_out_13_din             |  out|    8|     ap_fifo|                                                     layer13_out_13|       pointer|
|layer13_out_13_num_data_valid  |   in|    8|     ap_fifo|                                                     layer13_out_13|       pointer|
|layer13_out_13_fifo_cap        |   in|    8|     ap_fifo|                                                     layer13_out_13|       pointer|
|layer13_out_13_full_n          |   in|    1|     ap_fifo|                                                     layer13_out_13|       pointer|
|layer13_out_13_write           |  out|    1|     ap_fifo|                                                     layer13_out_13|       pointer|
|layer13_out_14_din             |  out|    8|     ap_fifo|                                                     layer13_out_14|       pointer|
|layer13_out_14_num_data_valid  |   in|    8|     ap_fifo|                                                     layer13_out_14|       pointer|
|layer13_out_14_fifo_cap        |   in|    8|     ap_fifo|                                                     layer13_out_14|       pointer|
|layer13_out_14_full_n          |   in|    1|     ap_fifo|                                                     layer13_out_14|       pointer|
|layer13_out_14_write           |  out|    1|     ap_fifo|                                                     layer13_out_14|       pointer|
|layer13_out_15_din             |  out|    8|     ap_fifo|                                                     layer13_out_15|       pointer|
|layer13_out_15_num_data_valid  |   in|    8|     ap_fifo|                                                     layer13_out_15|       pointer|
|layer13_out_15_fifo_cap        |   in|    8|     ap_fifo|                                                     layer13_out_15|       pointer|
|layer13_out_15_full_n          |   in|    1|     ap_fifo|                                                     layer13_out_15|       pointer|
|layer13_out_15_write           |  out|    1|     ap_fifo|                                                     layer13_out_15|       pointer|
|layer13_out_16_din             |  out|    8|     ap_fifo|                                                     layer13_out_16|       pointer|
|layer13_out_16_num_data_valid  |   in|    8|     ap_fifo|                                                     layer13_out_16|       pointer|
|layer13_out_16_fifo_cap        |   in|    8|     ap_fifo|                                                     layer13_out_16|       pointer|
|layer13_out_16_full_n          |   in|    1|     ap_fifo|                                                     layer13_out_16|       pointer|
|layer13_out_16_write           |  out|    1|     ap_fifo|                                                     layer13_out_16|       pointer|
|layer13_out_17_din             |  out|    8|     ap_fifo|                                                     layer13_out_17|       pointer|
|layer13_out_17_num_data_valid  |   in|    8|     ap_fifo|                                                     layer13_out_17|       pointer|
|layer13_out_17_fifo_cap        |   in|    8|     ap_fifo|                                                     layer13_out_17|       pointer|
|layer13_out_17_full_n          |   in|    1|     ap_fifo|                                                     layer13_out_17|       pointer|
|layer13_out_17_write           |  out|    1|     ap_fifo|                                                     layer13_out_17|       pointer|
|layer13_out_18_din             |  out|    8|     ap_fifo|                                                     layer13_out_18|       pointer|
|layer13_out_18_num_data_valid  |   in|    8|     ap_fifo|                                                     layer13_out_18|       pointer|
|layer13_out_18_fifo_cap        |   in|    8|     ap_fifo|                                                     layer13_out_18|       pointer|
|layer13_out_18_full_n          |   in|    1|     ap_fifo|                                                     layer13_out_18|       pointer|
|layer13_out_18_write           |  out|    1|     ap_fifo|                                                     layer13_out_18|       pointer|
|layer13_out_19_din             |  out|    8|     ap_fifo|                                                     layer13_out_19|       pointer|
|layer13_out_19_num_data_valid  |   in|    8|     ap_fifo|                                                     layer13_out_19|       pointer|
|layer13_out_19_fifo_cap        |   in|    8|     ap_fifo|                                                     layer13_out_19|       pointer|
|layer13_out_19_full_n          |   in|    1|     ap_fifo|                                                     layer13_out_19|       pointer|
|layer13_out_19_write           |  out|    1|     ap_fifo|                                                     layer13_out_19|       pointer|
|layer13_out_20_din             |  out|    8|     ap_fifo|                                                     layer13_out_20|       pointer|
|layer13_out_20_num_data_valid  |   in|    8|     ap_fifo|                                                     layer13_out_20|       pointer|
|layer13_out_20_fifo_cap        |   in|    8|     ap_fifo|                                                     layer13_out_20|       pointer|
|layer13_out_20_full_n          |   in|    1|     ap_fifo|                                                     layer13_out_20|       pointer|
|layer13_out_20_write           |  out|    1|     ap_fifo|                                                     layer13_out_20|       pointer|
|layer13_out_21_din             |  out|    8|     ap_fifo|                                                     layer13_out_21|       pointer|
|layer13_out_21_num_data_valid  |   in|    8|     ap_fifo|                                                     layer13_out_21|       pointer|
|layer13_out_21_fifo_cap        |   in|    8|     ap_fifo|                                                     layer13_out_21|       pointer|
|layer13_out_21_full_n          |   in|    1|     ap_fifo|                                                     layer13_out_21|       pointer|
|layer13_out_21_write           |  out|    1|     ap_fifo|                                                     layer13_out_21|       pointer|
|layer13_out_22_din             |  out|    8|     ap_fifo|                                                     layer13_out_22|       pointer|
|layer13_out_22_num_data_valid  |   in|    8|     ap_fifo|                                                     layer13_out_22|       pointer|
|layer13_out_22_fifo_cap        |   in|    8|     ap_fifo|                                                     layer13_out_22|       pointer|
|layer13_out_22_full_n          |   in|    1|     ap_fifo|                                                     layer13_out_22|       pointer|
|layer13_out_22_write           |  out|    1|     ap_fifo|                                                     layer13_out_22|       pointer|
|layer13_out_23_din             |  out|    8|     ap_fifo|                                                     layer13_out_23|       pointer|
|layer13_out_23_num_data_valid  |   in|    8|     ap_fifo|                                                     layer13_out_23|       pointer|
|layer13_out_23_fifo_cap        |   in|    8|     ap_fifo|                                                     layer13_out_23|       pointer|
|layer13_out_23_full_n          |   in|    1|     ap_fifo|                                                     layer13_out_23|       pointer|
|layer13_out_23_write           |  out|    1|     ap_fifo|                                                     layer13_out_23|       pointer|
|layer13_out_24_din             |  out|    8|     ap_fifo|                                                     layer13_out_24|       pointer|
|layer13_out_24_num_data_valid  |   in|    8|     ap_fifo|                                                     layer13_out_24|       pointer|
|layer13_out_24_fifo_cap        |   in|    8|     ap_fifo|                                                     layer13_out_24|       pointer|
|layer13_out_24_full_n          |   in|    1|     ap_fifo|                                                     layer13_out_24|       pointer|
|layer13_out_24_write           |  out|    1|     ap_fifo|                                                     layer13_out_24|       pointer|
|layer13_out_25_din             |  out|    8|     ap_fifo|                                                     layer13_out_25|       pointer|
|layer13_out_25_num_data_valid  |   in|    8|     ap_fifo|                                                     layer13_out_25|       pointer|
|layer13_out_25_fifo_cap        |   in|    8|     ap_fifo|                                                     layer13_out_25|       pointer|
|layer13_out_25_full_n          |   in|    1|     ap_fifo|                                                     layer13_out_25|       pointer|
|layer13_out_25_write           |  out|    1|     ap_fifo|                                                     layer13_out_25|       pointer|
|layer13_out_26_din             |  out|    8|     ap_fifo|                                                     layer13_out_26|       pointer|
|layer13_out_26_num_data_valid  |   in|    8|     ap_fifo|                                                     layer13_out_26|       pointer|
|layer13_out_26_fifo_cap        |   in|    8|     ap_fifo|                                                     layer13_out_26|       pointer|
|layer13_out_26_full_n          |   in|    1|     ap_fifo|                                                     layer13_out_26|       pointer|
|layer13_out_26_write           |  out|    1|     ap_fifo|                                                     layer13_out_26|       pointer|
|layer13_out_27_din             |  out|    8|     ap_fifo|                                                     layer13_out_27|       pointer|
|layer13_out_27_num_data_valid  |   in|    8|     ap_fifo|                                                     layer13_out_27|       pointer|
|layer13_out_27_fifo_cap        |   in|    8|     ap_fifo|                                                     layer13_out_27|       pointer|
|layer13_out_27_full_n          |   in|    1|     ap_fifo|                                                     layer13_out_27|       pointer|
|layer13_out_27_write           |  out|    1|     ap_fifo|                                                     layer13_out_27|       pointer|
|layer13_out_28_din             |  out|    8|     ap_fifo|                                                     layer13_out_28|       pointer|
|layer13_out_28_num_data_valid  |   in|    8|     ap_fifo|                                                     layer13_out_28|       pointer|
|layer13_out_28_fifo_cap        |   in|    8|     ap_fifo|                                                     layer13_out_28|       pointer|
|layer13_out_28_full_n          |   in|    1|     ap_fifo|                                                     layer13_out_28|       pointer|
|layer13_out_28_write           |  out|    1|     ap_fifo|                                                     layer13_out_28|       pointer|
|layer13_out_29_din             |  out|    8|     ap_fifo|                                                     layer13_out_29|       pointer|
|layer13_out_29_num_data_valid  |   in|    8|     ap_fifo|                                                     layer13_out_29|       pointer|
|layer13_out_29_fifo_cap        |   in|    8|     ap_fifo|                                                     layer13_out_29|       pointer|
|layer13_out_29_full_n          |   in|    1|     ap_fifo|                                                     layer13_out_29|       pointer|
|layer13_out_29_write           |  out|    1|     ap_fifo|                                                     layer13_out_29|       pointer|
|layer13_out_30_din             |  out|    8|     ap_fifo|                                                     layer13_out_30|       pointer|
|layer13_out_30_num_data_valid  |   in|    8|     ap_fifo|                                                     layer13_out_30|       pointer|
|layer13_out_30_fifo_cap        |   in|    8|     ap_fifo|                                                     layer13_out_30|       pointer|
|layer13_out_30_full_n          |   in|    1|     ap_fifo|                                                     layer13_out_30|       pointer|
|layer13_out_30_write           |  out|    1|     ap_fifo|                                                     layer13_out_30|       pointer|
|layer13_out_31_din             |  out|    8|     ap_fifo|                                                     layer13_out_31|       pointer|
|layer13_out_31_num_data_valid  |   in|    8|     ap_fifo|                                                     layer13_out_31|       pointer|
|layer13_out_31_fifo_cap        |   in|    8|     ap_fifo|                                                     layer13_out_31|       pointer|
|layer13_out_31_full_n          |   in|    1|     ap_fifo|                                                     layer13_out_31|       pointer|
|layer13_out_31_write           |  out|    1|     ap_fifo|                                                     layer13_out_31|       pointer|
|layer13_out_32_din             |  out|    8|     ap_fifo|                                                     layer13_out_32|       pointer|
|layer13_out_32_num_data_valid  |   in|    8|     ap_fifo|                                                     layer13_out_32|       pointer|
|layer13_out_32_fifo_cap        |   in|    8|     ap_fifo|                                                     layer13_out_32|       pointer|
|layer13_out_32_full_n          |   in|    1|     ap_fifo|                                                     layer13_out_32|       pointer|
|layer13_out_32_write           |  out|    1|     ap_fifo|                                                     layer13_out_32|       pointer|
|layer13_out_33_din             |  out|    8|     ap_fifo|                                                     layer13_out_33|       pointer|
|layer13_out_33_num_data_valid  |   in|    8|     ap_fifo|                                                     layer13_out_33|       pointer|
|layer13_out_33_fifo_cap        |   in|    8|     ap_fifo|                                                     layer13_out_33|       pointer|
|layer13_out_33_full_n          |   in|    1|     ap_fifo|                                                     layer13_out_33|       pointer|
|layer13_out_33_write           |  out|    1|     ap_fifo|                                                     layer13_out_33|       pointer|
|layer13_out_34_din             |  out|    8|     ap_fifo|                                                     layer13_out_34|       pointer|
|layer13_out_34_num_data_valid  |   in|    8|     ap_fifo|                                                     layer13_out_34|       pointer|
|layer13_out_34_fifo_cap        |   in|    8|     ap_fifo|                                                     layer13_out_34|       pointer|
|layer13_out_34_full_n          |   in|    1|     ap_fifo|                                                     layer13_out_34|       pointer|
|layer13_out_34_write           |  out|    1|     ap_fifo|                                                     layer13_out_34|       pointer|
|layer13_out_35_din             |  out|    8|     ap_fifo|                                                     layer13_out_35|       pointer|
|layer13_out_35_num_data_valid  |   in|    8|     ap_fifo|                                                     layer13_out_35|       pointer|
|layer13_out_35_fifo_cap        |   in|    8|     ap_fifo|                                                     layer13_out_35|       pointer|
|layer13_out_35_full_n          |   in|    1|     ap_fifo|                                                     layer13_out_35|       pointer|
|layer13_out_35_write           |  out|    1|     ap_fifo|                                                     layer13_out_35|       pointer|
|layer13_out_36_din             |  out|    8|     ap_fifo|                                                     layer13_out_36|       pointer|
|layer13_out_36_num_data_valid  |   in|    8|     ap_fifo|                                                     layer13_out_36|       pointer|
|layer13_out_36_fifo_cap        |   in|    8|     ap_fifo|                                                     layer13_out_36|       pointer|
|layer13_out_36_full_n          |   in|    1|     ap_fifo|                                                     layer13_out_36|       pointer|
|layer13_out_36_write           |  out|    1|     ap_fifo|                                                     layer13_out_36|       pointer|
|layer13_out_37_din             |  out|    8|     ap_fifo|                                                     layer13_out_37|       pointer|
|layer13_out_37_num_data_valid  |   in|    8|     ap_fifo|                                                     layer13_out_37|       pointer|
|layer13_out_37_fifo_cap        |   in|    8|     ap_fifo|                                                     layer13_out_37|       pointer|
|layer13_out_37_full_n          |   in|    1|     ap_fifo|                                                     layer13_out_37|       pointer|
|layer13_out_37_write           |  out|    1|     ap_fifo|                                                     layer13_out_37|       pointer|
|layer13_out_38_din             |  out|    8|     ap_fifo|                                                     layer13_out_38|       pointer|
|layer13_out_38_num_data_valid  |   in|    8|     ap_fifo|                                                     layer13_out_38|       pointer|
|layer13_out_38_fifo_cap        |   in|    8|     ap_fifo|                                                     layer13_out_38|       pointer|
|layer13_out_38_full_n          |   in|    1|     ap_fifo|                                                     layer13_out_38|       pointer|
|layer13_out_38_write           |  out|    1|     ap_fifo|                                                     layer13_out_38|       pointer|
|layer13_out_39_din             |  out|    8|     ap_fifo|                                                     layer13_out_39|       pointer|
|layer13_out_39_num_data_valid  |   in|    8|     ap_fifo|                                                     layer13_out_39|       pointer|
|layer13_out_39_fifo_cap        |   in|    8|     ap_fifo|                                                     layer13_out_39|       pointer|
|layer13_out_39_full_n          |   in|    1|     ap_fifo|                                                     layer13_out_39|       pointer|
|layer13_out_39_write           |  out|    1|     ap_fifo|                                                     layer13_out_39|       pointer|
|layer13_out_40_din             |  out|    8|     ap_fifo|                                                     layer13_out_40|       pointer|
|layer13_out_40_num_data_valid  |   in|    8|     ap_fifo|                                                     layer13_out_40|       pointer|
|layer13_out_40_fifo_cap        |   in|    8|     ap_fifo|                                                     layer13_out_40|       pointer|
|layer13_out_40_full_n          |   in|    1|     ap_fifo|                                                     layer13_out_40|       pointer|
|layer13_out_40_write           |  out|    1|     ap_fifo|                                                     layer13_out_40|       pointer|
|layer13_out_41_din             |  out|    8|     ap_fifo|                                                     layer13_out_41|       pointer|
|layer13_out_41_num_data_valid  |   in|    8|     ap_fifo|                                                     layer13_out_41|       pointer|
|layer13_out_41_fifo_cap        |   in|    8|     ap_fifo|                                                     layer13_out_41|       pointer|
|layer13_out_41_full_n          |   in|    1|     ap_fifo|                                                     layer13_out_41|       pointer|
|layer13_out_41_write           |  out|    1|     ap_fifo|                                                     layer13_out_41|       pointer|
|layer13_out_42_din             |  out|    8|     ap_fifo|                                                     layer13_out_42|       pointer|
|layer13_out_42_num_data_valid  |   in|    8|     ap_fifo|                                                     layer13_out_42|       pointer|
|layer13_out_42_fifo_cap        |   in|    8|     ap_fifo|                                                     layer13_out_42|       pointer|
|layer13_out_42_full_n          |   in|    1|     ap_fifo|                                                     layer13_out_42|       pointer|
|layer13_out_42_write           |  out|    1|     ap_fifo|                                                     layer13_out_42|       pointer|
|layer13_out_43_din             |  out|    8|     ap_fifo|                                                     layer13_out_43|       pointer|
|layer13_out_43_num_data_valid  |   in|    8|     ap_fifo|                                                     layer13_out_43|       pointer|
|layer13_out_43_fifo_cap        |   in|    8|     ap_fifo|                                                     layer13_out_43|       pointer|
|layer13_out_43_full_n          |   in|    1|     ap_fifo|                                                     layer13_out_43|       pointer|
|layer13_out_43_write           |  out|    1|     ap_fifo|                                                     layer13_out_43|       pointer|
|layer13_out_44_din             |  out|    8|     ap_fifo|                                                     layer13_out_44|       pointer|
|layer13_out_44_num_data_valid  |   in|    8|     ap_fifo|                                                     layer13_out_44|       pointer|
|layer13_out_44_fifo_cap        |   in|    8|     ap_fifo|                                                     layer13_out_44|       pointer|
|layer13_out_44_full_n          |   in|    1|     ap_fifo|                                                     layer13_out_44|       pointer|
|layer13_out_44_write           |  out|    1|     ap_fifo|                                                     layer13_out_44|       pointer|
|layer13_out_45_din             |  out|    8|     ap_fifo|                                                     layer13_out_45|       pointer|
|layer13_out_45_num_data_valid  |   in|    8|     ap_fifo|                                                     layer13_out_45|       pointer|
|layer13_out_45_fifo_cap        |   in|    8|     ap_fifo|                                                     layer13_out_45|       pointer|
|layer13_out_45_full_n          |   in|    1|     ap_fifo|                                                     layer13_out_45|       pointer|
|layer13_out_45_write           |  out|    1|     ap_fifo|                                                     layer13_out_45|       pointer|
|layer13_out_46_din             |  out|    8|     ap_fifo|                                                     layer13_out_46|       pointer|
|layer13_out_46_num_data_valid  |   in|    8|     ap_fifo|                                                     layer13_out_46|       pointer|
|layer13_out_46_fifo_cap        |   in|    8|     ap_fifo|                                                     layer13_out_46|       pointer|
|layer13_out_46_full_n          |   in|    1|     ap_fifo|                                                     layer13_out_46|       pointer|
|layer13_out_46_write           |  out|    1|     ap_fifo|                                                     layer13_out_46|       pointer|
|layer13_out_47_din             |  out|    8|     ap_fifo|                                                     layer13_out_47|       pointer|
|layer13_out_47_num_data_valid  |   in|    8|     ap_fifo|                                                     layer13_out_47|       pointer|
|layer13_out_47_fifo_cap        |   in|    8|     ap_fifo|                                                     layer13_out_47|       pointer|
|layer13_out_47_full_n          |   in|    1|     ap_fifo|                                                     layer13_out_47|       pointer|
|layer13_out_47_write           |  out|    1|     ap_fifo|                                                     layer13_out_47|       pointer|
|layer13_out_48_din             |  out|    8|     ap_fifo|                                                     layer13_out_48|       pointer|
|layer13_out_48_num_data_valid  |   in|    8|     ap_fifo|                                                     layer13_out_48|       pointer|
|layer13_out_48_fifo_cap        |   in|    8|     ap_fifo|                                                     layer13_out_48|       pointer|
|layer13_out_48_full_n          |   in|    1|     ap_fifo|                                                     layer13_out_48|       pointer|
|layer13_out_48_write           |  out|    1|     ap_fifo|                                                     layer13_out_48|       pointer|
|layer13_out_49_din             |  out|    8|     ap_fifo|                                                     layer13_out_49|       pointer|
|layer13_out_49_num_data_valid  |   in|    8|     ap_fifo|                                                     layer13_out_49|       pointer|
|layer13_out_49_fifo_cap        |   in|    8|     ap_fifo|                                                     layer13_out_49|       pointer|
|layer13_out_49_full_n          |   in|    1|     ap_fifo|                                                     layer13_out_49|       pointer|
|layer13_out_49_write           |  out|    1|     ap_fifo|                                                     layer13_out_49|       pointer|
|layer13_out_50_din             |  out|    8|     ap_fifo|                                                     layer13_out_50|       pointer|
|layer13_out_50_num_data_valid  |   in|    8|     ap_fifo|                                                     layer13_out_50|       pointer|
|layer13_out_50_fifo_cap        |   in|    8|     ap_fifo|                                                     layer13_out_50|       pointer|
|layer13_out_50_full_n          |   in|    1|     ap_fifo|                                                     layer13_out_50|       pointer|
|layer13_out_50_write           |  out|    1|     ap_fifo|                                                     layer13_out_50|       pointer|
|layer13_out_51_din             |  out|    8|     ap_fifo|                                                     layer13_out_51|       pointer|
|layer13_out_51_num_data_valid  |   in|    8|     ap_fifo|                                                     layer13_out_51|       pointer|
|layer13_out_51_fifo_cap        |   in|    8|     ap_fifo|                                                     layer13_out_51|       pointer|
|layer13_out_51_full_n          |   in|    1|     ap_fifo|                                                     layer13_out_51|       pointer|
|layer13_out_51_write           |  out|    1|     ap_fifo|                                                     layer13_out_51|       pointer|
|layer13_out_52_din             |  out|    8|     ap_fifo|                                                     layer13_out_52|       pointer|
|layer13_out_52_num_data_valid  |   in|    8|     ap_fifo|                                                     layer13_out_52|       pointer|
|layer13_out_52_fifo_cap        |   in|    8|     ap_fifo|                                                     layer13_out_52|       pointer|
|layer13_out_52_full_n          |   in|    1|     ap_fifo|                                                     layer13_out_52|       pointer|
|layer13_out_52_write           |  out|    1|     ap_fifo|                                                     layer13_out_52|       pointer|
|layer13_out_53_din             |  out|    8|     ap_fifo|                                                     layer13_out_53|       pointer|
|layer13_out_53_num_data_valid  |   in|    8|     ap_fifo|                                                     layer13_out_53|       pointer|
|layer13_out_53_fifo_cap        |   in|    8|     ap_fifo|                                                     layer13_out_53|       pointer|
|layer13_out_53_full_n          |   in|    1|     ap_fifo|                                                     layer13_out_53|       pointer|
|layer13_out_53_write           |  out|    1|     ap_fifo|                                                     layer13_out_53|       pointer|
|layer13_out_54_din             |  out|    8|     ap_fifo|                                                     layer13_out_54|       pointer|
|layer13_out_54_num_data_valid  |   in|    8|     ap_fifo|                                                     layer13_out_54|       pointer|
|layer13_out_54_fifo_cap        |   in|    8|     ap_fifo|                                                     layer13_out_54|       pointer|
|layer13_out_54_full_n          |   in|    1|     ap_fifo|                                                     layer13_out_54|       pointer|
|layer13_out_54_write           |  out|    1|     ap_fifo|                                                     layer13_out_54|       pointer|
|layer13_out_55_din             |  out|    8|     ap_fifo|                                                     layer13_out_55|       pointer|
|layer13_out_55_num_data_valid  |   in|    8|     ap_fifo|                                                     layer13_out_55|       pointer|
|layer13_out_55_fifo_cap        |   in|    8|     ap_fifo|                                                     layer13_out_55|       pointer|
|layer13_out_55_full_n          |   in|    1|     ap_fifo|                                                     layer13_out_55|       pointer|
|layer13_out_55_write           |  out|    1|     ap_fifo|                                                     layer13_out_55|       pointer|
|layer13_out_56_din             |  out|    8|     ap_fifo|                                                     layer13_out_56|       pointer|
|layer13_out_56_num_data_valid  |   in|    8|     ap_fifo|                                                     layer13_out_56|       pointer|
|layer13_out_56_fifo_cap        |   in|    8|     ap_fifo|                                                     layer13_out_56|       pointer|
|layer13_out_56_full_n          |   in|    1|     ap_fifo|                                                     layer13_out_56|       pointer|
|layer13_out_56_write           |  out|    1|     ap_fifo|                                                     layer13_out_56|       pointer|
|layer13_out_57_din             |  out|    8|     ap_fifo|                                                     layer13_out_57|       pointer|
|layer13_out_57_num_data_valid  |   in|    8|     ap_fifo|                                                     layer13_out_57|       pointer|
|layer13_out_57_fifo_cap        |   in|    8|     ap_fifo|                                                     layer13_out_57|       pointer|
|layer13_out_57_full_n          |   in|    1|     ap_fifo|                                                     layer13_out_57|       pointer|
|layer13_out_57_write           |  out|    1|     ap_fifo|                                                     layer13_out_57|       pointer|
|layer13_out_58_din             |  out|    8|     ap_fifo|                                                     layer13_out_58|       pointer|
|layer13_out_58_num_data_valid  |   in|    8|     ap_fifo|                                                     layer13_out_58|       pointer|
|layer13_out_58_fifo_cap        |   in|    8|     ap_fifo|                                                     layer13_out_58|       pointer|
|layer13_out_58_full_n          |   in|    1|     ap_fifo|                                                     layer13_out_58|       pointer|
|layer13_out_58_write           |  out|    1|     ap_fifo|                                                     layer13_out_58|       pointer|
|layer13_out_59_din             |  out|    8|     ap_fifo|                                                     layer13_out_59|       pointer|
|layer13_out_59_num_data_valid  |   in|    8|     ap_fifo|                                                     layer13_out_59|       pointer|
|layer13_out_59_fifo_cap        |   in|    8|     ap_fifo|                                                     layer13_out_59|       pointer|
|layer13_out_59_full_n          |   in|    1|     ap_fifo|                                                     layer13_out_59|       pointer|
|layer13_out_59_write           |  out|    1|     ap_fifo|                                                     layer13_out_59|       pointer|
|layer13_out_60_din             |  out|    8|     ap_fifo|                                                     layer13_out_60|       pointer|
|layer13_out_60_num_data_valid  |   in|    8|     ap_fifo|                                                     layer13_out_60|       pointer|
|layer13_out_60_fifo_cap        |   in|    8|     ap_fifo|                                                     layer13_out_60|       pointer|
|layer13_out_60_full_n          |   in|    1|     ap_fifo|                                                     layer13_out_60|       pointer|
|layer13_out_60_write           |  out|    1|     ap_fifo|                                                     layer13_out_60|       pointer|
|layer13_out_61_din             |  out|    8|     ap_fifo|                                                     layer13_out_61|       pointer|
|layer13_out_61_num_data_valid  |   in|    8|     ap_fifo|                                                     layer13_out_61|       pointer|
|layer13_out_61_fifo_cap        |   in|    8|     ap_fifo|                                                     layer13_out_61|       pointer|
|layer13_out_61_full_n          |   in|    1|     ap_fifo|                                                     layer13_out_61|       pointer|
|layer13_out_61_write           |  out|    1|     ap_fifo|                                                     layer13_out_61|       pointer|
|layer13_out_62_din             |  out|    8|     ap_fifo|                                                     layer13_out_62|       pointer|
|layer13_out_62_num_data_valid  |   in|    8|     ap_fifo|                                                     layer13_out_62|       pointer|
|layer13_out_62_fifo_cap        |   in|    8|     ap_fifo|                                                     layer13_out_62|       pointer|
|layer13_out_62_full_n          |   in|    1|     ap_fifo|                                                     layer13_out_62|       pointer|
|layer13_out_62_write           |  out|    1|     ap_fifo|                                                     layer13_out_62|       pointer|
|layer13_out_63_din             |  out|    8|     ap_fifo|                                                     layer13_out_63|       pointer|
|layer13_out_63_num_data_valid  |   in|    8|     ap_fifo|                                                     layer13_out_63|       pointer|
|layer13_out_63_fifo_cap        |   in|    8|     ap_fifo|                                                     layer13_out_63|       pointer|
|layer13_out_63_full_n          |   in|    1|     ap_fifo|                                                     layer13_out_63|       pointer|
|layer13_out_63_write           |  out|    1|     ap_fifo|                                                     layer13_out_63|       pointer|
|layer13_out_64_din             |  out|    8|     ap_fifo|                                                     layer13_out_64|       pointer|
|layer13_out_64_num_data_valid  |   in|    8|     ap_fifo|                                                     layer13_out_64|       pointer|
|layer13_out_64_fifo_cap        |   in|    8|     ap_fifo|                                                     layer13_out_64|       pointer|
|layer13_out_64_full_n          |   in|    1|     ap_fifo|                                                     layer13_out_64|       pointer|
|layer13_out_64_write           |  out|    1|     ap_fifo|                                                     layer13_out_64|       pointer|
|layer13_out_65_din             |  out|    8|     ap_fifo|                                                     layer13_out_65|       pointer|
|layer13_out_65_num_data_valid  |   in|    8|     ap_fifo|                                                     layer13_out_65|       pointer|
|layer13_out_65_fifo_cap        |   in|    8|     ap_fifo|                                                     layer13_out_65|       pointer|
|layer13_out_65_full_n          |   in|    1|     ap_fifo|                                                     layer13_out_65|       pointer|
|layer13_out_65_write           |  out|    1|     ap_fifo|                                                     layer13_out_65|       pointer|
|layer13_out_66_din             |  out|    8|     ap_fifo|                                                     layer13_out_66|       pointer|
|layer13_out_66_num_data_valid  |   in|    8|     ap_fifo|                                                     layer13_out_66|       pointer|
|layer13_out_66_fifo_cap        |   in|    8|     ap_fifo|                                                     layer13_out_66|       pointer|
|layer13_out_66_full_n          |   in|    1|     ap_fifo|                                                     layer13_out_66|       pointer|
|layer13_out_66_write           |  out|    1|     ap_fifo|                                                     layer13_out_66|       pointer|
|layer13_out_67_din             |  out|    8|     ap_fifo|                                                     layer13_out_67|       pointer|
|layer13_out_67_num_data_valid  |   in|    8|     ap_fifo|                                                     layer13_out_67|       pointer|
|layer13_out_67_fifo_cap        |   in|    8|     ap_fifo|                                                     layer13_out_67|       pointer|
|layer13_out_67_full_n          |   in|    1|     ap_fifo|                                                     layer13_out_67|       pointer|
|layer13_out_67_write           |  out|    1|     ap_fifo|                                                     layer13_out_67|       pointer|
|layer13_out_68_din             |  out|    8|     ap_fifo|                                                     layer13_out_68|       pointer|
|layer13_out_68_num_data_valid  |   in|    8|     ap_fifo|                                                     layer13_out_68|       pointer|
|layer13_out_68_fifo_cap        |   in|    8|     ap_fifo|                                                     layer13_out_68|       pointer|
|layer13_out_68_full_n          |   in|    1|     ap_fifo|                                                     layer13_out_68|       pointer|
|layer13_out_68_write           |  out|    1|     ap_fifo|                                                     layer13_out_68|       pointer|
|layer13_out_69_din             |  out|    8|     ap_fifo|                                                     layer13_out_69|       pointer|
|layer13_out_69_num_data_valid  |   in|    8|     ap_fifo|                                                     layer13_out_69|       pointer|
|layer13_out_69_fifo_cap        |   in|    8|     ap_fifo|                                                     layer13_out_69|       pointer|
|layer13_out_69_full_n          |   in|    1|     ap_fifo|                                                     layer13_out_69|       pointer|
|layer13_out_69_write           |  out|    1|     ap_fifo|                                                     layer13_out_69|       pointer|
+-------------------------------+-----+-----+------------+-------------------------------------------------------------------+--------------+

