

================================================================
== Vivado HLS Report for 'sigmoid_ap_fixed_8_2_5_3_0_ap_fixed_8_2_5_3_0_sigmoid_config2_recr_s'
================================================================
* Date:           Fri May 19 03:35:54 2023

* Version:        2019.2 (Build 2704478 on Wed Nov 06 22:10:23 MST 2019)
* Project:        alveo_hls4ml
* Solution:       solution
* Product family: virtexuplus
* Target device:  xcu50-fsvh2104-2L-e


================================================================
== Performance Estimates
================================================================
+ Timing: 
    * Summary: 
    +--------+---------+----------+------------+
    |  Clock |  Target | Estimated| Uncertainty|
    +--------+---------+----------+------------+
    |ap_clk  | 4.00 ns | 1.350 ns |   0.90 ns  |
    +--------+---------+----------+------------+

+ Latency: 
    * Summary: 
    +---------+---------+----------+----------+-----+-----+----------+
    |  Latency (cycles) |  Latency (absolute) |  Interval | Pipeline |
    |   min   |   max   |    min   |    max   | min | max |   Type   |
    +---------+---------+----------+----------+-----+-----+----------+
    |        1|        1| 4.000 ns | 4.000 ns |    1|    1| function |
    +---------+---------+----------+----------+-----+-----+----------+

    + Detail: 
        * Instance: 
        N/A

        * Loop: 
        N/A



================================================================
== Utilization Estimates
================================================================
* Summary: 
+---------------------+---------+-------+---------+--------+-----+
|         Name        | BRAM_18K| DSP48E|    FF   |   LUT  | URAM|
+---------------------+---------+-------+---------+--------+-----+
|DSP                  |        -|      -|        -|       -|    -|
|Expression           |        -|      -|        0|    1412|    -|
|FIFO                 |        -|      -|        -|       -|    -|
|Instance             |        -|      -|        -|       -|    -|
|Memory               |       64|      -|        0|       0|    -|
|Multiplexer          |        -|      -|        -|       -|    -|
|Register             |        -|      -|        2|       -|    -|
+---------------------+---------+-------+---------+--------+-----+
|Total                |       64|      0|        2|    1412|    0|
+---------------------+---------+-------+---------+--------+-----+
|Available SLR        |     1344|   2976|   871680|  435840|  320|
+---------------------+---------+-------+---------+--------+-----+
|Utilization SLR (%)  |        4|      0|    ~0   |   ~0   |    0|
+---------------------+---------+-------+---------+--------+-----+
|Available            |     2688|   5952|  1743360|  871680|  640|
+---------------------+---------+-------+---------+--------+-----+
|Utilization (%)      |        2|      0|    ~0   |   ~0   |    0|
+---------------------+---------+-------+---------+--------+-----+

+ Detail: 
    * Instance: 
    N/A

    * DSP48E: 
    N/A

    * Memory: 
    +-------------------+----------------------------------------------------------------------------------+---------+---+----+-----+------+-----+------+-------------+
    |       Memory      |                                      Module                                      | BRAM_18K| FF| LUT| URAM| Words| Bits| Banks| W*Bits*Banks|
    +-------------------+----------------------------------------------------------------------------------+---------+---+----+-----+------+-----+------+-------------+
    |sigmoid_table14_U  |sigmoid_ap_fixed_8_2_5_3_0_ap_fixed_8_2_5_3_0_sigmoid_config2_recr_s_sigmoid_bkb  |       64|  0|   0|    0|  1024|   10|     1|        10240|
    +-------------------+----------------------------------------------------------------------------------+---------+---+----+-----+------+-----+------+-------------+
    |Total              |                                                                                  |       64|  0|   0|    0|  1024|   10|     1|        10240|
    +-------------------+----------------------------------------------------------------------------------+---------+---+----+-----+------+-----+------+-------------+

    * FIFO: 
    N/A

    * Expression: 
    +---------------------------+----------+-------+---+----+------------+------------+
    |       Variable Name       | Operation| DSP48E| FF| LUT| Bitwidth P0| Bitwidth P1|
    +---------------------------+----------+-------+---+----+------------+------------+
    |ap_block_pp0_stage0_11001  |    and   |      0|  0|   2|           1|           1|
    |ap_enable_pp0              |    xor   |      0|  0|   2|           1|           2|
    |xor_ln147_128_fu_2606_p2   |    xor   |      0|  0|  11|          10|          11|
    |xor_ln147_129_fu_2621_p2   |    xor   |      0|  0|  11|          10|          11|
    |xor_ln147_130_fu_2636_p2   |    xor   |      0|  0|  11|          10|          11|
    |xor_ln147_131_fu_2651_p2   |    xor   |      0|  0|  11|          10|          11|
    |xor_ln147_132_fu_2666_p2   |    xor   |      0|  0|  11|          10|          11|
    |xor_ln147_133_fu_2681_p2   |    xor   |      0|  0|  11|          10|          11|
    |xor_ln147_134_fu_2696_p2   |    xor   |      0|  0|  11|          10|          11|
    |xor_ln147_135_fu_2711_p2   |    xor   |      0|  0|  11|          10|          11|
    |xor_ln147_136_fu_2726_p2   |    xor   |      0|  0|  11|          10|          11|
    |xor_ln147_137_fu_2741_p2   |    xor   |      0|  0|  11|          10|          11|
    |xor_ln147_138_fu_2756_p2   |    xor   |      0|  0|  11|          10|          11|
    |xor_ln147_139_fu_2771_p2   |    xor   |      0|  0|  11|          10|          11|
    |xor_ln147_140_fu_2786_p2   |    xor   |      0|  0|  11|          10|          11|
    |xor_ln147_141_fu_2801_p2   |    xor   |      0|  0|  11|          10|          11|
    |xor_ln147_142_fu_2816_p2   |    xor   |      0|  0|  11|          10|          11|
    |xor_ln147_143_fu_2831_p2   |    xor   |      0|  0|  11|          10|          11|
    |xor_ln147_144_fu_2846_p2   |    xor   |      0|  0|  11|          10|          11|
    |xor_ln147_145_fu_2861_p2   |    xor   |      0|  0|  11|          10|          11|
    |xor_ln147_146_fu_2876_p2   |    xor   |      0|  0|  11|          10|          11|
    |xor_ln147_147_fu_2891_p2   |    xor   |      0|  0|  11|          10|          11|
    |xor_ln147_148_fu_2906_p2   |    xor   |      0|  0|  11|          10|          11|
    |xor_ln147_149_fu_2921_p2   |    xor   |      0|  0|  11|          10|          11|
    |xor_ln147_150_fu_2936_p2   |    xor   |      0|  0|  11|          10|          11|
    |xor_ln147_151_fu_2951_p2   |    xor   |      0|  0|  11|          10|          11|
    |xor_ln147_152_fu_2966_p2   |    xor   |      0|  0|  11|          10|          11|
    |xor_ln147_153_fu_2981_p2   |    xor   |      0|  0|  11|          10|          11|
    |xor_ln147_154_fu_2996_p2   |    xor   |      0|  0|  11|          10|          11|
    |xor_ln147_155_fu_3011_p2   |    xor   |      0|  0|  11|          10|          11|
    |xor_ln147_156_fu_3026_p2   |    xor   |      0|  0|  11|          10|          11|
    |xor_ln147_157_fu_3041_p2   |    xor   |      0|  0|  11|          10|          11|
    |xor_ln147_158_fu_3056_p2   |    xor   |      0|  0|  11|          10|          11|
    |xor_ln147_159_fu_3071_p2   |    xor   |      0|  0|  11|          10|          11|
    |xor_ln147_160_fu_3086_p2   |    xor   |      0|  0|  11|          10|          11|
    |xor_ln147_161_fu_3101_p2   |    xor   |      0|  0|  11|          10|          11|
    |xor_ln147_162_fu_3116_p2   |    xor   |      0|  0|  11|          10|          11|
    |xor_ln147_163_fu_3131_p2   |    xor   |      0|  0|  11|          10|          11|
    |xor_ln147_164_fu_3146_p2   |    xor   |      0|  0|  11|          10|          11|
    |xor_ln147_165_fu_3161_p2   |    xor   |      0|  0|  11|          10|          11|
    |xor_ln147_166_fu_3176_p2   |    xor   |      0|  0|  11|          10|          11|
    |xor_ln147_167_fu_3191_p2   |    xor   |      0|  0|  11|          10|          11|
    |xor_ln147_168_fu_3206_p2   |    xor   |      0|  0|  11|          10|          11|
    |xor_ln147_169_fu_3221_p2   |    xor   |      0|  0|  11|          10|          11|
    |xor_ln147_170_fu_3236_p2   |    xor   |      0|  0|  11|          10|          11|
    |xor_ln147_171_fu_3251_p2   |    xor   |      0|  0|  11|          10|          11|
    |xor_ln147_172_fu_3266_p2   |    xor   |      0|  0|  11|          10|          11|
    |xor_ln147_173_fu_3281_p2   |    xor   |      0|  0|  11|          10|          11|
    |xor_ln147_174_fu_3296_p2   |    xor   |      0|  0|  11|          10|          11|
    |xor_ln147_175_fu_3311_p2   |    xor   |      0|  0|  11|          10|          11|
    |xor_ln147_176_fu_3326_p2   |    xor   |      0|  0|  11|          10|          11|
    |xor_ln147_177_fu_3341_p2   |    xor   |      0|  0|  11|          10|          11|
    |xor_ln147_178_fu_3356_p2   |    xor   |      0|  0|  11|          10|          11|
    |xor_ln147_179_fu_3371_p2   |    xor   |      0|  0|  11|          10|          11|
    |xor_ln147_180_fu_3386_p2   |    xor   |      0|  0|  11|          10|          11|
    |xor_ln147_181_fu_3401_p2   |    xor   |      0|  0|  11|          10|          11|
    |xor_ln147_182_fu_3416_p2   |    xor   |      0|  0|  11|          10|          11|
    |xor_ln147_183_fu_3431_p2   |    xor   |      0|  0|  11|          10|          11|
    |xor_ln147_184_fu_3446_p2   |    xor   |      0|  0|  11|          10|          11|
    |xor_ln147_185_fu_3461_p2   |    xor   |      0|  0|  11|          10|          11|
    |xor_ln147_186_fu_3476_p2   |    xor   |      0|  0|  11|          10|          11|
    |xor_ln147_187_fu_3491_p2   |    xor   |      0|  0|  11|          10|          11|
    |xor_ln147_188_fu_3506_p2   |    xor   |      0|  0|  11|          10|          11|
    |xor_ln147_189_fu_3521_p2   |    xor   |      0|  0|  11|          10|          11|
    |xor_ln147_190_fu_3536_p2   |    xor   |      0|  0|  11|          10|          11|
    |xor_ln147_191_fu_3551_p2   |    xor   |      0|  0|  11|          10|          11|
    |xor_ln147_192_fu_3566_p2   |    xor   |      0|  0|  11|          10|          11|
    |xor_ln147_193_fu_3581_p2   |    xor   |      0|  0|  11|          10|          11|
    |xor_ln147_194_fu_3596_p2   |    xor   |      0|  0|  11|          10|          11|
    |xor_ln147_195_fu_3611_p2   |    xor   |      0|  0|  11|          10|          11|
    |xor_ln147_196_fu_3626_p2   |    xor   |      0|  0|  11|          10|          11|
    |xor_ln147_197_fu_3641_p2   |    xor   |      0|  0|  11|          10|          11|
    |xor_ln147_198_fu_3656_p2   |    xor   |      0|  0|  11|          10|          11|
    |xor_ln147_199_fu_3671_p2   |    xor   |      0|  0|  11|          10|          11|
    |xor_ln147_200_fu_3686_p2   |    xor   |      0|  0|  11|          10|          11|
    |xor_ln147_201_fu_3701_p2   |    xor   |      0|  0|  11|          10|          11|
    |xor_ln147_202_fu_3716_p2   |    xor   |      0|  0|  11|          10|          11|
    |xor_ln147_203_fu_3731_p2   |    xor   |      0|  0|  11|          10|          11|
    |xor_ln147_204_fu_3746_p2   |    xor   |      0|  0|  11|          10|          11|
    |xor_ln147_205_fu_3761_p2   |    xor   |      0|  0|  11|          10|          11|
    |xor_ln147_206_fu_3776_p2   |    xor   |      0|  0|  11|          10|          11|
    |xor_ln147_207_fu_3791_p2   |    xor   |      0|  0|  11|          10|          11|
    |xor_ln147_208_fu_3806_p2   |    xor   |      0|  0|  11|          10|          11|
    |xor_ln147_209_fu_3821_p2   |    xor   |      0|  0|  11|          10|          11|
    |xor_ln147_210_fu_3836_p2   |    xor   |      0|  0|  11|          10|          11|
    |xor_ln147_211_fu_3851_p2   |    xor   |      0|  0|  11|          10|          11|
    |xor_ln147_212_fu_3866_p2   |    xor   |      0|  0|  11|          10|          11|
    |xor_ln147_213_fu_3881_p2   |    xor   |      0|  0|  11|          10|          11|
    |xor_ln147_214_fu_3896_p2   |    xor   |      0|  0|  11|          10|          11|
    |xor_ln147_215_fu_3911_p2   |    xor   |      0|  0|  11|          10|          11|
    |xor_ln147_216_fu_3926_p2   |    xor   |      0|  0|  11|          10|          11|
    |xor_ln147_217_fu_3941_p2   |    xor   |      0|  0|  11|          10|          11|
    |xor_ln147_218_fu_3956_p2   |    xor   |      0|  0|  11|          10|          11|
    |xor_ln147_219_fu_3971_p2   |    xor   |      0|  0|  11|          10|          11|
    |xor_ln147_220_fu_3986_p2   |    xor   |      0|  0|  11|          10|          11|
    |xor_ln147_221_fu_4001_p2   |    xor   |      0|  0|  11|          10|          11|
    |xor_ln147_222_fu_4016_p2   |    xor   |      0|  0|  11|          10|          11|
    |xor_ln147_223_fu_4031_p2   |    xor   |      0|  0|  11|          10|          11|
    |xor_ln147_224_fu_4046_p2   |    xor   |      0|  0|  11|          10|          11|
    |xor_ln147_225_fu_4061_p2   |    xor   |      0|  0|  11|          10|          11|
    |xor_ln147_226_fu_4076_p2   |    xor   |      0|  0|  11|          10|          11|
    |xor_ln147_227_fu_4091_p2   |    xor   |      0|  0|  11|          10|          11|
    |xor_ln147_228_fu_4106_p2   |    xor   |      0|  0|  11|          10|          11|
    |xor_ln147_229_fu_4121_p2   |    xor   |      0|  0|  11|          10|          11|
    |xor_ln147_230_fu_4136_p2   |    xor   |      0|  0|  11|          10|          11|
    |xor_ln147_231_fu_4151_p2   |    xor   |      0|  0|  11|          10|          11|
    |xor_ln147_232_fu_4166_p2   |    xor   |      0|  0|  11|          10|          11|
    |xor_ln147_233_fu_4181_p2   |    xor   |      0|  0|  11|          10|          11|
    |xor_ln147_234_fu_4196_p2   |    xor   |      0|  0|  11|          10|          11|
    |xor_ln147_235_fu_4211_p2   |    xor   |      0|  0|  11|          10|          11|
    |xor_ln147_236_fu_4226_p2   |    xor   |      0|  0|  11|          10|          11|
    |xor_ln147_237_fu_4241_p2   |    xor   |      0|  0|  11|          10|          11|
    |xor_ln147_238_fu_4256_p2   |    xor   |      0|  0|  11|          10|          11|
    |xor_ln147_239_fu_4271_p2   |    xor   |      0|  0|  11|          10|          11|
    |xor_ln147_240_fu_4286_p2   |    xor   |      0|  0|  11|          10|          11|
    |xor_ln147_241_fu_4301_p2   |    xor   |      0|  0|  11|          10|          11|
    |xor_ln147_242_fu_4316_p2   |    xor   |      0|  0|  11|          10|          11|
    |xor_ln147_243_fu_4331_p2   |    xor   |      0|  0|  11|          10|          11|
    |xor_ln147_244_fu_4346_p2   |    xor   |      0|  0|  11|          10|          11|
    |xor_ln147_245_fu_4361_p2   |    xor   |      0|  0|  11|          10|          11|
    |xor_ln147_246_fu_4376_p2   |    xor   |      0|  0|  11|          10|          11|
    |xor_ln147_247_fu_4391_p2   |    xor   |      0|  0|  11|          10|          11|
    |xor_ln147_248_fu_4406_p2   |    xor   |      0|  0|  11|          10|          11|
    |xor_ln147_249_fu_4421_p2   |    xor   |      0|  0|  11|          10|          11|
    |xor_ln147_250_fu_4436_p2   |    xor   |      0|  0|  11|          10|          11|
    |xor_ln147_251_fu_4451_p2   |    xor   |      0|  0|  11|          10|          11|
    |xor_ln147_252_fu_4466_p2   |    xor   |      0|  0|  11|          10|          11|
    |xor_ln147_253_fu_4481_p2   |    xor   |      0|  0|  11|          10|          11|
    |xor_ln147_254_fu_4496_p2   |    xor   |      0|  0|  11|          10|          11|
    |xor_ln147_fu_2591_p2       |    xor   |      0|  0|  11|          10|          11|
    +---------------------------+----------+-------+---+----+------------+------------+
    |Total                      |          |      0|  0|1412|        1282|        1411|
    +---------------------------+----------+-------+---+----+------------+------------+

    * Multiplexer: 
    N/A

    * Register: 
    +-------------------------+---+----+-----+-----------+
    |           Name          | FF| LUT| Bits| Const Bits|
    +-------------------------+---+----+-----+-----------+
    |ap_CS_fsm                |  1|   0|    1|          0|
    |ap_enable_reg_pp0_iter1  |  1|   0|    1|          0|
    +-------------------------+---+----+-----+-----------+
    |Total                    |  2|   0|    2|          0|
    +-------------------------+---+----+-----+-----------+



================================================================
== Interface
================================================================
* Summary: 
+-----------------+-----+-----+------------+---------------------------------------------------------------------------------+--------------+
|    RTL Ports    | Dir | Bits|  Protocol  |                                  Source Object                                  |    C Type    |
+-----------------+-----+-----+------------+---------------------------------------------------------------------------------+--------------+
|ap_clk           |  in |    1| ap_ctrl_hs | sigmoid<ap_fixed<8, 2, 5, 3, 0>, ap_fixed<8, 2, 5, 3, 0>, sigmoid_config2_recr> | return value |
|ap_rst           |  in |    1| ap_ctrl_hs | sigmoid<ap_fixed<8, 2, 5, 3, 0>, ap_fixed<8, 2, 5, 3, 0>, sigmoid_config2_recr> | return value |
|ap_start         |  in |    1| ap_ctrl_hs | sigmoid<ap_fixed<8, 2, 5, 3, 0>, ap_fixed<8, 2, 5, 3, 0>, sigmoid_config2_recr> | return value |
|ap_done          | out |    1| ap_ctrl_hs | sigmoid<ap_fixed<8, 2, 5, 3, 0>, ap_fixed<8, 2, 5, 3, 0>, sigmoid_config2_recr> | return value |
|ap_idle          | out |    1| ap_ctrl_hs | sigmoid<ap_fixed<8, 2, 5, 3, 0>, ap_fixed<8, 2, 5, 3, 0>, sigmoid_config2_recr> | return value |
|ap_ready         | out |    1| ap_ctrl_hs | sigmoid<ap_fixed<8, 2, 5, 3, 0>, ap_fixed<8, 2, 5, 3, 0>, sigmoid_config2_recr> | return value |
|ap_return_0      | out |    8| ap_ctrl_hs | sigmoid<ap_fixed<8, 2, 5, 3, 0>, ap_fixed<8, 2, 5, 3, 0>, sigmoid_config2_recr> | return value |
|ap_return_1      | out |    8| ap_ctrl_hs | sigmoid<ap_fixed<8, 2, 5, 3, 0>, ap_fixed<8, 2, 5, 3, 0>, sigmoid_config2_recr> | return value |
|ap_return_2      | out |    8| ap_ctrl_hs | sigmoid<ap_fixed<8, 2, 5, 3, 0>, ap_fixed<8, 2, 5, 3, 0>, sigmoid_config2_recr> | return value |
|ap_return_3      | out |    8| ap_ctrl_hs | sigmoid<ap_fixed<8, 2, 5, 3, 0>, ap_fixed<8, 2, 5, 3, 0>, sigmoid_config2_recr> | return value |
|ap_return_4      | out |    8| ap_ctrl_hs | sigmoid<ap_fixed<8, 2, 5, 3, 0>, ap_fixed<8, 2, 5, 3, 0>, sigmoid_config2_recr> | return value |
|ap_return_5      | out |    8| ap_ctrl_hs | sigmoid<ap_fixed<8, 2, 5, 3, 0>, ap_fixed<8, 2, 5, 3, 0>, sigmoid_config2_recr> | return value |
|ap_return_6      | out |    8| ap_ctrl_hs | sigmoid<ap_fixed<8, 2, 5, 3, 0>, ap_fixed<8, 2, 5, 3, 0>, sigmoid_config2_recr> | return value |
|ap_return_7      | out |    8| ap_ctrl_hs | sigmoid<ap_fixed<8, 2, 5, 3, 0>, ap_fixed<8, 2, 5, 3, 0>, sigmoid_config2_recr> | return value |
|ap_return_8      | out |    8| ap_ctrl_hs | sigmoid<ap_fixed<8, 2, 5, 3, 0>, ap_fixed<8, 2, 5, 3, 0>, sigmoid_config2_recr> | return value |
|ap_return_9      | out |    8| ap_ctrl_hs | sigmoid<ap_fixed<8, 2, 5, 3, 0>, ap_fixed<8, 2, 5, 3, 0>, sigmoid_config2_recr> | return value |
|ap_return_10     | out |    8| ap_ctrl_hs | sigmoid<ap_fixed<8, 2, 5, 3, 0>, ap_fixed<8, 2, 5, 3, 0>, sigmoid_config2_recr> | return value |
|ap_return_11     | out |    8| ap_ctrl_hs | sigmoid<ap_fixed<8, 2, 5, 3, 0>, ap_fixed<8, 2, 5, 3, 0>, sigmoid_config2_recr> | return value |
|ap_return_12     | out |    8| ap_ctrl_hs | sigmoid<ap_fixed<8, 2, 5, 3, 0>, ap_fixed<8, 2, 5, 3, 0>, sigmoid_config2_recr> | return value |
|ap_return_13     | out |    8| ap_ctrl_hs | sigmoid<ap_fixed<8, 2, 5, 3, 0>, ap_fixed<8, 2, 5, 3, 0>, sigmoid_config2_recr> | return value |
|ap_return_14     | out |    8| ap_ctrl_hs | sigmoid<ap_fixed<8, 2, 5, 3, 0>, ap_fixed<8, 2, 5, 3, 0>, sigmoid_config2_recr> | return value |
|ap_return_15     | out |    8| ap_ctrl_hs | sigmoid<ap_fixed<8, 2, 5, 3, 0>, ap_fixed<8, 2, 5, 3, 0>, sigmoid_config2_recr> | return value |
|ap_return_16     | out |    8| ap_ctrl_hs | sigmoid<ap_fixed<8, 2, 5, 3, 0>, ap_fixed<8, 2, 5, 3, 0>, sigmoid_config2_recr> | return value |
|ap_return_17     | out |    8| ap_ctrl_hs | sigmoid<ap_fixed<8, 2, 5, 3, 0>, ap_fixed<8, 2, 5, 3, 0>, sigmoid_config2_recr> | return value |
|ap_return_18     | out |    8| ap_ctrl_hs | sigmoid<ap_fixed<8, 2, 5, 3, 0>, ap_fixed<8, 2, 5, 3, 0>, sigmoid_config2_recr> | return value |
|ap_return_19     | out |    8| ap_ctrl_hs | sigmoid<ap_fixed<8, 2, 5, 3, 0>, ap_fixed<8, 2, 5, 3, 0>, sigmoid_config2_recr> | return value |
|ap_return_20     | out |    8| ap_ctrl_hs | sigmoid<ap_fixed<8, 2, 5, 3, 0>, ap_fixed<8, 2, 5, 3, 0>, sigmoid_config2_recr> | return value |
|ap_return_21     | out |    8| ap_ctrl_hs | sigmoid<ap_fixed<8, 2, 5, 3, 0>, ap_fixed<8, 2, 5, 3, 0>, sigmoid_config2_recr> | return value |
|ap_return_22     | out |    8| ap_ctrl_hs | sigmoid<ap_fixed<8, 2, 5, 3, 0>, ap_fixed<8, 2, 5, 3, 0>, sigmoid_config2_recr> | return value |
|ap_return_23     | out |    8| ap_ctrl_hs | sigmoid<ap_fixed<8, 2, 5, 3, 0>, ap_fixed<8, 2, 5, 3, 0>, sigmoid_config2_recr> | return value |
|ap_return_24     | out |    8| ap_ctrl_hs | sigmoid<ap_fixed<8, 2, 5, 3, 0>, ap_fixed<8, 2, 5, 3, 0>, sigmoid_config2_recr> | return value |
|ap_return_25     | out |    8| ap_ctrl_hs | sigmoid<ap_fixed<8, 2, 5, 3, 0>, ap_fixed<8, 2, 5, 3, 0>, sigmoid_config2_recr> | return value |
|ap_return_26     | out |    8| ap_ctrl_hs | sigmoid<ap_fixed<8, 2, 5, 3, 0>, ap_fixed<8, 2, 5, 3, 0>, sigmoid_config2_recr> | return value |
|ap_return_27     | out |    8| ap_ctrl_hs | sigmoid<ap_fixed<8, 2, 5, 3, 0>, ap_fixed<8, 2, 5, 3, 0>, sigmoid_config2_recr> | return value |
|ap_return_28     | out |    8| ap_ctrl_hs | sigmoid<ap_fixed<8, 2, 5, 3, 0>, ap_fixed<8, 2, 5, 3, 0>, sigmoid_config2_recr> | return value |
|ap_return_29     | out |    8| ap_ctrl_hs | sigmoid<ap_fixed<8, 2, 5, 3, 0>, ap_fixed<8, 2, 5, 3, 0>, sigmoid_config2_recr> | return value |
|ap_return_30     | out |    8| ap_ctrl_hs | sigmoid<ap_fixed<8, 2, 5, 3, 0>, ap_fixed<8, 2, 5, 3, 0>, sigmoid_config2_recr> | return value |
|ap_return_31     | out |    8| ap_ctrl_hs | sigmoid<ap_fixed<8, 2, 5, 3, 0>, ap_fixed<8, 2, 5, 3, 0>, sigmoid_config2_recr> | return value |
|ap_return_32     | out |    8| ap_ctrl_hs | sigmoid<ap_fixed<8, 2, 5, 3, 0>, ap_fixed<8, 2, 5, 3, 0>, sigmoid_config2_recr> | return value |
|ap_return_33     | out |    8| ap_ctrl_hs | sigmoid<ap_fixed<8, 2, 5, 3, 0>, ap_fixed<8, 2, 5, 3, 0>, sigmoid_config2_recr> | return value |
|ap_return_34     | out |    8| ap_ctrl_hs | sigmoid<ap_fixed<8, 2, 5, 3, 0>, ap_fixed<8, 2, 5, 3, 0>, sigmoid_config2_recr> | return value |
|ap_return_35     | out |    8| ap_ctrl_hs | sigmoid<ap_fixed<8, 2, 5, 3, 0>, ap_fixed<8, 2, 5, 3, 0>, sigmoid_config2_recr> | return value |
|ap_return_36     | out |    8| ap_ctrl_hs | sigmoid<ap_fixed<8, 2, 5, 3, 0>, ap_fixed<8, 2, 5, 3, 0>, sigmoid_config2_recr> | return value |
|ap_return_37     | out |    8| ap_ctrl_hs | sigmoid<ap_fixed<8, 2, 5, 3, 0>, ap_fixed<8, 2, 5, 3, 0>, sigmoid_config2_recr> | return value |
|ap_return_38     | out |    8| ap_ctrl_hs | sigmoid<ap_fixed<8, 2, 5, 3, 0>, ap_fixed<8, 2, 5, 3, 0>, sigmoid_config2_recr> | return value |
|ap_return_39     | out |    8| ap_ctrl_hs | sigmoid<ap_fixed<8, 2, 5, 3, 0>, ap_fixed<8, 2, 5, 3, 0>, sigmoid_config2_recr> | return value |
|ap_return_40     | out |    8| ap_ctrl_hs | sigmoid<ap_fixed<8, 2, 5, 3, 0>, ap_fixed<8, 2, 5, 3, 0>, sigmoid_config2_recr> | return value |
|ap_return_41     | out |    8| ap_ctrl_hs | sigmoid<ap_fixed<8, 2, 5, 3, 0>, ap_fixed<8, 2, 5, 3, 0>, sigmoid_config2_recr> | return value |
|ap_return_42     | out |    8| ap_ctrl_hs | sigmoid<ap_fixed<8, 2, 5, 3, 0>, ap_fixed<8, 2, 5, 3, 0>, sigmoid_config2_recr> | return value |
|ap_return_43     | out |    8| ap_ctrl_hs | sigmoid<ap_fixed<8, 2, 5, 3, 0>, ap_fixed<8, 2, 5, 3, 0>, sigmoid_config2_recr> | return value |
|ap_return_44     | out |    8| ap_ctrl_hs | sigmoid<ap_fixed<8, 2, 5, 3, 0>, ap_fixed<8, 2, 5, 3, 0>, sigmoid_config2_recr> | return value |
|ap_return_45     | out |    8| ap_ctrl_hs | sigmoid<ap_fixed<8, 2, 5, 3, 0>, ap_fixed<8, 2, 5, 3, 0>, sigmoid_config2_recr> | return value |
|ap_return_46     | out |    8| ap_ctrl_hs | sigmoid<ap_fixed<8, 2, 5, 3, 0>, ap_fixed<8, 2, 5, 3, 0>, sigmoid_config2_recr> | return value |
|ap_return_47     | out |    8| ap_ctrl_hs | sigmoid<ap_fixed<8, 2, 5, 3, 0>, ap_fixed<8, 2, 5, 3, 0>, sigmoid_config2_recr> | return value |
|ap_return_48     | out |    8| ap_ctrl_hs | sigmoid<ap_fixed<8, 2, 5, 3, 0>, ap_fixed<8, 2, 5, 3, 0>, sigmoid_config2_recr> | return value |
|ap_return_49     | out |    8| ap_ctrl_hs | sigmoid<ap_fixed<8, 2, 5, 3, 0>, ap_fixed<8, 2, 5, 3, 0>, sigmoid_config2_recr> | return value |
|ap_return_50     | out |    8| ap_ctrl_hs | sigmoid<ap_fixed<8, 2, 5, 3, 0>, ap_fixed<8, 2, 5, 3, 0>, sigmoid_config2_recr> | return value |
|ap_return_51     | out |    8| ap_ctrl_hs | sigmoid<ap_fixed<8, 2, 5, 3, 0>, ap_fixed<8, 2, 5, 3, 0>, sigmoid_config2_recr> | return value |
|ap_return_52     | out |    8| ap_ctrl_hs | sigmoid<ap_fixed<8, 2, 5, 3, 0>, ap_fixed<8, 2, 5, 3, 0>, sigmoid_config2_recr> | return value |
|ap_return_53     | out |    8| ap_ctrl_hs | sigmoid<ap_fixed<8, 2, 5, 3, 0>, ap_fixed<8, 2, 5, 3, 0>, sigmoid_config2_recr> | return value |
|ap_return_54     | out |    8| ap_ctrl_hs | sigmoid<ap_fixed<8, 2, 5, 3, 0>, ap_fixed<8, 2, 5, 3, 0>, sigmoid_config2_recr> | return value |
|ap_return_55     | out |    8| ap_ctrl_hs | sigmoid<ap_fixed<8, 2, 5, 3, 0>, ap_fixed<8, 2, 5, 3, 0>, sigmoid_config2_recr> | return value |
|ap_return_56     | out |    8| ap_ctrl_hs | sigmoid<ap_fixed<8, 2, 5, 3, 0>, ap_fixed<8, 2, 5, 3, 0>, sigmoid_config2_recr> | return value |
|ap_return_57     | out |    8| ap_ctrl_hs | sigmoid<ap_fixed<8, 2, 5, 3, 0>, ap_fixed<8, 2, 5, 3, 0>, sigmoid_config2_recr> | return value |
|ap_return_58     | out |    8| ap_ctrl_hs | sigmoid<ap_fixed<8, 2, 5, 3, 0>, ap_fixed<8, 2, 5, 3, 0>, sigmoid_config2_recr> | return value |
|ap_return_59     | out |    8| ap_ctrl_hs | sigmoid<ap_fixed<8, 2, 5, 3, 0>, ap_fixed<8, 2, 5, 3, 0>, sigmoid_config2_recr> | return value |
|ap_return_60     | out |    8| ap_ctrl_hs | sigmoid<ap_fixed<8, 2, 5, 3, 0>, ap_fixed<8, 2, 5, 3, 0>, sigmoid_config2_recr> | return value |
|ap_return_61     | out |    8| ap_ctrl_hs | sigmoid<ap_fixed<8, 2, 5, 3, 0>, ap_fixed<8, 2, 5, 3, 0>, sigmoid_config2_recr> | return value |
|ap_return_62     | out |    8| ap_ctrl_hs | sigmoid<ap_fixed<8, 2, 5, 3, 0>, ap_fixed<8, 2, 5, 3, 0>, sigmoid_config2_recr> | return value |
|ap_return_63     | out |    8| ap_ctrl_hs | sigmoid<ap_fixed<8, 2, 5, 3, 0>, ap_fixed<8, 2, 5, 3, 0>, sigmoid_config2_recr> | return value |
|ap_return_64     | out |    8| ap_ctrl_hs | sigmoid<ap_fixed<8, 2, 5, 3, 0>, ap_fixed<8, 2, 5, 3, 0>, sigmoid_config2_recr> | return value |
|ap_return_65     | out |    8| ap_ctrl_hs | sigmoid<ap_fixed<8, 2, 5, 3, 0>, ap_fixed<8, 2, 5, 3, 0>, sigmoid_config2_recr> | return value |
|ap_return_66     | out |    8| ap_ctrl_hs | sigmoid<ap_fixed<8, 2, 5, 3, 0>, ap_fixed<8, 2, 5, 3, 0>, sigmoid_config2_recr> | return value |
|ap_return_67     | out |    8| ap_ctrl_hs | sigmoid<ap_fixed<8, 2, 5, 3, 0>, ap_fixed<8, 2, 5, 3, 0>, sigmoid_config2_recr> | return value |
|ap_return_68     | out |    8| ap_ctrl_hs | sigmoid<ap_fixed<8, 2, 5, 3, 0>, ap_fixed<8, 2, 5, 3, 0>, sigmoid_config2_recr> | return value |
|ap_return_69     | out |    8| ap_ctrl_hs | sigmoid<ap_fixed<8, 2, 5, 3, 0>, ap_fixed<8, 2, 5, 3, 0>, sigmoid_config2_recr> | return value |
|ap_return_70     | out |    8| ap_ctrl_hs | sigmoid<ap_fixed<8, 2, 5, 3, 0>, ap_fixed<8, 2, 5, 3, 0>, sigmoid_config2_recr> | return value |
|ap_return_71     | out |    8| ap_ctrl_hs | sigmoid<ap_fixed<8, 2, 5, 3, 0>, ap_fixed<8, 2, 5, 3, 0>, sigmoid_config2_recr> | return value |
|ap_return_72     | out |    8| ap_ctrl_hs | sigmoid<ap_fixed<8, 2, 5, 3, 0>, ap_fixed<8, 2, 5, 3, 0>, sigmoid_config2_recr> | return value |
|ap_return_73     | out |    8| ap_ctrl_hs | sigmoid<ap_fixed<8, 2, 5, 3, 0>, ap_fixed<8, 2, 5, 3, 0>, sigmoid_config2_recr> | return value |
|ap_return_74     | out |    8| ap_ctrl_hs | sigmoid<ap_fixed<8, 2, 5, 3, 0>, ap_fixed<8, 2, 5, 3, 0>, sigmoid_config2_recr> | return value |
|ap_return_75     | out |    8| ap_ctrl_hs | sigmoid<ap_fixed<8, 2, 5, 3, 0>, ap_fixed<8, 2, 5, 3, 0>, sigmoid_config2_recr> | return value |
|ap_return_76     | out |    8| ap_ctrl_hs | sigmoid<ap_fixed<8, 2, 5, 3, 0>, ap_fixed<8, 2, 5, 3, 0>, sigmoid_config2_recr> | return value |
|ap_return_77     | out |    8| ap_ctrl_hs | sigmoid<ap_fixed<8, 2, 5, 3, 0>, ap_fixed<8, 2, 5, 3, 0>, sigmoid_config2_recr> | return value |
|ap_return_78     | out |    8| ap_ctrl_hs | sigmoid<ap_fixed<8, 2, 5, 3, 0>, ap_fixed<8, 2, 5, 3, 0>, sigmoid_config2_recr> | return value |
|ap_return_79     | out |    8| ap_ctrl_hs | sigmoid<ap_fixed<8, 2, 5, 3, 0>, ap_fixed<8, 2, 5, 3, 0>, sigmoid_config2_recr> | return value |
|ap_return_80     | out |    8| ap_ctrl_hs | sigmoid<ap_fixed<8, 2, 5, 3, 0>, ap_fixed<8, 2, 5, 3, 0>, sigmoid_config2_recr> | return value |
|ap_return_81     | out |    8| ap_ctrl_hs | sigmoid<ap_fixed<8, 2, 5, 3, 0>, ap_fixed<8, 2, 5, 3, 0>, sigmoid_config2_recr> | return value |
|ap_return_82     | out |    8| ap_ctrl_hs | sigmoid<ap_fixed<8, 2, 5, 3, 0>, ap_fixed<8, 2, 5, 3, 0>, sigmoid_config2_recr> | return value |
|ap_return_83     | out |    8| ap_ctrl_hs | sigmoid<ap_fixed<8, 2, 5, 3, 0>, ap_fixed<8, 2, 5, 3, 0>, sigmoid_config2_recr> | return value |
|ap_return_84     | out |    8| ap_ctrl_hs | sigmoid<ap_fixed<8, 2, 5, 3, 0>, ap_fixed<8, 2, 5, 3, 0>, sigmoid_config2_recr> | return value |
|ap_return_85     | out |    8| ap_ctrl_hs | sigmoid<ap_fixed<8, 2, 5, 3, 0>, ap_fixed<8, 2, 5, 3, 0>, sigmoid_config2_recr> | return value |
|ap_return_86     | out |    8| ap_ctrl_hs | sigmoid<ap_fixed<8, 2, 5, 3, 0>, ap_fixed<8, 2, 5, 3, 0>, sigmoid_config2_recr> | return value |
|ap_return_87     | out |    8| ap_ctrl_hs | sigmoid<ap_fixed<8, 2, 5, 3, 0>, ap_fixed<8, 2, 5, 3, 0>, sigmoid_config2_recr> | return value |
|ap_return_88     | out |    8| ap_ctrl_hs | sigmoid<ap_fixed<8, 2, 5, 3, 0>, ap_fixed<8, 2, 5, 3, 0>, sigmoid_config2_recr> | return value |
|ap_return_89     | out |    8| ap_ctrl_hs | sigmoid<ap_fixed<8, 2, 5, 3, 0>, ap_fixed<8, 2, 5, 3, 0>, sigmoid_config2_recr> | return value |
|ap_return_90     | out |    8| ap_ctrl_hs | sigmoid<ap_fixed<8, 2, 5, 3, 0>, ap_fixed<8, 2, 5, 3, 0>, sigmoid_config2_recr> | return value |
|ap_return_91     | out |    8| ap_ctrl_hs | sigmoid<ap_fixed<8, 2, 5, 3, 0>, ap_fixed<8, 2, 5, 3, 0>, sigmoid_config2_recr> | return value |
|ap_return_92     | out |    8| ap_ctrl_hs | sigmoid<ap_fixed<8, 2, 5, 3, 0>, ap_fixed<8, 2, 5, 3, 0>, sigmoid_config2_recr> | return value |
|ap_return_93     | out |    8| ap_ctrl_hs | sigmoid<ap_fixed<8, 2, 5, 3, 0>, ap_fixed<8, 2, 5, 3, 0>, sigmoid_config2_recr> | return value |
|ap_return_94     | out |    8| ap_ctrl_hs | sigmoid<ap_fixed<8, 2, 5, 3, 0>, ap_fixed<8, 2, 5, 3, 0>, sigmoid_config2_recr> | return value |
|ap_return_95     | out |    8| ap_ctrl_hs | sigmoid<ap_fixed<8, 2, 5, 3, 0>, ap_fixed<8, 2, 5, 3, 0>, sigmoid_config2_recr> | return value |
|ap_return_96     | out |    8| ap_ctrl_hs | sigmoid<ap_fixed<8, 2, 5, 3, 0>, ap_fixed<8, 2, 5, 3, 0>, sigmoid_config2_recr> | return value |
|ap_return_97     | out |    8| ap_ctrl_hs | sigmoid<ap_fixed<8, 2, 5, 3, 0>, ap_fixed<8, 2, 5, 3, 0>, sigmoid_config2_recr> | return value |
|ap_return_98     | out |    8| ap_ctrl_hs | sigmoid<ap_fixed<8, 2, 5, 3, 0>, ap_fixed<8, 2, 5, 3, 0>, sigmoid_config2_recr> | return value |
|ap_return_99     | out |    8| ap_ctrl_hs | sigmoid<ap_fixed<8, 2, 5, 3, 0>, ap_fixed<8, 2, 5, 3, 0>, sigmoid_config2_recr> | return value |
|ap_return_100    | out |    8| ap_ctrl_hs | sigmoid<ap_fixed<8, 2, 5, 3, 0>, ap_fixed<8, 2, 5, 3, 0>, sigmoid_config2_recr> | return value |
|ap_return_101    | out |    8| ap_ctrl_hs | sigmoid<ap_fixed<8, 2, 5, 3, 0>, ap_fixed<8, 2, 5, 3, 0>, sigmoid_config2_recr> | return value |
|ap_return_102    | out |    8| ap_ctrl_hs | sigmoid<ap_fixed<8, 2, 5, 3, 0>, ap_fixed<8, 2, 5, 3, 0>, sigmoid_config2_recr> | return value |
|ap_return_103    | out |    8| ap_ctrl_hs | sigmoid<ap_fixed<8, 2, 5, 3, 0>, ap_fixed<8, 2, 5, 3, 0>, sigmoid_config2_recr> | return value |
|ap_return_104    | out |    8| ap_ctrl_hs | sigmoid<ap_fixed<8, 2, 5, 3, 0>, ap_fixed<8, 2, 5, 3, 0>, sigmoid_config2_recr> | return value |
|ap_return_105    | out |    8| ap_ctrl_hs | sigmoid<ap_fixed<8, 2, 5, 3, 0>, ap_fixed<8, 2, 5, 3, 0>, sigmoid_config2_recr> | return value |
|ap_return_106    | out |    8| ap_ctrl_hs | sigmoid<ap_fixed<8, 2, 5, 3, 0>, ap_fixed<8, 2, 5, 3, 0>, sigmoid_config2_recr> | return value |
|ap_return_107    | out |    8| ap_ctrl_hs | sigmoid<ap_fixed<8, 2, 5, 3, 0>, ap_fixed<8, 2, 5, 3, 0>, sigmoid_config2_recr> | return value |
|ap_return_108    | out |    8| ap_ctrl_hs | sigmoid<ap_fixed<8, 2, 5, 3, 0>, ap_fixed<8, 2, 5, 3, 0>, sigmoid_config2_recr> | return value |
|ap_return_109    | out |    8| ap_ctrl_hs | sigmoid<ap_fixed<8, 2, 5, 3, 0>, ap_fixed<8, 2, 5, 3, 0>, sigmoid_config2_recr> | return value |
|ap_return_110    | out |    8| ap_ctrl_hs | sigmoid<ap_fixed<8, 2, 5, 3, 0>, ap_fixed<8, 2, 5, 3, 0>, sigmoid_config2_recr> | return value |
|ap_return_111    | out |    8| ap_ctrl_hs | sigmoid<ap_fixed<8, 2, 5, 3, 0>, ap_fixed<8, 2, 5, 3, 0>, sigmoid_config2_recr> | return value |
|ap_return_112    | out |    8| ap_ctrl_hs | sigmoid<ap_fixed<8, 2, 5, 3, 0>, ap_fixed<8, 2, 5, 3, 0>, sigmoid_config2_recr> | return value |
|ap_return_113    | out |    8| ap_ctrl_hs | sigmoid<ap_fixed<8, 2, 5, 3, 0>, ap_fixed<8, 2, 5, 3, 0>, sigmoid_config2_recr> | return value |
|ap_return_114    | out |    8| ap_ctrl_hs | sigmoid<ap_fixed<8, 2, 5, 3, 0>, ap_fixed<8, 2, 5, 3, 0>, sigmoid_config2_recr> | return value |
|ap_return_115    | out |    8| ap_ctrl_hs | sigmoid<ap_fixed<8, 2, 5, 3, 0>, ap_fixed<8, 2, 5, 3, 0>, sigmoid_config2_recr> | return value |
|ap_return_116    | out |    8| ap_ctrl_hs | sigmoid<ap_fixed<8, 2, 5, 3, 0>, ap_fixed<8, 2, 5, 3, 0>, sigmoid_config2_recr> | return value |
|ap_return_117    | out |    8| ap_ctrl_hs | sigmoid<ap_fixed<8, 2, 5, 3, 0>, ap_fixed<8, 2, 5, 3, 0>, sigmoid_config2_recr> | return value |
|ap_return_118    | out |    8| ap_ctrl_hs | sigmoid<ap_fixed<8, 2, 5, 3, 0>, ap_fixed<8, 2, 5, 3, 0>, sigmoid_config2_recr> | return value |
|ap_return_119    | out |    8| ap_ctrl_hs | sigmoid<ap_fixed<8, 2, 5, 3, 0>, ap_fixed<8, 2, 5, 3, 0>, sigmoid_config2_recr> | return value |
|ap_return_120    | out |    8| ap_ctrl_hs | sigmoid<ap_fixed<8, 2, 5, 3, 0>, ap_fixed<8, 2, 5, 3, 0>, sigmoid_config2_recr> | return value |
|ap_return_121    | out |    8| ap_ctrl_hs | sigmoid<ap_fixed<8, 2, 5, 3, 0>, ap_fixed<8, 2, 5, 3, 0>, sigmoid_config2_recr> | return value |
|ap_return_122    | out |    8| ap_ctrl_hs | sigmoid<ap_fixed<8, 2, 5, 3, 0>, ap_fixed<8, 2, 5, 3, 0>, sigmoid_config2_recr> | return value |
|ap_return_123    | out |    8| ap_ctrl_hs | sigmoid<ap_fixed<8, 2, 5, 3, 0>, ap_fixed<8, 2, 5, 3, 0>, sigmoid_config2_recr> | return value |
|ap_return_124    | out |    8| ap_ctrl_hs | sigmoid<ap_fixed<8, 2, 5, 3, 0>, ap_fixed<8, 2, 5, 3, 0>, sigmoid_config2_recr> | return value |
|ap_return_125    | out |    8| ap_ctrl_hs | sigmoid<ap_fixed<8, 2, 5, 3, 0>, ap_fixed<8, 2, 5, 3, 0>, sigmoid_config2_recr> | return value |
|ap_return_126    | out |    8| ap_ctrl_hs | sigmoid<ap_fixed<8, 2, 5, 3, 0>, ap_fixed<8, 2, 5, 3, 0>, sigmoid_config2_recr> | return value |
|ap_return_127    | out |    8| ap_ctrl_hs | sigmoid<ap_fixed<8, 2, 5, 3, 0>, ap_fixed<8, 2, 5, 3, 0>, sigmoid_config2_recr> | return value |
|data_0_V_read    |  in |    8|   ap_none  |                                  data_0_V_read                                  |    scalar    |
|data_1_V_read    |  in |    8|   ap_none  |                                  data_1_V_read                                  |    scalar    |
|data_2_V_read    |  in |    8|   ap_none  |                                  data_2_V_read                                  |    scalar    |
|data_3_V_read    |  in |    8|   ap_none  |                                  data_3_V_read                                  |    scalar    |
|data_4_V_read    |  in |    8|   ap_none  |                                  data_4_V_read                                  |    scalar    |
|data_5_V_read    |  in |    8|   ap_none  |                                  data_5_V_read                                  |    scalar    |
|data_6_V_read    |  in |    8|   ap_none  |                                  data_6_V_read                                  |    scalar    |
|data_7_V_read    |  in |    8|   ap_none  |                                  data_7_V_read                                  |    scalar    |
|data_8_V_read    |  in |    8|   ap_none  |                                  data_8_V_read                                  |    scalar    |
|data_9_V_read    |  in |    8|   ap_none  |                                  data_9_V_read                                  |    scalar    |
|data_10_V_read   |  in |    8|   ap_none  |                                  data_10_V_read                                 |    scalar    |
|data_11_V_read   |  in |    8|   ap_none  |                                  data_11_V_read                                 |    scalar    |
|data_12_V_read   |  in |    8|   ap_none  |                                  data_12_V_read                                 |    scalar    |
|data_13_V_read   |  in |    8|   ap_none  |                                  data_13_V_read                                 |    scalar    |
|data_14_V_read   |  in |    8|   ap_none  |                                  data_14_V_read                                 |    scalar    |
|data_15_V_read   |  in |    8|   ap_none  |                                  data_15_V_read                                 |    scalar    |
|data_16_V_read   |  in |    8|   ap_none  |                                  data_16_V_read                                 |    scalar    |
|data_17_V_read   |  in |    8|   ap_none  |                                  data_17_V_read                                 |    scalar    |
|data_18_V_read   |  in |    8|   ap_none  |                                  data_18_V_read                                 |    scalar    |
|data_19_V_read   |  in |    8|   ap_none  |                                  data_19_V_read                                 |    scalar    |
|data_20_V_read   |  in |    8|   ap_none  |                                  data_20_V_read                                 |    scalar    |
|data_21_V_read   |  in |    8|   ap_none  |                                  data_21_V_read                                 |    scalar    |
|data_22_V_read   |  in |    8|   ap_none  |                                  data_22_V_read                                 |    scalar    |
|data_23_V_read   |  in |    8|   ap_none  |                                  data_23_V_read                                 |    scalar    |
|data_24_V_read   |  in |    8|   ap_none  |                                  data_24_V_read                                 |    scalar    |
|data_25_V_read   |  in |    8|   ap_none  |                                  data_25_V_read                                 |    scalar    |
|data_26_V_read   |  in |    8|   ap_none  |                                  data_26_V_read                                 |    scalar    |
|data_27_V_read   |  in |    8|   ap_none  |                                  data_27_V_read                                 |    scalar    |
|data_28_V_read   |  in |    8|   ap_none  |                                  data_28_V_read                                 |    scalar    |
|data_29_V_read   |  in |    8|   ap_none  |                                  data_29_V_read                                 |    scalar    |
|data_30_V_read   |  in |    8|   ap_none  |                                  data_30_V_read                                 |    scalar    |
|data_31_V_read   |  in |    8|   ap_none  |                                  data_31_V_read                                 |    scalar    |
|data_32_V_read   |  in |    8|   ap_none  |                                  data_32_V_read                                 |    scalar    |
|data_33_V_read   |  in |    8|   ap_none  |                                  data_33_V_read                                 |    scalar    |
|data_34_V_read   |  in |    8|   ap_none  |                                  data_34_V_read                                 |    scalar    |
|data_35_V_read   |  in |    8|   ap_none  |                                  data_35_V_read                                 |    scalar    |
|data_36_V_read   |  in |    8|   ap_none  |                                  data_36_V_read                                 |    scalar    |
|data_37_V_read   |  in |    8|   ap_none  |                                  data_37_V_read                                 |    scalar    |
|data_38_V_read   |  in |    8|   ap_none  |                                  data_38_V_read                                 |    scalar    |
|data_39_V_read   |  in |    8|   ap_none  |                                  data_39_V_read                                 |    scalar    |
|data_40_V_read   |  in |    8|   ap_none  |                                  data_40_V_read                                 |    scalar    |
|data_41_V_read   |  in |    8|   ap_none  |                                  data_41_V_read                                 |    scalar    |
|data_42_V_read   |  in |    8|   ap_none  |                                  data_42_V_read                                 |    scalar    |
|data_43_V_read   |  in |    8|   ap_none  |                                  data_43_V_read                                 |    scalar    |
|data_44_V_read   |  in |    8|   ap_none  |                                  data_44_V_read                                 |    scalar    |
|data_45_V_read   |  in |    8|   ap_none  |                                  data_45_V_read                                 |    scalar    |
|data_46_V_read   |  in |    8|   ap_none  |                                  data_46_V_read                                 |    scalar    |
|data_47_V_read   |  in |    8|   ap_none  |                                  data_47_V_read                                 |    scalar    |
|data_48_V_read   |  in |    8|   ap_none  |                                  data_48_V_read                                 |    scalar    |
|data_49_V_read   |  in |    8|   ap_none  |                                  data_49_V_read                                 |    scalar    |
|data_50_V_read   |  in |    8|   ap_none  |                                  data_50_V_read                                 |    scalar    |
|data_51_V_read   |  in |    8|   ap_none  |                                  data_51_V_read                                 |    scalar    |
|data_52_V_read   |  in |    8|   ap_none  |                                  data_52_V_read                                 |    scalar    |
|data_53_V_read   |  in |    8|   ap_none  |                                  data_53_V_read                                 |    scalar    |
|data_54_V_read   |  in |    8|   ap_none  |                                  data_54_V_read                                 |    scalar    |
|data_55_V_read   |  in |    8|   ap_none  |                                  data_55_V_read                                 |    scalar    |
|data_56_V_read   |  in |    8|   ap_none  |                                  data_56_V_read                                 |    scalar    |
|data_57_V_read   |  in |    8|   ap_none  |                                  data_57_V_read                                 |    scalar    |
|data_58_V_read   |  in |    8|   ap_none  |                                  data_58_V_read                                 |    scalar    |
|data_59_V_read   |  in |    8|   ap_none  |                                  data_59_V_read                                 |    scalar    |
|data_60_V_read   |  in |    8|   ap_none  |                                  data_60_V_read                                 |    scalar    |
|data_61_V_read   |  in |    8|   ap_none  |                                  data_61_V_read                                 |    scalar    |
|data_62_V_read   |  in |    8|   ap_none  |                                  data_62_V_read                                 |    scalar    |
|data_63_V_read   |  in |    8|   ap_none  |                                  data_63_V_read                                 |    scalar    |
|data_64_V_read   |  in |    8|   ap_none  |                                  data_64_V_read                                 |    scalar    |
|data_65_V_read   |  in |    8|   ap_none  |                                  data_65_V_read                                 |    scalar    |
|data_66_V_read   |  in |    8|   ap_none  |                                  data_66_V_read                                 |    scalar    |
|data_67_V_read   |  in |    8|   ap_none  |                                  data_67_V_read                                 |    scalar    |
|data_68_V_read   |  in |    8|   ap_none  |                                  data_68_V_read                                 |    scalar    |
|data_69_V_read   |  in |    8|   ap_none  |                                  data_69_V_read                                 |    scalar    |
|data_70_V_read   |  in |    8|   ap_none  |                                  data_70_V_read                                 |    scalar    |
|data_71_V_read   |  in |    8|   ap_none  |                                  data_71_V_read                                 |    scalar    |
|data_72_V_read   |  in |    8|   ap_none  |                                  data_72_V_read                                 |    scalar    |
|data_73_V_read   |  in |    8|   ap_none  |                                  data_73_V_read                                 |    scalar    |
|data_74_V_read   |  in |    8|   ap_none  |                                  data_74_V_read                                 |    scalar    |
|data_75_V_read   |  in |    8|   ap_none  |                                  data_75_V_read                                 |    scalar    |
|data_76_V_read   |  in |    8|   ap_none  |                                  data_76_V_read                                 |    scalar    |
|data_77_V_read   |  in |    8|   ap_none  |                                  data_77_V_read                                 |    scalar    |
|data_78_V_read   |  in |    8|   ap_none  |                                  data_78_V_read                                 |    scalar    |
|data_79_V_read   |  in |    8|   ap_none  |                                  data_79_V_read                                 |    scalar    |
|data_80_V_read   |  in |    8|   ap_none  |                                  data_80_V_read                                 |    scalar    |
|data_81_V_read   |  in |    8|   ap_none  |                                  data_81_V_read                                 |    scalar    |
|data_82_V_read   |  in |    8|   ap_none  |                                  data_82_V_read                                 |    scalar    |
|data_83_V_read   |  in |    8|   ap_none  |                                  data_83_V_read                                 |    scalar    |
|data_84_V_read   |  in |    8|   ap_none  |                                  data_84_V_read                                 |    scalar    |
|data_85_V_read   |  in |    8|   ap_none  |                                  data_85_V_read                                 |    scalar    |
|data_86_V_read   |  in |    8|   ap_none  |                                  data_86_V_read                                 |    scalar    |
|data_87_V_read   |  in |    8|   ap_none  |                                  data_87_V_read                                 |    scalar    |
|data_88_V_read   |  in |    8|   ap_none  |                                  data_88_V_read                                 |    scalar    |
|data_89_V_read   |  in |    8|   ap_none  |                                  data_89_V_read                                 |    scalar    |
|data_90_V_read   |  in |    8|   ap_none  |                                  data_90_V_read                                 |    scalar    |
|data_91_V_read   |  in |    8|   ap_none  |                                  data_91_V_read                                 |    scalar    |
|data_92_V_read   |  in |    8|   ap_none  |                                  data_92_V_read                                 |    scalar    |
|data_93_V_read   |  in |    8|   ap_none  |                                  data_93_V_read                                 |    scalar    |
|data_94_V_read   |  in |    8|   ap_none  |                                  data_94_V_read                                 |    scalar    |
|data_95_V_read   |  in |    8|   ap_none  |                                  data_95_V_read                                 |    scalar    |
|data_96_V_read   |  in |    8|   ap_none  |                                  data_96_V_read                                 |    scalar    |
|data_97_V_read   |  in |    8|   ap_none  |                                  data_97_V_read                                 |    scalar    |
|data_98_V_read   |  in |    8|   ap_none  |                                  data_98_V_read                                 |    scalar    |
|data_99_V_read   |  in |    8|   ap_none  |                                  data_99_V_read                                 |    scalar    |
|data_100_V_read  |  in |    8|   ap_none  |                                 data_100_V_read                                 |    scalar    |
|data_101_V_read  |  in |    8|   ap_none  |                                 data_101_V_read                                 |    scalar    |
|data_102_V_read  |  in |    8|   ap_none  |                                 data_102_V_read                                 |    scalar    |
|data_103_V_read  |  in |    8|   ap_none  |                                 data_103_V_read                                 |    scalar    |
|data_104_V_read  |  in |    8|   ap_none  |                                 data_104_V_read                                 |    scalar    |
|data_105_V_read  |  in |    8|   ap_none  |                                 data_105_V_read                                 |    scalar    |
|data_106_V_read  |  in |    8|   ap_none  |                                 data_106_V_read                                 |    scalar    |
|data_107_V_read  |  in |    8|   ap_none  |                                 data_107_V_read                                 |    scalar    |
|data_108_V_read  |  in |    8|   ap_none  |                                 data_108_V_read                                 |    scalar    |
|data_109_V_read  |  in |    8|   ap_none  |                                 data_109_V_read                                 |    scalar    |
|data_110_V_read  |  in |    8|   ap_none  |                                 data_110_V_read                                 |    scalar    |
|data_111_V_read  |  in |    8|   ap_none  |                                 data_111_V_read                                 |    scalar    |
|data_112_V_read  |  in |    8|   ap_none  |                                 data_112_V_read                                 |    scalar    |
|data_113_V_read  |  in |    8|   ap_none  |                                 data_113_V_read                                 |    scalar    |
|data_114_V_read  |  in |    8|   ap_none  |                                 data_114_V_read                                 |    scalar    |
|data_115_V_read  |  in |    8|   ap_none  |                                 data_115_V_read                                 |    scalar    |
|data_116_V_read  |  in |    8|   ap_none  |                                 data_116_V_read                                 |    scalar    |
|data_117_V_read  |  in |    8|   ap_none  |                                 data_117_V_read                                 |    scalar    |
|data_118_V_read  |  in |    8|   ap_none  |                                 data_118_V_read                                 |    scalar    |
|data_119_V_read  |  in |    8|   ap_none  |                                 data_119_V_read                                 |    scalar    |
|data_120_V_read  |  in |    8|   ap_none  |                                 data_120_V_read                                 |    scalar    |
|data_121_V_read  |  in |    8|   ap_none  |                                 data_121_V_read                                 |    scalar    |
|data_122_V_read  |  in |    8|   ap_none  |                                 data_122_V_read                                 |    scalar    |
|data_123_V_read  |  in |    8|   ap_none  |                                 data_123_V_read                                 |    scalar    |
|data_124_V_read  |  in |    8|   ap_none  |                                 data_124_V_read                                 |    scalar    |
|data_125_V_read  |  in |    8|   ap_none  |                                 data_125_V_read                                 |    scalar    |
|data_126_V_read  |  in |    8|   ap_none  |                                 data_126_V_read                                 |    scalar    |
|data_127_V_read  |  in |    8|   ap_none  |                                 data_127_V_read                                 |    scalar    |
+-----------------+-----+-----+------------+---------------------------------------------------------------------------------+--------------+

