

================================================================
== Vivado HLS Report for 'tanh_ap_fixed_8_2_5_3_0_ap_fixed_8_2_5_3_0_tanh_config6_s'
================================================================
* Date:           Fri May 19 03:37:59 2023

* Version:        2019.2 (Build 2704478 on Wed Nov 06 22:10:23 MST 2019)
* Project:        alveo_hls4ml
* Solution:       solution
* Product family: virtexuplus
* Target device:  xcu50-fsvh2104-2L-e


================================================================
== Performance Estimates
================================================================
+ Timing: 
    * Summary: 
    +--------+---------+----------+------------+
    |  Clock |  Target | Estimated| Uncertainty|
    +--------+---------+----------+------------+
    |ap_clk  | 4.00 ns | 1.350 ns |   0.90 ns  |
    +--------+---------+----------+------------+

+ Latency: 
    * Summary: 
    +---------+---------+----------+----------+-----+-----+----------+
    |  Latency (cycles) |  Latency (absolute) |  Interval | Pipeline |
    |   min   |   max   |    min   |    max   | min | max |   Type   |
    +---------+---------+----------+----------+-----+-----+----------+
    |        1|        1| 4.000 ns | 4.000 ns |    1|    1| function |
    +---------+---------+----------+----------+-----+-----+----------+

    + Detail: 
        * Instance: 
        N/A

        * Loop: 
        N/A



================================================================
== Utilization Estimates
================================================================
* Summary: 
+---------------------+---------+-------+---------+--------+-----+
|         Name        | BRAM_18K| DSP48E|    FF   |   LUT  | URAM|
+---------------------+---------+-------+---------+--------+-----+
|DSP                  |        -|      -|        -|       -|    -|
|Expression           |        -|      -|        0|     708|    -|
|FIFO                 |        -|      -|        -|       -|    -|
|Instance             |        -|      -|        -|       -|    -|
|Memory               |       32|      -|        0|       0|    -|
|Multiplexer          |        -|      -|        -|       -|    -|
|Register             |        -|      -|        2|       -|    -|
+---------------------+---------+-------+---------+--------+-----+
|Total                |       32|      0|        2|     708|    0|
+---------------------+---------+-------+---------+--------+-----+
|Available SLR        |     1344|   2976|   871680|  435840|  320|
+---------------------+---------+-------+---------+--------+-----+
|Utilization SLR (%)  |        2|      0|    ~0   |   ~0   |    0|
+---------------------+---------+-------+---------+--------+-----+
|Available            |     2688|   5952|  1743360|  871680|  640|
+---------------------+---------+-------+---------+--------+-----+
|Utilization (%)      |        1|      0|    ~0   |   ~0   |    0|
+---------------------+---------+-------+---------+--------+-----+

+ Detail: 
    * Instance: 
    N/A

    * DSP48E: 
    N/A

    * Memory: 
    +---------------+------------------------------------------------------------------------+---------+---+----+-----+------+-----+------+-------------+
    |     Memory    |                                 Module                                 | BRAM_18K| FF| LUT| URAM| Words| Bits| Banks| W*Bits*Banks|
    +---------------+------------------------------------------------------------------------+---------+---+----+-----+------+-----+------+-------------+
    |tanh_table2_U  |tanh_ap_fixed_8_2_5_3_0_ap_fixed_8_2_5_3_0_tanh_config2_s_tanh_table12  |       32|  0|   0|    0|  1024|   11|     1|        11264|
    +---------------+------------------------------------------------------------------------+---------+---+----+-----+------+-----+------+-------------+
    |Total          |                                                                        |       32|  0|   0|    0|  1024|   11|     1|        11264|
    +---------------+------------------------------------------------------------------------+---------+---+----+-----+------+-----+------+-------------+

    * FIFO: 
    N/A

    * Expression: 
    +---------------------------+----------+-------+---+----+------------+------------+
    |       Variable Name       | Operation| DSP48E| FF| LUT| Bitwidth P0| Bitwidth P1|
    +---------------------------+----------+-------+---+----+------------+------------+
    |ap_block_pp0_stage0_11001  |    and   |      0|  0|   2|           1|           1|
    |ap_enable_pp0              |    xor   |      0|  0|   2|           1|           2|
    |xor_ln442_10_fu_1553_p2    |    xor   |      0|  0|  11|          10|          11|
    |xor_ln442_11_fu_1576_p2    |    xor   |      0|  0|  11|          10|          11|
    |xor_ln442_12_fu_1599_p2    |    xor   |      0|  0|  11|          10|          11|
    |xor_ln442_13_fu_1622_p2    |    xor   |      0|  0|  11|          10|          11|
    |xor_ln442_14_fu_1645_p2    |    xor   |      0|  0|  11|          10|          11|
    |xor_ln442_15_fu_1668_p2    |    xor   |      0|  0|  11|          10|          11|
    |xor_ln442_16_fu_1691_p2    |    xor   |      0|  0|  11|          10|          11|
    |xor_ln442_17_fu_1714_p2    |    xor   |      0|  0|  11|          10|          11|
    |xor_ln442_18_fu_1737_p2    |    xor   |      0|  0|  11|          10|          11|
    |xor_ln442_19_fu_1760_p2    |    xor   |      0|  0|  11|          10|          11|
    |xor_ln442_1_fu_1346_p2     |    xor   |      0|  0|  11|          10|          11|
    |xor_ln442_20_fu_1783_p2    |    xor   |      0|  0|  11|          10|          11|
    |xor_ln442_21_fu_1806_p2    |    xor   |      0|  0|  11|          10|          11|
    |xor_ln442_22_fu_1829_p2    |    xor   |      0|  0|  11|          10|          11|
    |xor_ln442_23_fu_1852_p2    |    xor   |      0|  0|  11|          10|          11|
    |xor_ln442_24_fu_1875_p2    |    xor   |      0|  0|  11|          10|          11|
    |xor_ln442_25_fu_1898_p2    |    xor   |      0|  0|  11|          10|          11|
    |xor_ln442_26_fu_1921_p2    |    xor   |      0|  0|  11|          10|          11|
    |xor_ln442_27_fu_1944_p2    |    xor   |      0|  0|  11|          10|          11|
    |xor_ln442_28_fu_1967_p2    |    xor   |      0|  0|  11|          10|          11|
    |xor_ln442_29_fu_1990_p2    |    xor   |      0|  0|  11|          10|          11|
    |xor_ln442_2_fu_1369_p2     |    xor   |      0|  0|  11|          10|          11|
    |xor_ln442_30_fu_2013_p2    |    xor   |      0|  0|  11|          10|          11|
    |xor_ln442_31_fu_2036_p2    |    xor   |      0|  0|  11|          10|          11|
    |xor_ln442_32_fu_2059_p2    |    xor   |      0|  0|  11|          10|          11|
    |xor_ln442_33_fu_2082_p2    |    xor   |      0|  0|  11|          10|          11|
    |xor_ln442_34_fu_2105_p2    |    xor   |      0|  0|  11|          10|          11|
    |xor_ln442_35_fu_2128_p2    |    xor   |      0|  0|  11|          10|          11|
    |xor_ln442_36_fu_2151_p2    |    xor   |      0|  0|  11|          10|          11|
    |xor_ln442_37_fu_2174_p2    |    xor   |      0|  0|  11|          10|          11|
    |xor_ln442_38_fu_2197_p2    |    xor   |      0|  0|  11|          10|          11|
    |xor_ln442_39_fu_2220_p2    |    xor   |      0|  0|  11|          10|          11|
    |xor_ln442_3_fu_1392_p2     |    xor   |      0|  0|  11|          10|          11|
    |xor_ln442_40_fu_2243_p2    |    xor   |      0|  0|  11|          10|          11|
    |xor_ln442_41_fu_2266_p2    |    xor   |      0|  0|  11|          10|          11|
    |xor_ln442_42_fu_2289_p2    |    xor   |      0|  0|  11|          10|          11|
    |xor_ln442_43_fu_2312_p2    |    xor   |      0|  0|  11|          10|          11|
    |xor_ln442_44_fu_2335_p2    |    xor   |      0|  0|  11|          10|          11|
    |xor_ln442_45_fu_2358_p2    |    xor   |      0|  0|  11|          10|          11|
    |xor_ln442_46_fu_2381_p2    |    xor   |      0|  0|  11|          10|          11|
    |xor_ln442_47_fu_2404_p2    |    xor   |      0|  0|  11|          10|          11|
    |xor_ln442_48_fu_2427_p2    |    xor   |      0|  0|  11|          10|          11|
    |xor_ln442_49_fu_2450_p2    |    xor   |      0|  0|  11|          10|          11|
    |xor_ln442_4_fu_1415_p2     |    xor   |      0|  0|  11|          10|          11|
    |xor_ln442_50_fu_2473_p2    |    xor   |      0|  0|  11|          10|          11|
    |xor_ln442_51_fu_2496_p2    |    xor   |      0|  0|  11|          10|          11|
    |xor_ln442_52_fu_2519_p2    |    xor   |      0|  0|  11|          10|          11|
    |xor_ln442_53_fu_2542_p2    |    xor   |      0|  0|  11|          10|          11|
    |xor_ln442_54_fu_2565_p2    |    xor   |      0|  0|  11|          10|          11|
    |xor_ln442_55_fu_2588_p2    |    xor   |      0|  0|  11|          10|          11|
    |xor_ln442_56_fu_2611_p2    |    xor   |      0|  0|  11|          10|          11|
    |xor_ln442_57_fu_2634_p2    |    xor   |      0|  0|  11|          10|          11|
    |xor_ln442_58_fu_2657_p2    |    xor   |      0|  0|  11|          10|          11|
    |xor_ln442_59_fu_2680_p2    |    xor   |      0|  0|  11|          10|          11|
    |xor_ln442_5_fu_1438_p2     |    xor   |      0|  0|  11|          10|          11|
    |xor_ln442_60_fu_2703_p2    |    xor   |      0|  0|  11|          10|          11|
    |xor_ln442_61_fu_2726_p2    |    xor   |      0|  0|  11|          10|          11|
    |xor_ln442_62_fu_2749_p2    |    xor   |      0|  0|  11|          10|          11|
    |xor_ln442_63_fu_2772_p2    |    xor   |      0|  0|  11|          10|          11|
    |xor_ln442_6_fu_1461_p2     |    xor   |      0|  0|  11|          10|          11|
    |xor_ln442_7_fu_1484_p2     |    xor   |      0|  0|  11|          10|          11|
    |xor_ln442_8_fu_1507_p2     |    xor   |      0|  0|  11|          10|          11|
    |xor_ln442_9_fu_1530_p2     |    xor   |      0|  0|  11|          10|          11|
    |xor_ln442_fu_1323_p2       |    xor   |      0|  0|  11|          10|          11|
    +---------------------------+----------+-------+---+----+------------+------------+
    |Total                      |          |      0|  0| 708|         642|         707|
    +---------------------------+----------+-------+---+----+------------+------------+

    * Multiplexer: 
    N/A

    * Register: 
    +-------------------------+---+----+-----+-----------+
    |           Name          | FF| LUT| Bits| Const Bits|
    +-------------------------+---+----+-----+-----------+
    |ap_CS_fsm                |  1|   0|    1|          0|
    |ap_enable_reg_pp0_iter1  |  1|   0|    1|          0|
    +-------------------------+---+----+-----+-----------+
    |Total                    |  2|   0|    2|          0|
    +-------------------------+---+----+-----+-----------+



================================================================
== Interface
================================================================
* Summary: 
+----------------+-----+-----+------------+----------------------------------------------------------------------+--------------+
|    RTL Ports   | Dir | Bits|  Protocol  |                             Source Object                            |    C Type    |
+----------------+-----+-----+------------+----------------------------------------------------------------------+--------------+
|ap_clk          |  in |    1| ap_ctrl_hs | tanh<ap_fixed<8, 2, 5, 3, 0>, ap_fixed<8, 2, 5, 3, 0>, tanh_config6> | return value |
|ap_rst          |  in |    1| ap_ctrl_hs | tanh<ap_fixed<8, 2, 5, 3, 0>, ap_fixed<8, 2, 5, 3, 0>, tanh_config6> | return value |
|ap_start        |  in |    1| ap_ctrl_hs | tanh<ap_fixed<8, 2, 5, 3, 0>, ap_fixed<8, 2, 5, 3, 0>, tanh_config6> | return value |
|ap_done         | out |    1| ap_ctrl_hs | tanh<ap_fixed<8, 2, 5, 3, 0>, ap_fixed<8, 2, 5, 3, 0>, tanh_config6> | return value |
|ap_idle         | out |    1| ap_ctrl_hs | tanh<ap_fixed<8, 2, 5, 3, 0>, ap_fixed<8, 2, 5, 3, 0>, tanh_config6> | return value |
|ap_ready        | out |    1| ap_ctrl_hs | tanh<ap_fixed<8, 2, 5, 3, 0>, ap_fixed<8, 2, 5, 3, 0>, tanh_config6> | return value |
|ap_return_0     | out |    8| ap_ctrl_hs | tanh<ap_fixed<8, 2, 5, 3, 0>, ap_fixed<8, 2, 5, 3, 0>, tanh_config6> | return value |
|ap_return_1     | out |    8| ap_ctrl_hs | tanh<ap_fixed<8, 2, 5, 3, 0>, ap_fixed<8, 2, 5, 3, 0>, tanh_config6> | return value |
|ap_return_2     | out |    8| ap_ctrl_hs | tanh<ap_fixed<8, 2, 5, 3, 0>, ap_fixed<8, 2, 5, 3, 0>, tanh_config6> | return value |
|ap_return_3     | out |    8| ap_ctrl_hs | tanh<ap_fixed<8, 2, 5, 3, 0>, ap_fixed<8, 2, 5, 3, 0>, tanh_config6> | return value |
|ap_return_4     | out |    8| ap_ctrl_hs | tanh<ap_fixed<8, 2, 5, 3, 0>, ap_fixed<8, 2, 5, 3, 0>, tanh_config6> | return value |
|ap_return_5     | out |    8| ap_ctrl_hs | tanh<ap_fixed<8, 2, 5, 3, 0>, ap_fixed<8, 2, 5, 3, 0>, tanh_config6> | return value |
|ap_return_6     | out |    8| ap_ctrl_hs | tanh<ap_fixed<8, 2, 5, 3, 0>, ap_fixed<8, 2, 5, 3, 0>, tanh_config6> | return value |
|ap_return_7     | out |    8| ap_ctrl_hs | tanh<ap_fixed<8, 2, 5, 3, 0>, ap_fixed<8, 2, 5, 3, 0>, tanh_config6> | return value |
|ap_return_8     | out |    8| ap_ctrl_hs | tanh<ap_fixed<8, 2, 5, 3, 0>, ap_fixed<8, 2, 5, 3, 0>, tanh_config6> | return value |
|ap_return_9     | out |    8| ap_ctrl_hs | tanh<ap_fixed<8, 2, 5, 3, 0>, ap_fixed<8, 2, 5, 3, 0>, tanh_config6> | return value |
|ap_return_10    | out |    8| ap_ctrl_hs | tanh<ap_fixed<8, 2, 5, 3, 0>, ap_fixed<8, 2, 5, 3, 0>, tanh_config6> | return value |
|ap_return_11    | out |    8| ap_ctrl_hs | tanh<ap_fixed<8, 2, 5, 3, 0>, ap_fixed<8, 2, 5, 3, 0>, tanh_config6> | return value |
|ap_return_12    | out |    8| ap_ctrl_hs | tanh<ap_fixed<8, 2, 5, 3, 0>, ap_fixed<8, 2, 5, 3, 0>, tanh_config6> | return value |
|ap_return_13    | out |    8| ap_ctrl_hs | tanh<ap_fixed<8, 2, 5, 3, 0>, ap_fixed<8, 2, 5, 3, 0>, tanh_config6> | return value |
|ap_return_14    | out |    8| ap_ctrl_hs | tanh<ap_fixed<8, 2, 5, 3, 0>, ap_fixed<8, 2, 5, 3, 0>, tanh_config6> | return value |
|ap_return_15    | out |    8| ap_ctrl_hs | tanh<ap_fixed<8, 2, 5, 3, 0>, ap_fixed<8, 2, 5, 3, 0>, tanh_config6> | return value |
|ap_return_16    | out |    8| ap_ctrl_hs | tanh<ap_fixed<8, 2, 5, 3, 0>, ap_fixed<8, 2, 5, 3, 0>, tanh_config6> | return value |
|ap_return_17    | out |    8| ap_ctrl_hs | tanh<ap_fixed<8, 2, 5, 3, 0>, ap_fixed<8, 2, 5, 3, 0>, tanh_config6> | return value |
|ap_return_18    | out |    8| ap_ctrl_hs | tanh<ap_fixed<8, 2, 5, 3, 0>, ap_fixed<8, 2, 5, 3, 0>, tanh_config6> | return value |
|ap_return_19    | out |    8| ap_ctrl_hs | tanh<ap_fixed<8, 2, 5, 3, 0>, ap_fixed<8, 2, 5, 3, 0>, tanh_config6> | return value |
|ap_return_20    | out |    8| ap_ctrl_hs | tanh<ap_fixed<8, 2, 5, 3, 0>, ap_fixed<8, 2, 5, 3, 0>, tanh_config6> | return value |
|ap_return_21    | out |    8| ap_ctrl_hs | tanh<ap_fixed<8, 2, 5, 3, 0>, ap_fixed<8, 2, 5, 3, 0>, tanh_config6> | return value |
|ap_return_22    | out |    8| ap_ctrl_hs | tanh<ap_fixed<8, 2, 5, 3, 0>, ap_fixed<8, 2, 5, 3, 0>, tanh_config6> | return value |
|ap_return_23    | out |    8| ap_ctrl_hs | tanh<ap_fixed<8, 2, 5, 3, 0>, ap_fixed<8, 2, 5, 3, 0>, tanh_config6> | return value |
|ap_return_24    | out |    8| ap_ctrl_hs | tanh<ap_fixed<8, 2, 5, 3, 0>, ap_fixed<8, 2, 5, 3, 0>, tanh_config6> | return value |
|ap_return_25    | out |    8| ap_ctrl_hs | tanh<ap_fixed<8, 2, 5, 3, 0>, ap_fixed<8, 2, 5, 3, 0>, tanh_config6> | return value |
|ap_return_26    | out |    8| ap_ctrl_hs | tanh<ap_fixed<8, 2, 5, 3, 0>, ap_fixed<8, 2, 5, 3, 0>, tanh_config6> | return value |
|ap_return_27    | out |    8| ap_ctrl_hs | tanh<ap_fixed<8, 2, 5, 3, 0>, ap_fixed<8, 2, 5, 3, 0>, tanh_config6> | return value |
|ap_return_28    | out |    8| ap_ctrl_hs | tanh<ap_fixed<8, 2, 5, 3, 0>, ap_fixed<8, 2, 5, 3, 0>, tanh_config6> | return value |
|ap_return_29    | out |    8| ap_ctrl_hs | tanh<ap_fixed<8, 2, 5, 3, 0>, ap_fixed<8, 2, 5, 3, 0>, tanh_config6> | return value |
|ap_return_30    | out |    8| ap_ctrl_hs | tanh<ap_fixed<8, 2, 5, 3, 0>, ap_fixed<8, 2, 5, 3, 0>, tanh_config6> | return value |
|ap_return_31    | out |    8| ap_ctrl_hs | tanh<ap_fixed<8, 2, 5, 3, 0>, ap_fixed<8, 2, 5, 3, 0>, tanh_config6> | return value |
|ap_return_32    | out |    8| ap_ctrl_hs | tanh<ap_fixed<8, 2, 5, 3, 0>, ap_fixed<8, 2, 5, 3, 0>, tanh_config6> | return value |
|ap_return_33    | out |    8| ap_ctrl_hs | tanh<ap_fixed<8, 2, 5, 3, 0>, ap_fixed<8, 2, 5, 3, 0>, tanh_config6> | return value |
|ap_return_34    | out |    8| ap_ctrl_hs | tanh<ap_fixed<8, 2, 5, 3, 0>, ap_fixed<8, 2, 5, 3, 0>, tanh_config6> | return value |
|ap_return_35    | out |    8| ap_ctrl_hs | tanh<ap_fixed<8, 2, 5, 3, 0>, ap_fixed<8, 2, 5, 3, 0>, tanh_config6> | return value |
|ap_return_36    | out |    8| ap_ctrl_hs | tanh<ap_fixed<8, 2, 5, 3, 0>, ap_fixed<8, 2, 5, 3, 0>, tanh_config6> | return value |
|ap_return_37    | out |    8| ap_ctrl_hs | tanh<ap_fixed<8, 2, 5, 3, 0>, ap_fixed<8, 2, 5, 3, 0>, tanh_config6> | return value |
|ap_return_38    | out |    8| ap_ctrl_hs | tanh<ap_fixed<8, 2, 5, 3, 0>, ap_fixed<8, 2, 5, 3, 0>, tanh_config6> | return value |
|ap_return_39    | out |    8| ap_ctrl_hs | tanh<ap_fixed<8, 2, 5, 3, 0>, ap_fixed<8, 2, 5, 3, 0>, tanh_config6> | return value |
|ap_return_40    | out |    8| ap_ctrl_hs | tanh<ap_fixed<8, 2, 5, 3, 0>, ap_fixed<8, 2, 5, 3, 0>, tanh_config6> | return value |
|ap_return_41    | out |    8| ap_ctrl_hs | tanh<ap_fixed<8, 2, 5, 3, 0>, ap_fixed<8, 2, 5, 3, 0>, tanh_config6> | return value |
|ap_return_42    | out |    8| ap_ctrl_hs | tanh<ap_fixed<8, 2, 5, 3, 0>, ap_fixed<8, 2, 5, 3, 0>, tanh_config6> | return value |
|ap_return_43    | out |    8| ap_ctrl_hs | tanh<ap_fixed<8, 2, 5, 3, 0>, ap_fixed<8, 2, 5, 3, 0>, tanh_config6> | return value |
|ap_return_44    | out |    8| ap_ctrl_hs | tanh<ap_fixed<8, 2, 5, 3, 0>, ap_fixed<8, 2, 5, 3, 0>, tanh_config6> | return value |
|ap_return_45    | out |    8| ap_ctrl_hs | tanh<ap_fixed<8, 2, 5, 3, 0>, ap_fixed<8, 2, 5, 3, 0>, tanh_config6> | return value |
|ap_return_46    | out |    8| ap_ctrl_hs | tanh<ap_fixed<8, 2, 5, 3, 0>, ap_fixed<8, 2, 5, 3, 0>, tanh_config6> | return value |
|ap_return_47    | out |    8| ap_ctrl_hs | tanh<ap_fixed<8, 2, 5, 3, 0>, ap_fixed<8, 2, 5, 3, 0>, tanh_config6> | return value |
|ap_return_48    | out |    8| ap_ctrl_hs | tanh<ap_fixed<8, 2, 5, 3, 0>, ap_fixed<8, 2, 5, 3, 0>, tanh_config6> | return value |
|ap_return_49    | out |    8| ap_ctrl_hs | tanh<ap_fixed<8, 2, 5, 3, 0>, ap_fixed<8, 2, 5, 3, 0>, tanh_config6> | return value |
|ap_return_50    | out |    8| ap_ctrl_hs | tanh<ap_fixed<8, 2, 5, 3, 0>, ap_fixed<8, 2, 5, 3, 0>, tanh_config6> | return value |
|ap_return_51    | out |    8| ap_ctrl_hs | tanh<ap_fixed<8, 2, 5, 3, 0>, ap_fixed<8, 2, 5, 3, 0>, tanh_config6> | return value |
|ap_return_52    | out |    8| ap_ctrl_hs | tanh<ap_fixed<8, 2, 5, 3, 0>, ap_fixed<8, 2, 5, 3, 0>, tanh_config6> | return value |
|ap_return_53    | out |    8| ap_ctrl_hs | tanh<ap_fixed<8, 2, 5, 3, 0>, ap_fixed<8, 2, 5, 3, 0>, tanh_config6> | return value |
|ap_return_54    | out |    8| ap_ctrl_hs | tanh<ap_fixed<8, 2, 5, 3, 0>, ap_fixed<8, 2, 5, 3, 0>, tanh_config6> | return value |
|ap_return_55    | out |    8| ap_ctrl_hs | tanh<ap_fixed<8, 2, 5, 3, 0>, ap_fixed<8, 2, 5, 3, 0>, tanh_config6> | return value |
|ap_return_56    | out |    8| ap_ctrl_hs | tanh<ap_fixed<8, 2, 5, 3, 0>, ap_fixed<8, 2, 5, 3, 0>, tanh_config6> | return value |
|ap_return_57    | out |    8| ap_ctrl_hs | tanh<ap_fixed<8, 2, 5, 3, 0>, ap_fixed<8, 2, 5, 3, 0>, tanh_config6> | return value |
|ap_return_58    | out |    8| ap_ctrl_hs | tanh<ap_fixed<8, 2, 5, 3, 0>, ap_fixed<8, 2, 5, 3, 0>, tanh_config6> | return value |
|ap_return_59    | out |    8| ap_ctrl_hs | tanh<ap_fixed<8, 2, 5, 3, 0>, ap_fixed<8, 2, 5, 3, 0>, tanh_config6> | return value |
|ap_return_60    | out |    8| ap_ctrl_hs | tanh<ap_fixed<8, 2, 5, 3, 0>, ap_fixed<8, 2, 5, 3, 0>, tanh_config6> | return value |
|ap_return_61    | out |    8| ap_ctrl_hs | tanh<ap_fixed<8, 2, 5, 3, 0>, ap_fixed<8, 2, 5, 3, 0>, tanh_config6> | return value |
|ap_return_62    | out |    8| ap_ctrl_hs | tanh<ap_fixed<8, 2, 5, 3, 0>, ap_fixed<8, 2, 5, 3, 0>, tanh_config6> | return value |
|ap_return_63    | out |    8| ap_ctrl_hs | tanh<ap_fixed<8, 2, 5, 3, 0>, ap_fixed<8, 2, 5, 3, 0>, tanh_config6> | return value |
|data_0_V_read   |  in |    8|   ap_none  |                             data_0_V_read                            |    scalar    |
|data_1_V_read   |  in |    8|   ap_none  |                             data_1_V_read                            |    scalar    |
|data_2_V_read   |  in |    8|   ap_none  |                             data_2_V_read                            |    scalar    |
|data_3_V_read   |  in |    8|   ap_none  |                             data_3_V_read                            |    scalar    |
|data_4_V_read   |  in |    8|   ap_none  |                             data_4_V_read                            |    scalar    |
|data_5_V_read   |  in |    8|   ap_none  |                             data_5_V_read                            |    scalar    |
|data_6_V_read   |  in |    8|   ap_none  |                             data_6_V_read                            |    scalar    |
|data_7_V_read   |  in |    8|   ap_none  |                             data_7_V_read                            |    scalar    |
|data_8_V_read   |  in |    8|   ap_none  |                             data_8_V_read                            |    scalar    |
|data_9_V_read   |  in |    8|   ap_none  |                             data_9_V_read                            |    scalar    |
|data_10_V_read  |  in |    8|   ap_none  |                            data_10_V_read                            |    scalar    |
|data_11_V_read  |  in |    8|   ap_none  |                            data_11_V_read                            |    scalar    |
|data_12_V_read  |  in |    8|   ap_none  |                            data_12_V_read                            |    scalar    |
|data_13_V_read  |  in |    8|   ap_none  |                            data_13_V_read                            |    scalar    |
|data_14_V_read  |  in |    8|   ap_none  |                            data_14_V_read                            |    scalar    |
|data_15_V_read  |  in |    8|   ap_none  |                            data_15_V_read                            |    scalar    |
|data_16_V_read  |  in |    8|   ap_none  |                            data_16_V_read                            |    scalar    |
|data_17_V_read  |  in |    8|   ap_none  |                            data_17_V_read                            |    scalar    |
|data_18_V_read  |  in |    8|   ap_none  |                            data_18_V_read                            |    scalar    |
|data_19_V_read  |  in |    8|   ap_none  |                            data_19_V_read                            |    scalar    |
|data_20_V_read  |  in |    8|   ap_none  |                            data_20_V_read                            |    scalar    |
|data_21_V_read  |  in |    8|   ap_none  |                            data_21_V_read                            |    scalar    |
|data_22_V_read  |  in |    8|   ap_none  |                            data_22_V_read                            |    scalar    |
|data_23_V_read  |  in |    8|   ap_none  |                            data_23_V_read                            |    scalar    |
|data_24_V_read  |  in |    8|   ap_none  |                            data_24_V_read                            |    scalar    |
|data_25_V_read  |  in |    8|   ap_none  |                            data_25_V_read                            |    scalar    |
|data_26_V_read  |  in |    8|   ap_none  |                            data_26_V_read                            |    scalar    |
|data_27_V_read  |  in |    8|   ap_none  |                            data_27_V_read                            |    scalar    |
|data_28_V_read  |  in |    8|   ap_none  |                            data_28_V_read                            |    scalar    |
|data_29_V_read  |  in |    8|   ap_none  |                            data_29_V_read                            |    scalar    |
|data_30_V_read  |  in |    8|   ap_none  |                            data_30_V_read                            |    scalar    |
|data_31_V_read  |  in |    8|   ap_none  |                            data_31_V_read                            |    scalar    |
|data_32_V_read  |  in |    8|   ap_none  |                            data_32_V_read                            |    scalar    |
|data_33_V_read  |  in |    8|   ap_none  |                            data_33_V_read                            |    scalar    |
|data_34_V_read  |  in |    8|   ap_none  |                            data_34_V_read                            |    scalar    |
|data_35_V_read  |  in |    8|   ap_none  |                            data_35_V_read                            |    scalar    |
|data_36_V_read  |  in |    8|   ap_none  |                            data_36_V_read                            |    scalar    |
|data_37_V_read  |  in |    8|   ap_none  |                            data_37_V_read                            |    scalar    |
|data_38_V_read  |  in |    8|   ap_none  |                            data_38_V_read                            |    scalar    |
|data_39_V_read  |  in |    8|   ap_none  |                            data_39_V_read                            |    scalar    |
|data_40_V_read  |  in |    8|   ap_none  |                            data_40_V_read                            |    scalar    |
|data_41_V_read  |  in |    8|   ap_none  |                            data_41_V_read                            |    scalar    |
|data_42_V_read  |  in |    8|   ap_none  |                            data_42_V_read                            |    scalar    |
|data_43_V_read  |  in |    8|   ap_none  |                            data_43_V_read                            |    scalar    |
|data_44_V_read  |  in |    8|   ap_none  |                            data_44_V_read                            |    scalar    |
|data_45_V_read  |  in |    8|   ap_none  |                            data_45_V_read                            |    scalar    |
|data_46_V_read  |  in |    8|   ap_none  |                            data_46_V_read                            |    scalar    |
|data_47_V_read  |  in |    8|   ap_none  |                            data_47_V_read                            |    scalar    |
|data_48_V_read  |  in |    8|   ap_none  |                            data_48_V_read                            |    scalar    |
|data_49_V_read  |  in |    8|   ap_none  |                            data_49_V_read                            |    scalar    |
|data_50_V_read  |  in |    8|   ap_none  |                            data_50_V_read                            |    scalar    |
|data_51_V_read  |  in |    8|   ap_none  |                            data_51_V_read                            |    scalar    |
|data_52_V_read  |  in |    8|   ap_none  |                            data_52_V_read                            |    scalar    |
|data_53_V_read  |  in |    8|   ap_none  |                            data_53_V_read                            |    scalar    |
|data_54_V_read  |  in |    8|   ap_none  |                            data_54_V_read                            |    scalar    |
|data_55_V_read  |  in |    8|   ap_none  |                            data_55_V_read                            |    scalar    |
|data_56_V_read  |  in |    8|   ap_none  |                            data_56_V_read                            |    scalar    |
|data_57_V_read  |  in |    8|   ap_none  |                            data_57_V_read                            |    scalar    |
|data_58_V_read  |  in |    8|   ap_none  |                            data_58_V_read                            |    scalar    |
|data_59_V_read  |  in |    8|   ap_none  |                            data_59_V_read                            |    scalar    |
|data_60_V_read  |  in |    8|   ap_none  |                            data_60_V_read                            |    scalar    |
|data_61_V_read  |  in |    8|   ap_none  |                            data_61_V_read                            |    scalar    |
|data_62_V_read  |  in |    8|   ap_none  |                            data_62_V_read                            |    scalar    |
|data_63_V_read  |  in |    8|   ap_none  |                            data_63_V_read                            |    scalar    |
+----------------+-----+-----+------------+----------------------------------------------------------------------+--------------+

