

================================================================
== Vitis HLS Report for 'VITIS_LOOP_92_6_proc'
================================================================
* Date:           Wed Jul  5 09:56:26 2023

* Version:        2022.2 (Build 3670227 on Oct 13 2022)
* Project:        alveo_hls4ml
* Solution:       solution (Vitis Kernel Flow Target)
* Product family: virtexuplus
* Target device:  xcu55c-fsvh2892-2L-e


================================================================
== Performance Estimates
================================================================
+ Timing: 
    * Summary: 
    +--------+---------+----------+------------+
    |  Clock |  Target | Estimated| Uncertainty|
    +--------+---------+----------+------------+
    |ap_clk  |  4.00 ns|  2.598 ns|     1.08 ns|
    +--------+---------+----------+------------+

+ Latency: 
    * Summary: 
    +---------+---------+----------+----------+-----+-----+---------+
    |  Latency (cycles) |  Latency (absolute) |  Interval | Pipeline|
    |   min   |   max   |    min   |    max   | min | max |   Type  |
    +---------+---------+----------+----------+-----+-----+---------+
    |       75|       75|  0.300 us|  0.300 us|   75|   75|       no|
    +---------+---------+----------+----------+-----+-----+---------+

    + Detail: 
        * Instance: 
        N/A

        * Loop: 
        +-------------------+---------+---------+----------+-----------+-----------+------+----------+
        |                   |  Latency (cycles) | Iteration|  Initiation Interval  | Trip |          |
        |     Loop Name     |   min   |   max   |  Latency |  achieved |   target  | Count| Pipelined|
        +-------------------+---------+---------+----------+-----------+-----------+------+----------+
        |- VITIS_LOOP_92_6  |       73|       73|         2|          1|          1|    73|       yes|
        +-------------------+---------+---------+----------+-----------+-----------+------+----------+



================================================================
== Utilization Estimates
================================================================
* Summary: 
+---------------------+---------+------+---------+---------+-----+
|         Name        | BRAM_18K|  DSP |    FF   |   LUT   | URAM|
+---------------------+---------+------+---------+---------+-----+
|DSP                  |        -|     -|        -|        -|    -|
|Expression           |        -|     -|        0|       32|    -|
|FIFO                 |        -|     -|        -|        -|    -|
|Instance             |        -|     -|        -|        -|    -|
|Memory               |        -|     -|        -|        -|    -|
|Multiplexer          |        -|     -|        -|      675|    -|
|Register             |        -|     -|       11|        -|    -|
+---------------------+---------+------+---------+---------+-----+
|Total                |        0|     0|       11|      707|    0|
+---------------------+---------+------+---------+---------+-----+
|Available SLR        |     1344|  3008|   869120|   434560|  320|
+---------------------+---------+------+---------+---------+-----+
|Utilization SLR (%)  |        0|     0|       ~0|       ~0|    0|
+---------------------+---------+------+---------+---------+-----+
|Available            |     4032|  9024|  2607360|  1303680|  960|
+---------------------+---------+------+---------+---------+-----+
|Utilization (%)      |        0|     0|       ~0|       ~0|    0|
+---------------------+---------+------+---------+---------+-----+

+ Detail: 
    * Instance: 
    N/A

    * DSP: 
    N/A

    * Memory: 
    N/A

    * FIFO: 
    N/A

    * Expression: 
    +----------------------------------+----------+----+---+----+------------+------------+
    |           Variable Name          | Operation| DSP| FF| LUT| Bitwidth P0| Bitwidth P1|
    +----------------------------------+----------+----+---+----+------------+------------+
    |add_ln92_fu_973_p2                |         +|   0|  0|  14|           7|           1|
    |ap_condition_728                  |       and|   0|  0|   2|           1|           1|
    |icmp_ln92_fu_967_p2               |      icmp|   0|  0|  10|           7|           7|
    |ap_block_pp0_stage0_01001         |        or|   0|  0|   2|           1|           1|
    |ap_block_state2_pp0_stage0_iter1  |        or|   0|  0|   2|           1|           1|
    |ap_enable_pp0                     |       xor|   0|  0|   2|           1|           2|
    +----------------------------------+----------+----+---+----+------------+------------+
    |Total                             |          |   0|  0|  32|          18|          13|
    +----------------------------------+----------+----+---+----+------------+------------+

    * Multiplexer: 
    +-------------------------+----+-----------+-----+-----------+
    |           Name          | LUT| Input Size| Bits| Total Bits|
    +-------------------------+----+-----------+-----+-----------+
    |ap_done_int              |   9|          2|    1|          2|
    |ap_enable_reg_pp0_iter1  |   9|          2|    1|          2|
    |ap_sig_allocacmp_i0_1    |   9|          2|    7|         14|
    |i0_fu_452                |   9|          2|    7|         14|
    |in_stream1_0_blk_n       |   9|          2|    1|          2|
    |in_stream1_10_blk_n      |   9|          2|    1|          2|
    |in_stream1_11_blk_n      |   9|          2|    1|          2|
    |in_stream1_12_blk_n      |   9|          2|    1|          2|
    |in_stream1_13_blk_n      |   9|          2|    1|          2|
    |in_stream1_14_blk_n      |   9|          2|    1|          2|
    |in_stream1_15_blk_n      |   9|          2|    1|          2|
    |in_stream1_16_blk_n      |   9|          2|    1|          2|
    |in_stream1_17_blk_n      |   9|          2|    1|          2|
    |in_stream1_18_blk_n      |   9|          2|    1|          2|
    |in_stream1_19_blk_n      |   9|          2|    1|          2|
    |in_stream1_1_blk_n       |   9|          2|    1|          2|
    |in_stream1_20_blk_n      |   9|          2|    1|          2|
    |in_stream1_21_blk_n      |   9|          2|    1|          2|
    |in_stream1_22_blk_n      |   9|          2|    1|          2|
    |in_stream1_23_blk_n      |   9|          2|    1|          2|
    |in_stream1_24_blk_n      |   9|          2|    1|          2|
    |in_stream1_25_blk_n      |   9|          2|    1|          2|
    |in_stream1_26_blk_n      |   9|          2|    1|          2|
    |in_stream1_27_blk_n      |   9|          2|    1|          2|
    |in_stream1_28_blk_n      |   9|          2|    1|          2|
    |in_stream1_29_blk_n      |   9|          2|    1|          2|
    |in_stream1_2_blk_n       |   9|          2|    1|          2|
    |in_stream1_30_blk_n      |   9|          2|    1|          2|
    |in_stream1_31_blk_n      |   9|          2|    1|          2|
    |in_stream1_32_blk_n      |   9|          2|    1|          2|
    |in_stream1_33_blk_n      |   9|          2|    1|          2|
    |in_stream1_34_blk_n      |   9|          2|    1|          2|
    |in_stream1_35_blk_n      |   9|          2|    1|          2|
    |in_stream1_36_blk_n      |   9|          2|    1|          2|
    |in_stream1_37_blk_n      |   9|          2|    1|          2|
    |in_stream1_38_blk_n      |   9|          2|    1|          2|
    |in_stream1_39_blk_n      |   9|          2|    1|          2|
    |in_stream1_3_blk_n       |   9|          2|    1|          2|
    |in_stream1_40_blk_n      |   9|          2|    1|          2|
    |in_stream1_41_blk_n      |   9|          2|    1|          2|
    |in_stream1_42_blk_n      |   9|          2|    1|          2|
    |in_stream1_43_blk_n      |   9|          2|    1|          2|
    |in_stream1_44_blk_n      |   9|          2|    1|          2|
    |in_stream1_45_blk_n      |   9|          2|    1|          2|
    |in_stream1_46_blk_n      |   9|          2|    1|          2|
    |in_stream1_47_blk_n      |   9|          2|    1|          2|
    |in_stream1_48_blk_n      |   9|          2|    1|          2|
    |in_stream1_49_blk_n      |   9|          2|    1|          2|
    |in_stream1_4_blk_n       |   9|          2|    1|          2|
    |in_stream1_50_blk_n      |   9|          2|    1|          2|
    |in_stream1_51_blk_n      |   9|          2|    1|          2|
    |in_stream1_52_blk_n      |   9|          2|    1|          2|
    |in_stream1_53_blk_n      |   9|          2|    1|          2|
    |in_stream1_54_blk_n      |   9|          2|    1|          2|
    |in_stream1_55_blk_n      |   9|          2|    1|          2|
    |in_stream1_56_blk_n      |   9|          2|    1|          2|
    |in_stream1_57_blk_n      |   9|          2|    1|          2|
    |in_stream1_58_blk_n      |   9|          2|    1|          2|
    |in_stream1_59_blk_n      |   9|          2|    1|          2|
    |in_stream1_5_blk_n       |   9|          2|    1|          2|
    |in_stream1_60_blk_n      |   9|          2|    1|          2|
    |in_stream1_61_blk_n      |   9|          2|    1|          2|
    |in_stream1_62_blk_n      |   9|          2|    1|          2|
    |in_stream1_63_blk_n      |   9|          2|    1|          2|
    |in_stream1_64_blk_n      |   9|          2|    1|          2|
    |in_stream1_65_blk_n      |   9|          2|    1|          2|
    |in_stream1_66_blk_n      |   9|          2|    1|          2|
    |in_stream1_67_blk_n      |   9|          2|    1|          2|
    |in_stream1_68_blk_n      |   9|          2|    1|          2|
    |in_stream1_69_blk_n      |   9|          2|    1|          2|
    |in_stream1_6_blk_n       |   9|          2|    1|          2|
    |in_stream1_7_blk_n       |   9|          2|    1|          2|
    |in_stream1_8_blk_n       |   9|          2|    1|          2|
    |in_stream1_9_blk_n       |   9|          2|    1|          2|
    |real_start               |   9|          2|    1|          2|
    +-------------------------+----+-----------+-----+-----------+
    |Total                    | 675|        150|   87|        174|
    +-------------------------+----+-----------+-----+-----------+

    * Register: 
    +-------------------------+---+----+-----+-----------+
    |           Name          | FF| LUT| Bits| Const Bits|
    +-------------------------+---+----+-----+-----------+
    |ap_CS_fsm                |  1|   0|    1|          0|
    |ap_done_reg              |  1|   0|    1|          0|
    |ap_enable_reg_pp0_iter1  |  1|   0|    1|          0|
    |i0_fu_452                |  7|   0|    7|          0|
    |start_once_reg           |  1|   0|    1|          0|
    +-------------------------+---+----+-----+-----------+
    |Total                    | 11|   0|   11|          0|
    +-------------------------+---+----+-----+-----------+



================================================================
== Interface
================================================================
* Summary: 
+------------------------------+-----+-----+------------+----------------------+--------------+
|           RTL Ports          | Dir | Bits|  Protocol  |     Source Object    |    C Type    |
+------------------------------+-----+-----+------------+----------------------+--------------+
|ap_clk                        |   in|    1|  ap_ctrl_hs|  VITIS_LOOP_92_6_proc|  return value|
|ap_rst                        |   in|    1|  ap_ctrl_hs|  VITIS_LOOP_92_6_proc|  return value|
|ap_start                      |   in|    1|  ap_ctrl_hs|  VITIS_LOOP_92_6_proc|  return value|
|start_full_n                  |   in|    1|  ap_ctrl_hs|  VITIS_LOOP_92_6_proc|  return value|
|ap_done                       |  out|    1|  ap_ctrl_hs|  VITIS_LOOP_92_6_proc|  return value|
|ap_continue                   |   in|    1|  ap_ctrl_hs|  VITIS_LOOP_92_6_proc|  return value|
|ap_idle                       |  out|    1|  ap_ctrl_hs|  VITIS_LOOP_92_6_proc|  return value|
|ap_ready                      |  out|    1|  ap_ctrl_hs|  VITIS_LOOP_92_6_proc|  return value|
|start_out                     |  out|    1|  ap_ctrl_hs|  VITIS_LOOP_92_6_proc|  return value|
|start_write                   |  out|    1|  ap_ctrl_hs|  VITIS_LOOP_92_6_proc|  return value|
|in_stream1_0_din              |  out|    8|     ap_fifo|          in_stream1_0|       pointer|
|in_stream1_0_num_data_valid   |   in|    8|     ap_fifo|          in_stream1_0|       pointer|
|in_stream1_0_fifo_cap         |   in|    8|     ap_fifo|          in_stream1_0|       pointer|
|in_stream1_0_full_n           |   in|    1|     ap_fifo|          in_stream1_0|       pointer|
|in_stream1_0_write            |  out|    1|     ap_fifo|          in_stream1_0|       pointer|
|in_stream1_1_din              |  out|    8|     ap_fifo|          in_stream1_1|       pointer|
|in_stream1_1_num_data_valid   |   in|    8|     ap_fifo|          in_stream1_1|       pointer|
|in_stream1_1_fifo_cap         |   in|    8|     ap_fifo|          in_stream1_1|       pointer|
|in_stream1_1_full_n           |   in|    1|     ap_fifo|          in_stream1_1|       pointer|
|in_stream1_1_write            |  out|    1|     ap_fifo|          in_stream1_1|       pointer|
|in_stream1_2_din              |  out|    8|     ap_fifo|          in_stream1_2|       pointer|
|in_stream1_2_num_data_valid   |   in|    8|     ap_fifo|          in_stream1_2|       pointer|
|in_stream1_2_fifo_cap         |   in|    8|     ap_fifo|          in_stream1_2|       pointer|
|in_stream1_2_full_n           |   in|    1|     ap_fifo|          in_stream1_2|       pointer|
|in_stream1_2_write            |  out|    1|     ap_fifo|          in_stream1_2|       pointer|
|in_stream1_3_din              |  out|    8|     ap_fifo|          in_stream1_3|       pointer|
|in_stream1_3_num_data_valid   |   in|    8|     ap_fifo|          in_stream1_3|       pointer|
|in_stream1_3_fifo_cap         |   in|    8|     ap_fifo|          in_stream1_3|       pointer|
|in_stream1_3_full_n           |   in|    1|     ap_fifo|          in_stream1_3|       pointer|
|in_stream1_3_write            |  out|    1|     ap_fifo|          in_stream1_3|       pointer|
|in_stream1_4_din              |  out|    8|     ap_fifo|          in_stream1_4|       pointer|
|in_stream1_4_num_data_valid   |   in|    8|     ap_fifo|          in_stream1_4|       pointer|
|in_stream1_4_fifo_cap         |   in|    8|     ap_fifo|          in_stream1_4|       pointer|
|in_stream1_4_full_n           |   in|    1|     ap_fifo|          in_stream1_4|       pointer|
|in_stream1_4_write            |  out|    1|     ap_fifo|          in_stream1_4|       pointer|
|in_stream1_5_din              |  out|    8|     ap_fifo|          in_stream1_5|       pointer|
|in_stream1_5_num_data_valid   |   in|    8|     ap_fifo|          in_stream1_5|       pointer|
|in_stream1_5_fifo_cap         |   in|    8|     ap_fifo|          in_stream1_5|       pointer|
|in_stream1_5_full_n           |   in|    1|     ap_fifo|          in_stream1_5|       pointer|
|in_stream1_5_write            |  out|    1|     ap_fifo|          in_stream1_5|       pointer|
|in_stream1_6_din              |  out|    8|     ap_fifo|          in_stream1_6|       pointer|
|in_stream1_6_num_data_valid   |   in|    8|     ap_fifo|          in_stream1_6|       pointer|
|in_stream1_6_fifo_cap         |   in|    8|     ap_fifo|          in_stream1_6|       pointer|
|in_stream1_6_full_n           |   in|    1|     ap_fifo|          in_stream1_6|       pointer|
|in_stream1_6_write            |  out|    1|     ap_fifo|          in_stream1_6|       pointer|
|in_stream1_7_din              |  out|    8|     ap_fifo|          in_stream1_7|       pointer|
|in_stream1_7_num_data_valid   |   in|    8|     ap_fifo|          in_stream1_7|       pointer|
|in_stream1_7_fifo_cap         |   in|    8|     ap_fifo|          in_stream1_7|       pointer|
|in_stream1_7_full_n           |   in|    1|     ap_fifo|          in_stream1_7|       pointer|
|in_stream1_7_write            |  out|    1|     ap_fifo|          in_stream1_7|       pointer|
|in_stream1_8_din              |  out|    8|     ap_fifo|          in_stream1_8|       pointer|
|in_stream1_8_num_data_valid   |   in|    8|     ap_fifo|          in_stream1_8|       pointer|
|in_stream1_8_fifo_cap         |   in|    8|     ap_fifo|          in_stream1_8|       pointer|
|in_stream1_8_full_n           |   in|    1|     ap_fifo|          in_stream1_8|       pointer|
|in_stream1_8_write            |  out|    1|     ap_fifo|          in_stream1_8|       pointer|
|in_stream1_9_din              |  out|    8|     ap_fifo|          in_stream1_9|       pointer|
|in_stream1_9_num_data_valid   |   in|    8|     ap_fifo|          in_stream1_9|       pointer|
|in_stream1_9_fifo_cap         |   in|    8|     ap_fifo|          in_stream1_9|       pointer|
|in_stream1_9_full_n           |   in|    1|     ap_fifo|          in_stream1_9|       pointer|
|in_stream1_9_write            |  out|    1|     ap_fifo|          in_stream1_9|       pointer|
|in_stream1_10_din             |  out|    8|     ap_fifo|         in_stream1_10|       pointer|
|in_stream1_10_num_data_valid  |   in|    8|     ap_fifo|         in_stream1_10|       pointer|
|in_stream1_10_fifo_cap        |   in|    8|     ap_fifo|         in_stream1_10|       pointer|
|in_stream1_10_full_n          |   in|    1|     ap_fifo|         in_stream1_10|       pointer|
|in_stream1_10_write           |  out|    1|     ap_fifo|         in_stream1_10|       pointer|
|in_stream1_11_din             |  out|    8|     ap_fifo|         in_stream1_11|       pointer|
|in_stream1_11_num_data_valid  |   in|    8|     ap_fifo|         in_stream1_11|       pointer|
|in_stream1_11_fifo_cap        |   in|    8|     ap_fifo|         in_stream1_11|       pointer|
|in_stream1_11_full_n          |   in|    1|     ap_fifo|         in_stream1_11|       pointer|
|in_stream1_11_write           |  out|    1|     ap_fifo|         in_stream1_11|       pointer|
|in_stream1_12_din             |  out|    8|     ap_fifo|         in_stream1_12|       pointer|
|in_stream1_12_num_data_valid  |   in|    8|     ap_fifo|         in_stream1_12|       pointer|
|in_stream1_12_fifo_cap        |   in|    8|     ap_fifo|         in_stream1_12|       pointer|
|in_stream1_12_full_n          |   in|    1|     ap_fifo|         in_stream1_12|       pointer|
|in_stream1_12_write           |  out|    1|     ap_fifo|         in_stream1_12|       pointer|
|in_stream1_13_din             |  out|    8|     ap_fifo|         in_stream1_13|       pointer|
|in_stream1_13_num_data_valid  |   in|    8|     ap_fifo|         in_stream1_13|       pointer|
|in_stream1_13_fifo_cap        |   in|    8|     ap_fifo|         in_stream1_13|       pointer|
|in_stream1_13_full_n          |   in|    1|     ap_fifo|         in_stream1_13|       pointer|
|in_stream1_13_write           |  out|    1|     ap_fifo|         in_stream1_13|       pointer|
|in_stream1_14_din             |  out|    8|     ap_fifo|         in_stream1_14|       pointer|
|in_stream1_14_num_data_valid  |   in|    8|     ap_fifo|         in_stream1_14|       pointer|
|in_stream1_14_fifo_cap        |   in|    8|     ap_fifo|         in_stream1_14|       pointer|
|in_stream1_14_full_n          |   in|    1|     ap_fifo|         in_stream1_14|       pointer|
|in_stream1_14_write           |  out|    1|     ap_fifo|         in_stream1_14|       pointer|
|in_stream1_15_din             |  out|    8|     ap_fifo|         in_stream1_15|       pointer|
|in_stream1_15_num_data_valid  |   in|    8|     ap_fifo|         in_stream1_15|       pointer|
|in_stream1_15_fifo_cap        |   in|    8|     ap_fifo|         in_stream1_15|       pointer|
|in_stream1_15_full_n          |   in|    1|     ap_fifo|         in_stream1_15|       pointer|
|in_stream1_15_write           |  out|    1|     ap_fifo|         in_stream1_15|       pointer|
|in_stream1_16_din             |  out|    8|     ap_fifo|         in_stream1_16|       pointer|
|in_stream1_16_num_data_valid  |   in|    8|     ap_fifo|         in_stream1_16|       pointer|
|in_stream1_16_fifo_cap        |   in|    8|     ap_fifo|         in_stream1_16|       pointer|
|in_stream1_16_full_n          |   in|    1|     ap_fifo|         in_stream1_16|       pointer|
|in_stream1_16_write           |  out|    1|     ap_fifo|         in_stream1_16|       pointer|
|in_stream1_17_din             |  out|    8|     ap_fifo|         in_stream1_17|       pointer|
|in_stream1_17_num_data_valid  |   in|    8|     ap_fifo|         in_stream1_17|       pointer|
|in_stream1_17_fifo_cap        |   in|    8|     ap_fifo|         in_stream1_17|       pointer|
|in_stream1_17_full_n          |   in|    1|     ap_fifo|         in_stream1_17|       pointer|
|in_stream1_17_write           |  out|    1|     ap_fifo|         in_stream1_17|       pointer|
|in_stream1_18_din             |  out|    8|     ap_fifo|         in_stream1_18|       pointer|
|in_stream1_18_num_data_valid  |   in|    8|     ap_fifo|         in_stream1_18|       pointer|
|in_stream1_18_fifo_cap        |   in|    8|     ap_fifo|         in_stream1_18|       pointer|
|in_stream1_18_full_n          |   in|    1|     ap_fifo|         in_stream1_18|       pointer|
|in_stream1_18_write           |  out|    1|     ap_fifo|         in_stream1_18|       pointer|
|in_stream1_19_din             |  out|    8|     ap_fifo|         in_stream1_19|       pointer|
|in_stream1_19_num_data_valid  |   in|    8|     ap_fifo|         in_stream1_19|       pointer|
|in_stream1_19_fifo_cap        |   in|    8|     ap_fifo|         in_stream1_19|       pointer|
|in_stream1_19_full_n          |   in|    1|     ap_fifo|         in_stream1_19|       pointer|
|in_stream1_19_write           |  out|    1|     ap_fifo|         in_stream1_19|       pointer|
|in_stream1_20_din             |  out|    8|     ap_fifo|         in_stream1_20|       pointer|
|in_stream1_20_num_data_valid  |   in|    8|     ap_fifo|         in_stream1_20|       pointer|
|in_stream1_20_fifo_cap        |   in|    8|     ap_fifo|         in_stream1_20|       pointer|
|in_stream1_20_full_n          |   in|    1|     ap_fifo|         in_stream1_20|       pointer|
|in_stream1_20_write           |  out|    1|     ap_fifo|         in_stream1_20|       pointer|
|in_stream1_21_din             |  out|    8|     ap_fifo|         in_stream1_21|       pointer|
|in_stream1_21_num_data_valid  |   in|    8|     ap_fifo|         in_stream1_21|       pointer|
|in_stream1_21_fifo_cap        |   in|    8|     ap_fifo|         in_stream1_21|       pointer|
|in_stream1_21_full_n          |   in|    1|     ap_fifo|         in_stream1_21|       pointer|
|in_stream1_21_write           |  out|    1|     ap_fifo|         in_stream1_21|       pointer|
|in_stream1_22_din             |  out|    8|     ap_fifo|         in_stream1_22|       pointer|
|in_stream1_22_num_data_valid  |   in|    8|     ap_fifo|         in_stream1_22|       pointer|
|in_stream1_22_fifo_cap        |   in|    8|     ap_fifo|         in_stream1_22|       pointer|
|in_stream1_22_full_n          |   in|    1|     ap_fifo|         in_stream1_22|       pointer|
|in_stream1_22_write           |  out|    1|     ap_fifo|         in_stream1_22|       pointer|
|in_stream1_23_din             |  out|    8|     ap_fifo|         in_stream1_23|       pointer|
|in_stream1_23_num_data_valid  |   in|    8|     ap_fifo|         in_stream1_23|       pointer|
|in_stream1_23_fifo_cap        |   in|    8|     ap_fifo|         in_stream1_23|       pointer|
|in_stream1_23_full_n          |   in|    1|     ap_fifo|         in_stream1_23|       pointer|
|in_stream1_23_write           |  out|    1|     ap_fifo|         in_stream1_23|       pointer|
|in_stream1_24_din             |  out|    8|     ap_fifo|         in_stream1_24|       pointer|
|in_stream1_24_num_data_valid  |   in|    8|     ap_fifo|         in_stream1_24|       pointer|
|in_stream1_24_fifo_cap        |   in|    8|     ap_fifo|         in_stream1_24|       pointer|
|in_stream1_24_full_n          |   in|    1|     ap_fifo|         in_stream1_24|       pointer|
|in_stream1_24_write           |  out|    1|     ap_fifo|         in_stream1_24|       pointer|
|in_stream1_25_din             |  out|    8|     ap_fifo|         in_stream1_25|       pointer|
|in_stream1_25_num_data_valid  |   in|    8|     ap_fifo|         in_stream1_25|       pointer|
|in_stream1_25_fifo_cap        |   in|    8|     ap_fifo|         in_stream1_25|       pointer|
|in_stream1_25_full_n          |   in|    1|     ap_fifo|         in_stream1_25|       pointer|
|in_stream1_25_write           |  out|    1|     ap_fifo|         in_stream1_25|       pointer|
|in_stream1_26_din             |  out|    8|     ap_fifo|         in_stream1_26|       pointer|
|in_stream1_26_num_data_valid  |   in|    8|     ap_fifo|         in_stream1_26|       pointer|
|in_stream1_26_fifo_cap        |   in|    8|     ap_fifo|         in_stream1_26|       pointer|
|in_stream1_26_full_n          |   in|    1|     ap_fifo|         in_stream1_26|       pointer|
|in_stream1_26_write           |  out|    1|     ap_fifo|         in_stream1_26|       pointer|
|in_stream1_27_din             |  out|    8|     ap_fifo|         in_stream1_27|       pointer|
|in_stream1_27_num_data_valid  |   in|    8|     ap_fifo|         in_stream1_27|       pointer|
|in_stream1_27_fifo_cap        |   in|    8|     ap_fifo|         in_stream1_27|       pointer|
|in_stream1_27_full_n          |   in|    1|     ap_fifo|         in_stream1_27|       pointer|
|in_stream1_27_write           |  out|    1|     ap_fifo|         in_stream1_27|       pointer|
|in_stream1_28_din             |  out|    8|     ap_fifo|         in_stream1_28|       pointer|
|in_stream1_28_num_data_valid  |   in|    8|     ap_fifo|         in_stream1_28|       pointer|
|in_stream1_28_fifo_cap        |   in|    8|     ap_fifo|         in_stream1_28|       pointer|
|in_stream1_28_full_n          |   in|    1|     ap_fifo|         in_stream1_28|       pointer|
|in_stream1_28_write           |  out|    1|     ap_fifo|         in_stream1_28|       pointer|
|in_stream1_29_din             |  out|    8|     ap_fifo|         in_stream1_29|       pointer|
|in_stream1_29_num_data_valid  |   in|    8|     ap_fifo|         in_stream1_29|       pointer|
|in_stream1_29_fifo_cap        |   in|    8|     ap_fifo|         in_stream1_29|       pointer|
|in_stream1_29_full_n          |   in|    1|     ap_fifo|         in_stream1_29|       pointer|
|in_stream1_29_write           |  out|    1|     ap_fifo|         in_stream1_29|       pointer|
|in_stream1_30_din             |  out|    8|     ap_fifo|         in_stream1_30|       pointer|
|in_stream1_30_num_data_valid  |   in|    8|     ap_fifo|         in_stream1_30|       pointer|
|in_stream1_30_fifo_cap        |   in|    8|     ap_fifo|         in_stream1_30|       pointer|
|in_stream1_30_full_n          |   in|    1|     ap_fifo|         in_stream1_30|       pointer|
|in_stream1_30_write           |  out|    1|     ap_fifo|         in_stream1_30|       pointer|
|in_stream1_31_din             |  out|    8|     ap_fifo|         in_stream1_31|       pointer|
|in_stream1_31_num_data_valid  |   in|    8|     ap_fifo|         in_stream1_31|       pointer|
|in_stream1_31_fifo_cap        |   in|    8|     ap_fifo|         in_stream1_31|       pointer|
|in_stream1_31_full_n          |   in|    1|     ap_fifo|         in_stream1_31|       pointer|
|in_stream1_31_write           |  out|    1|     ap_fifo|         in_stream1_31|       pointer|
|in_stream1_32_din             |  out|    8|     ap_fifo|         in_stream1_32|       pointer|
|in_stream1_32_num_data_valid  |   in|    8|     ap_fifo|         in_stream1_32|       pointer|
|in_stream1_32_fifo_cap        |   in|    8|     ap_fifo|         in_stream1_32|       pointer|
|in_stream1_32_full_n          |   in|    1|     ap_fifo|         in_stream1_32|       pointer|
|in_stream1_32_write           |  out|    1|     ap_fifo|         in_stream1_32|       pointer|
|in_stream1_33_din             |  out|    8|     ap_fifo|         in_stream1_33|       pointer|
|in_stream1_33_num_data_valid  |   in|    8|     ap_fifo|         in_stream1_33|       pointer|
|in_stream1_33_fifo_cap        |   in|    8|     ap_fifo|         in_stream1_33|       pointer|
|in_stream1_33_full_n          |   in|    1|     ap_fifo|         in_stream1_33|       pointer|
|in_stream1_33_write           |  out|    1|     ap_fifo|         in_stream1_33|       pointer|
|in_stream1_34_din             |  out|    8|     ap_fifo|         in_stream1_34|       pointer|
|in_stream1_34_num_data_valid  |   in|    8|     ap_fifo|         in_stream1_34|       pointer|
|in_stream1_34_fifo_cap        |   in|    8|     ap_fifo|         in_stream1_34|       pointer|
|in_stream1_34_full_n          |   in|    1|     ap_fifo|         in_stream1_34|       pointer|
|in_stream1_34_write           |  out|    1|     ap_fifo|         in_stream1_34|       pointer|
|in_stream1_35_din             |  out|    8|     ap_fifo|         in_stream1_35|       pointer|
|in_stream1_35_num_data_valid  |   in|    8|     ap_fifo|         in_stream1_35|       pointer|
|in_stream1_35_fifo_cap        |   in|    8|     ap_fifo|         in_stream1_35|       pointer|
|in_stream1_35_full_n          |   in|    1|     ap_fifo|         in_stream1_35|       pointer|
|in_stream1_35_write           |  out|    1|     ap_fifo|         in_stream1_35|       pointer|
|in_stream1_36_din             |  out|    8|     ap_fifo|         in_stream1_36|       pointer|
|in_stream1_36_num_data_valid  |   in|    8|     ap_fifo|         in_stream1_36|       pointer|
|in_stream1_36_fifo_cap        |   in|    8|     ap_fifo|         in_stream1_36|       pointer|
|in_stream1_36_full_n          |   in|    1|     ap_fifo|         in_stream1_36|       pointer|
|in_stream1_36_write           |  out|    1|     ap_fifo|         in_stream1_36|       pointer|
|in_stream1_37_din             |  out|    8|     ap_fifo|         in_stream1_37|       pointer|
|in_stream1_37_num_data_valid  |   in|    8|     ap_fifo|         in_stream1_37|       pointer|
|in_stream1_37_fifo_cap        |   in|    8|     ap_fifo|         in_stream1_37|       pointer|
|in_stream1_37_full_n          |   in|    1|     ap_fifo|         in_stream1_37|       pointer|
|in_stream1_37_write           |  out|    1|     ap_fifo|         in_stream1_37|       pointer|
|in_stream1_38_din             |  out|    8|     ap_fifo|         in_stream1_38|       pointer|
|in_stream1_38_num_data_valid  |   in|    8|     ap_fifo|         in_stream1_38|       pointer|
|in_stream1_38_fifo_cap        |   in|    8|     ap_fifo|         in_stream1_38|       pointer|
|in_stream1_38_full_n          |   in|    1|     ap_fifo|         in_stream1_38|       pointer|
|in_stream1_38_write           |  out|    1|     ap_fifo|         in_stream1_38|       pointer|
|in_stream1_39_din             |  out|    8|     ap_fifo|         in_stream1_39|       pointer|
|in_stream1_39_num_data_valid  |   in|    8|     ap_fifo|         in_stream1_39|       pointer|
|in_stream1_39_fifo_cap        |   in|    8|     ap_fifo|         in_stream1_39|       pointer|
|in_stream1_39_full_n          |   in|    1|     ap_fifo|         in_stream1_39|       pointer|
|in_stream1_39_write           |  out|    1|     ap_fifo|         in_stream1_39|       pointer|
|in_stream1_40_din             |  out|    8|     ap_fifo|         in_stream1_40|       pointer|
|in_stream1_40_num_data_valid  |   in|    8|     ap_fifo|         in_stream1_40|       pointer|
|in_stream1_40_fifo_cap        |   in|    8|     ap_fifo|         in_stream1_40|       pointer|
|in_stream1_40_full_n          |   in|    1|     ap_fifo|         in_stream1_40|       pointer|
|in_stream1_40_write           |  out|    1|     ap_fifo|         in_stream1_40|       pointer|
|in_stream1_41_din             |  out|    8|     ap_fifo|         in_stream1_41|       pointer|
|in_stream1_41_num_data_valid  |   in|    8|     ap_fifo|         in_stream1_41|       pointer|
|in_stream1_41_fifo_cap        |   in|    8|     ap_fifo|         in_stream1_41|       pointer|
|in_stream1_41_full_n          |   in|    1|     ap_fifo|         in_stream1_41|       pointer|
|in_stream1_41_write           |  out|    1|     ap_fifo|         in_stream1_41|       pointer|
|in_stream1_42_din             |  out|    8|     ap_fifo|         in_stream1_42|       pointer|
|in_stream1_42_num_data_valid  |   in|    8|     ap_fifo|         in_stream1_42|       pointer|
|in_stream1_42_fifo_cap        |   in|    8|     ap_fifo|         in_stream1_42|       pointer|
|in_stream1_42_full_n          |   in|    1|     ap_fifo|         in_stream1_42|       pointer|
|in_stream1_42_write           |  out|    1|     ap_fifo|         in_stream1_42|       pointer|
|in_stream1_43_din             |  out|    8|     ap_fifo|         in_stream1_43|       pointer|
|in_stream1_43_num_data_valid  |   in|    8|     ap_fifo|         in_stream1_43|       pointer|
|in_stream1_43_fifo_cap        |   in|    8|     ap_fifo|         in_stream1_43|       pointer|
|in_stream1_43_full_n          |   in|    1|     ap_fifo|         in_stream1_43|       pointer|
|in_stream1_43_write           |  out|    1|     ap_fifo|         in_stream1_43|       pointer|
|in_stream1_44_din             |  out|    8|     ap_fifo|         in_stream1_44|       pointer|
|in_stream1_44_num_data_valid  |   in|    8|     ap_fifo|         in_stream1_44|       pointer|
|in_stream1_44_fifo_cap        |   in|    8|     ap_fifo|         in_stream1_44|       pointer|
|in_stream1_44_full_n          |   in|    1|     ap_fifo|         in_stream1_44|       pointer|
|in_stream1_44_write           |  out|    1|     ap_fifo|         in_stream1_44|       pointer|
|in_stream1_45_din             |  out|    8|     ap_fifo|         in_stream1_45|       pointer|
|in_stream1_45_num_data_valid  |   in|    8|     ap_fifo|         in_stream1_45|       pointer|
|in_stream1_45_fifo_cap        |   in|    8|     ap_fifo|         in_stream1_45|       pointer|
|in_stream1_45_full_n          |   in|    1|     ap_fifo|         in_stream1_45|       pointer|
|in_stream1_45_write           |  out|    1|     ap_fifo|         in_stream1_45|       pointer|
|in_stream1_46_din             |  out|    8|     ap_fifo|         in_stream1_46|       pointer|
|in_stream1_46_num_data_valid  |   in|    8|     ap_fifo|         in_stream1_46|       pointer|
|in_stream1_46_fifo_cap        |   in|    8|     ap_fifo|         in_stream1_46|       pointer|
|in_stream1_46_full_n          |   in|    1|     ap_fifo|         in_stream1_46|       pointer|
|in_stream1_46_write           |  out|    1|     ap_fifo|         in_stream1_46|       pointer|
|in_stream1_47_din             |  out|    8|     ap_fifo|         in_stream1_47|       pointer|
|in_stream1_47_num_data_valid  |   in|    8|     ap_fifo|         in_stream1_47|       pointer|
|in_stream1_47_fifo_cap        |   in|    8|     ap_fifo|         in_stream1_47|       pointer|
|in_stream1_47_full_n          |   in|    1|     ap_fifo|         in_stream1_47|       pointer|
|in_stream1_47_write           |  out|    1|     ap_fifo|         in_stream1_47|       pointer|
|in_stream1_48_din             |  out|    8|     ap_fifo|         in_stream1_48|       pointer|
|in_stream1_48_num_data_valid  |   in|    8|     ap_fifo|         in_stream1_48|       pointer|
|in_stream1_48_fifo_cap        |   in|    8|     ap_fifo|         in_stream1_48|       pointer|
|in_stream1_48_full_n          |   in|    1|     ap_fifo|         in_stream1_48|       pointer|
|in_stream1_48_write           |  out|    1|     ap_fifo|         in_stream1_48|       pointer|
|in_stream1_49_din             |  out|    8|     ap_fifo|         in_stream1_49|       pointer|
|in_stream1_49_num_data_valid  |   in|    8|     ap_fifo|         in_stream1_49|       pointer|
|in_stream1_49_fifo_cap        |   in|    8|     ap_fifo|         in_stream1_49|       pointer|
|in_stream1_49_full_n          |   in|    1|     ap_fifo|         in_stream1_49|       pointer|
|in_stream1_49_write           |  out|    1|     ap_fifo|         in_stream1_49|       pointer|
|in_stream1_50_din             |  out|    8|     ap_fifo|         in_stream1_50|       pointer|
|in_stream1_50_num_data_valid  |   in|    8|     ap_fifo|         in_stream1_50|       pointer|
|in_stream1_50_fifo_cap        |   in|    8|     ap_fifo|         in_stream1_50|       pointer|
|in_stream1_50_full_n          |   in|    1|     ap_fifo|         in_stream1_50|       pointer|
|in_stream1_50_write           |  out|    1|     ap_fifo|         in_stream1_50|       pointer|
|in_stream1_51_din             |  out|    8|     ap_fifo|         in_stream1_51|       pointer|
|in_stream1_51_num_data_valid  |   in|    8|     ap_fifo|         in_stream1_51|       pointer|
|in_stream1_51_fifo_cap        |   in|    8|     ap_fifo|         in_stream1_51|       pointer|
|in_stream1_51_full_n          |   in|    1|     ap_fifo|         in_stream1_51|       pointer|
|in_stream1_51_write           |  out|    1|     ap_fifo|         in_stream1_51|       pointer|
|in_stream1_52_din             |  out|    8|     ap_fifo|         in_stream1_52|       pointer|
|in_stream1_52_num_data_valid  |   in|    8|     ap_fifo|         in_stream1_52|       pointer|
|in_stream1_52_fifo_cap        |   in|    8|     ap_fifo|         in_stream1_52|       pointer|
|in_stream1_52_full_n          |   in|    1|     ap_fifo|         in_stream1_52|       pointer|
|in_stream1_52_write           |  out|    1|     ap_fifo|         in_stream1_52|       pointer|
|in_stream1_53_din             |  out|    8|     ap_fifo|         in_stream1_53|       pointer|
|in_stream1_53_num_data_valid  |   in|    8|     ap_fifo|         in_stream1_53|       pointer|
|in_stream1_53_fifo_cap        |   in|    8|     ap_fifo|         in_stream1_53|       pointer|
|in_stream1_53_full_n          |   in|    1|     ap_fifo|         in_stream1_53|       pointer|
|in_stream1_53_write           |  out|    1|     ap_fifo|         in_stream1_53|       pointer|
|in_stream1_54_din             |  out|    8|     ap_fifo|         in_stream1_54|       pointer|
|in_stream1_54_num_data_valid  |   in|    8|     ap_fifo|         in_stream1_54|       pointer|
|in_stream1_54_fifo_cap        |   in|    8|     ap_fifo|         in_stream1_54|       pointer|
|in_stream1_54_full_n          |   in|    1|     ap_fifo|         in_stream1_54|       pointer|
|in_stream1_54_write           |  out|    1|     ap_fifo|         in_stream1_54|       pointer|
|in_stream1_55_din             |  out|    8|     ap_fifo|         in_stream1_55|       pointer|
|in_stream1_55_num_data_valid  |   in|    8|     ap_fifo|         in_stream1_55|       pointer|
|in_stream1_55_fifo_cap        |   in|    8|     ap_fifo|         in_stream1_55|       pointer|
|in_stream1_55_full_n          |   in|    1|     ap_fifo|         in_stream1_55|       pointer|
|in_stream1_55_write           |  out|    1|     ap_fifo|         in_stream1_55|       pointer|
|in_stream1_56_din             |  out|    8|     ap_fifo|         in_stream1_56|       pointer|
|in_stream1_56_num_data_valid  |   in|    8|     ap_fifo|         in_stream1_56|       pointer|
|in_stream1_56_fifo_cap        |   in|    8|     ap_fifo|         in_stream1_56|       pointer|
|in_stream1_56_full_n          |   in|    1|     ap_fifo|         in_stream1_56|       pointer|
|in_stream1_56_write           |  out|    1|     ap_fifo|         in_stream1_56|       pointer|
|in_stream1_57_din             |  out|    8|     ap_fifo|         in_stream1_57|       pointer|
|in_stream1_57_num_data_valid  |   in|    8|     ap_fifo|         in_stream1_57|       pointer|
|in_stream1_57_fifo_cap        |   in|    8|     ap_fifo|         in_stream1_57|       pointer|
|in_stream1_57_full_n          |   in|    1|     ap_fifo|         in_stream1_57|       pointer|
|in_stream1_57_write           |  out|    1|     ap_fifo|         in_stream1_57|       pointer|
|in_stream1_58_din             |  out|    8|     ap_fifo|         in_stream1_58|       pointer|
|in_stream1_58_num_data_valid  |   in|    8|     ap_fifo|         in_stream1_58|       pointer|
|in_stream1_58_fifo_cap        |   in|    8|     ap_fifo|         in_stream1_58|       pointer|
|in_stream1_58_full_n          |   in|    1|     ap_fifo|         in_stream1_58|       pointer|
|in_stream1_58_write           |  out|    1|     ap_fifo|         in_stream1_58|       pointer|
|in_stream1_59_din             |  out|    8|     ap_fifo|         in_stream1_59|       pointer|
|in_stream1_59_num_data_valid  |   in|    8|     ap_fifo|         in_stream1_59|       pointer|
|in_stream1_59_fifo_cap        |   in|    8|     ap_fifo|         in_stream1_59|       pointer|
|in_stream1_59_full_n          |   in|    1|     ap_fifo|         in_stream1_59|       pointer|
|in_stream1_59_write           |  out|    1|     ap_fifo|         in_stream1_59|       pointer|
|in_stream1_60_din             |  out|    8|     ap_fifo|         in_stream1_60|       pointer|
|in_stream1_60_num_data_valid  |   in|    8|     ap_fifo|         in_stream1_60|       pointer|
|in_stream1_60_fifo_cap        |   in|    8|     ap_fifo|         in_stream1_60|       pointer|
|in_stream1_60_full_n          |   in|    1|     ap_fifo|         in_stream1_60|       pointer|
|in_stream1_60_write           |  out|    1|     ap_fifo|         in_stream1_60|       pointer|
|in_stream1_61_din             |  out|    8|     ap_fifo|         in_stream1_61|       pointer|
|in_stream1_61_num_data_valid  |   in|    8|     ap_fifo|         in_stream1_61|       pointer|
|in_stream1_61_fifo_cap        |   in|    8|     ap_fifo|         in_stream1_61|       pointer|
|in_stream1_61_full_n          |   in|    1|     ap_fifo|         in_stream1_61|       pointer|
|in_stream1_61_write           |  out|    1|     ap_fifo|         in_stream1_61|       pointer|
|in_stream1_62_din             |  out|    8|     ap_fifo|         in_stream1_62|       pointer|
|in_stream1_62_num_data_valid  |   in|    8|     ap_fifo|         in_stream1_62|       pointer|
|in_stream1_62_fifo_cap        |   in|    8|     ap_fifo|         in_stream1_62|       pointer|
|in_stream1_62_full_n          |   in|    1|     ap_fifo|         in_stream1_62|       pointer|
|in_stream1_62_write           |  out|    1|     ap_fifo|         in_stream1_62|       pointer|
|in_stream1_63_din             |  out|    8|     ap_fifo|         in_stream1_63|       pointer|
|in_stream1_63_num_data_valid  |   in|    8|     ap_fifo|         in_stream1_63|       pointer|
|in_stream1_63_fifo_cap        |   in|    8|     ap_fifo|         in_stream1_63|       pointer|
|in_stream1_63_full_n          |   in|    1|     ap_fifo|         in_stream1_63|       pointer|
|in_stream1_63_write           |  out|    1|     ap_fifo|         in_stream1_63|       pointer|
|in_stream1_64_din             |  out|    8|     ap_fifo|         in_stream1_64|       pointer|
|in_stream1_64_num_data_valid  |   in|    8|     ap_fifo|         in_stream1_64|       pointer|
|in_stream1_64_fifo_cap        |   in|    8|     ap_fifo|         in_stream1_64|       pointer|
|in_stream1_64_full_n          |   in|    1|     ap_fifo|         in_stream1_64|       pointer|
|in_stream1_64_write           |  out|    1|     ap_fifo|         in_stream1_64|       pointer|
|in_stream1_65_din             |  out|    8|     ap_fifo|         in_stream1_65|       pointer|
|in_stream1_65_num_data_valid  |   in|    8|     ap_fifo|         in_stream1_65|       pointer|
|in_stream1_65_fifo_cap        |   in|    8|     ap_fifo|         in_stream1_65|       pointer|
|in_stream1_65_full_n          |   in|    1|     ap_fifo|         in_stream1_65|       pointer|
|in_stream1_65_write           |  out|    1|     ap_fifo|         in_stream1_65|       pointer|
|in_stream1_66_din             |  out|    8|     ap_fifo|         in_stream1_66|       pointer|
|in_stream1_66_num_data_valid  |   in|    8|     ap_fifo|         in_stream1_66|       pointer|
|in_stream1_66_fifo_cap        |   in|    8|     ap_fifo|         in_stream1_66|       pointer|
|in_stream1_66_full_n          |   in|    1|     ap_fifo|         in_stream1_66|       pointer|
|in_stream1_66_write           |  out|    1|     ap_fifo|         in_stream1_66|       pointer|
|in_stream1_67_din             |  out|    8|     ap_fifo|         in_stream1_67|       pointer|
|in_stream1_67_num_data_valid  |   in|    8|     ap_fifo|         in_stream1_67|       pointer|
|in_stream1_67_fifo_cap        |   in|    8|     ap_fifo|         in_stream1_67|       pointer|
|in_stream1_67_full_n          |   in|    1|     ap_fifo|         in_stream1_67|       pointer|
|in_stream1_67_write           |  out|    1|     ap_fifo|         in_stream1_67|       pointer|
|in_stream1_68_din             |  out|    8|     ap_fifo|         in_stream1_68|       pointer|
|in_stream1_68_num_data_valid  |   in|    8|     ap_fifo|         in_stream1_68|       pointer|
|in_stream1_68_fifo_cap        |   in|    8|     ap_fifo|         in_stream1_68|       pointer|
|in_stream1_68_full_n          |   in|    1|     ap_fifo|         in_stream1_68|       pointer|
|in_stream1_68_write           |  out|    1|     ap_fifo|         in_stream1_68|       pointer|
|in_stream1_69_din             |  out|    8|     ap_fifo|         in_stream1_69|       pointer|
|in_stream1_69_num_data_valid  |   in|    8|     ap_fifo|         in_stream1_69|       pointer|
|in_stream1_69_fifo_cap        |   in|    8|     ap_fifo|         in_stream1_69|       pointer|
|in_stream1_69_full_n          |   in|    1|     ap_fifo|         in_stream1_69|       pointer|
|in_stream1_69_write           |  out|    1|     ap_fifo|         in_stream1_69|       pointer|
|in_buf1_V_address0            |  out|    7|   ap_memory|             in_buf1_V|         array|
|in_buf1_V_ce0                 |  out|    1|   ap_memory|             in_buf1_V|         array|
|in_buf1_V_q0                  |   in|  560|   ap_memory|             in_buf1_V|         array|
+------------------------------+-----+-----+------------+----------------------+--------------+

