

================================================================
== Vitis HLS Report for 'VITIS_LOOP_129_12_proc_Pipeline_VITIS_LOOP_129_12'
================================================================
* Date:           Wed Jul  5 10:00:12 2023

* Version:        2022.2 (Build 3670227 on Oct 13 2022)
* Project:        alveo_hls4ml
* Solution:       solution (Vitis Kernel Flow Target)
* Product family: virtexuplus
* Target device:  xcu55c-fsvh2892-2L-e


================================================================
== Performance Estimates
================================================================
+ Timing: 
    * Summary: 
    +--------+---------+----------+------------+
    |  Clock |  Target | Estimated| Uncertainty|
    +--------+---------+----------+------------+
    |ap_clk  |  4.00 ns|  2.920 ns|     1.08 ns|
    +--------+---------+----------+------------+

+ Latency: 
    * Summary: 
    +---------+---------+----------+----------+-----+-----+---------+
    |  Latency (cycles) |  Latency (absolute) |  Interval | Pipeline|
    |   min   |   max   |    min   |    max   | min | max |   Type  |
    +---------+---------+----------+----------+-----+-----+---------+
    |       76|       76|  0.304 us|  0.304 us|   76|   76|       no|
    +---------+---------+----------+----------+-----+-----+---------+

    + Detail: 
        * Instance: 
        N/A

        * Loop: 
        +---------------------+---------+---------+----------+-----------+-----------+------+----------+
        |                     |  Latency (cycles) | Iteration|  Initiation Interval  | Trip |          |
        |      Loop Name      |   min   |   max   |  Latency |  achieved |   target  | Count| Pipelined|
        +---------------------+---------+---------+----------+-----------+-----------+------+----------+
        |- VITIS_LOOP_129_12  |       74|       74|         3|          1|          1|    73|       yes|
        +---------------------+---------+---------+----------+-----------+-----------+------+----------+



================================================================
== Utilization Estimates
================================================================
* Summary: 
+---------------------+---------+------+---------+---------+-----+
|         Name        | BRAM_18K|  DSP |    FF   |   LUT   | URAM|
+---------------------+---------+------+---------+---------+-----+
|DSP                  |        -|     -|        -|        -|    -|
|Expression           |        -|     -|        0|       28|    -|
|FIFO                 |        -|     -|        -|        -|    -|
|Instance             |        -|     -|        -|        -|    -|
|Memory               |        -|     -|        -|        -|    -|
|Multiplexer          |        -|     -|        -|       45|    -|
|Register             |        -|     -|      605|        -|    -|
+---------------------+---------+------+---------+---------+-----+
|Total                |        0|     0|      605|       73|    0|
+---------------------+---------+------+---------+---------+-----+
|Available SLR        |     1344|  3008|   869120|   434560|  320|
+---------------------+---------+------+---------+---------+-----+
|Utilization SLR (%)  |        0|     0|       ~0|       ~0|    0|
+---------------------+---------+------+---------+---------+-----+
|Available            |     4032|  9024|  2607360|  1303680|  960|
+---------------------+---------+------+---------+---------+-----+
|Utilization (%)      |        0|     0|       ~0|       ~0|    0|
+---------------------+---------+------+---------+---------+-----+

+ Detail: 
    * Instance: 
    N/A

    * DSP: 
    N/A

    * Memory: 
    N/A

    * FIFO: 
    N/A

    * Expression: 
    +---------------------------+----------+----+---+----+------------+------------+
    |       Variable Name       | Operation| DSP| FF| LUT| Bitwidth P0| Bitwidth P1|
    +---------------------------+----------+----+---+----+------------+------------+
    |add_ln129_fu_99_p2         |         +|   0|  0|  14|           7|           1|
    |ap_block_pp0_stage0_11001  |       and|   0|  0|   2|           1|           1|
    |icmp_ln129_fu_93_p2        |      icmp|   0|  0|  10|           7|           7|
    |ap_enable_pp0              |       xor|   0|  0|   2|           1|           2|
    +---------------------------+----------+----+---+----+------------+------------+
    |Total                      |          |   0|  0|  28|          16|          11|
    +---------------------------+----------+----+---+----+------------+------------+

    * Multiplexer: 
    +-------------------------+----+-----------+-----+-----------+
    |           Name          | LUT| Input Size| Bits| Total Bits|
    +-------------------------+----+-----------+-----+-----------+
    |ap_done_int              |   9|          2|    1|          2|
    |ap_enable_reg_pp0_iter2  |   9|          2|    1|          2|
    |ap_sig_allocacmp_i0_2    |   9|          2|    7|         14|
    |gmem2_blk_n_W            |   9|          2|    1|          2|
    |i0_fu_50                 |   9|          2|    7|         14|
    +-------------------------+----+-----------+-----+-----------+
    |Total                    |  45|         10|   17|         34|
    +-------------------------+----+-----------+-----+-----------+

    * Register: 
    +----------------------------------+-----+----+-----+-----------+
    |               Name               |  FF | LUT| Bits| Const Bits|
    +----------------------------------+-----+----+-----+-----------+
    |ap_CS_fsm                         |    1|   0|    1|          0|
    |ap_done_reg                       |    1|   0|    1|          0|
    |ap_enable_reg_pp0_iter1           |    1|   0|    1|          0|
    |ap_enable_reg_pp0_iter2           |    1|   0|    1|          0|
    |ap_loop_exit_ready_pp0_iter1_reg  |    1|   0|    1|          0|
    |i0_fu_50                          |    7|   0|    7|          0|
    |icmp_ln129_reg_136                |    1|   0|    1|          0|
    |out_buf_V217_load_reg_150         |  592|   0|  592|          0|
    +----------------------------------+-----+----+-----+-----------+
    |Total                             |  605|   0|  605|          0|
    +----------------------------------+-----+----+-----+-----------+



================================================================
== Interface
================================================================
* Summary: 
+-----------------------+-----+------+------------+---------------------------------------------------+--------------+
|       RTL Ports       | Dir | Bits |  Protocol  |                   Source Object                   |    C Type    |
+-----------------------+-----+------+------------+---------------------------------------------------+--------------+
|ap_clk                 |   in|     1|  ap_ctrl_hs|  VITIS_LOOP_129_12_proc_Pipeline_VITIS_LOOP_129_12|  return value|
|ap_rst                 |   in|     1|  ap_ctrl_hs|  VITIS_LOOP_129_12_proc_Pipeline_VITIS_LOOP_129_12|  return value|
|ap_start               |   in|     1|  ap_ctrl_hs|  VITIS_LOOP_129_12_proc_Pipeline_VITIS_LOOP_129_12|  return value|
|ap_done                |  out|     1|  ap_ctrl_hs|  VITIS_LOOP_129_12_proc_Pipeline_VITIS_LOOP_129_12|  return value|
|ap_idle                |  out|     1|  ap_ctrl_hs|  VITIS_LOOP_129_12_proc_Pipeline_VITIS_LOOP_129_12|  return value|
|ap_ready               |  out|     1|  ap_ctrl_hs|  VITIS_LOOP_129_12_proc_Pipeline_VITIS_LOOP_129_12|  return value|
|m_axi_gmem2_AWVALID    |  out|     1|       m_axi|                                              gmem2|       pointer|
|m_axi_gmem2_AWREADY    |   in|     1|       m_axi|                                              gmem2|       pointer|
|m_axi_gmem2_AWADDR     |  out|    64|       m_axi|                                              gmem2|       pointer|
|m_axi_gmem2_AWID       |  out|     1|       m_axi|                                              gmem2|       pointer|
|m_axi_gmem2_AWLEN      |  out|    32|       m_axi|                                              gmem2|       pointer|
|m_axi_gmem2_AWSIZE     |  out|     3|       m_axi|                                              gmem2|       pointer|
|m_axi_gmem2_AWBURST    |  out|     2|       m_axi|                                              gmem2|       pointer|
|m_axi_gmem2_AWLOCK     |  out|     2|       m_axi|                                              gmem2|       pointer|
|m_axi_gmem2_AWCACHE    |  out|     4|       m_axi|                                              gmem2|       pointer|
|m_axi_gmem2_AWPROT     |  out|     3|       m_axi|                                              gmem2|       pointer|
|m_axi_gmem2_AWQOS      |  out|     4|       m_axi|                                              gmem2|       pointer|
|m_axi_gmem2_AWREGION   |  out|     4|       m_axi|                                              gmem2|       pointer|
|m_axi_gmem2_AWUSER     |  out|     1|       m_axi|                                              gmem2|       pointer|
|m_axi_gmem2_WVALID     |  out|     1|       m_axi|                                              gmem2|       pointer|
|m_axi_gmem2_WREADY     |   in|     1|       m_axi|                                              gmem2|       pointer|
|m_axi_gmem2_WDATA      |  out|  1024|       m_axi|                                              gmem2|       pointer|
|m_axi_gmem2_WSTRB      |  out|   128|       m_axi|                                              gmem2|       pointer|
|m_axi_gmem2_WLAST      |  out|     1|       m_axi|                                              gmem2|       pointer|
|m_axi_gmem2_WID        |  out|     1|       m_axi|                                              gmem2|       pointer|
|m_axi_gmem2_WUSER      |  out|     1|       m_axi|                                              gmem2|       pointer|
|m_axi_gmem2_ARVALID    |  out|     1|       m_axi|                                              gmem2|       pointer|
|m_axi_gmem2_ARREADY    |   in|     1|       m_axi|                                              gmem2|       pointer|
|m_axi_gmem2_ARADDR     |  out|    64|       m_axi|                                              gmem2|       pointer|
|m_axi_gmem2_ARID       |  out|     1|       m_axi|                                              gmem2|       pointer|
|m_axi_gmem2_ARLEN      |  out|    32|       m_axi|                                              gmem2|       pointer|
|m_axi_gmem2_ARSIZE     |  out|     3|       m_axi|                                              gmem2|       pointer|
|m_axi_gmem2_ARBURST    |  out|     2|       m_axi|                                              gmem2|       pointer|
|m_axi_gmem2_ARLOCK     |  out|     2|       m_axi|                                              gmem2|       pointer|
|m_axi_gmem2_ARCACHE    |  out|     4|       m_axi|                                              gmem2|       pointer|
|m_axi_gmem2_ARPROT     |  out|     3|       m_axi|                                              gmem2|       pointer|
|m_axi_gmem2_ARQOS      |  out|     4|       m_axi|                                              gmem2|       pointer|
|m_axi_gmem2_ARREGION   |  out|     4|       m_axi|                                              gmem2|       pointer|
|m_axi_gmem2_ARUSER     |  out|     1|       m_axi|                                              gmem2|       pointer|
|m_axi_gmem2_RVALID     |   in|     1|       m_axi|                                              gmem2|       pointer|
|m_axi_gmem2_RREADY     |  out|     1|       m_axi|                                              gmem2|       pointer|
|m_axi_gmem2_RDATA      |   in|  1024|       m_axi|                                              gmem2|       pointer|
|m_axi_gmem2_RLAST      |   in|     1|       m_axi|                                              gmem2|       pointer|
|m_axi_gmem2_RID        |   in|     1|       m_axi|                                              gmem2|       pointer|
|m_axi_gmem2_RFIFONUM   |   in|     9|       m_axi|                                              gmem2|       pointer|
|m_axi_gmem2_RUSER      |   in|     1|       m_axi|                                              gmem2|       pointer|
|m_axi_gmem2_RRESP      |   in|     2|       m_axi|                                              gmem2|       pointer|
|m_axi_gmem2_BVALID     |   in|     1|       m_axi|                                              gmem2|       pointer|
|m_axi_gmem2_BREADY     |  out|     1|       m_axi|                                              gmem2|       pointer|
|m_axi_gmem2_BRESP      |   in|     2|       m_axi|                                              gmem2|       pointer|
|m_axi_gmem2_BID        |   in|     1|       m_axi|                                              gmem2|       pointer|
|m_axi_gmem2_BUSER      |   in|     1|       m_axi|                                              gmem2|       pointer|
|sext_ln129             |   in|    57|     ap_none|                                         sext_ln129|        scalar|
|out_buf_V217_address0  |  out|     7|   ap_memory|                                       out_buf_V217|         array|
|out_buf_V217_ce0       |  out|     1|   ap_memory|                                       out_buf_V217|         array|
|out_buf_V217_q0        |   in|   592|   ap_memory|                                       out_buf_V217|         array|
+-----------------------+-----+------+------------+---------------------------------------------------+--------------+

