

================================================================
== Vitis HLS Report for 'VITIS_LOOP_82_4_proc'
================================================================
* Date:           Wed Jul  5 09:56:25 2023

* Version:        2022.2 (Build 3670227 on Oct 13 2022)
* Project:        alveo_hls4ml
* Solution:       solution (Vitis Kernel Flow Target)
* Product family: virtexuplus
* Target device:  xcu55c-fsvh2892-2L-e


================================================================
== Performance Estimates
================================================================
+ Timing: 
    * Summary: 
    +--------+---------+----------+------------+
    |  Clock |  Target | Estimated| Uncertainty|
    +--------+---------+----------+------------+
    |ap_clk  |  4.00 ns|  2.920 ns|     1.08 ns|
    +--------+---------+----------+------------+

+ Latency: 
    * Summary: 
    +---------+---------+----------+----------+-----+-----+---------+
    |  Latency (cycles) |  Latency (absolute) |  Interval | Pipeline|
    |   min   |   max   |    min   |    max   | min | max |   Type  |
    +---------+---------+----------+----------+-----+-----+---------+
    |      223|      223|  0.892 us|  0.892 us|  223|  223|       no|
    +---------+---------+----------+----------+-----+-----+---------+

    + Detail: 
        * Instance: 
        +---------------------------------------------------------+-----------------------------------------------+---------+---------+----------+----------+-----+-----+---------+
        |                                                         |                                               |  Latency (cycles) |  Latency (absolute) |  Interval | Pipeline|
        |                         Instance                        |                     Module                    |   min   |   max   |    min   |    max   | min | max |   Type  |
        +---------------------------------------------------------+-----------------------------------------------+---------+---------+----------+----------+-----+-----+---------+
        |grp_VITIS_LOOP_82_4_proc_Pipeline_VITIS_LOOP_82_4_fu_56  |VITIS_LOOP_82_4_proc_Pipeline_VITIS_LOOP_82_4  |      219|      219|  0.876 us|  0.876 us|  219|  219|       no|
        +---------------------------------------------------------+-----------------------------------------------+---------+---------+----------+----------+-----+-----+---------+

        * Loop: 
        N/A



================================================================
== Utilization Estimates
================================================================
* Summary: 
+---------------------+---------+------+---------+---------+-----+
|         Name        | BRAM_18K|  DSP |    FF   |   LUT   | URAM|
+---------------------+---------+------+---------+---------+-----+
|DSP                  |        -|     1|        -|        -|    -|
|Expression           |        -|     -|        0|       15|    -|
|FIFO                 |        -|     -|        -|        -|    -|
|Instance             |        -|     -|    38182|     2456|    -|
|Memory               |        -|     -|        -|        -|    -|
|Multiplexer          |        -|     -|        -|       58|    -|
|Register             |        -|     -|       36|        -|    -|
+---------------------+---------+------+---------+---------+-----+
|Total                |        0|     1|    38218|     2529|    0|
+---------------------+---------+------+---------+---------+-----+
|Available SLR        |     1344|  3008|   869120|   434560|  320|
+---------------------+---------+------+---------+---------+-----+
|Utilization SLR (%)  |        0|    ~0|        4|       ~0|    0|
+---------------------+---------+------+---------+---------+-----+
|Available            |     4032|  9024|  2607360|  1303680|  960|
+---------------------+---------+------+---------+---------+-----+
|Utilization (%)      |        0|    ~0|        1|       ~0|    0|
+---------------------+---------+------+---------+---------+-----+

+ Detail: 
    * Instance: 
    +---------------------------------------------------------+-----------------------------------------------+---------+----+-------+------+-----+
    |                         Instance                        |                     Module                    | BRAM_18K| DSP|   FF  |  LUT | URAM|
    +---------------------------------------------------------+-----------------------------------------------+---------+----+-------+------+-----+
    |grp_VITIS_LOOP_82_4_proc_Pipeline_VITIS_LOOP_82_4_fu_56  |VITIS_LOOP_82_4_proc_Pipeline_VITIS_LOOP_82_4  |        0|   0|  38182|  2456|    0|
    +---------------------------------------------------------+-----------------------------------------------+---------+----+-------+------+-----+
    |Total                                                    |                                               |        0|   0|  38182|  2456|    0|
    +---------------------------------------------------------+-----------------------------------------------+---------+----+-------+------+-----+

    * DSP: 
    +-----------------------------+-------------------------+-----------+
    |           Instance          |          Module         | Expression|
    +-----------------------------+-------------------------+-----------+
    |mul_mul_13ns_7ns_19_4_1_U24  |mul_mul_13ns_7ns_19_4_1  |    i0 * i1|
    +-----------------------------+-------------------------+-----------+

    * Memory: 
    N/A

    * FIFO: 
    N/A

    * Expression: 
    +---------------------------+----------+----+---+----+------------+------------+
    |       Variable Name       | Operation| DSP| FF| LUT| Bitwidth P0| Bitwidth P1|
    +---------------------------+----------+----+---+----+------------+------------+
    |icmp_ln86_fu_87_p2         |      icmp|   0|  0|  10|           7|           1|
    |ap_block_state1            |        or|   0|  0|   2|           1|           1|
    |select_ln86_cast_fu_94_p3  |    select|   0|  0|   3|           1|           3|
    +---------------------------+----------+----+---+----+------------+------------+
    |Total                      |          |   0|  0|  15|           9|           5|
    +---------------------------+----------+----+---+----+------------+------------+

    * Multiplexer: 
    +---------------------+----+-----------+-----+-----------+
    |         Name        | LUT| Input Size| Bits| Total Bits|
    +---------------------+----+-----------+-----+-----------+
    |ap_NS_fsm            |  31|          6|    1|          6|
    |ap_done              |   9|          2|    1|          2|
    |m_axi_gmem1_ARVALID  |   9|          2|    1|          2|
    |m_axi_gmem1_RREADY   |   9|          2|    1|          2|
    +---------------------+----+-----------+-----+-----------+
    |Total                |  58|         12|    4|         12|
    +---------------------+----+-----------+-----+-----------+

    * Register: 
    +----------------------------------------------------------------------+----+----+-----+-----------+
    |                                 Name                                 | FF | LUT| Bits| Const Bits|
    +----------------------------------------------------------------------+----+----+-----+-----------+
    |ap_CS_fsm                                                             |   5|   0|    5|          0|
    |ap_done_reg                                                           |   1|   0|    1|          0|
    |grp_VITIS_LOOP_82_4_proc_Pipeline_VITIS_LOOP_82_4_fu_56_ap_start_reg  |   1|   0|    1|          0|
    |icmp_ln86_reg_130                                                     |   1|   0|    1|          0|
    |mul_ln72_reg_125                                                      |  19|   0|   19|          0|
    |select_ln86_cast_reg_135                                              |   2|   0|    2|          0|
    |shl_ln_reg_120                                                        |   7|   0|   10|          3|
    +----------------------------------------------------------------------+----+----+-----+-----------+
    |Total                                                                 |  36|   0|   39|          3|
    +----------------------------------------------------------------------+----+----+-----+-----------+



================================================================
== Interface
================================================================
* Summary: 
+----------------------+-----+------+------------+----------------------+--------------+
|       RTL Ports      | Dir | Bits |  Protocol  |     Source Object    |    C Type    |
+----------------------+-----+------+------------+----------------------+--------------+
|ap_clk                |   in|     1|  ap_ctrl_hs|  VITIS_LOOP_82_4_proc|  return value|
|ap_rst                |   in|     1|  ap_ctrl_hs|  VITIS_LOOP_82_4_proc|  return value|
|ap_start              |   in|     1|  ap_ctrl_hs|  VITIS_LOOP_82_4_proc|  return value|
|ap_done               |  out|     1|  ap_ctrl_hs|  VITIS_LOOP_82_4_proc|  return value|
|ap_continue           |   in|     1|  ap_ctrl_hs|  VITIS_LOOP_82_4_proc|  return value|
|ap_idle               |  out|     1|  ap_ctrl_hs|  VITIS_LOOP_82_4_proc|  return value|
|ap_ready              |  out|     1|  ap_ctrl_hs|  VITIS_LOOP_82_4_proc|  return value|
|in2                   |   in|    64|     ap_none|                   in2|        scalar|
|k                     |   in|    13|     ap_none|                     k|        scalar|
|in_buf2_V2_address0   |  out|     7|   ap_memory|            in_buf2_V2|         array|
|in_buf2_V2_ce0        |  out|     1|   ap_memory|            in_buf2_V2|         array|
|in_buf2_V2_we0        |  out|     1|   ap_memory|            in_buf2_V2|         array|
|in_buf2_V2_d0         |  out|   512|   ap_memory|            in_buf2_V2|         array|
|m_axi_gmem1_AWVALID   |  out|     1|       m_axi|                 gmem1|       pointer|
|m_axi_gmem1_AWREADY   |   in|     1|       m_axi|                 gmem1|       pointer|
|m_axi_gmem1_AWADDR    |  out|    64|       m_axi|                 gmem1|       pointer|
|m_axi_gmem1_AWID      |  out|     1|       m_axi|                 gmem1|       pointer|
|m_axi_gmem1_AWLEN     |  out|    32|       m_axi|                 gmem1|       pointer|
|m_axi_gmem1_AWSIZE    |  out|     3|       m_axi|                 gmem1|       pointer|
|m_axi_gmem1_AWBURST   |  out|     2|       m_axi|                 gmem1|       pointer|
|m_axi_gmem1_AWLOCK    |  out|     2|       m_axi|                 gmem1|       pointer|
|m_axi_gmem1_AWCACHE   |  out|     4|       m_axi|                 gmem1|       pointer|
|m_axi_gmem1_AWPROT    |  out|     3|       m_axi|                 gmem1|       pointer|
|m_axi_gmem1_AWQOS     |  out|     4|       m_axi|                 gmem1|       pointer|
|m_axi_gmem1_AWREGION  |  out|     4|       m_axi|                 gmem1|       pointer|
|m_axi_gmem1_AWUSER    |  out|     1|       m_axi|                 gmem1|       pointer|
|m_axi_gmem1_WVALID    |  out|     1|       m_axi|                 gmem1|       pointer|
|m_axi_gmem1_WREADY    |   in|     1|       m_axi|                 gmem1|       pointer|
|m_axi_gmem1_WDATA     |  out|  1024|       m_axi|                 gmem1|       pointer|
|m_axi_gmem1_WSTRB     |  out|   128|       m_axi|                 gmem1|       pointer|
|m_axi_gmem1_WLAST     |  out|     1|       m_axi|                 gmem1|       pointer|
|m_axi_gmem1_WID       |  out|     1|       m_axi|                 gmem1|       pointer|
|m_axi_gmem1_WUSER     |  out|     1|       m_axi|                 gmem1|       pointer|
|m_axi_gmem1_ARVALID   |  out|     1|       m_axi|                 gmem1|       pointer|
|m_axi_gmem1_ARREADY   |   in|     1|       m_axi|                 gmem1|       pointer|
|m_axi_gmem1_ARADDR    |  out|    64|       m_axi|                 gmem1|       pointer|
|m_axi_gmem1_ARID      |  out|     1|       m_axi|                 gmem1|       pointer|
|m_axi_gmem1_ARLEN     |  out|    32|       m_axi|                 gmem1|       pointer|
|m_axi_gmem1_ARSIZE    |  out|     3|       m_axi|                 gmem1|       pointer|
|m_axi_gmem1_ARBURST   |  out|     2|       m_axi|                 gmem1|       pointer|
|m_axi_gmem1_ARLOCK    |  out|     2|       m_axi|                 gmem1|       pointer|
|m_axi_gmem1_ARCACHE   |  out|     4|       m_axi|                 gmem1|       pointer|
|m_axi_gmem1_ARPROT    |  out|     3|       m_axi|                 gmem1|       pointer|
|m_axi_gmem1_ARQOS     |  out|     4|       m_axi|                 gmem1|       pointer|
|m_axi_gmem1_ARREGION  |  out|     4|       m_axi|                 gmem1|       pointer|
|m_axi_gmem1_ARUSER    |  out|     1|       m_axi|                 gmem1|       pointer|
|m_axi_gmem1_RVALID    |   in|     1|       m_axi|                 gmem1|       pointer|
|m_axi_gmem1_RREADY    |  out|     1|       m_axi|                 gmem1|       pointer|
|m_axi_gmem1_RDATA     |   in|  1024|       m_axi|                 gmem1|       pointer|
|m_axi_gmem1_RLAST     |   in|     1|       m_axi|                 gmem1|       pointer|
|m_axi_gmem1_RID       |   in|     1|       m_axi|                 gmem1|       pointer|
|m_axi_gmem1_RFIFONUM  |   in|     9|       m_axi|                 gmem1|       pointer|
|m_axi_gmem1_RUSER     |   in|     1|       m_axi|                 gmem1|       pointer|
|m_axi_gmem1_RRESP     |   in|     2|       m_axi|                 gmem1|       pointer|
|m_axi_gmem1_BVALID    |   in|     1|       m_axi|                 gmem1|       pointer|
|m_axi_gmem1_BREADY    |  out|     1|       m_axi|                 gmem1|       pointer|
|m_axi_gmem1_BRESP     |   in|     2|       m_axi|                 gmem1|       pointer|
|m_axi_gmem1_BID       |   in|     1|       m_axi|                 gmem1|       pointer|
|m_axi_gmem1_BUSER     |   in|     1|       m_axi|                 gmem1|       pointer|
+----------------------+-----+------+------------+----------------------+--------------+

