

================================================================
== Vitis HLS Report for 'VITIS_LOOP_120_10_proc'
================================================================
* Date:           Wed Jul  5 10:00:09 2023

* Version:        2022.2 (Build 3670227 on Oct 13 2022)
* Project:        alveo_hls4ml
* Solution:       solution (Vitis Kernel Flow Target)
* Product family: virtexuplus
* Target device:  xcu55c-fsvh2892-2L-e


================================================================
== Performance Estimates
================================================================
+ Timing: 
    * Summary: 
    +--------+---------+----------+------------+
    |  Clock |  Target | Estimated| Uncertainty|
    +--------+---------+----------+------------+
    |ap_clk  |  4.00 ns|  2.598 ns|     1.08 ns|
    +--------+---------+----------+------------+

+ Latency: 
    * Summary: 
    +---------+---------+----------+----------+-----+-----+---------+
    |  Latency (cycles) |  Latency (absolute) |  Interval | Pipeline|
    |   min   |   max   |    min   |    max   | min | max |   Type  |
    +---------+---------+----------+----------+-----+-----+---------+
    |       75|       75|  0.300 us|  0.300 us|   75|   75|       no|
    +---------+---------+----------+----------+-----+-----+---------+

    + Detail: 
        * Instance: 
        N/A

        * Loop: 
        +---------------------+---------+---------+----------+-----------+-----------+------+----------+
        |                     |  Latency (cycles) | Iteration|  Initiation Interval  | Trip |          |
        |      Loop Name      |   min   |   max   |  Latency |  achieved |   target  | Count| Pipelined|
        +---------------------+---------+---------+----------+-----------+-----------+------+----------+
        |- VITIS_LOOP_120_10  |       73|       73|         2|          1|          1|    73|       yes|
        +---------------------+---------+---------+----------+-----------+-----------+------+----------+



================================================================
== Utilization Estimates
================================================================
* Summary: 
+---------------------+---------+------+---------+---------+-----+
|         Name        | BRAM_18K|  DSP |    FF   |   LUT   | URAM|
+---------------------+---------+------+---------+---------+-----+
|DSP                  |        -|     -|        -|        -|    -|
|Expression           |        -|     -|        0|       32|    -|
|FIFO                 |        -|     -|        -|        -|    -|
|Instance             |        -|     -|        -|        -|    -|
|Memory               |        -|     -|        -|        -|    -|
|Multiplexer          |        -|     -|        -|      702|    -|
|Register             |        -|     -|       17|        -|    -|
+---------------------+---------+------+---------+---------+-----+
|Total                |        0|     0|       17|      734|    0|
+---------------------+---------+------+---------+---------+-----+
|Available SLR        |     1344|  3008|   869120|   434560|  320|
+---------------------+---------+------+---------+---------+-----+
|Utilization SLR (%)  |        0|     0|       ~0|       ~0|    0|
+---------------------+---------+------+---------+---------+-----+
|Available            |     4032|  9024|  2607360|  1303680|  960|
+---------------------+---------+------+---------+---------+-----+
|Utilization (%)      |        0|     0|       ~0|       ~0|    0|
+---------------------+---------+------+---------+---------+-----+

+ Detail: 
    * Instance: 
    N/A

    * DSP: 
    N/A

    * Memory: 
    N/A

    * FIFO: 
    N/A

    * Expression: 
    +----------------------------------+----------+----+---+----+------------+------------+
    |           Variable Name          | Operation| DSP| FF| LUT| Bitwidth P0| Bitwidth P1|
    +----------------------------------+----------+----+---+----+------------+------------+
    |add_ln120_fu_659_p2               |         +|   0|  0|  14|           7|           1|
    |ap_condition_747                  |       and|   0|  0|   2|           1|           1|
    |icmp_ln120_fu_653_p2              |      icmp|   0|  0|  10|           7|           7|
    |ap_block_pp0_stage0_11001         |        or|   0|  0|   2|           1|           1|
    |ap_block_state2_pp0_stage0_iter1  |        or|   0|  0|   2|           1|           1|
    |ap_enable_pp0                     |       xor|   0|  0|   2|           1|           2|
    +----------------------------------+----------+----+---+----+------------+------------+
    |Total                             |          |   0|  0|  32|          18|          13|
    +----------------------------------+----------+----+---+----+------------+------------+

    * Multiplexer: 
    +-------------------------+----+-----------+-----+-----------+
    |           Name          | LUT| Input Size| Bits| Total Bits|
    +-------------------------+----+-----------+-----+-----------+
    |ap_done_int              |   9|          2|    1|          2|
    |ap_enable_reg_pp0_iter1  |   9|          2|    1|          2|
    |ap_sig_allocacmp_i0_3    |   9|          2|    7|         14|
    |i0_fu_184                |   9|          2|    7|         14|
    |out_stream_0_blk_n       |   9|          2|    1|          2|
    |out_stream_10_blk_n      |   9|          2|    1|          2|
    |out_stream_11_blk_n      |   9|          2|    1|          2|
    |out_stream_12_blk_n      |   9|          2|    1|          2|
    |out_stream_13_blk_n      |   9|          2|    1|          2|
    |out_stream_14_blk_n      |   9|          2|    1|          2|
    |out_stream_15_blk_n      |   9|          2|    1|          2|
    |out_stream_16_blk_n      |   9|          2|    1|          2|
    |out_stream_17_blk_n      |   9|          2|    1|          2|
    |out_stream_18_blk_n      |   9|          2|    1|          2|
    |out_stream_19_blk_n      |   9|          2|    1|          2|
    |out_stream_1_blk_n       |   9|          2|    1|          2|
    |out_stream_20_blk_n      |   9|          2|    1|          2|
    |out_stream_21_blk_n      |   9|          2|    1|          2|
    |out_stream_22_blk_n      |   9|          2|    1|          2|
    |out_stream_23_blk_n      |   9|          2|    1|          2|
    |out_stream_24_blk_n      |   9|          2|    1|          2|
    |out_stream_25_blk_n      |   9|          2|    1|          2|
    |out_stream_26_blk_n      |   9|          2|    1|          2|
    |out_stream_27_blk_n      |   9|          2|    1|          2|
    |out_stream_28_blk_n      |   9|          2|    1|          2|
    |out_stream_29_blk_n      |   9|          2|    1|          2|
    |out_stream_2_blk_n       |   9|          2|    1|          2|
    |out_stream_30_blk_n      |   9|          2|    1|          2|
    |out_stream_31_blk_n      |   9|          2|    1|          2|
    |out_stream_32_blk_n      |   9|          2|    1|          2|
    |out_stream_33_blk_n      |   9|          2|    1|          2|
    |out_stream_34_blk_n      |   9|          2|    1|          2|
    |out_stream_35_blk_n      |   9|          2|    1|          2|
    |out_stream_36_blk_n      |   9|          2|    1|          2|
    |out_stream_37_blk_n      |   9|          2|    1|          2|
    |out_stream_38_blk_n      |   9|          2|    1|          2|
    |out_stream_39_blk_n      |   9|          2|    1|          2|
    |out_stream_3_blk_n       |   9|          2|    1|          2|
    |out_stream_40_blk_n      |   9|          2|    1|          2|
    |out_stream_41_blk_n      |   9|          2|    1|          2|
    |out_stream_42_blk_n      |   9|          2|    1|          2|
    |out_stream_43_blk_n      |   9|          2|    1|          2|
    |out_stream_44_blk_n      |   9|          2|    1|          2|
    |out_stream_45_blk_n      |   9|          2|    1|          2|
    |out_stream_46_blk_n      |   9|          2|    1|          2|
    |out_stream_47_blk_n      |   9|          2|    1|          2|
    |out_stream_48_blk_n      |   9|          2|    1|          2|
    |out_stream_49_blk_n      |   9|          2|    1|          2|
    |out_stream_4_blk_n       |   9|          2|    1|          2|
    |out_stream_50_blk_n      |   9|          2|    1|          2|
    |out_stream_51_blk_n      |   9|          2|    1|          2|
    |out_stream_52_blk_n      |   9|          2|    1|          2|
    |out_stream_53_blk_n      |   9|          2|    1|          2|
    |out_stream_54_blk_n      |   9|          2|    1|          2|
    |out_stream_55_blk_n      |   9|          2|    1|          2|
    |out_stream_56_blk_n      |   9|          2|    1|          2|
    |out_stream_57_blk_n      |   9|          2|    1|          2|
    |out_stream_58_blk_n      |   9|          2|    1|          2|
    |out_stream_59_blk_n      |   9|          2|    1|          2|
    |out_stream_5_blk_n       |   9|          2|    1|          2|
    |out_stream_60_blk_n      |   9|          2|    1|          2|
    |out_stream_61_blk_n      |   9|          2|    1|          2|
    |out_stream_62_blk_n      |   9|          2|    1|          2|
    |out_stream_63_blk_n      |   9|          2|    1|          2|
    |out_stream_64_blk_n      |   9|          2|    1|          2|
    |out_stream_65_blk_n      |   9|          2|    1|          2|
    |out_stream_66_blk_n      |   9|          2|    1|          2|
    |out_stream_67_blk_n      |   9|          2|    1|          2|
    |out_stream_68_blk_n      |   9|          2|    1|          2|
    |out_stream_69_blk_n      |   9|          2|    1|          2|
    |out_stream_6_blk_n       |   9|          2|    1|          2|
    |out_stream_70_blk_n      |   9|          2|    1|          2|
    |out_stream_71_blk_n      |   9|          2|    1|          2|
    |out_stream_72_blk_n      |   9|          2|    1|          2|
    |out_stream_73_blk_n      |   9|          2|    1|          2|
    |out_stream_7_blk_n       |   9|          2|    1|          2|
    |out_stream_8_blk_n       |   9|          2|    1|          2|
    |out_stream_9_blk_n       |   9|          2|    1|          2|
    +-------------------------+----+-----------+-----+-----------+
    |Total                    | 702|        156|   90|        180|
    +-------------------------+----+-----------+-----+-----------+

    * Register: 
    +-------------------------+---+----+-----+-----------+
    |           Name          | FF| LUT| Bits| Const Bits|
    +-------------------------+---+----+-----+-----------+
    |ap_CS_fsm                |  1|   0|    1|          0|
    |ap_done_reg              |  1|   0|    1|          0|
    |ap_enable_reg_pp0_iter1  |  1|   0|    1|          0|
    |i0_3_reg_834             |  7|   0|    7|          0|
    |i0_fu_184                |  7|   0|    7|          0|
    +-------------------------+---+----+-----+-----------+
    |Total                    | 17|   0|   17|          0|
    +-------------------------+---+----+-----+-----------+



================================================================
== Interface
================================================================
* Summary: 
+------------------------------+-----+-----+------------+------------------------+--------------+
|           RTL Ports          | Dir | Bits|  Protocol  |      Source Object     |    C Type    |
+------------------------------+-----+-----+------------+------------------------+--------------+
|ap_clk                        |   in|    1|  ap_ctrl_hs|  VITIS_LOOP_120_10_proc|  return value|
|ap_rst                        |   in|    1|  ap_ctrl_hs|  VITIS_LOOP_120_10_proc|  return value|
|ap_start                      |   in|    1|  ap_ctrl_hs|  VITIS_LOOP_120_10_proc|  return value|
|ap_done                       |  out|    1|  ap_ctrl_hs|  VITIS_LOOP_120_10_proc|  return value|
|ap_continue                   |   in|    1|  ap_ctrl_hs|  VITIS_LOOP_120_10_proc|  return value|
|ap_idle                       |  out|    1|  ap_ctrl_hs|  VITIS_LOOP_120_10_proc|  return value|
|ap_ready                      |  out|    1|  ap_ctrl_hs|  VITIS_LOOP_120_10_proc|  return value|
|out_stream_0_dout             |   in|    8|     ap_fifo|            out_stream_0|       pointer|
|out_stream_0_num_data_valid   |   in|    8|     ap_fifo|            out_stream_0|       pointer|
|out_stream_0_fifo_cap         |   in|    8|     ap_fifo|            out_stream_0|       pointer|
|out_stream_0_empty_n          |   in|    1|     ap_fifo|            out_stream_0|       pointer|
|out_stream_0_read             |  out|    1|     ap_fifo|            out_stream_0|       pointer|
|out_stream_1_dout             |   in|    8|     ap_fifo|            out_stream_1|       pointer|
|out_stream_1_num_data_valid   |   in|    8|     ap_fifo|            out_stream_1|       pointer|
|out_stream_1_fifo_cap         |   in|    8|     ap_fifo|            out_stream_1|       pointer|
|out_stream_1_empty_n          |   in|    1|     ap_fifo|            out_stream_1|       pointer|
|out_stream_1_read             |  out|    1|     ap_fifo|            out_stream_1|       pointer|
|out_stream_2_dout             |   in|    8|     ap_fifo|            out_stream_2|       pointer|
|out_stream_2_num_data_valid   |   in|    8|     ap_fifo|            out_stream_2|       pointer|
|out_stream_2_fifo_cap         |   in|    8|     ap_fifo|            out_stream_2|       pointer|
|out_stream_2_empty_n          |   in|    1|     ap_fifo|            out_stream_2|       pointer|
|out_stream_2_read             |  out|    1|     ap_fifo|            out_stream_2|       pointer|
|out_stream_3_dout             |   in|    8|     ap_fifo|            out_stream_3|       pointer|
|out_stream_3_num_data_valid   |   in|    8|     ap_fifo|            out_stream_3|       pointer|
|out_stream_3_fifo_cap         |   in|    8|     ap_fifo|            out_stream_3|       pointer|
|out_stream_3_empty_n          |   in|    1|     ap_fifo|            out_stream_3|       pointer|
|out_stream_3_read             |  out|    1|     ap_fifo|            out_stream_3|       pointer|
|out_stream_4_dout             |   in|    8|     ap_fifo|            out_stream_4|       pointer|
|out_stream_4_num_data_valid   |   in|    8|     ap_fifo|            out_stream_4|       pointer|
|out_stream_4_fifo_cap         |   in|    8|     ap_fifo|            out_stream_4|       pointer|
|out_stream_4_empty_n          |   in|    1|     ap_fifo|            out_stream_4|       pointer|
|out_stream_4_read             |  out|    1|     ap_fifo|            out_stream_4|       pointer|
|out_stream_5_dout             |   in|    8|     ap_fifo|            out_stream_5|       pointer|
|out_stream_5_num_data_valid   |   in|    8|     ap_fifo|            out_stream_5|       pointer|
|out_stream_5_fifo_cap         |   in|    8|     ap_fifo|            out_stream_5|       pointer|
|out_stream_5_empty_n          |   in|    1|     ap_fifo|            out_stream_5|       pointer|
|out_stream_5_read             |  out|    1|     ap_fifo|            out_stream_5|       pointer|
|out_stream_6_dout             |   in|    8|     ap_fifo|            out_stream_6|       pointer|
|out_stream_6_num_data_valid   |   in|    8|     ap_fifo|            out_stream_6|       pointer|
|out_stream_6_fifo_cap         |   in|    8|     ap_fifo|            out_stream_6|       pointer|
|out_stream_6_empty_n          |   in|    1|     ap_fifo|            out_stream_6|       pointer|
|out_stream_6_read             |  out|    1|     ap_fifo|            out_stream_6|       pointer|
|out_stream_7_dout             |   in|    8|     ap_fifo|            out_stream_7|       pointer|
|out_stream_7_num_data_valid   |   in|    8|     ap_fifo|            out_stream_7|       pointer|
|out_stream_7_fifo_cap         |   in|    8|     ap_fifo|            out_stream_7|       pointer|
|out_stream_7_empty_n          |   in|    1|     ap_fifo|            out_stream_7|       pointer|
|out_stream_7_read             |  out|    1|     ap_fifo|            out_stream_7|       pointer|
|out_stream_8_dout             |   in|    8|     ap_fifo|            out_stream_8|       pointer|
|out_stream_8_num_data_valid   |   in|    8|     ap_fifo|            out_stream_8|       pointer|
|out_stream_8_fifo_cap         |   in|    8|     ap_fifo|            out_stream_8|       pointer|
|out_stream_8_empty_n          |   in|    1|     ap_fifo|            out_stream_8|       pointer|
|out_stream_8_read             |  out|    1|     ap_fifo|            out_stream_8|       pointer|
|out_stream_9_dout             |   in|    8|     ap_fifo|            out_stream_9|       pointer|
|out_stream_9_num_data_valid   |   in|    8|     ap_fifo|            out_stream_9|       pointer|
|out_stream_9_fifo_cap         |   in|    8|     ap_fifo|            out_stream_9|       pointer|
|out_stream_9_empty_n          |   in|    1|     ap_fifo|            out_stream_9|       pointer|
|out_stream_9_read             |  out|    1|     ap_fifo|            out_stream_9|       pointer|
|out_stream_10_dout            |   in|    8|     ap_fifo|           out_stream_10|       pointer|
|out_stream_10_num_data_valid  |   in|    8|     ap_fifo|           out_stream_10|       pointer|
|out_stream_10_fifo_cap        |   in|    8|     ap_fifo|           out_stream_10|       pointer|
|out_stream_10_empty_n         |   in|    1|     ap_fifo|           out_stream_10|       pointer|
|out_stream_10_read            |  out|    1|     ap_fifo|           out_stream_10|       pointer|
|out_stream_11_dout            |   in|    8|     ap_fifo|           out_stream_11|       pointer|
|out_stream_11_num_data_valid  |   in|    8|     ap_fifo|           out_stream_11|       pointer|
|out_stream_11_fifo_cap        |   in|    8|     ap_fifo|           out_stream_11|       pointer|
|out_stream_11_empty_n         |   in|    1|     ap_fifo|           out_stream_11|       pointer|
|out_stream_11_read            |  out|    1|     ap_fifo|           out_stream_11|       pointer|
|out_stream_12_dout            |   in|    8|     ap_fifo|           out_stream_12|       pointer|
|out_stream_12_num_data_valid  |   in|    8|     ap_fifo|           out_stream_12|       pointer|
|out_stream_12_fifo_cap        |   in|    8|     ap_fifo|           out_stream_12|       pointer|
|out_stream_12_empty_n         |   in|    1|     ap_fifo|           out_stream_12|       pointer|
|out_stream_12_read            |  out|    1|     ap_fifo|           out_stream_12|       pointer|
|out_stream_13_dout            |   in|    8|     ap_fifo|           out_stream_13|       pointer|
|out_stream_13_num_data_valid  |   in|    8|     ap_fifo|           out_stream_13|       pointer|
|out_stream_13_fifo_cap        |   in|    8|     ap_fifo|           out_stream_13|       pointer|
|out_stream_13_empty_n         |   in|    1|     ap_fifo|           out_stream_13|       pointer|
|out_stream_13_read            |  out|    1|     ap_fifo|           out_stream_13|       pointer|
|out_stream_14_dout            |   in|    8|     ap_fifo|           out_stream_14|       pointer|
|out_stream_14_num_data_valid  |   in|    8|     ap_fifo|           out_stream_14|       pointer|
|out_stream_14_fifo_cap        |   in|    8|     ap_fifo|           out_stream_14|       pointer|
|out_stream_14_empty_n         |   in|    1|     ap_fifo|           out_stream_14|       pointer|
|out_stream_14_read            |  out|    1|     ap_fifo|           out_stream_14|       pointer|
|out_stream_15_dout            |   in|    8|     ap_fifo|           out_stream_15|       pointer|
|out_stream_15_num_data_valid  |   in|    8|     ap_fifo|           out_stream_15|       pointer|
|out_stream_15_fifo_cap        |   in|    8|     ap_fifo|           out_stream_15|       pointer|
|out_stream_15_empty_n         |   in|    1|     ap_fifo|           out_stream_15|       pointer|
|out_stream_15_read            |  out|    1|     ap_fifo|           out_stream_15|       pointer|
|out_stream_16_dout            |   in|    8|     ap_fifo|           out_stream_16|       pointer|
|out_stream_16_num_data_valid  |   in|    8|     ap_fifo|           out_stream_16|       pointer|
|out_stream_16_fifo_cap        |   in|    8|     ap_fifo|           out_stream_16|       pointer|
|out_stream_16_empty_n         |   in|    1|     ap_fifo|           out_stream_16|       pointer|
|out_stream_16_read            |  out|    1|     ap_fifo|           out_stream_16|       pointer|
|out_stream_17_dout            |   in|    8|     ap_fifo|           out_stream_17|       pointer|
|out_stream_17_num_data_valid  |   in|    8|     ap_fifo|           out_stream_17|       pointer|
|out_stream_17_fifo_cap        |   in|    8|     ap_fifo|           out_stream_17|       pointer|
|out_stream_17_empty_n         |   in|    1|     ap_fifo|           out_stream_17|       pointer|
|out_stream_17_read            |  out|    1|     ap_fifo|           out_stream_17|       pointer|
|out_stream_18_dout            |   in|    8|     ap_fifo|           out_stream_18|       pointer|
|out_stream_18_num_data_valid  |   in|    8|     ap_fifo|           out_stream_18|       pointer|
|out_stream_18_fifo_cap        |   in|    8|     ap_fifo|           out_stream_18|       pointer|
|out_stream_18_empty_n         |   in|    1|     ap_fifo|           out_stream_18|       pointer|
|out_stream_18_read            |  out|    1|     ap_fifo|           out_stream_18|       pointer|
|out_stream_19_dout            |   in|    8|     ap_fifo|           out_stream_19|       pointer|
|out_stream_19_num_data_valid  |   in|    8|     ap_fifo|           out_stream_19|       pointer|
|out_stream_19_fifo_cap        |   in|    8|     ap_fifo|           out_stream_19|       pointer|
|out_stream_19_empty_n         |   in|    1|     ap_fifo|           out_stream_19|       pointer|
|out_stream_19_read            |  out|    1|     ap_fifo|           out_stream_19|       pointer|
|out_stream_20_dout            |   in|    8|     ap_fifo|           out_stream_20|       pointer|
|out_stream_20_num_data_valid  |   in|    8|     ap_fifo|           out_stream_20|       pointer|
|out_stream_20_fifo_cap        |   in|    8|     ap_fifo|           out_stream_20|       pointer|
|out_stream_20_empty_n         |   in|    1|     ap_fifo|           out_stream_20|       pointer|
|out_stream_20_read            |  out|    1|     ap_fifo|           out_stream_20|       pointer|
|out_stream_21_dout            |   in|    8|     ap_fifo|           out_stream_21|       pointer|
|out_stream_21_num_data_valid  |   in|    8|     ap_fifo|           out_stream_21|       pointer|
|out_stream_21_fifo_cap        |   in|    8|     ap_fifo|           out_stream_21|       pointer|
|out_stream_21_empty_n         |   in|    1|     ap_fifo|           out_stream_21|       pointer|
|out_stream_21_read            |  out|    1|     ap_fifo|           out_stream_21|       pointer|
|out_stream_22_dout            |   in|    8|     ap_fifo|           out_stream_22|       pointer|
|out_stream_22_num_data_valid  |   in|    8|     ap_fifo|           out_stream_22|       pointer|
|out_stream_22_fifo_cap        |   in|    8|     ap_fifo|           out_stream_22|       pointer|
|out_stream_22_empty_n         |   in|    1|     ap_fifo|           out_stream_22|       pointer|
|out_stream_22_read            |  out|    1|     ap_fifo|           out_stream_22|       pointer|
|out_stream_23_dout            |   in|    8|     ap_fifo|           out_stream_23|       pointer|
|out_stream_23_num_data_valid  |   in|    8|     ap_fifo|           out_stream_23|       pointer|
|out_stream_23_fifo_cap        |   in|    8|     ap_fifo|           out_stream_23|       pointer|
|out_stream_23_empty_n         |   in|    1|     ap_fifo|           out_stream_23|       pointer|
|out_stream_23_read            |  out|    1|     ap_fifo|           out_stream_23|       pointer|
|out_stream_24_dout            |   in|    8|     ap_fifo|           out_stream_24|       pointer|
|out_stream_24_num_data_valid  |   in|    8|     ap_fifo|           out_stream_24|       pointer|
|out_stream_24_fifo_cap        |   in|    8|     ap_fifo|           out_stream_24|       pointer|
|out_stream_24_empty_n         |   in|    1|     ap_fifo|           out_stream_24|       pointer|
|out_stream_24_read            |  out|    1|     ap_fifo|           out_stream_24|       pointer|
|out_stream_25_dout            |   in|    8|     ap_fifo|           out_stream_25|       pointer|
|out_stream_25_num_data_valid  |   in|    8|     ap_fifo|           out_stream_25|       pointer|
|out_stream_25_fifo_cap        |   in|    8|     ap_fifo|           out_stream_25|       pointer|
|out_stream_25_empty_n         |   in|    1|     ap_fifo|           out_stream_25|       pointer|
|out_stream_25_read            |  out|    1|     ap_fifo|           out_stream_25|       pointer|
|out_stream_26_dout            |   in|    8|     ap_fifo|           out_stream_26|       pointer|
|out_stream_26_num_data_valid  |   in|    8|     ap_fifo|           out_stream_26|       pointer|
|out_stream_26_fifo_cap        |   in|    8|     ap_fifo|           out_stream_26|       pointer|
|out_stream_26_empty_n         |   in|    1|     ap_fifo|           out_stream_26|       pointer|
|out_stream_26_read            |  out|    1|     ap_fifo|           out_stream_26|       pointer|
|out_stream_27_dout            |   in|    8|     ap_fifo|           out_stream_27|       pointer|
|out_stream_27_num_data_valid  |   in|    8|     ap_fifo|           out_stream_27|       pointer|
|out_stream_27_fifo_cap        |   in|    8|     ap_fifo|           out_stream_27|       pointer|
|out_stream_27_empty_n         |   in|    1|     ap_fifo|           out_stream_27|       pointer|
|out_stream_27_read            |  out|    1|     ap_fifo|           out_stream_27|       pointer|
|out_stream_28_dout            |   in|    8|     ap_fifo|           out_stream_28|       pointer|
|out_stream_28_num_data_valid  |   in|    8|     ap_fifo|           out_stream_28|       pointer|
|out_stream_28_fifo_cap        |   in|    8|     ap_fifo|           out_stream_28|       pointer|
|out_stream_28_empty_n         |   in|    1|     ap_fifo|           out_stream_28|       pointer|
|out_stream_28_read            |  out|    1|     ap_fifo|           out_stream_28|       pointer|
|out_stream_29_dout            |   in|    8|     ap_fifo|           out_stream_29|       pointer|
|out_stream_29_num_data_valid  |   in|    8|     ap_fifo|           out_stream_29|       pointer|
|out_stream_29_fifo_cap        |   in|    8|     ap_fifo|           out_stream_29|       pointer|
|out_stream_29_empty_n         |   in|    1|     ap_fifo|           out_stream_29|       pointer|
|out_stream_29_read            |  out|    1|     ap_fifo|           out_stream_29|       pointer|
|out_stream_30_dout            |   in|    8|     ap_fifo|           out_stream_30|       pointer|
|out_stream_30_num_data_valid  |   in|    8|     ap_fifo|           out_stream_30|       pointer|
|out_stream_30_fifo_cap        |   in|    8|     ap_fifo|           out_stream_30|       pointer|
|out_stream_30_empty_n         |   in|    1|     ap_fifo|           out_stream_30|       pointer|
|out_stream_30_read            |  out|    1|     ap_fifo|           out_stream_30|       pointer|
|out_stream_31_dout            |   in|    8|     ap_fifo|           out_stream_31|       pointer|
|out_stream_31_num_data_valid  |   in|    8|     ap_fifo|           out_stream_31|       pointer|
|out_stream_31_fifo_cap        |   in|    8|     ap_fifo|           out_stream_31|       pointer|
|out_stream_31_empty_n         |   in|    1|     ap_fifo|           out_stream_31|       pointer|
|out_stream_31_read            |  out|    1|     ap_fifo|           out_stream_31|       pointer|
|out_stream_32_dout            |   in|    8|     ap_fifo|           out_stream_32|       pointer|
|out_stream_32_num_data_valid  |   in|    8|     ap_fifo|           out_stream_32|       pointer|
|out_stream_32_fifo_cap        |   in|    8|     ap_fifo|           out_stream_32|       pointer|
|out_stream_32_empty_n         |   in|    1|     ap_fifo|           out_stream_32|       pointer|
|out_stream_32_read            |  out|    1|     ap_fifo|           out_stream_32|       pointer|
|out_stream_33_dout            |   in|    8|     ap_fifo|           out_stream_33|       pointer|
|out_stream_33_num_data_valid  |   in|    8|     ap_fifo|           out_stream_33|       pointer|
|out_stream_33_fifo_cap        |   in|    8|     ap_fifo|           out_stream_33|       pointer|
|out_stream_33_empty_n         |   in|    1|     ap_fifo|           out_stream_33|       pointer|
|out_stream_33_read            |  out|    1|     ap_fifo|           out_stream_33|       pointer|
|out_stream_34_dout            |   in|    8|     ap_fifo|           out_stream_34|       pointer|
|out_stream_34_num_data_valid  |   in|    8|     ap_fifo|           out_stream_34|       pointer|
|out_stream_34_fifo_cap        |   in|    8|     ap_fifo|           out_stream_34|       pointer|
|out_stream_34_empty_n         |   in|    1|     ap_fifo|           out_stream_34|       pointer|
|out_stream_34_read            |  out|    1|     ap_fifo|           out_stream_34|       pointer|
|out_stream_35_dout            |   in|    8|     ap_fifo|           out_stream_35|       pointer|
|out_stream_35_num_data_valid  |   in|    8|     ap_fifo|           out_stream_35|       pointer|
|out_stream_35_fifo_cap        |   in|    8|     ap_fifo|           out_stream_35|       pointer|
|out_stream_35_empty_n         |   in|    1|     ap_fifo|           out_stream_35|       pointer|
|out_stream_35_read            |  out|    1|     ap_fifo|           out_stream_35|       pointer|
|out_stream_36_dout            |   in|    8|     ap_fifo|           out_stream_36|       pointer|
|out_stream_36_num_data_valid  |   in|    8|     ap_fifo|           out_stream_36|       pointer|
|out_stream_36_fifo_cap        |   in|    8|     ap_fifo|           out_stream_36|       pointer|
|out_stream_36_empty_n         |   in|    1|     ap_fifo|           out_stream_36|       pointer|
|out_stream_36_read            |  out|    1|     ap_fifo|           out_stream_36|       pointer|
|out_stream_37_dout            |   in|    8|     ap_fifo|           out_stream_37|       pointer|
|out_stream_37_num_data_valid  |   in|    8|     ap_fifo|           out_stream_37|       pointer|
|out_stream_37_fifo_cap        |   in|    8|     ap_fifo|           out_stream_37|       pointer|
|out_stream_37_empty_n         |   in|    1|     ap_fifo|           out_stream_37|       pointer|
|out_stream_37_read            |  out|    1|     ap_fifo|           out_stream_37|       pointer|
|out_stream_38_dout            |   in|    8|     ap_fifo|           out_stream_38|       pointer|
|out_stream_38_num_data_valid  |   in|    8|     ap_fifo|           out_stream_38|       pointer|
|out_stream_38_fifo_cap        |   in|    8|     ap_fifo|           out_stream_38|       pointer|
|out_stream_38_empty_n         |   in|    1|     ap_fifo|           out_stream_38|       pointer|
|out_stream_38_read            |  out|    1|     ap_fifo|           out_stream_38|       pointer|
|out_stream_39_dout            |   in|    8|     ap_fifo|           out_stream_39|       pointer|
|out_stream_39_num_data_valid  |   in|    8|     ap_fifo|           out_stream_39|       pointer|
|out_stream_39_fifo_cap        |   in|    8|     ap_fifo|           out_stream_39|       pointer|
|out_stream_39_empty_n         |   in|    1|     ap_fifo|           out_stream_39|       pointer|
|out_stream_39_read            |  out|    1|     ap_fifo|           out_stream_39|       pointer|
|out_stream_40_dout            |   in|    8|     ap_fifo|           out_stream_40|       pointer|
|out_stream_40_num_data_valid  |   in|    8|     ap_fifo|           out_stream_40|       pointer|
|out_stream_40_fifo_cap        |   in|    8|     ap_fifo|           out_stream_40|       pointer|
|out_stream_40_empty_n         |   in|    1|     ap_fifo|           out_stream_40|       pointer|
|out_stream_40_read            |  out|    1|     ap_fifo|           out_stream_40|       pointer|
|out_stream_41_dout            |   in|    8|     ap_fifo|           out_stream_41|       pointer|
|out_stream_41_num_data_valid  |   in|    8|     ap_fifo|           out_stream_41|       pointer|
|out_stream_41_fifo_cap        |   in|    8|     ap_fifo|           out_stream_41|       pointer|
|out_stream_41_empty_n         |   in|    1|     ap_fifo|           out_stream_41|       pointer|
|out_stream_41_read            |  out|    1|     ap_fifo|           out_stream_41|       pointer|
|out_stream_42_dout            |   in|    8|     ap_fifo|           out_stream_42|       pointer|
|out_stream_42_num_data_valid  |   in|    8|     ap_fifo|           out_stream_42|       pointer|
|out_stream_42_fifo_cap        |   in|    8|     ap_fifo|           out_stream_42|       pointer|
|out_stream_42_empty_n         |   in|    1|     ap_fifo|           out_stream_42|       pointer|
|out_stream_42_read            |  out|    1|     ap_fifo|           out_stream_42|       pointer|
|out_stream_43_dout            |   in|    8|     ap_fifo|           out_stream_43|       pointer|
|out_stream_43_num_data_valid  |   in|    8|     ap_fifo|           out_stream_43|       pointer|
|out_stream_43_fifo_cap        |   in|    8|     ap_fifo|           out_stream_43|       pointer|
|out_stream_43_empty_n         |   in|    1|     ap_fifo|           out_stream_43|       pointer|
|out_stream_43_read            |  out|    1|     ap_fifo|           out_stream_43|       pointer|
|out_stream_44_dout            |   in|    8|     ap_fifo|           out_stream_44|       pointer|
|out_stream_44_num_data_valid  |   in|    8|     ap_fifo|           out_stream_44|       pointer|
|out_stream_44_fifo_cap        |   in|    8|     ap_fifo|           out_stream_44|       pointer|
|out_stream_44_empty_n         |   in|    1|     ap_fifo|           out_stream_44|       pointer|
|out_stream_44_read            |  out|    1|     ap_fifo|           out_stream_44|       pointer|
|out_stream_45_dout            |   in|    8|     ap_fifo|           out_stream_45|       pointer|
|out_stream_45_num_data_valid  |   in|    8|     ap_fifo|           out_stream_45|       pointer|
|out_stream_45_fifo_cap        |   in|    8|     ap_fifo|           out_stream_45|       pointer|
|out_stream_45_empty_n         |   in|    1|     ap_fifo|           out_stream_45|       pointer|
|out_stream_45_read            |  out|    1|     ap_fifo|           out_stream_45|       pointer|
|out_stream_46_dout            |   in|    8|     ap_fifo|           out_stream_46|       pointer|
|out_stream_46_num_data_valid  |   in|    8|     ap_fifo|           out_stream_46|       pointer|
|out_stream_46_fifo_cap        |   in|    8|     ap_fifo|           out_stream_46|       pointer|
|out_stream_46_empty_n         |   in|    1|     ap_fifo|           out_stream_46|       pointer|
|out_stream_46_read            |  out|    1|     ap_fifo|           out_stream_46|       pointer|
|out_stream_47_dout            |   in|    8|     ap_fifo|           out_stream_47|       pointer|
|out_stream_47_num_data_valid  |   in|    8|     ap_fifo|           out_stream_47|       pointer|
|out_stream_47_fifo_cap        |   in|    8|     ap_fifo|           out_stream_47|       pointer|
|out_stream_47_empty_n         |   in|    1|     ap_fifo|           out_stream_47|       pointer|
|out_stream_47_read            |  out|    1|     ap_fifo|           out_stream_47|       pointer|
|out_stream_48_dout            |   in|    8|     ap_fifo|           out_stream_48|       pointer|
|out_stream_48_num_data_valid  |   in|    8|     ap_fifo|           out_stream_48|       pointer|
|out_stream_48_fifo_cap        |   in|    8|     ap_fifo|           out_stream_48|       pointer|
|out_stream_48_empty_n         |   in|    1|     ap_fifo|           out_stream_48|       pointer|
|out_stream_48_read            |  out|    1|     ap_fifo|           out_stream_48|       pointer|
|out_stream_49_dout            |   in|    8|     ap_fifo|           out_stream_49|       pointer|
|out_stream_49_num_data_valid  |   in|    8|     ap_fifo|           out_stream_49|       pointer|
|out_stream_49_fifo_cap        |   in|    8|     ap_fifo|           out_stream_49|       pointer|
|out_stream_49_empty_n         |   in|    1|     ap_fifo|           out_stream_49|       pointer|
|out_stream_49_read            |  out|    1|     ap_fifo|           out_stream_49|       pointer|
|out_stream_50_dout            |   in|    8|     ap_fifo|           out_stream_50|       pointer|
|out_stream_50_num_data_valid  |   in|    8|     ap_fifo|           out_stream_50|       pointer|
|out_stream_50_fifo_cap        |   in|    8|     ap_fifo|           out_stream_50|       pointer|
|out_stream_50_empty_n         |   in|    1|     ap_fifo|           out_stream_50|       pointer|
|out_stream_50_read            |  out|    1|     ap_fifo|           out_stream_50|       pointer|
|out_stream_51_dout            |   in|    8|     ap_fifo|           out_stream_51|       pointer|
|out_stream_51_num_data_valid  |   in|    8|     ap_fifo|           out_stream_51|       pointer|
|out_stream_51_fifo_cap        |   in|    8|     ap_fifo|           out_stream_51|       pointer|
|out_stream_51_empty_n         |   in|    1|     ap_fifo|           out_stream_51|       pointer|
|out_stream_51_read            |  out|    1|     ap_fifo|           out_stream_51|       pointer|
|out_stream_52_dout            |   in|    8|     ap_fifo|           out_stream_52|       pointer|
|out_stream_52_num_data_valid  |   in|    8|     ap_fifo|           out_stream_52|       pointer|
|out_stream_52_fifo_cap        |   in|    8|     ap_fifo|           out_stream_52|       pointer|
|out_stream_52_empty_n         |   in|    1|     ap_fifo|           out_stream_52|       pointer|
|out_stream_52_read            |  out|    1|     ap_fifo|           out_stream_52|       pointer|
|out_stream_53_dout            |   in|    8|     ap_fifo|           out_stream_53|       pointer|
|out_stream_53_num_data_valid  |   in|    8|     ap_fifo|           out_stream_53|       pointer|
|out_stream_53_fifo_cap        |   in|    8|     ap_fifo|           out_stream_53|       pointer|
|out_stream_53_empty_n         |   in|    1|     ap_fifo|           out_stream_53|       pointer|
|out_stream_53_read            |  out|    1|     ap_fifo|           out_stream_53|       pointer|
|out_stream_54_dout            |   in|    8|     ap_fifo|           out_stream_54|       pointer|
|out_stream_54_num_data_valid  |   in|    8|     ap_fifo|           out_stream_54|       pointer|
|out_stream_54_fifo_cap        |   in|    8|     ap_fifo|           out_stream_54|       pointer|
|out_stream_54_empty_n         |   in|    1|     ap_fifo|           out_stream_54|       pointer|
|out_stream_54_read            |  out|    1|     ap_fifo|           out_stream_54|       pointer|
|out_stream_55_dout            |   in|    8|     ap_fifo|           out_stream_55|       pointer|
|out_stream_55_num_data_valid  |   in|    8|     ap_fifo|           out_stream_55|       pointer|
|out_stream_55_fifo_cap        |   in|    8|     ap_fifo|           out_stream_55|       pointer|
|out_stream_55_empty_n         |   in|    1|     ap_fifo|           out_stream_55|       pointer|
|out_stream_55_read            |  out|    1|     ap_fifo|           out_stream_55|       pointer|
|out_stream_56_dout            |   in|    8|     ap_fifo|           out_stream_56|       pointer|
|out_stream_56_num_data_valid  |   in|    8|     ap_fifo|           out_stream_56|       pointer|
|out_stream_56_fifo_cap        |   in|    8|     ap_fifo|           out_stream_56|       pointer|
|out_stream_56_empty_n         |   in|    1|     ap_fifo|           out_stream_56|       pointer|
|out_stream_56_read            |  out|    1|     ap_fifo|           out_stream_56|       pointer|
|out_stream_57_dout            |   in|    8|     ap_fifo|           out_stream_57|       pointer|
|out_stream_57_num_data_valid  |   in|    8|     ap_fifo|           out_stream_57|       pointer|
|out_stream_57_fifo_cap        |   in|    8|     ap_fifo|           out_stream_57|       pointer|
|out_stream_57_empty_n         |   in|    1|     ap_fifo|           out_stream_57|       pointer|
|out_stream_57_read            |  out|    1|     ap_fifo|           out_stream_57|       pointer|
|out_stream_58_dout            |   in|    8|     ap_fifo|           out_stream_58|       pointer|
|out_stream_58_num_data_valid  |   in|    8|     ap_fifo|           out_stream_58|       pointer|
|out_stream_58_fifo_cap        |   in|    8|     ap_fifo|           out_stream_58|       pointer|
|out_stream_58_empty_n         |   in|    1|     ap_fifo|           out_stream_58|       pointer|
|out_stream_58_read            |  out|    1|     ap_fifo|           out_stream_58|       pointer|
|out_stream_59_dout            |   in|    8|     ap_fifo|           out_stream_59|       pointer|
|out_stream_59_num_data_valid  |   in|    8|     ap_fifo|           out_stream_59|       pointer|
|out_stream_59_fifo_cap        |   in|    8|     ap_fifo|           out_stream_59|       pointer|
|out_stream_59_empty_n         |   in|    1|     ap_fifo|           out_stream_59|       pointer|
|out_stream_59_read            |  out|    1|     ap_fifo|           out_stream_59|       pointer|
|out_stream_60_dout            |   in|    8|     ap_fifo|           out_stream_60|       pointer|
|out_stream_60_num_data_valid  |   in|    8|     ap_fifo|           out_stream_60|       pointer|
|out_stream_60_fifo_cap        |   in|    8|     ap_fifo|           out_stream_60|       pointer|
|out_stream_60_empty_n         |   in|    1|     ap_fifo|           out_stream_60|       pointer|
|out_stream_60_read            |  out|    1|     ap_fifo|           out_stream_60|       pointer|
|out_stream_61_dout            |   in|    8|     ap_fifo|           out_stream_61|       pointer|
|out_stream_61_num_data_valid  |   in|    8|     ap_fifo|           out_stream_61|       pointer|
|out_stream_61_fifo_cap        |   in|    8|     ap_fifo|           out_stream_61|       pointer|
|out_stream_61_empty_n         |   in|    1|     ap_fifo|           out_stream_61|       pointer|
|out_stream_61_read            |  out|    1|     ap_fifo|           out_stream_61|       pointer|
|out_stream_62_dout            |   in|    8|     ap_fifo|           out_stream_62|       pointer|
|out_stream_62_num_data_valid  |   in|    8|     ap_fifo|           out_stream_62|       pointer|
|out_stream_62_fifo_cap        |   in|    8|     ap_fifo|           out_stream_62|       pointer|
|out_stream_62_empty_n         |   in|    1|     ap_fifo|           out_stream_62|       pointer|
|out_stream_62_read            |  out|    1|     ap_fifo|           out_stream_62|       pointer|
|out_stream_63_dout            |   in|    8|     ap_fifo|           out_stream_63|       pointer|
|out_stream_63_num_data_valid  |   in|    8|     ap_fifo|           out_stream_63|       pointer|
|out_stream_63_fifo_cap        |   in|    8|     ap_fifo|           out_stream_63|       pointer|
|out_stream_63_empty_n         |   in|    1|     ap_fifo|           out_stream_63|       pointer|
|out_stream_63_read            |  out|    1|     ap_fifo|           out_stream_63|       pointer|
|out_stream_64_dout            |   in|    8|     ap_fifo|           out_stream_64|       pointer|
|out_stream_64_num_data_valid  |   in|    8|     ap_fifo|           out_stream_64|       pointer|
|out_stream_64_fifo_cap        |   in|    8|     ap_fifo|           out_stream_64|       pointer|
|out_stream_64_empty_n         |   in|    1|     ap_fifo|           out_stream_64|       pointer|
|out_stream_64_read            |  out|    1|     ap_fifo|           out_stream_64|       pointer|
|out_stream_65_dout            |   in|    8|     ap_fifo|           out_stream_65|       pointer|
|out_stream_65_num_data_valid  |   in|    8|     ap_fifo|           out_stream_65|       pointer|
|out_stream_65_fifo_cap        |   in|    8|     ap_fifo|           out_stream_65|       pointer|
|out_stream_65_empty_n         |   in|    1|     ap_fifo|           out_stream_65|       pointer|
|out_stream_65_read            |  out|    1|     ap_fifo|           out_stream_65|       pointer|
|out_stream_66_dout            |   in|    8|     ap_fifo|           out_stream_66|       pointer|
|out_stream_66_num_data_valid  |   in|    8|     ap_fifo|           out_stream_66|       pointer|
|out_stream_66_fifo_cap        |   in|    8|     ap_fifo|           out_stream_66|       pointer|
|out_stream_66_empty_n         |   in|    1|     ap_fifo|           out_stream_66|       pointer|
|out_stream_66_read            |  out|    1|     ap_fifo|           out_stream_66|       pointer|
|out_stream_67_dout            |   in|    8|     ap_fifo|           out_stream_67|       pointer|
|out_stream_67_num_data_valid  |   in|    8|     ap_fifo|           out_stream_67|       pointer|
|out_stream_67_fifo_cap        |   in|    8|     ap_fifo|           out_stream_67|       pointer|
|out_stream_67_empty_n         |   in|    1|     ap_fifo|           out_stream_67|       pointer|
|out_stream_67_read            |  out|    1|     ap_fifo|           out_stream_67|       pointer|
|out_stream_68_dout            |   in|    8|     ap_fifo|           out_stream_68|       pointer|
|out_stream_68_num_data_valid  |   in|    8|     ap_fifo|           out_stream_68|       pointer|
|out_stream_68_fifo_cap        |   in|    8|     ap_fifo|           out_stream_68|       pointer|
|out_stream_68_empty_n         |   in|    1|     ap_fifo|           out_stream_68|       pointer|
|out_stream_68_read            |  out|    1|     ap_fifo|           out_stream_68|       pointer|
|out_stream_69_dout            |   in|    8|     ap_fifo|           out_stream_69|       pointer|
|out_stream_69_num_data_valid  |   in|    8|     ap_fifo|           out_stream_69|       pointer|
|out_stream_69_fifo_cap        |   in|    8|     ap_fifo|           out_stream_69|       pointer|
|out_stream_69_empty_n         |   in|    1|     ap_fifo|           out_stream_69|       pointer|
|out_stream_69_read            |  out|    1|     ap_fifo|           out_stream_69|       pointer|
|out_stream_70_dout            |   in|    8|     ap_fifo|           out_stream_70|       pointer|
|out_stream_70_num_data_valid  |   in|    8|     ap_fifo|           out_stream_70|       pointer|
|out_stream_70_fifo_cap        |   in|    8|     ap_fifo|           out_stream_70|       pointer|
|out_stream_70_empty_n         |   in|    1|     ap_fifo|           out_stream_70|       pointer|
|out_stream_70_read            |  out|    1|     ap_fifo|           out_stream_70|       pointer|
|out_stream_71_dout            |   in|    8|     ap_fifo|           out_stream_71|       pointer|
|out_stream_71_num_data_valid  |   in|    8|     ap_fifo|           out_stream_71|       pointer|
|out_stream_71_fifo_cap        |   in|    8|     ap_fifo|           out_stream_71|       pointer|
|out_stream_71_empty_n         |   in|    1|     ap_fifo|           out_stream_71|       pointer|
|out_stream_71_read            |  out|    1|     ap_fifo|           out_stream_71|       pointer|
|out_stream_72_dout            |   in|    8|     ap_fifo|           out_stream_72|       pointer|
|out_stream_72_num_data_valid  |   in|    8|     ap_fifo|           out_stream_72|       pointer|
|out_stream_72_fifo_cap        |   in|    8|     ap_fifo|           out_stream_72|       pointer|
|out_stream_72_empty_n         |   in|    1|     ap_fifo|           out_stream_72|       pointer|
|out_stream_72_read            |  out|    1|     ap_fifo|           out_stream_72|       pointer|
|out_stream_73_dout            |   in|    8|     ap_fifo|           out_stream_73|       pointer|
|out_stream_73_num_data_valid  |   in|    8|     ap_fifo|           out_stream_73|       pointer|
|out_stream_73_fifo_cap        |   in|    8|     ap_fifo|           out_stream_73|       pointer|
|out_stream_73_empty_n         |   in|    1|     ap_fifo|           out_stream_73|       pointer|
|out_stream_73_read            |  out|    1|     ap_fifo|           out_stream_73|       pointer|
|out_buf_V_address0            |  out|    7|   ap_memory|               out_buf_V|         array|
|out_buf_V_ce0                 |  out|    1|   ap_memory|               out_buf_V|         array|
|out_buf_V_we0                 |  out|    1|   ap_memory|               out_buf_V|         array|
|out_buf_V_d0                  |  out|  592|   ap_memory|               out_buf_V|         array|
+------------------------------+-----+-----+------------+------------------------+--------------+

