INFO: [SIM 2] *************** CSIM start ***************
INFO: [SIM 4] CSIM will launch GCC as the compiler.
make: `csim.exe' is up to date.
Processing input 0
apply dense_resource
apply dense_resource
apply dense_resource
apply dense_resource
apply dense_resource
apply dense_resource
apply dense_resource
apply dense_resource
apply dense_resource
apply dense_resource
apply dense_resource
apply dense_resource
apply dense_resource
apply dense_resource
apply dense_resource
apply dense_resource
apply dense_resource
apply dense_resource
apply dense_resource
apply dense_resource
apply dense_resource
apply dense_resource
apply dense_resource
apply dense_resource
apply dense_resource
apply dense_resource
apply dense_resource
apply dense_resource
apply dense_resource
apply dense_resource
apply dense_resource
apply dense_resource
apply dense_resource
apply dense_resource
apply dense_resource
apply dense_resource
apply dense_resource
apply dense_resource
apply dense_resource
apply dense_resource
apply dense_resource
apply dense_resource
apply dense_resource
apply dense_resource
apply dense_resource
apply dense_resource
apply dense_resource
apply dense_resource
apply dense_resource
apply dense_resource
apply dense_resource
apply dense_resource
apply dense_resource
apply dense_resource
apply dense_resource
apply dense_resource
apply dense_resource
apply dense_resource
apply dense_resource
apply dense_resource
apply dense_resource
apply dense_resource
apply dense_resource
apply dense_resource
apply dense_resource
apply dense_resource
apply dense_resource
apply dense_resource
apply dense_resource
apply dense_resource
apply dense_resource
apply dense_resource
apply dense_resource
apply dense_resource
apply dense_resource
apply dense_resource
apply dense_resource
apply dense_resource
apply dense_resource
apply dense_resource
apply dense_resource
apply dense_resource
apply dense_resource
apply dense_resource
apply dense_resource
apply dense_resource
apply dense_resource
apply dense_resource
apply dense_resource
apply dense_resource
apply dense_resource
apply dense_resource
apply dense_resource
apply dense_resource
apply dense_resource
apply dense_resource
apply dense_resource
apply dense_resource
apply dense_resource
apply dense_resource
apply dense_resource
apply dense_resource
apply dense_resource
apply dense_resource
apply dense_resource
apply dense_resource
apply dense_resource
apply dense_resource
apply dense_resource
apply dense_resource
apply dense_resource
apply dense_resource
apply dense_resource
apply dense_resource
apply dense_resource
apply dense_resource
apply dense_resource
apply dense_resource
apply dense_resource
apply dense_resource
apply dense_resource
apply dense_resource
apply dense_resource
apply dense_resource
apply dense_resource
apply dense_resource
apply dense_resource
apply dense_resource
apply dense_resource
apply dense_resource
apply dense_resource
apply dense_resource
apply dense_resource
apply dense_resource
apply dense_resource
apply dense_resource
apply dense_resource
apply dense_resource
apply dense_resource
apply dense_resource
apply dense_resource
apply dense_resource
apply dense_resource
apply dense_resource
apply dense_resource
apply dense_resource
Predictions
0.234375 0.234375 0.277344 0.363281 0.300781 0.382813 0.277344 0.347656 0.375 0.226563 0.289063 0.332031 0.375 0.402344 0.257813 0.238281 0.335938 0.359375 0.308594 0.292969 0.1875 0.304688 0.394531 0.300781 0.253906 0.269531 0.367188 0.21875 0.183594 0.351563 0.339844 0.308594 0.324219 0.390625 0.40625 0.246094 0.359375 0.1875 0.234375 0.371094 0.28125 0.261719 0.253906 0.324219 0.398438 0.355469 0.347656 0.238281 0.28125 0.394531 0.214844 0.386719 0.265625 0.265625 0.222656 0.324219 0.304688 0.359375 0.238281 0.273438 0.304688 0.304688 0.242188 0.367188 0.363281 0.359375 0.386719 0.460938 0.398438 0.460938 0.386719 0.449219 0.453125 0.335938 0.386719 0.402344 0.453125 0.480469 0.367188 0.332031 0.4375 0.453125 0.410156 0.410156 0.320313 0.402344 0.46875 0.421875 0.347656 0.390625 0.453125 0.339844 0.292969 0.453125 0.425781 0.410156 0.433594 0.472656 0.472656 0.351563 0.457031 0.300781 0.351563 0.457031 0.390625 0.382813 0.363281 0.433594 0.472656 0.457031 0.449219 0.355469 0.375 0.472656 0.332031 0.484375 0.351563 0.390625 0.359375 0.4375 0.410156 0.445313 0.363281 0.390625 0.390625 0.410156 0.363281 0.449219 0.460938 0.453125 0.472656 0.539063 0.476563 0.523438 0.476563 0.53125 0.519531 0.417969 0.464844 0.46875 0.519531 0.550781 0.457031 0.410156 0.519531 0.523438 0.484375 0.496094 0.425781 0.480469 0.527344 0.507813 0.429688 0.488281 0.527344 0.433594 0.378906 0.53125 0.5 0.484375 0.515625 0.542969 0.53125 0.4375 0.527344 0.386719 0.445313 0.527344 0.476563 0.472656 0.449219 0.519531 0.53125 0.53125 0.527344 0.445313 0.453125 0.539063 0.421875 0.5625 0.417969 0.480469 0.457031 0.527344 0.492188 0.515625 0.453125 0.476563 0.460938 0.492188 0.460938 0.519531 0.539063 0.515625 0.539063 0.59375 0.535156 0.574219 0.546875 0.589844 0.566406 0.476563 0.519531 0.519531 0.566406 0.601563 0.527344 0.46875 0.578125 0.578125 0.539063 0.550781 0.496094 0.535156 0.574219 0.578125 0.488281 0.550781 0.582031 0.496094 0.4375 0.589844 0.554688 0.539063 0.574219 0.59375 0.574219 0.5 0.582031 0.445313 0.511719 0.582031 0.542969 0.539063 0.515625 0.582031 0.578125 0.585938 0.589844 0.507813 0.515625 0.589844 0.480469 0.621094 0.472656 0.546875 0.523438 0.59375 0.546875 0.570313 0.519531 0.539063 0.511719 0.554688 0.53125 0.574219 0.597656 0.570313 0.59375 0.640625 0.585938 0.617188 0.601563 0.636719 0.605469 0.519531 0.566406 0.558594 0.601563 0.644531 0.582031 0.515625 0.625 0.621094 0.582031 0.597656 0.554688 0.582031 0.613281 0.636719 0.535156 0.601563 0.628906 0.546875 0.488281 0.636719 0.601563 0.582031 0.621094 0.632813 0.613281 0.550781 0.625 0.496094 0.566406 0.628906 0.59375 0.59375 0.570313 0.632813 0.617188 0.628906 0.640625 0.558594 0.566406 0.628906 0.53125 0.667969 0.515625 0.597656 0.574219 0.648438 0.59375 0.613281 0.574219 0.589844 0.554688 0.605469 0.585938 0.617188 0.644531 0.609375 0.632813 0.675781 0.625 0.652344 0.644531 0.675781 0.636719 0.554688 0.601563 0.589844 0.628906 0.679688 0.625 0.554688 0.660156 0.652344 0.617188 0.632813 0.601563 0.621094 0.644531 0.679688 0.578125 0.644531 0.667969 0.589844 0.527344 0.675781 0.636719 0.617188 0.65625 0.664063 0.640625 0.589844 0.660156 0.539063 0.605469 0.664063 0.636719 0.632813 0.613281 0.671875 0.648438 0.664063 0.683594 0.597656 0.605469 0.660156 0.570313 0.707031 0.550781 0.640625 0.617188 0.691406 0.628906 0.648438 0.617188 0.628906 0.589844 0.644531 0.632813 0.648438 0.683594 0.644531 0.664063 0.707031 0.65625 0.679688 0.679688 0.707031 0.660156 0.582031 0.628906 0.617188 0.652344 0.707031 0.65625 0.585938 0.691406 0.679688 0.644531 0.660156 0.636719 0.652344 0.667969 0.714844 0.609375 0.675781 0.695313 0.621094 0.558594 0.707031 0.667969 0.644531 0.6875 0.6875 0.664063 0.625 0.6875 0.570313 0.640625 0.695313 0.667969 0.664063 0.648438 0.703125 0.671875 0.691406 0.71875 0.628906 0.636719 0.6875 0.601563 0.738281 0.578125 0.675781 0.652344 0.722656 0.660156 0.675781 0.652344 0.660156 0.617188 0.675781 0.667969 0.675781 0.714844 0.671875 0.691406 0.730469 0.683594 0.703125 0.710938 0.730469 0.679688 0.605469 0.652344 0.640625 0.671875 0.730469 0.683594 0.609375 0.714844 0.699219 0.667969 0.683594 0.667969 0.679688 0.6875 0.742188 0.636719 0.703125 0.71875 0.648438 0.582031 0.734375 0.691406 0.667969 0.710938 0.707031 0.683594 0.652344 0.710938 0.597656 0.667969 0.722656 0.695313 0.6875 0.675781 0.730469 0.691406 0.714844 0.746094 0.652344 0.664063 0.710938 0.628906 0.761719 0.601563 0.703125 0.679688 0.75 0.683594 0.699219 0.679688 0.683594 0.640625 0.703125 0.695313 0.699219 0.742188 0.695313 0.71875 0.75 0.707031 0.722656 0.734375 0.753906 0.699219 0.628906 0.671875 0.664063 0.6875 0.75 0.707031 0.632813 0.738281 0.71875 0.691406 0.707031 0.695313 0.703125 0.707031 0.769531 0.660156 0.726563 0.742188 0.671875 0.605469 0.757813 0.714844 0.6875 0.734375 0.726563 0.703125 0.679688 0.730469 0.621094 0.695313 0.746094 0.71875 0.710938 0.703125 0.753906 0.710938 0.734375 0.773438 0.675781 0.691406 0.730469 0.652344 0.785156 0.625 0.730469 0.707031 0.773438 0.707031 0.71875 0.703125 0.707031 0.660156 0.726563 0.722656 0.722656 0.765625 0.714844 0.738281 0.769531 0.726563 0.742188 0.757813 0.773438 0.71875 0.648438 0.691406 0.683594 0.703125 0.765625 0.726563 0.652344 0.757813 0.734375 0.710938 0.726563 0.71875 0.722656 0.722656 0.789063 0.679688 0.746094 0.761719 0.691406 0.625 0.777344 0.734375 0.707031 0.753906 0.742188 0.71875 0.699219 0.746094 0.644531 0.714844 0.765625 0.738281 0.730469 0.722656 0.773438 0.726563 0.753906 0.792969 0.695313 0.710938 0.746094 0.671875 0.800781 0.640625 0.75 0.726563 0.792969 0.726563 0.738281 0.722656 0.726563 0.675781 0.746094 0.742188 0.742188 0.785156 0.734375 0.757813 0.785156 0.746094 0.757813 0.777344 0.789063 0.734375 0.664063 0.710938 0.699219 0.714844 0.78125 0.746094 0.671875 0.777344 0.75 0.726563 0.742188 0.738281 0.738281 0.738281 0.808594 0.699219 0.765625 0.777344 0.710938 0.644531 0.792969 0.75 0.722656 0.769531 0.757813 0.734375 0.71875 0.761719 0.664063 0.734375 0.78125 0.757813 0.75 0.742188 0.789063 0.738281 0.769531 0.808594 0.714844 0.730469 0.761719 0.691406 0.816406 0.65625 0.769531 0.746094 0.808594 0.742188 0.753906 0.742188 0.746094 0.691406 0.765625 0.761719 0.757813 0.804688 0.75 0.773438 0.800781 0.761719 0.773438 0.796875 0.804688 0.746094 0.679688 0.726563 0.714844 0.726563 0.796875 0.761719 0.6875 0.792969 0.761719 0.742188 0.757813 0.753906 0.753906 0.75 0.824219 0.714844 0.78125 0.792969 0.726563 0.660156 0.808594 0.765625 0.738281 0.785156 0.769531 0.746094 0.734375 0.777344 0.679688 0.75 0.796875 0.773438 0.765625 0.757813 0.804688 0.75 0.785156 0.824219 0.730469 0.746094 0.773438 0.707031 0.832031 0.671875 0.785156 0.761719 0.824219 0.757813 0.769531 0.757813 0.761719 0.707031 0.78125 0.78125 0.773438 0.820313 0.765625 0.789063 0.8125 0.777344 0.785156 0.8125 0.816406 0.757813 0.695313 0.738281 0.730469 0.738281 0.808594 0.777344 0.703125 0.808594 0.773438 0.753906 0.769531 0.769531 0.769531 0.761719 0.839844 0.730469 0.796875 0.804688 0.742188 0.675781 0.820313 0.78125 0.75 0.796875 0.78125 0.757813 0.75 0.789063 0.695313 0.765625 0.808594 0.789063 0.78125 0.773438 0.816406 0.761719 0.796875 0.839844 0.746094 0.761719 0.785156 0.722656 0.84375 0.683594 0.800781 0.777344 0.835938 0.773438 0.78125 0.773438 0.777344 0.71875 0.796875 0.796875 0.785156 0.835938 0.777344 0.800781 0.824219 0.789063 0.796875 0.824219 0.828125 0.769531 0.707031 0.75 0.742188 0.75 0.820313 0.792969 0.714844 0.820313 0.785156 0.765625 0.78125 0.785156 0.78125 0.773438 0.851563 0.742188 0.808594 0.816406 0.753906 0.6875 0.832031 0.792969 0.761719 0.808594 0.792969 0.769531 0.761719 0.800781 0.710938 0.777344 0.820313 0.800781 0.792969 0.785156 0.828125 0.773438 0.808594 0.851563 0.757813 0.773438 0.796875 0.734375 0.855469 0.695313 0.8125 0.789063 0.847656 0.785156 0.792969 0.785156 0.789063 0.730469 0.808594 0.808594 0.796875 0.847656 0.789063 0.8125 0.832031 0.800781 0.804688 0.835938 0.835938 0.777344 0.71875 0.761719 0.753906 0.757813 0.828125 0.804688 0.726563 0.832031 0.792969 0.777344 0.792969 0.796875 0.792969 0.78125 0.863281 0.753906 0.820313 0.828125 0.765625 0.699219 0.84375 0.804688 0.773438 0.820313 0.800781 0.777344 0.773438 0.808594 0.722656 0.789063 0.832031 0.8125 0.804688 0.796875 0.839844 0.78125 0.816406 0.863281 0.765625 0.785156 0.804688 0.746094 0.863281 0.707031 0.824219 0.800781 0.855469 0.796875 0.804688 0.796875 0.800781 0.742188 0.820313 0.820313 0.808594 0.859375 0.800781 0.824219 0.839844 0.808594 0.8125 0.84375 0.84375 0.785156 0.726563 0.773438 0.761719 0.765625 0.835938 0.816406 0.738281 0.839844 0.800781 0.789063 0.800781 0.808594 0.800781 0.789063 0.871094 0.765625 0.832031 0.835938 0.777344 0.710938 0.851563 0.8125 0.785156 0.828125 0.808594 0.785156 0.785156 0.816406 0.734375 0.800781 0.839844 0.820313 0.8125 0.808594 0.847656 0.789063 0.824219 0.871094 0.773438 0.796875 0.8125 0.757813 0.871094 0.714844 0.835938 0.808594 0.863281 0.804688 0.8125 0.808594 0.8125 0.75 0.828125 0.832031 0.816406 0.867188 0.808594 0.832031 0.847656 0.816406 0.820313 0.851563 0.851563 0.792969 0.734375 0.78125 0.769531 0.773438 0.84375 0.824219 0.75 0.847656 0.808594 0.796875 0.808594 0.820313 0.808594 0.796875 0.878906 0.777344 0.839844 0.84375 0.785156 0.71875 0.859375 0.820313 0.792969 0.835938 0.816406 0.792969 0.796875 0.824219 0.746094 0.808594 0.847656 0.828125 0.820313 0.820313 0.855469 0.796875 0.832031 0.878906 0.785156 0.804688 0.820313 0.765625 0.878906 0.722656 0.84375 0.816406 0.871094 0.8125 0.820313 0.816406 0.820313 0.757813 0.835938 0.839844 0.824219 0.875 0.816406 0.839844 0.855469 0.824219 0.828125 0.859375 0.859375 0.800781 0.746094 0.789063 0.777344 0.78125 0.851563 0.832031 0.757813 0.855469 0.816406 0.804688 0.816406 0.828125 0.816406 0.804688 0.886719 0.785156 0.847656 0.851563 0.792969 0.730469 0.867188 0.828125 0.800781 0.84375 0.824219 0.800781 0.804688 0.832031 0.757813 0.816406 0.855469 0.835938 0.828125 0.828125 0.863281 0.804688 0.839844 0.886719 0.792969 0.8125 0.828125 0.773438 0.886719 0.730469 0.851563 0.824219 0.878906 0.820313 0.828125 0.824219 0.828125 0.765625 0.84375 0.847656 0.832031 0.882813 0.824219 0.847656 0.863281 0.832031 0.835938 0.867188 0.867188 0.808594 0.753906 0.796875 0.785156 0.785156 0.859375 0.839844 0.765625 0.863281 0.824219 0.8125 0.824219 0.835938 0.824219 0.8125 0.894531 0.792969 0.855469 0.859375 0.800781 0.738281 0.875 0.835938 0.808594 0.851563 0.832031 0.808594 0.8125 0.839844 0.765625 0.824219 0.863281 0.84375 0.835938 0.835938 0.871094 0.8125 0.847656 0.894531 0.800781 0.820313 0.835938 0.78125 0.894531 0.738281 0.859375 0.832031 0.886719 0.828125 0.835938 0.832031 0.835938 0.773438 0.851563 0.855469 0.839844 0.890625 0.832031 0.855469 0.871094 0.839844 0.84375 0.875 0.875 0.816406 0.761719 0.804688 0.792969 0.792969 0.867188 0.847656 0.773438 0.871094 0.832031 0.820313 0.832031 0.84375 0.832031 0.820313 0.898438 0.800781 0.863281 0.863281 0.808594 0.746094 0.882813 0.84375 0.816406 0.859375 0.839844 0.816406 0.820313 0.84375 0.773438 0.832031 0.871094 0.851563 0.84375 0.84375 0.878906 0.820313 0.855469 0.898438 0.808594 0.828125 0.84375 0.789063 0.898438 0.746094 0.867188 0.839844 0.890625 0.835938 0.84375 0.839844 0.84375 0.78125 0.859375 0.863281 0.847656 0.898438 0.839844 0.863281 0.875 0.847656 0.851563 0.882813 0.878906 0.824219 0.769531 0.8125 0.800781 0.796875 0.871094 0.855469 0.78125 0.875 0.839844 0.828125 0.839844 0.851563 0.839844 0.828125 0.902344 0.808594 0.871094 0.867188 0.816406 0.753906 0.890625 0.851563 0.824219 0.867188 0.84375 0.824219 0.828125 0.851563 0.78125 0.839844 0.878906 0.859375 0.851563 0.851563 0.882813 0.824219 0.863281 0.902344 0.816406 0.835938 0.851563 0.796875 0.902344 0.753906 0.875 0.847656 0.898438 0.84375 0.851563 0.847656 0.851563 0.789063 0.867188 0.871094 0.851563 0.902344 0.847656 0.871094 0.878906 0.855469 0.855469 0.886719 0.882813 0.828125 0.777344 0.820313 0.808594 0.800781 0.875 0.859375 0.789063 0.878906 0.84375 0.835938 0.84375 0.859375 0.847656 0.832031 0.90625 0.816406 0.875 0.871094 0.824219 0.761719 0.894531 0.855469 0.828125 0.871094 0.847656 0.828125 0.835938 0.855469 0.789063 0.84375 0.882813 0.863281 0.855469 0.859375 0.886719 0.828125 0.867188 0.90625 0.824219 0.839844 0.855469 0.804688 0.90625 0.761719 0.878906 0.851563 0.902344 0.847656 0.855469 0.855469 0.855469 0.796875 0.871094 0.875 0.855469 0.90625 0.851563 0.875 0.882813 0.863281 0.859375 0.890625 0.886719 0.832031 0.785156 0.824219 0.8125 0.804688 0.878906 0.863281 0.796875 0.882813 0.847656 0.839844 0.847656 0.867188 0.851563 0.835938 0.910156 0.824219 0.878906 0.875 0.832031 0.769531 0.898438 0.859375 0.832031 0.875 0.851563 0.832031 0.84375 0.859375 0.796875 0.851563 0.886719 0.867188 0.863281 0.867188 0.890625 0.832031 0.871094 0.910156 0.832031 0.847656 0.859375 0.8125 0.910156 0.769531 0.882813 0.855469 0.90625 0.855469 0.859375 0.859375 0.859375 0.804688 0.875 0.878906 0.859375 0.910156 0.859375 0.878906 0.886719 0.867188 0.863281 0.894531 0.890625 0.835938 0.792969 0.828125 0.816406 0.808594 0.882813 0.867188 0.804688 0.886719 0.851563 0.84375 0.851563 0.871094 0.855469 0.839844 0.914063 0.832031 0.882813 0.878906 0.839844 0.773438 0.902344 0.863281 0.835938 0.878906 0.855469 0.835938 0.847656 0.863281 0.804688 0.855469 0.890625 0.871094 0.867188 0.871094 0.894531 0.835938 0.875 0.914063 0.835938 0.851563 0.863281 0.816406 0.914063 0.773438 0.886719 0.859375 0.910156 0.859375 0.863281 0.863281 0.863281 0.808594 0.878906 0.882813 0.863281 0.914063 0.863281 0.882813 0.890625 0.871094 0.867188 0.898438 0.894531 0.839844 0.796875 0.832031 0.820313 0.8125 0.886719 0.871094 0.808594 0.890625 0.855469 0.847656 0.855469 0.875 0.859375 0.84375 0.917969 0.835938 0.886719 0.882813 0.84375 0.777344 0.90625 0.867188 0.839844 0.882813 0.859375 0.839844 0.851563 0.867188 0.808594 0.859375 0.894531 0.875 0.871094 0.875 0.898438 0.839844 0.878906 0.917969 0.839844 0.855469 0.867188 0.820313 0.917969 0.777344 0.890625 0.863281 0.914063 0.863281 0.867188 0.867188 0.867188 0.8125 0.882813 0.886719 0.867188 0.917969 0.867188 0.886719 0.894531 0.875 0.871094 0.902344 0.898438 0.84375 0.800781 0.835938 0.824219 0.816406 0.890625 0.875 0.8125 0.894531 0.859375 0.851563 0.859375 0.878906 0.863281 0.847656 0.921875 0.839844 0.890625 0.886719 0.847656 0.78125 0.910156 0.871094 0.84375 0.886719 0.863281 0.84375 0.855469 0.871094 0.8125 0.863281 0.898438 0.878906 0.875 0.878906 0.902344 0.84375 0.882813 0.921875 0.84375 0.859375 0.871094 0.824219 0.921875 0.78125 0.894531 0.867188 0.917969 0.867188 0.871094 0.871094 0.871094 0.816406 0.886719 0.890625 0.871094 0.921875 0.871094 0.890625 0.898438 0.878906 0.875 0.90625 0.902344 0.847656 0.804688 0.839844 0.828125 0.820313 0.894531 0.878906 0.816406 0.898438 0.863281 0.855469 0.863281 0.882813 0.867188 0.851563 0.925781 0.84375 0.894531 0.890625 0.851563 0.785156 0.914063 0.875 0.847656 0.890625 0.867188 0.847656 0.859375 0.875 0.816406 0.867188 0.902344 0.882813 0.878906 0.882813 0.90625 0.847656 0.886719 0.925781 0.847656 0.863281 0.875 0.828125 0.925781 0.785156 0.898438 0.871094 0.921875 0.871094 0.875 0.875 0.875 0.820313 0.890625 0.894531 0.875 0.925781 0.875 0.894531 0.902344 0.882813 0.878906 0.910156 0.90625 0.851563 0.808594 0.84375 0.832031 0.824219 0.898438 0.882813 0.820313 0.902344 0.867188 0.859375 0.867188 0.886719 0.871094 0.855469 0.929688 0.847656 0.898438 0.894531 0.855469 0.792969 0.917969 0.878906 0.851563 0.894531 0.871094 0.851563 0.863281 0.878906 0.820313 0.871094 0.90625 0.886719 0.882813 0.886719 0.910156 0.851563 0.890625 0.929688 0.851563 0.867188 0.878906 0.832031 0.929688 0.789063 0.902344 0.875 0.925781 0.875 0.878906 0.878906 0.878906 0.824219 0.894531 0.898438 0.878906 0.929688 0.878906 0.898438 0.90625 0.886719 0.882813 0.914063 0.910156 0.855469 0.8125 0.847656 0.835938 0.828125 0.902344 0.886719 0.824219 0.90625 0.871094 0.863281 0.871094 0.890625 0.875 0.859375 0.933594 0.851563 0.902344 0.898438 0.859375 0.796875 0.921875 0.882813 0.855469 0.898438 0.875 0.855469 0.867188 0.882813 0.824219 0.875 0.910156 0.890625 0.886719 0.890625 0.914063 0.855469 0.894531 0.933594 0.855469 0.871094 0.882813 0.835938 0.933594 0.792969 0.90625 0.878906 0.929688 0.878906 0.882813 0.882813 0.882813 0.828125 0.898438 0.902344 0.882813 0.933594 0.882813 0.902344 0.910156 0.890625 0.886719 0.917969 0.914063 0.859375 0.816406 0.851563 0.839844 0.832031 0.90625 0.890625 0.828125 0.910156 0.875 0.867188 0.875 0.894531 0.878906 0.863281 0.9375 0.855469 0.90625 0.902344 0.863281 0.800781 0.925781 0.886719 0.859375 0.902344 0.878906 0.859375 0.871094 0.886719 0.828125 0.878906 0.914063 0.894531 0.890625 0.894531 0.917969 0.859375 0.898438 0.933594 0.859375 0.875 0.886719 0.839844 0.9375 0.796875 0.910156 0.882813 0.933594 0.882813 0.886719 0.886719 0.886719 0.832031 0.902344 0.90625 0.886719 0.9375 0.886719 0.90625 0.914063 0.894531 0.890625 0.921875 0.917969 0.863281 0.820313 0.855469 0.84375 0.835938 0.910156 0.894531 0.832031 0.914063 0.878906 0.871094 0.878906 0.898438 0.882813 0.867188 0.941406 0.859375 0.910156 0.90625 0.867188 0.804688 0.929688 0.890625 0.863281 0.90625 0.882813 0.863281 0.875 0.890625 0.832031 0.882813 0.917969 0.898438 0.894531 0.898438 0.921875 0.863281 0.902344 0.933594 0.863281 0.878906 0.890625 0.84375 0.9375 0.800781 0.914063 0.886719 0.9375 0.886719 0.890625 0.890625 0.890625 0.835938 0.90625 0.910156 0.890625 0.941406 0.890625 0.910156 0.917969 0.898438 0.894531 0.925781 0.921875 0.867188 0.824219 0.859375 0.847656 0.839844 0.914063 0.898438 0.835938 0.917969 0.882813 0.875 0.882813 0.902344 0.886719 0.871094 0.941406 0.863281 0.914063 0.910156 0.871094 0.808594 0.929688 0.894531 0.867188 0.910156 0.886719 0.867188 0.878906 0.894531 0.835938 0.886719 0.921875 0.902344 0.898438 0.902344 0.925781 0.867188 0.90625 0.9375 0.867188 0.882813 0.894531 0.847656 0.941406 0.804688 0.917969 0.890625 0.9375 0.890625 0.894531 0.894531 0.894531 0.839844 0.910156 0.914063 0.894531 0.945313 0.894531 0.914063 0.921875 0.902344 0.898438 0.929688 0.921875 0.871094 0.828125 0.863281 0.851563 0.84375 0.917969 0.902344 0.839844 0.921875 0.886719 0.878906 0.886719 0.90625 0.890625 0.875 0.941406 0.867188 0.917969 0.914063 0.875 0.8125 0.929688 0.898438 0.871094 0.914063 0.890625 0.871094 0.882813 0.898438 0.839844 0.890625 0.921875 0.90625 0.902344 0.90625 0.925781 0.871094 0.910156 0.941406 0.871094 0.886719 0.898438 0.851563 0.941406 0.808594 0.921875 0.894531 0.9375 0.894531 0.898438 0.898438 0.898438 0.84375 0.914063 0.917969 0.898438 0.945313 0.898438 0.917969 0.921875 0.90625 0.898438 0.933594 0.921875 0.875 0.832031 0.867188 0.855469 0.847656 0.917969 0.90625 0.84375 0.921875 0.890625 0.882813 0.890625 0.910156 0.894531 0.878906 0.941406 0.871094 0.921875 0.914063 0.878906 0.816406 0.929688 0.902344 0.875 0.914063 0.894531 0.875 0.886719 0.902344 0.84375 0.894531 0.921875 0.910156 0.90625 0.910156 0.925781 0.875 0.910156 0.941406 0.875 0.890625 0.902344 0.855469 0.941406 0.8125 0.921875 0.898438 0.9375 0.898438 0.902344 0.902344 0.902344 0.847656 0.917969 0.921875 0.902344 0.945313 0.902344 0.917969 0.921875 0.910156 0.902344 0.933594 0.921875 0.878906 0.835938 0.871094 0.859375 0.851563 0.917969 0.910156 0.847656 0.921875 0.894531 0.886719 0.894531 0.914063 0.898438 0.882813 0.941406 0.875 0.921875 0.914063 0.882813 0.820313 0.929688 0.90625 0.878906 0.917969 0.894531 0.878906 0.890625 0.90625 0.847656 0.898438 0.921875 0.914063 0.910156 0.914063 0.929688 0.878906 0.910156 0.941406 0.878906 0.894531 0.90625 0.859375 0.941406 0.816406 0.921875 0.902344 0.9375 0.902344 0.90625 0.90625 0.90625 0.851563 0.917969 0.925781 0.902344 0.945313 0.90625 0.917969 0.921875 0.914063 0.90625 0.933594 0.921875 0.882813 0.839844 0.875 0.863281 0.855469 0.917969 0.914063 0.851563 0.921875 0.894531 0.890625 0.898438 0.917969 0.902344 0.882813 0.941406 0.878906 0.921875 0.917969 0.886719 0.824219 0.929688 0.90625 0.882813 0.917969 0.894531 0.878906 0.894531 0.90625 0.851563 0.902344 0.921875 0.917969 0.910156 0.917969 0.929688 0.882813 0.910156 0.941406 0.882813 0.898438 0.90625 0.863281 0.941406 0.820313 0.921875 0.90625 0.9375 0.902344 0.90625 0.910156 0.910156 0.855469 0.917969 0.925781 0.90625 0.945313 0.910156 0.917969 0.921875 0.917969 0.90625 0.933594 0.921875 0.886719 0.84375 0.878906 0.867188 0.859375 0.917969 0.917969 0.855469 0.921875 0.894531 0.894531 0.902344 0.917969 0.902344 0.882813 0.941406 0.882813 0.921875 0.917969 0.890625 0.828125 0.929688 0.90625 0.886719 0.917969 0.894531 0.882813 0.898438 0.90625 0.855469 0.90625 0.925781 0.917969 0.910156 0.917969 0.929688 0.882813 0.910156 0.941406 0.886719 0.902344 0.90625 0.867188 0.941406 0.824219 0.921875 0.90625 0.9375 0.902344 0.90625 0.914063 0.910156 0.859375 0.917969 0.925781 0.90625 0.945313 0.910156 0.917969 0.921875 0.917969 0.90625 0.933594 0.921875 0.886719 0.847656 0.882813 0.871094 0.859375 0.917969 0.917969 0.859375 0.921875 0.894531 0.894531 0.902344 0.917969 0.902344 0.882813 0.941406 0.886719 0.921875 0.917969 0.894531 0.832031 0.929688 0.90625 0.890625 0.917969 0.894531 0.882813 0.902344 0.90625 0.859375 0.910156 0.925781 0.917969 0.914063 0.921875 0.929688 0.882813 0.910156 0.941406 0.890625 0.902344 0.90625 0.871094 0.941406 0.828125 0.921875 0.90625 0.9375 0.902344 0.90625 0.914063 0.910156 0.863281 0.917969 0.925781 0.90625 0.945313 0.914063 0.921875 0.921875 0.917969 0.910156 0.933594 0.921875 0.890625 0.851563 0.886719 0.875 0.863281 0.917969 0.917969 0.863281 0.921875 0.894531 0.898438 0.90625 0.917969 0.90625 0.886719 0.941406 0.890625 0.921875 0.917969 0.898438 0.835938 0.929688 0.910156 0.894531 0.921875 0.898438 0.882813 0.90625 0.90625 0.863281 0.910156 0.925781 0.921875 0.914063 0.921875 0.929688 0.886719 0.910156 0.941406 0.894531 0.90625 0.90625 0.875 0.941406 0.832031 0.925781 0.910156 0.9375 0.90625 0.90625 0.917969 0.914063 0.867188 0.921875 0.925781 0.910156 0.945313 0.914063 0.921875 0.921875 0.917969 0.910156 0.933594 0.925781 0.890625 0.855469 0.890625 0.878906 0.863281 0.917969 0.917969 0.867188 0.921875 0.894531 0.902344 0.90625 0.917969 0.90625 0.886719 0.941406 0.894531 0.921875 0.917969 0.898438 0.839844 0.929688 0.910156 0.894531 0.921875 0.898438 0.882813 0.90625 0.90625 0.867188 0.910156 0.925781 0.921875 0.914063 0.921875 0.929688 0.886719 0.910156 0.941406 0.894531 0.910156 0.90625 0.878906 0.941406 0.835938 0.925781 0.910156 0.9375 0.90625 0.90625 0.917969 0.914063 0.867188 0.921875 0.925781 0.910156 0.945313 0.914063 0.921875 0.921875 0.917969 0.910156 0.933594 0.925781 0.894531 0.859375 0.890625 0.878906 0.867188 0.917969 0.917969 0.871094 0.921875 0.894531 0.902344 0.90625 0.917969 0.90625 0.886719 0.941406 0.894531 0.921875 0.917969 0.898438 0.84375 0.929688 0.910156 0.894531 0.921875 0.898438 0.882813 0.90625 0.90625 0.871094 0.910156 0.925781 0.921875 0.914063 0.921875 0.929688 0.886719 0.910156 0.941406 0.894531 0.910156 0.90625 0.882813 0.941406 0.839844 0.925781 0.910156 0.9375 0.90625 0.910156 0.917969 0.914063 0.871094 0.921875 0.925781 0.910156 0.945313 0.917969 0.921875 0.921875 0.917969 0.910156 0.933594 0.925781 0.894531 0.863281 0.890625 0.878906 0.871094 0.921875 0.917969 0.875 0.921875 0.894531 0.902344 0.90625 0.917969 0.910156 0.886719 0.941406 0.898438 0.925781 0.917969 0.902344 0.847656 0.929688 0.910156 0.894531 0.921875 0.902344 0.882813 0.910156 0.90625 0.875 0.910156 0.925781 0.921875 0.914063 0.921875 0.929688 0.890625 0.910156 0.941406 0.894531 0.910156 0.90625 0.886719 0.941406 0.84375 0.925781 0.914063 0.9375 0.910156 0.910156 0.917969 0.914063 0.875 0.921875 0.925781 0.910156 0.945313 0.917969 0.921875 0.921875 0.917969 0.914063 0.933594 0.925781 0.894531 0.867188 0.894531 0.882813 0.875 0.921875 0.917969 0.878906 0.921875 0.898438 0.902344 0.90625 0.917969 0.910156 0.886719 0.941406 0.902344 0.925781 0.917969 0.902344 0.851563 0.929688 0.914063 0.894531 0.921875 0.902344 0.886719 0.910156 0.90625 0.878906 0.910156 0.929688 0.921875 0.914063 0.921875 0.929688 0.890625 0.914063 0.941406 0.898438 0.910156 0.90625 0.890625 0.941406 0.847656 0.925781 0.914063 0.9375 0.910156 0.910156 0.917969 0.914063 0.875 0.921875 0.925781 0.910156 0.945313 0.917969 0.921875 0.921875 0.917969 0.914063 0.933594 0.925781 0.894531 0.871094 0.894531 0.882813 0.875 0.921875 0.917969 0.882813 0.921875 0.902344 0.902344 0.90625 0.921875 0.910156 0.886719 0.941406 0.902344 0.925781 0.917969 0.902344 0.855469 0.929688 0.914063 0.894531 0.921875 0.902344 0.886719 0.910156 0.90625 0.878906 0.910156 0.929688 0.921875 0.914063 0.921875 0.929688 0.890625 0.914063 0.941406 0.902344 0.910156 0.90625 0.890625 0.941406 0.851563 0.925781 0.914063 0.9375 0.910156 0.910156 0.917969 0.914063 0.875 0.921875 0.925781 0.910156 0.945313 0.917969 0.921875 0.921875 0.917969 0.914063 0.933594 0.925781 0.894531 0.871094 0.894531 0.882813 0.875 0.921875 0.917969 0.882813 0.921875 0.902344 0.902344 0.90625 0.921875 0.910156 0.886719 0.941406 0.902344 0.925781 0.917969 0.902344 0.859375 0.929688 0.914063 0.894531 0.921875 0.902344 0.886719 0.910156 0.90625 0.878906 0.910156 0.929688 0.921875 0.914063 0.921875 0.929688 0.890625 0.914063 0.941406 0.902344 0.910156 0.90625 0.890625 0.941406 0.855469 0.925781 0.914063 0.9375 0.910156 0.910156 0.917969 0.914063 0.875 0.921875 0.925781 0.910156 0.945313 0.917969 0.921875 0.921875 0.917969 0.914063 0.933594 0.925781 0.894531 0.871094 0.894531 0.886719 0.875 0.921875 0.917969 0.886719 0.921875 0.902344 0.902344 0.90625 0.921875 0.910156 0.886719 0.941406 0.902344 0.925781 0.917969 0.902344 0.863281 0.929688 0.914063 0.894531 0.921875 0.902344 0.886719 0.910156 0.90625 0.882813 0.910156 0.929688 0.921875 0.914063 0.921875 0.929688 0.890625 0.914063 0.941406 0.902344 0.910156 0.90625 0.890625 0.941406 0.859375 0.929688 0.914063 0.9375 0.910156 0.910156 0.917969 0.914063 0.875 0.921875 0.925781 0.910156 0.945313 0.917969 0.921875 0.921875 0.917969 0.914063 0.933594 0.925781 0.894531 0.871094 0.894531 0.886719 0.875 0.921875 0.917969 0.886719 0.921875 0.902344 0.902344 0.90625 0.921875 0.910156 0.886719 0.941406 0.902344 0.925781 0.917969 0.902344 0.867188 0.933594 0.914063 0.894531 0.921875 0.902344 0.886719 0.910156 0.90625 0.882813 0.910156 0.929688 0.921875 0.914063 0.921875 0.929688 0.890625 0.914063 0.941406 0.902344 0.910156 0.90625 0.890625 0.941406 0.859375 0.929688 0.914063 0.9375 0.910156 0.910156 0.917969 0.914063 0.875 0.921875 0.925781 0.910156 0.945313 0.917969 0.921875 0.921875 0.917969 0.914063 0.933594 0.925781 0.894531 0.871094 0.894531 0.886719 0.875 0.921875 0.917969 0.886719 0.921875 0.902344 0.902344 0.90625 0.921875 0.910156 0.886719 0.941406 0.902344 0.925781 0.917969 0.902344 0.871094 0.933594 0.914063 0.894531 0.921875 0.902344 0.886719 0.910156 0.90625 0.882813 0.910156 0.929688 0.921875 0.914063 0.921875 0.929688 0.890625 0.914063 0.941406 0.902344 0.910156 0.90625 0.890625 0.941406 0.859375 0.929688 0.914063 0.9375 0.910156 0.910156 0.917969 0.914063 0.875 0.921875 0.925781 0.910156 0.945313 0.917969 0.921875 0.921875 0.917969 0.914063 0.933594 0.925781 0.894531 0.871094 0.894531 0.886719 0.875 0.921875 0.917969 0.886719 0.921875 0.902344 0.902344 0.90625 0.921875 0.910156 0.886719 0.941406 0.902344 0.925781 0.917969 0.902344 0.875 0.933594 0.914063 0.894531 0.921875 0.902344 0.886719 0.910156 0.90625 0.886719 0.910156 0.929688 0.921875 0.914063 0.921875 0.929688 0.894531 0.914063 0.941406 0.902344 0.910156 0.90625 0.894531 0.941406 0.863281 0.929688 0.914063 0.9375 0.910156 0.910156 0.917969 0.914063 0.875 0.921875 0.925781 0.910156 0.945313 0.917969 0.921875 0.921875 0.917969 0.914063 0.933594 0.925781 0.894531 0.871094 0.894531 0.886719 0.875 0.921875 0.917969 0.886719 0.921875 0.902344 0.902344 0.90625 0.921875 0.910156 0.886719 0.941406 0.902344 0.925781 0.917969 0.902344 0.875 0.933594 0.914063 0.894531 0.921875 0.902344 0.886719 0.910156 0.90625 0.886719 0.910156 0.929688 0.921875 0.914063 0.921875 0.929688 0.894531 0.914063 0.941406 0.902344 0.910156 0.90625 0.894531 0.941406 0.863281 0.929688 0.914063 0.9375 0.910156 0.910156 0.917969 0.914063 0.875 0.921875 0.925781 0.910156 0.945313 0.917969 0.921875 0.921875 0.917969 0.914063 0.933594 0.925781 0.894531 0.871094 0.894531 0.886719 0.875 0.921875 0.917969 0.886719 0.921875 0.902344 0.902344 0.90625 0.921875 0.910156 0.886719 0.941406 0.902344 0.925781 0.917969 0.902344 0.875 0.933594 0.914063 0.894531 0.921875 0.902344 0.886719 0.910156 0.90625 0.886719 0.910156 0.929688 0.921875 0.914063 0.921875 0.929688 0.894531 0.914063 0.941406 0.902344 0.910156 0.90625 0.894531 0.941406 0.867188 0.929688 0.914063 0.9375 0.910156 0.910156 0.917969 0.914063 0.875 0.921875 0.925781 0.910156 0.945313 0.917969 0.921875 0.921875 0.917969 0.914063 0.933594 0.925781 0.894531 0.871094 0.894531 0.886719 0.875 0.921875 0.917969 0.886719 0.921875 0.902344 0.902344 0.90625 0.921875 0.910156 0.886719 0.941406 0.902344 0.925781 0.917969 0.902344 0.875 0.933594 0.914063 0.894531 0.921875 0.902344 0.886719 0.910156 0.90625 0.890625 0.910156 0.929688 0.921875 0.914063 0.921875 0.929688 0.894531 0.914063 0.941406 0.902344 0.910156 0.90625 0.894531 0.941406 0.867188 0.929688 0.914063 0.9375 0.910156 0.910156 0.917969 0.914063 0.875 0.921875 0.925781 0.910156 0.945313 0.917969 0.921875 0.921875 0.917969 0.914063 0.933594 0.925781 0.894531 0.871094 0.894531 0.886719 0.875 0.921875 0.917969 0.886719 0.921875 0.902344 0.902344 0.90625 0.921875 0.910156 0.886719 0.941406 0.902344 0.925781 0.917969 0.902344 0.875 0.933594 0.914063 0.894531 0.921875 0.902344 0.886719 0.910156 0.90625 0.890625 0.910156 0.929688 0.921875 0.914063 0.921875 0.929688 0.894531 0.914063 0.941406 0.902344 0.910156 0.90625 0.894531 0.941406 0.867188 0.929688 0.914063 0.9375 0.910156 0.910156 0.917969 0.914063 0.875 0.921875 0.925781 0.910156 0.945313 0.917969 0.921875 0.921875 0.917969 0.914063 0.933594 0.925781 0.894531 0.871094 0.898438 0.886719 0.875 0.921875 0.917969 0.886719 0.921875 0.902344 0.902344 0.90625 0.921875 0.910156 0.886719 0.941406 0.902344 0.925781 0.917969 0.902344 0.878906 0.933594 0.914063 0.894531 0.921875 0.902344 0.886719 0.910156 0.90625 0.890625 0.910156 0.929688 0.921875 0.914063 0.921875 0.929688 0.894531 0.914063 0.941406 0.902344 0.910156 0.90625 0.894531 0.941406 0.867188 0.929688 0.914063 0.9375 0.910156 0.910156 0.917969 0.914063 0.875 0.921875 0.925781 0.910156 0.945313 0.917969 0.921875 0.925781 0.917969 0.914063 0.933594 0.925781 0.894531 0.871094 0.898438 0.890625 0.875 0.921875 0.921875 0.886719 0.921875 0.902344 0.902344 0.90625 0.921875 0.910156 0.886719 0.941406 0.902344 0.925781 0.921875 0.902344 0.878906 0.933594 0.914063 0.894531 0.921875 0.902344 0.886719 0.910156 0.90625 0.890625 0.910156 0.929688 0.921875 0.914063 0.921875 0.929688 0.894531 0.914063 0.941406 0.902344 0.910156 0.90625 0.894531 0.941406 0.867188 0.929688 0.914063 0.9375 0.910156 0.910156 0.917969 0.914063 0.875 0.921875 0.925781 0.910156 0.945313 0.917969 0.921875 0.925781 0.917969 0.914063 0.933594 0.925781 0.894531 0.871094 0.898438 0.890625 0.875 0.921875 0.921875 0.886719 0.921875 0.902344 0.902344 0.90625 0.921875 0.910156 0.886719 0.941406 0.902344 0.925781 0.921875 0.902344 0.878906 0.933594 0.914063 0.894531 0.921875 0.902344 0.886719 0.910156 0.90625 0.890625 0.910156 0.929688 0.921875 0.914063 0.921875 0.929688 0.894531 0.914063 0.941406 0.902344 0.910156 0.90625 0.894531 0.941406 0.867188 0.929688 0.914063 0.9375 0.910156 0.910156 0.917969 0.914063 0.875 0.921875 0.925781 0.910156 0.945313 0.917969 0.921875 0.925781 0.917969 0.914063 0.933594 0.925781 0.894531 0.871094 0.898438 0.890625 0.875 0.921875 0.921875 0.886719 0.921875 0.902344 0.902344 0.90625 0.921875 0.910156 0.886719 0.941406 0.902344 0.925781 0.921875 0.902344 0.878906 0.933594 0.914063 0.894531 0.921875 0.902344 0.886719 0.910156 0.90625 0.890625 0.910156 0.929688 0.921875 0.914063 0.921875 0.929688 0.894531 0.914063 0.941406 0.902344 0.910156 0.90625 0.894531 0.941406 0.867188 0.929688 0.914063 0.9375 0.910156 0.910156 0.917969 0.914063 0.875 0.921875 0.925781 0.910156 0.945313 0.917969 0.921875 0.925781 0.917969 0.914063 0.933594 0.925781 0.894531 0.871094 0.898438 0.890625 0.875 0.921875 0.921875 0.886719 0.921875 0.902344 0.902344 0.90625 0.921875 0.910156 0.886719 0.941406 0.902344 0.925781 0.921875 0.902344 0.878906 0.933594 0.914063 0.894531 0.921875 0.902344 0.886719 0.910156 0.90625 0.890625 0.910156 0.929688 0.921875 0.914063 0.921875 0.929688 0.894531 0.914063 0.941406 0.902344 0.910156 0.90625 0.894531 0.941406 0.867188 0.929688 0.914063 0.9375 0.910156 0.910156 0.917969 0.914063 0.875 0.921875 0.925781 0.910156 0.945313 0.917969 0.921875 0.925781 0.917969 0.914063 0.933594 0.925781 0.894531 0.875 0.898438 0.890625 0.875 0.921875 0.921875 0.886719 0.925781 0.902344 0.902344 0.90625 0.921875 0.910156 0.890625 0.941406 0.902344 0.925781 0.921875 0.902344 0.878906 0.933594 0.914063 0.894531 0.921875 0.902344 0.886719 0.910156 0.90625 0.890625 0.910156 0.929688 0.921875 0.914063 0.921875 0.929688 0.894531 0.914063 0.941406 0.902344 0.910156 0.90625 0.894531 0.941406 0.867188 0.929688 0.917969 0.9375 0.910156 0.910156 0.917969 0.914063 0.875 0.921875 0.925781 0.910156 0.945313 0.917969 0.921875 0.925781 0.917969 0.914063 0.933594 0.925781 0.894531 0.875 0.898438 0.890625 0.875 0.921875 0.921875 0.886719 0.925781 0.902344 0.902344 0.90625 0.921875 0.910156 0.890625 0.941406 0.902344 0.925781 0.921875 0.902344 0.878906 0.933594 0.914063 0.894531 0.921875 0.902344 0.886719 0.910156 0.90625 0.890625 0.910156 0.929688 0.921875 0.917969 0.921875 0.929688 0.894531 0.914063 0.941406 0.902344 0.910156 0.90625 0.894531 0.941406 0.867188 0.929688 0.917969 0.9375 0.910156 0.910156 0.917969 0.914063 0.875 0.921875 0.925781 0.910156 0.945313 0.917969 0.921875 0.925781 0.917969 0.914063 0.933594 0.925781 0.894531 0.875 0.898438 0.890625 0.875 0.921875 0.921875 0.886719 0.925781 0.902344 0.902344 0.90625 0.921875 0.910156 0.890625 0.941406 0.902344 0.925781 0.921875 0.902344 0.878906 0.933594 0.914063 0.894531 0.921875 0.902344 0.886719 0.910156 0.90625 0.890625 0.910156 0.929688 0.921875 0.917969 0.921875 0.929688 0.894531 0.914063 0.941406 0.902344 0.910156 0.90625 0.894531 0.941406 0.867188 0.929688 0.917969 0.9375 0.910156 0.910156 0.917969 0.914063 0.875 0.921875 0.925781 0.910156 0.945313 0.917969 0.921875 0.925781 0.917969 0.914063 0.933594 0.925781 0.894531 0.875 0.898438 0.890625 0.875 0.921875 0.921875 0.886719 0.925781 0.902344 0.902344 0.90625 0.921875 0.910156 0.890625 0.941406 0.902344 0.925781 0.921875 0.902344 0.878906 0.933594 0.914063 0.894531 0.921875 0.902344 0.886719 0.910156 0.90625 0.890625 0.910156 0.929688 0.921875 0.917969 0.921875 0.929688 0.894531 0.914063 0.941406 0.902344 0.910156 0.90625 0.894531 0.941406 0.867188 0.929688 0.917969 0.9375 0.910156 0.910156 0.917969 0.914063 0.875 0.921875 0.925781 0.910156 0.945313 0.917969 0.921875 0.925781 0.917969 0.914063 0.933594 0.925781 0.894531 0.875 0.898438 0.890625 0.875 0.921875 0.921875 0.886719 0.925781 0.902344 0.902344 0.90625 0.921875 0.910156 0.890625 0.941406 0.902344 0.925781 0.921875 0.902344 0.878906 0.933594 0.914063 0.894531 0.921875 0.902344 0.886719 0.910156 0.90625 0.890625 0.910156 0.929688 0.921875 0.917969 0.921875 0.929688 0.894531 0.914063 0.941406 0.902344 0.910156 0.90625 0.894531 0.941406 0.867188 0.929688 0.917969 0.9375 0.910156 0.910156 0.917969 0.914063 0.875 0.921875 0.925781 0.910156 0.945313 0.917969 0.921875 0.925781 0.917969 0.914063 0.933594 0.925781 0.894531 0.875 0.898438 0.890625 0.875 0.921875 0.921875 0.886719 0.925781 0.902344 0.902344 0.90625 0.921875 0.910156 0.890625 0.941406 0.902344 0.925781 0.921875 0.902344 0.878906 0.933594 0.914063 0.894531 0.921875 0.902344 0.886719 0.910156 0.90625 0.890625 0.910156 0.929688 0.921875 0.917969 0.921875 0.929688 0.894531 0.914063 0.941406 0.902344 0.910156 0.90625 0.894531 0.941406 0.867188 0.929688 0.917969 0.9375 0.910156 0.910156 0.917969 0.914063 0.875 0.921875 0.925781 0.910156 0.945313 0.917969 0.921875 0.925781 0.917969 0.914063 0.933594 0.925781 0.894531 0.875 0.898438 0.890625 0.875 0.921875 0.921875 0.886719 0.925781 0.902344 0.902344 0.90625 0.921875 0.910156 0.890625 0.941406 0.902344 0.925781 0.921875 0.902344 0.878906 0.933594 0.914063 0.894531 0.921875 0.902344 0.886719 0.910156 0.90625 0.890625 0.910156 0.929688 0.921875 0.917969 0.921875 0.929688 0.894531 0.914063 0.941406 0.902344 0.910156 0.90625 0.894531 0.941406 0.867188 0.929688 0.917969 0.9375 0.910156 0.910156 0.917969 0.914063 0.875 0.921875 0.925781 0.910156 0.945313 0.917969 0.921875 0.925781 0.917969 0.914063 0.933594 0.925781 0.894531 0.875 0.898438 0.890625 0.875 0.921875 0.921875 0.886719 0.925781 0.902344 0.902344 0.90625 0.921875 0.910156 0.890625 0.941406 0.902344 0.925781 0.921875 0.902344 0.878906 0.933594 0.914063 0.894531 0.921875 0.902344 0.886719 0.910156 0.90625 0.890625 0.910156 0.929688 0.921875 0.917969 0.921875 0.929688 0.894531 0.914063 0.941406 0.902344 0.910156 0.90625 0.894531 0.941406 0.867188 0.929688 0.917969 0.9375 0.910156 0.910156 0.917969 0.914063 0.878906 0.921875 0.925781 0.910156 0.945313 0.917969 0.921875 0.925781 0.917969 0.914063 0.933594 0.925781 0.894531 0.878906 0.898438 0.890625 0.875 0.921875 0.921875 0.886719 0.925781 0.902344 0.902344 0.90625 0.921875 0.910156 0.890625 0.941406 0.902344 0.925781 0.921875 0.902344 0.878906 0.933594 0.914063 0.894531 0.921875 0.902344 0.886719 0.910156 0.90625 0.890625 0.910156 0.929688 0.921875 0.917969 0.921875 0.929688 0.894531 0.914063 0.941406 0.902344 0.910156 0.90625 0.894531 0.941406 0.867188 0.929688 0.917969 0.9375 0.910156 0.910156 0.917969 0.914063 0.878906 0.921875 0.925781 0.910156 0.945313 0.917969 0.921875 0.925781 0.917969 0.914063 0.933594 0.925781 0.894531 0.878906 0.898438 0.890625 0.875 0.921875 0.921875 0.886719 0.925781 0.902344 0.902344 0.90625 0.921875 0.910156 0.890625 0.941406 0.902344 0.925781 0.921875 0.902344 0.878906 0.933594 0.914063 0.898438 0.921875 0.902344 0.886719 0.910156 0.90625 0.890625 0.910156 0.929688 0.921875 0.917969 0.921875 0.929688 0.894531 0.914063 0.941406 0.902344 0.910156 0.90625 0.894531 0.941406 0.867188 0.929688 0.917969 0.9375 0.910156 0.910156 0.917969 0.914063 0.878906 0.921875 0.925781 0.910156 0.945313 0.917969 0.921875 0.925781 0.917969 0.914063 0.933594 0.925781 0.894531 0.878906 0.898438 0.890625 0.875 0.921875 0.921875 0.886719 0.925781 0.902344 0.902344 0.90625 0.921875 0.910156 0.890625 0.941406 0.902344 0.925781 0.921875 0.902344 0.878906 0.933594 0.914063 0.898438 0.921875 0.902344 0.886719 0.910156 0.90625 0.890625 0.910156 0.929688 0.921875 0.917969 0.921875 0.929688 0.894531 0.914063 0.941406 0.902344 0.910156 0.90625 0.894531 0.941406 0.867188 0.929688 0.917969 0.9375 0.910156 0.910156 0.917969 0.914063 0.878906 0.921875 0.925781 0.910156 0.945313 0.917969 0.921875 0.925781 0.917969 0.914063 0.933594 0.925781 0.894531 0.878906 0.898438 0.890625 0.875 0.921875 0.921875 0.886719 0.925781 0.902344 0.902344 0.90625 0.921875 0.910156 0.890625 0.941406 0.902344 0.925781 0.921875 0.902344 0.878906 0.933594 0.914063 0.898438 0.921875 0.902344 0.886719 0.910156 0.90625 0.890625 0.910156 0.929688 0.921875 0.917969 0.921875 0.929688 0.894531 0.914063 0.941406 0.902344 0.910156 0.90625 0.894531 0.941406 0.867188 0.929688 0.917969 0.9375 0.910156 0.910156 0.917969 0.914063 0.878906 0.921875 0.925781 0.910156 0.945313 0.917969 0.921875 0.925781 0.917969 0.914063 0.933594 0.925781 0.894531 0.878906 0.898438 0.890625 0.875 0.921875 0.921875 0.886719 0.925781 0.902344 0.902344 0.90625 0.921875 0.910156 0.890625 0.941406 0.902344 0.925781 0.921875 0.902344 0.878906 0.933594 0.914063 0.898438 0.921875 0.902344 0.886719 0.910156 0.90625 0.890625 0.910156 0.929688 0.921875 0.917969 0.921875 0.929688 0.894531 0.914063 0.941406 0.902344 0.910156 0.90625 0.894531 0.941406 0.867188 0.929688 0.917969 0.9375 0.910156 0.910156 0.917969 0.914063 0.878906 0.921875 0.925781 0.910156 0.945313 0.917969 0.921875 0.925781 0.917969 0.914063 0.933594 0.925781 0.894531 0.878906 0.898438 0.890625 0.875 0.921875 0.921875 0.886719 0.925781 0.902344 0.902344 0.90625 0.921875 0.910156 0.890625 0.941406 0.902344 0.925781 0.921875 0.902344 0.878906 0.933594 0.914063 0.898438 0.921875 0.902344 0.886719 0.910156 0.90625 0.890625 0.910156 0.929688 0.921875 0.917969 0.921875 0.929688 0.894531 0.914063 0.941406 0.902344 0.910156 0.90625 0.894531 0.941406 0.867188 0.929688 0.917969 0.9375 0.910156 0.910156 0.917969 0.914063 0.878906 0.921875 0.925781 0.910156 0.945313 0.917969 0.921875 0.925781 0.917969 0.914063 0.933594 0.925781 0.894531 0.878906 0.898438 0.890625 0.875 0.921875 0.921875 0.886719 0.925781 0.902344 0.902344 0.90625 0.921875 0.910156 0.894531 0.941406 0.902344 0.925781 0.921875 0.902344 0.878906 0.933594 0.914063 0.898438 0.921875 0.902344 0.886719 0.910156 0.90625 0.890625 0.910156 0.929688 0.921875 0.917969 0.921875 0.929688 0.894531 0.914063 0.941406 0.902344 0.910156 0.90625 0.894531 0.941406 0.867188 0.929688 0.917969 0.9375 0.910156 0.910156 0.921875 0.917969 0.878906 0.921875 0.925781 0.910156 
Quantized predictions
0.234375 0.234375 0.277344 0.363281 0.300781 0.382813 0.277344 0.347656 0.375 0.226563 0.289063 0.332031 0.375 0.402344 0.257813 0.238281 0.335938 0.359375 0.308594 0.292969 0.1875 0.304688 0.394531 0.300781 0.253906 0.269531 0.367188 0.21875 0.183594 0.351563 0.339844 0.308594 0.324219 0.390625 0.40625 0.246094 0.359375 0.1875 0.234375 0.371094 0.28125 0.261719 0.253906 0.324219 0.398438 0.355469 0.347656 0.238281 0.28125 0.394531 0.214844 0.386719 0.265625 0.265625 0.222656 0.324219 0.304688 0.359375 0.238281 0.273438 0.304688 0.304688 0.242188 0.367188 0.363281 0.359375 0.386719 0.460938 0.398438 0.460938 0.386719 0.449219 0.453125 0.335938 0.386719 0.402344 0.453125 0.480469 0.367188 0.332031 0.4375 0.453125 0.410156 0.410156 0.320313 0.402344 0.46875 0.421875 0.347656 0.390625 0.453125 0.339844 0.292969 0.453125 0.425781 0.410156 0.433594 0.472656 0.472656 0.351563 0.457031 0.300781 0.351563 0.457031 0.390625 0.382813 0.363281 0.433594 0.472656 0.457031 0.449219 0.355469 0.375 0.472656 0.332031 0.484375 0.351563 0.390625 0.359375 0.4375 0.410156 0.445313 0.363281 0.390625 0.390625 0.410156 0.363281 0.449219 0.460938 0.453125 0.472656 0.539063 0.476563 0.523438 0.476563 0.53125 0.519531 0.417969 0.464844 0.46875 0.519531 0.550781 0.457031 0.410156 0.519531 0.523438 0.484375 0.496094 0.425781 0.480469 0.527344 0.507813 0.429688 0.488281 0.527344 0.433594 0.378906 0.53125 0.5 0.484375 0.515625 0.542969 0.53125 0.4375 0.527344 0.386719 0.445313 0.527344 0.476563 0.472656 0.449219 0.519531 0.53125 0.53125 0.527344 0.445313 0.453125 0.539063 0.421875 0.5625 0.417969 0.480469 0.457031 0.527344 0.492188 0.515625 0.453125 0.476563 0.460938 0.492188 0.460938 0.519531 0.539063 0.515625 0.539063 0.59375 0.535156 0.574219 0.546875 0.589844 0.566406 0.476563 0.519531 0.519531 0.566406 0.601563 0.527344 0.46875 0.578125 0.578125 0.539063 0.550781 0.496094 0.535156 0.574219 0.578125 0.488281 0.550781 0.582031 0.496094 0.4375 0.589844 0.554688 0.539063 0.574219 0.59375 0.574219 0.5 0.582031 0.445313 0.511719 0.582031 0.542969 0.539063 0.515625 0.582031 0.578125 0.585938 0.589844 0.507813 0.515625 0.589844 0.480469 0.621094 0.472656 0.546875 0.523438 0.59375 0.546875 0.570313 0.519531 0.539063 0.511719 0.554688 0.53125 0.574219 0.597656 0.570313 0.59375 0.640625 0.585938 0.617188 0.601563 0.636719 0.605469 0.519531 0.566406 0.558594 0.601563 0.644531 0.582031 0.515625 0.625 0.621094 0.582031 0.597656 0.554688 0.582031 0.613281 0.636719 0.535156 0.601563 0.628906 0.546875 0.488281 0.636719 0.601563 0.582031 0.621094 0.632813 0.613281 0.550781 0.625 0.496094 0.566406 0.628906 0.59375 0.59375 0.570313 0.632813 0.617188 0.628906 0.640625 0.558594 0.566406 0.628906 0.53125 0.667969 0.515625 0.597656 0.574219 0.648438 0.59375 0.613281 0.574219 0.589844 0.554688 0.605469 0.585938 0.617188 0.644531 0.609375 0.632813 0.675781 0.625 0.652344 0.644531 0.675781 0.636719 0.554688 0.601563 0.589844 0.628906 0.679688 0.625 0.554688 0.660156 0.652344 0.617188 0.632813 0.601563 0.621094 0.644531 0.679688 0.578125 0.644531 0.667969 0.589844 0.527344 0.675781 0.636719 0.617188 0.65625 0.664063 0.640625 0.589844 0.660156 0.539063 0.605469 0.664063 0.636719 0.632813 0.613281 0.671875 0.648438 0.664063 0.683594 0.597656 0.605469 0.660156 0.570313 0.707031 0.550781 0.640625 0.617188 0.691406 0.628906 0.648438 0.617188 0.628906 0.589844 0.644531 0.632813 0.648438 0.683594 0.644531 0.664063 0.707031 0.65625 0.679688 0.679688 0.707031 0.660156 0.582031 0.628906 0.617188 0.652344 0.707031 0.65625 0.585938 0.691406 0.679688 0.644531 0.660156 0.636719 0.652344 0.667969 0.714844 0.609375 0.675781 0.695313 0.621094 0.558594 0.707031 0.667969 0.644531 0.6875 0.6875 0.664063 0.625 0.6875 0.570313 0.640625 0.695313 0.667969 0.664063 0.648438 0.703125 0.671875 0.691406 0.71875 0.628906 0.636719 0.6875 0.601563 0.738281 0.578125 0.675781 0.652344 0.722656 0.660156 0.675781 0.652344 0.660156 0.617188 0.675781 0.667969 0.675781 0.714844 0.671875 0.691406 0.730469 0.683594 0.703125 0.710938 0.730469 0.679688 0.605469 0.652344 0.640625 0.671875 0.730469 0.683594 0.609375 0.714844 0.699219 0.667969 0.683594 0.667969 0.679688 0.6875 0.742188 0.636719 0.703125 0.71875 0.648438 0.582031 0.734375 0.691406 0.667969 0.710938 0.707031 0.683594 0.652344 0.710938 0.597656 0.667969 0.722656 0.695313 0.6875 0.675781 0.730469 0.691406 0.714844 0.746094 0.652344 0.664063 0.710938 0.628906 0.761719 0.601563 0.703125 0.679688 0.75 0.683594 0.699219 0.679688 0.683594 0.640625 0.703125 0.695313 0.699219 0.742188 0.695313 0.71875 0.75 0.707031 0.722656 0.734375 0.753906 0.699219 0.628906 0.671875 0.664063 0.6875 0.75 0.707031 0.632813 0.738281 0.71875 0.691406 0.707031 0.695313 0.703125 0.707031 0.769531 0.660156 0.726563 0.742188 0.671875 0.605469 0.757813 0.714844 0.6875 0.734375 0.726563 0.703125 0.679688 0.730469 0.621094 0.695313 0.746094 0.71875 0.710938 0.703125 0.753906 0.710938 0.734375 0.773438 0.675781 0.691406 0.730469 0.652344 0.785156 0.625 0.730469 0.707031 0.773438 0.707031 0.71875 0.703125 0.707031 0.660156 0.726563 0.722656 0.722656 0.765625 0.714844 0.738281 0.769531 0.726563 0.742188 0.757813 0.773438 0.71875 0.648438 0.691406 0.683594 0.703125 0.765625 0.726563 0.652344 0.757813 0.734375 0.710938 0.726563 0.71875 0.722656 0.722656 0.789063 0.679688 0.746094 0.761719 0.691406 0.625 0.777344 0.734375 0.707031 0.753906 0.742188 0.71875 0.699219 0.746094 0.644531 0.714844 0.765625 0.738281 0.730469 0.722656 0.773438 0.726563 0.753906 0.792969 0.695313 0.710938 0.746094 0.671875 0.800781 0.640625 0.75 0.726563 0.792969 0.726563 0.738281 0.722656 0.726563 0.675781 0.746094 0.742188 0.742188 0.785156 0.734375 0.757813 0.785156 0.746094 0.757813 0.777344 0.789063 0.734375 0.664063 0.710938 0.699219 0.714844 0.78125 0.746094 0.671875 0.777344 0.75 0.726563 0.742188 0.738281 0.738281 0.738281 0.808594 0.699219 0.765625 0.777344 0.710938 0.644531 0.792969 0.75 0.722656 0.769531 0.757813 0.734375 0.71875 0.761719 0.664063 0.734375 0.78125 0.757813 0.75 0.742188 0.789063 0.738281 0.769531 0.808594 0.714844 0.730469 0.761719 0.691406 0.816406 0.65625 0.769531 0.746094 0.808594 0.742188 0.753906 0.742188 0.746094 0.691406 0.765625 0.761719 0.757813 0.804688 0.75 0.773438 0.800781 0.761719 0.773438 0.796875 0.804688 0.746094 0.679688 0.726563 0.714844 0.726563 0.796875 0.761719 0.6875 0.792969 0.761719 0.742188 0.757813 0.753906 0.753906 0.75 0.824219 0.714844 0.78125 0.792969 0.726563 0.660156 0.808594 0.765625 0.738281 0.785156 0.769531 0.746094 0.734375 0.777344 0.679688 0.75 0.796875 0.773438 0.765625 0.757813 0.804688 0.75 0.785156 0.824219 0.730469 0.746094 0.773438 0.707031 0.832031 0.671875 0.785156 0.761719 0.824219 0.757813 0.769531 0.757813 0.761719 0.707031 0.78125 0.78125 0.773438 0.820313 0.765625 0.789063 0.8125 0.777344 0.785156 0.8125 0.816406 0.757813 0.695313 0.738281 0.730469 0.738281 0.808594 0.777344 0.703125 0.808594 0.773438 0.753906 0.769531 0.769531 0.769531 0.761719 0.839844 0.730469 0.796875 0.804688 0.742188 0.675781 0.820313 0.78125 0.75 0.796875 0.78125 0.757813 0.75 0.789063 0.695313 0.765625 0.808594 0.789063 0.78125 0.773438 0.816406 0.761719 0.796875 0.839844 0.746094 0.761719 0.785156 0.722656 0.84375 0.683594 0.800781 0.777344 0.835938 0.773438 0.78125 0.773438 0.777344 0.71875 0.796875 0.796875 0.785156 0.835938 0.777344 0.800781 0.824219 0.789063 0.796875 0.824219 0.828125 0.769531 0.707031 0.75 0.742188 0.75 0.820313 0.792969 0.714844 0.820313 0.785156 0.765625 0.78125 0.785156 0.78125 0.773438 0.851563 0.742188 0.808594 0.816406 0.753906 0.6875 0.832031 0.792969 0.761719 0.808594 0.792969 0.769531 0.761719 0.800781 0.710938 0.777344 0.820313 0.800781 0.792969 0.785156 0.828125 0.773438 0.808594 0.851563 0.757813 0.773438 0.796875 0.734375 0.855469 0.695313 0.8125 0.789063 0.847656 0.785156 0.792969 0.785156 0.789063 0.730469 0.808594 0.808594 0.796875 0.847656 0.789063 0.8125 0.832031 0.800781 0.804688 0.835938 0.835938 0.777344 0.71875 0.761719 0.753906 0.757813 0.828125 0.804688 0.726563 0.832031 0.792969 0.777344 0.792969 0.796875 0.792969 0.78125 0.863281 0.753906 0.820313 0.828125 0.765625 0.699219 0.84375 0.804688 0.773438 0.820313 0.800781 0.777344 0.773438 0.808594 0.722656 0.789063 0.832031 0.8125 0.804688 0.796875 0.839844 0.78125 0.816406 0.863281 0.765625 0.785156 0.804688 0.746094 0.863281 0.707031 0.824219 0.800781 0.855469 0.796875 0.804688 0.796875 0.800781 0.742188 0.820313 0.820313 0.808594 0.859375 0.800781 0.824219 0.839844 0.808594 0.8125 0.84375 0.84375 0.785156 0.726563 0.773438 0.761719 0.765625 0.835938 0.816406 0.738281 0.839844 0.800781 0.789063 0.800781 0.808594 0.800781 0.789063 0.871094 0.765625 0.832031 0.835938 0.777344 0.710938 0.851563 0.8125 0.785156 0.828125 0.808594 0.785156 0.785156 0.816406 0.734375 0.800781 0.839844 0.820313 0.8125 0.808594 0.847656 0.789063 0.824219 0.871094 0.773438 0.796875 0.8125 0.757813 0.871094 0.714844 0.835938 0.808594 0.863281 0.804688 0.8125 0.808594 0.8125 0.75 0.828125 0.832031 0.816406 0.867188 0.808594 0.832031 0.847656 0.816406 0.820313 0.851563 0.851563 0.792969 0.734375 0.78125 0.769531 0.773438 0.84375 0.824219 0.75 0.847656 0.808594 0.796875 0.808594 0.820313 0.808594 0.796875 0.878906 0.777344 0.839844 0.84375 0.785156 0.71875 0.859375 0.820313 0.792969 0.835938 0.816406 0.792969 0.796875 0.824219 0.746094 0.808594 0.847656 0.828125 0.820313 0.820313 0.855469 0.796875 0.832031 0.878906 0.785156 0.804688 0.820313 0.765625 0.878906 0.722656 0.84375 0.816406 0.871094 0.8125 0.820313 0.816406 0.820313 0.757813 0.835938 0.839844 0.824219 0.875 0.816406 0.839844 0.855469 0.824219 0.828125 0.859375 0.859375 0.800781 0.746094 0.789063 0.777344 0.78125 0.851563 0.832031 0.757813 0.855469 0.816406 0.804688 0.816406 0.828125 0.816406 0.804688 0.886719 0.785156 0.847656 0.851563 0.792969 0.730469 0.867188 0.828125 0.800781 0.84375 0.824219 0.800781 0.804688 0.832031 0.757813 0.816406 0.855469 0.835938 0.828125 0.828125 0.863281 0.804688 0.839844 0.886719 0.792969 0.8125 0.828125 0.773438 0.886719 0.730469 0.851563 0.824219 0.878906 0.820313 0.828125 0.824219 0.828125 0.765625 0.84375 0.847656 0.832031 0.882813 0.824219 0.847656 0.863281 0.832031 0.835938 0.867188 0.867188 0.808594 0.753906 0.796875 0.785156 0.785156 0.859375 0.839844 0.765625 0.863281 0.824219 0.8125 0.824219 0.835938 0.824219 0.8125 0.894531 0.792969 0.855469 0.859375 0.800781 0.738281 0.875 0.835938 0.808594 0.851563 0.832031 0.808594 0.8125 0.839844 0.765625 0.824219 0.863281 0.84375 0.835938 0.835938 0.871094 0.8125 0.847656 0.894531 0.800781 0.820313 0.835938 0.78125 0.894531 0.738281 0.859375 0.832031 0.886719 0.828125 0.835938 0.832031 0.835938 0.773438 0.851563 0.855469 0.839844 0.890625 0.832031 0.855469 0.871094 0.839844 0.84375 0.875 0.875 0.816406 0.761719 0.804688 0.792969 0.792969 0.867188 0.847656 0.773438 0.871094 0.832031 0.820313 0.832031 0.84375 0.832031 0.820313 0.898438 0.800781 0.863281 0.863281 0.808594 0.746094 0.882813 0.84375 0.816406 0.859375 0.839844 0.816406 0.820313 0.84375 0.773438 0.832031 0.871094 0.851563 0.84375 0.84375 0.878906 0.820313 0.855469 0.898438 0.808594 0.828125 0.84375 0.789063 0.898438 0.746094 0.867188 0.839844 0.890625 0.835938 0.84375 0.839844 0.84375 0.78125 0.859375 0.863281 0.847656 0.898438 0.839844 0.863281 0.875 0.847656 0.851563 0.882813 0.878906 0.824219 0.769531 0.8125 0.800781 0.796875 0.871094 0.855469 0.78125 0.875 0.839844 0.828125 0.839844 0.851563 0.839844 0.828125 0.902344 0.808594 0.871094 0.867188 0.816406 0.753906 0.890625 0.851563 0.824219 0.867188 0.84375 0.824219 0.828125 0.851563 0.78125 0.839844 0.878906 0.859375 0.851563 0.851563 0.882813 0.824219 0.863281 0.902344 0.816406 0.835938 0.851563 0.796875 0.902344 0.753906 0.875 0.847656 0.898438 0.84375 0.851563 0.847656 0.851563 0.789063 0.867188 0.871094 0.851563 0.902344 0.847656 0.871094 0.878906 0.855469 0.855469 0.886719 0.882813 0.828125 0.777344 0.820313 0.808594 0.800781 0.875 0.859375 0.789063 0.878906 0.84375 0.835938 0.84375 0.859375 0.847656 0.832031 0.90625 0.816406 0.875 0.871094 0.824219 0.761719 0.894531 0.855469 0.828125 0.871094 0.847656 0.828125 0.835938 0.855469 0.789063 0.84375 0.882813 0.863281 0.855469 0.859375 0.886719 0.828125 0.867188 0.90625 0.824219 0.839844 0.855469 0.804688 0.90625 0.761719 0.878906 0.851563 0.902344 0.847656 0.855469 0.855469 0.855469 0.796875 0.871094 0.875 0.855469 0.90625 0.851563 0.875 0.882813 0.863281 0.859375 0.890625 0.886719 0.832031 0.785156 0.824219 0.8125 0.804688 0.878906 0.863281 0.796875 0.882813 0.847656 0.839844 0.847656 0.867188 0.851563 0.835938 0.910156 0.824219 0.878906 0.875 0.832031 0.769531 0.898438 0.859375 0.832031 0.875 0.851563 0.832031 0.84375 0.859375 0.796875 0.851563 0.886719 0.867188 0.863281 0.867188 0.890625 0.832031 0.871094 0.910156 0.832031 0.847656 0.859375 0.8125 0.910156 0.769531 0.882813 0.855469 0.90625 0.855469 0.859375 0.859375 0.859375 0.804688 0.875 0.878906 0.859375 0.910156 0.859375 0.878906 0.886719 0.867188 0.863281 0.894531 0.890625 0.835938 0.792969 0.828125 0.816406 0.808594 0.882813 0.867188 0.804688 0.886719 0.851563 0.84375 0.851563 0.871094 0.855469 0.839844 0.914063 0.832031 0.882813 0.878906 0.839844 0.773438 0.902344 0.863281 0.835938 0.878906 0.855469 0.835938 0.847656 0.863281 0.804688 0.855469 0.890625 0.871094 0.867188 0.871094 0.894531 0.835938 0.875 0.914063 0.835938 0.851563 0.863281 0.816406 0.914063 0.773438 0.886719 0.859375 0.910156 0.859375 0.863281 0.863281 0.863281 0.808594 0.878906 0.882813 0.863281 0.914063 0.863281 0.882813 0.890625 0.871094 0.867188 0.898438 0.894531 0.839844 0.796875 0.832031 0.820313 0.8125 0.886719 0.871094 0.808594 0.890625 0.855469 0.847656 0.855469 0.875 0.859375 0.84375 0.917969 0.835938 0.886719 0.882813 0.84375 0.777344 0.90625 0.867188 0.839844 0.882813 0.859375 0.839844 0.851563 0.867188 0.808594 0.859375 0.894531 0.875 0.871094 0.875 0.898438 0.839844 0.878906 0.917969 0.839844 0.855469 0.867188 0.820313 0.917969 0.777344 0.890625 0.863281 0.914063 0.863281 0.867188 0.867188 0.867188 0.8125 0.882813 0.886719 0.867188 0.917969 0.867188 0.886719 0.894531 0.875 0.871094 0.902344 0.898438 0.84375 0.800781 0.835938 0.824219 0.816406 0.890625 0.875 0.8125 0.894531 0.859375 0.851563 0.859375 0.878906 0.863281 0.847656 0.921875 0.839844 0.890625 0.886719 0.847656 0.78125 0.910156 0.871094 0.84375 0.886719 0.863281 0.84375 0.855469 0.871094 0.8125 0.863281 0.898438 0.878906 0.875 0.878906 0.902344 0.84375 0.882813 0.921875 0.84375 0.859375 0.871094 0.824219 0.921875 0.78125 0.894531 0.867188 0.917969 0.867188 0.871094 0.871094 0.871094 0.816406 0.886719 0.890625 0.871094 0.921875 0.871094 0.890625 0.898438 0.878906 0.875 0.90625 0.902344 0.847656 0.804688 0.839844 0.828125 0.820313 0.894531 0.878906 0.816406 0.898438 0.863281 0.855469 0.863281 0.882813 0.867188 0.851563 0.925781 0.84375 0.894531 0.890625 0.851563 0.785156 0.914063 0.875 0.847656 0.890625 0.867188 0.847656 0.859375 0.875 0.816406 0.867188 0.902344 0.882813 0.878906 0.882813 0.90625 0.847656 0.886719 0.925781 0.847656 0.863281 0.875 0.828125 0.925781 0.785156 0.898438 0.871094 0.921875 0.871094 0.875 0.875 0.875 0.820313 0.890625 0.894531 0.875 0.925781 0.875 0.894531 0.902344 0.882813 0.878906 0.910156 0.90625 0.851563 0.808594 0.84375 0.832031 0.824219 0.898438 0.882813 0.820313 0.902344 0.867188 0.859375 0.867188 0.886719 0.871094 0.855469 0.929688 0.847656 0.898438 0.894531 0.855469 0.792969 0.917969 0.878906 0.851563 0.894531 0.871094 0.851563 0.863281 0.878906 0.820313 0.871094 0.90625 0.886719 0.882813 0.886719 0.910156 0.851563 0.890625 0.929688 0.851563 0.867188 0.878906 0.832031 0.929688 0.789063 0.902344 0.875 0.925781 0.875 0.878906 0.878906 0.878906 0.824219 0.894531 0.898438 0.878906 0.929688 0.878906 0.898438 0.90625 0.886719 0.882813 0.914063 0.910156 0.855469 0.8125 0.847656 0.835938 0.828125 0.902344 0.886719 0.824219 0.90625 0.871094 0.863281 0.871094 0.890625 0.875 0.859375 0.933594 0.851563 0.902344 0.898438 0.859375 0.796875 0.921875 0.882813 0.855469 0.898438 0.875 0.855469 0.867188 0.882813 0.824219 0.875 0.910156 0.890625 0.886719 0.890625 0.914063 0.855469 0.894531 0.933594 0.855469 0.871094 0.882813 0.835938 0.933594 0.792969 0.90625 0.878906 0.929688 0.878906 0.882813 0.882813 0.882813 0.828125 0.898438 0.902344 0.882813 0.933594 0.882813 0.902344 0.910156 0.890625 0.886719 0.917969 0.914063 0.859375 0.816406 0.851563 0.839844 0.832031 0.90625 0.890625 0.828125 0.910156 0.875 0.867188 0.875 0.894531 0.878906 0.863281 0.9375 0.855469 0.90625 0.902344 0.863281 0.800781 0.925781 0.886719 0.859375 0.902344 0.878906 0.859375 0.871094 0.886719 0.828125 0.878906 0.914063 0.894531 0.890625 0.894531 0.917969 0.859375 0.898438 0.933594 0.859375 0.875 0.886719 0.839844 0.9375 0.796875 0.910156 0.882813 0.933594 0.882813 0.886719 0.886719 0.886719 0.832031 0.902344 0.90625 0.886719 0.9375 0.886719 0.90625 0.914063 0.894531 0.890625 0.921875 0.917969 0.863281 0.820313 0.855469 0.84375 0.835938 0.910156 0.894531 0.832031 0.914063 0.878906 0.871094 0.878906 0.898438 0.882813 0.867188 0.941406 0.859375 0.910156 0.90625 0.867188 0.804688 0.929688 0.890625 0.863281 0.90625 0.882813 0.863281 0.875 0.890625 0.832031 0.882813 0.917969 0.898438 0.894531 0.898438 0.921875 0.863281 0.902344 0.933594 0.863281 0.878906 0.890625 0.84375 0.9375 0.800781 0.914063 0.886719 0.9375 0.886719 0.890625 0.890625 0.890625 0.835938 0.90625 0.910156 0.890625 0.941406 0.890625 0.910156 0.917969 0.898438 0.894531 0.925781 0.921875 0.867188 0.824219 0.859375 0.847656 0.839844 0.914063 0.898438 0.835938 0.917969 0.882813 0.875 0.882813 0.902344 0.886719 0.871094 0.941406 0.863281 0.914063 0.910156 0.871094 0.808594 0.929688 0.894531 0.867188 0.910156 0.886719 0.867188 0.878906 0.894531 0.835938 0.886719 0.921875 0.902344 0.898438 0.902344 0.925781 0.867188 0.90625 0.9375 0.867188 0.882813 0.894531 0.847656 0.941406 0.804688 0.917969 0.890625 0.9375 0.890625 0.894531 0.894531 0.894531 0.839844 0.910156 0.914063 0.894531 0.945313 0.894531 0.914063 0.921875 0.902344 0.898438 0.929688 0.921875 0.871094 0.828125 0.863281 0.851563 0.84375 0.917969 0.902344 0.839844 0.921875 0.886719 0.878906 0.886719 0.90625 0.890625 0.875 0.941406 0.867188 0.917969 0.914063 0.875 0.8125 0.929688 0.898438 0.871094 0.914063 0.890625 0.871094 0.882813 0.898438 0.839844 0.890625 0.921875 0.90625 0.902344 0.90625 0.925781 0.871094 0.910156 0.941406 0.871094 0.886719 0.898438 0.851563 0.941406 0.808594 0.921875 0.894531 0.9375 0.894531 0.898438 0.898438 0.898438 0.84375 0.914063 0.917969 0.898438 0.945313 0.898438 0.917969 0.921875 0.90625 0.898438 0.933594 0.921875 0.875 0.832031 0.867188 0.855469 0.847656 0.917969 0.90625 0.84375 0.921875 0.890625 0.882813 0.890625 0.910156 0.894531 0.878906 0.941406 0.871094 0.921875 0.914063 0.878906 0.816406 0.929688 0.902344 0.875 0.914063 0.894531 0.875 0.886719 0.902344 0.84375 0.894531 0.921875 0.910156 0.90625 0.910156 0.925781 0.875 0.910156 0.941406 0.875 0.890625 0.902344 0.855469 0.941406 0.8125 0.921875 0.898438 0.9375 0.898438 0.902344 0.902344 0.902344 0.847656 0.917969 0.921875 0.902344 0.945313 0.902344 0.917969 0.921875 0.910156 0.902344 0.933594 0.921875 0.878906 0.835938 0.871094 0.859375 0.851563 0.917969 0.910156 0.847656 0.921875 0.894531 0.886719 0.894531 0.914063 0.898438 0.882813 0.941406 0.875 0.921875 0.914063 0.882813 0.820313 0.929688 0.90625 0.878906 0.917969 0.894531 0.878906 0.890625 0.90625 0.847656 0.898438 0.921875 0.914063 0.910156 0.914063 0.929688 0.878906 0.910156 0.941406 0.878906 0.894531 0.90625 0.859375 0.941406 0.816406 0.921875 0.902344 0.9375 0.902344 0.90625 0.90625 0.90625 0.851563 0.917969 0.925781 0.902344 0.945313 0.90625 0.917969 0.921875 0.914063 0.90625 0.933594 0.921875 0.882813 0.839844 0.875 0.863281 0.855469 0.917969 0.914063 0.851563 0.921875 0.894531 0.890625 0.898438 0.917969 0.902344 0.882813 0.941406 0.878906 0.921875 0.917969 0.886719 0.824219 0.929688 0.90625 0.882813 0.917969 0.894531 0.878906 0.894531 0.90625 0.851563 0.902344 0.921875 0.917969 0.910156 0.917969 0.929688 0.882813 0.910156 0.941406 0.882813 0.898438 0.90625 0.863281 0.941406 0.820313 0.921875 0.90625 0.9375 0.902344 0.90625 0.910156 0.910156 0.855469 0.917969 0.925781 0.90625 0.945313 0.910156 0.917969 0.921875 0.917969 0.90625 0.933594 0.921875 0.886719 0.84375 0.878906 0.867188 0.859375 0.917969 0.917969 0.855469 0.921875 0.894531 0.894531 0.902344 0.917969 0.902344 0.882813 0.941406 0.882813 0.921875 0.917969 0.890625 0.828125 0.929688 0.90625 0.886719 0.917969 0.894531 0.882813 0.898438 0.90625 0.855469 0.90625 0.925781 0.917969 0.910156 0.917969 0.929688 0.882813 0.910156 0.941406 0.886719 0.902344 0.90625 0.867188 0.941406 0.824219 0.921875 0.90625 0.9375 0.902344 0.90625 0.914063 0.910156 0.859375 0.917969 0.925781 0.90625 0.945313 0.910156 0.917969 0.921875 0.917969 0.90625 0.933594 0.921875 0.886719 0.847656 0.882813 0.871094 0.859375 0.917969 0.917969 0.859375 0.921875 0.894531 0.894531 0.902344 0.917969 0.902344 0.882813 0.941406 0.886719 0.921875 0.917969 0.894531 0.832031 0.929688 0.90625 0.890625 0.917969 0.894531 0.882813 0.902344 0.90625 0.859375 0.910156 0.925781 0.917969 0.914063 0.921875 0.929688 0.882813 0.910156 0.941406 0.890625 0.902344 0.90625 0.871094 0.941406 0.828125 0.921875 0.90625 0.9375 0.902344 0.90625 0.914063 0.910156 0.863281 0.917969 0.925781 0.90625 0.945313 0.914063 0.921875 0.921875 0.917969 0.910156 0.933594 0.921875 0.890625 0.851563 0.886719 0.875 0.863281 0.917969 0.917969 0.863281 0.921875 0.894531 0.898438 0.90625 0.917969 0.90625 0.886719 0.941406 0.890625 0.921875 0.917969 0.898438 0.835938 0.929688 0.910156 0.894531 0.921875 0.898438 0.882813 0.90625 0.90625 0.863281 0.910156 0.925781 0.921875 0.914063 0.921875 0.929688 0.886719 0.910156 0.941406 0.894531 0.90625 0.90625 0.875 0.941406 0.832031 0.925781 0.910156 0.9375 0.90625 0.90625 0.917969 0.914063 0.867188 0.921875 0.925781 0.910156 0.945313 0.914063 0.921875 0.921875 0.917969 0.910156 0.933594 0.925781 0.890625 0.855469 0.890625 0.878906 0.863281 0.917969 0.917969 0.867188 0.921875 0.894531 0.902344 0.90625 0.917969 0.90625 0.886719 0.941406 0.894531 0.921875 0.917969 0.898438 0.839844 0.929688 0.910156 0.894531 0.921875 0.898438 0.882813 0.90625 0.90625 0.867188 0.910156 0.925781 0.921875 0.914063 0.921875 0.929688 0.886719 0.910156 0.941406 0.894531 0.910156 0.90625 0.878906 0.941406 0.835938 0.925781 0.910156 0.9375 0.90625 0.90625 0.917969 0.914063 0.867188 0.921875 0.925781 0.910156 0.945313 0.914063 0.921875 0.921875 0.917969 0.910156 0.933594 0.925781 0.894531 0.859375 0.890625 0.878906 0.867188 0.917969 0.917969 0.871094 0.921875 0.894531 0.902344 0.90625 0.917969 0.90625 0.886719 0.941406 0.894531 0.921875 0.917969 0.898438 0.84375 0.929688 0.910156 0.894531 0.921875 0.898438 0.882813 0.90625 0.90625 0.871094 0.910156 0.925781 0.921875 0.914063 0.921875 0.929688 0.886719 0.910156 0.941406 0.894531 0.910156 0.90625 0.882813 0.941406 0.839844 0.925781 0.910156 0.9375 0.90625 0.910156 0.917969 0.914063 0.871094 0.921875 0.925781 0.910156 0.945313 0.917969 0.921875 0.921875 0.917969 0.910156 0.933594 0.925781 0.894531 0.863281 0.890625 0.878906 0.871094 0.921875 0.917969 0.875 0.921875 0.894531 0.902344 0.90625 0.917969 0.910156 0.886719 0.941406 0.898438 0.925781 0.917969 0.902344 0.847656 0.929688 0.910156 0.894531 0.921875 0.902344 0.882813 0.910156 0.90625 0.875 0.910156 0.925781 0.921875 0.914063 0.921875 0.929688 0.890625 0.910156 0.941406 0.894531 0.910156 0.90625 0.886719 0.941406 0.84375 0.925781 0.914063 0.9375 0.910156 0.910156 0.917969 0.914063 0.875 0.921875 0.925781 0.910156 0.945313 0.917969 0.921875 0.921875 0.917969 0.914063 0.933594 0.925781 0.894531 0.867188 0.894531 0.882813 0.875 0.921875 0.917969 0.878906 0.921875 0.898438 0.902344 0.90625 0.917969 0.910156 0.886719 0.941406 0.902344 0.925781 0.917969 0.902344 0.851563 0.929688 0.914063 0.894531 0.921875 0.902344 0.886719 0.910156 0.90625 0.878906 0.910156 0.929688 0.921875 0.914063 0.921875 0.929688 0.890625 0.914063 0.941406 0.898438 0.910156 0.90625 0.890625 0.941406 0.847656 0.925781 0.914063 0.9375 0.910156 0.910156 0.917969 0.914063 0.875 0.921875 0.925781 0.910156 0.945313 0.917969 0.921875 0.921875 0.917969 0.914063 0.933594 0.925781 0.894531 0.871094 0.894531 0.882813 0.875 0.921875 0.917969 0.882813 0.921875 0.902344 0.902344 0.90625 0.921875 0.910156 0.886719 0.941406 0.902344 0.925781 0.917969 0.902344 0.855469 0.929688 0.914063 0.894531 0.921875 0.902344 0.886719 0.910156 0.90625 0.878906 0.910156 0.929688 0.921875 0.914063 0.921875 0.929688 0.890625 0.914063 0.941406 0.902344 0.910156 0.90625 0.890625 0.941406 0.851563 0.925781 0.914063 0.9375 0.910156 0.910156 0.917969 0.914063 0.875 0.921875 0.925781 0.910156 0.945313 0.917969 0.921875 0.921875 0.917969 0.914063 0.933594 0.925781 0.894531 0.871094 0.894531 0.882813 0.875 0.921875 0.917969 0.882813 0.921875 0.902344 0.902344 0.90625 0.921875 0.910156 0.886719 0.941406 0.902344 0.925781 0.917969 0.902344 0.859375 0.929688 0.914063 0.894531 0.921875 0.902344 0.886719 0.910156 0.90625 0.878906 0.910156 0.929688 0.921875 0.914063 0.921875 0.929688 0.890625 0.914063 0.941406 0.902344 0.910156 0.90625 0.890625 0.941406 0.855469 0.925781 0.914063 0.9375 0.910156 0.910156 0.917969 0.914063 0.875 0.921875 0.925781 0.910156 0.945313 0.917969 0.921875 0.921875 0.917969 0.914063 0.933594 0.925781 0.894531 0.871094 0.894531 0.886719 0.875 0.921875 0.917969 0.886719 0.921875 0.902344 0.902344 0.90625 0.921875 0.910156 0.886719 0.941406 0.902344 0.925781 0.917969 0.902344 0.863281 0.929688 0.914063 0.894531 0.921875 0.902344 0.886719 0.910156 0.90625 0.882813 0.910156 0.929688 0.921875 0.914063 0.921875 0.929688 0.890625 0.914063 0.941406 0.902344 0.910156 0.90625 0.890625 0.941406 0.859375 0.929688 0.914063 0.9375 0.910156 0.910156 0.917969 0.914063 0.875 0.921875 0.925781 0.910156 0.945313 0.917969 0.921875 0.921875 0.917969 0.914063 0.933594 0.925781 0.894531 0.871094 0.894531 0.886719 0.875 0.921875 0.917969 0.886719 0.921875 0.902344 0.902344 0.90625 0.921875 0.910156 0.886719 0.941406 0.902344 0.925781 0.917969 0.902344 0.867188 0.933594 0.914063 0.894531 0.921875 0.902344 0.886719 0.910156 0.90625 0.882813 0.910156 0.929688 0.921875 0.914063 0.921875 0.929688 0.890625 0.914063 0.941406 0.902344 0.910156 0.90625 0.890625 0.941406 0.859375 0.929688 0.914063 0.9375 0.910156 0.910156 0.917969 0.914063 0.875 0.921875 0.925781 0.910156 0.945313 0.917969 0.921875 0.921875 0.917969 0.914063 0.933594 0.925781 0.894531 0.871094 0.894531 0.886719 0.875 0.921875 0.917969 0.886719 0.921875 0.902344 0.902344 0.90625 0.921875 0.910156 0.886719 0.941406 0.902344 0.925781 0.917969 0.902344 0.871094 0.933594 0.914063 0.894531 0.921875 0.902344 0.886719 0.910156 0.90625 0.882813 0.910156 0.929688 0.921875 0.914063 0.921875 0.929688 0.890625 0.914063 0.941406 0.902344 0.910156 0.90625 0.890625 0.941406 0.859375 0.929688 0.914063 0.9375 0.910156 0.910156 0.917969 0.914063 0.875 0.921875 0.925781 0.910156 0.945313 0.917969 0.921875 0.921875 0.917969 0.914063 0.933594 0.925781 0.894531 0.871094 0.894531 0.886719 0.875 0.921875 0.917969 0.886719 0.921875 0.902344 0.902344 0.90625 0.921875 0.910156 0.886719 0.941406 0.902344 0.925781 0.917969 0.902344 0.875 0.933594 0.914063 0.894531 0.921875 0.902344 0.886719 0.910156 0.90625 0.886719 0.910156 0.929688 0.921875 0.914063 0.921875 0.929688 0.894531 0.914063 0.941406 0.902344 0.910156 0.90625 0.894531 0.941406 0.863281 0.929688 0.914063 0.9375 0.910156 0.910156 0.917969 0.914063 0.875 0.921875 0.925781 0.910156 0.945313 0.917969 0.921875 0.921875 0.917969 0.914063 0.933594 0.925781 0.894531 0.871094 0.894531 0.886719 0.875 0.921875 0.917969 0.886719 0.921875 0.902344 0.902344 0.90625 0.921875 0.910156 0.886719 0.941406 0.902344 0.925781 0.917969 0.902344 0.875 0.933594 0.914063 0.894531 0.921875 0.902344 0.886719 0.910156 0.90625 0.886719 0.910156 0.929688 0.921875 0.914063 0.921875 0.929688 0.894531 0.914063 0.941406 0.902344 0.910156 0.90625 0.894531 0.941406 0.863281 0.929688 0.914063 0.9375 0.910156 0.910156 0.917969 0.914063 0.875 0.921875 0.925781 0.910156 0.945313 0.917969 0.921875 0.921875 0.917969 0.914063 0.933594 0.925781 0.894531 0.871094 0.894531 0.886719 0.875 0.921875 0.917969 0.886719 0.921875 0.902344 0.902344 0.90625 0.921875 0.910156 0.886719 0.941406 0.902344 0.925781 0.917969 0.902344 0.875 0.933594 0.914063 0.894531 0.921875 0.902344 0.886719 0.910156 0.90625 0.886719 0.910156 0.929688 0.921875 0.914063 0.921875 0.929688 0.894531 0.914063 0.941406 0.902344 0.910156 0.90625 0.894531 0.941406 0.867188 0.929688 0.914063 0.9375 0.910156 0.910156 0.917969 0.914063 0.875 0.921875 0.925781 0.910156 0.945313 0.917969 0.921875 0.921875 0.917969 0.914063 0.933594 0.925781 0.894531 0.871094 0.894531 0.886719 0.875 0.921875 0.917969 0.886719 0.921875 0.902344 0.902344 0.90625 0.921875 0.910156 0.886719 0.941406 0.902344 0.925781 0.917969 0.902344 0.875 0.933594 0.914063 0.894531 0.921875 0.902344 0.886719 0.910156 0.90625 0.890625 0.910156 0.929688 0.921875 0.914063 0.921875 0.929688 0.894531 0.914063 0.941406 0.902344 0.910156 0.90625 0.894531 0.941406 0.867188 0.929688 0.914063 0.9375 0.910156 0.910156 0.917969 0.914063 0.875 0.921875 0.925781 0.910156 0.945313 0.917969 0.921875 0.921875 0.917969 0.914063 0.933594 0.925781 0.894531 0.871094 0.894531 0.886719 0.875 0.921875 0.917969 0.886719 0.921875 0.902344 0.902344 0.90625 0.921875 0.910156 0.886719 0.941406 0.902344 0.925781 0.917969 0.902344 0.875 0.933594 0.914063 0.894531 0.921875 0.902344 0.886719 0.910156 0.90625 0.890625 0.910156 0.929688 0.921875 0.914063 0.921875 0.929688 0.894531 0.914063 0.941406 0.902344 0.910156 0.90625 0.894531 0.941406 0.867188 0.929688 0.914063 0.9375 0.910156 0.910156 0.917969 0.914063 0.875 0.921875 0.925781 0.910156 0.945313 0.917969 0.921875 0.921875 0.917969 0.914063 0.933594 0.925781 0.894531 0.871094 0.898438 0.886719 0.875 0.921875 0.917969 0.886719 0.921875 0.902344 0.902344 0.90625 0.921875 0.910156 0.886719 0.941406 0.902344 0.925781 0.917969 0.902344 0.878906 0.933594 0.914063 0.894531 0.921875 0.902344 0.886719 0.910156 0.90625 0.890625 0.910156 0.929688 0.921875 0.914063 0.921875 0.929688 0.894531 0.914063 0.941406 0.902344 0.910156 0.90625 0.894531 0.941406 0.867188 0.929688 0.914063 0.9375 0.910156 0.910156 0.917969 0.914063 0.875 0.921875 0.925781 0.910156 0.945313 0.917969 0.921875 0.925781 0.917969 0.914063 0.933594 0.925781 0.894531 0.871094 0.898438 0.890625 0.875 0.921875 0.921875 0.886719 0.921875 0.902344 0.902344 0.90625 0.921875 0.910156 0.886719 0.941406 0.902344 0.925781 0.921875 0.902344 0.878906 0.933594 0.914063 0.894531 0.921875 0.902344 0.886719 0.910156 0.90625 0.890625 0.910156 0.929688 0.921875 0.914063 0.921875 0.929688 0.894531 0.914063 0.941406 0.902344 0.910156 0.90625 0.894531 0.941406 0.867188 0.929688 0.914063 0.9375 0.910156 0.910156 0.917969 0.914063 0.875 0.921875 0.925781 0.910156 0.945313 0.917969 0.921875 0.925781 0.917969 0.914063 0.933594 0.925781 0.894531 0.871094 0.898438 0.890625 0.875 0.921875 0.921875 0.886719 0.921875 0.902344 0.902344 0.90625 0.921875 0.910156 0.886719 0.941406 0.902344 0.925781 0.921875 0.902344 0.878906 0.933594 0.914063 0.894531 0.921875 0.902344 0.886719 0.910156 0.90625 0.890625 0.910156 0.929688 0.921875 0.914063 0.921875 0.929688 0.894531 0.914063 0.941406 0.902344 0.910156 0.90625 0.894531 0.941406 0.867188 0.929688 0.914063 0.9375 0.910156 0.910156 0.917969 0.914063 0.875 0.921875 0.925781 0.910156 0.945313 0.917969 0.921875 0.925781 0.917969 0.914063 0.933594 0.925781 0.894531 0.871094 0.898438 0.890625 0.875 0.921875 0.921875 0.886719 0.921875 0.902344 0.902344 0.90625 0.921875 0.910156 0.886719 0.941406 0.902344 0.925781 0.921875 0.902344 0.878906 0.933594 0.914063 0.894531 0.921875 0.902344 0.886719 0.910156 0.90625 0.890625 0.910156 0.929688 0.921875 0.914063 0.921875 0.929688 0.894531 0.914063 0.941406 0.902344 0.910156 0.90625 0.894531 0.941406 0.867188 0.929688 0.914063 0.9375 0.910156 0.910156 0.917969 0.914063 0.875 0.921875 0.925781 0.910156 0.945313 0.917969 0.921875 0.925781 0.917969 0.914063 0.933594 0.925781 0.894531 0.871094 0.898438 0.890625 0.875 0.921875 0.921875 0.886719 0.921875 0.902344 0.902344 0.90625 0.921875 0.910156 0.886719 0.941406 0.902344 0.925781 0.921875 0.902344 0.878906 0.933594 0.914063 0.894531 0.921875 0.902344 0.886719 0.910156 0.90625 0.890625 0.910156 0.929688 0.921875 0.914063 0.921875 0.929688 0.894531 0.914063 0.941406 0.902344 0.910156 0.90625 0.894531 0.941406 0.867188 0.929688 0.914063 0.9375 0.910156 0.910156 0.917969 0.914063 0.875 0.921875 0.925781 0.910156 0.945313 0.917969 0.921875 0.925781 0.917969 0.914063 0.933594 0.925781 0.894531 0.875 0.898438 0.890625 0.875 0.921875 0.921875 0.886719 0.925781 0.902344 0.902344 0.90625 0.921875 0.910156 0.890625 0.941406 0.902344 0.925781 0.921875 0.902344 0.878906 0.933594 0.914063 0.894531 0.921875 0.902344 0.886719 0.910156 0.90625 0.890625 0.910156 0.929688 0.921875 0.914063 0.921875 0.929688 0.894531 0.914063 0.941406 0.902344 0.910156 0.90625 0.894531 0.941406 0.867188 0.929688 0.917969 0.9375 0.910156 0.910156 0.917969 0.914063 0.875 0.921875 0.925781 0.910156 0.945313 0.917969 0.921875 0.925781 0.917969 0.914063 0.933594 0.925781 0.894531 0.875 0.898438 0.890625 0.875 0.921875 0.921875 0.886719 0.925781 0.902344 0.902344 0.90625 0.921875 0.910156 0.890625 0.941406 0.902344 0.925781 0.921875 0.902344 0.878906 0.933594 0.914063 0.894531 0.921875 0.902344 0.886719 0.910156 0.90625 0.890625 0.910156 0.929688 0.921875 0.917969 0.921875 0.929688 0.894531 0.914063 0.941406 0.902344 0.910156 0.90625 0.894531 0.941406 0.867188 0.929688 0.917969 0.9375 0.910156 0.910156 0.917969 0.914063 0.875 0.921875 0.925781 0.910156 0.945313 0.917969 0.921875 0.925781 0.917969 0.914063 0.933594 0.925781 0.894531 0.875 0.898438 0.890625 0.875 0.921875 0.921875 0.886719 0.925781 0.902344 0.902344 0.90625 0.921875 0.910156 0.890625 0.941406 0.902344 0.925781 0.921875 0.902344 0.878906 0.933594 0.914063 0.894531 0.921875 0.902344 0.886719 0.910156 0.90625 0.890625 0.910156 0.929688 0.921875 0.917969 0.921875 0.929688 0.894531 0.914063 0.941406 0.902344 0.910156 0.90625 0.894531 0.941406 0.867188 0.929688 0.917969 0.9375 0.910156 0.910156 0.917969 0.914063 0.875 0.921875 0.925781 0.910156 0.945313 0.917969 0.921875 0.925781 0.917969 0.914063 0.933594 0.925781 0.894531 0.875 0.898438 0.890625 0.875 0.921875 0.921875 0.886719 0.925781 0.902344 0.902344 0.90625 0.921875 0.910156 0.890625 0.941406 0.902344 0.925781 0.921875 0.902344 0.878906 0.933594 0.914063 0.894531 0.921875 0.902344 0.886719 0.910156 0.90625 0.890625 0.910156 0.929688 0.921875 0.917969 0.921875 0.929688 0.894531 0.914063 0.941406 0.902344 0.910156 0.90625 0.894531 0.941406 0.867188 0.929688 0.917969 0.9375 0.910156 0.910156 0.917969 0.914063 0.875 0.921875 0.925781 0.910156 0.945313 0.917969 0.921875 0.925781 0.917969 0.914063 0.933594 0.925781 0.894531 0.875 0.898438 0.890625 0.875 0.921875 0.921875 0.886719 0.925781 0.902344 0.902344 0.90625 0.921875 0.910156 0.890625 0.941406 0.902344 0.925781 0.921875 0.902344 0.878906 0.933594 0.914063 0.894531 0.921875 0.902344 0.886719 0.910156 0.90625 0.890625 0.910156 0.929688 0.921875 0.917969 0.921875 0.929688 0.894531 0.914063 0.941406 0.902344 0.910156 0.90625 0.894531 0.941406 0.867188 0.929688 0.917969 0.9375 0.910156 0.910156 0.917969 0.914063 0.875 0.921875 0.925781 0.910156 0.945313 0.917969 0.921875 0.925781 0.917969 0.914063 0.933594 0.925781 0.894531 0.875 0.898438 0.890625 0.875 0.921875 0.921875 0.886719 0.925781 0.902344 0.902344 0.90625 0.921875 0.910156 0.890625 0.941406 0.902344 0.925781 0.921875 0.902344 0.878906 0.933594 0.914063 0.894531 0.921875 0.902344 0.886719 0.910156 0.90625 0.890625 0.910156 0.929688 0.921875 0.917969 0.921875 0.929688 0.894531 0.914063 0.941406 0.902344 0.910156 0.90625 0.894531 0.941406 0.867188 0.929688 0.917969 0.9375 0.910156 0.910156 0.917969 0.914063 0.875 0.921875 0.925781 0.910156 0.945313 0.917969 0.921875 0.925781 0.917969 0.914063 0.933594 0.925781 0.894531 0.875 0.898438 0.890625 0.875 0.921875 0.921875 0.886719 0.925781 0.902344 0.902344 0.90625 0.921875 0.910156 0.890625 0.941406 0.902344 0.925781 0.921875 0.902344 0.878906 0.933594 0.914063 0.894531 0.921875 0.902344 0.886719 0.910156 0.90625 0.890625 0.910156 0.929688 0.921875 0.917969 0.921875 0.929688 0.894531 0.914063 0.941406 0.902344 0.910156 0.90625 0.894531 0.941406 0.867188 0.929688 0.917969 0.9375 0.910156 0.910156 0.917969 0.914063 0.875 0.921875 0.925781 0.910156 0.945313 0.917969 0.921875 0.925781 0.917969 0.914063 0.933594 0.925781 0.894531 0.875 0.898438 0.890625 0.875 0.921875 0.921875 0.886719 0.925781 0.902344 0.902344 0.90625 0.921875 0.910156 0.890625 0.941406 0.902344 0.925781 0.921875 0.902344 0.878906 0.933594 0.914063 0.894531 0.921875 0.902344 0.886719 0.910156 0.90625 0.890625 0.910156 0.929688 0.921875 0.917969 0.921875 0.929688 0.894531 0.914063 0.941406 0.902344 0.910156 0.90625 0.894531 0.941406 0.867188 0.929688 0.917969 0.9375 0.910156 0.910156 0.917969 0.914063 0.878906 0.921875 0.925781 0.910156 0.945313 0.917969 0.921875 0.925781 0.917969 0.914063 0.933594 0.925781 0.894531 0.878906 0.898438 0.890625 0.875 0.921875 0.921875 0.886719 0.925781 0.902344 0.902344 0.90625 0.921875 0.910156 0.890625 0.941406 0.902344 0.925781 0.921875 0.902344 0.878906 0.933594 0.914063 0.894531 0.921875 0.902344 0.886719 0.910156 0.90625 0.890625 0.910156 0.929688 0.921875 0.917969 0.921875 0.929688 0.894531 0.914063 0.941406 0.902344 0.910156 0.90625 0.894531 0.941406 0.867188 0.929688 0.917969 0.9375 0.910156 0.910156 0.917969 0.914063 0.878906 0.921875 0.925781 0.910156 0.945313 0.917969 0.921875 0.925781 0.917969 0.914063 0.933594 0.925781 0.894531 0.878906 0.898438 0.890625 0.875 0.921875 0.921875 0.886719 0.925781 0.902344 0.902344 0.90625 0.921875 0.910156 0.890625 0.941406 0.902344 0.925781 0.921875 0.902344 0.878906 0.933594 0.914063 0.898438 0.921875 0.902344 0.886719 0.910156 0.90625 0.890625 0.910156 0.929688 0.921875 0.917969 0.921875 0.929688 0.894531 0.914063 0.941406 0.902344 0.910156 0.90625 0.894531 0.941406 0.867188 0.929688 0.917969 0.9375 0.910156 0.910156 0.917969 0.914063 0.878906 0.921875 0.925781 0.910156 0.945313 0.917969 0.921875 0.925781 0.917969 0.914063 0.933594 0.925781 0.894531 0.878906 0.898438 0.890625 0.875 0.921875 0.921875 0.886719 0.925781 0.902344 0.902344 0.90625 0.921875 0.910156 0.890625 0.941406 0.902344 0.925781 0.921875 0.902344 0.878906 0.933594 0.914063 0.898438 0.921875 0.902344 0.886719 0.910156 0.90625 0.890625 0.910156 0.929688 0.921875 0.917969 0.921875 0.929688 0.894531 0.914063 0.941406 0.902344 0.910156 0.90625 0.894531 0.941406 0.867188 0.929688 0.917969 0.9375 0.910156 0.910156 0.917969 0.914063 0.878906 0.921875 0.925781 0.910156 0.945313 0.917969 0.921875 0.925781 0.917969 0.914063 0.933594 0.925781 0.894531 0.878906 0.898438 0.890625 0.875 0.921875 0.921875 0.886719 0.925781 0.902344 0.902344 0.90625 0.921875 0.910156 0.890625 0.941406 0.902344 0.925781 0.921875 0.902344 0.878906 0.933594 0.914063 0.898438 0.921875 0.902344 0.886719 0.910156 0.90625 0.890625 0.910156 0.929688 0.921875 0.917969 0.921875 0.929688 0.894531 0.914063 0.941406 0.902344 0.910156 0.90625 0.894531 0.941406 0.867188 0.929688 0.917969 0.9375 0.910156 0.910156 0.917969 0.914063 0.878906 0.921875 0.925781 0.910156 0.945313 0.917969 0.921875 0.925781 0.917969 0.914063 0.933594 0.925781 0.894531 0.878906 0.898438 0.890625 0.875 0.921875 0.921875 0.886719 0.925781 0.902344 0.902344 0.90625 0.921875 0.910156 0.890625 0.941406 0.902344 0.925781 0.921875 0.902344 0.878906 0.933594 0.914063 0.898438 0.921875 0.902344 0.886719 0.910156 0.90625 0.890625 0.910156 0.929688 0.921875 0.917969 0.921875 0.929688 0.894531 0.914063 0.941406 0.902344 0.910156 0.90625 0.894531 0.941406 0.867188 0.929688 0.917969 0.9375 0.910156 0.910156 0.917969 0.914063 0.878906 0.921875 0.925781 0.910156 0.945313 0.917969 0.921875 0.925781 0.917969 0.914063 0.933594 0.925781 0.894531 0.878906 0.898438 0.890625 0.875 0.921875 0.921875 0.886719 0.925781 0.902344 0.902344 0.90625 0.921875 0.910156 0.890625 0.941406 0.902344 0.925781 0.921875 0.902344 0.878906 0.933594 0.914063 0.898438 0.921875 0.902344 0.886719 0.910156 0.90625 0.890625 0.910156 0.929688 0.921875 0.917969 0.921875 0.929688 0.894531 0.914063 0.941406 0.902344 0.910156 0.90625 0.894531 0.941406 0.867188 0.929688 0.917969 0.9375 0.910156 0.910156 0.917969 0.914063 0.878906 0.921875 0.925781 0.910156 0.945313 0.917969 0.921875 0.925781 0.917969 0.914063 0.933594 0.925781 0.894531 0.878906 0.898438 0.890625 0.875 0.921875 0.921875 0.886719 0.925781 0.902344 0.902344 0.90625 0.921875 0.910156 0.894531 0.941406 0.902344 0.925781 0.921875 0.902344 0.878906 0.933594 0.914063 0.898438 0.921875 0.902344 0.886719 0.910156 0.90625 0.890625 0.910156 0.929688 0.921875 0.917969 0.921875 0.929688 0.894531 0.914063 0.941406 0.902344 0.910156 0.90625 0.894531 0.941406 0.867188 0.929688 0.917969 0.9375 0.910156 0.910156 0.921875 0.917969 0.878906 0.921875 0.925781 0.910156 
INFO: Saved inference results to file: tb_data/csim_results.log
INFO: [SIM 1] CSim done with 0 errors.
INFO: [SIM 3] *************** CSIM finish ***************
