

================================================================
== Vivado HLS Report for 'myproject'
================================================================
* Date:           Sun Apr 23 20:57:13 2023

* Version:        2019.2 (Build 2704478 on Wed Nov 06 22:10:23 MST 2019)
* Project:        myproject_prj
* Solution:       solution1
* Product family: virtexuplus
* Target device:  xcu50-fsvh2104-2L-e


================================================================
== Performance Estimates
================================================================
+ Timing: 
    * Summary: 
    +--------+---------+----------+------------+
    |  Clock |  Target | Estimated| Uncertainty|
    +--------+---------+----------+------------+
    |ap_clk  | 5.00 ns | 4.299 ns |   0.62 ns  |
    +--------+---------+----------+------------+

+ Latency: 
    * Summary: 
    +---------+---------+-----------+-----------+------+------+----------+
    |  Latency (cycles) |   Latency (absolute)  |   Interval  | Pipeline |
    |   min   |   max   |    min    |    max    |  min |  max |   Type   |
    +---------+---------+-----------+-----------+------+------+----------+
    |     5919|     5992| 29.595 us | 29.960 us |  5920|  5993| dataflow |
    +---------+---------+-----------+-----------+------+------+----------+

    + Detail: 
        * Instance: 
        +----------------------------------------------------------+---------------------------------------------------------+---------+---------+-----------+-----------+------+------+---------+
        |                                                          |                                                         |  Latency (cycles) |   Latency (absolute)  |   Interval  | Pipeline|
        |                         Instance                         |                          Module                         |   min   |   max   |    min    |    max    |  min |  max |   Type  |
        +----------------------------------------------------------+---------------------------------------------------------+---------+---------+-----------+-----------+------+------+---------+
        |bidirectional_array_ap_fixed_ap_fixed_config2_U0          |bidirectional_array_ap_fixed_ap_fixed_config2_s          |     5919|     5992| 29.595 us | 29.960 us |  5919|  5992|   none  |
        |gru_stack_array_ap_fixed_ap_fixed_16_8_5_3_0_config6_U0   |gru_stack_array_ap_fixed_ap_fixed_16_8_5_3_0_config6_s   |     5330|     5403| 26.650 us | 27.015 us |  5330|  5403|   none  |
        |dense_array_ap_fixed_ap_fixed_16_8_5_3_0_config4_U0       |dense_array_ap_fixed_ap_fixed_16_8_5_3_0_config4_s       |      130|      131|  0.650 us |  0.655 us |   130|   131|   none  |
        |pointwise_conv_1d_cl_array_ap_fixed_ap_fixed_config13_U0  |pointwise_conv_1d_cl_array_ap_fixed_ap_fixed_config13_s  |      511|      511|  2.555 us |  2.555 us |   511|   511|   none  |
        |concatenate2d_1_array_U0                                  |concatenate2d_1_array                                    |       76|       76|  0.380 us |  0.380 us |    76|    76|   none  |
        |pointwise_conv_1d_cl_array_ap_fixed_ap_fixed_config12_U0  |pointwise_conv_1d_cl_array_ap_fixed_ap_fixed_config12_s  |     4891|     4891| 24.455 us | 24.455 us |  4891|  4891|   none  |
        |clone_stream_array_ap_fixed_ap_fixed_16_8_5_3_0_292_U0    |clone_stream_array_ap_fixed_ap_fixed_16_8_5_3_0_292_s    |       75|       75|  0.375 us |  0.375 us |    75|    75|   none  |
        +----------------------------------------------------------+---------------------------------------------------------+---------+---------+-----------+-----------+------+------+---------+

        * Loop: 
        N/A



================================================================
== Utilization Estimates
================================================================
* Summary: 
+---------------------+---------+-------+---------+--------+-----+
|         Name        | BRAM_18K| DSP48E|    FF   |   LUT  | URAM|
+---------------------+---------+-------+---------+--------+-----+
|DSP                  |        -|      -|        -|       -|    -|
|Expression           |        -|      -|        0|      20|    -|
|FIFO                 |      146|      -|     6070|   11508|    -|
|Instance             |     1101|   1936|   117640|  201982|    0|
|Memory               |        -|      -|        -|       -|    -|
|Multiplexer          |        -|      -|        -|      36|    -|
|Register             |        -|      -|        6|       -|    -|
+---------------------+---------+-------+---------+--------+-----+
|Total                |     1247|   1936|   123716|  213546|    0|
+---------------------+---------+-------+---------+--------+-----+
|Available SLR        |     1344|   2976|   871680|  435840|  320|
+---------------------+---------+-------+---------+--------+-----+
|Utilization SLR (%)  |       92|     65|       14|      48|    0|
+---------------------+---------+-------+---------+--------+-----+
|Available            |     2688|   5952|  1743360|  871680|  640|
+---------------------+---------+-------+---------+--------+-----+
|Utilization (%)      |       46|     32|        7|      24|    0|
+---------------------+---------+-------+---------+--------+-----+

+ Detail: 
    * Instance: 
    +----------------------------------------------------------+---------------------------------------------------------+---------+-------+-------+--------+-----+
    |                         Instance                         |                          Module                         | BRAM_18K| DSP48E|   FF  |   LUT  | URAM|
    +----------------------------------------------------------+---------------------------------------------------------+---------+-------+-------+--------+-----+
    |bidirectional_array_ap_fixed_ap_fixed_config2_U0          |bidirectional_array_ap_fixed_ap_fixed_config2_s          |      804|   1222|  74524|  132029|    0|
    |clone_stream_array_ap_fixed_ap_fixed_16_8_5_3_0_292_U0    |clone_stream_array_ap_fixed_ap_fixed_16_8_5_3_0_292_s    |        0|      0|     15|     199|    0|
    |concatenate2d_1_array_U0                                  |concatenate2d_1_array                                    |        0|      0|     16|    1425|    0|
    |dense_array_ap_fixed_ap_fixed_16_8_5_3_0_config4_U0       |dense_array_ap_fixed_ap_fixed_16_8_5_3_0_config4_s       |       29|     64|   9256|    9034|    0|
    |gru_stack_array_ap_fixed_ap_fixed_16_8_5_3_0_config6_U0   |gru_stack_array_ap_fixed_ap_fixed_16_8_5_3_0_config6_s   |      268|    576|  30310|   55840|    0|
    |pointwise_conv_1d_cl_array_ap_fixed_ap_fixed_config12_U0  |pointwise_conv_1d_cl_array_ap_fixed_ap_fixed_config12_s  |        0|      4|   1188|     884|    0|
    |pointwise_conv_1d_cl_array_ap_fixed_ap_fixed_config13_U0  |pointwise_conv_1d_cl_array_ap_fixed_ap_fixed_config13_s  |        0|     70|   2331|    2571|    0|
    +----------------------------------------------------------+---------------------------------------------------------+---------+-------+-------+--------+-----+
    |Total                                                     |                                                         |     1101|   1936| 117640|  201982|    0|
    +----------------------------------------------------------+---------------------------------------------------------+---------+-------+-------+--------+-----+

    * DSP48E: 
    N/A

    * Memory: 
    N/A

    * FIFO: 
    +----------------------+---------+----+----+-----+------+-----+---------+
    |         Name         | BRAM_18K| FF | LUT| URAM| Depth| Bits| Size:D*B|
    +----------------------+---------+----+----+-----+------+-----+---------+
    |layer12_out_0_V_V_U   |        1|  35|   0|    -|    73|   16|     1168|
    |layer12_out_1_V_V_U   |        1|  35|   0|    -|    73|   16|     1168|
    |layer12_out_2_V_V_U   |        1|  35|   0|    -|    73|   16|     1168|
    |layer12_out_3_V_V_U   |        1|  35|   0|    -|    73|   16|     1168|
    |layer13_out_0_U       |        1|  35|   0|    -|    73|   16|     1168|
    |layer13_out_10_U      |        1|  35|   0|    -|    73|   16|     1168|
    |layer13_out_11_U      |        1|  35|   0|    -|    73|   16|     1168|
    |layer13_out_12_U      |        1|  35|   0|    -|    73|   16|     1168|
    |layer13_out_13_U      |        1|  35|   0|    -|    73|   16|     1168|
    |layer13_out_14_U      |        1|  35|   0|    -|    73|   16|     1168|
    |layer13_out_15_U      |        1|  35|   0|    -|    73|   16|     1168|
    |layer13_out_16_U      |        1|  35|   0|    -|    73|   16|     1168|
    |layer13_out_17_U      |        1|  35|   0|    -|    73|   16|     1168|
    |layer13_out_18_U      |        1|  35|   0|    -|    73|   16|     1168|
    |layer13_out_19_U      |        1|  35|   0|    -|    73|   16|     1168|
    |layer13_out_1_U       |        1|  35|   0|    -|    73|   16|     1168|
    |layer13_out_20_U      |        1|  35|   0|    -|    73|   16|     1168|
    |layer13_out_21_U      |        1|  35|   0|    -|    73|   16|     1168|
    |layer13_out_22_U      |        1|  35|   0|    -|    73|   16|     1168|
    |layer13_out_23_U      |        1|  35|   0|    -|    73|   16|     1168|
    |layer13_out_24_U      |        1|  35|   0|    -|    73|   16|     1168|
    |layer13_out_25_U      |        1|  35|   0|    -|    73|   16|     1168|
    |layer13_out_26_U      |        1|  35|   0|    -|    73|   16|     1168|
    |layer13_out_27_U      |        1|  35|   0|    -|    73|   16|     1168|
    |layer13_out_28_U      |        1|  35|   0|    -|    73|   16|     1168|
    |layer13_out_29_U      |        1|  35|   0|    -|    73|   16|     1168|
    |layer13_out_2_U       |        1|  35|   0|    -|    73|   16|     1168|
    |layer13_out_30_U      |        1|  35|   0|    -|    73|   16|     1168|
    |layer13_out_31_U      |        1|  35|   0|    -|    73|   16|     1168|
    |layer13_out_32_U      |        1|  35|   0|    -|    73|   16|     1168|
    |layer13_out_33_U      |        1|  35|   0|    -|    73|   16|     1168|
    |layer13_out_34_U      |        1|  35|   0|    -|    73|   16|     1168|
    |layer13_out_35_U      |        1|  35|   0|    -|    73|   16|     1168|
    |layer13_out_36_U      |        1|  35|   0|    -|    73|   16|     1168|
    |layer13_out_37_U      |        1|  35|   0|    -|    73|   16|     1168|
    |layer13_out_38_U      |        1|  35|   0|    -|    73|   16|     1168|
    |layer13_out_39_U      |        1|  35|   0|    -|    73|   16|     1168|
    |layer13_out_3_U       |        1|  35|   0|    -|    73|   16|     1168|
    |layer13_out_40_U      |        1|  35|   0|    -|    73|   16|     1168|
    |layer13_out_41_U      |        1|  35|   0|    -|    73|   16|     1168|
    |layer13_out_42_U      |        1|  35|   0|    -|    73|   16|     1168|
    |layer13_out_43_U      |        1|  35|   0|    -|    73|   16|     1168|
    |layer13_out_44_U      |        1|  35|   0|    -|    73|   16|     1168|
    |layer13_out_45_U      |        1|  35|   0|    -|    73|   16|     1168|
    |layer13_out_46_U      |        1|  35|   0|    -|    73|   16|     1168|
    |layer13_out_47_U      |        1|  35|   0|    -|    73|   16|     1168|
    |layer13_out_48_U      |        1|  35|   0|    -|    73|   16|     1168|
    |layer13_out_49_U      |        1|  35|   0|    -|    73|   16|     1168|
    |layer13_out_4_U       |        1|  35|   0|    -|    73|   16|     1168|
    |layer13_out_50_U      |        1|  35|   0|    -|    73|   16|     1168|
    |layer13_out_51_U      |        1|  35|   0|    -|    73|   16|     1168|
    |layer13_out_52_U      |        1|  35|   0|    -|    73|   16|     1168|
    |layer13_out_53_U      |        1|  35|   0|    -|    73|   16|     1168|
    |layer13_out_54_U      |        1|  35|   0|    -|    73|   16|     1168|
    |layer13_out_55_U      |        1|  35|   0|    -|    73|   16|     1168|
    |layer13_out_56_U      |        1|  35|   0|    -|    73|   16|     1168|
    |layer13_out_57_U      |        1|  35|   0|    -|    73|   16|     1168|
    |layer13_out_58_U      |        1|  35|   0|    -|    73|   16|     1168|
    |layer13_out_59_U      |        1|  35|   0|    -|    73|   16|     1168|
    |layer13_out_5_U       |        1|  35|   0|    -|    73|   16|     1168|
    |layer13_out_60_U      |        1|  35|   0|    -|    73|   16|     1168|
    |layer13_out_61_U      |        1|  35|   0|    -|    73|   16|     1168|
    |layer13_out_62_U      |        1|  35|   0|    -|    73|   16|     1168|
    |layer13_out_63_U      |        1|  35|   0|    -|    73|   16|     1168|
    |layer13_out_64_U      |        1|  35|   0|    -|    73|   16|     1168|
    |layer13_out_65_U      |        1|  35|   0|    -|    73|   16|     1168|
    |layer13_out_66_U      |        1|  35|   0|    -|    73|   16|     1168|
    |layer13_out_67_U      |        1|  35|   0|    -|    73|   16|     1168|
    |layer13_out_68_U      |        1|  35|   0|    -|    73|   16|     1168|
    |layer13_out_69_U      |        1|  35|   0|    -|    73|   16|     1168|
    |layer13_out_6_U       |        1|  35|   0|    -|    73|   16|     1168|
    |layer13_out_7_U       |        1|  35|   0|    -|    73|   16|     1168|
    |layer13_out_8_U       |        1|  35|   0|    -|    73|   16|     1168|
    |layer13_out_9_U       |        1|  35|   0|    -|    73|   16|     1168|
    |layer14_cpy1_0_V_V_U  |        1|  35|   0|    -|    73|   16|     1168|
    |layer14_cpy1_1_V_V_U  |        1|  35|   0|    -|    73|   16|     1168|
    |layer14_cpy1_2_V_V_U  |        1|  35|   0|    -|    73|   16|     1168|
    |layer14_cpy1_3_V_V_U  |        1|  35|   0|    -|    73|   16|     1168|
    |layer14_cpy2_0_V_V_U  |        1|  35|   0|    -|    73|   16|     1168|
    |layer14_cpy2_1_V_V_U  |        1|  35|   0|    -|    73|   16|     1168|
    |layer14_cpy2_2_V_V_U  |        1|  35|   0|    -|    73|   16|     1168|
    |layer14_cpy2_3_V_V_U  |        1|  35|   0|    -|    73|   16|     1168|
    |layer2_out_0_U        |        0|   5|   0|    -|     1|   16|       16|
    |layer2_out_100_U      |        0|   5|   0|    -|     1|   16|       16|
    |layer2_out_101_U      |        0|   5|   0|    -|     1|   16|       16|
    |layer2_out_102_U      |        0|   5|   0|    -|     1|   16|       16|
    |layer2_out_103_U      |        0|   5|   0|    -|     1|   16|       16|
    |layer2_out_104_U      |        0|   5|   0|    -|     1|   16|       16|
    |layer2_out_105_U      |        0|   5|   0|    -|     1|   16|       16|
    |layer2_out_106_U      |        0|   5|   0|    -|     1|   16|       16|
    |layer2_out_107_U      |        0|   5|   0|    -|     1|   16|       16|
    |layer2_out_108_U      |        0|   5|   0|    -|     1|   16|       16|
    |layer2_out_109_U      |        0|   5|   0|    -|     1|   16|       16|
    |layer2_out_10_U       |        0|   5|   0|    -|     1|   16|       16|
    |layer2_out_110_U      |        0|   5|   0|    -|     1|   16|       16|
    |layer2_out_111_U      |        0|   5|   0|    -|     1|   16|       16|
    |layer2_out_112_U      |        0|   5|   0|    -|     1|   16|       16|
    |layer2_out_113_U      |        0|   5|   0|    -|     1|   16|       16|
    |layer2_out_114_U      |        0|   5|   0|    -|     1|   16|       16|
    |layer2_out_115_U      |        0|   5|   0|    -|     1|   16|       16|
    |layer2_out_116_U      |        0|   5|   0|    -|     1|   16|       16|
    |layer2_out_117_U      |        0|   5|   0|    -|     1|   16|       16|
    |layer2_out_118_U      |        0|   5|   0|    -|     1|   16|       16|
    |layer2_out_119_U      |        0|   5|   0|    -|     1|   16|       16|
    |layer2_out_11_U       |        0|   5|   0|    -|     1|   16|       16|
    |layer2_out_120_U      |        0|   5|   0|    -|     1|   16|       16|
    |layer2_out_121_U      |        0|   5|   0|    -|     1|   16|       16|
    |layer2_out_122_U      |        0|   5|   0|    -|     1|   16|       16|
    |layer2_out_123_U      |        0|   5|   0|    -|     1|   16|       16|
    |layer2_out_124_U      |        0|   5|   0|    -|     1|   16|       16|
    |layer2_out_125_U      |        0|   5|   0|    -|     1|   16|       16|
    |layer2_out_126_U      |        0|   5|   0|    -|     1|   16|       16|
    |layer2_out_127_U      |        0|   5|   0|    -|     1|   16|       16|
    |layer2_out_12_U       |        0|   5|   0|    -|     1|   16|       16|
    |layer2_out_13_U       |        0|   5|   0|    -|     1|   16|       16|
    |layer2_out_14_U       |        0|   5|   0|    -|     1|   16|       16|
    |layer2_out_15_U       |        0|   5|   0|    -|     1|   16|       16|
    |layer2_out_16_U       |        0|   5|   0|    -|     1|   16|       16|
    |layer2_out_17_U       |        0|   5|   0|    -|     1|   16|       16|
    |layer2_out_18_U       |        0|   5|   0|    -|     1|   16|       16|
    |layer2_out_19_U       |        0|   5|   0|    -|     1|   16|       16|
    |layer2_out_1_U        |        0|   5|   0|    -|     1|   16|       16|
    |layer2_out_20_U       |        0|   5|   0|    -|     1|   16|       16|
    |layer2_out_21_U       |        0|   5|   0|    -|     1|   16|       16|
    |layer2_out_22_U       |        0|   5|   0|    -|     1|   16|       16|
    |layer2_out_23_U       |        0|   5|   0|    -|     1|   16|       16|
    |layer2_out_24_U       |        0|   5|   0|    -|     1|   16|       16|
    |layer2_out_25_U       |        0|   5|   0|    -|     1|   16|       16|
    |layer2_out_26_U       |        0|   5|   0|    -|     1|   16|       16|
    |layer2_out_27_U       |        0|   5|   0|    -|     1|   16|       16|
    |layer2_out_28_U       |        0|   5|   0|    -|     1|   16|       16|
    |layer2_out_29_U       |        0|   5|   0|    -|     1|   16|       16|
    |layer2_out_2_U        |        0|   5|   0|    -|     1|   16|       16|
    |layer2_out_30_U       |        0|   5|   0|    -|     1|   16|       16|
    |layer2_out_31_U       |        0|   5|   0|    -|     1|   16|       16|
    |layer2_out_32_U       |        0|   5|   0|    -|     1|   16|       16|
    |layer2_out_33_U       |        0|   5|   0|    -|     1|   16|       16|
    |layer2_out_34_U       |        0|   5|   0|    -|     1|   16|       16|
    |layer2_out_35_U       |        0|   5|   0|    -|     1|   16|       16|
    |layer2_out_36_U       |        0|   5|   0|    -|     1|   16|       16|
    |layer2_out_37_U       |        0|   5|   0|    -|     1|   16|       16|
    |layer2_out_38_U       |        0|   5|   0|    -|     1|   16|       16|
    |layer2_out_39_U       |        0|   5|   0|    -|     1|   16|       16|
    |layer2_out_3_U        |        0|   5|   0|    -|     1|   16|       16|
    |layer2_out_40_U       |        0|   5|   0|    -|     1|   16|       16|
    |layer2_out_41_U       |        0|   5|   0|    -|     1|   16|       16|
    |layer2_out_42_U       |        0|   5|   0|    -|     1|   16|       16|
    |layer2_out_43_U       |        0|   5|   0|    -|     1|   16|       16|
    |layer2_out_44_U       |        0|   5|   0|    -|     1|   16|       16|
    |layer2_out_45_U       |        0|   5|   0|    -|     1|   16|       16|
    |layer2_out_46_U       |        0|   5|   0|    -|     1|   16|       16|
    |layer2_out_47_U       |        0|   5|   0|    -|     1|   16|       16|
    |layer2_out_48_U       |        0|   5|   0|    -|     1|   16|       16|
    |layer2_out_49_U       |        0|   5|   0|    -|     1|   16|       16|
    |layer2_out_4_U        |        0|   5|   0|    -|     1|   16|       16|
    |layer2_out_50_U       |        0|   5|   0|    -|     1|   16|       16|
    |layer2_out_51_U       |        0|   5|   0|    -|     1|   16|       16|
    |layer2_out_52_U       |        0|   5|   0|    -|     1|   16|       16|
    |layer2_out_53_U       |        0|   5|   0|    -|     1|   16|       16|
    |layer2_out_54_U       |        0|   5|   0|    -|     1|   16|       16|
    |layer2_out_55_U       |        0|   5|   0|    -|     1|   16|       16|
    |layer2_out_56_U       |        0|   5|   0|    -|     1|   16|       16|
    |layer2_out_57_U       |        0|   5|   0|    -|     1|   16|       16|
    |layer2_out_58_U       |        0|   5|   0|    -|     1|   16|       16|
    |layer2_out_59_U       |        0|   5|   0|    -|     1|   16|       16|
    |layer2_out_5_U        |        0|   5|   0|    -|     1|   16|       16|
    |layer2_out_60_U       |        0|   5|   0|    -|     1|   16|       16|
    |layer2_out_61_U       |        0|   5|   0|    -|     1|   16|       16|
    |layer2_out_62_U       |        0|   5|   0|    -|     1|   16|       16|
    |layer2_out_63_U       |        0|   5|   0|    -|     1|   16|       16|
    |layer2_out_64_U       |        0|   5|   0|    -|     1|   16|       16|
    |layer2_out_65_U       |        0|   5|   0|    -|     1|   16|       16|
    |layer2_out_66_U       |        0|   5|   0|    -|     1|   16|       16|
    |layer2_out_67_U       |        0|   5|   0|    -|     1|   16|       16|
    |layer2_out_68_U       |        0|   5|   0|    -|     1|   16|       16|
    |layer2_out_69_U       |        0|   5|   0|    -|     1|   16|       16|
    |layer2_out_6_U        |        0|   5|   0|    -|     1|   16|       16|
    |layer2_out_70_U       |        0|   5|   0|    -|     1|   16|       16|
    |layer2_out_71_U       |        0|   5|   0|    -|     1|   16|       16|
    |layer2_out_72_U       |        0|   5|   0|    -|     1|   16|       16|
    |layer2_out_73_U       |        0|   5|   0|    -|     1|   16|       16|
    |layer2_out_74_U       |        0|   5|   0|    -|     1|   16|       16|
    |layer2_out_75_U       |        0|   5|   0|    -|     1|   16|       16|
    |layer2_out_76_U       |        0|   5|   0|    -|     1|   16|       16|
    |layer2_out_77_U       |        0|   5|   0|    -|     1|   16|       16|
    |layer2_out_78_U       |        0|   5|   0|    -|     1|   16|       16|
    |layer2_out_79_U       |        0|   5|   0|    -|     1|   16|       16|
    |layer2_out_7_U        |        0|   5|   0|    -|     1|   16|       16|
    |layer2_out_80_U       |        0|   5|   0|    -|     1|   16|       16|
    |layer2_out_81_U       |        0|   5|   0|    -|     1|   16|       16|
    |layer2_out_82_U       |        0|   5|   0|    -|     1|   16|       16|
    |layer2_out_83_U       |        0|   5|   0|    -|     1|   16|       16|
    |layer2_out_84_U       |        0|   5|   0|    -|     1|   16|       16|
    |layer2_out_85_U       |        0|   5|   0|    -|     1|   16|       16|
    |layer2_out_86_U       |        0|   5|   0|    -|     1|   16|       16|
    |layer2_out_87_U       |        0|   5|   0|    -|     1|   16|       16|
    |layer2_out_88_U       |        0|   5|   0|    -|     1|   16|       16|
    |layer2_out_89_U       |        0|   5|   0|    -|     1|   16|       16|
    |layer2_out_8_U        |        0|   5|   0|    -|     1|   16|       16|
    |layer2_out_90_U       |        0|   5|   0|    -|     1|   16|       16|
    |layer2_out_91_U       |        0|   5|   0|    -|     1|   16|       16|
    |layer2_out_92_U       |        0|   5|   0|    -|     1|   16|       16|
    |layer2_out_93_U       |        0|   5|   0|    -|     1|   16|       16|
    |layer2_out_94_U       |        0|   5|   0|    -|     1|   16|       16|
    |layer2_out_95_U       |        0|   5|   0|    -|     1|   16|       16|
    |layer2_out_96_U       |        0|   5|   0|    -|     1|   16|       16|
    |layer2_out_97_U       |        0|   5|   0|    -|     1|   16|       16|
    |layer2_out_98_U       |        0|   5|   0|    -|     1|   16|       16|
    |layer2_out_99_U       |        0|   5|   0|    -|     1|   16|       16|
    |layer2_out_9_U        |        0|   5|   0|    -|     1|   16|       16|
    |layer4_out_0_U        |        0|   5|   0|    -|     1|   16|       16|
    |layer4_out_10_U       |        0|   5|   0|    -|     1|   16|       16|
    |layer4_out_11_U       |        0|   5|   0|    -|     1|   16|       16|
    |layer4_out_12_U       |        0|   5|   0|    -|     1|   16|       16|
    |layer4_out_13_U       |        0|   5|   0|    -|     1|   16|       16|
    |layer4_out_14_U       |        0|   5|   0|    -|     1|   16|       16|
    |layer4_out_15_U       |        0|   5|   0|    -|     1|   16|       16|
    |layer4_out_16_U       |        0|   5|   0|    -|     1|   16|       16|
    |layer4_out_17_U       |        0|   5|   0|    -|     1|   16|       16|
    |layer4_out_18_U       |        0|   5|   0|    -|     1|   16|       16|
    |layer4_out_19_U       |        0|   5|   0|    -|     1|   16|       16|
    |layer4_out_1_U        |        0|   5|   0|    -|     1|   16|       16|
    |layer4_out_20_U       |        0|   5|   0|    -|     1|   16|       16|
    |layer4_out_21_U       |        0|   5|   0|    -|     1|   16|       16|
    |layer4_out_22_U       |        0|   5|   0|    -|     1|   16|       16|
    |layer4_out_23_U       |        0|   5|   0|    -|     1|   16|       16|
    |layer4_out_24_U       |        0|   5|   0|    -|     1|   16|       16|
    |layer4_out_25_U       |        0|   5|   0|    -|     1|   16|       16|
    |layer4_out_26_U       |        0|   5|   0|    -|     1|   16|       16|
    |layer4_out_27_U       |        0|   5|   0|    -|     1|   16|       16|
    |layer4_out_28_U       |        0|   5|   0|    -|     1|   16|       16|
    |layer4_out_29_U       |        0|   5|   0|    -|     1|   16|       16|
    |layer4_out_2_U        |        0|   5|   0|    -|     1|   16|       16|
    |layer4_out_30_U       |        0|   5|   0|    -|     1|   16|       16|
    |layer4_out_31_U       |        0|   5|   0|    -|     1|   16|       16|
    |layer4_out_32_U       |        0|   5|   0|    -|     1|   16|       16|
    |layer4_out_33_U       |        0|   5|   0|    -|     1|   16|       16|
    |layer4_out_34_U       |        0|   5|   0|    -|     1|   16|       16|
    |layer4_out_35_U       |        0|   5|   0|    -|     1|   16|       16|
    |layer4_out_36_U       |        0|   5|   0|    -|     1|   16|       16|
    |layer4_out_37_U       |        0|   5|   0|    -|     1|   16|       16|
    |layer4_out_38_U       |        0|   5|   0|    -|     1|   16|       16|
    |layer4_out_39_U       |        0|   5|   0|    -|     1|   16|       16|
    |layer4_out_3_U        |        0|   5|   0|    -|     1|   16|       16|
    |layer4_out_40_U       |        0|   5|   0|    -|     1|   16|       16|
    |layer4_out_41_U       |        0|   5|   0|    -|     1|   16|       16|
    |layer4_out_42_U       |        0|   5|   0|    -|     1|   16|       16|
    |layer4_out_43_U       |        0|   5|   0|    -|     1|   16|       16|
    |layer4_out_44_U       |        0|   5|   0|    -|     1|   16|       16|
    |layer4_out_45_U       |        0|   5|   0|    -|     1|   16|       16|
    |layer4_out_46_U       |        0|   5|   0|    -|     1|   16|       16|
    |layer4_out_47_U       |        0|   5|   0|    -|     1|   16|       16|
    |layer4_out_48_U       |        0|   5|   0|    -|     1|   16|       16|
    |layer4_out_49_U       |        0|   5|   0|    -|     1|   16|       16|
    |layer4_out_4_U        |        0|   5|   0|    -|     1|   16|       16|
    |layer4_out_50_U       |        0|   5|   0|    -|     1|   16|       16|
    |layer4_out_51_U       |        0|   5|   0|    -|     1|   16|       16|
    |layer4_out_52_U       |        0|   5|   0|    -|     1|   16|       16|
    |layer4_out_53_U       |        0|   5|   0|    -|     1|   16|       16|
    |layer4_out_54_U       |        0|   5|   0|    -|     1|   16|       16|
    |layer4_out_55_U       |        0|   5|   0|    -|     1|   16|       16|
    |layer4_out_56_U       |        0|   5|   0|    -|     1|   16|       16|
    |layer4_out_57_U       |        0|   5|   0|    -|     1|   16|       16|
    |layer4_out_58_U       |        0|   5|   0|    -|     1|   16|       16|
    |layer4_out_59_U       |        0|   5|   0|    -|     1|   16|       16|
    |layer4_out_5_U        |        0|   5|   0|    -|     1|   16|       16|
    |layer4_out_60_U       |        0|   5|   0|    -|     1|   16|       16|
    |layer4_out_61_U       |        0|   5|   0|    -|     1|   16|       16|
    |layer4_out_62_U       |        0|   5|   0|    -|     1|   16|       16|
    |layer4_out_63_U       |        0|   5|   0|    -|     1|   16|       16|
    |layer4_out_6_U        |        0|   5|   0|    -|     1|   16|       16|
    |layer4_out_7_U        |        0|   5|   0|    -|     1|   16|       16|
    |layer4_out_8_U        |        0|   5|   0|    -|     1|   16|       16|
    |layer4_out_9_U        |        0|   5|   0|    -|     1|   16|       16|
    |layer6_out_0_U        |        1|  35|   0|    -|    73|   16|     1168|
    |layer6_out_10_U       |        1|  35|   0|    -|    73|   16|     1168|
    |layer6_out_11_U       |        1|  35|   0|    -|    73|   16|     1168|
    |layer6_out_12_U       |        1|  35|   0|    -|    73|   16|     1168|
    |layer6_out_13_U       |        1|  35|   0|    -|    73|   16|     1168|
    |layer6_out_14_U       |        1|  35|   0|    -|    73|   16|     1168|
    |layer6_out_15_U       |        1|  35|   0|    -|    73|   16|     1168|
    |layer6_out_16_U       |        1|  35|   0|    -|    73|   16|     1168|
    |layer6_out_17_U       |        1|  35|   0|    -|    73|   16|     1168|
    |layer6_out_18_U       |        1|  35|   0|    -|    73|   16|     1168|
    |layer6_out_19_U       |        1|  35|   0|    -|    73|   16|     1168|
    |layer6_out_1_U        |        1|  35|   0|    -|    73|   16|     1168|
    |layer6_out_20_U       |        1|  35|   0|    -|    73|   16|     1168|
    |layer6_out_21_U       |        1|  35|   0|    -|    73|   16|     1168|
    |layer6_out_22_U       |        1|  35|   0|    -|    73|   16|     1168|
    |layer6_out_23_U       |        1|  35|   0|    -|    73|   16|     1168|
    |layer6_out_24_U       |        1|  35|   0|    -|    73|   16|     1168|
    |layer6_out_25_U       |        1|  35|   0|    -|    73|   16|     1168|
    |layer6_out_26_U       |        1|  35|   0|    -|    73|   16|     1168|
    |layer6_out_27_U       |        1|  35|   0|    -|    73|   16|     1168|
    |layer6_out_28_U       |        1|  35|   0|    -|    73|   16|     1168|
    |layer6_out_29_U       |        1|  35|   0|    -|    73|   16|     1168|
    |layer6_out_2_U        |        1|  35|   0|    -|    73|   16|     1168|
    |layer6_out_30_U       |        1|  35|   0|    -|    73|   16|     1168|
    |layer6_out_31_U       |        1|  35|   0|    -|    73|   16|     1168|
    |layer6_out_32_U       |        1|  35|   0|    -|    73|   16|     1168|
    |layer6_out_33_U       |        1|  35|   0|    -|    73|   16|     1168|
    |layer6_out_34_U       |        1|  35|   0|    -|    73|   16|     1168|
    |layer6_out_35_U       |        1|  35|   0|    -|    73|   16|     1168|
    |layer6_out_36_U       |        1|  35|   0|    -|    73|   16|     1168|
    |layer6_out_37_U       |        1|  35|   0|    -|    73|   16|     1168|
    |layer6_out_38_U       |        1|  35|   0|    -|    73|   16|     1168|
    |layer6_out_39_U       |        1|  35|   0|    -|    73|   16|     1168|
    |layer6_out_3_U        |        1|  35|   0|    -|    73|   16|     1168|
    |layer6_out_40_U       |        1|  35|   0|    -|    73|   16|     1168|
    |layer6_out_41_U       |        1|  35|   0|    -|    73|   16|     1168|
    |layer6_out_42_U       |        1|  35|   0|    -|    73|   16|     1168|
    |layer6_out_43_U       |        1|  35|   0|    -|    73|   16|     1168|
    |layer6_out_44_U       |        1|  35|   0|    -|    73|   16|     1168|
    |layer6_out_45_U       |        1|  35|   0|    -|    73|   16|     1168|
    |layer6_out_46_U       |        1|  35|   0|    -|    73|   16|     1168|
    |layer6_out_47_U       |        1|  35|   0|    -|    73|   16|     1168|
    |layer6_out_48_U       |        1|  35|   0|    -|    73|   16|     1168|
    |layer6_out_49_U       |        1|  35|   0|    -|    73|   16|     1168|
    |layer6_out_4_U        |        1|  35|   0|    -|    73|   16|     1168|
    |layer6_out_50_U       |        1|  35|   0|    -|    73|   16|     1168|
    |layer6_out_51_U       |        1|  35|   0|    -|    73|   16|     1168|
    |layer6_out_52_U       |        1|  35|   0|    -|    73|   16|     1168|
    |layer6_out_53_U       |        1|  35|   0|    -|    73|   16|     1168|
    |layer6_out_54_U       |        1|  35|   0|    -|    73|   16|     1168|
    |layer6_out_55_U       |        1|  35|   0|    -|    73|   16|     1168|
    |layer6_out_56_U       |        1|  35|   0|    -|    73|   16|     1168|
    |layer6_out_57_U       |        1|  35|   0|    -|    73|   16|     1168|
    |layer6_out_58_U       |        1|  35|   0|    -|    73|   16|     1168|
    |layer6_out_59_U       |        1|  35|   0|    -|    73|   16|     1168|
    |layer6_out_5_U        |        1|  35|   0|    -|    73|   16|     1168|
    |layer6_out_60_U       |        1|  35|   0|    -|    73|   16|     1168|
    |layer6_out_61_U       |        1|  35|   0|    -|    73|   16|     1168|
    |layer6_out_62_U       |        1|  35|   0|    -|    73|   16|     1168|
    |layer6_out_63_U       |        1|  35|   0|    -|    73|   16|     1168|
    |layer6_out_6_U        |        1|  35|   0|    -|    73|   16|     1168|
    |layer6_out_7_U        |        1|  35|   0|    -|    73|   16|     1168|
    |layer6_out_8_U        |        1|  35|   0|    -|    73|   16|     1168|
    |layer6_out_9_U        |        1|  35|   0|    -|    73|   16|     1168|
    +----------------------+---------+----+----+-----+------+-----+---------+
    |Total                 |      146|6070|   0|    0| 10850| 5408|   173600|
    +----------------------+---------+----+----+-----+------+-----+---------+

    * Expression: 
    +--------------------------------------------------------------------------+----------+-------+---+----+------------+------------+
    |                               Variable Name                              | Operation| DSP48E| FF| LUT| Bitwidth P0| Bitwidth P1|
    +--------------------------------------------------------------------------+----------+-------+---+----+------------+------------+
    |bidirectional_array_ap_fixed_ap_fixed_config2_U0_ap_ready_count           |     +    |      0|  0|   3|           2|           1|
    |gru_stack_array_ap_fixed_ap_fixed_16_8_5_3_0_config6_U0_ap_ready_count    |     +    |      0|  0|   3|           2|           1|
    |ap_idle                                                                   |    and   |      0|  0|   2|           1|           1|
    |ap_sync_ready                                                             |    and   |      0|  0|   2|           1|           1|
    |bidirectional_array_ap_fixed_ap_fixed_config2_U0_ap_start                 |    and   |      0|  0|   2|           1|           1|
    |clone_stream_array_ap_fixed_ap_fixed_16_8_5_3_0_292_U0_start_full_n       |    and   |      0|  0|   2|           1|           1|
    |gru_stack_array_ap_fixed_ap_fixed_16_8_5_3_0_config6_U0_ap_start          |    and   |      0|  0|   2|           1|           1|
    |ap_sync_bidirectional_array_ap_fixed_ap_fixed_config2_U0_ap_ready         |    or    |      0|  0|   2|           1|           1|
    |ap_sync_gru_stack_array_ap_fixed_ap_fixed_16_8_5_3_0_config6_U0_ap_ready  |    or    |      0|  0|   2|           1|           1|
    +--------------------------------------------------------------------------+----------+-------+---+----+------------+------------+
    |Total                                                                     |          |      0|  0|  20|          11|           9|
    +--------------------------------------------------------------------------+----------+-------+---+----+------------+------------+

    * Multiplexer: 
    +------------------------------------------------------------------------------+----+-----------+-----+-----------+
    |                                     Name                                     | LUT| Input Size| Bits| Total Bits|
    +------------------------------------------------------------------------------+----+-----------+-----+-----------+
    |ap_sync_reg_bidirectional_array_ap_fixed_ap_fixed_config2_U0_ap_ready         |   9|          2|    1|          2|
    |ap_sync_reg_gru_stack_array_ap_fixed_ap_fixed_16_8_5_3_0_config6_U0_ap_ready  |   9|          2|    1|          2|
    |bidirectional_array_ap_fixed_ap_fixed_config2_U0_ap_ready_count               |   9|          2|    2|          4|
    |gru_stack_array_ap_fixed_ap_fixed_16_8_5_3_0_config6_U0_ap_ready_count        |   9|          2|    2|          4|
    +------------------------------------------------------------------------------+----+-----------+-----+-----------+
    |Total                                                                         |  36|          8|    6|         12|
    +------------------------------------------------------------------------------+----+-----------+-----+-----------+

    * Register: 
    +------------------------------------------------------------------------------+---+----+-----+-----------+
    |                                     Name                                     | FF| LUT| Bits| Const Bits|
    +------------------------------------------------------------------------------+---+----+-----+-----------+
    |ap_sync_reg_bidirectional_array_ap_fixed_ap_fixed_config2_U0_ap_ready         |  1|   0|    1|          0|
    |ap_sync_reg_gru_stack_array_ap_fixed_ap_fixed_16_8_5_3_0_config6_U0_ap_ready  |  1|   0|    1|          0|
    |bidirectional_array_ap_fixed_ap_fixed_config2_U0_ap_ready_count               |  2|   0|    2|          0|
    |gru_stack_array_ap_fixed_ap_fixed_16_8_5_3_0_config6_U0_ap_ready_count        |  2|   0|    2|          0|
    +------------------------------------------------------------------------------+---+----+-----+-----------+
    |Total                                                                         |  6|   0|    6|          0|
    +------------------------------------------------------------------------------+---+----+-----+-----------+



================================================================
== Interface
================================================================
* Summary: 
+---------------------------+-----+-----+------------+--------------------+--------------+
|         RTL Ports         | Dir | Bits|  Protocol  |    Source Object   |    C Type    |
+---------------------------+-----+-----+------------+--------------------+--------------+
|input_1_0_V_V_TDATA        |  in |   16|    axis    |    input_1_0_V_V   |    pointer   |
|input_1_0_V_V_TVALID       |  in |    1|    axis    |    input_1_0_V_V   |    pointer   |
|input_1_0_V_V_TREADY       | out |    1|    axis    |    input_1_0_V_V   |    pointer   |
|input_1_1_V_V_TDATA        |  in |   16|    axis    |    input_1_1_V_V   |    pointer   |
|input_1_1_V_V_TVALID       |  in |    1|    axis    |    input_1_1_V_V   |    pointer   |
|input_1_1_V_V_TREADY       | out |    1|    axis    |    input_1_1_V_V   |    pointer   |
|input_1_2_V_V_TDATA        |  in |   16|    axis    |    input_1_2_V_V   |    pointer   |
|input_1_2_V_V_TVALID       |  in |    1|    axis    |    input_1_2_V_V   |    pointer   |
|input_1_2_V_V_TREADY       | out |    1|    axis    |    input_1_2_V_V   |    pointer   |
|input_1_3_V_V_TDATA        |  in |   16|    axis    |    input_1_3_V_V   |    pointer   |
|input_1_3_V_V_TVALID       |  in |    1|    axis    |    input_1_3_V_V   |    pointer   |
|input_1_3_V_V_TREADY       | out |    1|    axis    |    input_1_3_V_V   |    pointer   |
|input_1_4_V_V_TDATA        |  in |   16|    axis    |    input_1_4_V_V   |    pointer   |
|input_1_4_V_V_TVALID       |  in |    1|    axis    |    input_1_4_V_V   |    pointer   |
|input_1_4_V_V_TREADY       | out |    1|    axis    |    input_1_4_V_V   |    pointer   |
|input_1_5_V_V_TDATA        |  in |   16|    axis    |    input_1_5_V_V   |    pointer   |
|input_1_5_V_V_TVALID       |  in |    1|    axis    |    input_1_5_V_V   |    pointer   |
|input_1_5_V_V_TREADY       | out |    1|    axis    |    input_1_5_V_V   |    pointer   |
|input_1_6_V_V_TDATA        |  in |   16|    axis    |    input_1_6_V_V   |    pointer   |
|input_1_6_V_V_TVALID       |  in |    1|    axis    |    input_1_6_V_V   |    pointer   |
|input_1_6_V_V_TREADY       | out |    1|    axis    |    input_1_6_V_V   |    pointer   |
|input_1_7_V_V_TDATA        |  in |   16|    axis    |    input_1_7_V_V   |    pointer   |
|input_1_7_V_V_TVALID       |  in |    1|    axis    |    input_1_7_V_V   |    pointer   |
|input_1_7_V_V_TREADY       | out |    1|    axis    |    input_1_7_V_V   |    pointer   |
|input_1_8_V_V_TDATA        |  in |   16|    axis    |    input_1_8_V_V   |    pointer   |
|input_1_8_V_V_TVALID       |  in |    1|    axis    |    input_1_8_V_V   |    pointer   |
|input_1_8_V_V_TREADY       | out |    1|    axis    |    input_1_8_V_V   |    pointer   |
|input_1_9_V_V_TDATA        |  in |   16|    axis    |    input_1_9_V_V   |    pointer   |
|input_1_9_V_V_TVALID       |  in |    1|    axis    |    input_1_9_V_V   |    pointer   |
|input_1_9_V_V_TREADY       | out |    1|    axis    |    input_1_9_V_V   |    pointer   |
|input_1_10_V_V_TDATA       |  in |   16|    axis    |   input_1_10_V_V   |    pointer   |
|input_1_10_V_V_TVALID      |  in |    1|    axis    |   input_1_10_V_V   |    pointer   |
|input_1_10_V_V_TREADY      | out |    1|    axis    |   input_1_10_V_V   |    pointer   |
|input_1_11_V_V_TDATA       |  in |   16|    axis    |   input_1_11_V_V   |    pointer   |
|input_1_11_V_V_TVALID      |  in |    1|    axis    |   input_1_11_V_V   |    pointer   |
|input_1_11_V_V_TREADY      | out |    1|    axis    |   input_1_11_V_V   |    pointer   |
|input_1_12_V_V_TDATA       |  in |   16|    axis    |   input_1_12_V_V   |    pointer   |
|input_1_12_V_V_TVALID      |  in |    1|    axis    |   input_1_12_V_V   |    pointer   |
|input_1_12_V_V_TREADY      | out |    1|    axis    |   input_1_12_V_V   |    pointer   |
|input_1_13_V_V_TDATA       |  in |   16|    axis    |   input_1_13_V_V   |    pointer   |
|input_1_13_V_V_TVALID      |  in |    1|    axis    |   input_1_13_V_V   |    pointer   |
|input_1_13_V_V_TREADY      | out |    1|    axis    |   input_1_13_V_V   |    pointer   |
|input_1_14_V_V_TDATA       |  in |   16|    axis    |   input_1_14_V_V   |    pointer   |
|input_1_14_V_V_TVALID      |  in |    1|    axis    |   input_1_14_V_V   |    pointer   |
|input_1_14_V_V_TREADY      | out |    1|    axis    |   input_1_14_V_V   |    pointer   |
|input_1_15_V_V_TDATA       |  in |   16|    axis    |   input_1_15_V_V   |    pointer   |
|input_1_15_V_V_TVALID      |  in |    1|    axis    |   input_1_15_V_V   |    pointer   |
|input_1_15_V_V_TREADY      | out |    1|    axis    |   input_1_15_V_V   |    pointer   |
|input_1_16_V_V_TDATA       |  in |   16|    axis    |   input_1_16_V_V   |    pointer   |
|input_1_16_V_V_TVALID      |  in |    1|    axis    |   input_1_16_V_V   |    pointer   |
|input_1_16_V_V_TREADY      | out |    1|    axis    |   input_1_16_V_V   |    pointer   |
|input_1_17_V_V_TDATA       |  in |   16|    axis    |   input_1_17_V_V   |    pointer   |
|input_1_17_V_V_TVALID      |  in |    1|    axis    |   input_1_17_V_V   |    pointer   |
|input_1_17_V_V_TREADY      | out |    1|    axis    |   input_1_17_V_V   |    pointer   |
|input_1_18_V_V_TDATA       |  in |   16|    axis    |   input_1_18_V_V   |    pointer   |
|input_1_18_V_V_TVALID      |  in |    1|    axis    |   input_1_18_V_V   |    pointer   |
|input_1_18_V_V_TREADY      | out |    1|    axis    |   input_1_18_V_V   |    pointer   |
|input_1_19_V_V_TDATA       |  in |   16|    axis    |   input_1_19_V_V   |    pointer   |
|input_1_19_V_V_TVALID      |  in |    1|    axis    |   input_1_19_V_V   |    pointer   |
|input_1_19_V_V_TREADY      | out |    1|    axis    |   input_1_19_V_V   |    pointer   |
|input_1_20_V_V_TDATA       |  in |   16|    axis    |   input_1_20_V_V   |    pointer   |
|input_1_20_V_V_TVALID      |  in |    1|    axis    |   input_1_20_V_V   |    pointer   |
|input_1_20_V_V_TREADY      | out |    1|    axis    |   input_1_20_V_V   |    pointer   |
|input_1_21_V_V_TDATA       |  in |   16|    axis    |   input_1_21_V_V   |    pointer   |
|input_1_21_V_V_TVALID      |  in |    1|    axis    |   input_1_21_V_V   |    pointer   |
|input_1_21_V_V_TREADY      | out |    1|    axis    |   input_1_21_V_V   |    pointer   |
|input_1_22_V_V_TDATA       |  in |   16|    axis    |   input_1_22_V_V   |    pointer   |
|input_1_22_V_V_TVALID      |  in |    1|    axis    |   input_1_22_V_V   |    pointer   |
|input_1_22_V_V_TREADY      | out |    1|    axis    |   input_1_22_V_V   |    pointer   |
|input_1_23_V_V_TDATA       |  in |   16|    axis    |   input_1_23_V_V   |    pointer   |
|input_1_23_V_V_TVALID      |  in |    1|    axis    |   input_1_23_V_V   |    pointer   |
|input_1_23_V_V_TREADY      | out |    1|    axis    |   input_1_23_V_V   |    pointer   |
|input_1_24_V_V_TDATA       |  in |   16|    axis    |   input_1_24_V_V   |    pointer   |
|input_1_24_V_V_TVALID      |  in |    1|    axis    |   input_1_24_V_V   |    pointer   |
|input_1_24_V_V_TREADY      | out |    1|    axis    |   input_1_24_V_V   |    pointer   |
|input_1_25_V_V_TDATA       |  in |   16|    axis    |   input_1_25_V_V   |    pointer   |
|input_1_25_V_V_TVALID      |  in |    1|    axis    |   input_1_25_V_V   |    pointer   |
|input_1_25_V_V_TREADY      | out |    1|    axis    |   input_1_25_V_V   |    pointer   |
|input_1_26_V_V_TDATA       |  in |   16|    axis    |   input_1_26_V_V   |    pointer   |
|input_1_26_V_V_TVALID      |  in |    1|    axis    |   input_1_26_V_V   |    pointer   |
|input_1_26_V_V_TREADY      | out |    1|    axis    |   input_1_26_V_V   |    pointer   |
|input_1_27_V_V_TDATA       |  in |   16|    axis    |   input_1_27_V_V   |    pointer   |
|input_1_27_V_V_TVALID      |  in |    1|    axis    |   input_1_27_V_V   |    pointer   |
|input_1_27_V_V_TREADY      | out |    1|    axis    |   input_1_27_V_V   |    pointer   |
|input_1_28_V_V_TDATA       |  in |   16|    axis    |   input_1_28_V_V   |    pointer   |
|input_1_28_V_V_TVALID      |  in |    1|    axis    |   input_1_28_V_V   |    pointer   |
|input_1_28_V_V_TREADY      | out |    1|    axis    |   input_1_28_V_V   |    pointer   |
|input_1_29_V_V_TDATA       |  in |   16|    axis    |   input_1_29_V_V   |    pointer   |
|input_1_29_V_V_TVALID      |  in |    1|    axis    |   input_1_29_V_V   |    pointer   |
|input_1_29_V_V_TREADY      | out |    1|    axis    |   input_1_29_V_V   |    pointer   |
|input_1_30_V_V_TDATA       |  in |   16|    axis    |   input_1_30_V_V   |    pointer   |
|input_1_30_V_V_TVALID      |  in |    1|    axis    |   input_1_30_V_V   |    pointer   |
|input_1_30_V_V_TREADY      | out |    1|    axis    |   input_1_30_V_V   |    pointer   |
|input_1_31_V_V_TDATA       |  in |   16|    axis    |   input_1_31_V_V   |    pointer   |
|input_1_31_V_V_TVALID      |  in |    1|    axis    |   input_1_31_V_V   |    pointer   |
|input_1_31_V_V_TREADY      | out |    1|    axis    |   input_1_31_V_V   |    pointer   |
|input_1_32_V_V_TDATA       |  in |   16|    axis    |   input_1_32_V_V   |    pointer   |
|input_1_32_V_V_TVALID      |  in |    1|    axis    |   input_1_32_V_V   |    pointer   |
|input_1_32_V_V_TREADY      | out |    1|    axis    |   input_1_32_V_V   |    pointer   |
|input_1_33_V_V_TDATA       |  in |   16|    axis    |   input_1_33_V_V   |    pointer   |
|input_1_33_V_V_TVALID      |  in |    1|    axis    |   input_1_33_V_V   |    pointer   |
|input_1_33_V_V_TREADY      | out |    1|    axis    |   input_1_33_V_V   |    pointer   |
|input_1_34_V_V_TDATA       |  in |   16|    axis    |   input_1_34_V_V   |    pointer   |
|input_1_34_V_V_TVALID      |  in |    1|    axis    |   input_1_34_V_V   |    pointer   |
|input_1_34_V_V_TREADY      | out |    1|    axis    |   input_1_34_V_V   |    pointer   |
|input_1_35_V_V_TDATA       |  in |   16|    axis    |   input_1_35_V_V   |    pointer   |
|input_1_35_V_V_TVALID      |  in |    1|    axis    |   input_1_35_V_V   |    pointer   |
|input_1_35_V_V_TREADY      | out |    1|    axis    |   input_1_35_V_V   |    pointer   |
|input_1_36_V_V_TDATA       |  in |   16|    axis    |   input_1_36_V_V   |    pointer   |
|input_1_36_V_V_TVALID      |  in |    1|    axis    |   input_1_36_V_V   |    pointer   |
|input_1_36_V_V_TREADY      | out |    1|    axis    |   input_1_36_V_V   |    pointer   |
|input_1_37_V_V_TDATA       |  in |   16|    axis    |   input_1_37_V_V   |    pointer   |
|input_1_37_V_V_TVALID      |  in |    1|    axis    |   input_1_37_V_V   |    pointer   |
|input_1_37_V_V_TREADY      | out |    1|    axis    |   input_1_37_V_V   |    pointer   |
|input_1_38_V_V_TDATA       |  in |   16|    axis    |   input_1_38_V_V   |    pointer   |
|input_1_38_V_V_TVALID      |  in |    1|    axis    |   input_1_38_V_V   |    pointer   |
|input_1_38_V_V_TREADY      | out |    1|    axis    |   input_1_38_V_V   |    pointer   |
|input_1_39_V_V_TDATA       |  in |   16|    axis    |   input_1_39_V_V   |    pointer   |
|input_1_39_V_V_TVALID      |  in |    1|    axis    |   input_1_39_V_V   |    pointer   |
|input_1_39_V_V_TREADY      | out |    1|    axis    |   input_1_39_V_V   |    pointer   |
|input_1_40_V_V_TDATA       |  in |   16|    axis    |   input_1_40_V_V   |    pointer   |
|input_1_40_V_V_TVALID      |  in |    1|    axis    |   input_1_40_V_V   |    pointer   |
|input_1_40_V_V_TREADY      | out |    1|    axis    |   input_1_40_V_V   |    pointer   |
|input_1_41_V_V_TDATA       |  in |   16|    axis    |   input_1_41_V_V   |    pointer   |
|input_1_41_V_V_TVALID      |  in |    1|    axis    |   input_1_41_V_V   |    pointer   |
|input_1_41_V_V_TREADY      | out |    1|    axis    |   input_1_41_V_V   |    pointer   |
|input_1_42_V_V_TDATA       |  in |   16|    axis    |   input_1_42_V_V   |    pointer   |
|input_1_42_V_V_TVALID      |  in |    1|    axis    |   input_1_42_V_V   |    pointer   |
|input_1_42_V_V_TREADY      | out |    1|    axis    |   input_1_42_V_V   |    pointer   |
|input_1_43_V_V_TDATA       |  in |   16|    axis    |   input_1_43_V_V   |    pointer   |
|input_1_43_V_V_TVALID      |  in |    1|    axis    |   input_1_43_V_V   |    pointer   |
|input_1_43_V_V_TREADY      | out |    1|    axis    |   input_1_43_V_V   |    pointer   |
|input_1_44_V_V_TDATA       |  in |   16|    axis    |   input_1_44_V_V   |    pointer   |
|input_1_44_V_V_TVALID      |  in |    1|    axis    |   input_1_44_V_V   |    pointer   |
|input_1_44_V_V_TREADY      | out |    1|    axis    |   input_1_44_V_V   |    pointer   |
|input_1_45_V_V_TDATA       |  in |   16|    axis    |   input_1_45_V_V   |    pointer   |
|input_1_45_V_V_TVALID      |  in |    1|    axis    |   input_1_45_V_V   |    pointer   |
|input_1_45_V_V_TREADY      | out |    1|    axis    |   input_1_45_V_V   |    pointer   |
|input_1_46_V_V_TDATA       |  in |   16|    axis    |   input_1_46_V_V   |    pointer   |
|input_1_46_V_V_TVALID      |  in |    1|    axis    |   input_1_46_V_V   |    pointer   |
|input_1_46_V_V_TREADY      | out |    1|    axis    |   input_1_46_V_V   |    pointer   |
|input_1_47_V_V_TDATA       |  in |   16|    axis    |   input_1_47_V_V   |    pointer   |
|input_1_47_V_V_TVALID      |  in |    1|    axis    |   input_1_47_V_V   |    pointer   |
|input_1_47_V_V_TREADY      | out |    1|    axis    |   input_1_47_V_V   |    pointer   |
|input_1_48_V_V_TDATA       |  in |   16|    axis    |   input_1_48_V_V   |    pointer   |
|input_1_48_V_V_TVALID      |  in |    1|    axis    |   input_1_48_V_V   |    pointer   |
|input_1_48_V_V_TREADY      | out |    1|    axis    |   input_1_48_V_V   |    pointer   |
|input_1_49_V_V_TDATA       |  in |   16|    axis    |   input_1_49_V_V   |    pointer   |
|input_1_49_V_V_TVALID      |  in |    1|    axis    |   input_1_49_V_V   |    pointer   |
|input_1_49_V_V_TREADY      | out |    1|    axis    |   input_1_49_V_V   |    pointer   |
|input_1_50_V_V_TDATA       |  in |   16|    axis    |   input_1_50_V_V   |    pointer   |
|input_1_50_V_V_TVALID      |  in |    1|    axis    |   input_1_50_V_V   |    pointer   |
|input_1_50_V_V_TREADY      | out |    1|    axis    |   input_1_50_V_V   |    pointer   |
|input_1_51_V_V_TDATA       |  in |   16|    axis    |   input_1_51_V_V   |    pointer   |
|input_1_51_V_V_TVALID      |  in |    1|    axis    |   input_1_51_V_V   |    pointer   |
|input_1_51_V_V_TREADY      | out |    1|    axis    |   input_1_51_V_V   |    pointer   |
|input_1_52_V_V_TDATA       |  in |   16|    axis    |   input_1_52_V_V   |    pointer   |
|input_1_52_V_V_TVALID      |  in |    1|    axis    |   input_1_52_V_V   |    pointer   |
|input_1_52_V_V_TREADY      | out |    1|    axis    |   input_1_52_V_V   |    pointer   |
|input_1_53_V_V_TDATA       |  in |   16|    axis    |   input_1_53_V_V   |    pointer   |
|input_1_53_V_V_TVALID      |  in |    1|    axis    |   input_1_53_V_V   |    pointer   |
|input_1_53_V_V_TREADY      | out |    1|    axis    |   input_1_53_V_V   |    pointer   |
|input_1_54_V_V_TDATA       |  in |   16|    axis    |   input_1_54_V_V   |    pointer   |
|input_1_54_V_V_TVALID      |  in |    1|    axis    |   input_1_54_V_V   |    pointer   |
|input_1_54_V_V_TREADY      | out |    1|    axis    |   input_1_54_V_V   |    pointer   |
|input_1_55_V_V_TDATA       |  in |   16|    axis    |   input_1_55_V_V   |    pointer   |
|input_1_55_V_V_TVALID      |  in |    1|    axis    |   input_1_55_V_V   |    pointer   |
|input_1_55_V_V_TREADY      | out |    1|    axis    |   input_1_55_V_V   |    pointer   |
|input_1_56_V_V_TDATA       |  in |   16|    axis    |   input_1_56_V_V   |    pointer   |
|input_1_56_V_V_TVALID      |  in |    1|    axis    |   input_1_56_V_V   |    pointer   |
|input_1_56_V_V_TREADY      | out |    1|    axis    |   input_1_56_V_V   |    pointer   |
|input_1_57_V_V_TDATA       |  in |   16|    axis    |   input_1_57_V_V   |    pointer   |
|input_1_57_V_V_TVALID      |  in |    1|    axis    |   input_1_57_V_V   |    pointer   |
|input_1_57_V_V_TREADY      | out |    1|    axis    |   input_1_57_V_V   |    pointer   |
|input_1_58_V_V_TDATA       |  in |   16|    axis    |   input_1_58_V_V   |    pointer   |
|input_1_58_V_V_TVALID      |  in |    1|    axis    |   input_1_58_V_V   |    pointer   |
|input_1_58_V_V_TREADY      | out |    1|    axis    |   input_1_58_V_V   |    pointer   |
|input_1_59_V_V_TDATA       |  in |   16|    axis    |   input_1_59_V_V   |    pointer   |
|input_1_59_V_V_TVALID      |  in |    1|    axis    |   input_1_59_V_V   |    pointer   |
|input_1_59_V_V_TREADY      | out |    1|    axis    |   input_1_59_V_V   |    pointer   |
|input_1_60_V_V_TDATA       |  in |   16|    axis    |   input_1_60_V_V   |    pointer   |
|input_1_60_V_V_TVALID      |  in |    1|    axis    |   input_1_60_V_V   |    pointer   |
|input_1_60_V_V_TREADY      | out |    1|    axis    |   input_1_60_V_V   |    pointer   |
|input_1_61_V_V_TDATA       |  in |   16|    axis    |   input_1_61_V_V   |    pointer   |
|input_1_61_V_V_TVALID      |  in |    1|    axis    |   input_1_61_V_V   |    pointer   |
|input_1_61_V_V_TREADY      | out |    1|    axis    |   input_1_61_V_V   |    pointer   |
|input_1_62_V_V_TDATA       |  in |   16|    axis    |   input_1_62_V_V   |    pointer   |
|input_1_62_V_V_TVALID      |  in |    1|    axis    |   input_1_62_V_V   |    pointer   |
|input_1_62_V_V_TREADY      | out |    1|    axis    |   input_1_62_V_V   |    pointer   |
|input_1_63_V_V_TDATA       |  in |   16|    axis    |   input_1_63_V_V   |    pointer   |
|input_1_63_V_V_TVALID      |  in |    1|    axis    |   input_1_63_V_V   |    pointer   |
|input_1_63_V_V_TREADY      | out |    1|    axis    |   input_1_63_V_V   |    pointer   |
|input_1_64_V_V_TDATA       |  in |   16|    axis    |   input_1_64_V_V   |    pointer   |
|input_1_64_V_V_TVALID      |  in |    1|    axis    |   input_1_64_V_V   |    pointer   |
|input_1_64_V_V_TREADY      | out |    1|    axis    |   input_1_64_V_V   |    pointer   |
|input_1_65_V_V_TDATA       |  in |   16|    axis    |   input_1_65_V_V   |    pointer   |
|input_1_65_V_V_TVALID      |  in |    1|    axis    |   input_1_65_V_V   |    pointer   |
|input_1_65_V_V_TREADY      | out |    1|    axis    |   input_1_65_V_V   |    pointer   |
|input_1_66_V_V_TDATA       |  in |   16|    axis    |   input_1_66_V_V   |    pointer   |
|input_1_66_V_V_TVALID      |  in |    1|    axis    |   input_1_66_V_V   |    pointer   |
|input_1_66_V_V_TREADY      | out |    1|    axis    |   input_1_66_V_V   |    pointer   |
|input_1_67_V_V_TDATA       |  in |   16|    axis    |   input_1_67_V_V   |    pointer   |
|input_1_67_V_V_TVALID      |  in |    1|    axis    |   input_1_67_V_V   |    pointer   |
|input_1_67_V_V_TREADY      | out |    1|    axis    |   input_1_67_V_V   |    pointer   |
|input_1_68_V_V_TDATA       |  in |   16|    axis    |   input_1_68_V_V   |    pointer   |
|input_1_68_V_V_TVALID      |  in |    1|    axis    |   input_1_68_V_V   |    pointer   |
|input_1_68_V_V_TREADY      | out |    1|    axis    |   input_1_68_V_V   |    pointer   |
|input_1_69_V_V_TDATA       |  in |   16|    axis    |   input_1_69_V_V   |    pointer   |
|input_1_69_V_V_TVALID      |  in |    1|    axis    |   input_1_69_V_V   |    pointer   |
|input_1_69_V_V_TREADY      | out |    1|    axis    |   input_1_69_V_V   |    pointer   |
|input_2_0_V_V_TDATA        |  in |   16|    axis    |    input_2_0_V_V   |    pointer   |
|input_2_0_V_V_TVALID       |  in |    1|    axis    |    input_2_0_V_V   |    pointer   |
|input_2_0_V_V_TREADY       | out |    1|    axis    |    input_2_0_V_V   |    pointer   |
|input_2_1_V_V_TDATA        |  in |   16|    axis    |    input_2_1_V_V   |    pointer   |
|input_2_1_V_V_TVALID       |  in |    1|    axis    |    input_2_1_V_V   |    pointer   |
|input_2_1_V_V_TREADY       | out |    1|    axis    |    input_2_1_V_V   |    pointer   |
|input_2_2_V_V_TDATA        |  in |   16|    axis    |    input_2_2_V_V   |    pointer   |
|input_2_2_V_V_TVALID       |  in |    1|    axis    |    input_2_2_V_V   |    pointer   |
|input_2_2_V_V_TREADY       | out |    1|    axis    |    input_2_2_V_V   |    pointer   |
|input_2_3_V_V_TDATA        |  in |   16|    axis    |    input_2_3_V_V   |    pointer   |
|input_2_3_V_V_TVALID       |  in |    1|    axis    |    input_2_3_V_V   |    pointer   |
|input_2_3_V_V_TREADY       | out |    1|    axis    |    input_2_3_V_V   |    pointer   |
|input_2_4_V_V_TDATA        |  in |   16|    axis    |    input_2_4_V_V   |    pointer   |
|input_2_4_V_V_TVALID       |  in |    1|    axis    |    input_2_4_V_V   |    pointer   |
|input_2_4_V_V_TREADY       | out |    1|    axis    |    input_2_4_V_V   |    pointer   |
|input_2_5_V_V_TDATA        |  in |   16|    axis    |    input_2_5_V_V   |    pointer   |
|input_2_5_V_V_TVALID       |  in |    1|    axis    |    input_2_5_V_V   |    pointer   |
|input_2_5_V_V_TREADY       | out |    1|    axis    |    input_2_5_V_V   |    pointer   |
|input_2_6_V_V_TDATA        |  in |   16|    axis    |    input_2_6_V_V   |    pointer   |
|input_2_6_V_V_TVALID       |  in |    1|    axis    |    input_2_6_V_V   |    pointer   |
|input_2_6_V_V_TREADY       | out |    1|    axis    |    input_2_6_V_V   |    pointer   |
|input_2_7_V_V_TDATA        |  in |   16|    axis    |    input_2_7_V_V   |    pointer   |
|input_2_7_V_V_TVALID       |  in |    1|    axis    |    input_2_7_V_V   |    pointer   |
|input_2_7_V_V_TREADY       | out |    1|    axis    |    input_2_7_V_V   |    pointer   |
|input_2_8_V_V_TDATA        |  in |   16|    axis    |    input_2_8_V_V   |    pointer   |
|input_2_8_V_V_TVALID       |  in |    1|    axis    |    input_2_8_V_V   |    pointer   |
|input_2_8_V_V_TREADY       | out |    1|    axis    |    input_2_8_V_V   |    pointer   |
|input_2_9_V_V_TDATA        |  in |   16|    axis    |    input_2_9_V_V   |    pointer   |
|input_2_9_V_V_TVALID       |  in |    1|    axis    |    input_2_9_V_V   |    pointer   |
|input_2_9_V_V_TREADY       | out |    1|    axis    |    input_2_9_V_V   |    pointer   |
|input_2_10_V_V_TDATA       |  in |   16|    axis    |   input_2_10_V_V   |    pointer   |
|input_2_10_V_V_TVALID      |  in |    1|    axis    |   input_2_10_V_V   |    pointer   |
|input_2_10_V_V_TREADY      | out |    1|    axis    |   input_2_10_V_V   |    pointer   |
|input_2_11_V_V_TDATA       |  in |   16|    axis    |   input_2_11_V_V   |    pointer   |
|input_2_11_V_V_TVALID      |  in |    1|    axis    |   input_2_11_V_V   |    pointer   |
|input_2_11_V_V_TREADY      | out |    1|    axis    |   input_2_11_V_V   |    pointer   |
|input_2_12_V_V_TDATA       |  in |   16|    axis    |   input_2_12_V_V   |    pointer   |
|input_2_12_V_V_TVALID      |  in |    1|    axis    |   input_2_12_V_V   |    pointer   |
|input_2_12_V_V_TREADY      | out |    1|    axis    |   input_2_12_V_V   |    pointer   |
|input_2_13_V_V_TDATA       |  in |   16|    axis    |   input_2_13_V_V   |    pointer   |
|input_2_13_V_V_TVALID      |  in |    1|    axis    |   input_2_13_V_V   |    pointer   |
|input_2_13_V_V_TREADY      | out |    1|    axis    |   input_2_13_V_V   |    pointer   |
|input_2_14_V_V_TDATA       |  in |   16|    axis    |   input_2_14_V_V   |    pointer   |
|input_2_14_V_V_TVALID      |  in |    1|    axis    |   input_2_14_V_V   |    pointer   |
|input_2_14_V_V_TREADY      | out |    1|    axis    |   input_2_14_V_V   |    pointer   |
|input_2_15_V_V_TDATA       |  in |   16|    axis    |   input_2_15_V_V   |    pointer   |
|input_2_15_V_V_TVALID      |  in |    1|    axis    |   input_2_15_V_V   |    pointer   |
|input_2_15_V_V_TREADY      | out |    1|    axis    |   input_2_15_V_V   |    pointer   |
|input_2_16_V_V_TDATA       |  in |   16|    axis    |   input_2_16_V_V   |    pointer   |
|input_2_16_V_V_TVALID      |  in |    1|    axis    |   input_2_16_V_V   |    pointer   |
|input_2_16_V_V_TREADY      | out |    1|    axis    |   input_2_16_V_V   |    pointer   |
|input_2_17_V_V_TDATA       |  in |   16|    axis    |   input_2_17_V_V   |    pointer   |
|input_2_17_V_V_TVALID      |  in |    1|    axis    |   input_2_17_V_V   |    pointer   |
|input_2_17_V_V_TREADY      | out |    1|    axis    |   input_2_17_V_V   |    pointer   |
|input_2_18_V_V_TDATA       |  in |   16|    axis    |   input_2_18_V_V   |    pointer   |
|input_2_18_V_V_TVALID      |  in |    1|    axis    |   input_2_18_V_V   |    pointer   |
|input_2_18_V_V_TREADY      | out |    1|    axis    |   input_2_18_V_V   |    pointer   |
|input_2_19_V_V_TDATA       |  in |   16|    axis    |   input_2_19_V_V   |    pointer   |
|input_2_19_V_V_TVALID      |  in |    1|    axis    |   input_2_19_V_V   |    pointer   |
|input_2_19_V_V_TREADY      | out |    1|    axis    |   input_2_19_V_V   |    pointer   |
|input_2_20_V_V_TDATA       |  in |   16|    axis    |   input_2_20_V_V   |    pointer   |
|input_2_20_V_V_TVALID      |  in |    1|    axis    |   input_2_20_V_V   |    pointer   |
|input_2_20_V_V_TREADY      | out |    1|    axis    |   input_2_20_V_V   |    pointer   |
|input_2_21_V_V_TDATA       |  in |   16|    axis    |   input_2_21_V_V   |    pointer   |
|input_2_21_V_V_TVALID      |  in |    1|    axis    |   input_2_21_V_V   |    pointer   |
|input_2_21_V_V_TREADY      | out |    1|    axis    |   input_2_21_V_V   |    pointer   |
|input_2_22_V_V_TDATA       |  in |   16|    axis    |   input_2_22_V_V   |    pointer   |
|input_2_22_V_V_TVALID      |  in |    1|    axis    |   input_2_22_V_V   |    pointer   |
|input_2_22_V_V_TREADY      | out |    1|    axis    |   input_2_22_V_V   |    pointer   |
|input_2_23_V_V_TDATA       |  in |   16|    axis    |   input_2_23_V_V   |    pointer   |
|input_2_23_V_V_TVALID      |  in |    1|    axis    |   input_2_23_V_V   |    pointer   |
|input_2_23_V_V_TREADY      | out |    1|    axis    |   input_2_23_V_V   |    pointer   |
|input_2_24_V_V_TDATA       |  in |   16|    axis    |   input_2_24_V_V   |    pointer   |
|input_2_24_V_V_TVALID      |  in |    1|    axis    |   input_2_24_V_V   |    pointer   |
|input_2_24_V_V_TREADY      | out |    1|    axis    |   input_2_24_V_V   |    pointer   |
|input_2_25_V_V_TDATA       |  in |   16|    axis    |   input_2_25_V_V   |    pointer   |
|input_2_25_V_V_TVALID      |  in |    1|    axis    |   input_2_25_V_V   |    pointer   |
|input_2_25_V_V_TREADY      | out |    1|    axis    |   input_2_25_V_V   |    pointer   |
|input_2_26_V_V_TDATA       |  in |   16|    axis    |   input_2_26_V_V   |    pointer   |
|input_2_26_V_V_TVALID      |  in |    1|    axis    |   input_2_26_V_V   |    pointer   |
|input_2_26_V_V_TREADY      | out |    1|    axis    |   input_2_26_V_V   |    pointer   |
|input_2_27_V_V_TDATA       |  in |   16|    axis    |   input_2_27_V_V   |    pointer   |
|input_2_27_V_V_TVALID      |  in |    1|    axis    |   input_2_27_V_V   |    pointer   |
|input_2_27_V_V_TREADY      | out |    1|    axis    |   input_2_27_V_V   |    pointer   |
|input_2_28_V_V_TDATA       |  in |   16|    axis    |   input_2_28_V_V   |    pointer   |
|input_2_28_V_V_TVALID      |  in |    1|    axis    |   input_2_28_V_V   |    pointer   |
|input_2_28_V_V_TREADY      | out |    1|    axis    |   input_2_28_V_V   |    pointer   |
|input_2_29_V_V_TDATA       |  in |   16|    axis    |   input_2_29_V_V   |    pointer   |
|input_2_29_V_V_TVALID      |  in |    1|    axis    |   input_2_29_V_V   |    pointer   |
|input_2_29_V_V_TREADY      | out |    1|    axis    |   input_2_29_V_V   |    pointer   |
|input_2_30_V_V_TDATA       |  in |   16|    axis    |   input_2_30_V_V   |    pointer   |
|input_2_30_V_V_TVALID      |  in |    1|    axis    |   input_2_30_V_V   |    pointer   |
|input_2_30_V_V_TREADY      | out |    1|    axis    |   input_2_30_V_V   |    pointer   |
|input_2_31_V_V_TDATA       |  in |   16|    axis    |   input_2_31_V_V   |    pointer   |
|input_2_31_V_V_TVALID      |  in |    1|    axis    |   input_2_31_V_V   |    pointer   |
|input_2_31_V_V_TREADY      | out |    1|    axis    |   input_2_31_V_V   |    pointer   |
|input_2_32_V_V_TDATA       |  in |   16|    axis    |   input_2_32_V_V   |    pointer   |
|input_2_32_V_V_TVALID      |  in |    1|    axis    |   input_2_32_V_V   |    pointer   |
|input_2_32_V_V_TREADY      | out |    1|    axis    |   input_2_32_V_V   |    pointer   |
|input_2_33_V_V_TDATA       |  in |   16|    axis    |   input_2_33_V_V   |    pointer   |
|input_2_33_V_V_TVALID      |  in |    1|    axis    |   input_2_33_V_V   |    pointer   |
|input_2_33_V_V_TREADY      | out |    1|    axis    |   input_2_33_V_V   |    pointer   |
|input_2_34_V_V_TDATA       |  in |   16|    axis    |   input_2_34_V_V   |    pointer   |
|input_2_34_V_V_TVALID      |  in |    1|    axis    |   input_2_34_V_V   |    pointer   |
|input_2_34_V_V_TREADY      | out |    1|    axis    |   input_2_34_V_V   |    pointer   |
|input_2_35_V_V_TDATA       |  in |   16|    axis    |   input_2_35_V_V   |    pointer   |
|input_2_35_V_V_TVALID      |  in |    1|    axis    |   input_2_35_V_V   |    pointer   |
|input_2_35_V_V_TREADY      | out |    1|    axis    |   input_2_35_V_V   |    pointer   |
|input_2_36_V_V_TDATA       |  in |   16|    axis    |   input_2_36_V_V   |    pointer   |
|input_2_36_V_V_TVALID      |  in |    1|    axis    |   input_2_36_V_V   |    pointer   |
|input_2_36_V_V_TREADY      | out |    1|    axis    |   input_2_36_V_V   |    pointer   |
|input_2_37_V_V_TDATA       |  in |   16|    axis    |   input_2_37_V_V   |    pointer   |
|input_2_37_V_V_TVALID      |  in |    1|    axis    |   input_2_37_V_V   |    pointer   |
|input_2_37_V_V_TREADY      | out |    1|    axis    |   input_2_37_V_V   |    pointer   |
|input_2_38_V_V_TDATA       |  in |   16|    axis    |   input_2_38_V_V   |    pointer   |
|input_2_38_V_V_TVALID      |  in |    1|    axis    |   input_2_38_V_V   |    pointer   |
|input_2_38_V_V_TREADY      | out |    1|    axis    |   input_2_38_V_V   |    pointer   |
|input_2_39_V_V_TDATA       |  in |   16|    axis    |   input_2_39_V_V   |    pointer   |
|input_2_39_V_V_TVALID      |  in |    1|    axis    |   input_2_39_V_V   |    pointer   |
|input_2_39_V_V_TREADY      | out |    1|    axis    |   input_2_39_V_V   |    pointer   |
|input_2_40_V_V_TDATA       |  in |   16|    axis    |   input_2_40_V_V   |    pointer   |
|input_2_40_V_V_TVALID      |  in |    1|    axis    |   input_2_40_V_V   |    pointer   |
|input_2_40_V_V_TREADY      | out |    1|    axis    |   input_2_40_V_V   |    pointer   |
|input_2_41_V_V_TDATA       |  in |   16|    axis    |   input_2_41_V_V   |    pointer   |
|input_2_41_V_V_TVALID      |  in |    1|    axis    |   input_2_41_V_V   |    pointer   |
|input_2_41_V_V_TREADY      | out |    1|    axis    |   input_2_41_V_V   |    pointer   |
|input_2_42_V_V_TDATA       |  in |   16|    axis    |   input_2_42_V_V   |    pointer   |
|input_2_42_V_V_TVALID      |  in |    1|    axis    |   input_2_42_V_V   |    pointer   |
|input_2_42_V_V_TREADY      | out |    1|    axis    |   input_2_42_V_V   |    pointer   |
|input_2_43_V_V_TDATA       |  in |   16|    axis    |   input_2_43_V_V   |    pointer   |
|input_2_43_V_V_TVALID      |  in |    1|    axis    |   input_2_43_V_V   |    pointer   |
|input_2_43_V_V_TREADY      | out |    1|    axis    |   input_2_43_V_V   |    pointer   |
|input_2_44_V_V_TDATA       |  in |   16|    axis    |   input_2_44_V_V   |    pointer   |
|input_2_44_V_V_TVALID      |  in |    1|    axis    |   input_2_44_V_V   |    pointer   |
|input_2_44_V_V_TREADY      | out |    1|    axis    |   input_2_44_V_V   |    pointer   |
|input_2_45_V_V_TDATA       |  in |   16|    axis    |   input_2_45_V_V   |    pointer   |
|input_2_45_V_V_TVALID      |  in |    1|    axis    |   input_2_45_V_V   |    pointer   |
|input_2_45_V_V_TREADY      | out |    1|    axis    |   input_2_45_V_V   |    pointer   |
|input_2_46_V_V_TDATA       |  in |   16|    axis    |   input_2_46_V_V   |    pointer   |
|input_2_46_V_V_TVALID      |  in |    1|    axis    |   input_2_46_V_V   |    pointer   |
|input_2_46_V_V_TREADY      | out |    1|    axis    |   input_2_46_V_V   |    pointer   |
|input_2_47_V_V_TDATA       |  in |   16|    axis    |   input_2_47_V_V   |    pointer   |
|input_2_47_V_V_TVALID      |  in |    1|    axis    |   input_2_47_V_V   |    pointer   |
|input_2_47_V_V_TREADY      | out |    1|    axis    |   input_2_47_V_V   |    pointer   |
|input_2_48_V_V_TDATA       |  in |   16|    axis    |   input_2_48_V_V   |    pointer   |
|input_2_48_V_V_TVALID      |  in |    1|    axis    |   input_2_48_V_V   |    pointer   |
|input_2_48_V_V_TREADY      | out |    1|    axis    |   input_2_48_V_V   |    pointer   |
|input_2_49_V_V_TDATA       |  in |   16|    axis    |   input_2_49_V_V   |    pointer   |
|input_2_49_V_V_TVALID      |  in |    1|    axis    |   input_2_49_V_V   |    pointer   |
|input_2_49_V_V_TREADY      | out |    1|    axis    |   input_2_49_V_V   |    pointer   |
|input_2_50_V_V_TDATA       |  in |   16|    axis    |   input_2_50_V_V   |    pointer   |
|input_2_50_V_V_TVALID      |  in |    1|    axis    |   input_2_50_V_V   |    pointer   |
|input_2_50_V_V_TREADY      | out |    1|    axis    |   input_2_50_V_V   |    pointer   |
|input_2_51_V_V_TDATA       |  in |   16|    axis    |   input_2_51_V_V   |    pointer   |
|input_2_51_V_V_TVALID      |  in |    1|    axis    |   input_2_51_V_V   |    pointer   |
|input_2_51_V_V_TREADY      | out |    1|    axis    |   input_2_51_V_V   |    pointer   |
|input_2_52_V_V_TDATA       |  in |   16|    axis    |   input_2_52_V_V   |    pointer   |
|input_2_52_V_V_TVALID      |  in |    1|    axis    |   input_2_52_V_V   |    pointer   |
|input_2_52_V_V_TREADY      | out |    1|    axis    |   input_2_52_V_V   |    pointer   |
|input_2_53_V_V_TDATA       |  in |   16|    axis    |   input_2_53_V_V   |    pointer   |
|input_2_53_V_V_TVALID      |  in |    1|    axis    |   input_2_53_V_V   |    pointer   |
|input_2_53_V_V_TREADY      | out |    1|    axis    |   input_2_53_V_V   |    pointer   |
|input_2_54_V_V_TDATA       |  in |   16|    axis    |   input_2_54_V_V   |    pointer   |
|input_2_54_V_V_TVALID      |  in |    1|    axis    |   input_2_54_V_V   |    pointer   |
|input_2_54_V_V_TREADY      | out |    1|    axis    |   input_2_54_V_V   |    pointer   |
|input_2_55_V_V_TDATA       |  in |   16|    axis    |   input_2_55_V_V   |    pointer   |
|input_2_55_V_V_TVALID      |  in |    1|    axis    |   input_2_55_V_V   |    pointer   |
|input_2_55_V_V_TREADY      | out |    1|    axis    |   input_2_55_V_V   |    pointer   |
|input_2_56_V_V_TDATA       |  in |   16|    axis    |   input_2_56_V_V   |    pointer   |
|input_2_56_V_V_TVALID      |  in |    1|    axis    |   input_2_56_V_V   |    pointer   |
|input_2_56_V_V_TREADY      | out |    1|    axis    |   input_2_56_V_V   |    pointer   |
|input_2_57_V_V_TDATA       |  in |   16|    axis    |   input_2_57_V_V   |    pointer   |
|input_2_57_V_V_TVALID      |  in |    1|    axis    |   input_2_57_V_V   |    pointer   |
|input_2_57_V_V_TREADY      | out |    1|    axis    |   input_2_57_V_V   |    pointer   |
|input_2_58_V_V_TDATA       |  in |   16|    axis    |   input_2_58_V_V   |    pointer   |
|input_2_58_V_V_TVALID      |  in |    1|    axis    |   input_2_58_V_V   |    pointer   |
|input_2_58_V_V_TREADY      | out |    1|    axis    |   input_2_58_V_V   |    pointer   |
|input_2_59_V_V_TDATA       |  in |   16|    axis    |   input_2_59_V_V   |    pointer   |
|input_2_59_V_V_TVALID      |  in |    1|    axis    |   input_2_59_V_V   |    pointer   |
|input_2_59_V_V_TREADY      | out |    1|    axis    |   input_2_59_V_V   |    pointer   |
|input_2_60_V_V_TDATA       |  in |   16|    axis    |   input_2_60_V_V   |    pointer   |
|input_2_60_V_V_TVALID      |  in |    1|    axis    |   input_2_60_V_V   |    pointer   |
|input_2_60_V_V_TREADY      | out |    1|    axis    |   input_2_60_V_V   |    pointer   |
|input_2_61_V_V_TDATA       |  in |   16|    axis    |   input_2_61_V_V   |    pointer   |
|input_2_61_V_V_TVALID      |  in |    1|    axis    |   input_2_61_V_V   |    pointer   |
|input_2_61_V_V_TREADY      | out |    1|    axis    |   input_2_61_V_V   |    pointer   |
|input_2_62_V_V_TDATA       |  in |   16|    axis    |   input_2_62_V_V   |    pointer   |
|input_2_62_V_V_TVALID      |  in |    1|    axis    |   input_2_62_V_V   |    pointer   |
|input_2_62_V_V_TREADY      | out |    1|    axis    |   input_2_62_V_V   |    pointer   |
|input_2_63_V_V_TDATA       |  in |   16|    axis    |   input_2_63_V_V   |    pointer   |
|input_2_63_V_V_TVALID      |  in |    1|    axis    |   input_2_63_V_V   |    pointer   |
|input_2_63_V_V_TREADY      | out |    1|    axis    |   input_2_63_V_V   |    pointer   |
|layer11_out_0_V_V_TDATA    | out |   16|    axis    |  layer11_out_0_V_V |    pointer   |
|layer11_out_0_V_V_TVALID   | out |    1|    axis    |  layer11_out_0_V_V |    pointer   |
|layer11_out_0_V_V_TREADY   |  in |    1|    axis    |  layer11_out_0_V_V |    pointer   |
|layer11_out_1_V_V_TDATA    | out |   16|    axis    |  layer11_out_1_V_V |    pointer   |
|layer11_out_1_V_V_TVALID   | out |    1|    axis    |  layer11_out_1_V_V |    pointer   |
|layer11_out_1_V_V_TREADY   |  in |    1|    axis    |  layer11_out_1_V_V |    pointer   |
|layer11_out_2_V_V_TDATA    | out |   16|    axis    |  layer11_out_2_V_V |    pointer   |
|layer11_out_2_V_V_TVALID   | out |    1|    axis    |  layer11_out_2_V_V |    pointer   |
|layer11_out_2_V_V_TREADY   |  in |    1|    axis    |  layer11_out_2_V_V |    pointer   |
|layer11_out_3_V_V_TDATA    | out |   16|    axis    |  layer11_out_3_V_V |    pointer   |
|layer11_out_3_V_V_TVALID   | out |    1|    axis    |  layer11_out_3_V_V |    pointer   |
|layer11_out_3_V_V_TREADY   |  in |    1|    axis    |  layer11_out_3_V_V |    pointer   |
|layer11_out_4_V_V_TDATA    | out |   16|    axis    |  layer11_out_4_V_V |    pointer   |
|layer11_out_4_V_V_TVALID   | out |    1|    axis    |  layer11_out_4_V_V |    pointer   |
|layer11_out_4_V_V_TREADY   |  in |    1|    axis    |  layer11_out_4_V_V |    pointer   |
|layer11_out_5_V_V_TDATA    | out |   16|    axis    |  layer11_out_5_V_V |    pointer   |
|layer11_out_5_V_V_TVALID   | out |    1|    axis    |  layer11_out_5_V_V |    pointer   |
|layer11_out_5_V_V_TREADY   |  in |    1|    axis    |  layer11_out_5_V_V |    pointer   |
|layer11_out_6_V_V_TDATA    | out |   16|    axis    |  layer11_out_6_V_V |    pointer   |
|layer11_out_6_V_V_TVALID   | out |    1|    axis    |  layer11_out_6_V_V |    pointer   |
|layer11_out_6_V_V_TREADY   |  in |    1|    axis    |  layer11_out_6_V_V |    pointer   |
|layer11_out_7_V_V_TDATA    | out |   16|    axis    |  layer11_out_7_V_V |    pointer   |
|layer11_out_7_V_V_TVALID   | out |    1|    axis    |  layer11_out_7_V_V |    pointer   |
|layer11_out_7_V_V_TREADY   |  in |    1|    axis    |  layer11_out_7_V_V |    pointer   |
|layer11_out_8_V_V_TDATA    | out |   16|    axis    |  layer11_out_8_V_V |    pointer   |
|layer11_out_8_V_V_TVALID   | out |    1|    axis    |  layer11_out_8_V_V |    pointer   |
|layer11_out_8_V_V_TREADY   |  in |    1|    axis    |  layer11_out_8_V_V |    pointer   |
|layer11_out_9_V_V_TDATA    | out |   16|    axis    |  layer11_out_9_V_V |    pointer   |
|layer11_out_9_V_V_TVALID   | out |    1|    axis    |  layer11_out_9_V_V |    pointer   |
|layer11_out_9_V_V_TREADY   |  in |    1|    axis    |  layer11_out_9_V_V |    pointer   |
|layer11_out_10_V_V_TDATA   | out |   16|    axis    | layer11_out_10_V_V |    pointer   |
|layer11_out_10_V_V_TVALID  | out |    1|    axis    | layer11_out_10_V_V |    pointer   |
|layer11_out_10_V_V_TREADY  |  in |    1|    axis    | layer11_out_10_V_V |    pointer   |
|layer11_out_11_V_V_TDATA   | out |   16|    axis    | layer11_out_11_V_V |    pointer   |
|layer11_out_11_V_V_TVALID  | out |    1|    axis    | layer11_out_11_V_V |    pointer   |
|layer11_out_11_V_V_TREADY  |  in |    1|    axis    | layer11_out_11_V_V |    pointer   |
|layer11_out_12_V_V_TDATA   | out |   16|    axis    | layer11_out_12_V_V |    pointer   |
|layer11_out_12_V_V_TVALID  | out |    1|    axis    | layer11_out_12_V_V |    pointer   |
|layer11_out_12_V_V_TREADY  |  in |    1|    axis    | layer11_out_12_V_V |    pointer   |
|layer11_out_13_V_V_TDATA   | out |   16|    axis    | layer11_out_13_V_V |    pointer   |
|layer11_out_13_V_V_TVALID  | out |    1|    axis    | layer11_out_13_V_V |    pointer   |
|layer11_out_13_V_V_TREADY  |  in |    1|    axis    | layer11_out_13_V_V |    pointer   |
|layer11_out_14_V_V_TDATA   | out |   16|    axis    | layer11_out_14_V_V |    pointer   |
|layer11_out_14_V_V_TVALID  | out |    1|    axis    | layer11_out_14_V_V |    pointer   |
|layer11_out_14_V_V_TREADY  |  in |    1|    axis    | layer11_out_14_V_V |    pointer   |
|layer11_out_15_V_V_TDATA   | out |   16|    axis    | layer11_out_15_V_V |    pointer   |
|layer11_out_15_V_V_TVALID  | out |    1|    axis    | layer11_out_15_V_V |    pointer   |
|layer11_out_15_V_V_TREADY  |  in |    1|    axis    | layer11_out_15_V_V |    pointer   |
|layer11_out_16_V_V_TDATA   | out |   16|    axis    | layer11_out_16_V_V |    pointer   |
|layer11_out_16_V_V_TVALID  | out |    1|    axis    | layer11_out_16_V_V |    pointer   |
|layer11_out_16_V_V_TREADY  |  in |    1|    axis    | layer11_out_16_V_V |    pointer   |
|layer11_out_17_V_V_TDATA   | out |   16|    axis    | layer11_out_17_V_V |    pointer   |
|layer11_out_17_V_V_TVALID  | out |    1|    axis    | layer11_out_17_V_V |    pointer   |
|layer11_out_17_V_V_TREADY  |  in |    1|    axis    | layer11_out_17_V_V |    pointer   |
|layer11_out_18_V_V_TDATA   | out |   16|    axis    | layer11_out_18_V_V |    pointer   |
|layer11_out_18_V_V_TVALID  | out |    1|    axis    | layer11_out_18_V_V |    pointer   |
|layer11_out_18_V_V_TREADY  |  in |    1|    axis    | layer11_out_18_V_V |    pointer   |
|layer11_out_19_V_V_TDATA   | out |   16|    axis    | layer11_out_19_V_V |    pointer   |
|layer11_out_19_V_V_TVALID  | out |    1|    axis    | layer11_out_19_V_V |    pointer   |
|layer11_out_19_V_V_TREADY  |  in |    1|    axis    | layer11_out_19_V_V |    pointer   |
|layer11_out_20_V_V_TDATA   | out |   16|    axis    | layer11_out_20_V_V |    pointer   |
|layer11_out_20_V_V_TVALID  | out |    1|    axis    | layer11_out_20_V_V |    pointer   |
|layer11_out_20_V_V_TREADY  |  in |    1|    axis    | layer11_out_20_V_V |    pointer   |
|layer11_out_21_V_V_TDATA   | out |   16|    axis    | layer11_out_21_V_V |    pointer   |
|layer11_out_21_V_V_TVALID  | out |    1|    axis    | layer11_out_21_V_V |    pointer   |
|layer11_out_21_V_V_TREADY  |  in |    1|    axis    | layer11_out_21_V_V |    pointer   |
|layer11_out_22_V_V_TDATA   | out |   16|    axis    | layer11_out_22_V_V |    pointer   |
|layer11_out_22_V_V_TVALID  | out |    1|    axis    | layer11_out_22_V_V |    pointer   |
|layer11_out_22_V_V_TREADY  |  in |    1|    axis    | layer11_out_22_V_V |    pointer   |
|layer11_out_23_V_V_TDATA   | out |   16|    axis    | layer11_out_23_V_V |    pointer   |
|layer11_out_23_V_V_TVALID  | out |    1|    axis    | layer11_out_23_V_V |    pointer   |
|layer11_out_23_V_V_TREADY  |  in |    1|    axis    | layer11_out_23_V_V |    pointer   |
|layer11_out_24_V_V_TDATA   | out |   16|    axis    | layer11_out_24_V_V |    pointer   |
|layer11_out_24_V_V_TVALID  | out |    1|    axis    | layer11_out_24_V_V |    pointer   |
|layer11_out_24_V_V_TREADY  |  in |    1|    axis    | layer11_out_24_V_V |    pointer   |
|layer11_out_25_V_V_TDATA   | out |   16|    axis    | layer11_out_25_V_V |    pointer   |
|layer11_out_25_V_V_TVALID  | out |    1|    axis    | layer11_out_25_V_V |    pointer   |
|layer11_out_25_V_V_TREADY  |  in |    1|    axis    | layer11_out_25_V_V |    pointer   |
|layer11_out_26_V_V_TDATA   | out |   16|    axis    | layer11_out_26_V_V |    pointer   |
|layer11_out_26_V_V_TVALID  | out |    1|    axis    | layer11_out_26_V_V |    pointer   |
|layer11_out_26_V_V_TREADY  |  in |    1|    axis    | layer11_out_26_V_V |    pointer   |
|layer11_out_27_V_V_TDATA   | out |   16|    axis    | layer11_out_27_V_V |    pointer   |
|layer11_out_27_V_V_TVALID  | out |    1|    axis    | layer11_out_27_V_V |    pointer   |
|layer11_out_27_V_V_TREADY  |  in |    1|    axis    | layer11_out_27_V_V |    pointer   |
|layer11_out_28_V_V_TDATA   | out |   16|    axis    | layer11_out_28_V_V |    pointer   |
|layer11_out_28_V_V_TVALID  | out |    1|    axis    | layer11_out_28_V_V |    pointer   |
|layer11_out_28_V_V_TREADY  |  in |    1|    axis    | layer11_out_28_V_V |    pointer   |
|layer11_out_29_V_V_TDATA   | out |   16|    axis    | layer11_out_29_V_V |    pointer   |
|layer11_out_29_V_V_TVALID  | out |    1|    axis    | layer11_out_29_V_V |    pointer   |
|layer11_out_29_V_V_TREADY  |  in |    1|    axis    | layer11_out_29_V_V |    pointer   |
|layer11_out_30_V_V_TDATA   | out |   16|    axis    | layer11_out_30_V_V |    pointer   |
|layer11_out_30_V_V_TVALID  | out |    1|    axis    | layer11_out_30_V_V |    pointer   |
|layer11_out_30_V_V_TREADY  |  in |    1|    axis    | layer11_out_30_V_V |    pointer   |
|layer11_out_31_V_V_TDATA   | out |   16|    axis    | layer11_out_31_V_V |    pointer   |
|layer11_out_31_V_V_TVALID  | out |    1|    axis    | layer11_out_31_V_V |    pointer   |
|layer11_out_31_V_V_TREADY  |  in |    1|    axis    | layer11_out_31_V_V |    pointer   |
|layer11_out_32_V_V_TDATA   | out |   16|    axis    | layer11_out_32_V_V |    pointer   |
|layer11_out_32_V_V_TVALID  | out |    1|    axis    | layer11_out_32_V_V |    pointer   |
|layer11_out_32_V_V_TREADY  |  in |    1|    axis    | layer11_out_32_V_V |    pointer   |
|layer11_out_33_V_V_TDATA   | out |   16|    axis    | layer11_out_33_V_V |    pointer   |
|layer11_out_33_V_V_TVALID  | out |    1|    axis    | layer11_out_33_V_V |    pointer   |
|layer11_out_33_V_V_TREADY  |  in |    1|    axis    | layer11_out_33_V_V |    pointer   |
|layer11_out_34_V_V_TDATA   | out |   16|    axis    | layer11_out_34_V_V |    pointer   |
|layer11_out_34_V_V_TVALID  | out |    1|    axis    | layer11_out_34_V_V |    pointer   |
|layer11_out_34_V_V_TREADY  |  in |    1|    axis    | layer11_out_34_V_V |    pointer   |
|layer11_out_35_V_V_TDATA   | out |   16|    axis    | layer11_out_35_V_V |    pointer   |
|layer11_out_35_V_V_TVALID  | out |    1|    axis    | layer11_out_35_V_V |    pointer   |
|layer11_out_35_V_V_TREADY  |  in |    1|    axis    | layer11_out_35_V_V |    pointer   |
|layer11_out_36_V_V_TDATA   | out |   16|    axis    | layer11_out_36_V_V |    pointer   |
|layer11_out_36_V_V_TVALID  | out |    1|    axis    | layer11_out_36_V_V |    pointer   |
|layer11_out_36_V_V_TREADY  |  in |    1|    axis    | layer11_out_36_V_V |    pointer   |
|layer11_out_37_V_V_TDATA   | out |   16|    axis    | layer11_out_37_V_V |    pointer   |
|layer11_out_37_V_V_TVALID  | out |    1|    axis    | layer11_out_37_V_V |    pointer   |
|layer11_out_37_V_V_TREADY  |  in |    1|    axis    | layer11_out_37_V_V |    pointer   |
|layer11_out_38_V_V_TDATA   | out |   16|    axis    | layer11_out_38_V_V |    pointer   |
|layer11_out_38_V_V_TVALID  | out |    1|    axis    | layer11_out_38_V_V |    pointer   |
|layer11_out_38_V_V_TREADY  |  in |    1|    axis    | layer11_out_38_V_V |    pointer   |
|layer11_out_39_V_V_TDATA   | out |   16|    axis    | layer11_out_39_V_V |    pointer   |
|layer11_out_39_V_V_TVALID  | out |    1|    axis    | layer11_out_39_V_V |    pointer   |
|layer11_out_39_V_V_TREADY  |  in |    1|    axis    | layer11_out_39_V_V |    pointer   |
|layer11_out_40_V_V_TDATA   | out |   16|    axis    | layer11_out_40_V_V |    pointer   |
|layer11_out_40_V_V_TVALID  | out |    1|    axis    | layer11_out_40_V_V |    pointer   |
|layer11_out_40_V_V_TREADY  |  in |    1|    axis    | layer11_out_40_V_V |    pointer   |
|layer11_out_41_V_V_TDATA   | out |   16|    axis    | layer11_out_41_V_V |    pointer   |
|layer11_out_41_V_V_TVALID  | out |    1|    axis    | layer11_out_41_V_V |    pointer   |
|layer11_out_41_V_V_TREADY  |  in |    1|    axis    | layer11_out_41_V_V |    pointer   |
|layer11_out_42_V_V_TDATA   | out |   16|    axis    | layer11_out_42_V_V |    pointer   |
|layer11_out_42_V_V_TVALID  | out |    1|    axis    | layer11_out_42_V_V |    pointer   |
|layer11_out_42_V_V_TREADY  |  in |    1|    axis    | layer11_out_42_V_V |    pointer   |
|layer11_out_43_V_V_TDATA   | out |   16|    axis    | layer11_out_43_V_V |    pointer   |
|layer11_out_43_V_V_TVALID  | out |    1|    axis    | layer11_out_43_V_V |    pointer   |
|layer11_out_43_V_V_TREADY  |  in |    1|    axis    | layer11_out_43_V_V |    pointer   |
|layer11_out_44_V_V_TDATA   | out |   16|    axis    | layer11_out_44_V_V |    pointer   |
|layer11_out_44_V_V_TVALID  | out |    1|    axis    | layer11_out_44_V_V |    pointer   |
|layer11_out_44_V_V_TREADY  |  in |    1|    axis    | layer11_out_44_V_V |    pointer   |
|layer11_out_45_V_V_TDATA   | out |   16|    axis    | layer11_out_45_V_V |    pointer   |
|layer11_out_45_V_V_TVALID  | out |    1|    axis    | layer11_out_45_V_V |    pointer   |
|layer11_out_45_V_V_TREADY  |  in |    1|    axis    | layer11_out_45_V_V |    pointer   |
|layer11_out_46_V_V_TDATA   | out |   16|    axis    | layer11_out_46_V_V |    pointer   |
|layer11_out_46_V_V_TVALID  | out |    1|    axis    | layer11_out_46_V_V |    pointer   |
|layer11_out_46_V_V_TREADY  |  in |    1|    axis    | layer11_out_46_V_V |    pointer   |
|layer11_out_47_V_V_TDATA   | out |   16|    axis    | layer11_out_47_V_V |    pointer   |
|layer11_out_47_V_V_TVALID  | out |    1|    axis    | layer11_out_47_V_V |    pointer   |
|layer11_out_47_V_V_TREADY  |  in |    1|    axis    | layer11_out_47_V_V |    pointer   |
|layer11_out_48_V_V_TDATA   | out |   16|    axis    | layer11_out_48_V_V |    pointer   |
|layer11_out_48_V_V_TVALID  | out |    1|    axis    | layer11_out_48_V_V |    pointer   |
|layer11_out_48_V_V_TREADY  |  in |    1|    axis    | layer11_out_48_V_V |    pointer   |
|layer11_out_49_V_V_TDATA   | out |   16|    axis    | layer11_out_49_V_V |    pointer   |
|layer11_out_49_V_V_TVALID  | out |    1|    axis    | layer11_out_49_V_V |    pointer   |
|layer11_out_49_V_V_TREADY  |  in |    1|    axis    | layer11_out_49_V_V |    pointer   |
|layer11_out_50_V_V_TDATA   | out |   16|    axis    | layer11_out_50_V_V |    pointer   |
|layer11_out_50_V_V_TVALID  | out |    1|    axis    | layer11_out_50_V_V |    pointer   |
|layer11_out_50_V_V_TREADY  |  in |    1|    axis    | layer11_out_50_V_V |    pointer   |
|layer11_out_51_V_V_TDATA   | out |   16|    axis    | layer11_out_51_V_V |    pointer   |
|layer11_out_51_V_V_TVALID  | out |    1|    axis    | layer11_out_51_V_V |    pointer   |
|layer11_out_51_V_V_TREADY  |  in |    1|    axis    | layer11_out_51_V_V |    pointer   |
|layer11_out_52_V_V_TDATA   | out |   16|    axis    | layer11_out_52_V_V |    pointer   |
|layer11_out_52_V_V_TVALID  | out |    1|    axis    | layer11_out_52_V_V |    pointer   |
|layer11_out_52_V_V_TREADY  |  in |    1|    axis    | layer11_out_52_V_V |    pointer   |
|layer11_out_53_V_V_TDATA   | out |   16|    axis    | layer11_out_53_V_V |    pointer   |
|layer11_out_53_V_V_TVALID  | out |    1|    axis    | layer11_out_53_V_V |    pointer   |
|layer11_out_53_V_V_TREADY  |  in |    1|    axis    | layer11_out_53_V_V |    pointer   |
|layer11_out_54_V_V_TDATA   | out |   16|    axis    | layer11_out_54_V_V |    pointer   |
|layer11_out_54_V_V_TVALID  | out |    1|    axis    | layer11_out_54_V_V |    pointer   |
|layer11_out_54_V_V_TREADY  |  in |    1|    axis    | layer11_out_54_V_V |    pointer   |
|layer11_out_55_V_V_TDATA   | out |   16|    axis    | layer11_out_55_V_V |    pointer   |
|layer11_out_55_V_V_TVALID  | out |    1|    axis    | layer11_out_55_V_V |    pointer   |
|layer11_out_55_V_V_TREADY  |  in |    1|    axis    | layer11_out_55_V_V |    pointer   |
|layer11_out_56_V_V_TDATA   | out |   16|    axis    | layer11_out_56_V_V |    pointer   |
|layer11_out_56_V_V_TVALID  | out |    1|    axis    | layer11_out_56_V_V |    pointer   |
|layer11_out_56_V_V_TREADY  |  in |    1|    axis    | layer11_out_56_V_V |    pointer   |
|layer11_out_57_V_V_TDATA   | out |   16|    axis    | layer11_out_57_V_V |    pointer   |
|layer11_out_57_V_V_TVALID  | out |    1|    axis    | layer11_out_57_V_V |    pointer   |
|layer11_out_57_V_V_TREADY  |  in |    1|    axis    | layer11_out_57_V_V |    pointer   |
|layer11_out_58_V_V_TDATA   | out |   16|    axis    | layer11_out_58_V_V |    pointer   |
|layer11_out_58_V_V_TVALID  | out |    1|    axis    | layer11_out_58_V_V |    pointer   |
|layer11_out_58_V_V_TREADY  |  in |    1|    axis    | layer11_out_58_V_V |    pointer   |
|layer11_out_59_V_V_TDATA   | out |   16|    axis    | layer11_out_59_V_V |    pointer   |
|layer11_out_59_V_V_TVALID  | out |    1|    axis    | layer11_out_59_V_V |    pointer   |
|layer11_out_59_V_V_TREADY  |  in |    1|    axis    | layer11_out_59_V_V |    pointer   |
|layer11_out_60_V_V_TDATA   | out |   16|    axis    | layer11_out_60_V_V |    pointer   |
|layer11_out_60_V_V_TVALID  | out |    1|    axis    | layer11_out_60_V_V |    pointer   |
|layer11_out_60_V_V_TREADY  |  in |    1|    axis    | layer11_out_60_V_V |    pointer   |
|layer11_out_61_V_V_TDATA   | out |   16|    axis    | layer11_out_61_V_V |    pointer   |
|layer11_out_61_V_V_TVALID  | out |    1|    axis    | layer11_out_61_V_V |    pointer   |
|layer11_out_61_V_V_TREADY  |  in |    1|    axis    | layer11_out_61_V_V |    pointer   |
|layer11_out_62_V_V_TDATA   | out |   16|    axis    | layer11_out_62_V_V |    pointer   |
|layer11_out_62_V_V_TVALID  | out |    1|    axis    | layer11_out_62_V_V |    pointer   |
|layer11_out_62_V_V_TREADY  |  in |    1|    axis    | layer11_out_62_V_V |    pointer   |
|layer11_out_63_V_V_TDATA   | out |   16|    axis    | layer11_out_63_V_V |    pointer   |
|layer11_out_63_V_V_TVALID  | out |    1|    axis    | layer11_out_63_V_V |    pointer   |
|layer11_out_63_V_V_TREADY  |  in |    1|    axis    | layer11_out_63_V_V |    pointer   |
|layer11_out_64_V_V_TDATA   | out |   16|    axis    | layer11_out_64_V_V |    pointer   |
|layer11_out_64_V_V_TVALID  | out |    1|    axis    | layer11_out_64_V_V |    pointer   |
|layer11_out_64_V_V_TREADY  |  in |    1|    axis    | layer11_out_64_V_V |    pointer   |
|layer11_out_65_V_V_TDATA   | out |   16|    axis    | layer11_out_65_V_V |    pointer   |
|layer11_out_65_V_V_TVALID  | out |    1|    axis    | layer11_out_65_V_V |    pointer   |
|layer11_out_65_V_V_TREADY  |  in |    1|    axis    | layer11_out_65_V_V |    pointer   |
|layer11_out_66_V_V_TDATA   | out |   16|    axis    | layer11_out_66_V_V |    pointer   |
|layer11_out_66_V_V_TVALID  | out |    1|    axis    | layer11_out_66_V_V |    pointer   |
|layer11_out_66_V_V_TREADY  |  in |    1|    axis    | layer11_out_66_V_V |    pointer   |
|layer11_out_67_V_V_TDATA   | out |   16|    axis    | layer11_out_67_V_V |    pointer   |
|layer11_out_67_V_V_TVALID  | out |    1|    axis    | layer11_out_67_V_V |    pointer   |
|layer11_out_67_V_V_TREADY  |  in |    1|    axis    | layer11_out_67_V_V |    pointer   |
|layer11_out_68_V_V_TDATA   | out |   16|    axis    | layer11_out_68_V_V |    pointer   |
|layer11_out_68_V_V_TVALID  | out |    1|    axis    | layer11_out_68_V_V |    pointer   |
|layer11_out_68_V_V_TREADY  |  in |    1|    axis    | layer11_out_68_V_V |    pointer   |
|layer11_out_69_V_V_TDATA   | out |   16|    axis    | layer11_out_69_V_V |    pointer   |
|layer11_out_69_V_V_TVALID  | out |    1|    axis    | layer11_out_69_V_V |    pointer   |
|layer11_out_69_V_V_TREADY  |  in |    1|    axis    | layer11_out_69_V_V |    pointer   |
|layer11_out_70_V_V_TDATA   | out |   16|    axis    | layer11_out_70_V_V |    pointer   |
|layer11_out_70_V_V_TVALID  | out |    1|    axis    | layer11_out_70_V_V |    pointer   |
|layer11_out_70_V_V_TREADY  |  in |    1|    axis    | layer11_out_70_V_V |    pointer   |
|layer11_out_71_V_V_TDATA   | out |   16|    axis    | layer11_out_71_V_V |    pointer   |
|layer11_out_71_V_V_TVALID  | out |    1|    axis    | layer11_out_71_V_V |    pointer   |
|layer11_out_71_V_V_TREADY  |  in |    1|    axis    | layer11_out_71_V_V |    pointer   |
|layer11_out_72_V_V_TDATA   | out |   16|    axis    | layer11_out_72_V_V |    pointer   |
|layer11_out_72_V_V_TVALID  | out |    1|    axis    | layer11_out_72_V_V |    pointer   |
|layer11_out_72_V_V_TREADY  |  in |    1|    axis    | layer11_out_72_V_V |    pointer   |
|layer11_out_73_V_V_TDATA   | out |   16|    axis    | layer11_out_73_V_V |    pointer   |
|layer11_out_73_V_V_TVALID  | out |    1|    axis    | layer11_out_73_V_V |    pointer   |
|layer11_out_73_V_V_TREADY  |  in |    1|    axis    | layer11_out_73_V_V |    pointer   |
|ap_clk                     |  in |    1| ap_ctrl_hs |      myproject     | return value |
|ap_rst_n                   |  in |    1| ap_ctrl_hs |      myproject     | return value |
|ap_start                   |  in |    1| ap_ctrl_hs |      myproject     | return value |
|ap_done                    | out |    1| ap_ctrl_hs |      myproject     | return value |
|ap_ready                   | out |    1| ap_ctrl_hs |      myproject     | return value |
|ap_idle                    | out |    1| ap_ctrl_hs |      myproject     | return value |
+---------------------------+-----+-----+------------+--------------------+--------------+

