

================================================================
== Vivado HLS Report for 'tanh_ap_fixed_ap_fixed_16_8_5_3_0_tanh_config2_s'
================================================================
* Date:           Sun Apr 23 20:53:32 2023

* Version:        2019.2 (Build 2704478 on Wed Nov 06 22:10:23 MST 2019)
* Project:        myproject_prj
* Solution:       solution1
* Product family: virtexuplus
* Target device:  xcu50-fsvh2104-2L-e


================================================================
== Performance Estimates
================================================================
+ Timing: 
    * Summary: 
    +--------+---------+----------+------------+
    |  Clock |  Target | Estimated| Uncertainty|
    +--------+---------+----------+------------+
    |ap_clk  | 5.00 ns | 4.032 ns |   0.62 ns  |
    +--------+---------+----------+------------+

+ Latency: 
    * Summary: 
    +---------+---------+----------+----------+-----+-----+----------+
    |  Latency (cycles) |  Latency (absolute) |  Interval | Pipeline |
    |   min   |   max   |    min   |    max   | min | max |   Type   |
    +---------+---------+----------+----------+-----+-----+----------+
    |        1|        1| 5.000 ns | 5.000 ns |    1|    1| function |
    +---------+---------+----------+----------+-----+-----+----------+

    + Detail: 
        * Instance: 
        N/A

        * Loop: 
        N/A



================================================================
== Utilization Estimates
================================================================
* Summary: 
+---------------------+---------+-------+---------+--------+-----+
|         Name        | BRAM_18K| DSP48E|    FF   |   LUT  | URAM|
+---------------------+---------+-------+---------+--------+-----+
|DSP                  |        -|      -|        -|       -|    -|
|Expression           |        -|      -|        0|    9348|    -|
|FIFO                 |        -|      -|        -|       -|    -|
|Instance             |        -|      -|        -|       -|    -|
|Memory               |       32|      -|        0|       0|    -|
|Multiplexer          |        -|      -|        -|       -|    -|
|Register             |        -|      -|        2|       -|    -|
+---------------------+---------+-------+---------+--------+-----+
|Total                |       32|      0|        2|    9348|    0|
+---------------------+---------+-------+---------+--------+-----+
|Available SLR        |     1344|   2976|   871680|  435840|  320|
+---------------------+---------+-------+---------+--------+-----+
|Utilization SLR (%)  |        2|      0|    ~0   |       2|    0|
+---------------------+---------+-------+---------+--------+-----+
|Available            |     2688|   5952|  1743360|  871680|  640|
+---------------------+---------+-------+---------+--------+-----+
|Utilization (%)      |        1|      0|    ~0   |       1|    0|
+---------------------+---------+-------+---------+--------+-----+

+ Detail: 
    * Instance: 
    N/A

    * DSP48E: 
    N/A

    * Memory: 
    +----------------+--------------------------------------------------------------+---------+---+----+-----+------+-----+------+-------------+
    |     Memory     |                            Module                            | BRAM_18K| FF| LUT| URAM| Words| Bits| Banks| W*Bits*Banks|
    +----------------+--------------------------------------------------------------+---------+---+----+-----+------+-----+------+-------------+
    |tanh_table12_U  |tanh_ap_fixed_ap_fixed_16_8_5_3_0_tanh_config2_s_tanh_tabcud  |       32|  0|   0|    0|  1024|   11|     1|        11264|
    +----------------+--------------------------------------------------------------+---------+---+----+-----+------+-----+------+-------------+
    |Total           |                                                              |       32|  0|   0|    0|  1024|   11|     1|        11264|
    +----------------+--------------------------------------------------------------+---------+---+----+-----+------+-----+------+-------------+

    * FIFO: 
    N/A

    * Expression: 
    +-----------------------------+----------+-------+---+----+------------+------------+
    |        Variable Name        | Operation| DSP48E| FF| LUT| Bitwidth P0| Bitwidth P1|
    +-----------------------------+----------+-------+---+----+------------+------------+
    |add_ln442_100_fu_6332_p2     |     +    |      0|  0|  16|          10|          16|
    |add_ln442_101_fu_6465_p2     |     +    |      0|  0|  16|          10|          16|
    |add_ln442_102_fu_6598_p2     |     +    |      0|  0|  16|          10|          16|
    |add_ln442_103_fu_6731_p2     |     +    |      0|  0|  16|          10|          16|
    |add_ln442_104_fu_6864_p2     |     +    |      0|  0|  16|          10|          16|
    |add_ln442_105_fu_6997_p2     |     +    |      0|  0|  16|          10|          16|
    |add_ln442_106_fu_7130_p2     |     +    |      0|  0|  16|          10|          16|
    |add_ln442_107_fu_7263_p2     |     +    |      0|  0|  16|          10|          16|
    |add_ln442_108_fu_7396_p2     |     +    |      0|  0|  16|          10|          16|
    |add_ln442_109_fu_7529_p2     |     +    |      0|  0|  16|          10|          16|
    |add_ln442_110_fu_7662_p2     |     +    |      0|  0|  16|          10|          16|
    |add_ln442_111_fu_7795_p2     |     +    |      0|  0|  16|          10|          16|
    |add_ln442_112_fu_7928_p2     |     +    |      0|  0|  16|          10|          16|
    |add_ln442_113_fu_8061_p2     |     +    |      0|  0|  16|          10|          16|
    |add_ln442_114_fu_8194_p2     |     +    |      0|  0|  16|          10|          16|
    |add_ln442_115_fu_8327_p2     |     +    |      0|  0|  16|          10|          16|
    |add_ln442_116_fu_8460_p2     |     +    |      0|  0|  16|          10|          16|
    |add_ln442_117_fu_8593_p2     |     +    |      0|  0|  16|          10|          16|
    |add_ln442_118_fu_8726_p2     |     +    |      0|  0|  16|          10|          16|
    |add_ln442_119_fu_8859_p2     |     +    |      0|  0|  16|          10|          16|
    |add_ln442_120_fu_8992_p2     |     +    |      0|  0|  16|          10|          16|
    |add_ln442_121_fu_9125_p2     |     +    |      0|  0|  16|          10|          16|
    |add_ln442_122_fu_9258_p2     |     +    |      0|  0|  16|          10|          16|
    |add_ln442_123_fu_9391_p2     |     +    |      0|  0|  16|          10|          16|
    |add_ln442_124_fu_9524_p2     |     +    |      0|  0|  16|          10|          16|
    |add_ln442_125_fu_9657_p2     |     +    |      0|  0|  16|          10|          16|
    |add_ln442_126_fu_9790_p2     |     +    |      0|  0|  16|          10|          16|
    |add_ln442_128_fu_1417_p2     |     +    |      0|  0|  15|          10|          15|
    |add_ln442_129_fu_1550_p2     |     +    |      0|  0|  15|          10|          15|
    |add_ln442_130_fu_1683_p2     |     +    |      0|  0|  15|          10|          15|
    |add_ln442_131_fu_1816_p2     |     +    |      0|  0|  15|          10|          15|
    |add_ln442_132_fu_1949_p2     |     +    |      0|  0|  15|          10|          15|
    |add_ln442_133_fu_2082_p2     |     +    |      0|  0|  15|          10|          15|
    |add_ln442_134_fu_2215_p2     |     +    |      0|  0|  15|          10|          15|
    |add_ln442_135_fu_2348_p2     |     +    |      0|  0|  15|          10|          15|
    |add_ln442_136_fu_2481_p2     |     +    |      0|  0|  15|          10|          15|
    |add_ln442_137_fu_2614_p2     |     +    |      0|  0|  15|          10|          15|
    |add_ln442_138_fu_2747_p2     |     +    |      0|  0|  15|          10|          15|
    |add_ln442_139_fu_2880_p2     |     +    |      0|  0|  15|          10|          15|
    |add_ln442_140_fu_3013_p2     |     +    |      0|  0|  15|          10|          15|
    |add_ln442_141_fu_3146_p2     |     +    |      0|  0|  15|          10|          15|
    |add_ln442_142_fu_3279_p2     |     +    |      0|  0|  15|          10|          15|
    |add_ln442_143_fu_3412_p2     |     +    |      0|  0|  15|          10|          15|
    |add_ln442_144_fu_3545_p2     |     +    |      0|  0|  15|          10|          15|
    |add_ln442_145_fu_3678_p2     |     +    |      0|  0|  15|          10|          15|
    |add_ln442_146_fu_3811_p2     |     +    |      0|  0|  15|          10|          15|
    |add_ln442_147_fu_3944_p2     |     +    |      0|  0|  15|          10|          15|
    |add_ln442_148_fu_4077_p2     |     +    |      0|  0|  15|          10|          15|
    |add_ln442_149_fu_4210_p2     |     +    |      0|  0|  15|          10|          15|
    |add_ln442_150_fu_4343_p2     |     +    |      0|  0|  15|          10|          15|
    |add_ln442_151_fu_4476_p2     |     +    |      0|  0|  15|          10|          15|
    |add_ln442_152_fu_4609_p2     |     +    |      0|  0|  15|          10|          15|
    |add_ln442_153_fu_4742_p2     |     +    |      0|  0|  15|          10|          15|
    |add_ln442_154_fu_4875_p2     |     +    |      0|  0|  15|          10|          15|
    |add_ln442_155_fu_5008_p2     |     +    |      0|  0|  15|          10|          15|
    |add_ln442_156_fu_5141_p2     |     +    |      0|  0|  15|          10|          15|
    |add_ln442_157_fu_5274_p2     |     +    |      0|  0|  15|          10|          15|
    |add_ln442_158_fu_5407_p2     |     +    |      0|  0|  15|          10|          15|
    |add_ln442_159_fu_5540_p2     |     +    |      0|  0|  15|          10|          15|
    |add_ln442_160_fu_5673_p2     |     +    |      0|  0|  15|          10|          15|
    |add_ln442_161_fu_5806_p2     |     +    |      0|  0|  15|          10|          15|
    |add_ln442_162_fu_5939_p2     |     +    |      0|  0|  15|          10|          15|
    |add_ln442_163_fu_6072_p2     |     +    |      0|  0|  15|          10|          15|
    |add_ln442_164_fu_6205_p2     |     +    |      0|  0|  15|          10|          15|
    |add_ln442_165_fu_6338_p2     |     +    |      0|  0|  15|          10|          15|
    |add_ln442_166_fu_6471_p2     |     +    |      0|  0|  15|          10|          15|
    |add_ln442_167_fu_6604_p2     |     +    |      0|  0|  15|          10|          15|
    |add_ln442_168_fu_6737_p2     |     +    |      0|  0|  15|          10|          15|
    |add_ln442_169_fu_6870_p2     |     +    |      0|  0|  15|          10|          15|
    |add_ln442_170_fu_7003_p2     |     +    |      0|  0|  15|          10|          15|
    |add_ln442_171_fu_7136_p2     |     +    |      0|  0|  15|          10|          15|
    |add_ln442_172_fu_7269_p2     |     +    |      0|  0|  15|          10|          15|
    |add_ln442_173_fu_7402_p2     |     +    |      0|  0|  15|          10|          15|
    |add_ln442_174_fu_7535_p2     |     +    |      0|  0|  15|          10|          15|
    |add_ln442_175_fu_7668_p2     |     +    |      0|  0|  15|          10|          15|
    |add_ln442_176_fu_7801_p2     |     +    |      0|  0|  15|          10|          15|
    |add_ln442_177_fu_7934_p2     |     +    |      0|  0|  15|          10|          15|
    |add_ln442_178_fu_8067_p2     |     +    |      0|  0|  15|          10|          15|
    |add_ln442_179_fu_8200_p2     |     +    |      0|  0|  15|          10|          15|
    |add_ln442_180_fu_8333_p2     |     +    |      0|  0|  15|          10|          15|
    |add_ln442_181_fu_8466_p2     |     +    |      0|  0|  15|          10|          15|
    |add_ln442_182_fu_8599_p2     |     +    |      0|  0|  15|          10|          15|
    |add_ln442_183_fu_8732_p2     |     +    |      0|  0|  15|          10|          15|
    |add_ln442_184_fu_8865_p2     |     +    |      0|  0|  15|          10|          15|
    |add_ln442_185_fu_8998_p2     |     +    |      0|  0|  15|          10|          15|
    |add_ln442_186_fu_9131_p2     |     +    |      0|  0|  15|          10|          15|
    |add_ln442_187_fu_9264_p2     |     +    |      0|  0|  15|          10|          15|
    |add_ln442_188_fu_9397_p2     |     +    |      0|  0|  15|          10|          15|
    |add_ln442_189_fu_9530_p2     |     +    |      0|  0|  15|          10|          15|
    |add_ln442_190_fu_9663_p2     |     +    |      0|  0|  15|          10|          15|
    |add_ln442_191_fu_9796_p2     |     +    |      0|  0|  15|          10|          15|
    |add_ln442_64_fu_1544_p2      |     +    |      0|  0|  16|          10|          16|
    |add_ln442_65_fu_1677_p2      |     +    |      0|  0|  16|          10|          16|
    |add_ln442_66_fu_1810_p2      |     +    |      0|  0|  16|          10|          16|
    |add_ln442_67_fu_1943_p2      |     +    |      0|  0|  16|          10|          16|
    |add_ln442_68_fu_2076_p2      |     +    |      0|  0|  16|          10|          16|
    |add_ln442_69_fu_2209_p2      |     +    |      0|  0|  16|          10|          16|
    |add_ln442_70_fu_2342_p2      |     +    |      0|  0|  16|          10|          16|
    |add_ln442_71_fu_2475_p2      |     +    |      0|  0|  16|          10|          16|
    |add_ln442_72_fu_2608_p2      |     +    |      0|  0|  16|          10|          16|
    |add_ln442_73_fu_2741_p2      |     +    |      0|  0|  16|          10|          16|
    |add_ln442_74_fu_2874_p2      |     +    |      0|  0|  16|          10|          16|
    |add_ln442_75_fu_3007_p2      |     +    |      0|  0|  16|          10|          16|
    |add_ln442_76_fu_3140_p2      |     +    |      0|  0|  16|          10|          16|
    |add_ln442_77_fu_3273_p2      |     +    |      0|  0|  16|          10|          16|
    |add_ln442_78_fu_3406_p2      |     +    |      0|  0|  16|          10|          16|
    |add_ln442_79_fu_3539_p2      |     +    |      0|  0|  16|          10|          16|
    |add_ln442_80_fu_3672_p2      |     +    |      0|  0|  16|          10|          16|
    |add_ln442_81_fu_3805_p2      |     +    |      0|  0|  16|          10|          16|
    |add_ln442_82_fu_3938_p2      |     +    |      0|  0|  16|          10|          16|
    |add_ln442_83_fu_4071_p2      |     +    |      0|  0|  16|          10|          16|
    |add_ln442_84_fu_4204_p2      |     +    |      0|  0|  16|          10|          16|
    |add_ln442_85_fu_4337_p2      |     +    |      0|  0|  16|          10|          16|
    |add_ln442_86_fu_4470_p2      |     +    |      0|  0|  16|          10|          16|
    |add_ln442_87_fu_4603_p2      |     +    |      0|  0|  16|          10|          16|
    |add_ln442_88_fu_4736_p2      |     +    |      0|  0|  16|          10|          16|
    |add_ln442_89_fu_4869_p2      |     +    |      0|  0|  16|          10|          16|
    |add_ln442_90_fu_5002_p2      |     +    |      0|  0|  16|          10|          16|
    |add_ln442_91_fu_5135_p2      |     +    |      0|  0|  16|          10|          16|
    |add_ln442_92_fu_5268_p2      |     +    |      0|  0|  16|          10|          16|
    |add_ln442_93_fu_5401_p2      |     +    |      0|  0|  16|          10|          16|
    |add_ln442_94_fu_5534_p2      |     +    |      0|  0|  16|          10|          16|
    |add_ln442_95_fu_5667_p2      |     +    |      0|  0|  16|          10|          16|
    |add_ln442_96_fu_5800_p2      |     +    |      0|  0|  16|          10|          16|
    |add_ln442_97_fu_5933_p2      |     +    |      0|  0|  16|          10|          16|
    |add_ln442_98_fu_6066_p2      |     +    |      0|  0|  16|          10|          16|
    |add_ln442_99_fu_6199_p2      |     +    |      0|  0|  16|          10|          16|
    |add_ln442_fu_1411_p2         |     +    |      0|  0|  16|          10|          16|
    |add_ln700_100_fu_6306_p2     |     +    |      0|  0|  16|           1|          16|
    |add_ln700_101_fu_6439_p2     |     +    |      0|  0|  16|           1|          16|
    |add_ln700_102_fu_6572_p2     |     +    |      0|  0|  16|           1|          16|
    |add_ln700_103_fu_6705_p2     |     +    |      0|  0|  16|           1|          16|
    |add_ln700_104_fu_6838_p2     |     +    |      0|  0|  16|           1|          16|
    |add_ln700_105_fu_6971_p2     |     +    |      0|  0|  16|           1|          16|
    |add_ln700_106_fu_7104_p2     |     +    |      0|  0|  16|           1|          16|
    |add_ln700_107_fu_7237_p2     |     +    |      0|  0|  16|           1|          16|
    |add_ln700_108_fu_7370_p2     |     +    |      0|  0|  16|           1|          16|
    |add_ln700_109_fu_7503_p2     |     +    |      0|  0|  16|           1|          16|
    |add_ln700_110_fu_7636_p2     |     +    |      0|  0|  16|           1|          16|
    |add_ln700_111_fu_7769_p2     |     +    |      0|  0|  16|           1|          16|
    |add_ln700_112_fu_7902_p2     |     +    |      0|  0|  16|           1|          16|
    |add_ln700_113_fu_8035_p2     |     +    |      0|  0|  16|           1|          16|
    |add_ln700_114_fu_8168_p2     |     +    |      0|  0|  16|           1|          16|
    |add_ln700_115_fu_8301_p2     |     +    |      0|  0|  16|           1|          16|
    |add_ln700_116_fu_8434_p2     |     +    |      0|  0|  16|           1|          16|
    |add_ln700_117_fu_8567_p2     |     +    |      0|  0|  16|           1|          16|
    |add_ln700_118_fu_8700_p2     |     +    |      0|  0|  16|           1|          16|
    |add_ln700_119_fu_8833_p2     |     +    |      0|  0|  16|           1|          16|
    |add_ln700_120_fu_8966_p2     |     +    |      0|  0|  16|           1|          16|
    |add_ln700_121_fu_9099_p2     |     +    |      0|  0|  16|           1|          16|
    |add_ln700_122_fu_9232_p2     |     +    |      0|  0|  16|           1|          16|
    |add_ln700_123_fu_9365_p2     |     +    |      0|  0|  16|           1|          16|
    |add_ln700_124_fu_9498_p2     |     +    |      0|  0|  16|           1|          16|
    |add_ln700_125_fu_9631_p2     |     +    |      0|  0|  16|           1|          16|
    |add_ln700_126_fu_9764_p2     |     +    |      0|  0|  16|           1|          16|
    |add_ln700_64_fu_1518_p2      |     +    |      0|  0|  16|           1|          16|
    |add_ln700_65_fu_1651_p2      |     +    |      0|  0|  16|           1|          16|
    |add_ln700_66_fu_1784_p2      |     +    |      0|  0|  16|           1|          16|
    |add_ln700_67_fu_1917_p2      |     +    |      0|  0|  16|           1|          16|
    |add_ln700_68_fu_2050_p2      |     +    |      0|  0|  16|           1|          16|
    |add_ln700_69_fu_2183_p2      |     +    |      0|  0|  16|           1|          16|
    |add_ln700_70_fu_2316_p2      |     +    |      0|  0|  16|           1|          16|
    |add_ln700_71_fu_2449_p2      |     +    |      0|  0|  16|           1|          16|
    |add_ln700_72_fu_2582_p2      |     +    |      0|  0|  16|           1|          16|
    |add_ln700_73_fu_2715_p2      |     +    |      0|  0|  16|           1|          16|
    |add_ln700_74_fu_2848_p2      |     +    |      0|  0|  16|           1|          16|
    |add_ln700_75_fu_2981_p2      |     +    |      0|  0|  16|           1|          16|
    |add_ln700_76_fu_3114_p2      |     +    |      0|  0|  16|           1|          16|
    |add_ln700_77_fu_3247_p2      |     +    |      0|  0|  16|           1|          16|
    |add_ln700_78_fu_3380_p2      |     +    |      0|  0|  16|           1|          16|
    |add_ln700_79_fu_3513_p2      |     +    |      0|  0|  16|           1|          16|
    |add_ln700_80_fu_3646_p2      |     +    |      0|  0|  16|           1|          16|
    |add_ln700_81_fu_3779_p2      |     +    |      0|  0|  16|           1|          16|
    |add_ln700_82_fu_3912_p2      |     +    |      0|  0|  16|           1|          16|
    |add_ln700_83_fu_4045_p2      |     +    |      0|  0|  16|           1|          16|
    |add_ln700_84_fu_4178_p2      |     +    |      0|  0|  16|           1|          16|
    |add_ln700_85_fu_4311_p2      |     +    |      0|  0|  16|           1|          16|
    |add_ln700_86_fu_4444_p2      |     +    |      0|  0|  16|           1|          16|
    |add_ln700_87_fu_4577_p2      |     +    |      0|  0|  16|           1|          16|
    |add_ln700_88_fu_4710_p2      |     +    |      0|  0|  16|           1|          16|
    |add_ln700_89_fu_4843_p2      |     +    |      0|  0|  16|           1|          16|
    |add_ln700_90_fu_4976_p2      |     +    |      0|  0|  16|           1|          16|
    |add_ln700_91_fu_5109_p2      |     +    |      0|  0|  16|           1|          16|
    |add_ln700_92_fu_5242_p2      |     +    |      0|  0|  16|           1|          16|
    |add_ln700_93_fu_5375_p2      |     +    |      0|  0|  16|           1|          16|
    |add_ln700_94_fu_5508_p2      |     +    |      0|  0|  16|           1|          16|
    |add_ln700_95_fu_5641_p2      |     +    |      0|  0|  16|           1|          16|
    |add_ln700_96_fu_5774_p2      |     +    |      0|  0|  16|           1|          16|
    |add_ln700_97_fu_5907_p2      |     +    |      0|  0|  16|           1|          16|
    |add_ln700_98_fu_6040_p2      |     +    |      0|  0|  16|           1|          16|
    |add_ln700_99_fu_6173_p2      |     +    |      0|  0|  16|           1|          16|
    |add_ln700_fu_1385_p2         |     +    |      0|  0|  16|           1|          16|
    |ap_block_pp0_stage0_11001    |    and   |      0|  0|   2|           1|           1|
    |icmp_ln445_100_fu_6374_p2    |   icmp   |      0|  0|  11|           5|           1|
    |icmp_ln445_101_fu_6507_p2    |   icmp   |      0|  0|  11|           5|           1|
    |icmp_ln445_102_fu_6640_p2    |   icmp   |      0|  0|  11|           5|           1|
    |icmp_ln445_103_fu_6773_p2    |   icmp   |      0|  0|  11|           5|           1|
    |icmp_ln445_104_fu_6906_p2    |   icmp   |      0|  0|  11|           5|           1|
    |icmp_ln445_105_fu_7039_p2    |   icmp   |      0|  0|  11|           5|           1|
    |icmp_ln445_106_fu_7172_p2    |   icmp   |      0|  0|  11|           5|           1|
    |icmp_ln445_107_fu_7305_p2    |   icmp   |      0|  0|  11|           5|           1|
    |icmp_ln445_108_fu_7438_p2    |   icmp   |      0|  0|  11|           5|           1|
    |icmp_ln445_109_fu_7571_p2    |   icmp   |      0|  0|  11|           5|           1|
    |icmp_ln445_110_fu_7704_p2    |   icmp   |      0|  0|  11|           5|           1|
    |icmp_ln445_111_fu_7837_p2    |   icmp   |      0|  0|  11|           5|           1|
    |icmp_ln445_112_fu_7970_p2    |   icmp   |      0|  0|  11|           5|           1|
    |icmp_ln445_113_fu_8103_p2    |   icmp   |      0|  0|  11|           5|           1|
    |icmp_ln445_114_fu_8236_p2    |   icmp   |      0|  0|  11|           5|           1|
    |icmp_ln445_115_fu_8369_p2    |   icmp   |      0|  0|  11|           5|           1|
    |icmp_ln445_116_fu_8502_p2    |   icmp   |      0|  0|  11|           5|           1|
    |icmp_ln445_117_fu_8635_p2    |   icmp   |      0|  0|  11|           5|           1|
    |icmp_ln445_118_fu_8768_p2    |   icmp   |      0|  0|  11|           5|           1|
    |icmp_ln445_119_fu_8901_p2    |   icmp   |      0|  0|  11|           5|           1|
    |icmp_ln445_120_fu_9034_p2    |   icmp   |      0|  0|  11|           5|           1|
    |icmp_ln445_121_fu_9167_p2    |   icmp   |      0|  0|  11|           5|           1|
    |icmp_ln445_122_fu_9300_p2    |   icmp   |      0|  0|  11|           5|           1|
    |icmp_ln445_123_fu_9433_p2    |   icmp   |      0|  0|  11|           5|           1|
    |icmp_ln445_124_fu_9566_p2    |   icmp   |      0|  0|  11|           5|           1|
    |icmp_ln445_125_fu_9699_p2    |   icmp   |      0|  0|  11|           5|           1|
    |icmp_ln445_126_fu_9832_p2    |   icmp   |      0|  0|  11|           5|           1|
    |icmp_ln445_64_fu_1586_p2     |   icmp   |      0|  0|  11|           5|           1|
    |icmp_ln445_65_fu_1719_p2     |   icmp   |      0|  0|  11|           5|           1|
    |icmp_ln445_66_fu_1852_p2     |   icmp   |      0|  0|  11|           5|           1|
    |icmp_ln445_67_fu_1985_p2     |   icmp   |      0|  0|  11|           5|           1|
    |icmp_ln445_68_fu_2118_p2     |   icmp   |      0|  0|  11|           5|           1|
    |icmp_ln445_69_fu_2251_p2     |   icmp   |      0|  0|  11|           5|           1|
    |icmp_ln445_70_fu_2384_p2     |   icmp   |      0|  0|  11|           5|           1|
    |icmp_ln445_71_fu_2517_p2     |   icmp   |      0|  0|  11|           5|           1|
    |icmp_ln445_72_fu_2650_p2     |   icmp   |      0|  0|  11|           5|           1|
    |icmp_ln445_73_fu_2783_p2     |   icmp   |      0|  0|  11|           5|           1|
    |icmp_ln445_74_fu_2916_p2     |   icmp   |      0|  0|  11|           5|           1|
    |icmp_ln445_75_fu_3049_p2     |   icmp   |      0|  0|  11|           5|           1|
    |icmp_ln445_76_fu_3182_p2     |   icmp   |      0|  0|  11|           5|           1|
    |icmp_ln445_77_fu_3315_p2     |   icmp   |      0|  0|  11|           5|           1|
    |icmp_ln445_78_fu_3448_p2     |   icmp   |      0|  0|  11|           5|           1|
    |icmp_ln445_79_fu_3581_p2     |   icmp   |      0|  0|  11|           5|           1|
    |icmp_ln445_80_fu_3714_p2     |   icmp   |      0|  0|  11|           5|           1|
    |icmp_ln445_81_fu_3847_p2     |   icmp   |      0|  0|  11|           5|           1|
    |icmp_ln445_82_fu_3980_p2     |   icmp   |      0|  0|  11|           5|           1|
    |icmp_ln445_83_fu_4113_p2     |   icmp   |      0|  0|  11|           5|           1|
    |icmp_ln445_84_fu_4246_p2     |   icmp   |      0|  0|  11|           5|           1|
    |icmp_ln445_85_fu_4379_p2     |   icmp   |      0|  0|  11|           5|           1|
    |icmp_ln445_86_fu_4512_p2     |   icmp   |      0|  0|  11|           5|           1|
    |icmp_ln445_87_fu_4645_p2     |   icmp   |      0|  0|  11|           5|           1|
    |icmp_ln445_88_fu_4778_p2     |   icmp   |      0|  0|  11|           5|           1|
    |icmp_ln445_89_fu_4911_p2     |   icmp   |      0|  0|  11|           5|           1|
    |icmp_ln445_90_fu_5044_p2     |   icmp   |      0|  0|  11|           5|           1|
    |icmp_ln445_91_fu_5177_p2     |   icmp   |      0|  0|  11|           5|           1|
    |icmp_ln445_92_fu_5310_p2     |   icmp   |      0|  0|  11|           5|           1|
    |icmp_ln445_93_fu_5443_p2     |   icmp   |      0|  0|  11|           5|           1|
    |icmp_ln445_94_fu_5576_p2     |   icmp   |      0|  0|  11|           5|           1|
    |icmp_ln445_95_fu_5709_p2     |   icmp   |      0|  0|  11|           5|           1|
    |icmp_ln445_96_fu_5842_p2     |   icmp   |      0|  0|  11|           5|           1|
    |icmp_ln445_97_fu_5975_p2     |   icmp   |      0|  0|  11|           5|           1|
    |icmp_ln445_98_fu_6108_p2     |   icmp   |      0|  0|  11|           5|           1|
    |icmp_ln445_99_fu_6241_p2     |   icmp   |      0|  0|  11|           5|           1|
    |icmp_ln445_fu_1453_p2        |   icmp   |      0|  0|  11|           5|           1|
    |icmp_ln850_100_fu_6282_p2    |   icmp   |      0|  0|  20|          26|           4|
    |icmp_ln850_101_fu_6415_p2    |   icmp   |      0|  0|  20|          26|           4|
    |icmp_ln850_102_fu_6548_p2    |   icmp   |      0|  0|  20|          26|           4|
    |icmp_ln850_103_fu_6681_p2    |   icmp   |      0|  0|  20|          26|           4|
    |icmp_ln850_104_fu_6814_p2    |   icmp   |      0|  0|  20|          26|           4|
    |icmp_ln850_105_fu_6947_p2    |   icmp   |      0|  0|  20|          26|           4|
    |icmp_ln850_106_fu_7080_p2    |   icmp   |      0|  0|  20|          26|           4|
    |icmp_ln850_107_fu_7213_p2    |   icmp   |      0|  0|  20|          26|           4|
    |icmp_ln850_108_fu_7346_p2    |   icmp   |      0|  0|  20|          26|           4|
    |icmp_ln850_109_fu_7479_p2    |   icmp   |      0|  0|  20|          26|           4|
    |icmp_ln850_110_fu_7612_p2    |   icmp   |      0|  0|  20|          26|           4|
    |icmp_ln850_111_fu_7745_p2    |   icmp   |      0|  0|  20|          26|           4|
    |icmp_ln850_112_fu_7878_p2    |   icmp   |      0|  0|  20|          26|           4|
    |icmp_ln850_113_fu_8011_p2    |   icmp   |      0|  0|  20|          26|           4|
    |icmp_ln850_114_fu_8144_p2    |   icmp   |      0|  0|  20|          26|           4|
    |icmp_ln850_115_fu_8277_p2    |   icmp   |      0|  0|  20|          26|           4|
    |icmp_ln850_116_fu_8410_p2    |   icmp   |      0|  0|  20|          26|           4|
    |icmp_ln850_117_fu_8543_p2    |   icmp   |      0|  0|  20|          26|           4|
    |icmp_ln850_118_fu_8676_p2    |   icmp   |      0|  0|  20|          26|           4|
    |icmp_ln850_119_fu_8809_p2    |   icmp   |      0|  0|  20|          26|           4|
    |icmp_ln850_120_fu_8942_p2    |   icmp   |      0|  0|  20|          26|           4|
    |icmp_ln850_121_fu_9075_p2    |   icmp   |      0|  0|  20|          26|           4|
    |icmp_ln850_122_fu_9208_p2    |   icmp   |      0|  0|  20|          26|           4|
    |icmp_ln850_123_fu_9341_p2    |   icmp   |      0|  0|  20|          26|           4|
    |icmp_ln850_124_fu_9474_p2    |   icmp   |      0|  0|  20|          26|           4|
    |icmp_ln850_125_fu_9607_p2    |   icmp   |      0|  0|  20|          26|           4|
    |icmp_ln850_126_fu_9740_p2    |   icmp   |      0|  0|  20|          26|           4|
    |icmp_ln850_64_fu_1494_p2     |   icmp   |      0|  0|  20|          26|           4|
    |icmp_ln850_65_fu_1627_p2     |   icmp   |      0|  0|  20|          26|           4|
    |icmp_ln850_66_fu_1760_p2     |   icmp   |      0|  0|  20|          26|           4|
    |icmp_ln850_67_fu_1893_p2     |   icmp   |      0|  0|  20|          26|           4|
    |icmp_ln850_68_fu_2026_p2     |   icmp   |      0|  0|  20|          26|           4|
    |icmp_ln850_69_fu_2159_p2     |   icmp   |      0|  0|  20|          26|           4|
    |icmp_ln850_70_fu_2292_p2     |   icmp   |      0|  0|  20|          26|           4|
    |icmp_ln850_71_fu_2425_p2     |   icmp   |      0|  0|  20|          26|           4|
    |icmp_ln850_72_fu_2558_p2     |   icmp   |      0|  0|  20|          26|           4|
    |icmp_ln850_73_fu_2691_p2     |   icmp   |      0|  0|  20|          26|           4|
    |icmp_ln850_74_fu_2824_p2     |   icmp   |      0|  0|  20|          26|           4|
    |icmp_ln850_75_fu_2957_p2     |   icmp   |      0|  0|  20|          26|           4|
    |icmp_ln850_76_fu_3090_p2     |   icmp   |      0|  0|  20|          26|           4|
    |icmp_ln850_77_fu_3223_p2     |   icmp   |      0|  0|  20|          26|           4|
    |icmp_ln850_78_fu_3356_p2     |   icmp   |      0|  0|  20|          26|           4|
    |icmp_ln850_79_fu_3489_p2     |   icmp   |      0|  0|  20|          26|           4|
    |icmp_ln850_80_fu_3622_p2     |   icmp   |      0|  0|  20|          26|           4|
    |icmp_ln850_81_fu_3755_p2     |   icmp   |      0|  0|  20|          26|           4|
    |icmp_ln850_82_fu_3888_p2     |   icmp   |      0|  0|  20|          26|           4|
    |icmp_ln850_83_fu_4021_p2     |   icmp   |      0|  0|  20|          26|           4|
    |icmp_ln850_84_fu_4154_p2     |   icmp   |      0|  0|  20|          26|           4|
    |icmp_ln850_85_fu_4287_p2     |   icmp   |      0|  0|  20|          26|           4|
    |icmp_ln850_86_fu_4420_p2     |   icmp   |      0|  0|  20|          26|           4|
    |icmp_ln850_87_fu_4553_p2     |   icmp   |      0|  0|  20|          26|           4|
    |icmp_ln850_88_fu_4686_p2     |   icmp   |      0|  0|  20|          26|           4|
    |icmp_ln850_89_fu_4819_p2     |   icmp   |      0|  0|  20|          26|           4|
    |icmp_ln850_90_fu_4952_p2     |   icmp   |      0|  0|  20|          26|           4|
    |icmp_ln850_91_fu_5085_p2     |   icmp   |      0|  0|  20|          26|           4|
    |icmp_ln850_92_fu_5218_p2     |   icmp   |      0|  0|  20|          26|           4|
    |icmp_ln850_93_fu_5351_p2     |   icmp   |      0|  0|  20|          26|           4|
    |icmp_ln850_94_fu_5484_p2     |   icmp   |      0|  0|  20|          26|           4|
    |icmp_ln850_95_fu_5617_p2     |   icmp   |      0|  0|  20|          26|           4|
    |icmp_ln850_96_fu_5750_p2     |   icmp   |      0|  0|  20|          26|           4|
    |icmp_ln850_97_fu_5883_p2     |   icmp   |      0|  0|  20|          26|           4|
    |icmp_ln850_98_fu_6016_p2     |   icmp   |      0|  0|  20|          26|           4|
    |icmp_ln850_99_fu_6149_p2     |   icmp   |      0|  0|  20|          26|           4|
    |icmp_ln850_fu_1361_p2        |   icmp   |      0|  0|  20|          26|           4|
    |icmp_ln851_10_fu_2709_p2     |   icmp   |      0|  0|  11|           8|           1|
    |icmp_ln851_11_fu_2842_p2     |   icmp   |      0|  0|  11|           8|           1|
    |icmp_ln851_12_fu_2975_p2     |   icmp   |      0|  0|  11|           8|           1|
    |icmp_ln851_13_fu_3108_p2     |   icmp   |      0|  0|  11|           8|           1|
    |icmp_ln851_14_fu_3241_p2     |   icmp   |      0|  0|  11|           8|           1|
    |icmp_ln851_15_fu_3374_p2     |   icmp   |      0|  0|  11|           8|           1|
    |icmp_ln851_16_fu_3507_p2     |   icmp   |      0|  0|  11|           8|           1|
    |icmp_ln851_17_fu_3640_p2     |   icmp   |      0|  0|  11|           8|           1|
    |icmp_ln851_18_fu_3773_p2     |   icmp   |      0|  0|  11|           8|           1|
    |icmp_ln851_19_fu_3906_p2     |   icmp   |      0|  0|  11|           8|           1|
    |icmp_ln851_1_fu_1512_p2      |   icmp   |      0|  0|  11|           8|           1|
    |icmp_ln851_20_fu_4039_p2     |   icmp   |      0|  0|  11|           8|           1|
    |icmp_ln851_21_fu_4172_p2     |   icmp   |      0|  0|  11|           8|           1|
    |icmp_ln851_22_fu_4305_p2     |   icmp   |      0|  0|  11|           8|           1|
    |icmp_ln851_23_fu_4438_p2     |   icmp   |      0|  0|  11|           8|           1|
    |icmp_ln851_24_fu_4571_p2     |   icmp   |      0|  0|  11|           8|           1|
    |icmp_ln851_25_fu_4704_p2     |   icmp   |      0|  0|  11|           8|           1|
    |icmp_ln851_26_fu_4837_p2     |   icmp   |      0|  0|  11|           8|           1|
    |icmp_ln851_27_fu_4970_p2     |   icmp   |      0|  0|  11|           8|           1|
    |icmp_ln851_28_fu_5103_p2     |   icmp   |      0|  0|  11|           8|           1|
    |icmp_ln851_29_fu_5236_p2     |   icmp   |      0|  0|  11|           8|           1|
    |icmp_ln851_2_fu_1645_p2      |   icmp   |      0|  0|  11|           8|           1|
    |icmp_ln851_30_fu_5369_p2     |   icmp   |      0|  0|  11|           8|           1|
    |icmp_ln851_31_fu_5502_p2     |   icmp   |      0|  0|  11|           8|           1|
    |icmp_ln851_32_fu_5635_p2     |   icmp   |      0|  0|  11|           8|           1|
    |icmp_ln851_33_fu_5768_p2     |   icmp   |      0|  0|  11|           8|           1|
    |icmp_ln851_34_fu_5901_p2     |   icmp   |      0|  0|  11|           8|           1|
    |icmp_ln851_35_fu_6034_p2     |   icmp   |      0|  0|  11|           8|           1|
    |icmp_ln851_36_fu_6167_p2     |   icmp   |      0|  0|  11|           8|           1|
    |icmp_ln851_37_fu_6300_p2     |   icmp   |      0|  0|  11|           8|           1|
    |icmp_ln851_38_fu_6433_p2     |   icmp   |      0|  0|  11|           8|           1|
    |icmp_ln851_39_fu_6566_p2     |   icmp   |      0|  0|  11|           8|           1|
    |icmp_ln851_3_fu_1778_p2      |   icmp   |      0|  0|  11|           8|           1|
    |icmp_ln851_40_fu_6699_p2     |   icmp   |      0|  0|  11|           8|           1|
    |icmp_ln851_41_fu_6832_p2     |   icmp   |      0|  0|  11|           8|           1|
    |icmp_ln851_42_fu_6965_p2     |   icmp   |      0|  0|  11|           8|           1|
    |icmp_ln851_43_fu_7098_p2     |   icmp   |      0|  0|  11|           8|           1|
    |icmp_ln851_44_fu_7231_p2     |   icmp   |      0|  0|  11|           8|           1|
    |icmp_ln851_45_fu_7364_p2     |   icmp   |      0|  0|  11|           8|           1|
    |icmp_ln851_46_fu_7497_p2     |   icmp   |      0|  0|  11|           8|           1|
    |icmp_ln851_47_fu_7630_p2     |   icmp   |      0|  0|  11|           8|           1|
    |icmp_ln851_48_fu_7763_p2     |   icmp   |      0|  0|  11|           8|           1|
    |icmp_ln851_49_fu_7896_p2     |   icmp   |      0|  0|  11|           8|           1|
    |icmp_ln851_4_fu_1911_p2      |   icmp   |      0|  0|  11|           8|           1|
    |icmp_ln851_50_fu_8029_p2     |   icmp   |      0|  0|  11|           8|           1|
    |icmp_ln851_51_fu_8162_p2     |   icmp   |      0|  0|  11|           8|           1|
    |icmp_ln851_52_fu_8295_p2     |   icmp   |      0|  0|  11|           8|           1|
    |icmp_ln851_53_fu_8428_p2     |   icmp   |      0|  0|  11|           8|           1|
    |icmp_ln851_54_fu_8561_p2     |   icmp   |      0|  0|  11|           8|           1|
    |icmp_ln851_55_fu_8694_p2     |   icmp   |      0|  0|  11|           8|           1|
    |icmp_ln851_56_fu_8827_p2     |   icmp   |      0|  0|  11|           8|           1|
    |icmp_ln851_57_fu_8960_p2     |   icmp   |      0|  0|  11|           8|           1|
    |icmp_ln851_58_fu_9093_p2     |   icmp   |      0|  0|  11|           8|           1|
    |icmp_ln851_59_fu_9226_p2     |   icmp   |      0|  0|  11|           8|           1|
    |icmp_ln851_5_fu_2044_p2      |   icmp   |      0|  0|  11|           8|           1|
    |icmp_ln851_60_fu_9359_p2     |   icmp   |      0|  0|  11|           8|           1|
    |icmp_ln851_61_fu_9492_p2     |   icmp   |      0|  0|  11|           8|           1|
    |icmp_ln851_62_fu_9625_p2     |   icmp   |      0|  0|  11|           8|           1|
    |icmp_ln851_63_fu_9758_p2     |   icmp   |      0|  0|  11|           8|           1|
    |icmp_ln851_6_fu_2177_p2      |   icmp   |      0|  0|  11|           8|           1|
    |icmp_ln851_7_fu_2310_p2      |   icmp   |      0|  0|  11|           8|           1|
    |icmp_ln851_8_fu_2443_p2      |   icmp   |      0|  0|  11|           8|           1|
    |icmp_ln851_9_fu_2576_p2      |   icmp   |      0|  0|  11|           8|           1|
    |icmp_ln851_fu_1379_p2        |   icmp   |      0|  0|  11|           8|           1|
    |select_ln444_10_fu_2761_p3   |  select  |      0|  0|  15|           1|           1|
    |select_ln444_11_fu_2894_p3   |  select  |      0|  0|  15|           1|           1|
    |select_ln444_12_fu_3027_p3   |  select  |      0|  0|  15|           1|           1|
    |select_ln444_13_fu_3160_p3   |  select  |      0|  0|  15|           1|           1|
    |select_ln444_14_fu_3293_p3   |  select  |      0|  0|  15|           1|           1|
    |select_ln444_15_fu_3426_p3   |  select  |      0|  0|  15|           1|           1|
    |select_ln444_16_fu_3559_p3   |  select  |      0|  0|  15|           1|           1|
    |select_ln444_17_fu_3692_p3   |  select  |      0|  0|  15|           1|           1|
    |select_ln444_18_fu_3825_p3   |  select  |      0|  0|  15|           1|           1|
    |select_ln444_19_fu_3958_p3   |  select  |      0|  0|  15|           1|           1|
    |select_ln444_1_fu_1564_p3    |  select  |      0|  0|  15|           1|           1|
    |select_ln444_20_fu_4091_p3   |  select  |      0|  0|  15|           1|           1|
    |select_ln444_21_fu_4224_p3   |  select  |      0|  0|  15|           1|           1|
    |select_ln444_22_fu_4357_p3   |  select  |      0|  0|  15|           1|           1|
    |select_ln444_23_fu_4490_p3   |  select  |      0|  0|  15|           1|           1|
    |select_ln444_24_fu_4623_p3   |  select  |      0|  0|  15|           1|           1|
    |select_ln444_25_fu_4756_p3   |  select  |      0|  0|  15|           1|           1|
    |select_ln444_26_fu_4889_p3   |  select  |      0|  0|  15|           1|           1|
    |select_ln444_27_fu_5022_p3   |  select  |      0|  0|  15|           1|           1|
    |select_ln444_28_fu_5155_p3   |  select  |      0|  0|  15|           1|           1|
    |select_ln444_29_fu_5288_p3   |  select  |      0|  0|  15|           1|           1|
    |select_ln444_2_fu_1697_p3    |  select  |      0|  0|  15|           1|           1|
    |select_ln444_30_fu_5421_p3   |  select  |      0|  0|  15|           1|           1|
    |select_ln444_31_fu_5554_p3   |  select  |      0|  0|  15|           1|           1|
    |select_ln444_32_fu_5687_p3   |  select  |      0|  0|  15|           1|           1|
    |select_ln444_33_fu_5820_p3   |  select  |      0|  0|  15|           1|           1|
    |select_ln444_34_fu_5953_p3   |  select  |      0|  0|  15|           1|           1|
    |select_ln444_35_fu_6086_p3   |  select  |      0|  0|  15|           1|           1|
    |select_ln444_36_fu_6219_p3   |  select  |      0|  0|  15|           1|           1|
    |select_ln444_37_fu_6352_p3   |  select  |      0|  0|  15|           1|           1|
    |select_ln444_38_fu_6485_p3   |  select  |      0|  0|  15|           1|           1|
    |select_ln444_39_fu_6618_p3   |  select  |      0|  0|  15|           1|           1|
    |select_ln444_3_fu_1830_p3    |  select  |      0|  0|  15|           1|           1|
    |select_ln444_40_fu_6751_p3   |  select  |      0|  0|  15|           1|           1|
    |select_ln444_41_fu_6884_p3   |  select  |      0|  0|  15|           1|           1|
    |select_ln444_42_fu_7017_p3   |  select  |      0|  0|  15|           1|           1|
    |select_ln444_43_fu_7150_p3   |  select  |      0|  0|  15|           1|           1|
    |select_ln444_44_fu_7283_p3   |  select  |      0|  0|  15|           1|           1|
    |select_ln444_45_fu_7416_p3   |  select  |      0|  0|  15|           1|           1|
    |select_ln444_46_fu_7549_p3   |  select  |      0|  0|  15|           1|           1|
    |select_ln444_47_fu_7682_p3   |  select  |      0|  0|  15|           1|           1|
    |select_ln444_48_fu_7815_p3   |  select  |      0|  0|  15|           1|           1|
    |select_ln444_49_fu_7948_p3   |  select  |      0|  0|  15|           1|           1|
    |select_ln444_4_fu_1963_p3    |  select  |      0|  0|  15|           1|           1|
    |select_ln444_50_fu_8081_p3   |  select  |      0|  0|  15|           1|           1|
    |select_ln444_51_fu_8214_p3   |  select  |      0|  0|  15|           1|           1|
    |select_ln444_52_fu_8347_p3   |  select  |      0|  0|  15|           1|           1|
    |select_ln444_53_fu_8480_p3   |  select  |      0|  0|  15|           1|           1|
    |select_ln444_54_fu_8613_p3   |  select  |      0|  0|  15|           1|           1|
    |select_ln444_55_fu_8746_p3   |  select  |      0|  0|  15|           1|           1|
    |select_ln444_56_fu_8879_p3   |  select  |      0|  0|  15|           1|           1|
    |select_ln444_57_fu_9012_p3   |  select  |      0|  0|  15|           1|           1|
    |select_ln444_58_fu_9145_p3   |  select  |      0|  0|  15|           1|           1|
    |select_ln444_59_fu_9278_p3   |  select  |      0|  0|  15|           1|           1|
    |select_ln444_5_fu_2096_p3    |  select  |      0|  0|  15|           1|           1|
    |select_ln444_60_fu_9411_p3   |  select  |      0|  0|  15|           1|           1|
    |select_ln444_61_fu_9544_p3   |  select  |      0|  0|  15|           1|           1|
    |select_ln444_62_fu_9677_p3   |  select  |      0|  0|  15|           1|           1|
    |select_ln444_63_fu_9810_p3   |  select  |      0|  0|  15|           1|           1|
    |select_ln444_6_fu_2229_p3    |  select  |      0|  0|  15|           1|           1|
    |select_ln444_7_fu_2362_p3    |  select  |      0|  0|  15|           1|           1|
    |select_ln444_8_fu_2495_p3    |  select  |      0|  0|  15|           1|           1|
    |select_ln444_9_fu_2628_p3    |  select  |      0|  0|  15|           1|           1|
    |select_ln444_fu_1431_p3      |  select  |      0|  0|  15|           1|           1|
    |select_ln445_10_fu_2789_p3   |  select  |      0|  0|  10|           1|           2|
    |select_ln445_11_fu_2922_p3   |  select  |      0|  0|  10|           1|           2|
    |select_ln445_12_fu_3055_p3   |  select  |      0|  0|  10|           1|           2|
    |select_ln445_13_fu_3188_p3   |  select  |      0|  0|  10|           1|           2|
    |select_ln445_14_fu_3321_p3   |  select  |      0|  0|  10|           1|           2|
    |select_ln445_15_fu_3454_p3   |  select  |      0|  0|  10|           1|           2|
    |select_ln445_16_fu_3587_p3   |  select  |      0|  0|  10|           1|           2|
    |select_ln445_17_fu_3720_p3   |  select  |      0|  0|  10|           1|           2|
    |select_ln445_18_fu_3853_p3   |  select  |      0|  0|  10|           1|           2|
    |select_ln445_19_fu_3986_p3   |  select  |      0|  0|  10|           1|           2|
    |select_ln445_1_fu_1592_p3    |  select  |      0|  0|  10|           1|           2|
    |select_ln445_20_fu_4119_p3   |  select  |      0|  0|  10|           1|           2|
    |select_ln445_21_fu_4252_p3   |  select  |      0|  0|  10|           1|           2|
    |select_ln445_22_fu_4385_p3   |  select  |      0|  0|  10|           1|           2|
    |select_ln445_23_fu_4518_p3   |  select  |      0|  0|  10|           1|           2|
    |select_ln445_24_fu_4651_p3   |  select  |      0|  0|  10|           1|           2|
    |select_ln445_25_fu_4784_p3   |  select  |      0|  0|  10|           1|           2|
    |select_ln445_26_fu_4917_p3   |  select  |      0|  0|  10|           1|           2|
    |select_ln445_27_fu_5050_p3   |  select  |      0|  0|  10|           1|           2|
    |select_ln445_28_fu_5183_p3   |  select  |      0|  0|  10|           1|           2|
    |select_ln445_29_fu_5316_p3   |  select  |      0|  0|  10|           1|           2|
    |select_ln445_2_fu_1725_p3    |  select  |      0|  0|  10|           1|           2|
    |select_ln445_30_fu_5449_p3   |  select  |      0|  0|  10|           1|           2|
    |select_ln445_31_fu_5582_p3   |  select  |      0|  0|  10|           1|           2|
    |select_ln445_32_fu_5715_p3   |  select  |      0|  0|  10|           1|           2|
    |select_ln445_33_fu_5848_p3   |  select  |      0|  0|  10|           1|           2|
    |select_ln445_34_fu_5981_p3   |  select  |      0|  0|  10|           1|           2|
    |select_ln445_35_fu_6114_p3   |  select  |      0|  0|  10|           1|           2|
    |select_ln445_36_fu_6247_p3   |  select  |      0|  0|  10|           1|           2|
    |select_ln445_37_fu_6380_p3   |  select  |      0|  0|  10|           1|           2|
    |select_ln445_38_fu_6513_p3   |  select  |      0|  0|  10|           1|           2|
    |select_ln445_39_fu_6646_p3   |  select  |      0|  0|  10|           1|           2|
    |select_ln445_3_fu_1858_p3    |  select  |      0|  0|  10|           1|           2|
    |select_ln445_40_fu_6779_p3   |  select  |      0|  0|  10|           1|           2|
    |select_ln445_41_fu_6912_p3   |  select  |      0|  0|  10|           1|           2|
    |select_ln445_42_fu_7045_p3   |  select  |      0|  0|  10|           1|           2|
    |select_ln445_43_fu_7178_p3   |  select  |      0|  0|  10|           1|           2|
    |select_ln445_44_fu_7311_p3   |  select  |      0|  0|  10|           1|           2|
    |select_ln445_45_fu_7444_p3   |  select  |      0|  0|  10|           1|           2|
    |select_ln445_46_fu_7577_p3   |  select  |      0|  0|  10|           1|           2|
    |select_ln445_47_fu_7710_p3   |  select  |      0|  0|  10|           1|           2|
    |select_ln445_48_fu_7843_p3   |  select  |      0|  0|  10|           1|           2|
    |select_ln445_49_fu_7976_p3   |  select  |      0|  0|  10|           1|           2|
    |select_ln445_4_fu_1991_p3    |  select  |      0|  0|  10|           1|           2|
    |select_ln445_50_fu_8109_p3   |  select  |      0|  0|  10|           1|           2|
    |select_ln445_51_fu_8242_p3   |  select  |      0|  0|  10|           1|           2|
    |select_ln445_52_fu_8375_p3   |  select  |      0|  0|  10|           1|           2|
    |select_ln445_53_fu_8508_p3   |  select  |      0|  0|  10|           1|           2|
    |select_ln445_54_fu_8641_p3   |  select  |      0|  0|  10|           1|           2|
    |select_ln445_55_fu_8774_p3   |  select  |      0|  0|  10|           1|           2|
    |select_ln445_56_fu_8907_p3   |  select  |      0|  0|  10|           1|           2|
    |select_ln445_57_fu_9040_p3   |  select  |      0|  0|  10|           1|           2|
    |select_ln445_58_fu_9173_p3   |  select  |      0|  0|  10|           1|           2|
    |select_ln445_59_fu_9306_p3   |  select  |      0|  0|  10|           1|           2|
    |select_ln445_5_fu_2124_p3    |  select  |      0|  0|  10|           1|           2|
    |select_ln445_60_fu_9439_p3   |  select  |      0|  0|  10|           1|           2|
    |select_ln445_61_fu_9572_p3   |  select  |      0|  0|  10|           1|           2|
    |select_ln445_62_fu_9705_p3   |  select  |      0|  0|  10|           1|           2|
    |select_ln445_63_fu_9838_p3   |  select  |      0|  0|  10|           1|           2|
    |select_ln445_6_fu_2257_p3    |  select  |      0|  0|  10|           1|           2|
    |select_ln445_7_fu_2390_p3    |  select  |      0|  0|  10|           1|           2|
    |select_ln445_8_fu_2523_p3    |  select  |      0|  0|  10|           1|           2|
    |select_ln445_9_fu_2656_p3    |  select  |      0|  0|  10|           1|           2|
    |select_ln445_fu_1459_p3      |  select  |      0|  0|  10|           1|           2|
    |select_ln850_100_fu_6320_p3  |  select  |      0|  0|  16|           1|          16|
    |select_ln850_101_fu_6453_p3  |  select  |      0|  0|  16|           1|          16|
    |select_ln850_102_fu_6586_p3  |  select  |      0|  0|  16|           1|          16|
    |select_ln850_103_fu_6719_p3  |  select  |      0|  0|  16|           1|          16|
    |select_ln850_104_fu_6852_p3  |  select  |      0|  0|  16|           1|          16|
    |select_ln850_105_fu_6985_p3  |  select  |      0|  0|  16|           1|          16|
    |select_ln850_106_fu_7118_p3  |  select  |      0|  0|  16|           1|          16|
    |select_ln850_107_fu_7251_p3  |  select  |      0|  0|  16|           1|          16|
    |select_ln850_108_fu_7384_p3  |  select  |      0|  0|  16|           1|          16|
    |select_ln850_109_fu_7517_p3  |  select  |      0|  0|  16|           1|          16|
    |select_ln850_110_fu_7650_p3  |  select  |      0|  0|  16|           1|          16|
    |select_ln850_111_fu_7783_p3  |  select  |      0|  0|  16|           1|          16|
    |select_ln850_112_fu_7916_p3  |  select  |      0|  0|  16|           1|          16|
    |select_ln850_113_fu_8049_p3  |  select  |      0|  0|  16|           1|          16|
    |select_ln850_114_fu_8182_p3  |  select  |      0|  0|  16|           1|          16|
    |select_ln850_115_fu_8315_p3  |  select  |      0|  0|  16|           1|          16|
    |select_ln850_116_fu_8448_p3  |  select  |      0|  0|  16|           1|          16|
    |select_ln850_117_fu_8581_p3  |  select  |      0|  0|  16|           1|          16|
    |select_ln850_118_fu_8714_p3  |  select  |      0|  0|  16|           1|          16|
    |select_ln850_119_fu_8847_p3  |  select  |      0|  0|  16|           1|          16|
    |select_ln850_120_fu_8980_p3  |  select  |      0|  0|  16|           1|          16|
    |select_ln850_121_fu_9113_p3  |  select  |      0|  0|  16|           1|          16|
    |select_ln850_122_fu_9246_p3  |  select  |      0|  0|  16|           1|          16|
    |select_ln850_123_fu_9379_p3  |  select  |      0|  0|  16|           1|          16|
    |select_ln850_124_fu_9512_p3  |  select  |      0|  0|  16|           1|          16|
    |select_ln850_125_fu_9645_p3  |  select  |      0|  0|  16|           1|          16|
    |select_ln850_126_fu_9778_p3  |  select  |      0|  0|  16|           1|          16|
    |select_ln850_64_fu_1532_p3   |  select  |      0|  0|  16|           1|          16|
    |select_ln850_65_fu_1665_p3   |  select  |      0|  0|  16|           1|          16|
    |select_ln850_66_fu_1798_p3   |  select  |      0|  0|  16|           1|          16|
    |select_ln850_67_fu_1931_p3   |  select  |      0|  0|  16|           1|          16|
    |select_ln850_68_fu_2064_p3   |  select  |      0|  0|  16|           1|          16|
    |select_ln850_69_fu_2197_p3   |  select  |      0|  0|  16|           1|          16|
    |select_ln850_70_fu_2330_p3   |  select  |      0|  0|  16|           1|          16|
    |select_ln850_71_fu_2463_p3   |  select  |      0|  0|  16|           1|          16|
    |select_ln850_72_fu_2596_p3   |  select  |      0|  0|  16|           1|          16|
    |select_ln850_73_fu_2729_p3   |  select  |      0|  0|  16|           1|          16|
    |select_ln850_74_fu_2862_p3   |  select  |      0|  0|  16|           1|          16|
    |select_ln850_75_fu_2995_p3   |  select  |      0|  0|  16|           1|          16|
    |select_ln850_76_fu_3128_p3   |  select  |      0|  0|  16|           1|          16|
    |select_ln850_77_fu_3261_p3   |  select  |      0|  0|  16|           1|          16|
    |select_ln850_78_fu_3394_p3   |  select  |      0|  0|  16|           1|          16|
    |select_ln850_79_fu_3527_p3   |  select  |      0|  0|  16|           1|          16|
    |select_ln850_80_fu_3660_p3   |  select  |      0|  0|  16|           1|          16|
    |select_ln850_81_fu_3793_p3   |  select  |      0|  0|  16|           1|          16|
    |select_ln850_82_fu_3926_p3   |  select  |      0|  0|  16|           1|          16|
    |select_ln850_83_fu_4059_p3   |  select  |      0|  0|  16|           1|          16|
    |select_ln850_84_fu_4192_p3   |  select  |      0|  0|  16|           1|          16|
    |select_ln850_85_fu_4325_p3   |  select  |      0|  0|  16|           1|          16|
    |select_ln850_86_fu_4458_p3   |  select  |      0|  0|  16|           1|          16|
    |select_ln850_87_fu_4591_p3   |  select  |      0|  0|  16|           1|          16|
    |select_ln850_88_fu_4724_p3   |  select  |      0|  0|  16|           1|          16|
    |select_ln850_89_fu_4857_p3   |  select  |      0|  0|  16|           1|          16|
    |select_ln850_90_fu_4990_p3   |  select  |      0|  0|  16|           1|          16|
    |select_ln850_91_fu_5123_p3   |  select  |      0|  0|  16|           1|          16|
    |select_ln850_92_fu_5256_p3   |  select  |      0|  0|  16|           1|          16|
    |select_ln850_93_fu_5389_p3   |  select  |      0|  0|  16|           1|          16|
    |select_ln850_94_fu_5522_p3   |  select  |      0|  0|  16|           1|          16|
    |select_ln850_95_fu_5655_p3   |  select  |      0|  0|  16|           1|          16|
    |select_ln850_96_fu_5788_p3   |  select  |      0|  0|  16|           1|          16|
    |select_ln850_97_fu_5921_p3   |  select  |      0|  0|  16|           1|          16|
    |select_ln850_98_fu_6054_p3   |  select  |      0|  0|  16|           1|          16|
    |select_ln850_99_fu_6187_p3   |  select  |      0|  0|  16|           1|          16|
    |select_ln850_fu_1399_p3      |  select  |      0|  0|  16|           1|          16|
    |select_ln851_10_fu_2721_p3   |  select  |      0|  0|  16|           1|          16|
    |select_ln851_11_fu_2854_p3   |  select  |      0|  0|  16|           1|          16|
    |select_ln851_12_fu_2987_p3   |  select  |      0|  0|  16|           1|          16|
    |select_ln851_13_fu_3120_p3   |  select  |      0|  0|  16|           1|          16|
    |select_ln851_14_fu_3253_p3   |  select  |      0|  0|  16|           1|          16|
    |select_ln851_15_fu_3386_p3   |  select  |      0|  0|  16|           1|          16|
    |select_ln851_16_fu_3519_p3   |  select  |      0|  0|  16|           1|          16|
    |select_ln851_17_fu_3652_p3   |  select  |      0|  0|  16|           1|          16|
    |select_ln851_18_fu_3785_p3   |  select  |      0|  0|  16|           1|          16|
    |select_ln851_19_fu_3918_p3   |  select  |      0|  0|  16|           1|          16|
    |select_ln851_1_fu_1524_p3    |  select  |      0|  0|  16|           1|          16|
    |select_ln851_20_fu_4051_p3   |  select  |      0|  0|  16|           1|          16|
    |select_ln851_21_fu_4184_p3   |  select  |      0|  0|  16|           1|          16|
    |select_ln851_22_fu_4317_p3   |  select  |      0|  0|  16|           1|          16|
    |select_ln851_23_fu_4450_p3   |  select  |      0|  0|  16|           1|          16|
    |select_ln851_24_fu_4583_p3   |  select  |      0|  0|  16|           1|          16|
    |select_ln851_25_fu_4716_p3   |  select  |      0|  0|  16|           1|          16|
    |select_ln851_26_fu_4849_p3   |  select  |      0|  0|  16|           1|          16|
    |select_ln851_27_fu_4982_p3   |  select  |      0|  0|  16|           1|          16|
    |select_ln851_28_fu_5115_p3   |  select  |      0|  0|  16|           1|          16|
    |select_ln851_29_fu_5248_p3   |  select  |      0|  0|  16|           1|          16|
    |select_ln851_2_fu_1657_p3    |  select  |      0|  0|  16|           1|          16|
    |select_ln851_30_fu_5381_p3   |  select  |      0|  0|  16|           1|          16|
    |select_ln851_31_fu_5514_p3   |  select  |      0|  0|  16|           1|          16|
    |select_ln851_32_fu_5647_p3   |  select  |      0|  0|  16|           1|          16|
    |select_ln851_33_fu_5780_p3   |  select  |      0|  0|  16|           1|          16|
    |select_ln851_34_fu_5913_p3   |  select  |      0|  0|  16|           1|          16|
    |select_ln851_35_fu_6046_p3   |  select  |      0|  0|  16|           1|          16|
    |select_ln851_36_fu_6179_p3   |  select  |      0|  0|  16|           1|          16|
    |select_ln851_37_fu_6312_p3   |  select  |      0|  0|  16|           1|          16|
    |select_ln851_38_fu_6445_p3   |  select  |      0|  0|  16|           1|          16|
    |select_ln851_39_fu_6578_p3   |  select  |      0|  0|  16|           1|          16|
    |select_ln851_3_fu_1790_p3    |  select  |      0|  0|  16|           1|          16|
    |select_ln851_40_fu_6711_p3   |  select  |      0|  0|  16|           1|          16|
    |select_ln851_41_fu_6844_p3   |  select  |      0|  0|  16|           1|          16|
    |select_ln851_42_fu_6977_p3   |  select  |      0|  0|  16|           1|          16|
    |select_ln851_43_fu_7110_p3   |  select  |      0|  0|  16|           1|          16|
    |select_ln851_44_fu_7243_p3   |  select  |      0|  0|  16|           1|          16|
    |select_ln851_45_fu_7376_p3   |  select  |      0|  0|  16|           1|          16|
    |select_ln851_46_fu_7509_p3   |  select  |      0|  0|  16|           1|          16|
    |select_ln851_47_fu_7642_p3   |  select  |      0|  0|  16|           1|          16|
    |select_ln851_48_fu_7775_p3   |  select  |      0|  0|  16|           1|          16|
    |select_ln851_49_fu_7908_p3   |  select  |      0|  0|  16|           1|          16|
    |select_ln851_4_fu_1923_p3    |  select  |      0|  0|  16|           1|          16|
    |select_ln851_50_fu_8041_p3   |  select  |      0|  0|  16|           1|          16|
    |select_ln851_51_fu_8174_p3   |  select  |      0|  0|  16|           1|          16|
    |select_ln851_52_fu_8307_p3   |  select  |      0|  0|  16|           1|          16|
    |select_ln851_53_fu_8440_p3   |  select  |      0|  0|  16|           1|          16|
    |select_ln851_54_fu_8573_p3   |  select  |      0|  0|  16|           1|          16|
    |select_ln851_55_fu_8706_p3   |  select  |      0|  0|  16|           1|          16|
    |select_ln851_56_fu_8839_p3   |  select  |      0|  0|  16|           1|          16|
    |select_ln851_57_fu_8972_p3   |  select  |      0|  0|  16|           1|          16|
    |select_ln851_58_fu_9105_p3   |  select  |      0|  0|  16|           1|          16|
    |select_ln851_59_fu_9238_p3   |  select  |      0|  0|  16|           1|          16|
    |select_ln851_5_fu_2056_p3    |  select  |      0|  0|  16|           1|          16|
    |select_ln851_60_fu_9371_p3   |  select  |      0|  0|  16|           1|          16|
    |select_ln851_61_fu_9504_p3   |  select  |      0|  0|  16|           1|          16|
    |select_ln851_62_fu_9637_p3   |  select  |      0|  0|  16|           1|          16|
    |select_ln851_63_fu_9770_p3   |  select  |      0|  0|  16|           1|          16|
    |select_ln851_6_fu_2189_p3    |  select  |      0|  0|  16|           1|          16|
    |select_ln851_7_fu_2322_p3    |  select  |      0|  0|  16|           1|          16|
    |select_ln851_8_fu_2455_p3    |  select  |      0|  0|  16|           1|          16|
    |select_ln851_9_fu_2588_p3    |  select  |      0|  0|  16|           1|          16|
    |select_ln851_fu_1391_p3      |  select  |      0|  0|  16|           1|          16|
    |ap_enable_pp0                |    xor   |      0|  0|   2|           1|           2|
    +-----------------------------+----------+-------+---+----+------------+------------+
    |Total                        |          |      0|  0|9348|        4098|        5635|
    +-----------------------------+----------+-------+---+----+------------+------------+

    * Multiplexer: 
    N/A

    * Register: 
    +-------------------------+---+----+-----+-----------+
    |           Name          | FF| LUT| Bits| Const Bits|
    +-------------------------+---+----+-----+-----------+
    |ap_CS_fsm                |  1|   0|    1|          0|
    |ap_enable_reg_pp0_iter1  |  1|   0|    1|          0|
    +-------------------------+---+----+-----+-----------+
    |Total                    |  2|   0|    2|          0|
    +-------------------------+---+----+-----+-----------+



================================================================
== Interface
================================================================
* Summary: 
+----------------+-----+-----+------------+--------------------------------------------------+--------------+
|    RTL Ports   | Dir | Bits|  Protocol  |                   Source Object                  |    C Type    |
+----------------+-----+-----+------------+--------------------------------------------------+--------------+
|ap_clk          |  in |    1| ap_ctrl_hs | tanh<ap_fixed,ap_fixed<16,8,5,3,0>,tanh_config2> | return value |
|ap_rst          |  in |    1| ap_ctrl_hs | tanh<ap_fixed,ap_fixed<16,8,5,3,0>,tanh_config2> | return value |
|ap_start        |  in |    1| ap_ctrl_hs | tanh<ap_fixed,ap_fixed<16,8,5,3,0>,tanh_config2> | return value |
|ap_done         | out |    1| ap_ctrl_hs | tanh<ap_fixed,ap_fixed<16,8,5,3,0>,tanh_config2> | return value |
|ap_idle         | out |    1| ap_ctrl_hs | tanh<ap_fixed,ap_fixed<16,8,5,3,0>,tanh_config2> | return value |
|ap_ready        | out |    1| ap_ctrl_hs | tanh<ap_fixed,ap_fixed<16,8,5,3,0>,tanh_config2> | return value |
|ap_return_0     | out |   16| ap_ctrl_hs | tanh<ap_fixed,ap_fixed<16,8,5,3,0>,tanh_config2> | return value |
|ap_return_1     | out |   16| ap_ctrl_hs | tanh<ap_fixed,ap_fixed<16,8,5,3,0>,tanh_config2> | return value |
|ap_return_2     | out |   16| ap_ctrl_hs | tanh<ap_fixed,ap_fixed<16,8,5,3,0>,tanh_config2> | return value |
|ap_return_3     | out |   16| ap_ctrl_hs | tanh<ap_fixed,ap_fixed<16,8,5,3,0>,tanh_config2> | return value |
|ap_return_4     | out |   16| ap_ctrl_hs | tanh<ap_fixed,ap_fixed<16,8,5,3,0>,tanh_config2> | return value |
|ap_return_5     | out |   16| ap_ctrl_hs | tanh<ap_fixed,ap_fixed<16,8,5,3,0>,tanh_config2> | return value |
|ap_return_6     | out |   16| ap_ctrl_hs | tanh<ap_fixed,ap_fixed<16,8,5,3,0>,tanh_config2> | return value |
|ap_return_7     | out |   16| ap_ctrl_hs | tanh<ap_fixed,ap_fixed<16,8,5,3,0>,tanh_config2> | return value |
|ap_return_8     | out |   16| ap_ctrl_hs | tanh<ap_fixed,ap_fixed<16,8,5,3,0>,tanh_config2> | return value |
|ap_return_9     | out |   16| ap_ctrl_hs | tanh<ap_fixed,ap_fixed<16,8,5,3,0>,tanh_config2> | return value |
|ap_return_10    | out |   16| ap_ctrl_hs | tanh<ap_fixed,ap_fixed<16,8,5,3,0>,tanh_config2> | return value |
|ap_return_11    | out |   16| ap_ctrl_hs | tanh<ap_fixed,ap_fixed<16,8,5,3,0>,tanh_config2> | return value |
|ap_return_12    | out |   16| ap_ctrl_hs | tanh<ap_fixed,ap_fixed<16,8,5,3,0>,tanh_config2> | return value |
|ap_return_13    | out |   16| ap_ctrl_hs | tanh<ap_fixed,ap_fixed<16,8,5,3,0>,tanh_config2> | return value |
|ap_return_14    | out |   16| ap_ctrl_hs | tanh<ap_fixed,ap_fixed<16,8,5,3,0>,tanh_config2> | return value |
|ap_return_15    | out |   16| ap_ctrl_hs | tanh<ap_fixed,ap_fixed<16,8,5,3,0>,tanh_config2> | return value |
|ap_return_16    | out |   16| ap_ctrl_hs | tanh<ap_fixed,ap_fixed<16,8,5,3,0>,tanh_config2> | return value |
|ap_return_17    | out |   16| ap_ctrl_hs | tanh<ap_fixed,ap_fixed<16,8,5,3,0>,tanh_config2> | return value |
|ap_return_18    | out |   16| ap_ctrl_hs | tanh<ap_fixed,ap_fixed<16,8,5,3,0>,tanh_config2> | return value |
|ap_return_19    | out |   16| ap_ctrl_hs | tanh<ap_fixed,ap_fixed<16,8,5,3,0>,tanh_config2> | return value |
|ap_return_20    | out |   16| ap_ctrl_hs | tanh<ap_fixed,ap_fixed<16,8,5,3,0>,tanh_config2> | return value |
|ap_return_21    | out |   16| ap_ctrl_hs | tanh<ap_fixed,ap_fixed<16,8,5,3,0>,tanh_config2> | return value |
|ap_return_22    | out |   16| ap_ctrl_hs | tanh<ap_fixed,ap_fixed<16,8,5,3,0>,tanh_config2> | return value |
|ap_return_23    | out |   16| ap_ctrl_hs | tanh<ap_fixed,ap_fixed<16,8,5,3,0>,tanh_config2> | return value |
|ap_return_24    | out |   16| ap_ctrl_hs | tanh<ap_fixed,ap_fixed<16,8,5,3,0>,tanh_config2> | return value |
|ap_return_25    | out |   16| ap_ctrl_hs | tanh<ap_fixed,ap_fixed<16,8,5,3,0>,tanh_config2> | return value |
|ap_return_26    | out |   16| ap_ctrl_hs | tanh<ap_fixed,ap_fixed<16,8,5,3,0>,tanh_config2> | return value |
|ap_return_27    | out |   16| ap_ctrl_hs | tanh<ap_fixed,ap_fixed<16,8,5,3,0>,tanh_config2> | return value |
|ap_return_28    | out |   16| ap_ctrl_hs | tanh<ap_fixed,ap_fixed<16,8,5,3,0>,tanh_config2> | return value |
|ap_return_29    | out |   16| ap_ctrl_hs | tanh<ap_fixed,ap_fixed<16,8,5,3,0>,tanh_config2> | return value |
|ap_return_30    | out |   16| ap_ctrl_hs | tanh<ap_fixed,ap_fixed<16,8,5,3,0>,tanh_config2> | return value |
|ap_return_31    | out |   16| ap_ctrl_hs | tanh<ap_fixed,ap_fixed<16,8,5,3,0>,tanh_config2> | return value |
|ap_return_32    | out |   16| ap_ctrl_hs | tanh<ap_fixed,ap_fixed<16,8,5,3,0>,tanh_config2> | return value |
|ap_return_33    | out |   16| ap_ctrl_hs | tanh<ap_fixed,ap_fixed<16,8,5,3,0>,tanh_config2> | return value |
|ap_return_34    | out |   16| ap_ctrl_hs | tanh<ap_fixed,ap_fixed<16,8,5,3,0>,tanh_config2> | return value |
|ap_return_35    | out |   16| ap_ctrl_hs | tanh<ap_fixed,ap_fixed<16,8,5,3,0>,tanh_config2> | return value |
|ap_return_36    | out |   16| ap_ctrl_hs | tanh<ap_fixed,ap_fixed<16,8,5,3,0>,tanh_config2> | return value |
|ap_return_37    | out |   16| ap_ctrl_hs | tanh<ap_fixed,ap_fixed<16,8,5,3,0>,tanh_config2> | return value |
|ap_return_38    | out |   16| ap_ctrl_hs | tanh<ap_fixed,ap_fixed<16,8,5,3,0>,tanh_config2> | return value |
|ap_return_39    | out |   16| ap_ctrl_hs | tanh<ap_fixed,ap_fixed<16,8,5,3,0>,tanh_config2> | return value |
|ap_return_40    | out |   16| ap_ctrl_hs | tanh<ap_fixed,ap_fixed<16,8,5,3,0>,tanh_config2> | return value |
|ap_return_41    | out |   16| ap_ctrl_hs | tanh<ap_fixed,ap_fixed<16,8,5,3,0>,tanh_config2> | return value |
|ap_return_42    | out |   16| ap_ctrl_hs | tanh<ap_fixed,ap_fixed<16,8,5,3,0>,tanh_config2> | return value |
|ap_return_43    | out |   16| ap_ctrl_hs | tanh<ap_fixed,ap_fixed<16,8,5,3,0>,tanh_config2> | return value |
|ap_return_44    | out |   16| ap_ctrl_hs | tanh<ap_fixed,ap_fixed<16,8,5,3,0>,tanh_config2> | return value |
|ap_return_45    | out |   16| ap_ctrl_hs | tanh<ap_fixed,ap_fixed<16,8,5,3,0>,tanh_config2> | return value |
|ap_return_46    | out |   16| ap_ctrl_hs | tanh<ap_fixed,ap_fixed<16,8,5,3,0>,tanh_config2> | return value |
|ap_return_47    | out |   16| ap_ctrl_hs | tanh<ap_fixed,ap_fixed<16,8,5,3,0>,tanh_config2> | return value |
|ap_return_48    | out |   16| ap_ctrl_hs | tanh<ap_fixed,ap_fixed<16,8,5,3,0>,tanh_config2> | return value |
|ap_return_49    | out |   16| ap_ctrl_hs | tanh<ap_fixed,ap_fixed<16,8,5,3,0>,tanh_config2> | return value |
|ap_return_50    | out |   16| ap_ctrl_hs | tanh<ap_fixed,ap_fixed<16,8,5,3,0>,tanh_config2> | return value |
|ap_return_51    | out |   16| ap_ctrl_hs | tanh<ap_fixed,ap_fixed<16,8,5,3,0>,tanh_config2> | return value |
|ap_return_52    | out |   16| ap_ctrl_hs | tanh<ap_fixed,ap_fixed<16,8,5,3,0>,tanh_config2> | return value |
|ap_return_53    | out |   16| ap_ctrl_hs | tanh<ap_fixed,ap_fixed<16,8,5,3,0>,tanh_config2> | return value |
|ap_return_54    | out |   16| ap_ctrl_hs | tanh<ap_fixed,ap_fixed<16,8,5,3,0>,tanh_config2> | return value |
|ap_return_55    | out |   16| ap_ctrl_hs | tanh<ap_fixed,ap_fixed<16,8,5,3,0>,tanh_config2> | return value |
|ap_return_56    | out |   16| ap_ctrl_hs | tanh<ap_fixed,ap_fixed<16,8,5,3,0>,tanh_config2> | return value |
|ap_return_57    | out |   16| ap_ctrl_hs | tanh<ap_fixed,ap_fixed<16,8,5,3,0>,tanh_config2> | return value |
|ap_return_58    | out |   16| ap_ctrl_hs | tanh<ap_fixed,ap_fixed<16,8,5,3,0>,tanh_config2> | return value |
|ap_return_59    | out |   16| ap_ctrl_hs | tanh<ap_fixed,ap_fixed<16,8,5,3,0>,tanh_config2> | return value |
|ap_return_60    | out |   16| ap_ctrl_hs | tanh<ap_fixed,ap_fixed<16,8,5,3,0>,tanh_config2> | return value |
|ap_return_61    | out |   16| ap_ctrl_hs | tanh<ap_fixed,ap_fixed<16,8,5,3,0>,tanh_config2> | return value |
|ap_return_62    | out |   16| ap_ctrl_hs | tanh<ap_fixed,ap_fixed<16,8,5,3,0>,tanh_config2> | return value |
|ap_return_63    | out |   16| ap_ctrl_hs | tanh<ap_fixed,ap_fixed<16,8,5,3,0>,tanh_config2> | return value |
|data_0_V_read   |  in |   16|   ap_none  |                   data_0_V_read                  |    scalar    |
|data_1_V_read   |  in |   16|   ap_none  |                   data_1_V_read                  |    scalar    |
|data_2_V_read   |  in |   16|   ap_none  |                   data_2_V_read                  |    scalar    |
|data_3_V_read   |  in |   16|   ap_none  |                   data_3_V_read                  |    scalar    |
|data_4_V_read   |  in |   16|   ap_none  |                   data_4_V_read                  |    scalar    |
|data_5_V_read   |  in |   16|   ap_none  |                   data_5_V_read                  |    scalar    |
|data_6_V_read   |  in |   16|   ap_none  |                   data_6_V_read                  |    scalar    |
|data_7_V_read   |  in |   16|   ap_none  |                   data_7_V_read                  |    scalar    |
|data_8_V_read   |  in |   16|   ap_none  |                   data_8_V_read                  |    scalar    |
|data_9_V_read   |  in |   16|   ap_none  |                   data_9_V_read                  |    scalar    |
|data_10_V_read  |  in |   16|   ap_none  |                  data_10_V_read                  |    scalar    |
|data_11_V_read  |  in |   16|   ap_none  |                  data_11_V_read                  |    scalar    |
|data_12_V_read  |  in |   16|   ap_none  |                  data_12_V_read                  |    scalar    |
|data_13_V_read  |  in |   16|   ap_none  |                  data_13_V_read                  |    scalar    |
|data_14_V_read  |  in |   16|   ap_none  |                  data_14_V_read                  |    scalar    |
|data_15_V_read  |  in |   16|   ap_none  |                  data_15_V_read                  |    scalar    |
|data_16_V_read  |  in |   16|   ap_none  |                  data_16_V_read                  |    scalar    |
|data_17_V_read  |  in |   16|   ap_none  |                  data_17_V_read                  |    scalar    |
|data_18_V_read  |  in |   16|   ap_none  |                  data_18_V_read                  |    scalar    |
|data_19_V_read  |  in |   16|   ap_none  |                  data_19_V_read                  |    scalar    |
|data_20_V_read  |  in |   16|   ap_none  |                  data_20_V_read                  |    scalar    |
|data_21_V_read  |  in |   16|   ap_none  |                  data_21_V_read                  |    scalar    |
|data_22_V_read  |  in |   16|   ap_none  |                  data_22_V_read                  |    scalar    |
|data_23_V_read  |  in |   16|   ap_none  |                  data_23_V_read                  |    scalar    |
|data_24_V_read  |  in |   16|   ap_none  |                  data_24_V_read                  |    scalar    |
|data_25_V_read  |  in |   16|   ap_none  |                  data_25_V_read                  |    scalar    |
|data_26_V_read  |  in |   16|   ap_none  |                  data_26_V_read                  |    scalar    |
|data_27_V_read  |  in |   16|   ap_none  |                  data_27_V_read                  |    scalar    |
|data_28_V_read  |  in |   16|   ap_none  |                  data_28_V_read                  |    scalar    |
|data_29_V_read  |  in |   16|   ap_none  |                  data_29_V_read                  |    scalar    |
|data_30_V_read  |  in |   16|   ap_none  |                  data_30_V_read                  |    scalar    |
|data_31_V_read  |  in |   16|   ap_none  |                  data_31_V_read                  |    scalar    |
|data_32_V_read  |  in |   16|   ap_none  |                  data_32_V_read                  |    scalar    |
|data_33_V_read  |  in |   16|   ap_none  |                  data_33_V_read                  |    scalar    |
|data_34_V_read  |  in |   16|   ap_none  |                  data_34_V_read                  |    scalar    |
|data_35_V_read  |  in |   16|   ap_none  |                  data_35_V_read                  |    scalar    |
|data_36_V_read  |  in |   16|   ap_none  |                  data_36_V_read                  |    scalar    |
|data_37_V_read  |  in |   16|   ap_none  |                  data_37_V_read                  |    scalar    |
|data_38_V_read  |  in |   16|   ap_none  |                  data_38_V_read                  |    scalar    |
|data_39_V_read  |  in |   16|   ap_none  |                  data_39_V_read                  |    scalar    |
|data_40_V_read  |  in |   16|   ap_none  |                  data_40_V_read                  |    scalar    |
|data_41_V_read  |  in |   16|   ap_none  |                  data_41_V_read                  |    scalar    |
|data_42_V_read  |  in |   16|   ap_none  |                  data_42_V_read                  |    scalar    |
|data_43_V_read  |  in |   16|   ap_none  |                  data_43_V_read                  |    scalar    |
|data_44_V_read  |  in |   16|   ap_none  |                  data_44_V_read                  |    scalar    |
|data_45_V_read  |  in |   16|   ap_none  |                  data_45_V_read                  |    scalar    |
|data_46_V_read  |  in |   16|   ap_none  |                  data_46_V_read                  |    scalar    |
|data_47_V_read  |  in |   16|   ap_none  |                  data_47_V_read                  |    scalar    |
|data_48_V_read  |  in |   16|   ap_none  |                  data_48_V_read                  |    scalar    |
|data_49_V_read  |  in |   16|   ap_none  |                  data_49_V_read                  |    scalar    |
|data_50_V_read  |  in |   16|   ap_none  |                  data_50_V_read                  |    scalar    |
|data_51_V_read  |  in |   16|   ap_none  |                  data_51_V_read                  |    scalar    |
|data_52_V_read  |  in |   16|   ap_none  |                  data_52_V_read                  |    scalar    |
|data_53_V_read  |  in |   16|   ap_none  |                  data_53_V_read                  |    scalar    |
|data_54_V_read  |  in |   16|   ap_none  |                  data_54_V_read                  |    scalar    |
|data_55_V_read  |  in |   16|   ap_none  |                  data_55_V_read                  |    scalar    |
|data_56_V_read  |  in |   16|   ap_none  |                  data_56_V_read                  |    scalar    |
|data_57_V_read  |  in |   16|   ap_none  |                  data_57_V_read                  |    scalar    |
|data_58_V_read  |  in |   16|   ap_none  |                  data_58_V_read                  |    scalar    |
|data_59_V_read  |  in |   16|   ap_none  |                  data_59_V_read                  |    scalar    |
|data_60_V_read  |  in |   16|   ap_none  |                  data_60_V_read                  |    scalar    |
|data_61_V_read  |  in |   16|   ap_none  |                  data_61_V_read                  |    scalar    |
|data_62_V_read  |  in |   16|   ap_none  |                  data_62_V_read                  |    scalar    |
|data_63_V_read  |  in |   16|   ap_none  |                  data_63_V_read                  |    scalar    |
+----------------+-----+-----+------------+--------------------------------------------------+--------------+

