

================================================================
== Vivado HLS Report for 'tanh_ap_fixed_ap_fixed_32_16_5_3_0_tanh_config2_s'
================================================================
* Date:           Sun Apr 23 20:52:20 2023

* Version:        2019.2 (Build 2704478 on Wed Nov 06 22:10:23 MST 2019)
* Project:        myproject_prj
* Solution:       solution1
* Product family: virtexuplus
* Target device:  xcu50-fsvh2104-2L-e


================================================================
== Performance Estimates
================================================================
+ Timing: 
    * Summary: 
    +--------+---------+----------+------------+
    |  Clock |  Target | Estimated| Uncertainty|
    +--------+---------+----------+------------+
    |ap_clk  | 5.00 ns | 3.317 ns |   0.62 ns  |
    +--------+---------+----------+------------+

+ Latency: 
    * Summary: 
    +---------+---------+-----------+-----------+-----+-----+----------+
    |  Latency (cycles) |   Latency (absolute)  |  Interval | Pipeline |
    |   min   |   max   |    min    |    max    | min | max |   Type   |
    +---------+---------+-----------+-----------+-----+-----+----------+
    |        2|        2| 10.000 ns | 10.000 ns |    1|    1| function |
    +---------+---------+-----------+-----------+-----+-----+----------+

    + Detail: 
        * Instance: 
        N/A

        * Loop: 
        N/A



================================================================
== Utilization Estimates
================================================================
* Summary: 
+---------------------+---------+-------+---------+--------+-----+
|         Name        | BRAM_18K| DSP48E|    FF   |   LUT  | URAM|
+---------------------+---------+-------+---------+--------+-----+
|DSP                  |        -|      -|        -|       -|    -|
|Expression           |        -|      -|        0|   12932|    -|
|FIFO                 |        -|      -|        -|       -|    -|
|Instance             |        -|      -|        -|       -|    -|
|Memory               |       32|      -|        0|       0|    -|
|Multiplexer          |        -|      -|        -|       -|    -|
|Register             |        -|      -|      643|       -|    -|
+---------------------+---------+-------+---------+--------+-----+
|Total                |       32|      0|      643|   12932|    0|
+---------------------+---------+-------+---------+--------+-----+
|Available SLR        |     1344|   2976|   871680|  435840|  320|
+---------------------+---------+-------+---------+--------+-----+
|Utilization SLR (%)  |        2|      0|    ~0   |       2|    0|
+---------------------+---------+-------+---------+--------+-----+
|Available            |     2688|   5952|  1743360|  871680|  640|
+---------------------+---------+-------+---------+--------+-----+
|Utilization (%)      |        1|      0|    ~0   |       1|    0|
+---------------------+---------+-------+---------+--------+-----+

+ Detail: 
    * Instance: 
    N/A

    * DSP48E: 
    N/A

    * Memory: 
    +----------------+--------------------------------------------------------------+---------+---+----+-----+------+-----+------+-------------+
    |     Memory     |                            Module                            | BRAM_18K| FF| LUT| URAM| Words| Bits| Banks| W*Bits*Banks|
    +----------------+--------------------------------------------------------------+---------+---+----+-----+------+-----+------+-------------+
    |tanh_table12_U  |tanh_ap_fixed_ap_fixed_32_16_5_3_0_tanh_config2_s_tanh_tacud  |       32|  0|   0|    0|  1024|   11|     1|        11264|
    +----------------+--------------------------------------------------------------+---------+---+----+-----+------+-----+------+-------------+
    |Total           |                                                              |       32|  0|   0|    0|  1024|   11|     1|        11264|
    +----------------+--------------------------------------------------------------+---------+---+----+-----+------+-----+------+-------------+

    * FIFO: 
    N/A

    * Expression: 
    +-----------------------------+----------+-------+---+-----+------------+------------+
    |        Variable Name        | Operation| DSP48E| FF| LUT | Bitwidth P0| Bitwidth P1|
    +-----------------------------+----------+-------+---+-----+------------+------------+
    |add_ln442_100_fu_6151_p2     |     +    |      0|  0|   24|          10|          24|
    |add_ln442_101_fu_6279_p2     |     +    |      0|  0|   24|          10|          24|
    |add_ln442_102_fu_6407_p2     |     +    |      0|  0|   24|          10|          24|
    |add_ln442_103_fu_6535_p2     |     +    |      0|  0|   24|          10|          24|
    |add_ln442_104_fu_6663_p2     |     +    |      0|  0|   24|          10|          24|
    |add_ln442_105_fu_6791_p2     |     +    |      0|  0|   24|          10|          24|
    |add_ln442_106_fu_6919_p2     |     +    |      0|  0|   24|          10|          24|
    |add_ln442_107_fu_7047_p2     |     +    |      0|  0|   24|          10|          24|
    |add_ln442_108_fu_7175_p2     |     +    |      0|  0|   24|          10|          24|
    |add_ln442_109_fu_7303_p2     |     +    |      0|  0|   24|          10|          24|
    |add_ln442_110_fu_7431_p2     |     +    |      0|  0|   24|          10|          24|
    |add_ln442_111_fu_7559_p2     |     +    |      0|  0|   24|          10|          24|
    |add_ln442_112_fu_7687_p2     |     +    |      0|  0|   24|          10|          24|
    |add_ln442_113_fu_7815_p2     |     +    |      0|  0|   24|          10|          24|
    |add_ln442_114_fu_7943_p2     |     +    |      0|  0|   24|          10|          24|
    |add_ln442_115_fu_8071_p2     |     +    |      0|  0|   24|          10|          24|
    |add_ln442_116_fu_8199_p2     |     +    |      0|  0|   24|          10|          24|
    |add_ln442_117_fu_8327_p2     |     +    |      0|  0|   24|          10|          24|
    |add_ln442_118_fu_8455_p2     |     +    |      0|  0|   24|          10|          24|
    |add_ln442_119_fu_8583_p2     |     +    |      0|  0|   24|          10|          24|
    |add_ln442_120_fu_8711_p2     |     +    |      0|  0|   24|          10|          24|
    |add_ln442_121_fu_8839_p2     |     +    |      0|  0|   24|          10|          24|
    |add_ln442_122_fu_8967_p2     |     +    |      0|  0|   24|          10|          24|
    |add_ln442_123_fu_9095_p2     |     +    |      0|  0|   24|          10|          24|
    |add_ln442_124_fu_9223_p2     |     +    |      0|  0|   24|          10|          24|
    |add_ln442_125_fu_9351_p2     |     +    |      0|  0|   24|          10|          24|
    |add_ln442_126_fu_9479_p2     |     +    |      0|  0|   24|          10|          24|
    |add_ln442_128_fu_1421_p2     |     +    |      0|  0|   23|          10|          23|
    |add_ln442_129_fu_1549_p2     |     +    |      0|  0|   23|          10|          23|
    |add_ln442_130_fu_1677_p2     |     +    |      0|  0|   23|          10|          23|
    |add_ln442_131_fu_1805_p2     |     +    |      0|  0|   23|          10|          23|
    |add_ln442_132_fu_1933_p2     |     +    |      0|  0|   23|          10|          23|
    |add_ln442_133_fu_2061_p2     |     +    |      0|  0|   23|          10|          23|
    |add_ln442_134_fu_2189_p2     |     +    |      0|  0|   23|          10|          23|
    |add_ln442_135_fu_2317_p2     |     +    |      0|  0|   23|          10|          23|
    |add_ln442_136_fu_2445_p2     |     +    |      0|  0|   23|          10|          23|
    |add_ln442_137_fu_2573_p2     |     +    |      0|  0|   23|          10|          23|
    |add_ln442_138_fu_2701_p2     |     +    |      0|  0|   23|          10|          23|
    |add_ln442_139_fu_2829_p2     |     +    |      0|  0|   23|          10|          23|
    |add_ln442_140_fu_2957_p2     |     +    |      0|  0|   23|          10|          23|
    |add_ln442_141_fu_3085_p2     |     +    |      0|  0|   23|          10|          23|
    |add_ln442_142_fu_3213_p2     |     +    |      0|  0|   23|          10|          23|
    |add_ln442_143_fu_3341_p2     |     +    |      0|  0|   23|          10|          23|
    |add_ln442_144_fu_3469_p2     |     +    |      0|  0|   23|          10|          23|
    |add_ln442_145_fu_3597_p2     |     +    |      0|  0|   23|          10|          23|
    |add_ln442_146_fu_3725_p2     |     +    |      0|  0|   23|          10|          23|
    |add_ln442_147_fu_3853_p2     |     +    |      0|  0|   23|          10|          23|
    |add_ln442_148_fu_3981_p2     |     +    |      0|  0|   23|          10|          23|
    |add_ln442_149_fu_4109_p2     |     +    |      0|  0|   23|          10|          23|
    |add_ln442_150_fu_4237_p2     |     +    |      0|  0|   23|          10|          23|
    |add_ln442_151_fu_4365_p2     |     +    |      0|  0|   23|          10|          23|
    |add_ln442_152_fu_4493_p2     |     +    |      0|  0|   23|          10|          23|
    |add_ln442_153_fu_4621_p2     |     +    |      0|  0|   23|          10|          23|
    |add_ln442_154_fu_4749_p2     |     +    |      0|  0|   23|          10|          23|
    |add_ln442_155_fu_4877_p2     |     +    |      0|  0|   23|          10|          23|
    |add_ln442_156_fu_5005_p2     |     +    |      0|  0|   23|          10|          23|
    |add_ln442_157_fu_5133_p2     |     +    |      0|  0|   23|          10|          23|
    |add_ln442_158_fu_5261_p2     |     +    |      0|  0|   23|          10|          23|
    |add_ln442_159_fu_5389_p2     |     +    |      0|  0|   23|          10|          23|
    |add_ln442_160_fu_5517_p2     |     +    |      0|  0|   23|          10|          23|
    |add_ln442_161_fu_5645_p2     |     +    |      0|  0|   23|          10|          23|
    |add_ln442_162_fu_5773_p2     |     +    |      0|  0|   23|          10|          23|
    |add_ln442_163_fu_5901_p2     |     +    |      0|  0|   23|          10|          23|
    |add_ln442_164_fu_6029_p2     |     +    |      0|  0|   23|          10|          23|
    |add_ln442_165_fu_6157_p2     |     +    |      0|  0|   23|          10|          23|
    |add_ln442_166_fu_6285_p2     |     +    |      0|  0|   23|          10|          23|
    |add_ln442_167_fu_6413_p2     |     +    |      0|  0|   23|          10|          23|
    |add_ln442_168_fu_6541_p2     |     +    |      0|  0|   23|          10|          23|
    |add_ln442_169_fu_6669_p2     |     +    |      0|  0|   23|          10|          23|
    |add_ln442_170_fu_6797_p2     |     +    |      0|  0|   23|          10|          23|
    |add_ln442_171_fu_6925_p2     |     +    |      0|  0|   23|          10|          23|
    |add_ln442_172_fu_7053_p2     |     +    |      0|  0|   23|          10|          23|
    |add_ln442_173_fu_7181_p2     |     +    |      0|  0|   23|          10|          23|
    |add_ln442_174_fu_7309_p2     |     +    |      0|  0|   23|          10|          23|
    |add_ln442_175_fu_7437_p2     |     +    |      0|  0|   23|          10|          23|
    |add_ln442_176_fu_7565_p2     |     +    |      0|  0|   23|          10|          23|
    |add_ln442_177_fu_7693_p2     |     +    |      0|  0|   23|          10|          23|
    |add_ln442_178_fu_7821_p2     |     +    |      0|  0|   23|          10|          23|
    |add_ln442_179_fu_7949_p2     |     +    |      0|  0|   23|          10|          23|
    |add_ln442_180_fu_8077_p2     |     +    |      0|  0|   23|          10|          23|
    |add_ln442_181_fu_8205_p2     |     +    |      0|  0|   23|          10|          23|
    |add_ln442_182_fu_8333_p2     |     +    |      0|  0|   23|          10|          23|
    |add_ln442_183_fu_8461_p2     |     +    |      0|  0|   23|          10|          23|
    |add_ln442_184_fu_8589_p2     |     +    |      0|  0|   23|          10|          23|
    |add_ln442_185_fu_8717_p2     |     +    |      0|  0|   23|          10|          23|
    |add_ln442_186_fu_8845_p2     |     +    |      0|  0|   23|          10|          23|
    |add_ln442_187_fu_8973_p2     |     +    |      0|  0|   23|          10|          23|
    |add_ln442_188_fu_9101_p2     |     +    |      0|  0|   23|          10|          23|
    |add_ln442_189_fu_9229_p2     |     +    |      0|  0|   23|          10|          23|
    |add_ln442_190_fu_9357_p2     |     +    |      0|  0|   23|          10|          23|
    |add_ln442_191_fu_9485_p2     |     +    |      0|  0|   23|          10|          23|
    |add_ln442_64_fu_1543_p2      |     +    |      0|  0|   24|          10|          24|
    |add_ln442_65_fu_1671_p2      |     +    |      0|  0|   24|          10|          24|
    |add_ln442_66_fu_1799_p2      |     +    |      0|  0|   24|          10|          24|
    |add_ln442_67_fu_1927_p2      |     +    |      0|  0|   24|          10|          24|
    |add_ln442_68_fu_2055_p2      |     +    |      0|  0|   24|          10|          24|
    |add_ln442_69_fu_2183_p2      |     +    |      0|  0|   24|          10|          24|
    |add_ln442_70_fu_2311_p2      |     +    |      0|  0|   24|          10|          24|
    |add_ln442_71_fu_2439_p2      |     +    |      0|  0|   24|          10|          24|
    |add_ln442_72_fu_2567_p2      |     +    |      0|  0|   24|          10|          24|
    |add_ln442_73_fu_2695_p2      |     +    |      0|  0|   24|          10|          24|
    |add_ln442_74_fu_2823_p2      |     +    |      0|  0|   24|          10|          24|
    |add_ln442_75_fu_2951_p2      |     +    |      0|  0|   24|          10|          24|
    |add_ln442_76_fu_3079_p2      |     +    |      0|  0|   24|          10|          24|
    |add_ln442_77_fu_3207_p2      |     +    |      0|  0|   24|          10|          24|
    |add_ln442_78_fu_3335_p2      |     +    |      0|  0|   24|          10|          24|
    |add_ln442_79_fu_3463_p2      |     +    |      0|  0|   24|          10|          24|
    |add_ln442_80_fu_3591_p2      |     +    |      0|  0|   24|          10|          24|
    |add_ln442_81_fu_3719_p2      |     +    |      0|  0|   24|          10|          24|
    |add_ln442_82_fu_3847_p2      |     +    |      0|  0|   24|          10|          24|
    |add_ln442_83_fu_3975_p2      |     +    |      0|  0|   24|          10|          24|
    |add_ln442_84_fu_4103_p2      |     +    |      0|  0|   24|          10|          24|
    |add_ln442_85_fu_4231_p2      |     +    |      0|  0|   24|          10|          24|
    |add_ln442_86_fu_4359_p2      |     +    |      0|  0|   24|          10|          24|
    |add_ln442_87_fu_4487_p2      |     +    |      0|  0|   24|          10|          24|
    |add_ln442_88_fu_4615_p2      |     +    |      0|  0|   24|          10|          24|
    |add_ln442_89_fu_4743_p2      |     +    |      0|  0|   24|          10|          24|
    |add_ln442_90_fu_4871_p2      |     +    |      0|  0|   24|          10|          24|
    |add_ln442_91_fu_4999_p2      |     +    |      0|  0|   24|          10|          24|
    |add_ln442_92_fu_5127_p2      |     +    |      0|  0|   24|          10|          24|
    |add_ln442_93_fu_5255_p2      |     +    |      0|  0|   24|          10|          24|
    |add_ln442_94_fu_5383_p2      |     +    |      0|  0|   24|          10|          24|
    |add_ln442_95_fu_5511_p2      |     +    |      0|  0|   24|          10|          24|
    |add_ln442_96_fu_5639_p2      |     +    |      0|  0|   24|          10|          24|
    |add_ln442_97_fu_5767_p2      |     +    |      0|  0|   24|          10|          24|
    |add_ln442_98_fu_5895_p2      |     +    |      0|  0|   24|          10|          24|
    |add_ln442_99_fu_6023_p2      |     +    |      0|  0|   24|          10|          24|
    |add_ln442_fu_1415_p2         |     +    |      0|  0|   24|          10|          24|
    |add_ln700_100_fu_6125_p2     |     +    |      0|  0|   24|           1|          24|
    |add_ln700_101_fu_6253_p2     |     +    |      0|  0|   24|           1|          24|
    |add_ln700_102_fu_6381_p2     |     +    |      0|  0|   24|           1|          24|
    |add_ln700_103_fu_6509_p2     |     +    |      0|  0|   24|           1|          24|
    |add_ln700_104_fu_6637_p2     |     +    |      0|  0|   24|           1|          24|
    |add_ln700_105_fu_6765_p2     |     +    |      0|  0|   24|           1|          24|
    |add_ln700_106_fu_6893_p2     |     +    |      0|  0|   24|           1|          24|
    |add_ln700_107_fu_7021_p2     |     +    |      0|  0|   24|           1|          24|
    |add_ln700_108_fu_7149_p2     |     +    |      0|  0|   24|           1|          24|
    |add_ln700_109_fu_7277_p2     |     +    |      0|  0|   24|           1|          24|
    |add_ln700_110_fu_7405_p2     |     +    |      0|  0|   24|           1|          24|
    |add_ln700_111_fu_7533_p2     |     +    |      0|  0|   24|           1|          24|
    |add_ln700_112_fu_7661_p2     |     +    |      0|  0|   24|           1|          24|
    |add_ln700_113_fu_7789_p2     |     +    |      0|  0|   24|           1|          24|
    |add_ln700_114_fu_7917_p2     |     +    |      0|  0|   24|           1|          24|
    |add_ln700_115_fu_8045_p2     |     +    |      0|  0|   24|           1|          24|
    |add_ln700_116_fu_8173_p2     |     +    |      0|  0|   24|           1|          24|
    |add_ln700_117_fu_8301_p2     |     +    |      0|  0|   24|           1|          24|
    |add_ln700_118_fu_8429_p2     |     +    |      0|  0|   24|           1|          24|
    |add_ln700_119_fu_8557_p2     |     +    |      0|  0|   24|           1|          24|
    |add_ln700_120_fu_8685_p2     |     +    |      0|  0|   24|           1|          24|
    |add_ln700_121_fu_8813_p2     |     +    |      0|  0|   24|           1|          24|
    |add_ln700_122_fu_8941_p2     |     +    |      0|  0|   24|           1|          24|
    |add_ln700_123_fu_9069_p2     |     +    |      0|  0|   24|           1|          24|
    |add_ln700_124_fu_9197_p2     |     +    |      0|  0|   24|           1|          24|
    |add_ln700_125_fu_9325_p2     |     +    |      0|  0|   24|           1|          24|
    |add_ln700_126_fu_9453_p2     |     +    |      0|  0|   24|           1|          24|
    |add_ln700_64_fu_1517_p2      |     +    |      0|  0|   24|           1|          24|
    |add_ln700_65_fu_1645_p2      |     +    |      0|  0|   24|           1|          24|
    |add_ln700_66_fu_1773_p2      |     +    |      0|  0|   24|           1|          24|
    |add_ln700_67_fu_1901_p2      |     +    |      0|  0|   24|           1|          24|
    |add_ln700_68_fu_2029_p2      |     +    |      0|  0|   24|           1|          24|
    |add_ln700_69_fu_2157_p2      |     +    |      0|  0|   24|           1|          24|
    |add_ln700_70_fu_2285_p2      |     +    |      0|  0|   24|           1|          24|
    |add_ln700_71_fu_2413_p2      |     +    |      0|  0|   24|           1|          24|
    |add_ln700_72_fu_2541_p2      |     +    |      0|  0|   24|           1|          24|
    |add_ln700_73_fu_2669_p2      |     +    |      0|  0|   24|           1|          24|
    |add_ln700_74_fu_2797_p2      |     +    |      0|  0|   24|           1|          24|
    |add_ln700_75_fu_2925_p2      |     +    |      0|  0|   24|           1|          24|
    |add_ln700_76_fu_3053_p2      |     +    |      0|  0|   24|           1|          24|
    |add_ln700_77_fu_3181_p2      |     +    |      0|  0|   24|           1|          24|
    |add_ln700_78_fu_3309_p2      |     +    |      0|  0|   24|           1|          24|
    |add_ln700_79_fu_3437_p2      |     +    |      0|  0|   24|           1|          24|
    |add_ln700_80_fu_3565_p2      |     +    |      0|  0|   24|           1|          24|
    |add_ln700_81_fu_3693_p2      |     +    |      0|  0|   24|           1|          24|
    |add_ln700_82_fu_3821_p2      |     +    |      0|  0|   24|           1|          24|
    |add_ln700_83_fu_3949_p2      |     +    |      0|  0|   24|           1|          24|
    |add_ln700_84_fu_4077_p2      |     +    |      0|  0|   24|           1|          24|
    |add_ln700_85_fu_4205_p2      |     +    |      0|  0|   24|           1|          24|
    |add_ln700_86_fu_4333_p2      |     +    |      0|  0|   24|           1|          24|
    |add_ln700_87_fu_4461_p2      |     +    |      0|  0|   24|           1|          24|
    |add_ln700_88_fu_4589_p2      |     +    |      0|  0|   24|           1|          24|
    |add_ln700_89_fu_4717_p2      |     +    |      0|  0|   24|           1|          24|
    |add_ln700_90_fu_4845_p2      |     +    |      0|  0|   24|           1|          24|
    |add_ln700_91_fu_4973_p2      |     +    |      0|  0|   24|           1|          24|
    |add_ln700_92_fu_5101_p2      |     +    |      0|  0|   24|           1|          24|
    |add_ln700_93_fu_5229_p2      |     +    |      0|  0|   24|           1|          24|
    |add_ln700_94_fu_5357_p2      |     +    |      0|  0|   24|           1|          24|
    |add_ln700_95_fu_5485_p2      |     +    |      0|  0|   24|           1|          24|
    |add_ln700_96_fu_5613_p2      |     +    |      0|  0|   24|           1|          24|
    |add_ln700_97_fu_5741_p2      |     +    |      0|  0|   24|           1|          24|
    |add_ln700_98_fu_5869_p2      |     +    |      0|  0|   24|           1|          24|
    |add_ln700_99_fu_5997_p2      |     +    |      0|  0|   24|           1|          24|
    |add_ln700_fu_1389_p2         |     +    |      0|  0|   24|           1|          24|
    |ap_block_pp0_stage0_11001    |    and   |      0|  0|    2|           1|           1|
    |icmp_ln445_100_fu_6193_p2    |   icmp   |      0|  0|   13|          13|           1|
    |icmp_ln445_101_fu_6321_p2    |   icmp   |      0|  0|   13|          13|           1|
    |icmp_ln445_102_fu_6449_p2    |   icmp   |      0|  0|   13|          13|           1|
    |icmp_ln445_103_fu_6577_p2    |   icmp   |      0|  0|   13|          13|           1|
    |icmp_ln445_104_fu_6705_p2    |   icmp   |      0|  0|   13|          13|           1|
    |icmp_ln445_105_fu_6833_p2    |   icmp   |      0|  0|   13|          13|           1|
    |icmp_ln445_106_fu_6961_p2    |   icmp   |      0|  0|   13|          13|           1|
    |icmp_ln445_107_fu_7089_p2    |   icmp   |      0|  0|   13|          13|           1|
    |icmp_ln445_108_fu_7217_p2    |   icmp   |      0|  0|   13|          13|           1|
    |icmp_ln445_109_fu_7345_p2    |   icmp   |      0|  0|   13|          13|           1|
    |icmp_ln445_110_fu_7473_p2    |   icmp   |      0|  0|   13|          13|           1|
    |icmp_ln445_111_fu_7601_p2    |   icmp   |      0|  0|   13|          13|           1|
    |icmp_ln445_112_fu_7729_p2    |   icmp   |      0|  0|   13|          13|           1|
    |icmp_ln445_113_fu_7857_p2    |   icmp   |      0|  0|   13|          13|           1|
    |icmp_ln445_114_fu_7985_p2    |   icmp   |      0|  0|   13|          13|           1|
    |icmp_ln445_115_fu_8113_p2    |   icmp   |      0|  0|   13|          13|           1|
    |icmp_ln445_116_fu_8241_p2    |   icmp   |      0|  0|   13|          13|           1|
    |icmp_ln445_117_fu_8369_p2    |   icmp   |      0|  0|   13|          13|           1|
    |icmp_ln445_118_fu_8497_p2    |   icmp   |      0|  0|   13|          13|           1|
    |icmp_ln445_119_fu_8625_p2    |   icmp   |      0|  0|   13|          13|           1|
    |icmp_ln445_120_fu_8753_p2    |   icmp   |      0|  0|   13|          13|           1|
    |icmp_ln445_121_fu_8881_p2    |   icmp   |      0|  0|   13|          13|           1|
    |icmp_ln445_122_fu_9009_p2    |   icmp   |      0|  0|   13|          13|           1|
    |icmp_ln445_123_fu_9137_p2    |   icmp   |      0|  0|   13|          13|           1|
    |icmp_ln445_124_fu_9265_p2    |   icmp   |      0|  0|   13|          13|           1|
    |icmp_ln445_125_fu_9393_p2    |   icmp   |      0|  0|   13|          13|           1|
    |icmp_ln445_126_fu_9521_p2    |   icmp   |      0|  0|   13|          13|           1|
    |icmp_ln445_64_fu_1585_p2     |   icmp   |      0|  0|   13|          13|           1|
    |icmp_ln445_65_fu_1713_p2     |   icmp   |      0|  0|   13|          13|           1|
    |icmp_ln445_66_fu_1841_p2     |   icmp   |      0|  0|   13|          13|           1|
    |icmp_ln445_67_fu_1969_p2     |   icmp   |      0|  0|   13|          13|           1|
    |icmp_ln445_68_fu_2097_p2     |   icmp   |      0|  0|   13|          13|           1|
    |icmp_ln445_69_fu_2225_p2     |   icmp   |      0|  0|   13|          13|           1|
    |icmp_ln445_70_fu_2353_p2     |   icmp   |      0|  0|   13|          13|           1|
    |icmp_ln445_71_fu_2481_p2     |   icmp   |      0|  0|   13|          13|           1|
    |icmp_ln445_72_fu_2609_p2     |   icmp   |      0|  0|   13|          13|           1|
    |icmp_ln445_73_fu_2737_p2     |   icmp   |      0|  0|   13|          13|           1|
    |icmp_ln445_74_fu_2865_p2     |   icmp   |      0|  0|   13|          13|           1|
    |icmp_ln445_75_fu_2993_p2     |   icmp   |      0|  0|   13|          13|           1|
    |icmp_ln445_76_fu_3121_p2     |   icmp   |      0|  0|   13|          13|           1|
    |icmp_ln445_77_fu_3249_p2     |   icmp   |      0|  0|   13|          13|           1|
    |icmp_ln445_78_fu_3377_p2     |   icmp   |      0|  0|   13|          13|           1|
    |icmp_ln445_79_fu_3505_p2     |   icmp   |      0|  0|   13|          13|           1|
    |icmp_ln445_80_fu_3633_p2     |   icmp   |      0|  0|   13|          13|           1|
    |icmp_ln445_81_fu_3761_p2     |   icmp   |      0|  0|   13|          13|           1|
    |icmp_ln445_82_fu_3889_p2     |   icmp   |      0|  0|   13|          13|           1|
    |icmp_ln445_83_fu_4017_p2     |   icmp   |      0|  0|   13|          13|           1|
    |icmp_ln445_84_fu_4145_p2     |   icmp   |      0|  0|   13|          13|           1|
    |icmp_ln445_85_fu_4273_p2     |   icmp   |      0|  0|   13|          13|           1|
    |icmp_ln445_86_fu_4401_p2     |   icmp   |      0|  0|   13|          13|           1|
    |icmp_ln445_87_fu_4529_p2     |   icmp   |      0|  0|   13|          13|           1|
    |icmp_ln445_88_fu_4657_p2     |   icmp   |      0|  0|   13|          13|           1|
    |icmp_ln445_89_fu_4785_p2     |   icmp   |      0|  0|   13|          13|           1|
    |icmp_ln445_90_fu_4913_p2     |   icmp   |      0|  0|   13|          13|           1|
    |icmp_ln445_91_fu_5041_p2     |   icmp   |      0|  0|   13|          13|           1|
    |icmp_ln445_92_fu_5169_p2     |   icmp   |      0|  0|   13|          13|           1|
    |icmp_ln445_93_fu_5297_p2     |   icmp   |      0|  0|   13|          13|           1|
    |icmp_ln445_94_fu_5425_p2     |   icmp   |      0|  0|   13|          13|           1|
    |icmp_ln445_95_fu_5553_p2     |   icmp   |      0|  0|   13|          13|           1|
    |icmp_ln445_96_fu_5681_p2     |   icmp   |      0|  0|   13|          13|           1|
    |icmp_ln445_97_fu_5809_p2     |   icmp   |      0|  0|   13|          13|           1|
    |icmp_ln445_98_fu_5937_p2     |   icmp   |      0|  0|   13|          13|           1|
    |icmp_ln445_99_fu_6065_p2     |   icmp   |      0|  0|   13|          13|           1|
    |icmp_ln445_fu_1457_p2        |   icmp   |      0|  0|   13|          13|           1|
    |icmp_ln850_100_fu_6101_p2    |   icmp   |      0|  0|   24|          42|           4|
    |icmp_ln850_101_fu_6229_p2    |   icmp   |      0|  0|   24|          42|           4|
    |icmp_ln850_102_fu_6357_p2    |   icmp   |      0|  0|   24|          42|           4|
    |icmp_ln850_103_fu_6485_p2    |   icmp   |      0|  0|   24|          42|           4|
    |icmp_ln850_104_fu_6613_p2    |   icmp   |      0|  0|   24|          42|           4|
    |icmp_ln850_105_fu_6741_p2    |   icmp   |      0|  0|   24|          42|           4|
    |icmp_ln850_106_fu_6869_p2    |   icmp   |      0|  0|   24|          42|           4|
    |icmp_ln850_107_fu_6997_p2    |   icmp   |      0|  0|   24|          42|           4|
    |icmp_ln850_108_fu_7125_p2    |   icmp   |      0|  0|   24|          42|           4|
    |icmp_ln850_109_fu_7253_p2    |   icmp   |      0|  0|   24|          42|           4|
    |icmp_ln850_110_fu_7381_p2    |   icmp   |      0|  0|   24|          42|           4|
    |icmp_ln850_111_fu_7509_p2    |   icmp   |      0|  0|   24|          42|           4|
    |icmp_ln850_112_fu_7637_p2    |   icmp   |      0|  0|   24|          42|           4|
    |icmp_ln850_113_fu_7765_p2    |   icmp   |      0|  0|   24|          42|           4|
    |icmp_ln850_114_fu_7893_p2    |   icmp   |      0|  0|   24|          42|           4|
    |icmp_ln850_115_fu_8021_p2    |   icmp   |      0|  0|   24|          42|           4|
    |icmp_ln850_116_fu_8149_p2    |   icmp   |      0|  0|   24|          42|           4|
    |icmp_ln850_117_fu_8277_p2    |   icmp   |      0|  0|   24|          42|           4|
    |icmp_ln850_118_fu_8405_p2    |   icmp   |      0|  0|   24|          42|           4|
    |icmp_ln850_119_fu_8533_p2    |   icmp   |      0|  0|   24|          42|           4|
    |icmp_ln850_120_fu_8661_p2    |   icmp   |      0|  0|   24|          42|           4|
    |icmp_ln850_121_fu_8789_p2    |   icmp   |      0|  0|   24|          42|           4|
    |icmp_ln850_122_fu_8917_p2    |   icmp   |      0|  0|   24|          42|           4|
    |icmp_ln850_123_fu_9045_p2    |   icmp   |      0|  0|   24|          42|           4|
    |icmp_ln850_124_fu_9173_p2    |   icmp   |      0|  0|   24|          42|           4|
    |icmp_ln850_125_fu_9301_p2    |   icmp   |      0|  0|   24|          42|           4|
    |icmp_ln850_126_fu_9429_p2    |   icmp   |      0|  0|   24|          42|           4|
    |icmp_ln850_64_fu_1493_p2     |   icmp   |      0|  0|   24|          42|           4|
    |icmp_ln850_65_fu_1621_p2     |   icmp   |      0|  0|   24|          42|           4|
    |icmp_ln850_66_fu_1749_p2     |   icmp   |      0|  0|   24|          42|           4|
    |icmp_ln850_67_fu_1877_p2     |   icmp   |      0|  0|   24|          42|           4|
    |icmp_ln850_68_fu_2005_p2     |   icmp   |      0|  0|   24|          42|           4|
    |icmp_ln850_69_fu_2133_p2     |   icmp   |      0|  0|   24|          42|           4|
    |icmp_ln850_70_fu_2261_p2     |   icmp   |      0|  0|   24|          42|           4|
    |icmp_ln850_71_fu_2389_p2     |   icmp   |      0|  0|   24|          42|           4|
    |icmp_ln850_72_fu_2517_p2     |   icmp   |      0|  0|   24|          42|           4|
    |icmp_ln850_73_fu_2645_p2     |   icmp   |      0|  0|   24|          42|           4|
    |icmp_ln850_74_fu_2773_p2     |   icmp   |      0|  0|   24|          42|           4|
    |icmp_ln850_75_fu_2901_p2     |   icmp   |      0|  0|   24|          42|           4|
    |icmp_ln850_76_fu_3029_p2     |   icmp   |      0|  0|   24|          42|           4|
    |icmp_ln850_77_fu_3157_p2     |   icmp   |      0|  0|   24|          42|           4|
    |icmp_ln850_78_fu_3285_p2     |   icmp   |      0|  0|   24|          42|           4|
    |icmp_ln850_79_fu_3413_p2     |   icmp   |      0|  0|   24|          42|           4|
    |icmp_ln850_80_fu_3541_p2     |   icmp   |      0|  0|   24|          42|           4|
    |icmp_ln850_81_fu_3669_p2     |   icmp   |      0|  0|   24|          42|           4|
    |icmp_ln850_82_fu_3797_p2     |   icmp   |      0|  0|   24|          42|           4|
    |icmp_ln850_83_fu_3925_p2     |   icmp   |      0|  0|   24|          42|           4|
    |icmp_ln850_84_fu_4053_p2     |   icmp   |      0|  0|   24|          42|           4|
    |icmp_ln850_85_fu_4181_p2     |   icmp   |      0|  0|   24|          42|           4|
    |icmp_ln850_86_fu_4309_p2     |   icmp   |      0|  0|   24|          42|           4|
    |icmp_ln850_87_fu_4437_p2     |   icmp   |      0|  0|   24|          42|           4|
    |icmp_ln850_88_fu_4565_p2     |   icmp   |      0|  0|   24|          42|           4|
    |icmp_ln850_89_fu_4693_p2     |   icmp   |      0|  0|   24|          42|           4|
    |icmp_ln850_90_fu_4821_p2     |   icmp   |      0|  0|   24|          42|           4|
    |icmp_ln850_91_fu_4949_p2     |   icmp   |      0|  0|   24|          42|           4|
    |icmp_ln850_92_fu_5077_p2     |   icmp   |      0|  0|   24|          42|           4|
    |icmp_ln850_93_fu_5205_p2     |   icmp   |      0|  0|   24|          42|           4|
    |icmp_ln850_94_fu_5333_p2     |   icmp   |      0|  0|   24|          42|           4|
    |icmp_ln850_95_fu_5461_p2     |   icmp   |      0|  0|   24|          42|           4|
    |icmp_ln850_96_fu_5589_p2     |   icmp   |      0|  0|   24|          42|           4|
    |icmp_ln850_97_fu_5717_p2     |   icmp   |      0|  0|   24|          42|           4|
    |icmp_ln850_98_fu_5845_p2     |   icmp   |      0|  0|   24|          42|           4|
    |icmp_ln850_99_fu_5973_p2     |   icmp   |      0|  0|   24|          42|           4|
    |icmp_ln850_fu_1365_p2        |   icmp   |      0|  0|   24|          42|           4|
    |icmp_ln851_10_fu_2663_p2     |   icmp   |      0|  0|   13|          16|           1|
    |icmp_ln851_11_fu_2791_p2     |   icmp   |      0|  0|   13|          16|           1|
    |icmp_ln851_12_fu_2919_p2     |   icmp   |      0|  0|   13|          16|           1|
    |icmp_ln851_13_fu_3047_p2     |   icmp   |      0|  0|   13|          16|           1|
    |icmp_ln851_14_fu_3175_p2     |   icmp   |      0|  0|   13|          16|           1|
    |icmp_ln851_15_fu_3303_p2     |   icmp   |      0|  0|   13|          16|           1|
    |icmp_ln851_16_fu_3431_p2     |   icmp   |      0|  0|   13|          16|           1|
    |icmp_ln851_17_fu_3559_p2     |   icmp   |      0|  0|   13|          16|           1|
    |icmp_ln851_18_fu_3687_p2     |   icmp   |      0|  0|   13|          16|           1|
    |icmp_ln851_19_fu_3815_p2     |   icmp   |      0|  0|   13|          16|           1|
    |icmp_ln851_1_fu_1511_p2      |   icmp   |      0|  0|   13|          16|           1|
    |icmp_ln851_20_fu_3943_p2     |   icmp   |      0|  0|   13|          16|           1|
    |icmp_ln851_21_fu_4071_p2     |   icmp   |      0|  0|   13|          16|           1|
    |icmp_ln851_22_fu_4199_p2     |   icmp   |      0|  0|   13|          16|           1|
    |icmp_ln851_23_fu_4327_p2     |   icmp   |      0|  0|   13|          16|           1|
    |icmp_ln851_24_fu_4455_p2     |   icmp   |      0|  0|   13|          16|           1|
    |icmp_ln851_25_fu_4583_p2     |   icmp   |      0|  0|   13|          16|           1|
    |icmp_ln851_26_fu_4711_p2     |   icmp   |      0|  0|   13|          16|           1|
    |icmp_ln851_27_fu_4839_p2     |   icmp   |      0|  0|   13|          16|           1|
    |icmp_ln851_28_fu_4967_p2     |   icmp   |      0|  0|   13|          16|           1|
    |icmp_ln851_29_fu_5095_p2     |   icmp   |      0|  0|   13|          16|           1|
    |icmp_ln851_2_fu_1639_p2      |   icmp   |      0|  0|   13|          16|           1|
    |icmp_ln851_30_fu_5223_p2     |   icmp   |      0|  0|   13|          16|           1|
    |icmp_ln851_31_fu_5351_p2     |   icmp   |      0|  0|   13|          16|           1|
    |icmp_ln851_32_fu_5479_p2     |   icmp   |      0|  0|   13|          16|           1|
    |icmp_ln851_33_fu_5607_p2     |   icmp   |      0|  0|   13|          16|           1|
    |icmp_ln851_34_fu_5735_p2     |   icmp   |      0|  0|   13|          16|           1|
    |icmp_ln851_35_fu_5863_p2     |   icmp   |      0|  0|   13|          16|           1|
    |icmp_ln851_36_fu_5991_p2     |   icmp   |      0|  0|   13|          16|           1|
    |icmp_ln851_37_fu_6119_p2     |   icmp   |      0|  0|   13|          16|           1|
    |icmp_ln851_38_fu_6247_p2     |   icmp   |      0|  0|   13|          16|           1|
    |icmp_ln851_39_fu_6375_p2     |   icmp   |      0|  0|   13|          16|           1|
    |icmp_ln851_3_fu_1767_p2      |   icmp   |      0|  0|   13|          16|           1|
    |icmp_ln851_40_fu_6503_p2     |   icmp   |      0|  0|   13|          16|           1|
    |icmp_ln851_41_fu_6631_p2     |   icmp   |      0|  0|   13|          16|           1|
    |icmp_ln851_42_fu_6759_p2     |   icmp   |      0|  0|   13|          16|           1|
    |icmp_ln851_43_fu_6887_p2     |   icmp   |      0|  0|   13|          16|           1|
    |icmp_ln851_44_fu_7015_p2     |   icmp   |      0|  0|   13|          16|           1|
    |icmp_ln851_45_fu_7143_p2     |   icmp   |      0|  0|   13|          16|           1|
    |icmp_ln851_46_fu_7271_p2     |   icmp   |      0|  0|   13|          16|           1|
    |icmp_ln851_47_fu_7399_p2     |   icmp   |      0|  0|   13|          16|           1|
    |icmp_ln851_48_fu_7527_p2     |   icmp   |      0|  0|   13|          16|           1|
    |icmp_ln851_49_fu_7655_p2     |   icmp   |      0|  0|   13|          16|           1|
    |icmp_ln851_4_fu_1895_p2      |   icmp   |      0|  0|   13|          16|           1|
    |icmp_ln851_50_fu_7783_p2     |   icmp   |      0|  0|   13|          16|           1|
    |icmp_ln851_51_fu_7911_p2     |   icmp   |      0|  0|   13|          16|           1|
    |icmp_ln851_52_fu_8039_p2     |   icmp   |      0|  0|   13|          16|           1|
    |icmp_ln851_53_fu_8167_p2     |   icmp   |      0|  0|   13|          16|           1|
    |icmp_ln851_54_fu_8295_p2     |   icmp   |      0|  0|   13|          16|           1|
    |icmp_ln851_55_fu_8423_p2     |   icmp   |      0|  0|   13|          16|           1|
    |icmp_ln851_56_fu_8551_p2     |   icmp   |      0|  0|   13|          16|           1|
    |icmp_ln851_57_fu_8679_p2     |   icmp   |      0|  0|   13|          16|           1|
    |icmp_ln851_58_fu_8807_p2     |   icmp   |      0|  0|   13|          16|           1|
    |icmp_ln851_59_fu_8935_p2     |   icmp   |      0|  0|   13|          16|           1|
    |icmp_ln851_5_fu_2023_p2      |   icmp   |      0|  0|   13|          16|           1|
    |icmp_ln851_60_fu_9063_p2     |   icmp   |      0|  0|   13|          16|           1|
    |icmp_ln851_61_fu_9191_p2     |   icmp   |      0|  0|   13|          16|           1|
    |icmp_ln851_62_fu_9319_p2     |   icmp   |      0|  0|   13|          16|           1|
    |icmp_ln851_63_fu_9447_p2     |   icmp   |      0|  0|   13|          16|           1|
    |icmp_ln851_6_fu_2151_p2      |   icmp   |      0|  0|   13|          16|           1|
    |icmp_ln851_7_fu_2279_p2      |   icmp   |      0|  0|   13|          16|           1|
    |icmp_ln851_8_fu_2407_p2      |   icmp   |      0|  0|   13|          16|           1|
    |icmp_ln851_9_fu_2535_p2      |   icmp   |      0|  0|   13|          16|           1|
    |icmp_ln851_fu_1383_p2        |   icmp   |      0|  0|   13|          16|           1|
    |select_ln444_10_fu_2715_p3   |  select  |      0|  0|   23|           1|           1|
    |select_ln444_11_fu_2843_p3   |  select  |      0|  0|   23|           1|           1|
    |select_ln444_12_fu_2971_p3   |  select  |      0|  0|   23|           1|           1|
    |select_ln444_13_fu_3099_p3   |  select  |      0|  0|   23|           1|           1|
    |select_ln444_14_fu_3227_p3   |  select  |      0|  0|   23|           1|           1|
    |select_ln444_15_fu_3355_p3   |  select  |      0|  0|   23|           1|           1|
    |select_ln444_16_fu_3483_p3   |  select  |      0|  0|   23|           1|           1|
    |select_ln444_17_fu_3611_p3   |  select  |      0|  0|   23|           1|           1|
    |select_ln444_18_fu_3739_p3   |  select  |      0|  0|   23|           1|           1|
    |select_ln444_19_fu_3867_p3   |  select  |      0|  0|   23|           1|           1|
    |select_ln444_1_fu_1563_p3    |  select  |      0|  0|   23|           1|           1|
    |select_ln444_20_fu_3995_p3   |  select  |      0|  0|   23|           1|           1|
    |select_ln444_21_fu_4123_p3   |  select  |      0|  0|   23|           1|           1|
    |select_ln444_22_fu_4251_p3   |  select  |      0|  0|   23|           1|           1|
    |select_ln444_23_fu_4379_p3   |  select  |      0|  0|   23|           1|           1|
    |select_ln444_24_fu_4507_p3   |  select  |      0|  0|   23|           1|           1|
    |select_ln444_25_fu_4635_p3   |  select  |      0|  0|   23|           1|           1|
    |select_ln444_26_fu_4763_p3   |  select  |      0|  0|   23|           1|           1|
    |select_ln444_27_fu_4891_p3   |  select  |      0|  0|   23|           1|           1|
    |select_ln444_28_fu_5019_p3   |  select  |      0|  0|   23|           1|           1|
    |select_ln444_29_fu_5147_p3   |  select  |      0|  0|   23|           1|           1|
    |select_ln444_2_fu_1691_p3    |  select  |      0|  0|   23|           1|           1|
    |select_ln444_30_fu_5275_p3   |  select  |      0|  0|   23|           1|           1|
    |select_ln444_31_fu_5403_p3   |  select  |      0|  0|   23|           1|           1|
    |select_ln444_32_fu_5531_p3   |  select  |      0|  0|   23|           1|           1|
    |select_ln444_33_fu_5659_p3   |  select  |      0|  0|   23|           1|           1|
    |select_ln444_34_fu_5787_p3   |  select  |      0|  0|   23|           1|           1|
    |select_ln444_35_fu_5915_p3   |  select  |      0|  0|   23|           1|           1|
    |select_ln444_36_fu_6043_p3   |  select  |      0|  0|   23|           1|           1|
    |select_ln444_37_fu_6171_p3   |  select  |      0|  0|   23|           1|           1|
    |select_ln444_38_fu_6299_p3   |  select  |      0|  0|   23|           1|           1|
    |select_ln444_39_fu_6427_p3   |  select  |      0|  0|   23|           1|           1|
    |select_ln444_3_fu_1819_p3    |  select  |      0|  0|   23|           1|           1|
    |select_ln444_40_fu_6555_p3   |  select  |      0|  0|   23|           1|           1|
    |select_ln444_41_fu_6683_p3   |  select  |      0|  0|   23|           1|           1|
    |select_ln444_42_fu_6811_p3   |  select  |      0|  0|   23|           1|           1|
    |select_ln444_43_fu_6939_p3   |  select  |      0|  0|   23|           1|           1|
    |select_ln444_44_fu_7067_p3   |  select  |      0|  0|   23|           1|           1|
    |select_ln444_45_fu_7195_p3   |  select  |      0|  0|   23|           1|           1|
    |select_ln444_46_fu_7323_p3   |  select  |      0|  0|   23|           1|           1|
    |select_ln444_47_fu_7451_p3   |  select  |      0|  0|   23|           1|           1|
    |select_ln444_48_fu_7579_p3   |  select  |      0|  0|   23|           1|           1|
    |select_ln444_49_fu_7707_p3   |  select  |      0|  0|   23|           1|           1|
    |select_ln444_4_fu_1947_p3    |  select  |      0|  0|   23|           1|           1|
    |select_ln444_50_fu_7835_p3   |  select  |      0|  0|   23|           1|           1|
    |select_ln444_51_fu_7963_p3   |  select  |      0|  0|   23|           1|           1|
    |select_ln444_52_fu_8091_p3   |  select  |      0|  0|   23|           1|           1|
    |select_ln444_53_fu_8219_p3   |  select  |      0|  0|   23|           1|           1|
    |select_ln444_54_fu_8347_p3   |  select  |      0|  0|   23|           1|           1|
    |select_ln444_55_fu_8475_p3   |  select  |      0|  0|   23|           1|           1|
    |select_ln444_56_fu_8603_p3   |  select  |      0|  0|   23|           1|           1|
    |select_ln444_57_fu_8731_p3   |  select  |      0|  0|   23|           1|           1|
    |select_ln444_58_fu_8859_p3   |  select  |      0|  0|   23|           1|           1|
    |select_ln444_59_fu_8987_p3   |  select  |      0|  0|   23|           1|           1|
    |select_ln444_5_fu_2075_p3    |  select  |      0|  0|   23|           1|           1|
    |select_ln444_60_fu_9115_p3   |  select  |      0|  0|   23|           1|           1|
    |select_ln444_61_fu_9243_p3   |  select  |      0|  0|   23|           1|           1|
    |select_ln444_62_fu_9371_p3   |  select  |      0|  0|   23|           1|           1|
    |select_ln444_63_fu_9499_p3   |  select  |      0|  0|   23|           1|           1|
    |select_ln444_6_fu_2203_p3    |  select  |      0|  0|   23|           1|           1|
    |select_ln444_7_fu_2331_p3    |  select  |      0|  0|   23|           1|           1|
    |select_ln444_8_fu_2459_p3    |  select  |      0|  0|   23|           1|           1|
    |select_ln444_9_fu_2587_p3    |  select  |      0|  0|   23|           1|           1|
    |select_ln444_fu_1435_p3      |  select  |      0|  0|   23|           1|           1|
    |select_ln445_10_fu_2743_p3   |  select  |      0|  0|   10|           1|           2|
    |select_ln445_11_fu_2871_p3   |  select  |      0|  0|   10|           1|           2|
    |select_ln445_12_fu_2999_p3   |  select  |      0|  0|   10|           1|           2|
    |select_ln445_13_fu_3127_p3   |  select  |      0|  0|   10|           1|           2|
    |select_ln445_14_fu_3255_p3   |  select  |      0|  0|   10|           1|           2|
    |select_ln445_15_fu_3383_p3   |  select  |      0|  0|   10|           1|           2|
    |select_ln445_16_fu_3511_p3   |  select  |      0|  0|   10|           1|           2|
    |select_ln445_17_fu_3639_p3   |  select  |      0|  0|   10|           1|           2|
    |select_ln445_18_fu_3767_p3   |  select  |      0|  0|   10|           1|           2|
    |select_ln445_19_fu_3895_p3   |  select  |      0|  0|   10|           1|           2|
    |select_ln445_1_fu_1591_p3    |  select  |      0|  0|   10|           1|           2|
    |select_ln445_20_fu_4023_p3   |  select  |      0|  0|   10|           1|           2|
    |select_ln445_21_fu_4151_p3   |  select  |      0|  0|   10|           1|           2|
    |select_ln445_22_fu_4279_p3   |  select  |      0|  0|   10|           1|           2|
    |select_ln445_23_fu_4407_p3   |  select  |      0|  0|   10|           1|           2|
    |select_ln445_24_fu_4535_p3   |  select  |      0|  0|   10|           1|           2|
    |select_ln445_25_fu_4663_p3   |  select  |      0|  0|   10|           1|           2|
    |select_ln445_26_fu_4791_p3   |  select  |      0|  0|   10|           1|           2|
    |select_ln445_27_fu_4919_p3   |  select  |      0|  0|   10|           1|           2|
    |select_ln445_28_fu_5047_p3   |  select  |      0|  0|   10|           1|           2|
    |select_ln445_29_fu_5175_p3   |  select  |      0|  0|   10|           1|           2|
    |select_ln445_2_fu_1719_p3    |  select  |      0|  0|   10|           1|           2|
    |select_ln445_30_fu_5303_p3   |  select  |      0|  0|   10|           1|           2|
    |select_ln445_31_fu_5431_p3   |  select  |      0|  0|   10|           1|           2|
    |select_ln445_32_fu_5559_p3   |  select  |      0|  0|   10|           1|           2|
    |select_ln445_33_fu_5687_p3   |  select  |      0|  0|   10|           1|           2|
    |select_ln445_34_fu_5815_p3   |  select  |      0|  0|   10|           1|           2|
    |select_ln445_35_fu_5943_p3   |  select  |      0|  0|   10|           1|           2|
    |select_ln445_36_fu_6071_p3   |  select  |      0|  0|   10|           1|           2|
    |select_ln445_37_fu_6199_p3   |  select  |      0|  0|   10|           1|           2|
    |select_ln445_38_fu_6327_p3   |  select  |      0|  0|   10|           1|           2|
    |select_ln445_39_fu_6455_p3   |  select  |      0|  0|   10|           1|           2|
    |select_ln445_3_fu_1847_p3    |  select  |      0|  0|   10|           1|           2|
    |select_ln445_40_fu_6583_p3   |  select  |      0|  0|   10|           1|           2|
    |select_ln445_41_fu_6711_p3   |  select  |      0|  0|   10|           1|           2|
    |select_ln445_42_fu_6839_p3   |  select  |      0|  0|   10|           1|           2|
    |select_ln445_43_fu_6967_p3   |  select  |      0|  0|   10|           1|           2|
    |select_ln445_44_fu_7095_p3   |  select  |      0|  0|   10|           1|           2|
    |select_ln445_45_fu_7223_p3   |  select  |      0|  0|   10|           1|           2|
    |select_ln445_46_fu_7351_p3   |  select  |      0|  0|   10|           1|           2|
    |select_ln445_47_fu_7479_p3   |  select  |      0|  0|   10|           1|           2|
    |select_ln445_48_fu_7607_p3   |  select  |      0|  0|   10|           1|           2|
    |select_ln445_49_fu_7735_p3   |  select  |      0|  0|   10|           1|           2|
    |select_ln445_4_fu_1975_p3    |  select  |      0|  0|   10|           1|           2|
    |select_ln445_50_fu_7863_p3   |  select  |      0|  0|   10|           1|           2|
    |select_ln445_51_fu_7991_p3   |  select  |      0|  0|   10|           1|           2|
    |select_ln445_52_fu_8119_p3   |  select  |      0|  0|   10|           1|           2|
    |select_ln445_53_fu_8247_p3   |  select  |      0|  0|   10|           1|           2|
    |select_ln445_54_fu_8375_p3   |  select  |      0|  0|   10|           1|           2|
    |select_ln445_55_fu_8503_p3   |  select  |      0|  0|   10|           1|           2|
    |select_ln445_56_fu_8631_p3   |  select  |      0|  0|   10|           1|           2|
    |select_ln445_57_fu_8759_p3   |  select  |      0|  0|   10|           1|           2|
    |select_ln445_58_fu_8887_p3   |  select  |      0|  0|   10|           1|           2|
    |select_ln445_59_fu_9015_p3   |  select  |      0|  0|   10|           1|           2|
    |select_ln445_5_fu_2103_p3    |  select  |      0|  0|   10|           1|           2|
    |select_ln445_60_fu_9143_p3   |  select  |      0|  0|   10|           1|           2|
    |select_ln445_61_fu_9271_p3   |  select  |      0|  0|   10|           1|           2|
    |select_ln445_62_fu_9399_p3   |  select  |      0|  0|   10|           1|           2|
    |select_ln445_63_fu_9527_p3   |  select  |      0|  0|   10|           1|           2|
    |select_ln445_6_fu_2231_p3    |  select  |      0|  0|   10|           1|           2|
    |select_ln445_7_fu_2359_p3    |  select  |      0|  0|   10|           1|           2|
    |select_ln445_8_fu_2487_p3    |  select  |      0|  0|   10|           1|           2|
    |select_ln445_9_fu_2615_p3    |  select  |      0|  0|   10|           1|           2|
    |select_ln445_fu_1463_p3      |  select  |      0|  0|   10|           1|           2|
    |select_ln850_100_fu_6139_p3  |  select  |      0|  0|   24|           1|          24|
    |select_ln850_101_fu_6267_p3  |  select  |      0|  0|   24|           1|          24|
    |select_ln850_102_fu_6395_p3  |  select  |      0|  0|   24|           1|          24|
    |select_ln850_103_fu_6523_p3  |  select  |      0|  0|   24|           1|          24|
    |select_ln850_104_fu_6651_p3  |  select  |      0|  0|   24|           1|          24|
    |select_ln850_105_fu_6779_p3  |  select  |      0|  0|   24|           1|          24|
    |select_ln850_106_fu_6907_p3  |  select  |      0|  0|   24|           1|          24|
    |select_ln850_107_fu_7035_p3  |  select  |      0|  0|   24|           1|          24|
    |select_ln850_108_fu_7163_p3  |  select  |      0|  0|   24|           1|          24|
    |select_ln850_109_fu_7291_p3  |  select  |      0|  0|   24|           1|          24|
    |select_ln850_110_fu_7419_p3  |  select  |      0|  0|   24|           1|          24|
    |select_ln850_111_fu_7547_p3  |  select  |      0|  0|   24|           1|          24|
    |select_ln850_112_fu_7675_p3  |  select  |      0|  0|   24|           1|          24|
    |select_ln850_113_fu_7803_p3  |  select  |      0|  0|   24|           1|          24|
    |select_ln850_114_fu_7931_p3  |  select  |      0|  0|   24|           1|          24|
    |select_ln850_115_fu_8059_p3  |  select  |      0|  0|   24|           1|          24|
    |select_ln850_116_fu_8187_p3  |  select  |      0|  0|   24|           1|          24|
    |select_ln850_117_fu_8315_p3  |  select  |      0|  0|   24|           1|          24|
    |select_ln850_118_fu_8443_p3  |  select  |      0|  0|   24|           1|          24|
    |select_ln850_119_fu_8571_p3  |  select  |      0|  0|   24|           1|          24|
    |select_ln850_120_fu_8699_p3  |  select  |      0|  0|   24|           1|          24|
    |select_ln850_121_fu_8827_p3  |  select  |      0|  0|   24|           1|          24|
    |select_ln850_122_fu_8955_p3  |  select  |      0|  0|   24|           1|          24|
    |select_ln850_123_fu_9083_p3  |  select  |      0|  0|   24|           1|          24|
    |select_ln850_124_fu_9211_p3  |  select  |      0|  0|   24|           1|          24|
    |select_ln850_125_fu_9339_p3  |  select  |      0|  0|   24|           1|          24|
    |select_ln850_126_fu_9467_p3  |  select  |      0|  0|   24|           1|          24|
    |select_ln850_64_fu_1531_p3   |  select  |      0|  0|   24|           1|          24|
    |select_ln850_65_fu_1659_p3   |  select  |      0|  0|   24|           1|          24|
    |select_ln850_66_fu_1787_p3   |  select  |      0|  0|   24|           1|          24|
    |select_ln850_67_fu_1915_p3   |  select  |      0|  0|   24|           1|          24|
    |select_ln850_68_fu_2043_p3   |  select  |      0|  0|   24|           1|          24|
    |select_ln850_69_fu_2171_p3   |  select  |      0|  0|   24|           1|          24|
    |select_ln850_70_fu_2299_p3   |  select  |      0|  0|   24|           1|          24|
    |select_ln850_71_fu_2427_p3   |  select  |      0|  0|   24|           1|          24|
    |select_ln850_72_fu_2555_p3   |  select  |      0|  0|   24|           1|          24|
    |select_ln850_73_fu_2683_p3   |  select  |      0|  0|   24|           1|          24|
    |select_ln850_74_fu_2811_p3   |  select  |      0|  0|   24|           1|          24|
    |select_ln850_75_fu_2939_p3   |  select  |      0|  0|   24|           1|          24|
    |select_ln850_76_fu_3067_p3   |  select  |      0|  0|   24|           1|          24|
    |select_ln850_77_fu_3195_p3   |  select  |      0|  0|   24|           1|          24|
    |select_ln850_78_fu_3323_p3   |  select  |      0|  0|   24|           1|          24|
    |select_ln850_79_fu_3451_p3   |  select  |      0|  0|   24|           1|          24|
    |select_ln850_80_fu_3579_p3   |  select  |      0|  0|   24|           1|          24|
    |select_ln850_81_fu_3707_p3   |  select  |      0|  0|   24|           1|          24|
    |select_ln850_82_fu_3835_p3   |  select  |      0|  0|   24|           1|          24|
    |select_ln850_83_fu_3963_p3   |  select  |      0|  0|   24|           1|          24|
    |select_ln850_84_fu_4091_p3   |  select  |      0|  0|   24|           1|          24|
    |select_ln850_85_fu_4219_p3   |  select  |      0|  0|   24|           1|          24|
    |select_ln850_86_fu_4347_p3   |  select  |      0|  0|   24|           1|          24|
    |select_ln850_87_fu_4475_p3   |  select  |      0|  0|   24|           1|          24|
    |select_ln850_88_fu_4603_p3   |  select  |      0|  0|   24|           1|          24|
    |select_ln850_89_fu_4731_p3   |  select  |      0|  0|   24|           1|          24|
    |select_ln850_90_fu_4859_p3   |  select  |      0|  0|   24|           1|          24|
    |select_ln850_91_fu_4987_p3   |  select  |      0|  0|   24|           1|          24|
    |select_ln850_92_fu_5115_p3   |  select  |      0|  0|   24|           1|          24|
    |select_ln850_93_fu_5243_p3   |  select  |      0|  0|   24|           1|          24|
    |select_ln850_94_fu_5371_p3   |  select  |      0|  0|   24|           1|          24|
    |select_ln850_95_fu_5499_p3   |  select  |      0|  0|   24|           1|          24|
    |select_ln850_96_fu_5627_p3   |  select  |      0|  0|   24|           1|          24|
    |select_ln850_97_fu_5755_p3   |  select  |      0|  0|   24|           1|          24|
    |select_ln850_98_fu_5883_p3   |  select  |      0|  0|   24|           1|          24|
    |select_ln850_99_fu_6011_p3   |  select  |      0|  0|   24|           1|          24|
    |select_ln850_fu_1403_p3      |  select  |      0|  0|   24|           1|          24|
    |select_ln851_10_fu_2675_p3   |  select  |      0|  0|   24|           1|          24|
    |select_ln851_11_fu_2803_p3   |  select  |      0|  0|   24|           1|          24|
    |select_ln851_12_fu_2931_p3   |  select  |      0|  0|   24|           1|          24|
    |select_ln851_13_fu_3059_p3   |  select  |      0|  0|   24|           1|          24|
    |select_ln851_14_fu_3187_p3   |  select  |      0|  0|   24|           1|          24|
    |select_ln851_15_fu_3315_p3   |  select  |      0|  0|   24|           1|          24|
    |select_ln851_16_fu_3443_p3   |  select  |      0|  0|   24|           1|          24|
    |select_ln851_17_fu_3571_p3   |  select  |      0|  0|   24|           1|          24|
    |select_ln851_18_fu_3699_p3   |  select  |      0|  0|   24|           1|          24|
    |select_ln851_19_fu_3827_p3   |  select  |      0|  0|   24|           1|          24|
    |select_ln851_1_fu_1523_p3    |  select  |      0|  0|   24|           1|          24|
    |select_ln851_20_fu_3955_p3   |  select  |      0|  0|   24|           1|          24|
    |select_ln851_21_fu_4083_p3   |  select  |      0|  0|   24|           1|          24|
    |select_ln851_22_fu_4211_p3   |  select  |      0|  0|   24|           1|          24|
    |select_ln851_23_fu_4339_p3   |  select  |      0|  0|   24|           1|          24|
    |select_ln851_24_fu_4467_p3   |  select  |      0|  0|   24|           1|          24|
    |select_ln851_25_fu_4595_p3   |  select  |      0|  0|   24|           1|          24|
    |select_ln851_26_fu_4723_p3   |  select  |      0|  0|   24|           1|          24|
    |select_ln851_27_fu_4851_p3   |  select  |      0|  0|   24|           1|          24|
    |select_ln851_28_fu_4979_p3   |  select  |      0|  0|   24|           1|          24|
    |select_ln851_29_fu_5107_p3   |  select  |      0|  0|   24|           1|          24|
    |select_ln851_2_fu_1651_p3    |  select  |      0|  0|   24|           1|          24|
    |select_ln851_30_fu_5235_p3   |  select  |      0|  0|   24|           1|          24|
    |select_ln851_31_fu_5363_p3   |  select  |      0|  0|   24|           1|          24|
    |select_ln851_32_fu_5491_p3   |  select  |      0|  0|   24|           1|          24|
    |select_ln851_33_fu_5619_p3   |  select  |      0|  0|   24|           1|          24|
    |select_ln851_34_fu_5747_p3   |  select  |      0|  0|   24|           1|          24|
    |select_ln851_35_fu_5875_p3   |  select  |      0|  0|   24|           1|          24|
    |select_ln851_36_fu_6003_p3   |  select  |      0|  0|   24|           1|          24|
    |select_ln851_37_fu_6131_p3   |  select  |      0|  0|   24|           1|          24|
    |select_ln851_38_fu_6259_p3   |  select  |      0|  0|   24|           1|          24|
    |select_ln851_39_fu_6387_p3   |  select  |      0|  0|   24|           1|          24|
    |select_ln851_3_fu_1779_p3    |  select  |      0|  0|   24|           1|          24|
    |select_ln851_40_fu_6515_p3   |  select  |      0|  0|   24|           1|          24|
    |select_ln851_41_fu_6643_p3   |  select  |      0|  0|   24|           1|          24|
    |select_ln851_42_fu_6771_p3   |  select  |      0|  0|   24|           1|          24|
    |select_ln851_43_fu_6899_p3   |  select  |      0|  0|   24|           1|          24|
    |select_ln851_44_fu_7027_p3   |  select  |      0|  0|   24|           1|          24|
    |select_ln851_45_fu_7155_p3   |  select  |      0|  0|   24|           1|          24|
    |select_ln851_46_fu_7283_p3   |  select  |      0|  0|   24|           1|          24|
    |select_ln851_47_fu_7411_p3   |  select  |      0|  0|   24|           1|          24|
    |select_ln851_48_fu_7539_p3   |  select  |      0|  0|   24|           1|          24|
    |select_ln851_49_fu_7667_p3   |  select  |      0|  0|   24|           1|          24|
    |select_ln851_4_fu_1907_p3    |  select  |      0|  0|   24|           1|          24|
    |select_ln851_50_fu_7795_p3   |  select  |      0|  0|   24|           1|          24|
    |select_ln851_51_fu_7923_p3   |  select  |      0|  0|   24|           1|          24|
    |select_ln851_52_fu_8051_p3   |  select  |      0|  0|   24|           1|          24|
    |select_ln851_53_fu_8179_p3   |  select  |      0|  0|   24|           1|          24|
    |select_ln851_54_fu_8307_p3   |  select  |      0|  0|   24|           1|          24|
    |select_ln851_55_fu_8435_p3   |  select  |      0|  0|   24|           1|          24|
    |select_ln851_56_fu_8563_p3   |  select  |      0|  0|   24|           1|          24|
    |select_ln851_57_fu_8691_p3   |  select  |      0|  0|   24|           1|          24|
    |select_ln851_58_fu_8819_p3   |  select  |      0|  0|   24|           1|          24|
    |select_ln851_59_fu_8947_p3   |  select  |      0|  0|   24|           1|          24|
    |select_ln851_5_fu_2035_p3    |  select  |      0|  0|   24|           1|          24|
    |select_ln851_60_fu_9075_p3   |  select  |      0|  0|   24|           1|          24|
    |select_ln851_61_fu_9203_p3   |  select  |      0|  0|   24|           1|          24|
    |select_ln851_62_fu_9331_p3   |  select  |      0|  0|   24|           1|          24|
    |select_ln851_63_fu_9459_p3   |  select  |      0|  0|   24|           1|          24|
    |select_ln851_6_fu_2163_p3    |  select  |      0|  0|   24|           1|          24|
    |select_ln851_7_fu_2291_p3    |  select  |      0|  0|   24|           1|          24|
    |select_ln851_8_fu_2419_p3    |  select  |      0|  0|   24|           1|          24|
    |select_ln851_9_fu_2547_p3    |  select  |      0|  0|   24|           1|          24|
    |select_ln851_fu_1395_p3      |  select  |      0|  0|   24|           1|          24|
    |ap_enable_pp0                |    xor   |      0|  0|    2|           1|           2|
    +-----------------------------+----------+-------+---+-----+------------+------------+
    |Total                        |          |      0|  0|12932|        6146|        8195|
    +-----------------------------+----------+-------+---+-----+------------+------------+

    * Multiplexer: 
    N/A

    * Register: 
    +---------------------------+----+----+-----+-----------+
    |            Name           | FF | LUT| Bits| Const Bits|
    +---------------------------+----+----+-----+-----------+
    |ap_CS_fsm                  |   1|   0|    1|          0|
    |ap_enable_reg_pp0_iter1    |   1|   0|    1|          0|
    |ap_enable_reg_pp0_iter2    |   1|   0|    1|          0|
    |select_ln445_10_reg_10993  |  10|   0|   10|          0|
    |select_ln445_11_reg_10998  |  10|   0|   10|          0|
    |select_ln445_12_reg_11003  |  10|   0|   10|          0|
    |select_ln445_13_reg_11008  |  10|   0|   10|          0|
    |select_ln445_14_reg_11013  |  10|   0|   10|          0|
    |select_ln445_15_reg_11018  |  10|   0|   10|          0|
    |select_ln445_16_reg_11023  |  10|   0|   10|          0|
    |select_ln445_17_reg_11028  |  10|   0|   10|          0|
    |select_ln445_18_reg_11033  |  10|   0|   10|          0|
    |select_ln445_19_reg_11038  |  10|   0|   10|          0|
    |select_ln445_1_reg_10948   |  10|   0|   10|          0|
    |select_ln445_20_reg_11043  |  10|   0|   10|          0|
    |select_ln445_21_reg_11048  |  10|   0|   10|          0|
    |select_ln445_22_reg_11053  |  10|   0|   10|          0|
    |select_ln445_23_reg_11058  |  10|   0|   10|          0|
    |select_ln445_24_reg_11063  |  10|   0|   10|          0|
    |select_ln445_25_reg_11068  |  10|   0|   10|          0|
    |select_ln445_26_reg_11073  |  10|   0|   10|          0|
    |select_ln445_27_reg_11078  |  10|   0|   10|          0|
    |select_ln445_28_reg_11083  |  10|   0|   10|          0|
    |select_ln445_29_reg_11088  |  10|   0|   10|          0|
    |select_ln445_2_reg_10953   |  10|   0|   10|          0|
    |select_ln445_30_reg_11093  |  10|   0|   10|          0|
    |select_ln445_31_reg_11098  |  10|   0|   10|          0|
    |select_ln445_32_reg_11103  |  10|   0|   10|          0|
    |select_ln445_33_reg_11108  |  10|   0|   10|          0|
    |select_ln445_34_reg_11113  |  10|   0|   10|          0|
    |select_ln445_35_reg_11118  |  10|   0|   10|          0|
    |select_ln445_36_reg_11123  |  10|   0|   10|          0|
    |select_ln445_37_reg_11128  |  10|   0|   10|          0|
    |select_ln445_38_reg_11133  |  10|   0|   10|          0|
    |select_ln445_39_reg_11138  |  10|   0|   10|          0|
    |select_ln445_3_reg_10958   |  10|   0|   10|          0|
    |select_ln445_40_reg_11143  |  10|   0|   10|          0|
    |select_ln445_41_reg_11148  |  10|   0|   10|          0|
    |select_ln445_42_reg_11153  |  10|   0|   10|          0|
    |select_ln445_43_reg_11158  |  10|   0|   10|          0|
    |select_ln445_44_reg_11163  |  10|   0|   10|          0|
    |select_ln445_45_reg_11168  |  10|   0|   10|          0|
    |select_ln445_46_reg_11173  |  10|   0|   10|          0|
    |select_ln445_47_reg_11178  |  10|   0|   10|          0|
    |select_ln445_48_reg_11183  |  10|   0|   10|          0|
    |select_ln445_49_reg_11188  |  10|   0|   10|          0|
    |select_ln445_4_reg_10963   |  10|   0|   10|          0|
    |select_ln445_50_reg_11193  |  10|   0|   10|          0|
    |select_ln445_51_reg_11198  |  10|   0|   10|          0|
    |select_ln445_52_reg_11203  |  10|   0|   10|          0|
    |select_ln445_53_reg_11208  |  10|   0|   10|          0|
    |select_ln445_54_reg_11213  |  10|   0|   10|          0|
    |select_ln445_55_reg_11218  |  10|   0|   10|          0|
    |select_ln445_56_reg_11223  |  10|   0|   10|          0|
    |select_ln445_57_reg_11228  |  10|   0|   10|          0|
    |select_ln445_58_reg_11233  |  10|   0|   10|          0|
    |select_ln445_59_reg_11238  |  10|   0|   10|          0|
    |select_ln445_5_reg_10968   |  10|   0|   10|          0|
    |select_ln445_60_reg_11243  |  10|   0|   10|          0|
    |select_ln445_61_reg_11248  |  10|   0|   10|          0|
    |select_ln445_62_reg_11253  |  10|   0|   10|          0|
    |select_ln445_63_reg_11258  |  10|   0|   10|          0|
    |select_ln445_6_reg_10973   |  10|   0|   10|          0|
    |select_ln445_7_reg_10978   |  10|   0|   10|          0|
    |select_ln445_8_reg_10983   |  10|   0|   10|          0|
    |select_ln445_9_reg_10988   |  10|   0|   10|          0|
    |select_ln445_reg_10943     |  10|   0|   10|          0|
    +---------------------------+----+----+-----+-----------+
    |Total                      | 643|   0|  643|          0|
    +---------------------------+----+----+-----+-----------+



================================================================
== Interface
================================================================
* Summary: 
+----------------+-----+-----+------------+---------------------------------------------------+--------------+
|    RTL Ports   | Dir | Bits|  Protocol  |                   Source Object                   |    C Type    |
+----------------+-----+-----+------------+---------------------------------------------------+--------------+
|ap_clk          |  in |    1| ap_ctrl_hs | tanh<ap_fixed,ap_fixed<32,16,5,3,0>,tanh_config2> | return value |
|ap_rst          |  in |    1| ap_ctrl_hs | tanh<ap_fixed,ap_fixed<32,16,5,3,0>,tanh_config2> | return value |
|ap_start        |  in |    1| ap_ctrl_hs | tanh<ap_fixed,ap_fixed<32,16,5,3,0>,tanh_config2> | return value |
|ap_done         | out |    1| ap_ctrl_hs | tanh<ap_fixed,ap_fixed<32,16,5,3,0>,tanh_config2> | return value |
|ap_idle         | out |    1| ap_ctrl_hs | tanh<ap_fixed,ap_fixed<32,16,5,3,0>,tanh_config2> | return value |
|ap_ready        | out |    1| ap_ctrl_hs | tanh<ap_fixed,ap_fixed<32,16,5,3,0>,tanh_config2> | return value |
|ap_return_0     | out |   32| ap_ctrl_hs | tanh<ap_fixed,ap_fixed<32,16,5,3,0>,tanh_config2> | return value |
|ap_return_1     | out |   32| ap_ctrl_hs | tanh<ap_fixed,ap_fixed<32,16,5,3,0>,tanh_config2> | return value |
|ap_return_2     | out |   32| ap_ctrl_hs | tanh<ap_fixed,ap_fixed<32,16,5,3,0>,tanh_config2> | return value |
|ap_return_3     | out |   32| ap_ctrl_hs | tanh<ap_fixed,ap_fixed<32,16,5,3,0>,tanh_config2> | return value |
|ap_return_4     | out |   32| ap_ctrl_hs | tanh<ap_fixed,ap_fixed<32,16,5,3,0>,tanh_config2> | return value |
|ap_return_5     | out |   32| ap_ctrl_hs | tanh<ap_fixed,ap_fixed<32,16,5,3,0>,tanh_config2> | return value |
|ap_return_6     | out |   32| ap_ctrl_hs | tanh<ap_fixed,ap_fixed<32,16,5,3,0>,tanh_config2> | return value |
|ap_return_7     | out |   32| ap_ctrl_hs | tanh<ap_fixed,ap_fixed<32,16,5,3,0>,tanh_config2> | return value |
|ap_return_8     | out |   32| ap_ctrl_hs | tanh<ap_fixed,ap_fixed<32,16,5,3,0>,tanh_config2> | return value |
|ap_return_9     | out |   32| ap_ctrl_hs | tanh<ap_fixed,ap_fixed<32,16,5,3,0>,tanh_config2> | return value |
|ap_return_10    | out |   32| ap_ctrl_hs | tanh<ap_fixed,ap_fixed<32,16,5,3,0>,tanh_config2> | return value |
|ap_return_11    | out |   32| ap_ctrl_hs | tanh<ap_fixed,ap_fixed<32,16,5,3,0>,tanh_config2> | return value |
|ap_return_12    | out |   32| ap_ctrl_hs | tanh<ap_fixed,ap_fixed<32,16,5,3,0>,tanh_config2> | return value |
|ap_return_13    | out |   32| ap_ctrl_hs | tanh<ap_fixed,ap_fixed<32,16,5,3,0>,tanh_config2> | return value |
|ap_return_14    | out |   32| ap_ctrl_hs | tanh<ap_fixed,ap_fixed<32,16,5,3,0>,tanh_config2> | return value |
|ap_return_15    | out |   32| ap_ctrl_hs | tanh<ap_fixed,ap_fixed<32,16,5,3,0>,tanh_config2> | return value |
|ap_return_16    | out |   32| ap_ctrl_hs | tanh<ap_fixed,ap_fixed<32,16,5,3,0>,tanh_config2> | return value |
|ap_return_17    | out |   32| ap_ctrl_hs | tanh<ap_fixed,ap_fixed<32,16,5,3,0>,tanh_config2> | return value |
|ap_return_18    | out |   32| ap_ctrl_hs | tanh<ap_fixed,ap_fixed<32,16,5,3,0>,tanh_config2> | return value |
|ap_return_19    | out |   32| ap_ctrl_hs | tanh<ap_fixed,ap_fixed<32,16,5,3,0>,tanh_config2> | return value |
|ap_return_20    | out |   32| ap_ctrl_hs | tanh<ap_fixed,ap_fixed<32,16,5,3,0>,tanh_config2> | return value |
|ap_return_21    | out |   32| ap_ctrl_hs | tanh<ap_fixed,ap_fixed<32,16,5,3,0>,tanh_config2> | return value |
|ap_return_22    | out |   32| ap_ctrl_hs | tanh<ap_fixed,ap_fixed<32,16,5,3,0>,tanh_config2> | return value |
|ap_return_23    | out |   32| ap_ctrl_hs | tanh<ap_fixed,ap_fixed<32,16,5,3,0>,tanh_config2> | return value |
|ap_return_24    | out |   32| ap_ctrl_hs | tanh<ap_fixed,ap_fixed<32,16,5,3,0>,tanh_config2> | return value |
|ap_return_25    | out |   32| ap_ctrl_hs | tanh<ap_fixed,ap_fixed<32,16,5,3,0>,tanh_config2> | return value |
|ap_return_26    | out |   32| ap_ctrl_hs | tanh<ap_fixed,ap_fixed<32,16,5,3,0>,tanh_config2> | return value |
|ap_return_27    | out |   32| ap_ctrl_hs | tanh<ap_fixed,ap_fixed<32,16,5,3,0>,tanh_config2> | return value |
|ap_return_28    | out |   32| ap_ctrl_hs | tanh<ap_fixed,ap_fixed<32,16,5,3,0>,tanh_config2> | return value |
|ap_return_29    | out |   32| ap_ctrl_hs | tanh<ap_fixed,ap_fixed<32,16,5,3,0>,tanh_config2> | return value |
|ap_return_30    | out |   32| ap_ctrl_hs | tanh<ap_fixed,ap_fixed<32,16,5,3,0>,tanh_config2> | return value |
|ap_return_31    | out |   32| ap_ctrl_hs | tanh<ap_fixed,ap_fixed<32,16,5,3,0>,tanh_config2> | return value |
|ap_return_32    | out |   32| ap_ctrl_hs | tanh<ap_fixed,ap_fixed<32,16,5,3,0>,tanh_config2> | return value |
|ap_return_33    | out |   32| ap_ctrl_hs | tanh<ap_fixed,ap_fixed<32,16,5,3,0>,tanh_config2> | return value |
|ap_return_34    | out |   32| ap_ctrl_hs | tanh<ap_fixed,ap_fixed<32,16,5,3,0>,tanh_config2> | return value |
|ap_return_35    | out |   32| ap_ctrl_hs | tanh<ap_fixed,ap_fixed<32,16,5,3,0>,tanh_config2> | return value |
|ap_return_36    | out |   32| ap_ctrl_hs | tanh<ap_fixed,ap_fixed<32,16,5,3,0>,tanh_config2> | return value |
|ap_return_37    | out |   32| ap_ctrl_hs | tanh<ap_fixed,ap_fixed<32,16,5,3,0>,tanh_config2> | return value |
|ap_return_38    | out |   32| ap_ctrl_hs | tanh<ap_fixed,ap_fixed<32,16,5,3,0>,tanh_config2> | return value |
|ap_return_39    | out |   32| ap_ctrl_hs | tanh<ap_fixed,ap_fixed<32,16,5,3,0>,tanh_config2> | return value |
|ap_return_40    | out |   32| ap_ctrl_hs | tanh<ap_fixed,ap_fixed<32,16,5,3,0>,tanh_config2> | return value |
|ap_return_41    | out |   32| ap_ctrl_hs | tanh<ap_fixed,ap_fixed<32,16,5,3,0>,tanh_config2> | return value |
|ap_return_42    | out |   32| ap_ctrl_hs | tanh<ap_fixed,ap_fixed<32,16,5,3,0>,tanh_config2> | return value |
|ap_return_43    | out |   32| ap_ctrl_hs | tanh<ap_fixed,ap_fixed<32,16,5,3,0>,tanh_config2> | return value |
|ap_return_44    | out |   32| ap_ctrl_hs | tanh<ap_fixed,ap_fixed<32,16,5,3,0>,tanh_config2> | return value |
|ap_return_45    | out |   32| ap_ctrl_hs | tanh<ap_fixed,ap_fixed<32,16,5,3,0>,tanh_config2> | return value |
|ap_return_46    | out |   32| ap_ctrl_hs | tanh<ap_fixed,ap_fixed<32,16,5,3,0>,tanh_config2> | return value |
|ap_return_47    | out |   32| ap_ctrl_hs | tanh<ap_fixed,ap_fixed<32,16,5,3,0>,tanh_config2> | return value |
|ap_return_48    | out |   32| ap_ctrl_hs | tanh<ap_fixed,ap_fixed<32,16,5,3,0>,tanh_config2> | return value |
|ap_return_49    | out |   32| ap_ctrl_hs | tanh<ap_fixed,ap_fixed<32,16,5,3,0>,tanh_config2> | return value |
|ap_return_50    | out |   32| ap_ctrl_hs | tanh<ap_fixed,ap_fixed<32,16,5,3,0>,tanh_config2> | return value |
|ap_return_51    | out |   32| ap_ctrl_hs | tanh<ap_fixed,ap_fixed<32,16,5,3,0>,tanh_config2> | return value |
|ap_return_52    | out |   32| ap_ctrl_hs | tanh<ap_fixed,ap_fixed<32,16,5,3,0>,tanh_config2> | return value |
|ap_return_53    | out |   32| ap_ctrl_hs | tanh<ap_fixed,ap_fixed<32,16,5,3,0>,tanh_config2> | return value |
|ap_return_54    | out |   32| ap_ctrl_hs | tanh<ap_fixed,ap_fixed<32,16,5,3,0>,tanh_config2> | return value |
|ap_return_55    | out |   32| ap_ctrl_hs | tanh<ap_fixed,ap_fixed<32,16,5,3,0>,tanh_config2> | return value |
|ap_return_56    | out |   32| ap_ctrl_hs | tanh<ap_fixed,ap_fixed<32,16,5,3,0>,tanh_config2> | return value |
|ap_return_57    | out |   32| ap_ctrl_hs | tanh<ap_fixed,ap_fixed<32,16,5,3,0>,tanh_config2> | return value |
|ap_return_58    | out |   32| ap_ctrl_hs | tanh<ap_fixed,ap_fixed<32,16,5,3,0>,tanh_config2> | return value |
|ap_return_59    | out |   32| ap_ctrl_hs | tanh<ap_fixed,ap_fixed<32,16,5,3,0>,tanh_config2> | return value |
|ap_return_60    | out |   32| ap_ctrl_hs | tanh<ap_fixed,ap_fixed<32,16,5,3,0>,tanh_config2> | return value |
|ap_return_61    | out |   32| ap_ctrl_hs | tanh<ap_fixed,ap_fixed<32,16,5,3,0>,tanh_config2> | return value |
|ap_return_62    | out |   32| ap_ctrl_hs | tanh<ap_fixed,ap_fixed<32,16,5,3,0>,tanh_config2> | return value |
|ap_return_63    | out |   32| ap_ctrl_hs | tanh<ap_fixed,ap_fixed<32,16,5,3,0>,tanh_config2> | return value |
|data_0_V_read   |  in |   32|   ap_none  |                   data_0_V_read                   |    scalar    |
|data_1_V_read   |  in |   32|   ap_none  |                   data_1_V_read                   |    scalar    |
|data_2_V_read   |  in |   32|   ap_none  |                   data_2_V_read                   |    scalar    |
|data_3_V_read   |  in |   32|   ap_none  |                   data_3_V_read                   |    scalar    |
|data_4_V_read   |  in |   32|   ap_none  |                   data_4_V_read                   |    scalar    |
|data_5_V_read   |  in |   32|   ap_none  |                   data_5_V_read                   |    scalar    |
|data_6_V_read   |  in |   32|   ap_none  |                   data_6_V_read                   |    scalar    |
|data_7_V_read   |  in |   32|   ap_none  |                   data_7_V_read                   |    scalar    |
|data_8_V_read   |  in |   32|   ap_none  |                   data_8_V_read                   |    scalar    |
|data_9_V_read   |  in |   32|   ap_none  |                   data_9_V_read                   |    scalar    |
|data_10_V_read  |  in |   32|   ap_none  |                   data_10_V_read                  |    scalar    |
|data_11_V_read  |  in |   32|   ap_none  |                   data_11_V_read                  |    scalar    |
|data_12_V_read  |  in |   32|   ap_none  |                   data_12_V_read                  |    scalar    |
|data_13_V_read  |  in |   32|   ap_none  |                   data_13_V_read                  |    scalar    |
|data_14_V_read  |  in |   32|   ap_none  |                   data_14_V_read                  |    scalar    |
|data_15_V_read  |  in |   32|   ap_none  |                   data_15_V_read                  |    scalar    |
|data_16_V_read  |  in |   32|   ap_none  |                   data_16_V_read                  |    scalar    |
|data_17_V_read  |  in |   32|   ap_none  |                   data_17_V_read                  |    scalar    |
|data_18_V_read  |  in |   32|   ap_none  |                   data_18_V_read                  |    scalar    |
|data_19_V_read  |  in |   32|   ap_none  |                   data_19_V_read                  |    scalar    |
|data_20_V_read  |  in |   32|   ap_none  |                   data_20_V_read                  |    scalar    |
|data_21_V_read  |  in |   32|   ap_none  |                   data_21_V_read                  |    scalar    |
|data_22_V_read  |  in |   32|   ap_none  |                   data_22_V_read                  |    scalar    |
|data_23_V_read  |  in |   32|   ap_none  |                   data_23_V_read                  |    scalar    |
|data_24_V_read  |  in |   32|   ap_none  |                   data_24_V_read                  |    scalar    |
|data_25_V_read  |  in |   32|   ap_none  |                   data_25_V_read                  |    scalar    |
|data_26_V_read  |  in |   32|   ap_none  |                   data_26_V_read                  |    scalar    |
|data_27_V_read  |  in |   32|   ap_none  |                   data_27_V_read                  |    scalar    |
|data_28_V_read  |  in |   32|   ap_none  |                   data_28_V_read                  |    scalar    |
|data_29_V_read  |  in |   32|   ap_none  |                   data_29_V_read                  |    scalar    |
|data_30_V_read  |  in |   32|   ap_none  |                   data_30_V_read                  |    scalar    |
|data_31_V_read  |  in |   32|   ap_none  |                   data_31_V_read                  |    scalar    |
|data_32_V_read  |  in |   32|   ap_none  |                   data_32_V_read                  |    scalar    |
|data_33_V_read  |  in |   32|   ap_none  |                   data_33_V_read                  |    scalar    |
|data_34_V_read  |  in |   32|   ap_none  |                   data_34_V_read                  |    scalar    |
|data_35_V_read  |  in |   32|   ap_none  |                   data_35_V_read                  |    scalar    |
|data_36_V_read  |  in |   32|   ap_none  |                   data_36_V_read                  |    scalar    |
|data_37_V_read  |  in |   32|   ap_none  |                   data_37_V_read                  |    scalar    |
|data_38_V_read  |  in |   32|   ap_none  |                   data_38_V_read                  |    scalar    |
|data_39_V_read  |  in |   32|   ap_none  |                   data_39_V_read                  |    scalar    |
|data_40_V_read  |  in |   32|   ap_none  |                   data_40_V_read                  |    scalar    |
|data_41_V_read  |  in |   32|   ap_none  |                   data_41_V_read                  |    scalar    |
|data_42_V_read  |  in |   32|   ap_none  |                   data_42_V_read                  |    scalar    |
|data_43_V_read  |  in |   32|   ap_none  |                   data_43_V_read                  |    scalar    |
|data_44_V_read  |  in |   32|   ap_none  |                   data_44_V_read                  |    scalar    |
|data_45_V_read  |  in |   32|   ap_none  |                   data_45_V_read                  |    scalar    |
|data_46_V_read  |  in |   32|   ap_none  |                   data_46_V_read                  |    scalar    |
|data_47_V_read  |  in |   32|   ap_none  |                   data_47_V_read                  |    scalar    |
|data_48_V_read  |  in |   32|   ap_none  |                   data_48_V_read                  |    scalar    |
|data_49_V_read  |  in |   32|   ap_none  |                   data_49_V_read                  |    scalar    |
|data_50_V_read  |  in |   32|   ap_none  |                   data_50_V_read                  |    scalar    |
|data_51_V_read  |  in |   32|   ap_none  |                   data_51_V_read                  |    scalar    |
|data_52_V_read  |  in |   32|   ap_none  |                   data_52_V_read                  |    scalar    |
|data_53_V_read  |  in |   32|   ap_none  |                   data_53_V_read                  |    scalar    |
|data_54_V_read  |  in |   32|   ap_none  |                   data_54_V_read                  |    scalar    |
|data_55_V_read  |  in |   32|   ap_none  |                   data_55_V_read                  |    scalar    |
|data_56_V_read  |  in |   32|   ap_none  |                   data_56_V_read                  |    scalar    |
|data_57_V_read  |  in |   32|   ap_none  |                   data_57_V_read                  |    scalar    |
|data_58_V_read  |  in |   32|   ap_none  |                   data_58_V_read                  |    scalar    |
|data_59_V_read  |  in |   32|   ap_none  |                   data_59_V_read                  |    scalar    |
|data_60_V_read  |  in |   32|   ap_none  |                   data_60_V_read                  |    scalar    |
|data_61_V_read  |  in |   32|   ap_none  |                   data_61_V_read                  |    scalar    |
|data_62_V_read  |  in |   32|   ap_none  |                   data_62_V_read                  |    scalar    |
|data_63_V_read  |  in |   32|   ap_none  |                   data_63_V_read                  |    scalar    |
+----------------+-----+-----+------------+---------------------------------------------------+--------------+

