

================================================================
== Vivado HLS Report for 'clone_stream_ap_fixed_8_3_4_0_0_ap_fixed_16_6_5_3_0_64_s'
================================================================
* Date:           Wed Oct 25 04:14:23 2023

* Version:        2019.2 (Build 2704478 on Wed Nov 06 22:10:23 MST 2019)
* Project:        alveo_hls4ml
* Solution:       solution
* Product family: virtexuplus
* Target device:  xcu50-fsvh2104-2L-e


================================================================
== Performance Estimates
================================================================
+ Timing: 
    * Summary: 
    +--------+---------+----------+------------+
    |  Clock |  Target | Estimated| Uncertainty|
    +--------+---------+----------+------------+
    |ap_clk  | 4.00 ns | 2.916 ns |   0.90 ns  |
    +--------+---------+----------+------------+

+ Latency: 
    * Summary: 
    +---------+---------+----------+----------+-----+-----+---------+
    |  Latency (cycles) |  Latency (absolute) |  Interval | Pipeline|
    |   min   |   max   |    min   |    max   | min | max |   Type  |
    +---------+---------+----------+----------+-----+-----+---------+
    |        0|        0|   0 ns   |   0 ns   |    0|    0|   none  |
    +---------+---------+----------+----------+-----+-----+---------+

    + Detail: 
        * Instance: 
        N/A

        * Loop: 
        N/A



================================================================
== Utilization Estimates
================================================================
* Summary: 
+---------------------+---------+-------+---------+--------+-----+
|         Name        | BRAM_18K| DSP48E|    FF   |   LUT  | URAM|
+---------------------+---------+-------+---------+--------+-----+
|DSP                  |        -|      -|        -|       -|    -|
|Expression           |        -|      -|        0|       2|    -|
|FIFO                 |        -|      -|        -|       -|    -|
|Instance             |        -|      -|        -|       -|    -|
|Memory               |        -|      -|        -|       -|    -|
|Multiplexer          |        -|      -|        -|    1746|    -|
|Register             |        -|      -|        3|       -|    -|
+---------------------+---------+-------+---------+--------+-----+
|Total                |        0|      0|        3|    1748|    0|
+---------------------+---------+-------+---------+--------+-----+
|Available SLR        |     1344|   2976|   871680|  435840|  320|
+---------------------+---------+-------+---------+--------+-----+
|Utilization SLR (%)  |        0|      0|    ~0   |   ~0   |    0|
+---------------------+---------+-------+---------+--------+-----+
|Available            |     2688|   5952|  1743360|  871680|  640|
+---------------------+---------+-------+---------+--------+-----+
|Utilization (%)      |        0|      0|    ~0   |   ~0   |    0|
+---------------------+---------+-------+---------+--------+-----+

+ Detail: 
    * Instance: 
    N/A

    * DSP48E: 
    N/A

    * Memory: 
    N/A

    * FIFO: 
    N/A

    * Expression: 
    +-----------------+----------+-------+---+----+------------+------------+
    |  Variable Name  | Operation| DSP48E| FF| LUT| Bitwidth P0| Bitwidth P1|
    +-----------------+----------+-------+---+----+------------+------------+
    |ap_block_state1  |    or    |      0|  0|   2|           1|           1|
    +-----------------+----------+-------+---+----+------------+------------+
    |Total            |          |      0|  0|   2|           1|           1|
    +-----------------+----------+-------+---+----+------------+------------+

    * Multiplexer: 
    +-------------------+----+-----------+-----+-----------+
    |        Name       | LUT| Input Size| Bits| Total Bits|
    +-------------------+----+-----------+-----+-----------+
    |ap_done            |   9|          2|    1|          2|
    |data_0_V_V_blk_n   |   9|          2|    1|          2|
    |data_10_V_V_blk_n  |   9|          2|    1|          2|
    |data_11_V_V_blk_n  |   9|          2|    1|          2|
    |data_12_V_V_blk_n  |   9|          2|    1|          2|
    |data_13_V_V_blk_n  |   9|          2|    1|          2|
    |data_14_V_V_blk_n  |   9|          2|    1|          2|
    |data_15_V_V_blk_n  |   9|          2|    1|          2|
    |data_16_V_V_blk_n  |   9|          2|    1|          2|
    |data_17_V_V_blk_n  |   9|          2|    1|          2|
    |data_18_V_V_blk_n  |   9|          2|    1|          2|
    |data_19_V_V_blk_n  |   9|          2|    1|          2|
    |data_1_V_V_blk_n   |   9|          2|    1|          2|
    |data_20_V_V_blk_n  |   9|          2|    1|          2|
    |data_21_V_V_blk_n  |   9|          2|    1|          2|
    |data_22_V_V_blk_n  |   9|          2|    1|          2|
    |data_23_V_V_blk_n  |   9|          2|    1|          2|
    |data_24_V_V_blk_n  |   9|          2|    1|          2|
    |data_25_V_V_blk_n  |   9|          2|    1|          2|
    |data_26_V_V_blk_n  |   9|          2|    1|          2|
    |data_27_V_V_blk_n  |   9|          2|    1|          2|
    |data_28_V_V_blk_n  |   9|          2|    1|          2|
    |data_29_V_V_blk_n  |   9|          2|    1|          2|
    |data_2_V_V_blk_n   |   9|          2|    1|          2|
    |data_30_V_V_blk_n  |   9|          2|    1|          2|
    |data_31_V_V_blk_n  |   9|          2|    1|          2|
    |data_32_V_V_blk_n  |   9|          2|    1|          2|
    |data_33_V_V_blk_n  |   9|          2|    1|          2|
    |data_34_V_V_blk_n  |   9|          2|    1|          2|
    |data_35_V_V_blk_n  |   9|          2|    1|          2|
    |data_36_V_V_blk_n  |   9|          2|    1|          2|
    |data_37_V_V_blk_n  |   9|          2|    1|          2|
    |data_38_V_V_blk_n  |   9|          2|    1|          2|
    |data_39_V_V_blk_n  |   9|          2|    1|          2|
    |data_3_V_V_blk_n   |   9|          2|    1|          2|
    |data_40_V_V_blk_n  |   9|          2|    1|          2|
    |data_41_V_V_blk_n  |   9|          2|    1|          2|
    |data_42_V_V_blk_n  |   9|          2|    1|          2|
    |data_43_V_V_blk_n  |   9|          2|    1|          2|
    |data_44_V_V_blk_n  |   9|          2|    1|          2|
    |data_45_V_V_blk_n  |   9|          2|    1|          2|
    |data_46_V_V_blk_n  |   9|          2|    1|          2|
    |data_47_V_V_blk_n  |   9|          2|    1|          2|
    |data_48_V_V_blk_n  |   9|          2|    1|          2|
    |data_49_V_V_blk_n  |   9|          2|    1|          2|
    |data_4_V_V_blk_n   |   9|          2|    1|          2|
    |data_50_V_V_blk_n  |   9|          2|    1|          2|
    |data_51_V_V_blk_n  |   9|          2|    1|          2|
    |data_52_V_V_blk_n  |   9|          2|    1|          2|
    |data_53_V_V_blk_n  |   9|          2|    1|          2|
    |data_54_V_V_blk_n  |   9|          2|    1|          2|
    |data_55_V_V_blk_n  |   9|          2|    1|          2|
    |data_56_V_V_blk_n  |   9|          2|    1|          2|
    |data_57_V_V_blk_n  |   9|          2|    1|          2|
    |data_58_V_V_blk_n  |   9|          2|    1|          2|
    |data_59_V_V_blk_n  |   9|          2|    1|          2|
    |data_5_V_V_blk_n   |   9|          2|    1|          2|
    |data_60_V_V_blk_n  |   9|          2|    1|          2|
    |data_61_V_V_blk_n  |   9|          2|    1|          2|
    |data_62_V_V_blk_n  |   9|          2|    1|          2|
    |data_63_V_V_blk_n  |   9|          2|    1|          2|
    |data_6_V_V_blk_n   |   9|          2|    1|          2|
    |data_7_V_V_blk_n   |   9|          2|    1|          2|
    |data_8_V_V_blk_n   |   9|          2|    1|          2|
    |data_9_V_V_blk_n   |   9|          2|    1|          2|
    |real_start         |   9|          2|    1|          2|
    |res1_0_V_V_blk_n   |   9|          2|    1|          2|
    |res1_10_V_V_blk_n  |   9|          2|    1|          2|
    |res1_11_V_V_blk_n  |   9|          2|    1|          2|
    |res1_12_V_V_blk_n  |   9|          2|    1|          2|
    |res1_13_V_V_blk_n  |   9|          2|    1|          2|
    |res1_14_V_V_blk_n  |   9|          2|    1|          2|
    |res1_15_V_V_blk_n  |   9|          2|    1|          2|
    |res1_16_V_V_blk_n  |   9|          2|    1|          2|
    |res1_17_V_V_blk_n  |   9|          2|    1|          2|
    |res1_18_V_V_blk_n  |   9|          2|    1|          2|
    |res1_19_V_V_blk_n  |   9|          2|    1|          2|
    |res1_1_V_V_blk_n   |   9|          2|    1|          2|
    |res1_20_V_V_blk_n  |   9|          2|    1|          2|
    |res1_21_V_V_blk_n  |   9|          2|    1|          2|
    |res1_22_V_V_blk_n  |   9|          2|    1|          2|
    |res1_23_V_V_blk_n  |   9|          2|    1|          2|
    |res1_24_V_V_blk_n  |   9|          2|    1|          2|
    |res1_25_V_V_blk_n  |   9|          2|    1|          2|
    |res1_26_V_V_blk_n  |   9|          2|    1|          2|
    |res1_27_V_V_blk_n  |   9|          2|    1|          2|
    |res1_28_V_V_blk_n  |   9|          2|    1|          2|
    |res1_29_V_V_blk_n  |   9|          2|    1|          2|
    |res1_2_V_V_blk_n   |   9|          2|    1|          2|
    |res1_30_V_V_blk_n  |   9|          2|    1|          2|
    |res1_31_V_V_blk_n  |   9|          2|    1|          2|
    |res1_32_V_V_blk_n  |   9|          2|    1|          2|
    |res1_33_V_V_blk_n  |   9|          2|    1|          2|
    |res1_34_V_V_blk_n  |   9|          2|    1|          2|
    |res1_35_V_V_blk_n  |   9|          2|    1|          2|
    |res1_36_V_V_blk_n  |   9|          2|    1|          2|
    |res1_37_V_V_blk_n  |   9|          2|    1|          2|
    |res1_38_V_V_blk_n  |   9|          2|    1|          2|
    |res1_39_V_V_blk_n  |   9|          2|    1|          2|
    |res1_3_V_V_blk_n   |   9|          2|    1|          2|
    |res1_40_V_V_blk_n  |   9|          2|    1|          2|
    |res1_41_V_V_blk_n  |   9|          2|    1|          2|
    |res1_42_V_V_blk_n  |   9|          2|    1|          2|
    |res1_43_V_V_blk_n  |   9|          2|    1|          2|
    |res1_44_V_V_blk_n  |   9|          2|    1|          2|
    |res1_45_V_V_blk_n  |   9|          2|    1|          2|
    |res1_46_V_V_blk_n  |   9|          2|    1|          2|
    |res1_47_V_V_blk_n  |   9|          2|    1|          2|
    |res1_48_V_V_blk_n  |   9|          2|    1|          2|
    |res1_49_V_V_blk_n  |   9|          2|    1|          2|
    |res1_4_V_V_blk_n   |   9|          2|    1|          2|
    |res1_50_V_V_blk_n  |   9|          2|    1|          2|
    |res1_51_V_V_blk_n  |   9|          2|    1|          2|
    |res1_52_V_V_blk_n  |   9|          2|    1|          2|
    |res1_53_V_V_blk_n  |   9|          2|    1|          2|
    |res1_54_V_V_blk_n  |   9|          2|    1|          2|
    |res1_55_V_V_blk_n  |   9|          2|    1|          2|
    |res1_56_V_V_blk_n  |   9|          2|    1|          2|
    |res1_57_V_V_blk_n  |   9|          2|    1|          2|
    |res1_58_V_V_blk_n  |   9|          2|    1|          2|
    |res1_59_V_V_blk_n  |   9|          2|    1|          2|
    |res1_5_V_V_blk_n   |   9|          2|    1|          2|
    |res1_60_V_V_blk_n  |   9|          2|    1|          2|
    |res1_61_V_V_blk_n  |   9|          2|    1|          2|
    |res1_62_V_V_blk_n  |   9|          2|    1|          2|
    |res1_63_V_V_blk_n  |   9|          2|    1|          2|
    |res1_6_V_V_blk_n   |   9|          2|    1|          2|
    |res1_7_V_V_blk_n   |   9|          2|    1|          2|
    |res1_8_V_V_blk_n   |   9|          2|    1|          2|
    |res1_9_V_V_blk_n   |   9|          2|    1|          2|
    |res2_0_V_V_blk_n   |   9|          2|    1|          2|
    |res2_10_V_V_blk_n  |   9|          2|    1|          2|
    |res2_11_V_V_blk_n  |   9|          2|    1|          2|
    |res2_12_V_V_blk_n  |   9|          2|    1|          2|
    |res2_13_V_V_blk_n  |   9|          2|    1|          2|
    |res2_14_V_V_blk_n  |   9|          2|    1|          2|
    |res2_15_V_V_blk_n  |   9|          2|    1|          2|
    |res2_16_V_V_blk_n  |   9|          2|    1|          2|
    |res2_17_V_V_blk_n  |   9|          2|    1|          2|
    |res2_18_V_V_blk_n  |   9|          2|    1|          2|
    |res2_19_V_V_blk_n  |   9|          2|    1|          2|
    |res2_1_V_V_blk_n   |   9|          2|    1|          2|
    |res2_20_V_V_blk_n  |   9|          2|    1|          2|
    |res2_21_V_V_blk_n  |   9|          2|    1|          2|
    |res2_22_V_V_blk_n  |   9|          2|    1|          2|
    |res2_23_V_V_blk_n  |   9|          2|    1|          2|
    |res2_24_V_V_blk_n  |   9|          2|    1|          2|
    |res2_25_V_V_blk_n  |   9|          2|    1|          2|
    |res2_26_V_V_blk_n  |   9|          2|    1|          2|
    |res2_27_V_V_blk_n  |   9|          2|    1|          2|
    |res2_28_V_V_blk_n  |   9|          2|    1|          2|
    |res2_29_V_V_blk_n  |   9|          2|    1|          2|
    |res2_2_V_V_blk_n   |   9|          2|    1|          2|
    |res2_30_V_V_blk_n  |   9|          2|    1|          2|
    |res2_31_V_V_blk_n  |   9|          2|    1|          2|
    |res2_32_V_V_blk_n  |   9|          2|    1|          2|
    |res2_33_V_V_blk_n  |   9|          2|    1|          2|
    |res2_34_V_V_blk_n  |   9|          2|    1|          2|
    |res2_35_V_V_blk_n  |   9|          2|    1|          2|
    |res2_36_V_V_blk_n  |   9|          2|    1|          2|
    |res2_37_V_V_blk_n  |   9|          2|    1|          2|
    |res2_38_V_V_blk_n  |   9|          2|    1|          2|
    |res2_39_V_V_blk_n  |   9|          2|    1|          2|
    |res2_3_V_V_blk_n   |   9|          2|    1|          2|
    |res2_40_V_V_blk_n  |   9|          2|    1|          2|
    |res2_41_V_V_blk_n  |   9|          2|    1|          2|
    |res2_42_V_V_blk_n  |   9|          2|    1|          2|
    |res2_43_V_V_blk_n  |   9|          2|    1|          2|
    |res2_44_V_V_blk_n  |   9|          2|    1|          2|
    |res2_45_V_V_blk_n  |   9|          2|    1|          2|
    |res2_46_V_V_blk_n  |   9|          2|    1|          2|
    |res2_47_V_V_blk_n  |   9|          2|    1|          2|
    |res2_48_V_V_blk_n  |   9|          2|    1|          2|
    |res2_49_V_V_blk_n  |   9|          2|    1|          2|
    |res2_4_V_V_blk_n   |   9|          2|    1|          2|
    |res2_50_V_V_blk_n  |   9|          2|    1|          2|
    |res2_51_V_V_blk_n  |   9|          2|    1|          2|
    |res2_52_V_V_blk_n  |   9|          2|    1|          2|
    |res2_53_V_V_blk_n  |   9|          2|    1|          2|
    |res2_54_V_V_blk_n  |   9|          2|    1|          2|
    |res2_55_V_V_blk_n  |   9|          2|    1|          2|
    |res2_56_V_V_blk_n  |   9|          2|    1|          2|
    |res2_57_V_V_blk_n  |   9|          2|    1|          2|
    |res2_58_V_V_blk_n  |   9|          2|    1|          2|
    |res2_59_V_V_blk_n  |   9|          2|    1|          2|
    |res2_5_V_V_blk_n   |   9|          2|    1|          2|
    |res2_60_V_V_blk_n  |   9|          2|    1|          2|
    |res2_61_V_V_blk_n  |   9|          2|    1|          2|
    |res2_62_V_V_blk_n  |   9|          2|    1|          2|
    |res2_63_V_V_blk_n  |   9|          2|    1|          2|
    |res2_6_V_V_blk_n   |   9|          2|    1|          2|
    |res2_7_V_V_blk_n   |   9|          2|    1|          2|
    |res2_8_V_V_blk_n   |   9|          2|    1|          2|
    |res2_9_V_V_blk_n   |   9|          2|    1|          2|
    +-------------------+----+-----------+-----+-----------+
    |Total              |1746|        388|  194|        388|
    +-------------------+----+-----------+-----+-----------+

    * Register: 
    +----------------+---+----+-----+-----------+
    |      Name      | FF| LUT| Bits| Const Bits|
    +----------------+---+----+-----+-----------+
    |ap_CS_fsm       |  1|   0|    1|          0|
    |ap_done_reg     |  1|   0|    1|          0|
    |start_once_reg  |  1|   0|    1|          0|
    +----------------+---+----+-----+-----------+
    |Total           |  3|   0|    3|          0|
    +----------------+---+----+-----+-----------+



================================================================
== Interface
================================================================
* Summary: 
+---------------------+-----+-----+------------+---------------------------------------------------------------------+--------------+
|      RTL Ports      | Dir | Bits|  Protocol  |                            Source Object                            |    C Type    |
+---------------------+-----+-----+------------+---------------------------------------------------------------------+--------------+
|ap_clk               |  in |    1| ap_ctrl_hs | clone_stream<ap_fixed<8, 3, 4, 0, 0>, ap_fixed<16, 6, 5, 3, 0>, 64> | return value |
|ap_rst               |  in |    1| ap_ctrl_hs | clone_stream<ap_fixed<8, 3, 4, 0, 0>, ap_fixed<16, 6, 5, 3, 0>, 64> | return value |
|ap_start             |  in |    1| ap_ctrl_hs | clone_stream<ap_fixed<8, 3, 4, 0, 0>, ap_fixed<16, 6, 5, 3, 0>, 64> | return value |
|start_full_n         |  in |    1| ap_ctrl_hs | clone_stream<ap_fixed<8, 3, 4, 0, 0>, ap_fixed<16, 6, 5, 3, 0>, 64> | return value |
|ap_done              | out |    1| ap_ctrl_hs | clone_stream<ap_fixed<8, 3, 4, 0, 0>, ap_fixed<16, 6, 5, 3, 0>, 64> | return value |
|ap_continue          |  in |    1| ap_ctrl_hs | clone_stream<ap_fixed<8, 3, 4, 0, 0>, ap_fixed<16, 6, 5, 3, 0>, 64> | return value |
|ap_idle              | out |    1| ap_ctrl_hs | clone_stream<ap_fixed<8, 3, 4, 0, 0>, ap_fixed<16, 6, 5, 3, 0>, 64> | return value |
|ap_ready             | out |    1| ap_ctrl_hs | clone_stream<ap_fixed<8, 3, 4, 0, 0>, ap_fixed<16, 6, 5, 3, 0>, 64> | return value |
|start_out            | out |    1| ap_ctrl_hs | clone_stream<ap_fixed<8, 3, 4, 0, 0>, ap_fixed<16, 6, 5, 3, 0>, 64> | return value |
|start_write          | out |    1| ap_ctrl_hs | clone_stream<ap_fixed<8, 3, 4, 0, 0>, ap_fixed<16, 6, 5, 3, 0>, 64> | return value |
|data_0_V_V_dout      |  in |    8|   ap_fifo  |                              data_0_V_V                             |    pointer   |
|data_0_V_V_empty_n   |  in |    1|   ap_fifo  |                              data_0_V_V                             |    pointer   |
|data_0_V_V_read      | out |    1|   ap_fifo  |                              data_0_V_V                             |    pointer   |
|data_1_V_V_dout      |  in |    8|   ap_fifo  |                              data_1_V_V                             |    pointer   |
|data_1_V_V_empty_n   |  in |    1|   ap_fifo  |                              data_1_V_V                             |    pointer   |
|data_1_V_V_read      | out |    1|   ap_fifo  |                              data_1_V_V                             |    pointer   |
|data_2_V_V_dout      |  in |    8|   ap_fifo  |                              data_2_V_V                             |    pointer   |
|data_2_V_V_empty_n   |  in |    1|   ap_fifo  |                              data_2_V_V                             |    pointer   |
|data_2_V_V_read      | out |    1|   ap_fifo  |                              data_2_V_V                             |    pointer   |
|data_3_V_V_dout      |  in |    8|   ap_fifo  |                              data_3_V_V                             |    pointer   |
|data_3_V_V_empty_n   |  in |    1|   ap_fifo  |                              data_3_V_V                             |    pointer   |
|data_3_V_V_read      | out |    1|   ap_fifo  |                              data_3_V_V                             |    pointer   |
|data_4_V_V_dout      |  in |    8|   ap_fifo  |                              data_4_V_V                             |    pointer   |
|data_4_V_V_empty_n   |  in |    1|   ap_fifo  |                              data_4_V_V                             |    pointer   |
|data_4_V_V_read      | out |    1|   ap_fifo  |                              data_4_V_V                             |    pointer   |
|data_5_V_V_dout      |  in |    8|   ap_fifo  |                              data_5_V_V                             |    pointer   |
|data_5_V_V_empty_n   |  in |    1|   ap_fifo  |                              data_5_V_V                             |    pointer   |
|data_5_V_V_read      | out |    1|   ap_fifo  |                              data_5_V_V                             |    pointer   |
|data_6_V_V_dout      |  in |    8|   ap_fifo  |                              data_6_V_V                             |    pointer   |
|data_6_V_V_empty_n   |  in |    1|   ap_fifo  |                              data_6_V_V                             |    pointer   |
|data_6_V_V_read      | out |    1|   ap_fifo  |                              data_6_V_V                             |    pointer   |
|data_7_V_V_dout      |  in |    8|   ap_fifo  |                              data_7_V_V                             |    pointer   |
|data_7_V_V_empty_n   |  in |    1|   ap_fifo  |                              data_7_V_V                             |    pointer   |
|data_7_V_V_read      | out |    1|   ap_fifo  |                              data_7_V_V                             |    pointer   |
|data_8_V_V_dout      |  in |    8|   ap_fifo  |                              data_8_V_V                             |    pointer   |
|data_8_V_V_empty_n   |  in |    1|   ap_fifo  |                              data_8_V_V                             |    pointer   |
|data_8_V_V_read      | out |    1|   ap_fifo  |                              data_8_V_V                             |    pointer   |
|data_9_V_V_dout      |  in |    8|   ap_fifo  |                              data_9_V_V                             |    pointer   |
|data_9_V_V_empty_n   |  in |    1|   ap_fifo  |                              data_9_V_V                             |    pointer   |
|data_9_V_V_read      | out |    1|   ap_fifo  |                              data_9_V_V                             |    pointer   |
|data_10_V_V_dout     |  in |    8|   ap_fifo  |                             data_10_V_V                             |    pointer   |
|data_10_V_V_empty_n  |  in |    1|   ap_fifo  |                             data_10_V_V                             |    pointer   |
|data_10_V_V_read     | out |    1|   ap_fifo  |                             data_10_V_V                             |    pointer   |
|data_11_V_V_dout     |  in |    8|   ap_fifo  |                             data_11_V_V                             |    pointer   |
|data_11_V_V_empty_n  |  in |    1|   ap_fifo  |                             data_11_V_V                             |    pointer   |
|data_11_V_V_read     | out |    1|   ap_fifo  |                             data_11_V_V                             |    pointer   |
|data_12_V_V_dout     |  in |    8|   ap_fifo  |                             data_12_V_V                             |    pointer   |
|data_12_V_V_empty_n  |  in |    1|   ap_fifo  |                             data_12_V_V                             |    pointer   |
|data_12_V_V_read     | out |    1|   ap_fifo  |                             data_12_V_V                             |    pointer   |
|data_13_V_V_dout     |  in |    8|   ap_fifo  |                             data_13_V_V                             |    pointer   |
|data_13_V_V_empty_n  |  in |    1|   ap_fifo  |                             data_13_V_V                             |    pointer   |
|data_13_V_V_read     | out |    1|   ap_fifo  |                             data_13_V_V                             |    pointer   |
|data_14_V_V_dout     |  in |    8|   ap_fifo  |                             data_14_V_V                             |    pointer   |
|data_14_V_V_empty_n  |  in |    1|   ap_fifo  |                             data_14_V_V                             |    pointer   |
|data_14_V_V_read     | out |    1|   ap_fifo  |                             data_14_V_V                             |    pointer   |
|data_15_V_V_dout     |  in |    8|   ap_fifo  |                             data_15_V_V                             |    pointer   |
|data_15_V_V_empty_n  |  in |    1|   ap_fifo  |                             data_15_V_V                             |    pointer   |
|data_15_V_V_read     | out |    1|   ap_fifo  |                             data_15_V_V                             |    pointer   |
|data_16_V_V_dout     |  in |    8|   ap_fifo  |                             data_16_V_V                             |    pointer   |
|data_16_V_V_empty_n  |  in |    1|   ap_fifo  |                             data_16_V_V                             |    pointer   |
|data_16_V_V_read     | out |    1|   ap_fifo  |                             data_16_V_V                             |    pointer   |
|data_17_V_V_dout     |  in |    8|   ap_fifo  |                             data_17_V_V                             |    pointer   |
|data_17_V_V_empty_n  |  in |    1|   ap_fifo  |                             data_17_V_V                             |    pointer   |
|data_17_V_V_read     | out |    1|   ap_fifo  |                             data_17_V_V                             |    pointer   |
|data_18_V_V_dout     |  in |    8|   ap_fifo  |                             data_18_V_V                             |    pointer   |
|data_18_V_V_empty_n  |  in |    1|   ap_fifo  |                             data_18_V_V                             |    pointer   |
|data_18_V_V_read     | out |    1|   ap_fifo  |                             data_18_V_V                             |    pointer   |
|data_19_V_V_dout     |  in |    8|   ap_fifo  |                             data_19_V_V                             |    pointer   |
|data_19_V_V_empty_n  |  in |    1|   ap_fifo  |                             data_19_V_V                             |    pointer   |
|data_19_V_V_read     | out |    1|   ap_fifo  |                             data_19_V_V                             |    pointer   |
|data_20_V_V_dout     |  in |    8|   ap_fifo  |                             data_20_V_V                             |    pointer   |
|data_20_V_V_empty_n  |  in |    1|   ap_fifo  |                             data_20_V_V                             |    pointer   |
|data_20_V_V_read     | out |    1|   ap_fifo  |                             data_20_V_V                             |    pointer   |
|data_21_V_V_dout     |  in |    8|   ap_fifo  |                             data_21_V_V                             |    pointer   |
|data_21_V_V_empty_n  |  in |    1|   ap_fifo  |                             data_21_V_V                             |    pointer   |
|data_21_V_V_read     | out |    1|   ap_fifo  |                             data_21_V_V                             |    pointer   |
|data_22_V_V_dout     |  in |    8|   ap_fifo  |                             data_22_V_V                             |    pointer   |
|data_22_V_V_empty_n  |  in |    1|   ap_fifo  |                             data_22_V_V                             |    pointer   |
|data_22_V_V_read     | out |    1|   ap_fifo  |                             data_22_V_V                             |    pointer   |
|data_23_V_V_dout     |  in |    8|   ap_fifo  |                             data_23_V_V                             |    pointer   |
|data_23_V_V_empty_n  |  in |    1|   ap_fifo  |                             data_23_V_V                             |    pointer   |
|data_23_V_V_read     | out |    1|   ap_fifo  |                             data_23_V_V                             |    pointer   |
|data_24_V_V_dout     |  in |    8|   ap_fifo  |                             data_24_V_V                             |    pointer   |
|data_24_V_V_empty_n  |  in |    1|   ap_fifo  |                             data_24_V_V                             |    pointer   |
|data_24_V_V_read     | out |    1|   ap_fifo  |                             data_24_V_V                             |    pointer   |
|data_25_V_V_dout     |  in |    8|   ap_fifo  |                             data_25_V_V                             |    pointer   |
|data_25_V_V_empty_n  |  in |    1|   ap_fifo  |                             data_25_V_V                             |    pointer   |
|data_25_V_V_read     | out |    1|   ap_fifo  |                             data_25_V_V                             |    pointer   |
|data_26_V_V_dout     |  in |    8|   ap_fifo  |                             data_26_V_V                             |    pointer   |
|data_26_V_V_empty_n  |  in |    1|   ap_fifo  |                             data_26_V_V                             |    pointer   |
|data_26_V_V_read     | out |    1|   ap_fifo  |                             data_26_V_V                             |    pointer   |
|data_27_V_V_dout     |  in |    8|   ap_fifo  |                             data_27_V_V                             |    pointer   |
|data_27_V_V_empty_n  |  in |    1|   ap_fifo  |                             data_27_V_V                             |    pointer   |
|data_27_V_V_read     | out |    1|   ap_fifo  |                             data_27_V_V                             |    pointer   |
|data_28_V_V_dout     |  in |    8|   ap_fifo  |                             data_28_V_V                             |    pointer   |
|data_28_V_V_empty_n  |  in |    1|   ap_fifo  |                             data_28_V_V                             |    pointer   |
|data_28_V_V_read     | out |    1|   ap_fifo  |                             data_28_V_V                             |    pointer   |
|data_29_V_V_dout     |  in |    8|   ap_fifo  |                             data_29_V_V                             |    pointer   |
|data_29_V_V_empty_n  |  in |    1|   ap_fifo  |                             data_29_V_V                             |    pointer   |
|data_29_V_V_read     | out |    1|   ap_fifo  |                             data_29_V_V                             |    pointer   |
|data_30_V_V_dout     |  in |    8|   ap_fifo  |                             data_30_V_V                             |    pointer   |
|data_30_V_V_empty_n  |  in |    1|   ap_fifo  |                             data_30_V_V                             |    pointer   |
|data_30_V_V_read     | out |    1|   ap_fifo  |                             data_30_V_V                             |    pointer   |
|data_31_V_V_dout     |  in |    8|   ap_fifo  |                             data_31_V_V                             |    pointer   |
|data_31_V_V_empty_n  |  in |    1|   ap_fifo  |                             data_31_V_V                             |    pointer   |
|data_31_V_V_read     | out |    1|   ap_fifo  |                             data_31_V_V                             |    pointer   |
|data_32_V_V_dout     |  in |    8|   ap_fifo  |                             data_32_V_V                             |    pointer   |
|data_32_V_V_empty_n  |  in |    1|   ap_fifo  |                             data_32_V_V                             |    pointer   |
|data_32_V_V_read     | out |    1|   ap_fifo  |                             data_32_V_V                             |    pointer   |
|data_33_V_V_dout     |  in |    8|   ap_fifo  |                             data_33_V_V                             |    pointer   |
|data_33_V_V_empty_n  |  in |    1|   ap_fifo  |                             data_33_V_V                             |    pointer   |
|data_33_V_V_read     | out |    1|   ap_fifo  |                             data_33_V_V                             |    pointer   |
|data_34_V_V_dout     |  in |    8|   ap_fifo  |                             data_34_V_V                             |    pointer   |
|data_34_V_V_empty_n  |  in |    1|   ap_fifo  |                             data_34_V_V                             |    pointer   |
|data_34_V_V_read     | out |    1|   ap_fifo  |                             data_34_V_V                             |    pointer   |
|data_35_V_V_dout     |  in |    8|   ap_fifo  |                             data_35_V_V                             |    pointer   |
|data_35_V_V_empty_n  |  in |    1|   ap_fifo  |                             data_35_V_V                             |    pointer   |
|data_35_V_V_read     | out |    1|   ap_fifo  |                             data_35_V_V                             |    pointer   |
|data_36_V_V_dout     |  in |    8|   ap_fifo  |                             data_36_V_V                             |    pointer   |
|data_36_V_V_empty_n  |  in |    1|   ap_fifo  |                             data_36_V_V                             |    pointer   |
|data_36_V_V_read     | out |    1|   ap_fifo  |                             data_36_V_V                             |    pointer   |
|data_37_V_V_dout     |  in |    8|   ap_fifo  |                             data_37_V_V                             |    pointer   |
|data_37_V_V_empty_n  |  in |    1|   ap_fifo  |                             data_37_V_V                             |    pointer   |
|data_37_V_V_read     | out |    1|   ap_fifo  |                             data_37_V_V                             |    pointer   |
|data_38_V_V_dout     |  in |    8|   ap_fifo  |                             data_38_V_V                             |    pointer   |
|data_38_V_V_empty_n  |  in |    1|   ap_fifo  |                             data_38_V_V                             |    pointer   |
|data_38_V_V_read     | out |    1|   ap_fifo  |                             data_38_V_V                             |    pointer   |
|data_39_V_V_dout     |  in |    8|   ap_fifo  |                             data_39_V_V                             |    pointer   |
|data_39_V_V_empty_n  |  in |    1|   ap_fifo  |                             data_39_V_V                             |    pointer   |
|data_39_V_V_read     | out |    1|   ap_fifo  |                             data_39_V_V                             |    pointer   |
|data_40_V_V_dout     |  in |    8|   ap_fifo  |                             data_40_V_V                             |    pointer   |
|data_40_V_V_empty_n  |  in |    1|   ap_fifo  |                             data_40_V_V                             |    pointer   |
|data_40_V_V_read     | out |    1|   ap_fifo  |                             data_40_V_V                             |    pointer   |
|data_41_V_V_dout     |  in |    8|   ap_fifo  |                             data_41_V_V                             |    pointer   |
|data_41_V_V_empty_n  |  in |    1|   ap_fifo  |                             data_41_V_V                             |    pointer   |
|data_41_V_V_read     | out |    1|   ap_fifo  |                             data_41_V_V                             |    pointer   |
|data_42_V_V_dout     |  in |    8|   ap_fifo  |                             data_42_V_V                             |    pointer   |
|data_42_V_V_empty_n  |  in |    1|   ap_fifo  |                             data_42_V_V                             |    pointer   |
|data_42_V_V_read     | out |    1|   ap_fifo  |                             data_42_V_V                             |    pointer   |
|data_43_V_V_dout     |  in |    8|   ap_fifo  |                             data_43_V_V                             |    pointer   |
|data_43_V_V_empty_n  |  in |    1|   ap_fifo  |                             data_43_V_V                             |    pointer   |
|data_43_V_V_read     | out |    1|   ap_fifo  |                             data_43_V_V                             |    pointer   |
|data_44_V_V_dout     |  in |    8|   ap_fifo  |                             data_44_V_V                             |    pointer   |
|data_44_V_V_empty_n  |  in |    1|   ap_fifo  |                             data_44_V_V                             |    pointer   |
|data_44_V_V_read     | out |    1|   ap_fifo  |                             data_44_V_V                             |    pointer   |
|data_45_V_V_dout     |  in |    8|   ap_fifo  |                             data_45_V_V                             |    pointer   |
|data_45_V_V_empty_n  |  in |    1|   ap_fifo  |                             data_45_V_V                             |    pointer   |
|data_45_V_V_read     | out |    1|   ap_fifo  |                             data_45_V_V                             |    pointer   |
|data_46_V_V_dout     |  in |    8|   ap_fifo  |                             data_46_V_V                             |    pointer   |
|data_46_V_V_empty_n  |  in |    1|   ap_fifo  |                             data_46_V_V                             |    pointer   |
|data_46_V_V_read     | out |    1|   ap_fifo  |                             data_46_V_V                             |    pointer   |
|data_47_V_V_dout     |  in |    8|   ap_fifo  |                             data_47_V_V                             |    pointer   |
|data_47_V_V_empty_n  |  in |    1|   ap_fifo  |                             data_47_V_V                             |    pointer   |
|data_47_V_V_read     | out |    1|   ap_fifo  |                             data_47_V_V                             |    pointer   |
|data_48_V_V_dout     |  in |    8|   ap_fifo  |                             data_48_V_V                             |    pointer   |
|data_48_V_V_empty_n  |  in |    1|   ap_fifo  |                             data_48_V_V                             |    pointer   |
|data_48_V_V_read     | out |    1|   ap_fifo  |                             data_48_V_V                             |    pointer   |
|data_49_V_V_dout     |  in |    8|   ap_fifo  |                             data_49_V_V                             |    pointer   |
|data_49_V_V_empty_n  |  in |    1|   ap_fifo  |                             data_49_V_V                             |    pointer   |
|data_49_V_V_read     | out |    1|   ap_fifo  |                             data_49_V_V                             |    pointer   |
|data_50_V_V_dout     |  in |    8|   ap_fifo  |                             data_50_V_V                             |    pointer   |
|data_50_V_V_empty_n  |  in |    1|   ap_fifo  |                             data_50_V_V                             |    pointer   |
|data_50_V_V_read     | out |    1|   ap_fifo  |                             data_50_V_V                             |    pointer   |
|data_51_V_V_dout     |  in |    8|   ap_fifo  |                             data_51_V_V                             |    pointer   |
|data_51_V_V_empty_n  |  in |    1|   ap_fifo  |                             data_51_V_V                             |    pointer   |
|data_51_V_V_read     | out |    1|   ap_fifo  |                             data_51_V_V                             |    pointer   |
|data_52_V_V_dout     |  in |    8|   ap_fifo  |                             data_52_V_V                             |    pointer   |
|data_52_V_V_empty_n  |  in |    1|   ap_fifo  |                             data_52_V_V                             |    pointer   |
|data_52_V_V_read     | out |    1|   ap_fifo  |                             data_52_V_V                             |    pointer   |
|data_53_V_V_dout     |  in |    8|   ap_fifo  |                             data_53_V_V                             |    pointer   |
|data_53_V_V_empty_n  |  in |    1|   ap_fifo  |                             data_53_V_V                             |    pointer   |
|data_53_V_V_read     | out |    1|   ap_fifo  |                             data_53_V_V                             |    pointer   |
|data_54_V_V_dout     |  in |    8|   ap_fifo  |                             data_54_V_V                             |    pointer   |
|data_54_V_V_empty_n  |  in |    1|   ap_fifo  |                             data_54_V_V                             |    pointer   |
|data_54_V_V_read     | out |    1|   ap_fifo  |                             data_54_V_V                             |    pointer   |
|data_55_V_V_dout     |  in |    8|   ap_fifo  |                             data_55_V_V                             |    pointer   |
|data_55_V_V_empty_n  |  in |    1|   ap_fifo  |                             data_55_V_V                             |    pointer   |
|data_55_V_V_read     | out |    1|   ap_fifo  |                             data_55_V_V                             |    pointer   |
|data_56_V_V_dout     |  in |    8|   ap_fifo  |                             data_56_V_V                             |    pointer   |
|data_56_V_V_empty_n  |  in |    1|   ap_fifo  |                             data_56_V_V                             |    pointer   |
|data_56_V_V_read     | out |    1|   ap_fifo  |                             data_56_V_V                             |    pointer   |
|data_57_V_V_dout     |  in |    8|   ap_fifo  |                             data_57_V_V                             |    pointer   |
|data_57_V_V_empty_n  |  in |    1|   ap_fifo  |                             data_57_V_V                             |    pointer   |
|data_57_V_V_read     | out |    1|   ap_fifo  |                             data_57_V_V                             |    pointer   |
|data_58_V_V_dout     |  in |    8|   ap_fifo  |                             data_58_V_V                             |    pointer   |
|data_58_V_V_empty_n  |  in |    1|   ap_fifo  |                             data_58_V_V                             |    pointer   |
|data_58_V_V_read     | out |    1|   ap_fifo  |                             data_58_V_V                             |    pointer   |
|data_59_V_V_dout     |  in |    8|   ap_fifo  |                             data_59_V_V                             |    pointer   |
|data_59_V_V_empty_n  |  in |    1|   ap_fifo  |                             data_59_V_V                             |    pointer   |
|data_59_V_V_read     | out |    1|   ap_fifo  |                             data_59_V_V                             |    pointer   |
|data_60_V_V_dout     |  in |    8|   ap_fifo  |                             data_60_V_V                             |    pointer   |
|data_60_V_V_empty_n  |  in |    1|   ap_fifo  |                             data_60_V_V                             |    pointer   |
|data_60_V_V_read     | out |    1|   ap_fifo  |                             data_60_V_V                             |    pointer   |
|data_61_V_V_dout     |  in |    8|   ap_fifo  |                             data_61_V_V                             |    pointer   |
|data_61_V_V_empty_n  |  in |    1|   ap_fifo  |                             data_61_V_V                             |    pointer   |
|data_61_V_V_read     | out |    1|   ap_fifo  |                             data_61_V_V                             |    pointer   |
|data_62_V_V_dout     |  in |    8|   ap_fifo  |                             data_62_V_V                             |    pointer   |
|data_62_V_V_empty_n  |  in |    1|   ap_fifo  |                             data_62_V_V                             |    pointer   |
|data_62_V_V_read     | out |    1|   ap_fifo  |                             data_62_V_V                             |    pointer   |
|data_63_V_V_dout     |  in |    8|   ap_fifo  |                             data_63_V_V                             |    pointer   |
|data_63_V_V_empty_n  |  in |    1|   ap_fifo  |                             data_63_V_V                             |    pointer   |
|data_63_V_V_read     | out |    1|   ap_fifo  |                             data_63_V_V                             |    pointer   |
|res1_0_V_V_din       | out |   16|   ap_fifo  |                              res1_0_V_V                             |    pointer   |
|res1_0_V_V_full_n    |  in |    1|   ap_fifo  |                              res1_0_V_V                             |    pointer   |
|res1_0_V_V_write     | out |    1|   ap_fifo  |                              res1_0_V_V                             |    pointer   |
|res1_1_V_V_din       | out |   16|   ap_fifo  |                              res1_1_V_V                             |    pointer   |
|res1_1_V_V_full_n    |  in |    1|   ap_fifo  |                              res1_1_V_V                             |    pointer   |
|res1_1_V_V_write     | out |    1|   ap_fifo  |                              res1_1_V_V                             |    pointer   |
|res1_2_V_V_din       | out |   16|   ap_fifo  |                              res1_2_V_V                             |    pointer   |
|res1_2_V_V_full_n    |  in |    1|   ap_fifo  |                              res1_2_V_V                             |    pointer   |
|res1_2_V_V_write     | out |    1|   ap_fifo  |                              res1_2_V_V                             |    pointer   |
|res1_3_V_V_din       | out |   16|   ap_fifo  |                              res1_3_V_V                             |    pointer   |
|res1_3_V_V_full_n    |  in |    1|   ap_fifo  |                              res1_3_V_V                             |    pointer   |
|res1_3_V_V_write     | out |    1|   ap_fifo  |                              res1_3_V_V                             |    pointer   |
|res1_4_V_V_din       | out |   16|   ap_fifo  |                              res1_4_V_V                             |    pointer   |
|res1_4_V_V_full_n    |  in |    1|   ap_fifo  |                              res1_4_V_V                             |    pointer   |
|res1_4_V_V_write     | out |    1|   ap_fifo  |                              res1_4_V_V                             |    pointer   |
|res1_5_V_V_din       | out |   16|   ap_fifo  |                              res1_5_V_V                             |    pointer   |
|res1_5_V_V_full_n    |  in |    1|   ap_fifo  |                              res1_5_V_V                             |    pointer   |
|res1_5_V_V_write     | out |    1|   ap_fifo  |                              res1_5_V_V                             |    pointer   |
|res1_6_V_V_din       | out |   16|   ap_fifo  |                              res1_6_V_V                             |    pointer   |
|res1_6_V_V_full_n    |  in |    1|   ap_fifo  |                              res1_6_V_V                             |    pointer   |
|res1_6_V_V_write     | out |    1|   ap_fifo  |                              res1_6_V_V                             |    pointer   |
|res1_7_V_V_din       | out |   16|   ap_fifo  |                              res1_7_V_V                             |    pointer   |
|res1_7_V_V_full_n    |  in |    1|   ap_fifo  |                              res1_7_V_V                             |    pointer   |
|res1_7_V_V_write     | out |    1|   ap_fifo  |                              res1_7_V_V                             |    pointer   |
|res1_8_V_V_din       | out |   16|   ap_fifo  |                              res1_8_V_V                             |    pointer   |
|res1_8_V_V_full_n    |  in |    1|   ap_fifo  |                              res1_8_V_V                             |    pointer   |
|res1_8_V_V_write     | out |    1|   ap_fifo  |                              res1_8_V_V                             |    pointer   |
|res1_9_V_V_din       | out |   16|   ap_fifo  |                              res1_9_V_V                             |    pointer   |
|res1_9_V_V_full_n    |  in |    1|   ap_fifo  |                              res1_9_V_V                             |    pointer   |
|res1_9_V_V_write     | out |    1|   ap_fifo  |                              res1_9_V_V                             |    pointer   |
|res1_10_V_V_din      | out |   16|   ap_fifo  |                             res1_10_V_V                             |    pointer   |
|res1_10_V_V_full_n   |  in |    1|   ap_fifo  |                             res1_10_V_V                             |    pointer   |
|res1_10_V_V_write    | out |    1|   ap_fifo  |                             res1_10_V_V                             |    pointer   |
|res1_11_V_V_din      | out |   16|   ap_fifo  |                             res1_11_V_V                             |    pointer   |
|res1_11_V_V_full_n   |  in |    1|   ap_fifo  |                             res1_11_V_V                             |    pointer   |
|res1_11_V_V_write    | out |    1|   ap_fifo  |                             res1_11_V_V                             |    pointer   |
|res1_12_V_V_din      | out |   16|   ap_fifo  |                             res1_12_V_V                             |    pointer   |
|res1_12_V_V_full_n   |  in |    1|   ap_fifo  |                             res1_12_V_V                             |    pointer   |
|res1_12_V_V_write    | out |    1|   ap_fifo  |                             res1_12_V_V                             |    pointer   |
|res1_13_V_V_din      | out |   16|   ap_fifo  |                             res1_13_V_V                             |    pointer   |
|res1_13_V_V_full_n   |  in |    1|   ap_fifo  |                             res1_13_V_V                             |    pointer   |
|res1_13_V_V_write    | out |    1|   ap_fifo  |                             res1_13_V_V                             |    pointer   |
|res1_14_V_V_din      | out |   16|   ap_fifo  |                             res1_14_V_V                             |    pointer   |
|res1_14_V_V_full_n   |  in |    1|   ap_fifo  |                             res1_14_V_V                             |    pointer   |
|res1_14_V_V_write    | out |    1|   ap_fifo  |                             res1_14_V_V                             |    pointer   |
|res1_15_V_V_din      | out |   16|   ap_fifo  |                             res1_15_V_V                             |    pointer   |
|res1_15_V_V_full_n   |  in |    1|   ap_fifo  |                             res1_15_V_V                             |    pointer   |
|res1_15_V_V_write    | out |    1|   ap_fifo  |                             res1_15_V_V                             |    pointer   |
|res1_16_V_V_din      | out |   16|   ap_fifo  |                             res1_16_V_V                             |    pointer   |
|res1_16_V_V_full_n   |  in |    1|   ap_fifo  |                             res1_16_V_V                             |    pointer   |
|res1_16_V_V_write    | out |    1|   ap_fifo  |                             res1_16_V_V                             |    pointer   |
|res1_17_V_V_din      | out |   16|   ap_fifo  |                             res1_17_V_V                             |    pointer   |
|res1_17_V_V_full_n   |  in |    1|   ap_fifo  |                             res1_17_V_V                             |    pointer   |
|res1_17_V_V_write    | out |    1|   ap_fifo  |                             res1_17_V_V                             |    pointer   |
|res1_18_V_V_din      | out |   16|   ap_fifo  |                             res1_18_V_V                             |    pointer   |
|res1_18_V_V_full_n   |  in |    1|   ap_fifo  |                             res1_18_V_V                             |    pointer   |
|res1_18_V_V_write    | out |    1|   ap_fifo  |                             res1_18_V_V                             |    pointer   |
|res1_19_V_V_din      | out |   16|   ap_fifo  |                             res1_19_V_V                             |    pointer   |
|res1_19_V_V_full_n   |  in |    1|   ap_fifo  |                             res1_19_V_V                             |    pointer   |
|res1_19_V_V_write    | out |    1|   ap_fifo  |                             res1_19_V_V                             |    pointer   |
|res1_20_V_V_din      | out |   16|   ap_fifo  |                             res1_20_V_V                             |    pointer   |
|res1_20_V_V_full_n   |  in |    1|   ap_fifo  |                             res1_20_V_V                             |    pointer   |
|res1_20_V_V_write    | out |    1|   ap_fifo  |                             res1_20_V_V                             |    pointer   |
|res1_21_V_V_din      | out |   16|   ap_fifo  |                             res1_21_V_V                             |    pointer   |
|res1_21_V_V_full_n   |  in |    1|   ap_fifo  |                             res1_21_V_V                             |    pointer   |
|res1_21_V_V_write    | out |    1|   ap_fifo  |                             res1_21_V_V                             |    pointer   |
|res1_22_V_V_din      | out |   16|   ap_fifo  |                             res1_22_V_V                             |    pointer   |
|res1_22_V_V_full_n   |  in |    1|   ap_fifo  |                             res1_22_V_V                             |    pointer   |
|res1_22_V_V_write    | out |    1|   ap_fifo  |                             res1_22_V_V                             |    pointer   |
|res1_23_V_V_din      | out |   16|   ap_fifo  |                             res1_23_V_V                             |    pointer   |
|res1_23_V_V_full_n   |  in |    1|   ap_fifo  |                             res1_23_V_V                             |    pointer   |
|res1_23_V_V_write    | out |    1|   ap_fifo  |                             res1_23_V_V                             |    pointer   |
|res1_24_V_V_din      | out |   16|   ap_fifo  |                             res1_24_V_V                             |    pointer   |
|res1_24_V_V_full_n   |  in |    1|   ap_fifo  |                             res1_24_V_V                             |    pointer   |
|res1_24_V_V_write    | out |    1|   ap_fifo  |                             res1_24_V_V                             |    pointer   |
|res1_25_V_V_din      | out |   16|   ap_fifo  |                             res1_25_V_V                             |    pointer   |
|res1_25_V_V_full_n   |  in |    1|   ap_fifo  |                             res1_25_V_V                             |    pointer   |
|res1_25_V_V_write    | out |    1|   ap_fifo  |                             res1_25_V_V                             |    pointer   |
|res1_26_V_V_din      | out |   16|   ap_fifo  |                             res1_26_V_V                             |    pointer   |
|res1_26_V_V_full_n   |  in |    1|   ap_fifo  |                             res1_26_V_V                             |    pointer   |
|res1_26_V_V_write    | out |    1|   ap_fifo  |                             res1_26_V_V                             |    pointer   |
|res1_27_V_V_din      | out |   16|   ap_fifo  |                             res1_27_V_V                             |    pointer   |
|res1_27_V_V_full_n   |  in |    1|   ap_fifo  |                             res1_27_V_V                             |    pointer   |
|res1_27_V_V_write    | out |    1|   ap_fifo  |                             res1_27_V_V                             |    pointer   |
|res1_28_V_V_din      | out |   16|   ap_fifo  |                             res1_28_V_V                             |    pointer   |
|res1_28_V_V_full_n   |  in |    1|   ap_fifo  |                             res1_28_V_V                             |    pointer   |
|res1_28_V_V_write    | out |    1|   ap_fifo  |                             res1_28_V_V                             |    pointer   |
|res1_29_V_V_din      | out |   16|   ap_fifo  |                             res1_29_V_V                             |    pointer   |
|res1_29_V_V_full_n   |  in |    1|   ap_fifo  |                             res1_29_V_V                             |    pointer   |
|res1_29_V_V_write    | out |    1|   ap_fifo  |                             res1_29_V_V                             |    pointer   |
|res1_30_V_V_din      | out |   16|   ap_fifo  |                             res1_30_V_V                             |    pointer   |
|res1_30_V_V_full_n   |  in |    1|   ap_fifo  |                             res1_30_V_V                             |    pointer   |
|res1_30_V_V_write    | out |    1|   ap_fifo  |                             res1_30_V_V                             |    pointer   |
|res1_31_V_V_din      | out |   16|   ap_fifo  |                             res1_31_V_V                             |    pointer   |
|res1_31_V_V_full_n   |  in |    1|   ap_fifo  |                             res1_31_V_V                             |    pointer   |
|res1_31_V_V_write    | out |    1|   ap_fifo  |                             res1_31_V_V                             |    pointer   |
|res1_32_V_V_din      | out |   16|   ap_fifo  |                             res1_32_V_V                             |    pointer   |
|res1_32_V_V_full_n   |  in |    1|   ap_fifo  |                             res1_32_V_V                             |    pointer   |
|res1_32_V_V_write    | out |    1|   ap_fifo  |                             res1_32_V_V                             |    pointer   |
|res1_33_V_V_din      | out |   16|   ap_fifo  |                             res1_33_V_V                             |    pointer   |
|res1_33_V_V_full_n   |  in |    1|   ap_fifo  |                             res1_33_V_V                             |    pointer   |
|res1_33_V_V_write    | out |    1|   ap_fifo  |                             res1_33_V_V                             |    pointer   |
|res1_34_V_V_din      | out |   16|   ap_fifo  |                             res1_34_V_V                             |    pointer   |
|res1_34_V_V_full_n   |  in |    1|   ap_fifo  |                             res1_34_V_V                             |    pointer   |
|res1_34_V_V_write    | out |    1|   ap_fifo  |                             res1_34_V_V                             |    pointer   |
|res1_35_V_V_din      | out |   16|   ap_fifo  |                             res1_35_V_V                             |    pointer   |
|res1_35_V_V_full_n   |  in |    1|   ap_fifo  |                             res1_35_V_V                             |    pointer   |
|res1_35_V_V_write    | out |    1|   ap_fifo  |                             res1_35_V_V                             |    pointer   |
|res1_36_V_V_din      | out |   16|   ap_fifo  |                             res1_36_V_V                             |    pointer   |
|res1_36_V_V_full_n   |  in |    1|   ap_fifo  |                             res1_36_V_V                             |    pointer   |
|res1_36_V_V_write    | out |    1|   ap_fifo  |                             res1_36_V_V                             |    pointer   |
|res1_37_V_V_din      | out |   16|   ap_fifo  |                             res1_37_V_V                             |    pointer   |
|res1_37_V_V_full_n   |  in |    1|   ap_fifo  |                             res1_37_V_V                             |    pointer   |
|res1_37_V_V_write    | out |    1|   ap_fifo  |                             res1_37_V_V                             |    pointer   |
|res1_38_V_V_din      | out |   16|   ap_fifo  |                             res1_38_V_V                             |    pointer   |
|res1_38_V_V_full_n   |  in |    1|   ap_fifo  |                             res1_38_V_V                             |    pointer   |
|res1_38_V_V_write    | out |    1|   ap_fifo  |                             res1_38_V_V                             |    pointer   |
|res1_39_V_V_din      | out |   16|   ap_fifo  |                             res1_39_V_V                             |    pointer   |
|res1_39_V_V_full_n   |  in |    1|   ap_fifo  |                             res1_39_V_V                             |    pointer   |
|res1_39_V_V_write    | out |    1|   ap_fifo  |                             res1_39_V_V                             |    pointer   |
|res1_40_V_V_din      | out |   16|   ap_fifo  |                             res1_40_V_V                             |    pointer   |
|res1_40_V_V_full_n   |  in |    1|   ap_fifo  |                             res1_40_V_V                             |    pointer   |
|res1_40_V_V_write    | out |    1|   ap_fifo  |                             res1_40_V_V                             |    pointer   |
|res1_41_V_V_din      | out |   16|   ap_fifo  |                             res1_41_V_V                             |    pointer   |
|res1_41_V_V_full_n   |  in |    1|   ap_fifo  |                             res1_41_V_V                             |    pointer   |
|res1_41_V_V_write    | out |    1|   ap_fifo  |                             res1_41_V_V                             |    pointer   |
|res1_42_V_V_din      | out |   16|   ap_fifo  |                             res1_42_V_V                             |    pointer   |
|res1_42_V_V_full_n   |  in |    1|   ap_fifo  |                             res1_42_V_V                             |    pointer   |
|res1_42_V_V_write    | out |    1|   ap_fifo  |                             res1_42_V_V                             |    pointer   |
|res1_43_V_V_din      | out |   16|   ap_fifo  |                             res1_43_V_V                             |    pointer   |
|res1_43_V_V_full_n   |  in |    1|   ap_fifo  |                             res1_43_V_V                             |    pointer   |
|res1_43_V_V_write    | out |    1|   ap_fifo  |                             res1_43_V_V                             |    pointer   |
|res1_44_V_V_din      | out |   16|   ap_fifo  |                             res1_44_V_V                             |    pointer   |
|res1_44_V_V_full_n   |  in |    1|   ap_fifo  |                             res1_44_V_V                             |    pointer   |
|res1_44_V_V_write    | out |    1|   ap_fifo  |                             res1_44_V_V                             |    pointer   |
|res1_45_V_V_din      | out |   16|   ap_fifo  |                             res1_45_V_V                             |    pointer   |
|res1_45_V_V_full_n   |  in |    1|   ap_fifo  |                             res1_45_V_V                             |    pointer   |
|res1_45_V_V_write    | out |    1|   ap_fifo  |                             res1_45_V_V                             |    pointer   |
|res1_46_V_V_din      | out |   16|   ap_fifo  |                             res1_46_V_V                             |    pointer   |
|res1_46_V_V_full_n   |  in |    1|   ap_fifo  |                             res1_46_V_V                             |    pointer   |
|res1_46_V_V_write    | out |    1|   ap_fifo  |                             res1_46_V_V                             |    pointer   |
|res1_47_V_V_din      | out |   16|   ap_fifo  |                             res1_47_V_V                             |    pointer   |
|res1_47_V_V_full_n   |  in |    1|   ap_fifo  |                             res1_47_V_V                             |    pointer   |
|res1_47_V_V_write    | out |    1|   ap_fifo  |                             res1_47_V_V                             |    pointer   |
|res1_48_V_V_din      | out |   16|   ap_fifo  |                             res1_48_V_V                             |    pointer   |
|res1_48_V_V_full_n   |  in |    1|   ap_fifo  |                             res1_48_V_V                             |    pointer   |
|res1_48_V_V_write    | out |    1|   ap_fifo  |                             res1_48_V_V                             |    pointer   |
|res1_49_V_V_din      | out |   16|   ap_fifo  |                             res1_49_V_V                             |    pointer   |
|res1_49_V_V_full_n   |  in |    1|   ap_fifo  |                             res1_49_V_V                             |    pointer   |
|res1_49_V_V_write    | out |    1|   ap_fifo  |                             res1_49_V_V                             |    pointer   |
|res1_50_V_V_din      | out |   16|   ap_fifo  |                             res1_50_V_V                             |    pointer   |
|res1_50_V_V_full_n   |  in |    1|   ap_fifo  |                             res1_50_V_V                             |    pointer   |
|res1_50_V_V_write    | out |    1|   ap_fifo  |                             res1_50_V_V                             |    pointer   |
|res1_51_V_V_din      | out |   16|   ap_fifo  |                             res1_51_V_V                             |    pointer   |
|res1_51_V_V_full_n   |  in |    1|   ap_fifo  |                             res1_51_V_V                             |    pointer   |
|res1_51_V_V_write    | out |    1|   ap_fifo  |                             res1_51_V_V                             |    pointer   |
|res1_52_V_V_din      | out |   16|   ap_fifo  |                             res1_52_V_V                             |    pointer   |
|res1_52_V_V_full_n   |  in |    1|   ap_fifo  |                             res1_52_V_V                             |    pointer   |
|res1_52_V_V_write    | out |    1|   ap_fifo  |                             res1_52_V_V                             |    pointer   |
|res1_53_V_V_din      | out |   16|   ap_fifo  |                             res1_53_V_V                             |    pointer   |
|res1_53_V_V_full_n   |  in |    1|   ap_fifo  |                             res1_53_V_V                             |    pointer   |
|res1_53_V_V_write    | out |    1|   ap_fifo  |                             res1_53_V_V                             |    pointer   |
|res1_54_V_V_din      | out |   16|   ap_fifo  |                             res1_54_V_V                             |    pointer   |
|res1_54_V_V_full_n   |  in |    1|   ap_fifo  |                             res1_54_V_V                             |    pointer   |
|res1_54_V_V_write    | out |    1|   ap_fifo  |                             res1_54_V_V                             |    pointer   |
|res1_55_V_V_din      | out |   16|   ap_fifo  |                             res1_55_V_V                             |    pointer   |
|res1_55_V_V_full_n   |  in |    1|   ap_fifo  |                             res1_55_V_V                             |    pointer   |
|res1_55_V_V_write    | out |    1|   ap_fifo  |                             res1_55_V_V                             |    pointer   |
|res1_56_V_V_din      | out |   16|   ap_fifo  |                             res1_56_V_V                             |    pointer   |
|res1_56_V_V_full_n   |  in |    1|   ap_fifo  |                             res1_56_V_V                             |    pointer   |
|res1_56_V_V_write    | out |    1|   ap_fifo  |                             res1_56_V_V                             |    pointer   |
|res1_57_V_V_din      | out |   16|   ap_fifo  |                             res1_57_V_V                             |    pointer   |
|res1_57_V_V_full_n   |  in |    1|   ap_fifo  |                             res1_57_V_V                             |    pointer   |
|res1_57_V_V_write    | out |    1|   ap_fifo  |                             res1_57_V_V                             |    pointer   |
|res1_58_V_V_din      | out |   16|   ap_fifo  |                             res1_58_V_V                             |    pointer   |
|res1_58_V_V_full_n   |  in |    1|   ap_fifo  |                             res1_58_V_V                             |    pointer   |
|res1_58_V_V_write    | out |    1|   ap_fifo  |                             res1_58_V_V                             |    pointer   |
|res1_59_V_V_din      | out |   16|   ap_fifo  |                             res1_59_V_V                             |    pointer   |
|res1_59_V_V_full_n   |  in |    1|   ap_fifo  |                             res1_59_V_V                             |    pointer   |
|res1_59_V_V_write    | out |    1|   ap_fifo  |                             res1_59_V_V                             |    pointer   |
|res1_60_V_V_din      | out |   16|   ap_fifo  |                             res1_60_V_V                             |    pointer   |
|res1_60_V_V_full_n   |  in |    1|   ap_fifo  |                             res1_60_V_V                             |    pointer   |
|res1_60_V_V_write    | out |    1|   ap_fifo  |                             res1_60_V_V                             |    pointer   |
|res1_61_V_V_din      | out |   16|   ap_fifo  |                             res1_61_V_V                             |    pointer   |
|res1_61_V_V_full_n   |  in |    1|   ap_fifo  |                             res1_61_V_V                             |    pointer   |
|res1_61_V_V_write    | out |    1|   ap_fifo  |                             res1_61_V_V                             |    pointer   |
|res1_62_V_V_din      | out |   16|   ap_fifo  |                             res1_62_V_V                             |    pointer   |
|res1_62_V_V_full_n   |  in |    1|   ap_fifo  |                             res1_62_V_V                             |    pointer   |
|res1_62_V_V_write    | out |    1|   ap_fifo  |                             res1_62_V_V                             |    pointer   |
|res1_63_V_V_din      | out |   16|   ap_fifo  |                             res1_63_V_V                             |    pointer   |
|res1_63_V_V_full_n   |  in |    1|   ap_fifo  |                             res1_63_V_V                             |    pointer   |
|res1_63_V_V_write    | out |    1|   ap_fifo  |                             res1_63_V_V                             |    pointer   |
|res2_0_V_V_din       | out |   16|   ap_fifo  |                              res2_0_V_V                             |    pointer   |
|res2_0_V_V_full_n    |  in |    1|   ap_fifo  |                              res2_0_V_V                             |    pointer   |
|res2_0_V_V_write     | out |    1|   ap_fifo  |                              res2_0_V_V                             |    pointer   |
|res2_1_V_V_din       | out |   16|   ap_fifo  |                              res2_1_V_V                             |    pointer   |
|res2_1_V_V_full_n    |  in |    1|   ap_fifo  |                              res2_1_V_V                             |    pointer   |
|res2_1_V_V_write     | out |    1|   ap_fifo  |                              res2_1_V_V                             |    pointer   |
|res2_2_V_V_din       | out |   16|   ap_fifo  |                              res2_2_V_V                             |    pointer   |
|res2_2_V_V_full_n    |  in |    1|   ap_fifo  |                              res2_2_V_V                             |    pointer   |
|res2_2_V_V_write     | out |    1|   ap_fifo  |                              res2_2_V_V                             |    pointer   |
|res2_3_V_V_din       | out |   16|   ap_fifo  |                              res2_3_V_V                             |    pointer   |
|res2_3_V_V_full_n    |  in |    1|   ap_fifo  |                              res2_3_V_V                             |    pointer   |
|res2_3_V_V_write     | out |    1|   ap_fifo  |                              res2_3_V_V                             |    pointer   |
|res2_4_V_V_din       | out |   16|   ap_fifo  |                              res2_4_V_V                             |    pointer   |
|res2_4_V_V_full_n    |  in |    1|   ap_fifo  |                              res2_4_V_V                             |    pointer   |
|res2_4_V_V_write     | out |    1|   ap_fifo  |                              res2_4_V_V                             |    pointer   |
|res2_5_V_V_din       | out |   16|   ap_fifo  |                              res2_5_V_V                             |    pointer   |
|res2_5_V_V_full_n    |  in |    1|   ap_fifo  |                              res2_5_V_V                             |    pointer   |
|res2_5_V_V_write     | out |    1|   ap_fifo  |                              res2_5_V_V                             |    pointer   |
|res2_6_V_V_din       | out |   16|   ap_fifo  |                              res2_6_V_V                             |    pointer   |
|res2_6_V_V_full_n    |  in |    1|   ap_fifo  |                              res2_6_V_V                             |    pointer   |
|res2_6_V_V_write     | out |    1|   ap_fifo  |                              res2_6_V_V                             |    pointer   |
|res2_7_V_V_din       | out |   16|   ap_fifo  |                              res2_7_V_V                             |    pointer   |
|res2_7_V_V_full_n    |  in |    1|   ap_fifo  |                              res2_7_V_V                             |    pointer   |
|res2_7_V_V_write     | out |    1|   ap_fifo  |                              res2_7_V_V                             |    pointer   |
|res2_8_V_V_din       | out |   16|   ap_fifo  |                              res2_8_V_V                             |    pointer   |
|res2_8_V_V_full_n    |  in |    1|   ap_fifo  |                              res2_8_V_V                             |    pointer   |
|res2_8_V_V_write     | out |    1|   ap_fifo  |                              res2_8_V_V                             |    pointer   |
|res2_9_V_V_din       | out |   16|   ap_fifo  |                              res2_9_V_V                             |    pointer   |
|res2_9_V_V_full_n    |  in |    1|   ap_fifo  |                              res2_9_V_V                             |    pointer   |
|res2_9_V_V_write     | out |    1|   ap_fifo  |                              res2_9_V_V                             |    pointer   |
|res2_10_V_V_din      | out |   16|   ap_fifo  |                             res2_10_V_V                             |    pointer   |
|res2_10_V_V_full_n   |  in |    1|   ap_fifo  |                             res2_10_V_V                             |    pointer   |
|res2_10_V_V_write    | out |    1|   ap_fifo  |                             res2_10_V_V                             |    pointer   |
|res2_11_V_V_din      | out |   16|   ap_fifo  |                             res2_11_V_V                             |    pointer   |
|res2_11_V_V_full_n   |  in |    1|   ap_fifo  |                             res2_11_V_V                             |    pointer   |
|res2_11_V_V_write    | out |    1|   ap_fifo  |                             res2_11_V_V                             |    pointer   |
|res2_12_V_V_din      | out |   16|   ap_fifo  |                             res2_12_V_V                             |    pointer   |
|res2_12_V_V_full_n   |  in |    1|   ap_fifo  |                             res2_12_V_V                             |    pointer   |
|res2_12_V_V_write    | out |    1|   ap_fifo  |                             res2_12_V_V                             |    pointer   |
|res2_13_V_V_din      | out |   16|   ap_fifo  |                             res2_13_V_V                             |    pointer   |
|res2_13_V_V_full_n   |  in |    1|   ap_fifo  |                             res2_13_V_V                             |    pointer   |
|res2_13_V_V_write    | out |    1|   ap_fifo  |                             res2_13_V_V                             |    pointer   |
|res2_14_V_V_din      | out |   16|   ap_fifo  |                             res2_14_V_V                             |    pointer   |
|res2_14_V_V_full_n   |  in |    1|   ap_fifo  |                             res2_14_V_V                             |    pointer   |
|res2_14_V_V_write    | out |    1|   ap_fifo  |                             res2_14_V_V                             |    pointer   |
|res2_15_V_V_din      | out |   16|   ap_fifo  |                             res2_15_V_V                             |    pointer   |
|res2_15_V_V_full_n   |  in |    1|   ap_fifo  |                             res2_15_V_V                             |    pointer   |
|res2_15_V_V_write    | out |    1|   ap_fifo  |                             res2_15_V_V                             |    pointer   |
|res2_16_V_V_din      | out |   16|   ap_fifo  |                             res2_16_V_V                             |    pointer   |
|res2_16_V_V_full_n   |  in |    1|   ap_fifo  |                             res2_16_V_V                             |    pointer   |
|res2_16_V_V_write    | out |    1|   ap_fifo  |                             res2_16_V_V                             |    pointer   |
|res2_17_V_V_din      | out |   16|   ap_fifo  |                             res2_17_V_V                             |    pointer   |
|res2_17_V_V_full_n   |  in |    1|   ap_fifo  |                             res2_17_V_V                             |    pointer   |
|res2_17_V_V_write    | out |    1|   ap_fifo  |                             res2_17_V_V                             |    pointer   |
|res2_18_V_V_din      | out |   16|   ap_fifo  |                             res2_18_V_V                             |    pointer   |
|res2_18_V_V_full_n   |  in |    1|   ap_fifo  |                             res2_18_V_V                             |    pointer   |
|res2_18_V_V_write    | out |    1|   ap_fifo  |                             res2_18_V_V                             |    pointer   |
|res2_19_V_V_din      | out |   16|   ap_fifo  |                             res2_19_V_V                             |    pointer   |
|res2_19_V_V_full_n   |  in |    1|   ap_fifo  |                             res2_19_V_V                             |    pointer   |
|res2_19_V_V_write    | out |    1|   ap_fifo  |                             res2_19_V_V                             |    pointer   |
|res2_20_V_V_din      | out |   16|   ap_fifo  |                             res2_20_V_V                             |    pointer   |
|res2_20_V_V_full_n   |  in |    1|   ap_fifo  |                             res2_20_V_V                             |    pointer   |
|res2_20_V_V_write    | out |    1|   ap_fifo  |                             res2_20_V_V                             |    pointer   |
|res2_21_V_V_din      | out |   16|   ap_fifo  |                             res2_21_V_V                             |    pointer   |
|res2_21_V_V_full_n   |  in |    1|   ap_fifo  |                             res2_21_V_V                             |    pointer   |
|res2_21_V_V_write    | out |    1|   ap_fifo  |                             res2_21_V_V                             |    pointer   |
|res2_22_V_V_din      | out |   16|   ap_fifo  |                             res2_22_V_V                             |    pointer   |
|res2_22_V_V_full_n   |  in |    1|   ap_fifo  |                             res2_22_V_V                             |    pointer   |
|res2_22_V_V_write    | out |    1|   ap_fifo  |                             res2_22_V_V                             |    pointer   |
|res2_23_V_V_din      | out |   16|   ap_fifo  |                             res2_23_V_V                             |    pointer   |
|res2_23_V_V_full_n   |  in |    1|   ap_fifo  |                             res2_23_V_V                             |    pointer   |
|res2_23_V_V_write    | out |    1|   ap_fifo  |                             res2_23_V_V                             |    pointer   |
|res2_24_V_V_din      | out |   16|   ap_fifo  |                             res2_24_V_V                             |    pointer   |
|res2_24_V_V_full_n   |  in |    1|   ap_fifo  |                             res2_24_V_V                             |    pointer   |
|res2_24_V_V_write    | out |    1|   ap_fifo  |                             res2_24_V_V                             |    pointer   |
|res2_25_V_V_din      | out |   16|   ap_fifo  |                             res2_25_V_V                             |    pointer   |
|res2_25_V_V_full_n   |  in |    1|   ap_fifo  |                             res2_25_V_V                             |    pointer   |
|res2_25_V_V_write    | out |    1|   ap_fifo  |                             res2_25_V_V                             |    pointer   |
|res2_26_V_V_din      | out |   16|   ap_fifo  |                             res2_26_V_V                             |    pointer   |
|res2_26_V_V_full_n   |  in |    1|   ap_fifo  |                             res2_26_V_V                             |    pointer   |
|res2_26_V_V_write    | out |    1|   ap_fifo  |                             res2_26_V_V                             |    pointer   |
|res2_27_V_V_din      | out |   16|   ap_fifo  |                             res2_27_V_V                             |    pointer   |
|res2_27_V_V_full_n   |  in |    1|   ap_fifo  |                             res2_27_V_V                             |    pointer   |
|res2_27_V_V_write    | out |    1|   ap_fifo  |                             res2_27_V_V                             |    pointer   |
|res2_28_V_V_din      | out |   16|   ap_fifo  |                             res2_28_V_V                             |    pointer   |
|res2_28_V_V_full_n   |  in |    1|   ap_fifo  |                             res2_28_V_V                             |    pointer   |
|res2_28_V_V_write    | out |    1|   ap_fifo  |                             res2_28_V_V                             |    pointer   |
|res2_29_V_V_din      | out |   16|   ap_fifo  |                             res2_29_V_V                             |    pointer   |
|res2_29_V_V_full_n   |  in |    1|   ap_fifo  |                             res2_29_V_V                             |    pointer   |
|res2_29_V_V_write    | out |    1|   ap_fifo  |                             res2_29_V_V                             |    pointer   |
|res2_30_V_V_din      | out |   16|   ap_fifo  |                             res2_30_V_V                             |    pointer   |
|res2_30_V_V_full_n   |  in |    1|   ap_fifo  |                             res2_30_V_V                             |    pointer   |
|res2_30_V_V_write    | out |    1|   ap_fifo  |                             res2_30_V_V                             |    pointer   |
|res2_31_V_V_din      | out |   16|   ap_fifo  |                             res2_31_V_V                             |    pointer   |
|res2_31_V_V_full_n   |  in |    1|   ap_fifo  |                             res2_31_V_V                             |    pointer   |
|res2_31_V_V_write    | out |    1|   ap_fifo  |                             res2_31_V_V                             |    pointer   |
|res2_32_V_V_din      | out |   16|   ap_fifo  |                             res2_32_V_V                             |    pointer   |
|res2_32_V_V_full_n   |  in |    1|   ap_fifo  |                             res2_32_V_V                             |    pointer   |
|res2_32_V_V_write    | out |    1|   ap_fifo  |                             res2_32_V_V                             |    pointer   |
|res2_33_V_V_din      | out |   16|   ap_fifo  |                             res2_33_V_V                             |    pointer   |
|res2_33_V_V_full_n   |  in |    1|   ap_fifo  |                             res2_33_V_V                             |    pointer   |
|res2_33_V_V_write    | out |    1|   ap_fifo  |                             res2_33_V_V                             |    pointer   |
|res2_34_V_V_din      | out |   16|   ap_fifo  |                             res2_34_V_V                             |    pointer   |
|res2_34_V_V_full_n   |  in |    1|   ap_fifo  |                             res2_34_V_V                             |    pointer   |
|res2_34_V_V_write    | out |    1|   ap_fifo  |                             res2_34_V_V                             |    pointer   |
|res2_35_V_V_din      | out |   16|   ap_fifo  |                             res2_35_V_V                             |    pointer   |
|res2_35_V_V_full_n   |  in |    1|   ap_fifo  |                             res2_35_V_V                             |    pointer   |
|res2_35_V_V_write    | out |    1|   ap_fifo  |                             res2_35_V_V                             |    pointer   |
|res2_36_V_V_din      | out |   16|   ap_fifo  |                             res2_36_V_V                             |    pointer   |
|res2_36_V_V_full_n   |  in |    1|   ap_fifo  |                             res2_36_V_V                             |    pointer   |
|res2_36_V_V_write    | out |    1|   ap_fifo  |                             res2_36_V_V                             |    pointer   |
|res2_37_V_V_din      | out |   16|   ap_fifo  |                             res2_37_V_V                             |    pointer   |
|res2_37_V_V_full_n   |  in |    1|   ap_fifo  |                             res2_37_V_V                             |    pointer   |
|res2_37_V_V_write    | out |    1|   ap_fifo  |                             res2_37_V_V                             |    pointer   |
|res2_38_V_V_din      | out |   16|   ap_fifo  |                             res2_38_V_V                             |    pointer   |
|res2_38_V_V_full_n   |  in |    1|   ap_fifo  |                             res2_38_V_V                             |    pointer   |
|res2_38_V_V_write    | out |    1|   ap_fifo  |                             res2_38_V_V                             |    pointer   |
|res2_39_V_V_din      | out |   16|   ap_fifo  |                             res2_39_V_V                             |    pointer   |
|res2_39_V_V_full_n   |  in |    1|   ap_fifo  |                             res2_39_V_V                             |    pointer   |
|res2_39_V_V_write    | out |    1|   ap_fifo  |                             res2_39_V_V                             |    pointer   |
|res2_40_V_V_din      | out |   16|   ap_fifo  |                             res2_40_V_V                             |    pointer   |
|res2_40_V_V_full_n   |  in |    1|   ap_fifo  |                             res2_40_V_V                             |    pointer   |
|res2_40_V_V_write    | out |    1|   ap_fifo  |                             res2_40_V_V                             |    pointer   |
|res2_41_V_V_din      | out |   16|   ap_fifo  |                             res2_41_V_V                             |    pointer   |
|res2_41_V_V_full_n   |  in |    1|   ap_fifo  |                             res2_41_V_V                             |    pointer   |
|res2_41_V_V_write    | out |    1|   ap_fifo  |                             res2_41_V_V                             |    pointer   |
|res2_42_V_V_din      | out |   16|   ap_fifo  |                             res2_42_V_V                             |    pointer   |
|res2_42_V_V_full_n   |  in |    1|   ap_fifo  |                             res2_42_V_V                             |    pointer   |
|res2_42_V_V_write    | out |    1|   ap_fifo  |                             res2_42_V_V                             |    pointer   |
|res2_43_V_V_din      | out |   16|   ap_fifo  |                             res2_43_V_V                             |    pointer   |
|res2_43_V_V_full_n   |  in |    1|   ap_fifo  |                             res2_43_V_V                             |    pointer   |
|res2_43_V_V_write    | out |    1|   ap_fifo  |                             res2_43_V_V                             |    pointer   |
|res2_44_V_V_din      | out |   16|   ap_fifo  |                             res2_44_V_V                             |    pointer   |
|res2_44_V_V_full_n   |  in |    1|   ap_fifo  |                             res2_44_V_V                             |    pointer   |
|res2_44_V_V_write    | out |    1|   ap_fifo  |                             res2_44_V_V                             |    pointer   |
|res2_45_V_V_din      | out |   16|   ap_fifo  |                             res2_45_V_V                             |    pointer   |
|res2_45_V_V_full_n   |  in |    1|   ap_fifo  |                             res2_45_V_V                             |    pointer   |
|res2_45_V_V_write    | out |    1|   ap_fifo  |                             res2_45_V_V                             |    pointer   |
|res2_46_V_V_din      | out |   16|   ap_fifo  |                             res2_46_V_V                             |    pointer   |
|res2_46_V_V_full_n   |  in |    1|   ap_fifo  |                             res2_46_V_V                             |    pointer   |
|res2_46_V_V_write    | out |    1|   ap_fifo  |                             res2_46_V_V                             |    pointer   |
|res2_47_V_V_din      | out |   16|   ap_fifo  |                             res2_47_V_V                             |    pointer   |
|res2_47_V_V_full_n   |  in |    1|   ap_fifo  |                             res2_47_V_V                             |    pointer   |
|res2_47_V_V_write    | out |    1|   ap_fifo  |                             res2_47_V_V                             |    pointer   |
|res2_48_V_V_din      | out |   16|   ap_fifo  |                             res2_48_V_V                             |    pointer   |
|res2_48_V_V_full_n   |  in |    1|   ap_fifo  |                             res2_48_V_V                             |    pointer   |
|res2_48_V_V_write    | out |    1|   ap_fifo  |                             res2_48_V_V                             |    pointer   |
|res2_49_V_V_din      | out |   16|   ap_fifo  |                             res2_49_V_V                             |    pointer   |
|res2_49_V_V_full_n   |  in |    1|   ap_fifo  |                             res2_49_V_V                             |    pointer   |
|res2_49_V_V_write    | out |    1|   ap_fifo  |                             res2_49_V_V                             |    pointer   |
|res2_50_V_V_din      | out |   16|   ap_fifo  |                             res2_50_V_V                             |    pointer   |
|res2_50_V_V_full_n   |  in |    1|   ap_fifo  |                             res2_50_V_V                             |    pointer   |
|res2_50_V_V_write    | out |    1|   ap_fifo  |                             res2_50_V_V                             |    pointer   |
|res2_51_V_V_din      | out |   16|   ap_fifo  |                             res2_51_V_V                             |    pointer   |
|res2_51_V_V_full_n   |  in |    1|   ap_fifo  |                             res2_51_V_V                             |    pointer   |
|res2_51_V_V_write    | out |    1|   ap_fifo  |                             res2_51_V_V                             |    pointer   |
|res2_52_V_V_din      | out |   16|   ap_fifo  |                             res2_52_V_V                             |    pointer   |
|res2_52_V_V_full_n   |  in |    1|   ap_fifo  |                             res2_52_V_V                             |    pointer   |
|res2_52_V_V_write    | out |    1|   ap_fifo  |                             res2_52_V_V                             |    pointer   |
|res2_53_V_V_din      | out |   16|   ap_fifo  |                             res2_53_V_V                             |    pointer   |
|res2_53_V_V_full_n   |  in |    1|   ap_fifo  |                             res2_53_V_V                             |    pointer   |
|res2_53_V_V_write    | out |    1|   ap_fifo  |                             res2_53_V_V                             |    pointer   |
|res2_54_V_V_din      | out |   16|   ap_fifo  |                             res2_54_V_V                             |    pointer   |
|res2_54_V_V_full_n   |  in |    1|   ap_fifo  |                             res2_54_V_V                             |    pointer   |
|res2_54_V_V_write    | out |    1|   ap_fifo  |                             res2_54_V_V                             |    pointer   |
|res2_55_V_V_din      | out |   16|   ap_fifo  |                             res2_55_V_V                             |    pointer   |
|res2_55_V_V_full_n   |  in |    1|   ap_fifo  |                             res2_55_V_V                             |    pointer   |
|res2_55_V_V_write    | out |    1|   ap_fifo  |                             res2_55_V_V                             |    pointer   |
|res2_56_V_V_din      | out |   16|   ap_fifo  |                             res2_56_V_V                             |    pointer   |
|res2_56_V_V_full_n   |  in |    1|   ap_fifo  |                             res2_56_V_V                             |    pointer   |
|res2_56_V_V_write    | out |    1|   ap_fifo  |                             res2_56_V_V                             |    pointer   |
|res2_57_V_V_din      | out |   16|   ap_fifo  |                             res2_57_V_V                             |    pointer   |
|res2_57_V_V_full_n   |  in |    1|   ap_fifo  |                             res2_57_V_V                             |    pointer   |
|res2_57_V_V_write    | out |    1|   ap_fifo  |                             res2_57_V_V                             |    pointer   |
|res2_58_V_V_din      | out |   16|   ap_fifo  |                             res2_58_V_V                             |    pointer   |
|res2_58_V_V_full_n   |  in |    1|   ap_fifo  |                             res2_58_V_V                             |    pointer   |
|res2_58_V_V_write    | out |    1|   ap_fifo  |                             res2_58_V_V                             |    pointer   |
|res2_59_V_V_din      | out |   16|   ap_fifo  |                             res2_59_V_V                             |    pointer   |
|res2_59_V_V_full_n   |  in |    1|   ap_fifo  |                             res2_59_V_V                             |    pointer   |
|res2_59_V_V_write    | out |    1|   ap_fifo  |                             res2_59_V_V                             |    pointer   |
|res2_60_V_V_din      | out |   16|   ap_fifo  |                             res2_60_V_V                             |    pointer   |
|res2_60_V_V_full_n   |  in |    1|   ap_fifo  |                             res2_60_V_V                             |    pointer   |
|res2_60_V_V_write    | out |    1|   ap_fifo  |                             res2_60_V_V                             |    pointer   |
|res2_61_V_V_din      | out |   16|   ap_fifo  |                             res2_61_V_V                             |    pointer   |
|res2_61_V_V_full_n   |  in |    1|   ap_fifo  |                             res2_61_V_V                             |    pointer   |
|res2_61_V_V_write    | out |    1|   ap_fifo  |                             res2_61_V_V                             |    pointer   |
|res2_62_V_V_din      | out |   16|   ap_fifo  |                             res2_62_V_V                             |    pointer   |
|res2_62_V_V_full_n   |  in |    1|   ap_fifo  |                             res2_62_V_V                             |    pointer   |
|res2_62_V_V_write    | out |    1|   ap_fifo  |                             res2_62_V_V                             |    pointer   |
|res2_63_V_V_din      | out |   16|   ap_fifo  |                             res2_63_V_V                             |    pointer   |
|res2_63_V_V_full_n   |  in |    1|   ap_fifo  |                             res2_63_V_V                             |    pointer   |
|res2_63_V_V_write    | out |    1|   ap_fifo  |                             res2_63_V_V                             |    pointer   |
+---------------------+-----+-----+------------+---------------------------------------------------------------------+--------------+

