

================================================================
== Vivado HLS Report for 'gru_stack_for_bidirectional_ap_fixed_ap_fixed_17_4_5_3_0_config2_f_s'
================================================================
* Date:           Wed Oct 25 03:59:53 2023

* Version:        2019.2 (Build 2704478 on Wed Nov 06 22:10:23 MST 2019)
* Project:        alveo_hls4ml
* Solution:       solution
* Product family: virtexuplus
* Target device:  xcu50-fsvh2104-2L-e


================================================================
== Performance Estimates
================================================================
+ Timing: 
    * Summary: 
    +--------+---------+----------+------------+
    |  Clock |  Target | Estimated| Uncertainty|
    +--------+---------+----------+------------+
    |ap_clk  | 4.00 ns | 4.993 ns |   0.90 ns  |
    +--------+---------+----------+------------+

+ Latency: 
    * Summary: 
    +---------+---------+----------+----------+-------+-------+---------+
    |  Latency (cycles) |  Latency (absolute) |    Interval   | Pipeline|
    |   min   |   max   |    min   |    max   |  min  |  max  |   Type  |
    +---------+---------+----------+----------+-------+-------+---------+
    |    24602|    24675| 0.123 ms | 0.123 ms |  24602|  24675|   none  |
    +---------+---------+----------+----------+-------+-------+---------+

    + Detail: 
        * Instance: 
        +----------------------------------------------------------------------------+----------------------------------------------------------------+---------+---------+----------+----------+-----+-----+---------+
        |                                                                            |                                                                |  Latency (cycles) |  Latency (absolute) |  Interval | Pipeline|
        |                                  Instance                                  |                             Module                             |   min   |   max   |    min   |    max   | min | max |   Type  |
        +----------------------------------------------------------------------------+----------------------------------------------------------------+---------+---------+----------+----------+-----+-----+---------+
        |grp_gru_static_ap_fixed_16_6_5_3_0_ap_fixed_17_4_5_3_0_config2_f_s_fu_2003  |gru_static_ap_fixed_16_6_5_3_0_ap_fixed_17_4_5_3_0_config2_f_s  |      333|      334| 1.663 us | 1.668 us |  333|  334|   none  |
        +----------------------------------------------------------------------------+----------------------------------------------------------------+---------+---------+----------+----------+-----+-----+---------+

        * Loop: 
        +-------------------+---------+---------+-----------+-----------+-----------+------+----------+
        |                   |  Latency (cycles) | Iteration |  Initiation Interval  | Trip |          |
        |     Loop Name     |   min   |   max   |  Latency  |  achieved |   target  | Count| Pipelined|
        +-------------------+---------+---------+-----------+-----------+-----------+------+----------+
        |- DataPropagation  |    24601|    24674| 337 ~ 338 |          -|          -|    73|    no    |
        +-------------------+---------+---------+-----------+-----------+-----------+------+----------+



================================================================
== Utilization Estimates
================================================================
* Summary: 
+---------------------+---------+-------+---------+--------+-----+
|         Name        | BRAM_18K| DSP48E|    FF   |   LUT  | URAM|
+---------------------+---------+-------+---------+--------+-----+
|DSP                  |        -|      -|        -|       -|    -|
|Expression           |        -|      -|        0|      18|    -|
|FIFO                 |        -|      -|        -|       -|    -|
|Instance             |       87|    512|    95179|   79253|    0|
|Memory               |        -|      -|        -|       -|    -|
|Multiplexer          |        -|      -|        -|    1194|    -|
|Register             |        -|      -|     4437|       -|    -|
+---------------------+---------+-------+---------+--------+-----+
|Total                |       87|    512|    99616|   80465|    0|
+---------------------+---------+-------+---------+--------+-----+
|Available SLR        |     1344|   2976|   871680|  435840|  320|
+---------------------+---------+-------+---------+--------+-----+
|Utilization SLR (%)  |        6|     17|       11|      18|    0|
+---------------------+---------+-------+---------+--------+-----+
|Available            |     2688|   5952|  1743360|  871680|  640|
+---------------------+---------+-------+---------+--------+-----+
|Utilization (%)      |        3|      8|        5|       9|    0|
+---------------------+---------+-------+---------+--------+-----+

+ Detail: 
    * Instance: 
    +----------------------------------------------------------------------------+----------------------------------------------------------------+---------+-------+-------+-------+-----+
    |                                  Instance                                  |                             Module                             | BRAM_18K| DSP48E|   FF  |  LUT  | URAM|
    +----------------------------------------------------------------------------+----------------------------------------------------------------+---------+-------+-------+-------+-----+
    |grp_gru_static_ap_fixed_16_6_5_3_0_ap_fixed_17_4_5_3_0_config2_f_s_fu_2003  |gru_static_ap_fixed_16_6_5_3_0_ap_fixed_17_4_5_3_0_config2_f_s  |       87|    512|  95179|  79253|    0|
    +----------------------------------------------------------------------------+----------------------------------------------------------------+---------+-------+-------+-------+-----+
    |Total                                                                       |                                                                |       87|    512|  95179|  79253|    0|
    +----------------------------------------------------------------------------+----------------------------------------------------------------+---------+-------+-------+-------+-----+

    * DSP48E: 
    N/A

    * Memory: 
    N/A

    * FIFO: 
    N/A

    * Expression: 
    +-----------------------+----------+-------+---+----+------------+------------+
    |     Variable Name     | Operation| DSP48E| FF| LUT| Bitwidth P0| Bitwidth P1|
    +-----------------------+----------+-------+---+----+------------+------------+
    |i_in_fu_2276_p2        |     +    |      0|  0|   7|           7|           1|
    |icmp_ln736_fu_2270_p2  |   icmp   |      0|  0|  11|           7|           7|
    +-----------------------+----------+-------+---+----+------------+------------+
    |Total                  |          |      0|  0|  18|          14|           8|
    +-----------------------+----------+-------+---+----+------------+------------+

    * Multiplexer: 
    +--------------------------------+----+-----------+-----+-----------+
    |              Name              | LUT| Input Size| Bits| Total Bits|
    +--------------------------------+----+-----------+-----+-----------+
    |ap_NS_fsm                       |  33|          6|    1|          6|
    |ap_return_0                     |   9|          2|   17|         34|
    |ap_return_1                     |   9|          2|   17|         34|
    |ap_return_10                    |   9|          2|   17|         34|
    |ap_return_11                    |   9|          2|   17|         34|
    |ap_return_12                    |   9|          2|   17|         34|
    |ap_return_13                    |   9|          2|   17|         34|
    |ap_return_14                    |   9|          2|   17|         34|
    |ap_return_15                    |   9|          2|   17|         34|
    |ap_return_16                    |   9|          2|   17|         34|
    |ap_return_17                    |   9|          2|   17|         34|
    |ap_return_18                    |   9|          2|   17|         34|
    |ap_return_19                    |   9|          2|   17|         34|
    |ap_return_2                     |   9|          2|   17|         34|
    |ap_return_20                    |   9|          2|   17|         34|
    |ap_return_21                    |   9|          2|   17|         34|
    |ap_return_22                    |   9|          2|   17|         34|
    |ap_return_23                    |   9|          2|   17|         34|
    |ap_return_24                    |   9|          2|   17|         34|
    |ap_return_25                    |   9|          2|   17|         34|
    |ap_return_26                    |   9|          2|   17|         34|
    |ap_return_27                    |   9|          2|   17|         34|
    |ap_return_28                    |   9|          2|   17|         34|
    |ap_return_29                    |   9|          2|   17|         34|
    |ap_return_3                     |   9|          2|   17|         34|
    |ap_return_30                    |   9|          2|   17|         34|
    |ap_return_31                    |   9|          2|   17|         34|
    |ap_return_32                    |   9|          2|   17|         34|
    |ap_return_33                    |   9|          2|   17|         34|
    |ap_return_34                    |   9|          2|   17|         34|
    |ap_return_35                    |   9|          2|   17|         34|
    |ap_return_36                    |   9|          2|   17|         34|
    |ap_return_37                    |   9|          2|   17|         34|
    |ap_return_38                    |   9|          2|   17|         34|
    |ap_return_39                    |   9|          2|   17|         34|
    |ap_return_4                     |   9|          2|   17|         34|
    |ap_return_40                    |   9|          2|   17|         34|
    |ap_return_41                    |   9|          2|   17|         34|
    |ap_return_42                    |   9|          2|   17|         34|
    |ap_return_43                    |   9|          2|   17|         34|
    |ap_return_44                    |   9|          2|   17|         34|
    |ap_return_45                    |   9|          2|   17|         34|
    |ap_return_46                    |   9|          2|   17|         34|
    |ap_return_47                    |   9|          2|   17|         34|
    |ap_return_48                    |   9|          2|   17|         34|
    |ap_return_49                    |   9|          2|   17|         34|
    |ap_return_5                     |   9|          2|   17|         34|
    |ap_return_50                    |   9|          2|   17|         34|
    |ap_return_51                    |   9|          2|   17|         34|
    |ap_return_52                    |   9|          2|   17|         34|
    |ap_return_53                    |   9|          2|   17|         34|
    |ap_return_54                    |   9|          2|   17|         34|
    |ap_return_55                    |   9|          2|   17|         34|
    |ap_return_56                    |   9|          2|   17|         34|
    |ap_return_57                    |   9|          2|   17|         34|
    |ap_return_58                    |   9|          2|   17|         34|
    |ap_return_59                    |   9|          2|   17|         34|
    |ap_return_6                     |   9|          2|   17|         34|
    |ap_return_60                    |   9|          2|   17|         34|
    |ap_return_61                    |   9|          2|   17|         34|
    |ap_return_62                    |   9|          2|   17|         34|
    |ap_return_63                    |   9|          2|   17|         34|
    |ap_return_7                     |   9|          2|   17|         34|
    |ap_return_8                     |   9|          2|   17|         34|
    |ap_return_9                     |   9|          2|   17|         34|
    |i_in_0_reg_1992                 |   9|          2|    7|         14|
    |res_0_V_write_assign_reg_1858   |   9|          2|   17|         34|
    |res_10_V_write_assign_reg_1846  |   9|          2|   17|         34|
    |res_11_V_write_assign_reg_1834  |   9|          2|   17|         34|
    |res_12_V_write_assign_reg_1822  |   9|          2|   17|         34|
    |res_13_V_write_assign_reg_1810  |   9|          2|   17|         34|
    |res_14_V_write_assign_reg_1798  |   9|          2|   17|         34|
    |res_15_V_write_assign_reg_1786  |   9|          2|   17|         34|
    |res_16_V_write_assign_reg_1774  |   9|          2|   17|         34|
    |res_17_V_write_assign_reg_1762  |   9|          2|   17|         34|
    |res_18_V_write_assign_reg_1750  |   9|          2|   17|         34|
    |res_19_V_write_assign_reg_1738  |   9|          2|   17|         34|
    |res_1_V_write_assign_reg_1870   |   9|          2|   17|         34|
    |res_20_V_write_assign_reg_1726  |   9|          2|   17|         34|
    |res_21_V_write_assign_reg_1714  |   9|          2|   17|         34|
    |res_22_V_write_assign_reg_1702  |   9|          2|   17|         34|
    |res_23_V_write_assign_reg_1690  |   9|          2|   17|         34|
    |res_24_V_write_assign_reg_1678  |   9|          2|   17|         34|
    |res_25_V_write_assign_reg_1666  |   9|          2|   17|         34|
    |res_26_V_write_assign_reg_1654  |   9|          2|   17|         34|
    |res_27_V_write_assign_reg_1642  |   9|          2|   17|         34|
    |res_28_V_write_assign_reg_1630  |   9|          2|   17|         34|
    |res_29_V_write_assign_reg_1618  |   9|          2|   17|         34|
    |res_2_V_write_assign_reg_1882   |   9|          2|   17|         34|
    |res_30_V_write_assign_reg_1606  |   9|          2|   17|         34|
    |res_31_V_write_assign_reg_1594  |   9|          2|   17|         34|
    |res_32_V_write_assign_reg_1582  |   9|          2|   17|         34|
    |res_33_V_write_assign_reg_1570  |   9|          2|   17|         34|
    |res_34_V_write_assign_reg_1558  |   9|          2|   17|         34|
    |res_35_V_write_assign_reg_1546  |   9|          2|   17|         34|
    |res_36_V_write_assign_reg_1534  |   9|          2|   17|         34|
    |res_37_V_write_assign_reg_1522  |   9|          2|   17|         34|
    |res_38_V_write_assign_reg_1510  |   9|          2|   17|         34|
    |res_39_V_write_assign_reg_1498  |   9|          2|   17|         34|
    |res_3_V_write_assign_reg_1894   |   9|          2|   17|         34|
    |res_40_V_write_assign_reg_1486  |   9|          2|   17|         34|
    |res_41_V_write_assign_reg_1474  |   9|          2|   17|         34|
    |res_42_V_write_assign_reg_1462  |   9|          2|   17|         34|
    |res_43_V_write_assign_reg_1450  |   9|          2|   17|         34|
    |res_44_V_write_assign_reg_1438  |   9|          2|   17|         34|
    |res_45_V_write_assign_reg_1426  |   9|          2|   17|         34|
    |res_46_V_write_assign_reg_1414  |   9|          2|   17|         34|
    |res_47_V_write_assign_reg_1402  |   9|          2|   17|         34|
    |res_48_V_write_assign_reg_1390  |   9|          2|   17|         34|
    |res_49_V_write_assign_reg_1378  |   9|          2|   17|         34|
    |res_4_V_write_assign_reg_1906   |   9|          2|   17|         34|
    |res_50_V_write_assign_reg_1366  |   9|          2|   17|         34|
    |res_51_V_write_assign_reg_1354  |   9|          2|   17|         34|
    |res_52_V_write_assign_reg_1342  |   9|          2|   17|         34|
    |res_53_V_write_assign_reg_1330  |   9|          2|   17|         34|
    |res_54_V_write_assign_reg_1318  |   9|          2|   17|         34|
    |res_55_V_write_assign_reg_1306  |   9|          2|   17|         34|
    |res_56_V_write_assign_reg_1294  |   9|          2|   17|         34|
    |res_57_V_write_assign_reg_1282  |   9|          2|   17|         34|
    |res_58_V_write_assign_reg_1270  |   9|          2|   17|         34|
    |res_59_V_write_assign_reg_1258  |   9|          2|   17|         34|
    |res_5_V_write_assign_reg_1918   |   9|          2|   17|         34|
    |res_60_V_write_assign_reg_1246  |   9|          2|   17|         34|
    |res_61_V_write_assign_reg_1234  |   9|          2|   17|         34|
    |res_62_V_write_assign_reg_1222  |   9|          2|   17|         34|
    |res_63_V_write_assign_reg_1210  |   9|          2|   17|         34|
    |res_6_V_write_assign_reg_1930   |   9|          2|   17|         34|
    |res_7_V_write_assign_reg_1942   |   9|          2|   17|         34|
    |res_8_V_write_assign_reg_1954   |   9|          2|   17|         34|
    |res_9_V_write_assign_reg_1966   |   9|          2|   17|         34|
    +--------------------------------+----+-----------+-----+-----------+
    |Total                           |1194|        264| 2184|       4372|
    +--------------------------------+----+-----------+-----+-----------+

    * Register: 
    +-----------------------------------------------------------------------------------------+------+----+------+-----------+
    |                                           Name                                          |  FF  | LUT| Bits | Const Bits|
    +-----------------------------------------------------------------------------------------+------+----+------+-----------+
    |ap_CS_fsm                                                                                |     5|   0|     5|          0|
    |ap_return_0_preg                                                                         |    17|   0|    17|          0|
    |ap_return_10_preg                                                                        |    17|   0|    17|          0|
    |ap_return_11_preg                                                                        |    17|   0|    17|          0|
    |ap_return_12_preg                                                                        |    17|   0|    17|          0|
    |ap_return_13_preg                                                                        |    17|   0|    17|          0|
    |ap_return_14_preg                                                                        |    17|   0|    17|          0|
    |ap_return_15_preg                                                                        |    17|   0|    17|          0|
    |ap_return_16_preg                                                                        |    17|   0|    17|          0|
    |ap_return_17_preg                                                                        |    17|   0|    17|          0|
    |ap_return_18_preg                                                                        |    17|   0|    17|          0|
    |ap_return_19_preg                                                                        |    17|   0|    17|          0|
    |ap_return_1_preg                                                                         |    17|   0|    17|          0|
    |ap_return_20_preg                                                                        |    17|   0|    17|          0|
    |ap_return_21_preg                                                                        |    17|   0|    17|          0|
    |ap_return_22_preg                                                                        |    17|   0|    17|          0|
    |ap_return_23_preg                                                                        |    17|   0|    17|          0|
    |ap_return_24_preg                                                                        |    17|   0|    17|          0|
    |ap_return_25_preg                                                                        |    17|   0|    17|          0|
    |ap_return_26_preg                                                                        |    17|   0|    17|          0|
    |ap_return_27_preg                                                                        |    17|   0|    17|          0|
    |ap_return_28_preg                                                                        |    17|   0|    17|          0|
    |ap_return_29_preg                                                                        |    17|   0|    17|          0|
    |ap_return_2_preg                                                                         |    17|   0|    17|          0|
    |ap_return_30_preg                                                                        |    17|   0|    17|          0|
    |ap_return_31_preg                                                                        |    17|   0|    17|          0|
    |ap_return_32_preg                                                                        |    17|   0|    17|          0|
    |ap_return_33_preg                                                                        |    17|   0|    17|          0|
    |ap_return_34_preg                                                                        |    17|   0|    17|          0|
    |ap_return_35_preg                                                                        |    17|   0|    17|          0|
    |ap_return_36_preg                                                                        |    17|   0|    17|          0|
    |ap_return_37_preg                                                                        |    17|   0|    17|          0|
    |ap_return_38_preg                                                                        |    17|   0|    17|          0|
    |ap_return_39_preg                                                                        |    17|   0|    17|          0|
    |ap_return_3_preg                                                                         |    17|   0|    17|          0|
    |ap_return_40_preg                                                                        |    17|   0|    17|          0|
    |ap_return_41_preg                                                                        |    17|   0|    17|          0|
    |ap_return_42_preg                                                                        |    17|   0|    17|          0|
    |ap_return_43_preg                                                                        |    17|   0|    17|          0|
    |ap_return_44_preg                                                                        |    17|   0|    17|          0|
    |ap_return_45_preg                                                                        |    17|   0|    17|          0|
    |ap_return_46_preg                                                                        |    17|   0|    17|          0|
    |ap_return_47_preg                                                                        |    17|   0|    17|          0|
    |ap_return_48_preg                                                                        |    17|   0|    17|          0|
    |ap_return_49_preg                                                                        |    17|   0|    17|          0|
    |ap_return_4_preg                                                                         |    17|   0|    17|          0|
    |ap_return_50_preg                                                                        |    17|   0|    17|          0|
    |ap_return_51_preg                                                                        |    17|   0|    17|          0|
    |ap_return_52_preg                                                                        |    17|   0|    17|          0|
    |ap_return_53_preg                                                                        |    17|   0|    17|          0|
    |ap_return_54_preg                                                                        |    17|   0|    17|          0|
    |ap_return_55_preg                                                                        |    17|   0|    17|          0|
    |ap_return_56_preg                                                                        |    17|   0|    17|          0|
    |ap_return_57_preg                                                                        |    17|   0|    17|          0|
    |ap_return_58_preg                                                                        |    17|   0|    17|          0|
    |ap_return_59_preg                                                                        |    17|   0|    17|          0|
    |ap_return_5_preg                                                                         |    17|   0|    17|          0|
    |ap_return_60_preg                                                                        |    17|   0|    17|          0|
    |ap_return_61_preg                                                                        |    17|   0|    17|          0|
    |ap_return_62_preg                                                                        |    17|   0|    17|          0|
    |ap_return_63_preg                                                                        |    17|   0|    17|          0|
    |ap_return_6_preg                                                                         |    17|   0|    17|          0|
    |ap_return_7_preg                                                                         |    17|   0|    17|          0|
    |ap_return_8_preg                                                                         |    17|   0|    17|          0|
    |ap_return_9_preg                                                                         |    17|   0|    17|          0|
    |data_0_V_load_reg_3429                                                                   |    16|   0|    16|          0|
    |data_10_V_load_reg_3479                                                                  |    16|   0|    16|          0|
    |data_11_V_load_reg_3484                                                                  |    16|   0|    16|          0|
    |data_12_V_load_reg_3489                                                                  |    16|   0|    16|          0|
    |data_13_V_load_reg_3494                                                                  |    16|   0|    16|          0|
    |data_14_V_load_reg_3499                                                                  |    16|   0|    16|          0|
    |data_15_V_load_reg_3504                                                                  |    16|   0|    16|          0|
    |data_16_V_load_reg_3509                                                                  |    16|   0|    16|          0|
    |data_17_V_load_reg_3514                                                                  |    16|   0|    16|          0|
    |data_18_V_load_reg_3519                                                                  |    16|   0|    16|          0|
    |data_19_V_load_reg_3524                                                                  |    16|   0|    16|          0|
    |data_1_V_load_reg_3434                                                                   |    16|   0|    16|          0|
    |data_20_V_load_reg_3529                                                                  |    16|   0|    16|          0|
    |data_21_V_load_reg_3534                                                                  |    16|   0|    16|          0|
    |data_22_V_load_reg_3539                                                                  |    16|   0|    16|          0|
    |data_23_V_load_reg_3544                                                                  |    16|   0|    16|          0|
    |data_24_V_load_reg_3549                                                                  |    16|   0|    16|          0|
    |data_25_V_load_reg_3554                                                                  |    16|   0|    16|          0|
    |data_26_V_load_reg_3559                                                                  |    16|   0|    16|          0|
    |data_27_V_load_reg_3564                                                                  |    16|   0|    16|          0|
    |data_28_V_load_reg_3569                                                                  |    16|   0|    16|          0|
    |data_29_V_load_reg_3574                                                                  |    16|   0|    16|          0|
    |data_2_V_load_reg_3439                                                                   |    16|   0|    16|          0|
    |data_30_V_load_reg_3579                                                                  |    16|   0|    16|          0|
    |data_31_V_load_reg_3584                                                                  |    16|   0|    16|          0|
    |data_32_V_load_reg_3589                                                                  |    16|   0|    16|          0|
    |data_33_V_load_reg_3594                                                                  |    16|   0|    16|          0|
    |data_34_V_load_reg_3599                                                                  |    16|   0|    16|          0|
    |data_35_V_load_reg_3604                                                                  |    16|   0|    16|          0|
    |data_36_V_load_reg_3609                                                                  |    16|   0|    16|          0|
    |data_37_V_load_reg_3614                                                                  |    16|   0|    16|          0|
    |data_38_V_load_reg_3619                                                                  |    16|   0|    16|          0|
    |data_39_V_load_reg_3624                                                                  |    16|   0|    16|          0|
    |data_3_V_load_reg_3444                                                                   |    16|   0|    16|          0|
    |data_40_V_load_reg_3629                                                                  |    16|   0|    16|          0|
    |data_41_V_load_reg_3634                                                                  |    16|   0|    16|          0|
    |data_42_V_load_reg_3639                                                                  |    16|   0|    16|          0|
    |data_43_V_load_reg_3644                                                                  |    16|   0|    16|          0|
    |data_44_V_load_reg_3649                                                                  |    16|   0|    16|          0|
    |data_45_V_load_reg_3654                                                                  |    16|   0|    16|          0|
    |data_46_V_load_reg_3659                                                                  |    16|   0|    16|          0|
    |data_47_V_load_reg_3664                                                                  |    16|   0|    16|          0|
    |data_48_V_load_reg_3669                                                                  |    16|   0|    16|          0|
    |data_49_V_load_reg_3674                                                                  |    16|   0|    16|          0|
    |data_4_V_load_reg_3449                                                                   |    16|   0|    16|          0|
    |data_50_V_load_reg_3679                                                                  |    16|   0|    16|          0|
    |data_51_V_load_reg_3684                                                                  |    16|   0|    16|          0|
    |data_52_V_load_reg_3689                                                                  |    16|   0|    16|          0|
    |data_53_V_load_reg_3694                                                                  |    16|   0|    16|          0|
    |data_54_V_load_reg_3699                                                                  |    16|   0|    16|          0|
    |data_55_V_load_reg_3704                                                                  |    16|   0|    16|          0|
    |data_56_V_load_reg_3709                                                                  |    16|   0|    16|          0|
    |data_57_V_load_reg_3714                                                                  |    16|   0|    16|          0|
    |data_58_V_load_reg_3719                                                                  |    16|   0|    16|          0|
    |data_59_V_load_reg_3724                                                                  |    16|   0|    16|          0|
    |data_5_V_load_reg_3454                                                                   |    16|   0|    16|          0|
    |data_60_V_load_reg_3729                                                                  |    16|   0|    16|          0|
    |data_61_V_load_reg_3734                                                                  |    16|   0|    16|          0|
    |data_62_V_load_reg_3739                                                                  |    16|   0|    16|          0|
    |data_63_V_load_reg_3744                                                                  |    16|   0|    16|          0|
    |data_64_V_load_reg_3749                                                                  |    16|   0|    16|          0|
    |data_65_V_load_reg_3754                                                                  |    16|   0|    16|          0|
    |data_66_V_load_reg_3759                                                                  |    16|   0|    16|          0|
    |data_67_V_load_reg_3764                                                                  |    16|   0|    16|          0|
    |data_68_V_load_reg_3769                                                                  |    16|   0|    16|          0|
    |data_69_V_load_reg_3774                                                                  |    16|   0|    16|          0|
    |data_6_V_load_reg_3459                                                                   |    16|   0|    16|          0|
    |data_7_V_load_reg_3464                                                                   |    16|   0|    16|          0|
    |data_8_V_load_reg_3469                                                                   |    16|   0|    16|          0|
    |data_9_V_load_reg_3474                                                                   |    16|   0|    16|          0|
    |data_in_V_reg_3779                                                                       |  1120|   0|  1120|          0|
    |grp_gru_static_ap_fixed_16_6_5_3_0_ap_fixed_17_4_5_3_0_config2_f_s_fu_2003_ap_start_reg  |     1|   0|     1|          0|
    |i_in_0_reg_1992                                                                          |     7|   0|     7|          0|
    |i_in_reg_3074                                                                            |     7|   0|     7|          0|
    |res_0_V_write_assign_reg_1858                                                            |    17|   0|    17|          0|
    |res_10_V_write_assign_reg_1846                                                           |    17|   0|    17|          0|
    |res_11_V_write_assign_reg_1834                                                           |    17|   0|    17|          0|
    |res_12_V_write_assign_reg_1822                                                           |    17|   0|    17|          0|
    |res_13_V_write_assign_reg_1810                                                           |    17|   0|    17|          0|
    |res_14_V_write_assign_reg_1798                                                           |    17|   0|    17|          0|
    |res_15_V_write_assign_reg_1786                                                           |    17|   0|    17|          0|
    |res_16_V_write_assign_reg_1774                                                           |    17|   0|    17|          0|
    |res_17_V_write_assign_reg_1762                                                           |    17|   0|    17|          0|
    |res_18_V_write_assign_reg_1750                                                           |    17|   0|    17|          0|
    |res_19_V_write_assign_reg_1738                                                           |    17|   0|    17|          0|
    |res_1_V_write_assign_reg_1870                                                            |    17|   0|    17|          0|
    |res_20_V_write_assign_reg_1726                                                           |    17|   0|    17|          0|
    |res_21_V_write_assign_reg_1714                                                           |    17|   0|    17|          0|
    |res_22_V_write_assign_reg_1702                                                           |    17|   0|    17|          0|
    |res_23_V_write_assign_reg_1690                                                           |    17|   0|    17|          0|
    |res_24_V_write_assign_reg_1678                                                           |    17|   0|    17|          0|
    |res_25_V_write_assign_reg_1666                                                           |    17|   0|    17|          0|
    |res_26_V_write_assign_reg_1654                                                           |    17|   0|    17|          0|
    |res_27_V_write_assign_reg_1642                                                           |    17|   0|    17|          0|
    |res_28_V_write_assign_reg_1630                                                           |    17|   0|    17|          0|
    |res_29_V_write_assign_reg_1618                                                           |    17|   0|    17|          0|
    |res_2_V_write_assign_reg_1882                                                            |    17|   0|    17|          0|
    |res_30_V_write_assign_reg_1606                                                           |    17|   0|    17|          0|
    |res_31_V_write_assign_reg_1594                                                           |    17|   0|    17|          0|
    |res_32_V_write_assign_reg_1582                                                           |    17|   0|    17|          0|
    |res_33_V_write_assign_reg_1570                                                           |    17|   0|    17|          0|
    |res_34_V_write_assign_reg_1558                                                           |    17|   0|    17|          0|
    |res_35_V_write_assign_reg_1546                                                           |    17|   0|    17|          0|
    |res_36_V_write_assign_reg_1534                                                           |    17|   0|    17|          0|
    |res_37_V_write_assign_reg_1522                                                           |    17|   0|    17|          0|
    |res_38_V_write_assign_reg_1510                                                           |    17|   0|    17|          0|
    |res_39_V_write_assign_reg_1498                                                           |    17|   0|    17|          0|
    |res_3_V_write_assign_reg_1894                                                            |    17|   0|    17|          0|
    |res_40_V_write_assign_reg_1486                                                           |    17|   0|    17|          0|
    |res_41_V_write_assign_reg_1474                                                           |    17|   0|    17|          0|
    |res_42_V_write_assign_reg_1462                                                           |    17|   0|    17|          0|
    |res_43_V_write_assign_reg_1450                                                           |    17|   0|    17|          0|
    |res_44_V_write_assign_reg_1438                                                           |    17|   0|    17|          0|
    |res_45_V_write_assign_reg_1426                                                           |    17|   0|    17|          0|
    |res_46_V_write_assign_reg_1414                                                           |    17|   0|    17|          0|
    |res_47_V_write_assign_reg_1402                                                           |    17|   0|    17|          0|
    |res_48_V_write_assign_reg_1390                                                           |    17|   0|    17|          0|
    |res_49_V_write_assign_reg_1378                                                           |    17|   0|    17|          0|
    |res_4_V_write_assign_reg_1906                                                            |    17|   0|    17|          0|
    |res_50_V_write_assign_reg_1366                                                           |    17|   0|    17|          0|
    |res_51_V_write_assign_reg_1354                                                           |    17|   0|    17|          0|
    |res_52_V_write_assign_reg_1342                                                           |    17|   0|    17|          0|
    |res_53_V_write_assign_reg_1330                                                           |    17|   0|    17|          0|
    |res_54_V_write_assign_reg_1318                                                           |    17|   0|    17|          0|
    |res_55_V_write_assign_reg_1306                                                           |    17|   0|    17|          0|
    |res_56_V_write_assign_reg_1294                                                           |    17|   0|    17|          0|
    |res_57_V_write_assign_reg_1282                                                           |    17|   0|    17|          0|
    |res_58_V_write_assign_reg_1270                                                           |    17|   0|    17|          0|
    |res_59_V_write_assign_reg_1258                                                           |    17|   0|    17|          0|
    |res_5_V_write_assign_reg_1918                                                            |    17|   0|    17|          0|
    |res_60_V_write_assign_reg_1246                                                           |    17|   0|    17|          0|
    |res_61_V_write_assign_reg_1234                                                           |    17|   0|    17|          0|
    |res_62_V_write_assign_reg_1222                                                           |    17|   0|    17|          0|
    |res_63_V_write_assign_reg_1210                                                           |    17|   0|    17|          0|
    |res_6_V_write_assign_reg_1930                                                            |    17|   0|    17|          0|
    |res_7_V_write_assign_reg_1942                                                            |    17|   0|    17|          0|
    |res_8_V_write_assign_reg_1954                                                            |    17|   0|    17|          0|
    |res_9_V_write_assign_reg_1966                                                            |    17|   0|    17|          0|
    |reset_state_0_reg_1978                                                                   |     1|   0|     1|          0|
    +-----------------------------------------------------------------------------------------+------+----+------+-----------+
    |Total                                                                                    |  4437|   0|  4437|          0|
    +-----------------------------------------------------------------------------------------+------+----+------+-----------+



================================================================
== Interface
================================================================
* Summary: 
+--------------------+-----+-----+------------+----------------------------------------------------------------------+--------------+
|      RTL Ports     | Dir | Bits|  Protocol  |                             Source Object                            |    C Type    |
+--------------------+-----+-----+------------+----------------------------------------------------------------------+--------------+
|ap_clk              |  in |    1| ap_ctrl_hs | gru_stack_for_bidirectional<ap_fixed,ap_fixed<17,4,5,3,0>,config2_f> | return value |
|ap_rst              |  in |    1| ap_ctrl_hs | gru_stack_for_bidirectional<ap_fixed,ap_fixed<17,4,5,3,0>,config2_f> | return value |
|ap_start            |  in |    1| ap_ctrl_hs | gru_stack_for_bidirectional<ap_fixed,ap_fixed<17,4,5,3,0>,config2_f> | return value |
|ap_done             | out |    1| ap_ctrl_hs | gru_stack_for_bidirectional<ap_fixed,ap_fixed<17,4,5,3,0>,config2_f> | return value |
|ap_idle             | out |    1| ap_ctrl_hs | gru_stack_for_bidirectional<ap_fixed,ap_fixed<17,4,5,3,0>,config2_f> | return value |
|ap_ready            | out |    1| ap_ctrl_hs | gru_stack_for_bidirectional<ap_fixed,ap_fixed<17,4,5,3,0>,config2_f> | return value |
|ap_return_0         | out |   17| ap_ctrl_hs | gru_stack_for_bidirectional<ap_fixed,ap_fixed<17,4,5,3,0>,config2_f> | return value |
|ap_return_1         | out |   17| ap_ctrl_hs | gru_stack_for_bidirectional<ap_fixed,ap_fixed<17,4,5,3,0>,config2_f> | return value |
|ap_return_2         | out |   17| ap_ctrl_hs | gru_stack_for_bidirectional<ap_fixed,ap_fixed<17,4,5,3,0>,config2_f> | return value |
|ap_return_3         | out |   17| ap_ctrl_hs | gru_stack_for_bidirectional<ap_fixed,ap_fixed<17,4,5,3,0>,config2_f> | return value |
|ap_return_4         | out |   17| ap_ctrl_hs | gru_stack_for_bidirectional<ap_fixed,ap_fixed<17,4,5,3,0>,config2_f> | return value |
|ap_return_5         | out |   17| ap_ctrl_hs | gru_stack_for_bidirectional<ap_fixed,ap_fixed<17,4,5,3,0>,config2_f> | return value |
|ap_return_6         | out |   17| ap_ctrl_hs | gru_stack_for_bidirectional<ap_fixed,ap_fixed<17,4,5,3,0>,config2_f> | return value |
|ap_return_7         | out |   17| ap_ctrl_hs | gru_stack_for_bidirectional<ap_fixed,ap_fixed<17,4,5,3,0>,config2_f> | return value |
|ap_return_8         | out |   17| ap_ctrl_hs | gru_stack_for_bidirectional<ap_fixed,ap_fixed<17,4,5,3,0>,config2_f> | return value |
|ap_return_9         | out |   17| ap_ctrl_hs | gru_stack_for_bidirectional<ap_fixed,ap_fixed<17,4,5,3,0>,config2_f> | return value |
|ap_return_10        | out |   17| ap_ctrl_hs | gru_stack_for_bidirectional<ap_fixed,ap_fixed<17,4,5,3,0>,config2_f> | return value |
|ap_return_11        | out |   17| ap_ctrl_hs | gru_stack_for_bidirectional<ap_fixed,ap_fixed<17,4,5,3,0>,config2_f> | return value |
|ap_return_12        | out |   17| ap_ctrl_hs | gru_stack_for_bidirectional<ap_fixed,ap_fixed<17,4,5,3,0>,config2_f> | return value |
|ap_return_13        | out |   17| ap_ctrl_hs | gru_stack_for_bidirectional<ap_fixed,ap_fixed<17,4,5,3,0>,config2_f> | return value |
|ap_return_14        | out |   17| ap_ctrl_hs | gru_stack_for_bidirectional<ap_fixed,ap_fixed<17,4,5,3,0>,config2_f> | return value |
|ap_return_15        | out |   17| ap_ctrl_hs | gru_stack_for_bidirectional<ap_fixed,ap_fixed<17,4,5,3,0>,config2_f> | return value |
|ap_return_16        | out |   17| ap_ctrl_hs | gru_stack_for_bidirectional<ap_fixed,ap_fixed<17,4,5,3,0>,config2_f> | return value |
|ap_return_17        | out |   17| ap_ctrl_hs | gru_stack_for_bidirectional<ap_fixed,ap_fixed<17,4,5,3,0>,config2_f> | return value |
|ap_return_18        | out |   17| ap_ctrl_hs | gru_stack_for_bidirectional<ap_fixed,ap_fixed<17,4,5,3,0>,config2_f> | return value |
|ap_return_19        | out |   17| ap_ctrl_hs | gru_stack_for_bidirectional<ap_fixed,ap_fixed<17,4,5,3,0>,config2_f> | return value |
|ap_return_20        | out |   17| ap_ctrl_hs | gru_stack_for_bidirectional<ap_fixed,ap_fixed<17,4,5,3,0>,config2_f> | return value |
|ap_return_21        | out |   17| ap_ctrl_hs | gru_stack_for_bidirectional<ap_fixed,ap_fixed<17,4,5,3,0>,config2_f> | return value |
|ap_return_22        | out |   17| ap_ctrl_hs | gru_stack_for_bidirectional<ap_fixed,ap_fixed<17,4,5,3,0>,config2_f> | return value |
|ap_return_23        | out |   17| ap_ctrl_hs | gru_stack_for_bidirectional<ap_fixed,ap_fixed<17,4,5,3,0>,config2_f> | return value |
|ap_return_24        | out |   17| ap_ctrl_hs | gru_stack_for_bidirectional<ap_fixed,ap_fixed<17,4,5,3,0>,config2_f> | return value |
|ap_return_25        | out |   17| ap_ctrl_hs | gru_stack_for_bidirectional<ap_fixed,ap_fixed<17,4,5,3,0>,config2_f> | return value |
|ap_return_26        | out |   17| ap_ctrl_hs | gru_stack_for_bidirectional<ap_fixed,ap_fixed<17,4,5,3,0>,config2_f> | return value |
|ap_return_27        | out |   17| ap_ctrl_hs | gru_stack_for_bidirectional<ap_fixed,ap_fixed<17,4,5,3,0>,config2_f> | return value |
|ap_return_28        | out |   17| ap_ctrl_hs | gru_stack_for_bidirectional<ap_fixed,ap_fixed<17,4,5,3,0>,config2_f> | return value |
|ap_return_29        | out |   17| ap_ctrl_hs | gru_stack_for_bidirectional<ap_fixed,ap_fixed<17,4,5,3,0>,config2_f> | return value |
|ap_return_30        | out |   17| ap_ctrl_hs | gru_stack_for_bidirectional<ap_fixed,ap_fixed<17,4,5,3,0>,config2_f> | return value |
|ap_return_31        | out |   17| ap_ctrl_hs | gru_stack_for_bidirectional<ap_fixed,ap_fixed<17,4,5,3,0>,config2_f> | return value |
|ap_return_32        | out |   17| ap_ctrl_hs | gru_stack_for_bidirectional<ap_fixed,ap_fixed<17,4,5,3,0>,config2_f> | return value |
|ap_return_33        | out |   17| ap_ctrl_hs | gru_stack_for_bidirectional<ap_fixed,ap_fixed<17,4,5,3,0>,config2_f> | return value |
|ap_return_34        | out |   17| ap_ctrl_hs | gru_stack_for_bidirectional<ap_fixed,ap_fixed<17,4,5,3,0>,config2_f> | return value |
|ap_return_35        | out |   17| ap_ctrl_hs | gru_stack_for_bidirectional<ap_fixed,ap_fixed<17,4,5,3,0>,config2_f> | return value |
|ap_return_36        | out |   17| ap_ctrl_hs | gru_stack_for_bidirectional<ap_fixed,ap_fixed<17,4,5,3,0>,config2_f> | return value |
|ap_return_37        | out |   17| ap_ctrl_hs | gru_stack_for_bidirectional<ap_fixed,ap_fixed<17,4,5,3,0>,config2_f> | return value |
|ap_return_38        | out |   17| ap_ctrl_hs | gru_stack_for_bidirectional<ap_fixed,ap_fixed<17,4,5,3,0>,config2_f> | return value |
|ap_return_39        | out |   17| ap_ctrl_hs | gru_stack_for_bidirectional<ap_fixed,ap_fixed<17,4,5,3,0>,config2_f> | return value |
|ap_return_40        | out |   17| ap_ctrl_hs | gru_stack_for_bidirectional<ap_fixed,ap_fixed<17,4,5,3,0>,config2_f> | return value |
|ap_return_41        | out |   17| ap_ctrl_hs | gru_stack_for_bidirectional<ap_fixed,ap_fixed<17,4,5,3,0>,config2_f> | return value |
|ap_return_42        | out |   17| ap_ctrl_hs | gru_stack_for_bidirectional<ap_fixed,ap_fixed<17,4,5,3,0>,config2_f> | return value |
|ap_return_43        | out |   17| ap_ctrl_hs | gru_stack_for_bidirectional<ap_fixed,ap_fixed<17,4,5,3,0>,config2_f> | return value |
|ap_return_44        | out |   17| ap_ctrl_hs | gru_stack_for_bidirectional<ap_fixed,ap_fixed<17,4,5,3,0>,config2_f> | return value |
|ap_return_45        | out |   17| ap_ctrl_hs | gru_stack_for_bidirectional<ap_fixed,ap_fixed<17,4,5,3,0>,config2_f> | return value |
|ap_return_46        | out |   17| ap_ctrl_hs | gru_stack_for_bidirectional<ap_fixed,ap_fixed<17,4,5,3,0>,config2_f> | return value |
|ap_return_47        | out |   17| ap_ctrl_hs | gru_stack_for_bidirectional<ap_fixed,ap_fixed<17,4,5,3,0>,config2_f> | return value |
|ap_return_48        | out |   17| ap_ctrl_hs | gru_stack_for_bidirectional<ap_fixed,ap_fixed<17,4,5,3,0>,config2_f> | return value |
|ap_return_49        | out |   17| ap_ctrl_hs | gru_stack_for_bidirectional<ap_fixed,ap_fixed<17,4,5,3,0>,config2_f> | return value |
|ap_return_50        | out |   17| ap_ctrl_hs | gru_stack_for_bidirectional<ap_fixed,ap_fixed<17,4,5,3,0>,config2_f> | return value |
|ap_return_51        | out |   17| ap_ctrl_hs | gru_stack_for_bidirectional<ap_fixed,ap_fixed<17,4,5,3,0>,config2_f> | return value |
|ap_return_52        | out |   17| ap_ctrl_hs | gru_stack_for_bidirectional<ap_fixed,ap_fixed<17,4,5,3,0>,config2_f> | return value |
|ap_return_53        | out |   17| ap_ctrl_hs | gru_stack_for_bidirectional<ap_fixed,ap_fixed<17,4,5,3,0>,config2_f> | return value |
|ap_return_54        | out |   17| ap_ctrl_hs | gru_stack_for_bidirectional<ap_fixed,ap_fixed<17,4,5,3,0>,config2_f> | return value |
|ap_return_55        | out |   17| ap_ctrl_hs | gru_stack_for_bidirectional<ap_fixed,ap_fixed<17,4,5,3,0>,config2_f> | return value |
|ap_return_56        | out |   17| ap_ctrl_hs | gru_stack_for_bidirectional<ap_fixed,ap_fixed<17,4,5,3,0>,config2_f> | return value |
|ap_return_57        | out |   17| ap_ctrl_hs | gru_stack_for_bidirectional<ap_fixed,ap_fixed<17,4,5,3,0>,config2_f> | return value |
|ap_return_58        | out |   17| ap_ctrl_hs | gru_stack_for_bidirectional<ap_fixed,ap_fixed<17,4,5,3,0>,config2_f> | return value |
|ap_return_59        | out |   17| ap_ctrl_hs | gru_stack_for_bidirectional<ap_fixed,ap_fixed<17,4,5,3,0>,config2_f> | return value |
|ap_return_60        | out |   17| ap_ctrl_hs | gru_stack_for_bidirectional<ap_fixed,ap_fixed<17,4,5,3,0>,config2_f> | return value |
|ap_return_61        | out |   17| ap_ctrl_hs | gru_stack_for_bidirectional<ap_fixed,ap_fixed<17,4,5,3,0>,config2_f> | return value |
|ap_return_62        | out |   17| ap_ctrl_hs | gru_stack_for_bidirectional<ap_fixed,ap_fixed<17,4,5,3,0>,config2_f> | return value |
|ap_return_63        | out |   17| ap_ctrl_hs | gru_stack_for_bidirectional<ap_fixed,ap_fixed<17,4,5,3,0>,config2_f> | return value |
|data_0_V_address0   | out |    7|  ap_memory |                               data_0_V                               |     array    |
|data_0_V_ce0        | out |    1|  ap_memory |                               data_0_V                               |     array    |
|data_0_V_q0         |  in |   16|  ap_memory |                               data_0_V                               |     array    |
|data_1_V_address0   | out |    7|  ap_memory |                               data_1_V                               |     array    |
|data_1_V_ce0        | out |    1|  ap_memory |                               data_1_V                               |     array    |
|data_1_V_q0         |  in |   16|  ap_memory |                               data_1_V                               |     array    |
|data_2_V_address0   | out |    7|  ap_memory |                               data_2_V                               |     array    |
|data_2_V_ce0        | out |    1|  ap_memory |                               data_2_V                               |     array    |
|data_2_V_q0         |  in |   16|  ap_memory |                               data_2_V                               |     array    |
|data_3_V_address0   | out |    7|  ap_memory |                               data_3_V                               |     array    |
|data_3_V_ce0        | out |    1|  ap_memory |                               data_3_V                               |     array    |
|data_3_V_q0         |  in |   16|  ap_memory |                               data_3_V                               |     array    |
|data_4_V_address0   | out |    7|  ap_memory |                               data_4_V                               |     array    |
|data_4_V_ce0        | out |    1|  ap_memory |                               data_4_V                               |     array    |
|data_4_V_q0         |  in |   16|  ap_memory |                               data_4_V                               |     array    |
|data_5_V_address0   | out |    7|  ap_memory |                               data_5_V                               |     array    |
|data_5_V_ce0        | out |    1|  ap_memory |                               data_5_V                               |     array    |
|data_5_V_q0         |  in |   16|  ap_memory |                               data_5_V                               |     array    |
|data_6_V_address0   | out |    7|  ap_memory |                               data_6_V                               |     array    |
|data_6_V_ce0        | out |    1|  ap_memory |                               data_6_V                               |     array    |
|data_6_V_q0         |  in |   16|  ap_memory |                               data_6_V                               |     array    |
|data_7_V_address0   | out |    7|  ap_memory |                               data_7_V                               |     array    |
|data_7_V_ce0        | out |    1|  ap_memory |                               data_7_V                               |     array    |
|data_7_V_q0         |  in |   16|  ap_memory |                               data_7_V                               |     array    |
|data_8_V_address0   | out |    7|  ap_memory |                               data_8_V                               |     array    |
|data_8_V_ce0        | out |    1|  ap_memory |                               data_8_V                               |     array    |
|data_8_V_q0         |  in |   16|  ap_memory |                               data_8_V                               |     array    |
|data_9_V_address0   | out |    7|  ap_memory |                               data_9_V                               |     array    |
|data_9_V_ce0        | out |    1|  ap_memory |                               data_9_V                               |     array    |
|data_9_V_q0         |  in |   16|  ap_memory |                               data_9_V                               |     array    |
|data_10_V_address0  | out |    7|  ap_memory |                               data_10_V                              |     array    |
|data_10_V_ce0       | out |    1|  ap_memory |                               data_10_V                              |     array    |
|data_10_V_q0        |  in |   16|  ap_memory |                               data_10_V                              |     array    |
|data_11_V_address0  | out |    7|  ap_memory |                               data_11_V                              |     array    |
|data_11_V_ce0       | out |    1|  ap_memory |                               data_11_V                              |     array    |
|data_11_V_q0        |  in |   16|  ap_memory |                               data_11_V                              |     array    |
|data_12_V_address0  | out |    7|  ap_memory |                               data_12_V                              |     array    |
|data_12_V_ce0       | out |    1|  ap_memory |                               data_12_V                              |     array    |
|data_12_V_q0        |  in |   16|  ap_memory |                               data_12_V                              |     array    |
|data_13_V_address0  | out |    7|  ap_memory |                               data_13_V                              |     array    |
|data_13_V_ce0       | out |    1|  ap_memory |                               data_13_V                              |     array    |
|data_13_V_q0        |  in |   16|  ap_memory |                               data_13_V                              |     array    |
|data_14_V_address0  | out |    7|  ap_memory |                               data_14_V                              |     array    |
|data_14_V_ce0       | out |    1|  ap_memory |                               data_14_V                              |     array    |
|data_14_V_q0        |  in |   16|  ap_memory |                               data_14_V                              |     array    |
|data_15_V_address0  | out |    7|  ap_memory |                               data_15_V                              |     array    |
|data_15_V_ce0       | out |    1|  ap_memory |                               data_15_V                              |     array    |
|data_15_V_q0        |  in |   16|  ap_memory |                               data_15_V                              |     array    |
|data_16_V_address0  | out |    7|  ap_memory |                               data_16_V                              |     array    |
|data_16_V_ce0       | out |    1|  ap_memory |                               data_16_V                              |     array    |
|data_16_V_q0        |  in |   16|  ap_memory |                               data_16_V                              |     array    |
|data_17_V_address0  | out |    7|  ap_memory |                               data_17_V                              |     array    |
|data_17_V_ce0       | out |    1|  ap_memory |                               data_17_V                              |     array    |
|data_17_V_q0        |  in |   16|  ap_memory |                               data_17_V                              |     array    |
|data_18_V_address0  | out |    7|  ap_memory |                               data_18_V                              |     array    |
|data_18_V_ce0       | out |    1|  ap_memory |                               data_18_V                              |     array    |
|data_18_V_q0        |  in |   16|  ap_memory |                               data_18_V                              |     array    |
|data_19_V_address0  | out |    7|  ap_memory |                               data_19_V                              |     array    |
|data_19_V_ce0       | out |    1|  ap_memory |                               data_19_V                              |     array    |
|data_19_V_q0        |  in |   16|  ap_memory |                               data_19_V                              |     array    |
|data_20_V_address0  | out |    7|  ap_memory |                               data_20_V                              |     array    |
|data_20_V_ce0       | out |    1|  ap_memory |                               data_20_V                              |     array    |
|data_20_V_q0        |  in |   16|  ap_memory |                               data_20_V                              |     array    |
|data_21_V_address0  | out |    7|  ap_memory |                               data_21_V                              |     array    |
|data_21_V_ce0       | out |    1|  ap_memory |                               data_21_V                              |     array    |
|data_21_V_q0        |  in |   16|  ap_memory |                               data_21_V                              |     array    |
|data_22_V_address0  | out |    7|  ap_memory |                               data_22_V                              |     array    |
|data_22_V_ce0       | out |    1|  ap_memory |                               data_22_V                              |     array    |
|data_22_V_q0        |  in |   16|  ap_memory |                               data_22_V                              |     array    |
|data_23_V_address0  | out |    7|  ap_memory |                               data_23_V                              |     array    |
|data_23_V_ce0       | out |    1|  ap_memory |                               data_23_V                              |     array    |
|data_23_V_q0        |  in |   16|  ap_memory |                               data_23_V                              |     array    |
|data_24_V_address0  | out |    7|  ap_memory |                               data_24_V                              |     array    |
|data_24_V_ce0       | out |    1|  ap_memory |                               data_24_V                              |     array    |
|data_24_V_q0        |  in |   16|  ap_memory |                               data_24_V                              |     array    |
|data_25_V_address0  | out |    7|  ap_memory |                               data_25_V                              |     array    |
|data_25_V_ce0       | out |    1|  ap_memory |                               data_25_V                              |     array    |
|data_25_V_q0        |  in |   16|  ap_memory |                               data_25_V                              |     array    |
|data_26_V_address0  | out |    7|  ap_memory |                               data_26_V                              |     array    |
|data_26_V_ce0       | out |    1|  ap_memory |                               data_26_V                              |     array    |
|data_26_V_q0        |  in |   16|  ap_memory |                               data_26_V                              |     array    |
|data_27_V_address0  | out |    7|  ap_memory |                               data_27_V                              |     array    |
|data_27_V_ce0       | out |    1|  ap_memory |                               data_27_V                              |     array    |
|data_27_V_q0        |  in |   16|  ap_memory |                               data_27_V                              |     array    |
|data_28_V_address0  | out |    7|  ap_memory |                               data_28_V                              |     array    |
|data_28_V_ce0       | out |    1|  ap_memory |                               data_28_V                              |     array    |
|data_28_V_q0        |  in |   16|  ap_memory |                               data_28_V                              |     array    |
|data_29_V_address0  | out |    7|  ap_memory |                               data_29_V                              |     array    |
|data_29_V_ce0       | out |    1|  ap_memory |                               data_29_V                              |     array    |
|data_29_V_q0        |  in |   16|  ap_memory |                               data_29_V                              |     array    |
|data_30_V_address0  | out |    7|  ap_memory |                               data_30_V                              |     array    |
|data_30_V_ce0       | out |    1|  ap_memory |                               data_30_V                              |     array    |
|data_30_V_q0        |  in |   16|  ap_memory |                               data_30_V                              |     array    |
|data_31_V_address0  | out |    7|  ap_memory |                               data_31_V                              |     array    |
|data_31_V_ce0       | out |    1|  ap_memory |                               data_31_V                              |     array    |
|data_31_V_q0        |  in |   16|  ap_memory |                               data_31_V                              |     array    |
|data_32_V_address0  | out |    7|  ap_memory |                               data_32_V                              |     array    |
|data_32_V_ce0       | out |    1|  ap_memory |                               data_32_V                              |     array    |
|data_32_V_q0        |  in |   16|  ap_memory |                               data_32_V                              |     array    |
|data_33_V_address0  | out |    7|  ap_memory |                               data_33_V                              |     array    |
|data_33_V_ce0       | out |    1|  ap_memory |                               data_33_V                              |     array    |
|data_33_V_q0        |  in |   16|  ap_memory |                               data_33_V                              |     array    |
|data_34_V_address0  | out |    7|  ap_memory |                               data_34_V                              |     array    |
|data_34_V_ce0       | out |    1|  ap_memory |                               data_34_V                              |     array    |
|data_34_V_q0        |  in |   16|  ap_memory |                               data_34_V                              |     array    |
|data_35_V_address0  | out |    7|  ap_memory |                               data_35_V                              |     array    |
|data_35_V_ce0       | out |    1|  ap_memory |                               data_35_V                              |     array    |
|data_35_V_q0        |  in |   16|  ap_memory |                               data_35_V                              |     array    |
|data_36_V_address0  | out |    7|  ap_memory |                               data_36_V                              |     array    |
|data_36_V_ce0       | out |    1|  ap_memory |                               data_36_V                              |     array    |
|data_36_V_q0        |  in |   16|  ap_memory |                               data_36_V                              |     array    |
|data_37_V_address0  | out |    7|  ap_memory |                               data_37_V                              |     array    |
|data_37_V_ce0       | out |    1|  ap_memory |                               data_37_V                              |     array    |
|data_37_V_q0        |  in |   16|  ap_memory |                               data_37_V                              |     array    |
|data_38_V_address0  | out |    7|  ap_memory |                               data_38_V                              |     array    |
|data_38_V_ce0       | out |    1|  ap_memory |                               data_38_V                              |     array    |
|data_38_V_q0        |  in |   16|  ap_memory |                               data_38_V                              |     array    |
|data_39_V_address0  | out |    7|  ap_memory |                               data_39_V                              |     array    |
|data_39_V_ce0       | out |    1|  ap_memory |                               data_39_V                              |     array    |
|data_39_V_q0        |  in |   16|  ap_memory |                               data_39_V                              |     array    |
|data_40_V_address0  | out |    7|  ap_memory |                               data_40_V                              |     array    |
|data_40_V_ce0       | out |    1|  ap_memory |                               data_40_V                              |     array    |
|data_40_V_q0        |  in |   16|  ap_memory |                               data_40_V                              |     array    |
|data_41_V_address0  | out |    7|  ap_memory |                               data_41_V                              |     array    |
|data_41_V_ce0       | out |    1|  ap_memory |                               data_41_V                              |     array    |
|data_41_V_q0        |  in |   16|  ap_memory |                               data_41_V                              |     array    |
|data_42_V_address0  | out |    7|  ap_memory |                               data_42_V                              |     array    |
|data_42_V_ce0       | out |    1|  ap_memory |                               data_42_V                              |     array    |
|data_42_V_q0        |  in |   16|  ap_memory |                               data_42_V                              |     array    |
|data_43_V_address0  | out |    7|  ap_memory |                               data_43_V                              |     array    |
|data_43_V_ce0       | out |    1|  ap_memory |                               data_43_V                              |     array    |
|data_43_V_q0        |  in |   16|  ap_memory |                               data_43_V                              |     array    |
|data_44_V_address0  | out |    7|  ap_memory |                               data_44_V                              |     array    |
|data_44_V_ce0       | out |    1|  ap_memory |                               data_44_V                              |     array    |
|data_44_V_q0        |  in |   16|  ap_memory |                               data_44_V                              |     array    |
|data_45_V_address0  | out |    7|  ap_memory |                               data_45_V                              |     array    |
|data_45_V_ce0       | out |    1|  ap_memory |                               data_45_V                              |     array    |
|data_45_V_q0        |  in |   16|  ap_memory |                               data_45_V                              |     array    |
|data_46_V_address0  | out |    7|  ap_memory |                               data_46_V                              |     array    |
|data_46_V_ce0       | out |    1|  ap_memory |                               data_46_V                              |     array    |
|data_46_V_q0        |  in |   16|  ap_memory |                               data_46_V                              |     array    |
|data_47_V_address0  | out |    7|  ap_memory |                               data_47_V                              |     array    |
|data_47_V_ce0       | out |    1|  ap_memory |                               data_47_V                              |     array    |
|data_47_V_q0        |  in |   16|  ap_memory |                               data_47_V                              |     array    |
|data_48_V_address0  | out |    7|  ap_memory |                               data_48_V                              |     array    |
|data_48_V_ce0       | out |    1|  ap_memory |                               data_48_V                              |     array    |
|data_48_V_q0        |  in |   16|  ap_memory |                               data_48_V                              |     array    |
|data_49_V_address0  | out |    7|  ap_memory |                               data_49_V                              |     array    |
|data_49_V_ce0       | out |    1|  ap_memory |                               data_49_V                              |     array    |
|data_49_V_q0        |  in |   16|  ap_memory |                               data_49_V                              |     array    |
|data_50_V_address0  | out |    7|  ap_memory |                               data_50_V                              |     array    |
|data_50_V_ce0       | out |    1|  ap_memory |                               data_50_V                              |     array    |
|data_50_V_q0        |  in |   16|  ap_memory |                               data_50_V                              |     array    |
|data_51_V_address0  | out |    7|  ap_memory |                               data_51_V                              |     array    |
|data_51_V_ce0       | out |    1|  ap_memory |                               data_51_V                              |     array    |
|data_51_V_q0        |  in |   16|  ap_memory |                               data_51_V                              |     array    |
|data_52_V_address0  | out |    7|  ap_memory |                               data_52_V                              |     array    |
|data_52_V_ce0       | out |    1|  ap_memory |                               data_52_V                              |     array    |
|data_52_V_q0        |  in |   16|  ap_memory |                               data_52_V                              |     array    |
|data_53_V_address0  | out |    7|  ap_memory |                               data_53_V                              |     array    |
|data_53_V_ce0       | out |    1|  ap_memory |                               data_53_V                              |     array    |
|data_53_V_q0        |  in |   16|  ap_memory |                               data_53_V                              |     array    |
|data_54_V_address0  | out |    7|  ap_memory |                               data_54_V                              |     array    |
|data_54_V_ce0       | out |    1|  ap_memory |                               data_54_V                              |     array    |
|data_54_V_q0        |  in |   16|  ap_memory |                               data_54_V                              |     array    |
|data_55_V_address0  | out |    7|  ap_memory |                               data_55_V                              |     array    |
|data_55_V_ce0       | out |    1|  ap_memory |                               data_55_V                              |     array    |
|data_55_V_q0        |  in |   16|  ap_memory |                               data_55_V                              |     array    |
|data_56_V_address0  | out |    7|  ap_memory |                               data_56_V                              |     array    |
|data_56_V_ce0       | out |    1|  ap_memory |                               data_56_V                              |     array    |
|data_56_V_q0        |  in |   16|  ap_memory |                               data_56_V                              |     array    |
|data_57_V_address0  | out |    7|  ap_memory |                               data_57_V                              |     array    |
|data_57_V_ce0       | out |    1|  ap_memory |                               data_57_V                              |     array    |
|data_57_V_q0        |  in |   16|  ap_memory |                               data_57_V                              |     array    |
|data_58_V_address0  | out |    7|  ap_memory |                               data_58_V                              |     array    |
|data_58_V_ce0       | out |    1|  ap_memory |                               data_58_V                              |     array    |
|data_58_V_q0        |  in |   16|  ap_memory |                               data_58_V                              |     array    |
|data_59_V_address0  | out |    7|  ap_memory |                               data_59_V                              |     array    |
|data_59_V_ce0       | out |    1|  ap_memory |                               data_59_V                              |     array    |
|data_59_V_q0        |  in |   16|  ap_memory |                               data_59_V                              |     array    |
|data_60_V_address0  | out |    7|  ap_memory |                               data_60_V                              |     array    |
|data_60_V_ce0       | out |    1|  ap_memory |                               data_60_V                              |     array    |
|data_60_V_q0        |  in |   16|  ap_memory |                               data_60_V                              |     array    |
|data_61_V_address0  | out |    7|  ap_memory |                               data_61_V                              |     array    |
|data_61_V_ce0       | out |    1|  ap_memory |                               data_61_V                              |     array    |
|data_61_V_q0        |  in |   16|  ap_memory |                               data_61_V                              |     array    |
|data_62_V_address0  | out |    7|  ap_memory |                               data_62_V                              |     array    |
|data_62_V_ce0       | out |    1|  ap_memory |                               data_62_V                              |     array    |
|data_62_V_q0        |  in |   16|  ap_memory |                               data_62_V                              |     array    |
|data_63_V_address0  | out |    7|  ap_memory |                               data_63_V                              |     array    |
|data_63_V_ce0       | out |    1|  ap_memory |                               data_63_V                              |     array    |
|data_63_V_q0        |  in |   16|  ap_memory |                               data_63_V                              |     array    |
|data_64_V_address0  | out |    7|  ap_memory |                               data_64_V                              |     array    |
|data_64_V_ce0       | out |    1|  ap_memory |                               data_64_V                              |     array    |
|data_64_V_q0        |  in |   16|  ap_memory |                               data_64_V                              |     array    |
|data_65_V_address0  | out |    7|  ap_memory |                               data_65_V                              |     array    |
|data_65_V_ce0       | out |    1|  ap_memory |                               data_65_V                              |     array    |
|data_65_V_q0        |  in |   16|  ap_memory |                               data_65_V                              |     array    |
|data_66_V_address0  | out |    7|  ap_memory |                               data_66_V                              |     array    |
|data_66_V_ce0       | out |    1|  ap_memory |                               data_66_V                              |     array    |
|data_66_V_q0        |  in |   16|  ap_memory |                               data_66_V                              |     array    |
|data_67_V_address0  | out |    7|  ap_memory |                               data_67_V                              |     array    |
|data_67_V_ce0       | out |    1|  ap_memory |                               data_67_V                              |     array    |
|data_67_V_q0        |  in |   16|  ap_memory |                               data_67_V                              |     array    |
|data_68_V_address0  | out |    7|  ap_memory |                               data_68_V                              |     array    |
|data_68_V_ce0       | out |    1|  ap_memory |                               data_68_V                              |     array    |
|data_68_V_q0        |  in |   16|  ap_memory |                               data_68_V                              |     array    |
|data_69_V_address0  | out |    7|  ap_memory |                               data_69_V                              |     array    |
|data_69_V_ce0       | out |    1|  ap_memory |                               data_69_V                              |     array    |
|data_69_V_q0        |  in |   16|  ap_memory |                               data_69_V                              |     array    |
+--------------------+-----+-----+------------+----------------------------------------------------------------------+--------------+

