

================================================================
== Vivado HLS Report for 'linear_ap_fixed_16_6_5_3_0_ap_fixed_18_8_4_0_0_linear_config12_s'
================================================================
* Date:           Wed Oct 25 04:19:07 2023

* Version:        2019.2 (Build 2704478 on Wed Nov 06 22:10:23 MST 2019)
* Project:        alveo_hls4ml
* Solution:       solution
* Product family: virtexuplus
* Target device:  xcu50-fsvh2104-2L-e


================================================================
== Performance Estimates
================================================================
+ Timing: 
    * Summary: 
    +--------+---------+----------+------------+
    |  Clock |  Target | Estimated| Uncertainty|
    +--------+---------+----------+------------+
    |ap_clk  | 4.00 ns | 2.916 ns |   0.90 ns  |
    +--------+---------+----------+------------+

+ Latency: 
    * Summary: 
    +---------+---------+----------+----------+-----+-----+----------+
    |  Latency (cycles) |  Latency (absolute) |  Interval | Pipeline |
    |   min   |   max   |    min   |    max   | min | max |   Type   |
    +---------+---------+----------+----------+-----+-----+----------+
    |        0|        0|   0 ns   |   0 ns   |    1|    1| function |
    +---------+---------+----------+----------+-----+-----+----------+

    + Detail: 
        * Instance: 
        N/A

        * Loop: 
        N/A



================================================================
== Utilization Estimates
================================================================
* Summary: 
+---------------------+---------+-------+---------+--------+-----+
|         Name        | BRAM_18K| DSP48E|    FF   |   LUT  | URAM|
+---------------------+---------+-------+---------+--------+-----+
|DSP                  |        -|      -|        -|       -|    -|
|Expression           |        -|      -|        0|       2|    -|
|FIFO                 |        -|      -|        -|       -|    -|
|Instance             |        -|      -|        -|       -|    -|
|Memory               |        -|      -|        -|       -|    -|
|Multiplexer          |        -|      -|        -|    1170|    -|
|Register             |        -|      -|        3|       -|    -|
+---------------------+---------+-------+---------+--------+-----+
|Total                |        0|      0|        3|    1172|    0|
+---------------------+---------+-------+---------+--------+-----+
|Available SLR        |     1344|   2976|   871680|  435840|  320|
+---------------------+---------+-------+---------+--------+-----+
|Utilization SLR (%)  |        0|      0|    ~0   |   ~0   |    0|
+---------------------+---------+-------+---------+--------+-----+
|Available            |     2688|   5952|  1743360|  871680|  640|
+---------------------+---------+-------+---------+--------+-----+
|Utilization (%)      |        0|      0|    ~0   |   ~0   |    0|
+---------------------+---------+-------+---------+--------+-----+

+ Detail: 
    * Instance: 
    N/A

    * DSP48E: 
    N/A

    * Memory: 
    N/A

    * FIFO: 
    N/A

    * Expression: 
    +-----------------+----------+-------+---+----+------------+------------+
    |  Variable Name  | Operation| DSP48E| FF| LUT| Bitwidth P0| Bitwidth P1|
    +-----------------+----------+-------+---+----+------------+------------+
    |ap_block_state1  |    or    |      0|  0|   2|           1|           1|
    +-----------------+----------+-------+---+----+------------+------------+
    |Total            |          |      0|  0|   2|           1|           1|
    +-----------------+----------+-------+---+----+------------+------------+

    * Multiplexer: 
    +-------------------+----+-----------+-----+-----------+
    |        Name       | LUT| Input Size| Bits| Total Bits|
    +-------------------+----+-----------+-----+-----------+
    |ap_done            |   9|          2|    1|          2|
    |data_0_V_V_blk_n   |   9|          2|    1|          2|
    |data_10_V_V_blk_n  |   9|          2|    1|          2|
    |data_11_V_V_blk_n  |   9|          2|    1|          2|
    |data_12_V_V_blk_n  |   9|          2|    1|          2|
    |data_13_V_V_blk_n  |   9|          2|    1|          2|
    |data_14_V_V_blk_n  |   9|          2|    1|          2|
    |data_15_V_V_blk_n  |   9|          2|    1|          2|
    |data_16_V_V_blk_n  |   9|          2|    1|          2|
    |data_17_V_V_blk_n  |   9|          2|    1|          2|
    |data_18_V_V_blk_n  |   9|          2|    1|          2|
    |data_19_V_V_blk_n  |   9|          2|    1|          2|
    |data_1_V_V_blk_n   |   9|          2|    1|          2|
    |data_20_V_V_blk_n  |   9|          2|    1|          2|
    |data_21_V_V_blk_n  |   9|          2|    1|          2|
    |data_22_V_V_blk_n  |   9|          2|    1|          2|
    |data_23_V_V_blk_n  |   9|          2|    1|          2|
    |data_24_V_V_blk_n  |   9|          2|    1|          2|
    |data_25_V_V_blk_n  |   9|          2|    1|          2|
    |data_26_V_V_blk_n  |   9|          2|    1|          2|
    |data_27_V_V_blk_n  |   9|          2|    1|          2|
    |data_28_V_V_blk_n  |   9|          2|    1|          2|
    |data_29_V_V_blk_n  |   9|          2|    1|          2|
    |data_2_V_V_blk_n   |   9|          2|    1|          2|
    |data_30_V_V_blk_n  |   9|          2|    1|          2|
    |data_31_V_V_blk_n  |   9|          2|    1|          2|
    |data_32_V_V_blk_n  |   9|          2|    1|          2|
    |data_33_V_V_blk_n  |   9|          2|    1|          2|
    |data_34_V_V_blk_n  |   9|          2|    1|          2|
    |data_35_V_V_blk_n  |   9|          2|    1|          2|
    |data_36_V_V_blk_n  |   9|          2|    1|          2|
    |data_37_V_V_blk_n  |   9|          2|    1|          2|
    |data_38_V_V_blk_n  |   9|          2|    1|          2|
    |data_39_V_V_blk_n  |   9|          2|    1|          2|
    |data_3_V_V_blk_n   |   9|          2|    1|          2|
    |data_40_V_V_blk_n  |   9|          2|    1|          2|
    |data_41_V_V_blk_n  |   9|          2|    1|          2|
    |data_42_V_V_blk_n  |   9|          2|    1|          2|
    |data_43_V_V_blk_n  |   9|          2|    1|          2|
    |data_44_V_V_blk_n  |   9|          2|    1|          2|
    |data_45_V_V_blk_n  |   9|          2|    1|          2|
    |data_46_V_V_blk_n  |   9|          2|    1|          2|
    |data_47_V_V_blk_n  |   9|          2|    1|          2|
    |data_48_V_V_blk_n  |   9|          2|    1|          2|
    |data_49_V_V_blk_n  |   9|          2|    1|          2|
    |data_4_V_V_blk_n   |   9|          2|    1|          2|
    |data_50_V_V_blk_n  |   9|          2|    1|          2|
    |data_51_V_V_blk_n  |   9|          2|    1|          2|
    |data_52_V_V_blk_n  |   9|          2|    1|          2|
    |data_53_V_V_blk_n  |   9|          2|    1|          2|
    |data_54_V_V_blk_n  |   9|          2|    1|          2|
    |data_55_V_V_blk_n  |   9|          2|    1|          2|
    |data_56_V_V_blk_n  |   9|          2|    1|          2|
    |data_57_V_V_blk_n  |   9|          2|    1|          2|
    |data_58_V_V_blk_n  |   9|          2|    1|          2|
    |data_59_V_V_blk_n  |   9|          2|    1|          2|
    |data_5_V_V_blk_n   |   9|          2|    1|          2|
    |data_60_V_V_blk_n  |   9|          2|    1|          2|
    |data_61_V_V_blk_n  |   9|          2|    1|          2|
    |data_62_V_V_blk_n  |   9|          2|    1|          2|
    |data_63_V_V_blk_n  |   9|          2|    1|          2|
    |data_6_V_V_blk_n   |   9|          2|    1|          2|
    |data_7_V_V_blk_n   |   9|          2|    1|          2|
    |data_8_V_V_blk_n   |   9|          2|    1|          2|
    |data_9_V_V_blk_n   |   9|          2|    1|          2|
    |real_start         |   9|          2|    1|          2|
    |res_0_V_V_blk_n    |   9|          2|    1|          2|
    |res_10_V_V_blk_n   |   9|          2|    1|          2|
    |res_11_V_V_blk_n   |   9|          2|    1|          2|
    |res_12_V_V_blk_n   |   9|          2|    1|          2|
    |res_13_V_V_blk_n   |   9|          2|    1|          2|
    |res_14_V_V_blk_n   |   9|          2|    1|          2|
    |res_15_V_V_blk_n   |   9|          2|    1|          2|
    |res_16_V_V_blk_n   |   9|          2|    1|          2|
    |res_17_V_V_blk_n   |   9|          2|    1|          2|
    |res_18_V_V_blk_n   |   9|          2|    1|          2|
    |res_19_V_V_blk_n   |   9|          2|    1|          2|
    |res_1_V_V_blk_n    |   9|          2|    1|          2|
    |res_20_V_V_blk_n   |   9|          2|    1|          2|
    |res_21_V_V_blk_n   |   9|          2|    1|          2|
    |res_22_V_V_blk_n   |   9|          2|    1|          2|
    |res_23_V_V_blk_n   |   9|          2|    1|          2|
    |res_24_V_V_blk_n   |   9|          2|    1|          2|
    |res_25_V_V_blk_n   |   9|          2|    1|          2|
    |res_26_V_V_blk_n   |   9|          2|    1|          2|
    |res_27_V_V_blk_n   |   9|          2|    1|          2|
    |res_28_V_V_blk_n   |   9|          2|    1|          2|
    |res_29_V_V_blk_n   |   9|          2|    1|          2|
    |res_2_V_V_blk_n    |   9|          2|    1|          2|
    |res_30_V_V_blk_n   |   9|          2|    1|          2|
    |res_31_V_V_blk_n   |   9|          2|    1|          2|
    |res_32_V_V_blk_n   |   9|          2|    1|          2|
    |res_33_V_V_blk_n   |   9|          2|    1|          2|
    |res_34_V_V_blk_n   |   9|          2|    1|          2|
    |res_35_V_V_blk_n   |   9|          2|    1|          2|
    |res_36_V_V_blk_n   |   9|          2|    1|          2|
    |res_37_V_V_blk_n   |   9|          2|    1|          2|
    |res_38_V_V_blk_n   |   9|          2|    1|          2|
    |res_39_V_V_blk_n   |   9|          2|    1|          2|
    |res_3_V_V_blk_n    |   9|          2|    1|          2|
    |res_40_V_V_blk_n   |   9|          2|    1|          2|
    |res_41_V_V_blk_n   |   9|          2|    1|          2|
    |res_42_V_V_blk_n   |   9|          2|    1|          2|
    |res_43_V_V_blk_n   |   9|          2|    1|          2|
    |res_44_V_V_blk_n   |   9|          2|    1|          2|
    |res_45_V_V_blk_n   |   9|          2|    1|          2|
    |res_46_V_V_blk_n   |   9|          2|    1|          2|
    |res_47_V_V_blk_n   |   9|          2|    1|          2|
    |res_48_V_V_blk_n   |   9|          2|    1|          2|
    |res_49_V_V_blk_n   |   9|          2|    1|          2|
    |res_4_V_V_blk_n    |   9|          2|    1|          2|
    |res_50_V_V_blk_n   |   9|          2|    1|          2|
    |res_51_V_V_blk_n   |   9|          2|    1|          2|
    |res_52_V_V_blk_n   |   9|          2|    1|          2|
    |res_53_V_V_blk_n   |   9|          2|    1|          2|
    |res_54_V_V_blk_n   |   9|          2|    1|          2|
    |res_55_V_V_blk_n   |   9|          2|    1|          2|
    |res_56_V_V_blk_n   |   9|          2|    1|          2|
    |res_57_V_V_blk_n   |   9|          2|    1|          2|
    |res_58_V_V_blk_n   |   9|          2|    1|          2|
    |res_59_V_V_blk_n   |   9|          2|    1|          2|
    |res_5_V_V_blk_n    |   9|          2|    1|          2|
    |res_60_V_V_blk_n   |   9|          2|    1|          2|
    |res_61_V_V_blk_n   |   9|          2|    1|          2|
    |res_62_V_V_blk_n   |   9|          2|    1|          2|
    |res_63_V_V_blk_n   |   9|          2|    1|          2|
    |res_6_V_V_blk_n    |   9|          2|    1|          2|
    |res_7_V_V_blk_n    |   9|          2|    1|          2|
    |res_8_V_V_blk_n    |   9|          2|    1|          2|
    |res_9_V_V_blk_n    |   9|          2|    1|          2|
    +-------------------+----+-----------+-----+-----------+
    |Total              |1170|        260|  130|        260|
    +-------------------+----+-----------+-----+-----------+

    * Register: 
    +----------------+---+----+-----+-----------+
    |      Name      | FF| LUT| Bits| Const Bits|
    +----------------+---+----+-----+-----------+
    |ap_CS_fsm       |  1|   0|    1|          0|
    |ap_done_reg     |  1|   0|    1|          0|
    |start_once_reg  |  1|   0|    1|          0|
    +----------------+---+----+-----+-----------+
    |Total           |  3|   0|    3|          0|
    +----------------+---+----+-----+-----------+



================================================================
== Interface
================================================================
* Summary: 
+---------------------+-----+-----+------------+-----------------------------------------------------------------------------+--------------+
|      RTL Ports      | Dir | Bits|  Protocol  |                                Source Object                                |    C Type    |
+---------------------+-----+-----+------------+-----------------------------------------------------------------------------+--------------+
|ap_clk               |  in |    1| ap_ctrl_hs | linear<ap_fixed<16, 6, 5, 3, 0>, ap_fixed<18, 8, 4, 0, 0>, linear_config12> | return value |
|ap_rst               |  in |    1| ap_ctrl_hs | linear<ap_fixed<16, 6, 5, 3, 0>, ap_fixed<18, 8, 4, 0, 0>, linear_config12> | return value |
|ap_start             |  in |    1| ap_ctrl_hs | linear<ap_fixed<16, 6, 5, 3, 0>, ap_fixed<18, 8, 4, 0, 0>, linear_config12> | return value |
|start_full_n         |  in |    1| ap_ctrl_hs | linear<ap_fixed<16, 6, 5, 3, 0>, ap_fixed<18, 8, 4, 0, 0>, linear_config12> | return value |
|ap_done              | out |    1| ap_ctrl_hs | linear<ap_fixed<16, 6, 5, 3, 0>, ap_fixed<18, 8, 4, 0, 0>, linear_config12> | return value |
|ap_continue          |  in |    1| ap_ctrl_hs | linear<ap_fixed<16, 6, 5, 3, 0>, ap_fixed<18, 8, 4, 0, 0>, linear_config12> | return value |
|ap_idle              | out |    1| ap_ctrl_hs | linear<ap_fixed<16, 6, 5, 3, 0>, ap_fixed<18, 8, 4, 0, 0>, linear_config12> | return value |
|ap_ready             | out |    1| ap_ctrl_hs | linear<ap_fixed<16, 6, 5, 3, 0>, ap_fixed<18, 8, 4, 0, 0>, linear_config12> | return value |
|start_out            | out |    1| ap_ctrl_hs | linear<ap_fixed<16, 6, 5, 3, 0>, ap_fixed<18, 8, 4, 0, 0>, linear_config12> | return value |
|start_write          | out |    1| ap_ctrl_hs | linear<ap_fixed<16, 6, 5, 3, 0>, ap_fixed<18, 8, 4, 0, 0>, linear_config12> | return value |
|data_0_V_V_dout      |  in |   16|   ap_fifo  |                                  data_0_V_V                                 |    pointer   |
|data_0_V_V_empty_n   |  in |    1|   ap_fifo  |                                  data_0_V_V                                 |    pointer   |
|data_0_V_V_read      | out |    1|   ap_fifo  |                                  data_0_V_V                                 |    pointer   |
|data_1_V_V_dout      |  in |   16|   ap_fifo  |                                  data_1_V_V                                 |    pointer   |
|data_1_V_V_empty_n   |  in |    1|   ap_fifo  |                                  data_1_V_V                                 |    pointer   |
|data_1_V_V_read      | out |    1|   ap_fifo  |                                  data_1_V_V                                 |    pointer   |
|data_2_V_V_dout      |  in |   16|   ap_fifo  |                                  data_2_V_V                                 |    pointer   |
|data_2_V_V_empty_n   |  in |    1|   ap_fifo  |                                  data_2_V_V                                 |    pointer   |
|data_2_V_V_read      | out |    1|   ap_fifo  |                                  data_2_V_V                                 |    pointer   |
|data_3_V_V_dout      |  in |   16|   ap_fifo  |                                  data_3_V_V                                 |    pointer   |
|data_3_V_V_empty_n   |  in |    1|   ap_fifo  |                                  data_3_V_V                                 |    pointer   |
|data_3_V_V_read      | out |    1|   ap_fifo  |                                  data_3_V_V                                 |    pointer   |
|data_4_V_V_dout      |  in |   16|   ap_fifo  |                                  data_4_V_V                                 |    pointer   |
|data_4_V_V_empty_n   |  in |    1|   ap_fifo  |                                  data_4_V_V                                 |    pointer   |
|data_4_V_V_read      | out |    1|   ap_fifo  |                                  data_4_V_V                                 |    pointer   |
|data_5_V_V_dout      |  in |   16|   ap_fifo  |                                  data_5_V_V                                 |    pointer   |
|data_5_V_V_empty_n   |  in |    1|   ap_fifo  |                                  data_5_V_V                                 |    pointer   |
|data_5_V_V_read      | out |    1|   ap_fifo  |                                  data_5_V_V                                 |    pointer   |
|data_6_V_V_dout      |  in |   16|   ap_fifo  |                                  data_6_V_V                                 |    pointer   |
|data_6_V_V_empty_n   |  in |    1|   ap_fifo  |                                  data_6_V_V                                 |    pointer   |
|data_6_V_V_read      | out |    1|   ap_fifo  |                                  data_6_V_V                                 |    pointer   |
|data_7_V_V_dout      |  in |   16|   ap_fifo  |                                  data_7_V_V                                 |    pointer   |
|data_7_V_V_empty_n   |  in |    1|   ap_fifo  |                                  data_7_V_V                                 |    pointer   |
|data_7_V_V_read      | out |    1|   ap_fifo  |                                  data_7_V_V                                 |    pointer   |
|data_8_V_V_dout      |  in |   16|   ap_fifo  |                                  data_8_V_V                                 |    pointer   |
|data_8_V_V_empty_n   |  in |    1|   ap_fifo  |                                  data_8_V_V                                 |    pointer   |
|data_8_V_V_read      | out |    1|   ap_fifo  |                                  data_8_V_V                                 |    pointer   |
|data_9_V_V_dout      |  in |   16|   ap_fifo  |                                  data_9_V_V                                 |    pointer   |
|data_9_V_V_empty_n   |  in |    1|   ap_fifo  |                                  data_9_V_V                                 |    pointer   |
|data_9_V_V_read      | out |    1|   ap_fifo  |                                  data_9_V_V                                 |    pointer   |
|data_10_V_V_dout     |  in |   16|   ap_fifo  |                                 data_10_V_V                                 |    pointer   |
|data_10_V_V_empty_n  |  in |    1|   ap_fifo  |                                 data_10_V_V                                 |    pointer   |
|data_10_V_V_read     | out |    1|   ap_fifo  |                                 data_10_V_V                                 |    pointer   |
|data_11_V_V_dout     |  in |   16|   ap_fifo  |                                 data_11_V_V                                 |    pointer   |
|data_11_V_V_empty_n  |  in |    1|   ap_fifo  |                                 data_11_V_V                                 |    pointer   |
|data_11_V_V_read     | out |    1|   ap_fifo  |                                 data_11_V_V                                 |    pointer   |
|data_12_V_V_dout     |  in |   16|   ap_fifo  |                                 data_12_V_V                                 |    pointer   |
|data_12_V_V_empty_n  |  in |    1|   ap_fifo  |                                 data_12_V_V                                 |    pointer   |
|data_12_V_V_read     | out |    1|   ap_fifo  |                                 data_12_V_V                                 |    pointer   |
|data_13_V_V_dout     |  in |   16|   ap_fifo  |                                 data_13_V_V                                 |    pointer   |
|data_13_V_V_empty_n  |  in |    1|   ap_fifo  |                                 data_13_V_V                                 |    pointer   |
|data_13_V_V_read     | out |    1|   ap_fifo  |                                 data_13_V_V                                 |    pointer   |
|data_14_V_V_dout     |  in |   16|   ap_fifo  |                                 data_14_V_V                                 |    pointer   |
|data_14_V_V_empty_n  |  in |    1|   ap_fifo  |                                 data_14_V_V                                 |    pointer   |
|data_14_V_V_read     | out |    1|   ap_fifo  |                                 data_14_V_V                                 |    pointer   |
|data_15_V_V_dout     |  in |   16|   ap_fifo  |                                 data_15_V_V                                 |    pointer   |
|data_15_V_V_empty_n  |  in |    1|   ap_fifo  |                                 data_15_V_V                                 |    pointer   |
|data_15_V_V_read     | out |    1|   ap_fifo  |                                 data_15_V_V                                 |    pointer   |
|data_16_V_V_dout     |  in |   16|   ap_fifo  |                                 data_16_V_V                                 |    pointer   |
|data_16_V_V_empty_n  |  in |    1|   ap_fifo  |                                 data_16_V_V                                 |    pointer   |
|data_16_V_V_read     | out |    1|   ap_fifo  |                                 data_16_V_V                                 |    pointer   |
|data_17_V_V_dout     |  in |   16|   ap_fifo  |                                 data_17_V_V                                 |    pointer   |
|data_17_V_V_empty_n  |  in |    1|   ap_fifo  |                                 data_17_V_V                                 |    pointer   |
|data_17_V_V_read     | out |    1|   ap_fifo  |                                 data_17_V_V                                 |    pointer   |
|data_18_V_V_dout     |  in |   16|   ap_fifo  |                                 data_18_V_V                                 |    pointer   |
|data_18_V_V_empty_n  |  in |    1|   ap_fifo  |                                 data_18_V_V                                 |    pointer   |
|data_18_V_V_read     | out |    1|   ap_fifo  |                                 data_18_V_V                                 |    pointer   |
|data_19_V_V_dout     |  in |   16|   ap_fifo  |                                 data_19_V_V                                 |    pointer   |
|data_19_V_V_empty_n  |  in |    1|   ap_fifo  |                                 data_19_V_V                                 |    pointer   |
|data_19_V_V_read     | out |    1|   ap_fifo  |                                 data_19_V_V                                 |    pointer   |
|data_20_V_V_dout     |  in |   16|   ap_fifo  |                                 data_20_V_V                                 |    pointer   |
|data_20_V_V_empty_n  |  in |    1|   ap_fifo  |                                 data_20_V_V                                 |    pointer   |
|data_20_V_V_read     | out |    1|   ap_fifo  |                                 data_20_V_V                                 |    pointer   |
|data_21_V_V_dout     |  in |   16|   ap_fifo  |                                 data_21_V_V                                 |    pointer   |
|data_21_V_V_empty_n  |  in |    1|   ap_fifo  |                                 data_21_V_V                                 |    pointer   |
|data_21_V_V_read     | out |    1|   ap_fifo  |                                 data_21_V_V                                 |    pointer   |
|data_22_V_V_dout     |  in |   16|   ap_fifo  |                                 data_22_V_V                                 |    pointer   |
|data_22_V_V_empty_n  |  in |    1|   ap_fifo  |                                 data_22_V_V                                 |    pointer   |
|data_22_V_V_read     | out |    1|   ap_fifo  |                                 data_22_V_V                                 |    pointer   |
|data_23_V_V_dout     |  in |   16|   ap_fifo  |                                 data_23_V_V                                 |    pointer   |
|data_23_V_V_empty_n  |  in |    1|   ap_fifo  |                                 data_23_V_V                                 |    pointer   |
|data_23_V_V_read     | out |    1|   ap_fifo  |                                 data_23_V_V                                 |    pointer   |
|data_24_V_V_dout     |  in |   16|   ap_fifo  |                                 data_24_V_V                                 |    pointer   |
|data_24_V_V_empty_n  |  in |    1|   ap_fifo  |                                 data_24_V_V                                 |    pointer   |
|data_24_V_V_read     | out |    1|   ap_fifo  |                                 data_24_V_V                                 |    pointer   |
|data_25_V_V_dout     |  in |   16|   ap_fifo  |                                 data_25_V_V                                 |    pointer   |
|data_25_V_V_empty_n  |  in |    1|   ap_fifo  |                                 data_25_V_V                                 |    pointer   |
|data_25_V_V_read     | out |    1|   ap_fifo  |                                 data_25_V_V                                 |    pointer   |
|data_26_V_V_dout     |  in |   16|   ap_fifo  |                                 data_26_V_V                                 |    pointer   |
|data_26_V_V_empty_n  |  in |    1|   ap_fifo  |                                 data_26_V_V                                 |    pointer   |
|data_26_V_V_read     | out |    1|   ap_fifo  |                                 data_26_V_V                                 |    pointer   |
|data_27_V_V_dout     |  in |   16|   ap_fifo  |                                 data_27_V_V                                 |    pointer   |
|data_27_V_V_empty_n  |  in |    1|   ap_fifo  |                                 data_27_V_V                                 |    pointer   |
|data_27_V_V_read     | out |    1|   ap_fifo  |                                 data_27_V_V                                 |    pointer   |
|data_28_V_V_dout     |  in |   16|   ap_fifo  |                                 data_28_V_V                                 |    pointer   |
|data_28_V_V_empty_n  |  in |    1|   ap_fifo  |                                 data_28_V_V                                 |    pointer   |
|data_28_V_V_read     | out |    1|   ap_fifo  |                                 data_28_V_V                                 |    pointer   |
|data_29_V_V_dout     |  in |   16|   ap_fifo  |                                 data_29_V_V                                 |    pointer   |
|data_29_V_V_empty_n  |  in |    1|   ap_fifo  |                                 data_29_V_V                                 |    pointer   |
|data_29_V_V_read     | out |    1|   ap_fifo  |                                 data_29_V_V                                 |    pointer   |
|data_30_V_V_dout     |  in |   16|   ap_fifo  |                                 data_30_V_V                                 |    pointer   |
|data_30_V_V_empty_n  |  in |    1|   ap_fifo  |                                 data_30_V_V                                 |    pointer   |
|data_30_V_V_read     | out |    1|   ap_fifo  |                                 data_30_V_V                                 |    pointer   |
|data_31_V_V_dout     |  in |   16|   ap_fifo  |                                 data_31_V_V                                 |    pointer   |
|data_31_V_V_empty_n  |  in |    1|   ap_fifo  |                                 data_31_V_V                                 |    pointer   |
|data_31_V_V_read     | out |    1|   ap_fifo  |                                 data_31_V_V                                 |    pointer   |
|data_32_V_V_dout     |  in |   16|   ap_fifo  |                                 data_32_V_V                                 |    pointer   |
|data_32_V_V_empty_n  |  in |    1|   ap_fifo  |                                 data_32_V_V                                 |    pointer   |
|data_32_V_V_read     | out |    1|   ap_fifo  |                                 data_32_V_V                                 |    pointer   |
|data_33_V_V_dout     |  in |   16|   ap_fifo  |                                 data_33_V_V                                 |    pointer   |
|data_33_V_V_empty_n  |  in |    1|   ap_fifo  |                                 data_33_V_V                                 |    pointer   |
|data_33_V_V_read     | out |    1|   ap_fifo  |                                 data_33_V_V                                 |    pointer   |
|data_34_V_V_dout     |  in |   16|   ap_fifo  |                                 data_34_V_V                                 |    pointer   |
|data_34_V_V_empty_n  |  in |    1|   ap_fifo  |                                 data_34_V_V                                 |    pointer   |
|data_34_V_V_read     | out |    1|   ap_fifo  |                                 data_34_V_V                                 |    pointer   |
|data_35_V_V_dout     |  in |   16|   ap_fifo  |                                 data_35_V_V                                 |    pointer   |
|data_35_V_V_empty_n  |  in |    1|   ap_fifo  |                                 data_35_V_V                                 |    pointer   |
|data_35_V_V_read     | out |    1|   ap_fifo  |                                 data_35_V_V                                 |    pointer   |
|data_36_V_V_dout     |  in |   16|   ap_fifo  |                                 data_36_V_V                                 |    pointer   |
|data_36_V_V_empty_n  |  in |    1|   ap_fifo  |                                 data_36_V_V                                 |    pointer   |
|data_36_V_V_read     | out |    1|   ap_fifo  |                                 data_36_V_V                                 |    pointer   |
|data_37_V_V_dout     |  in |   16|   ap_fifo  |                                 data_37_V_V                                 |    pointer   |
|data_37_V_V_empty_n  |  in |    1|   ap_fifo  |                                 data_37_V_V                                 |    pointer   |
|data_37_V_V_read     | out |    1|   ap_fifo  |                                 data_37_V_V                                 |    pointer   |
|data_38_V_V_dout     |  in |   16|   ap_fifo  |                                 data_38_V_V                                 |    pointer   |
|data_38_V_V_empty_n  |  in |    1|   ap_fifo  |                                 data_38_V_V                                 |    pointer   |
|data_38_V_V_read     | out |    1|   ap_fifo  |                                 data_38_V_V                                 |    pointer   |
|data_39_V_V_dout     |  in |   16|   ap_fifo  |                                 data_39_V_V                                 |    pointer   |
|data_39_V_V_empty_n  |  in |    1|   ap_fifo  |                                 data_39_V_V                                 |    pointer   |
|data_39_V_V_read     | out |    1|   ap_fifo  |                                 data_39_V_V                                 |    pointer   |
|data_40_V_V_dout     |  in |   16|   ap_fifo  |                                 data_40_V_V                                 |    pointer   |
|data_40_V_V_empty_n  |  in |    1|   ap_fifo  |                                 data_40_V_V                                 |    pointer   |
|data_40_V_V_read     | out |    1|   ap_fifo  |                                 data_40_V_V                                 |    pointer   |
|data_41_V_V_dout     |  in |   16|   ap_fifo  |                                 data_41_V_V                                 |    pointer   |
|data_41_V_V_empty_n  |  in |    1|   ap_fifo  |                                 data_41_V_V                                 |    pointer   |
|data_41_V_V_read     | out |    1|   ap_fifo  |                                 data_41_V_V                                 |    pointer   |
|data_42_V_V_dout     |  in |   16|   ap_fifo  |                                 data_42_V_V                                 |    pointer   |
|data_42_V_V_empty_n  |  in |    1|   ap_fifo  |                                 data_42_V_V                                 |    pointer   |
|data_42_V_V_read     | out |    1|   ap_fifo  |                                 data_42_V_V                                 |    pointer   |
|data_43_V_V_dout     |  in |   16|   ap_fifo  |                                 data_43_V_V                                 |    pointer   |
|data_43_V_V_empty_n  |  in |    1|   ap_fifo  |                                 data_43_V_V                                 |    pointer   |
|data_43_V_V_read     | out |    1|   ap_fifo  |                                 data_43_V_V                                 |    pointer   |
|data_44_V_V_dout     |  in |   16|   ap_fifo  |                                 data_44_V_V                                 |    pointer   |
|data_44_V_V_empty_n  |  in |    1|   ap_fifo  |                                 data_44_V_V                                 |    pointer   |
|data_44_V_V_read     | out |    1|   ap_fifo  |                                 data_44_V_V                                 |    pointer   |
|data_45_V_V_dout     |  in |   16|   ap_fifo  |                                 data_45_V_V                                 |    pointer   |
|data_45_V_V_empty_n  |  in |    1|   ap_fifo  |                                 data_45_V_V                                 |    pointer   |
|data_45_V_V_read     | out |    1|   ap_fifo  |                                 data_45_V_V                                 |    pointer   |
|data_46_V_V_dout     |  in |   16|   ap_fifo  |                                 data_46_V_V                                 |    pointer   |
|data_46_V_V_empty_n  |  in |    1|   ap_fifo  |                                 data_46_V_V                                 |    pointer   |
|data_46_V_V_read     | out |    1|   ap_fifo  |                                 data_46_V_V                                 |    pointer   |
|data_47_V_V_dout     |  in |   16|   ap_fifo  |                                 data_47_V_V                                 |    pointer   |
|data_47_V_V_empty_n  |  in |    1|   ap_fifo  |                                 data_47_V_V                                 |    pointer   |
|data_47_V_V_read     | out |    1|   ap_fifo  |                                 data_47_V_V                                 |    pointer   |
|data_48_V_V_dout     |  in |   16|   ap_fifo  |                                 data_48_V_V                                 |    pointer   |
|data_48_V_V_empty_n  |  in |    1|   ap_fifo  |                                 data_48_V_V                                 |    pointer   |
|data_48_V_V_read     | out |    1|   ap_fifo  |                                 data_48_V_V                                 |    pointer   |
|data_49_V_V_dout     |  in |   16|   ap_fifo  |                                 data_49_V_V                                 |    pointer   |
|data_49_V_V_empty_n  |  in |    1|   ap_fifo  |                                 data_49_V_V                                 |    pointer   |
|data_49_V_V_read     | out |    1|   ap_fifo  |                                 data_49_V_V                                 |    pointer   |
|data_50_V_V_dout     |  in |   16|   ap_fifo  |                                 data_50_V_V                                 |    pointer   |
|data_50_V_V_empty_n  |  in |    1|   ap_fifo  |                                 data_50_V_V                                 |    pointer   |
|data_50_V_V_read     | out |    1|   ap_fifo  |                                 data_50_V_V                                 |    pointer   |
|data_51_V_V_dout     |  in |   16|   ap_fifo  |                                 data_51_V_V                                 |    pointer   |
|data_51_V_V_empty_n  |  in |    1|   ap_fifo  |                                 data_51_V_V                                 |    pointer   |
|data_51_V_V_read     | out |    1|   ap_fifo  |                                 data_51_V_V                                 |    pointer   |
|data_52_V_V_dout     |  in |   16|   ap_fifo  |                                 data_52_V_V                                 |    pointer   |
|data_52_V_V_empty_n  |  in |    1|   ap_fifo  |                                 data_52_V_V                                 |    pointer   |
|data_52_V_V_read     | out |    1|   ap_fifo  |                                 data_52_V_V                                 |    pointer   |
|data_53_V_V_dout     |  in |   16|   ap_fifo  |                                 data_53_V_V                                 |    pointer   |
|data_53_V_V_empty_n  |  in |    1|   ap_fifo  |                                 data_53_V_V                                 |    pointer   |
|data_53_V_V_read     | out |    1|   ap_fifo  |                                 data_53_V_V                                 |    pointer   |
|data_54_V_V_dout     |  in |   16|   ap_fifo  |                                 data_54_V_V                                 |    pointer   |
|data_54_V_V_empty_n  |  in |    1|   ap_fifo  |                                 data_54_V_V                                 |    pointer   |
|data_54_V_V_read     | out |    1|   ap_fifo  |                                 data_54_V_V                                 |    pointer   |
|data_55_V_V_dout     |  in |   16|   ap_fifo  |                                 data_55_V_V                                 |    pointer   |
|data_55_V_V_empty_n  |  in |    1|   ap_fifo  |                                 data_55_V_V                                 |    pointer   |
|data_55_V_V_read     | out |    1|   ap_fifo  |                                 data_55_V_V                                 |    pointer   |
|data_56_V_V_dout     |  in |   16|   ap_fifo  |                                 data_56_V_V                                 |    pointer   |
|data_56_V_V_empty_n  |  in |    1|   ap_fifo  |                                 data_56_V_V                                 |    pointer   |
|data_56_V_V_read     | out |    1|   ap_fifo  |                                 data_56_V_V                                 |    pointer   |
|data_57_V_V_dout     |  in |   16|   ap_fifo  |                                 data_57_V_V                                 |    pointer   |
|data_57_V_V_empty_n  |  in |    1|   ap_fifo  |                                 data_57_V_V                                 |    pointer   |
|data_57_V_V_read     | out |    1|   ap_fifo  |                                 data_57_V_V                                 |    pointer   |
|data_58_V_V_dout     |  in |   16|   ap_fifo  |                                 data_58_V_V                                 |    pointer   |
|data_58_V_V_empty_n  |  in |    1|   ap_fifo  |                                 data_58_V_V                                 |    pointer   |
|data_58_V_V_read     | out |    1|   ap_fifo  |                                 data_58_V_V                                 |    pointer   |
|data_59_V_V_dout     |  in |   16|   ap_fifo  |                                 data_59_V_V                                 |    pointer   |
|data_59_V_V_empty_n  |  in |    1|   ap_fifo  |                                 data_59_V_V                                 |    pointer   |
|data_59_V_V_read     | out |    1|   ap_fifo  |                                 data_59_V_V                                 |    pointer   |
|data_60_V_V_dout     |  in |   16|   ap_fifo  |                                 data_60_V_V                                 |    pointer   |
|data_60_V_V_empty_n  |  in |    1|   ap_fifo  |                                 data_60_V_V                                 |    pointer   |
|data_60_V_V_read     | out |    1|   ap_fifo  |                                 data_60_V_V                                 |    pointer   |
|data_61_V_V_dout     |  in |   16|   ap_fifo  |                                 data_61_V_V                                 |    pointer   |
|data_61_V_V_empty_n  |  in |    1|   ap_fifo  |                                 data_61_V_V                                 |    pointer   |
|data_61_V_V_read     | out |    1|   ap_fifo  |                                 data_61_V_V                                 |    pointer   |
|data_62_V_V_dout     |  in |   16|   ap_fifo  |                                 data_62_V_V                                 |    pointer   |
|data_62_V_V_empty_n  |  in |    1|   ap_fifo  |                                 data_62_V_V                                 |    pointer   |
|data_62_V_V_read     | out |    1|   ap_fifo  |                                 data_62_V_V                                 |    pointer   |
|data_63_V_V_dout     |  in |   16|   ap_fifo  |                                 data_63_V_V                                 |    pointer   |
|data_63_V_V_empty_n  |  in |    1|   ap_fifo  |                                 data_63_V_V                                 |    pointer   |
|data_63_V_V_read     | out |    1|   ap_fifo  |                                 data_63_V_V                                 |    pointer   |
|res_0_V_V_din        | out |   18|   ap_fifo  |                                  res_0_V_V                                  |    pointer   |
|res_0_V_V_full_n     |  in |    1|   ap_fifo  |                                  res_0_V_V                                  |    pointer   |
|res_0_V_V_write      | out |    1|   ap_fifo  |                                  res_0_V_V                                  |    pointer   |
|res_1_V_V_din        | out |   18|   ap_fifo  |                                  res_1_V_V                                  |    pointer   |
|res_1_V_V_full_n     |  in |    1|   ap_fifo  |                                  res_1_V_V                                  |    pointer   |
|res_1_V_V_write      | out |    1|   ap_fifo  |                                  res_1_V_V                                  |    pointer   |
|res_2_V_V_din        | out |   18|   ap_fifo  |                                  res_2_V_V                                  |    pointer   |
|res_2_V_V_full_n     |  in |    1|   ap_fifo  |                                  res_2_V_V                                  |    pointer   |
|res_2_V_V_write      | out |    1|   ap_fifo  |                                  res_2_V_V                                  |    pointer   |
|res_3_V_V_din        | out |   18|   ap_fifo  |                                  res_3_V_V                                  |    pointer   |
|res_3_V_V_full_n     |  in |    1|   ap_fifo  |                                  res_3_V_V                                  |    pointer   |
|res_3_V_V_write      | out |    1|   ap_fifo  |                                  res_3_V_V                                  |    pointer   |
|res_4_V_V_din        | out |   18|   ap_fifo  |                                  res_4_V_V                                  |    pointer   |
|res_4_V_V_full_n     |  in |    1|   ap_fifo  |                                  res_4_V_V                                  |    pointer   |
|res_4_V_V_write      | out |    1|   ap_fifo  |                                  res_4_V_V                                  |    pointer   |
|res_5_V_V_din        | out |   18|   ap_fifo  |                                  res_5_V_V                                  |    pointer   |
|res_5_V_V_full_n     |  in |    1|   ap_fifo  |                                  res_5_V_V                                  |    pointer   |
|res_5_V_V_write      | out |    1|   ap_fifo  |                                  res_5_V_V                                  |    pointer   |
|res_6_V_V_din        | out |   18|   ap_fifo  |                                  res_6_V_V                                  |    pointer   |
|res_6_V_V_full_n     |  in |    1|   ap_fifo  |                                  res_6_V_V                                  |    pointer   |
|res_6_V_V_write      | out |    1|   ap_fifo  |                                  res_6_V_V                                  |    pointer   |
|res_7_V_V_din        | out |   18|   ap_fifo  |                                  res_7_V_V                                  |    pointer   |
|res_7_V_V_full_n     |  in |    1|   ap_fifo  |                                  res_7_V_V                                  |    pointer   |
|res_7_V_V_write      | out |    1|   ap_fifo  |                                  res_7_V_V                                  |    pointer   |
|res_8_V_V_din        | out |   18|   ap_fifo  |                                  res_8_V_V                                  |    pointer   |
|res_8_V_V_full_n     |  in |    1|   ap_fifo  |                                  res_8_V_V                                  |    pointer   |
|res_8_V_V_write      | out |    1|   ap_fifo  |                                  res_8_V_V                                  |    pointer   |
|res_9_V_V_din        | out |   18|   ap_fifo  |                                  res_9_V_V                                  |    pointer   |
|res_9_V_V_full_n     |  in |    1|   ap_fifo  |                                  res_9_V_V                                  |    pointer   |
|res_9_V_V_write      | out |    1|   ap_fifo  |                                  res_9_V_V                                  |    pointer   |
|res_10_V_V_din       | out |   18|   ap_fifo  |                                  res_10_V_V                                 |    pointer   |
|res_10_V_V_full_n    |  in |    1|   ap_fifo  |                                  res_10_V_V                                 |    pointer   |
|res_10_V_V_write     | out |    1|   ap_fifo  |                                  res_10_V_V                                 |    pointer   |
|res_11_V_V_din       | out |   18|   ap_fifo  |                                  res_11_V_V                                 |    pointer   |
|res_11_V_V_full_n    |  in |    1|   ap_fifo  |                                  res_11_V_V                                 |    pointer   |
|res_11_V_V_write     | out |    1|   ap_fifo  |                                  res_11_V_V                                 |    pointer   |
|res_12_V_V_din       | out |   18|   ap_fifo  |                                  res_12_V_V                                 |    pointer   |
|res_12_V_V_full_n    |  in |    1|   ap_fifo  |                                  res_12_V_V                                 |    pointer   |
|res_12_V_V_write     | out |    1|   ap_fifo  |                                  res_12_V_V                                 |    pointer   |
|res_13_V_V_din       | out |   18|   ap_fifo  |                                  res_13_V_V                                 |    pointer   |
|res_13_V_V_full_n    |  in |    1|   ap_fifo  |                                  res_13_V_V                                 |    pointer   |
|res_13_V_V_write     | out |    1|   ap_fifo  |                                  res_13_V_V                                 |    pointer   |
|res_14_V_V_din       | out |   18|   ap_fifo  |                                  res_14_V_V                                 |    pointer   |
|res_14_V_V_full_n    |  in |    1|   ap_fifo  |                                  res_14_V_V                                 |    pointer   |
|res_14_V_V_write     | out |    1|   ap_fifo  |                                  res_14_V_V                                 |    pointer   |
|res_15_V_V_din       | out |   18|   ap_fifo  |                                  res_15_V_V                                 |    pointer   |
|res_15_V_V_full_n    |  in |    1|   ap_fifo  |                                  res_15_V_V                                 |    pointer   |
|res_15_V_V_write     | out |    1|   ap_fifo  |                                  res_15_V_V                                 |    pointer   |
|res_16_V_V_din       | out |   18|   ap_fifo  |                                  res_16_V_V                                 |    pointer   |
|res_16_V_V_full_n    |  in |    1|   ap_fifo  |                                  res_16_V_V                                 |    pointer   |
|res_16_V_V_write     | out |    1|   ap_fifo  |                                  res_16_V_V                                 |    pointer   |
|res_17_V_V_din       | out |   18|   ap_fifo  |                                  res_17_V_V                                 |    pointer   |
|res_17_V_V_full_n    |  in |    1|   ap_fifo  |                                  res_17_V_V                                 |    pointer   |
|res_17_V_V_write     | out |    1|   ap_fifo  |                                  res_17_V_V                                 |    pointer   |
|res_18_V_V_din       | out |   18|   ap_fifo  |                                  res_18_V_V                                 |    pointer   |
|res_18_V_V_full_n    |  in |    1|   ap_fifo  |                                  res_18_V_V                                 |    pointer   |
|res_18_V_V_write     | out |    1|   ap_fifo  |                                  res_18_V_V                                 |    pointer   |
|res_19_V_V_din       | out |   18|   ap_fifo  |                                  res_19_V_V                                 |    pointer   |
|res_19_V_V_full_n    |  in |    1|   ap_fifo  |                                  res_19_V_V                                 |    pointer   |
|res_19_V_V_write     | out |    1|   ap_fifo  |                                  res_19_V_V                                 |    pointer   |
|res_20_V_V_din       | out |   18|   ap_fifo  |                                  res_20_V_V                                 |    pointer   |
|res_20_V_V_full_n    |  in |    1|   ap_fifo  |                                  res_20_V_V                                 |    pointer   |
|res_20_V_V_write     | out |    1|   ap_fifo  |                                  res_20_V_V                                 |    pointer   |
|res_21_V_V_din       | out |   18|   ap_fifo  |                                  res_21_V_V                                 |    pointer   |
|res_21_V_V_full_n    |  in |    1|   ap_fifo  |                                  res_21_V_V                                 |    pointer   |
|res_21_V_V_write     | out |    1|   ap_fifo  |                                  res_21_V_V                                 |    pointer   |
|res_22_V_V_din       | out |   18|   ap_fifo  |                                  res_22_V_V                                 |    pointer   |
|res_22_V_V_full_n    |  in |    1|   ap_fifo  |                                  res_22_V_V                                 |    pointer   |
|res_22_V_V_write     | out |    1|   ap_fifo  |                                  res_22_V_V                                 |    pointer   |
|res_23_V_V_din       | out |   18|   ap_fifo  |                                  res_23_V_V                                 |    pointer   |
|res_23_V_V_full_n    |  in |    1|   ap_fifo  |                                  res_23_V_V                                 |    pointer   |
|res_23_V_V_write     | out |    1|   ap_fifo  |                                  res_23_V_V                                 |    pointer   |
|res_24_V_V_din       | out |   18|   ap_fifo  |                                  res_24_V_V                                 |    pointer   |
|res_24_V_V_full_n    |  in |    1|   ap_fifo  |                                  res_24_V_V                                 |    pointer   |
|res_24_V_V_write     | out |    1|   ap_fifo  |                                  res_24_V_V                                 |    pointer   |
|res_25_V_V_din       | out |   18|   ap_fifo  |                                  res_25_V_V                                 |    pointer   |
|res_25_V_V_full_n    |  in |    1|   ap_fifo  |                                  res_25_V_V                                 |    pointer   |
|res_25_V_V_write     | out |    1|   ap_fifo  |                                  res_25_V_V                                 |    pointer   |
|res_26_V_V_din       | out |   18|   ap_fifo  |                                  res_26_V_V                                 |    pointer   |
|res_26_V_V_full_n    |  in |    1|   ap_fifo  |                                  res_26_V_V                                 |    pointer   |
|res_26_V_V_write     | out |    1|   ap_fifo  |                                  res_26_V_V                                 |    pointer   |
|res_27_V_V_din       | out |   18|   ap_fifo  |                                  res_27_V_V                                 |    pointer   |
|res_27_V_V_full_n    |  in |    1|   ap_fifo  |                                  res_27_V_V                                 |    pointer   |
|res_27_V_V_write     | out |    1|   ap_fifo  |                                  res_27_V_V                                 |    pointer   |
|res_28_V_V_din       | out |   18|   ap_fifo  |                                  res_28_V_V                                 |    pointer   |
|res_28_V_V_full_n    |  in |    1|   ap_fifo  |                                  res_28_V_V                                 |    pointer   |
|res_28_V_V_write     | out |    1|   ap_fifo  |                                  res_28_V_V                                 |    pointer   |
|res_29_V_V_din       | out |   18|   ap_fifo  |                                  res_29_V_V                                 |    pointer   |
|res_29_V_V_full_n    |  in |    1|   ap_fifo  |                                  res_29_V_V                                 |    pointer   |
|res_29_V_V_write     | out |    1|   ap_fifo  |                                  res_29_V_V                                 |    pointer   |
|res_30_V_V_din       | out |   18|   ap_fifo  |                                  res_30_V_V                                 |    pointer   |
|res_30_V_V_full_n    |  in |    1|   ap_fifo  |                                  res_30_V_V                                 |    pointer   |
|res_30_V_V_write     | out |    1|   ap_fifo  |                                  res_30_V_V                                 |    pointer   |
|res_31_V_V_din       | out |   18|   ap_fifo  |                                  res_31_V_V                                 |    pointer   |
|res_31_V_V_full_n    |  in |    1|   ap_fifo  |                                  res_31_V_V                                 |    pointer   |
|res_31_V_V_write     | out |    1|   ap_fifo  |                                  res_31_V_V                                 |    pointer   |
|res_32_V_V_din       | out |   18|   ap_fifo  |                                  res_32_V_V                                 |    pointer   |
|res_32_V_V_full_n    |  in |    1|   ap_fifo  |                                  res_32_V_V                                 |    pointer   |
|res_32_V_V_write     | out |    1|   ap_fifo  |                                  res_32_V_V                                 |    pointer   |
|res_33_V_V_din       | out |   18|   ap_fifo  |                                  res_33_V_V                                 |    pointer   |
|res_33_V_V_full_n    |  in |    1|   ap_fifo  |                                  res_33_V_V                                 |    pointer   |
|res_33_V_V_write     | out |    1|   ap_fifo  |                                  res_33_V_V                                 |    pointer   |
|res_34_V_V_din       | out |   18|   ap_fifo  |                                  res_34_V_V                                 |    pointer   |
|res_34_V_V_full_n    |  in |    1|   ap_fifo  |                                  res_34_V_V                                 |    pointer   |
|res_34_V_V_write     | out |    1|   ap_fifo  |                                  res_34_V_V                                 |    pointer   |
|res_35_V_V_din       | out |   18|   ap_fifo  |                                  res_35_V_V                                 |    pointer   |
|res_35_V_V_full_n    |  in |    1|   ap_fifo  |                                  res_35_V_V                                 |    pointer   |
|res_35_V_V_write     | out |    1|   ap_fifo  |                                  res_35_V_V                                 |    pointer   |
|res_36_V_V_din       | out |   18|   ap_fifo  |                                  res_36_V_V                                 |    pointer   |
|res_36_V_V_full_n    |  in |    1|   ap_fifo  |                                  res_36_V_V                                 |    pointer   |
|res_36_V_V_write     | out |    1|   ap_fifo  |                                  res_36_V_V                                 |    pointer   |
|res_37_V_V_din       | out |   18|   ap_fifo  |                                  res_37_V_V                                 |    pointer   |
|res_37_V_V_full_n    |  in |    1|   ap_fifo  |                                  res_37_V_V                                 |    pointer   |
|res_37_V_V_write     | out |    1|   ap_fifo  |                                  res_37_V_V                                 |    pointer   |
|res_38_V_V_din       | out |   18|   ap_fifo  |                                  res_38_V_V                                 |    pointer   |
|res_38_V_V_full_n    |  in |    1|   ap_fifo  |                                  res_38_V_V                                 |    pointer   |
|res_38_V_V_write     | out |    1|   ap_fifo  |                                  res_38_V_V                                 |    pointer   |
|res_39_V_V_din       | out |   18|   ap_fifo  |                                  res_39_V_V                                 |    pointer   |
|res_39_V_V_full_n    |  in |    1|   ap_fifo  |                                  res_39_V_V                                 |    pointer   |
|res_39_V_V_write     | out |    1|   ap_fifo  |                                  res_39_V_V                                 |    pointer   |
|res_40_V_V_din       | out |   18|   ap_fifo  |                                  res_40_V_V                                 |    pointer   |
|res_40_V_V_full_n    |  in |    1|   ap_fifo  |                                  res_40_V_V                                 |    pointer   |
|res_40_V_V_write     | out |    1|   ap_fifo  |                                  res_40_V_V                                 |    pointer   |
|res_41_V_V_din       | out |   18|   ap_fifo  |                                  res_41_V_V                                 |    pointer   |
|res_41_V_V_full_n    |  in |    1|   ap_fifo  |                                  res_41_V_V                                 |    pointer   |
|res_41_V_V_write     | out |    1|   ap_fifo  |                                  res_41_V_V                                 |    pointer   |
|res_42_V_V_din       | out |   18|   ap_fifo  |                                  res_42_V_V                                 |    pointer   |
|res_42_V_V_full_n    |  in |    1|   ap_fifo  |                                  res_42_V_V                                 |    pointer   |
|res_42_V_V_write     | out |    1|   ap_fifo  |                                  res_42_V_V                                 |    pointer   |
|res_43_V_V_din       | out |   18|   ap_fifo  |                                  res_43_V_V                                 |    pointer   |
|res_43_V_V_full_n    |  in |    1|   ap_fifo  |                                  res_43_V_V                                 |    pointer   |
|res_43_V_V_write     | out |    1|   ap_fifo  |                                  res_43_V_V                                 |    pointer   |
|res_44_V_V_din       | out |   18|   ap_fifo  |                                  res_44_V_V                                 |    pointer   |
|res_44_V_V_full_n    |  in |    1|   ap_fifo  |                                  res_44_V_V                                 |    pointer   |
|res_44_V_V_write     | out |    1|   ap_fifo  |                                  res_44_V_V                                 |    pointer   |
|res_45_V_V_din       | out |   18|   ap_fifo  |                                  res_45_V_V                                 |    pointer   |
|res_45_V_V_full_n    |  in |    1|   ap_fifo  |                                  res_45_V_V                                 |    pointer   |
|res_45_V_V_write     | out |    1|   ap_fifo  |                                  res_45_V_V                                 |    pointer   |
|res_46_V_V_din       | out |   18|   ap_fifo  |                                  res_46_V_V                                 |    pointer   |
|res_46_V_V_full_n    |  in |    1|   ap_fifo  |                                  res_46_V_V                                 |    pointer   |
|res_46_V_V_write     | out |    1|   ap_fifo  |                                  res_46_V_V                                 |    pointer   |
|res_47_V_V_din       | out |   18|   ap_fifo  |                                  res_47_V_V                                 |    pointer   |
|res_47_V_V_full_n    |  in |    1|   ap_fifo  |                                  res_47_V_V                                 |    pointer   |
|res_47_V_V_write     | out |    1|   ap_fifo  |                                  res_47_V_V                                 |    pointer   |
|res_48_V_V_din       | out |   18|   ap_fifo  |                                  res_48_V_V                                 |    pointer   |
|res_48_V_V_full_n    |  in |    1|   ap_fifo  |                                  res_48_V_V                                 |    pointer   |
|res_48_V_V_write     | out |    1|   ap_fifo  |                                  res_48_V_V                                 |    pointer   |
|res_49_V_V_din       | out |   18|   ap_fifo  |                                  res_49_V_V                                 |    pointer   |
|res_49_V_V_full_n    |  in |    1|   ap_fifo  |                                  res_49_V_V                                 |    pointer   |
|res_49_V_V_write     | out |    1|   ap_fifo  |                                  res_49_V_V                                 |    pointer   |
|res_50_V_V_din       | out |   18|   ap_fifo  |                                  res_50_V_V                                 |    pointer   |
|res_50_V_V_full_n    |  in |    1|   ap_fifo  |                                  res_50_V_V                                 |    pointer   |
|res_50_V_V_write     | out |    1|   ap_fifo  |                                  res_50_V_V                                 |    pointer   |
|res_51_V_V_din       | out |   18|   ap_fifo  |                                  res_51_V_V                                 |    pointer   |
|res_51_V_V_full_n    |  in |    1|   ap_fifo  |                                  res_51_V_V                                 |    pointer   |
|res_51_V_V_write     | out |    1|   ap_fifo  |                                  res_51_V_V                                 |    pointer   |
|res_52_V_V_din       | out |   18|   ap_fifo  |                                  res_52_V_V                                 |    pointer   |
|res_52_V_V_full_n    |  in |    1|   ap_fifo  |                                  res_52_V_V                                 |    pointer   |
|res_52_V_V_write     | out |    1|   ap_fifo  |                                  res_52_V_V                                 |    pointer   |
|res_53_V_V_din       | out |   18|   ap_fifo  |                                  res_53_V_V                                 |    pointer   |
|res_53_V_V_full_n    |  in |    1|   ap_fifo  |                                  res_53_V_V                                 |    pointer   |
|res_53_V_V_write     | out |    1|   ap_fifo  |                                  res_53_V_V                                 |    pointer   |
|res_54_V_V_din       | out |   18|   ap_fifo  |                                  res_54_V_V                                 |    pointer   |
|res_54_V_V_full_n    |  in |    1|   ap_fifo  |                                  res_54_V_V                                 |    pointer   |
|res_54_V_V_write     | out |    1|   ap_fifo  |                                  res_54_V_V                                 |    pointer   |
|res_55_V_V_din       | out |   18|   ap_fifo  |                                  res_55_V_V                                 |    pointer   |
|res_55_V_V_full_n    |  in |    1|   ap_fifo  |                                  res_55_V_V                                 |    pointer   |
|res_55_V_V_write     | out |    1|   ap_fifo  |                                  res_55_V_V                                 |    pointer   |
|res_56_V_V_din       | out |   18|   ap_fifo  |                                  res_56_V_V                                 |    pointer   |
|res_56_V_V_full_n    |  in |    1|   ap_fifo  |                                  res_56_V_V                                 |    pointer   |
|res_56_V_V_write     | out |    1|   ap_fifo  |                                  res_56_V_V                                 |    pointer   |
|res_57_V_V_din       | out |   18|   ap_fifo  |                                  res_57_V_V                                 |    pointer   |
|res_57_V_V_full_n    |  in |    1|   ap_fifo  |                                  res_57_V_V                                 |    pointer   |
|res_57_V_V_write     | out |    1|   ap_fifo  |                                  res_57_V_V                                 |    pointer   |
|res_58_V_V_din       | out |   18|   ap_fifo  |                                  res_58_V_V                                 |    pointer   |
|res_58_V_V_full_n    |  in |    1|   ap_fifo  |                                  res_58_V_V                                 |    pointer   |
|res_58_V_V_write     | out |    1|   ap_fifo  |                                  res_58_V_V                                 |    pointer   |
|res_59_V_V_din       | out |   18|   ap_fifo  |                                  res_59_V_V                                 |    pointer   |
|res_59_V_V_full_n    |  in |    1|   ap_fifo  |                                  res_59_V_V                                 |    pointer   |
|res_59_V_V_write     | out |    1|   ap_fifo  |                                  res_59_V_V                                 |    pointer   |
|res_60_V_V_din       | out |   18|   ap_fifo  |                                  res_60_V_V                                 |    pointer   |
|res_60_V_V_full_n    |  in |    1|   ap_fifo  |                                  res_60_V_V                                 |    pointer   |
|res_60_V_V_write     | out |    1|   ap_fifo  |                                  res_60_V_V                                 |    pointer   |
|res_61_V_V_din       | out |   18|   ap_fifo  |                                  res_61_V_V                                 |    pointer   |
|res_61_V_V_full_n    |  in |    1|   ap_fifo  |                                  res_61_V_V                                 |    pointer   |
|res_61_V_V_write     | out |    1|   ap_fifo  |                                  res_61_V_V                                 |    pointer   |
|res_62_V_V_din       | out |   18|   ap_fifo  |                                  res_62_V_V                                 |    pointer   |
|res_62_V_V_full_n    |  in |    1|   ap_fifo  |                                  res_62_V_V                                 |    pointer   |
|res_62_V_V_write     | out |    1|   ap_fifo  |                                  res_62_V_V                                 |    pointer   |
|res_63_V_V_din       | out |   18|   ap_fifo  |                                  res_63_V_V                                 |    pointer   |
|res_63_V_V_full_n    |  in |    1|   ap_fifo  |                                  res_63_V_V                                 |    pointer   |
|res_63_V_V_write     | out |    1|   ap_fifo  |                                  res_63_V_V                                 |    pointer   |
+---------------------+-----+-----+------------+-----------------------------------------------------------------------------+--------------+

