

================================================================
== Vivado HLS Report for 'Loop_3_proc541'
================================================================
* Date:           Wed Oct 25 04:46:34 2023

* Version:        2019.2 (Build 2704478 on Wed Nov 06 22:10:23 MST 2019)
* Project:        alveo_hls4ml
* Solution:       solution
* Product family: virtexuplus
* Target device:  xcu50-fsvh2104-2L-e


================================================================
== Performance Estimates
================================================================
+ Timing: 
    * Summary: 
    +--------+---------+----------+------------+
    |  Clock |  Target | Estimated| Uncertainty|
    +--------+---------+----------+------------+
    |ap_clk  | 4.00 ns | 3.100 ns |   0.90 ns  |
    +--------+---------+----------+------------+

+ Latency: 
    * Summary: 
    +---------+---------+-----------+-----------+------+------+---------+
    |  Latency (cycles) |   Latency (absolute)  |   Interval  | Pipeline|
    |   min   |   max   |    min    |    max    |  min |  max |   Type  |
    +---------+---------+-----------+-----------+------+------+---------+
    |     5119|     5119| 20.476 us | 20.476 us |  5119|  5119|   none  |
    +---------+---------+-----------+-----------+------+------+---------+

    + Detail: 
        * Instance: 
        N/A

        * Loop: 
        +----------+---------+---------+----------+-----------+-----------+------+----------+
        |          |  Latency (cycles) | Iteration|  Initiation Interval  | Trip |          |
        | Loop Name|   min   |   max   |  Latency |  achieved |   target  | Count| Pipelined|
        +----------+---------+---------+----------+-----------+-----------+------+----------+
        |- Loop 1  |     5112|     5112|         4|          1|          1|  5110|    yes   |
        +----------+---------+---------+----------+-----------+-----------+------+----------+



================================================================
== Utilization Estimates
================================================================
* Summary: 
+---------------------+---------+-------+---------+--------+-----+
|         Name        | BRAM_18K| DSP48E|    FF   |   LUT  | URAM|
+---------------------+---------+-------+---------+--------+-----+
|DSP                  |        -|      -|        -|       -|    -|
|Expression           |        -|      -|        0|     207|    -|
|FIFO                 |        -|      -|        -|       -|    -|
|Instance             |        -|      -|        -|       -|    -|
|Memory               |        -|      -|        -|       -|    -|
|Multiplexer          |        -|      -|        -|    1072|    -|
|Register             |        0|      -|     1400|      64|    -|
+---------------------+---------+-------+---------+--------+-----+
|Total                |        0|      0|     1400|    1343|    0|
+---------------------+---------+-------+---------+--------+-----+
|Available SLR        |     1344|   2976|   871680|  435840|  320|
+---------------------+---------+-------+---------+--------+-----+
|Utilization SLR (%)  |        0|      0|    ~0   |   ~0   |    0|
+---------------------+---------+-------+---------+--------+-----+
|Available            |     2688|   5952|  1743360|  871680|  640|
+---------------------+---------+-------+---------+--------+-----+
|Utilization (%)      |        0|      0|    ~0   |   ~0   |    0|
+---------------------+---------+-------+---------+--------+-----+

+ Detail: 
    * Instance: 
    N/A

    * DSP48E: 
    N/A

    * Memory: 
    N/A

    * FIFO: 
    N/A

    * Expression: 
    +----------------------------------+----------+-------+---+----+------------+------------+
    |           Variable Name          | Operation| DSP48E| FF| LUT| Bitwidth P0| Bitwidth P1|
    +----------------------------------+----------+-------+---+----+------------+------------+
    |add_ln93_fu_980_p2                |     +    |      0|  0|  13|          13|           1|
    |i1_fu_1000_p2                     |     +    |      0|  0|   7|           7|           1|
    |ap_block_pp0_stage0_01001         |    and   |      0|  0|   2|           1|           1|
    |ap_block_state6_io                |    and   |      0|  0|   2|           1|           1|
    |ap_condition_1733                 |    and   |      0|  0|   2|           1|           1|
    |ap_predicate_op173_read_state4    |    and   |      0|  0|   2|           1|           1|
    |ap_predicate_op174_read_state4    |    and   |      0|  0|   2|           1|           1|
    |ap_predicate_op175_read_state4    |    and   |      0|  0|   2|           1|           1|
    |ap_predicate_op176_read_state4    |    and   |      0|  0|   2|           1|           1|
    |ap_predicate_op177_read_state4    |    and   |      0|  0|   2|           1|           1|
    |ap_predicate_op178_read_state4    |    and   |      0|  0|   2|           1|           1|
    |ap_predicate_op179_read_state4    |    and   |      0|  0|   2|           1|           1|
    |ap_predicate_op180_read_state4    |    and   |      0|  0|   2|           1|           1|
    |ap_predicate_op181_read_state4    |    and   |      0|  0|   2|           1|           1|
    |ap_predicate_op182_read_state4    |    and   |      0|  0|   2|           1|           1|
    |ap_predicate_op183_read_state4    |    and   |      0|  0|   2|           1|           1|
    |ap_predicate_op184_read_state4    |    and   |      0|  0|   2|           1|           1|
    |ap_predicate_op185_read_state4    |    and   |      0|  0|   2|           1|           1|
    |ap_predicate_op186_read_state4    |    and   |      0|  0|   2|           1|           1|
    |ap_predicate_op187_read_state4    |    and   |      0|  0|   2|           1|           1|
    |ap_predicate_op188_read_state4    |    and   |      0|  0|   2|           1|           1|
    |ap_predicate_op189_read_state4    |    and   |      0|  0|   2|           1|           1|
    |ap_predicate_op190_read_state4    |    and   |      0|  0|   2|           1|           1|
    |ap_predicate_op191_read_state4    |    and   |      0|  0|   2|           1|           1|
    |ap_predicate_op192_read_state4    |    and   |      0|  0|   2|           1|           1|
    |ap_predicate_op193_read_state4    |    and   |      0|  0|   2|           1|           1|
    |ap_predicate_op194_read_state4    |    and   |      0|  0|   2|           1|           1|
    |ap_predicate_op195_read_state4    |    and   |      0|  0|   2|           1|           1|
    |ap_predicate_op196_read_state4    |    and   |      0|  0|   2|           1|           1|
    |ap_predicate_op197_read_state4    |    and   |      0|  0|   2|           1|           1|
    |ap_predicate_op198_read_state4    |    and   |      0|  0|   2|           1|           1|
    |ap_predicate_op199_read_state4    |    and   |      0|  0|   2|           1|           1|
    |ap_predicate_op200_read_state4    |    and   |      0|  0|   2|           1|           1|
    |ap_predicate_op201_read_state4    |    and   |      0|  0|   2|           1|           1|
    |ap_predicate_op202_read_state4    |    and   |      0|  0|   2|           1|           1|
    |ap_predicate_op203_read_state4    |    and   |      0|  0|   2|           1|           1|
    |ap_predicate_op204_read_state4    |    and   |      0|  0|   2|           1|           1|
    |ap_predicate_op205_read_state4    |    and   |      0|  0|   2|           1|           1|
    |ap_predicate_op206_read_state4    |    and   |      0|  0|   2|           1|           1|
    |ap_predicate_op207_read_state4    |    and   |      0|  0|   2|           1|           1|
    |ap_predicate_op208_read_state4    |    and   |      0|  0|   2|           1|           1|
    |ap_predicate_op209_read_state4    |    and   |      0|  0|   2|           1|           1|
    |ap_predicate_op210_read_state4    |    and   |      0|  0|   2|           1|           1|
    |ap_predicate_op211_read_state4    |    and   |      0|  0|   2|           1|           1|
    |ap_predicate_op212_read_state4    |    and   |      0|  0|   2|           1|           1|
    |ap_predicate_op213_read_state4    |    and   |      0|  0|   2|           1|           1|
    |ap_predicate_op214_read_state4    |    and   |      0|  0|   2|           1|           1|
    |ap_predicate_op215_read_state4    |    and   |      0|  0|   2|           1|           1|
    |ap_predicate_op216_read_state4    |    and   |      0|  0|   2|           1|           1|
    |ap_predicate_op217_read_state4    |    and   |      0|  0|   2|           1|           1|
    |ap_predicate_op218_read_state4    |    and   |      0|  0|   2|           1|           1|
    |ap_predicate_op219_read_state4    |    and   |      0|  0|   2|           1|           1|
    |ap_predicate_op220_read_state4    |    and   |      0|  0|   2|           1|           1|
    |ap_predicate_op221_read_state4    |    and   |      0|  0|   2|           1|           1|
    |ap_predicate_op222_read_state4    |    and   |      0|  0|   2|           1|           1|
    |ap_predicate_op223_read_state4    |    and   |      0|  0|   2|           1|           1|
    |ap_predicate_op224_read_state4    |    and   |      0|  0|   2|           1|           1|
    |ap_predicate_op225_read_state4    |    and   |      0|  0|   2|           1|           1|
    |ap_predicate_op226_read_state4    |    and   |      0|  0|   2|           1|           1|
    |ap_predicate_op227_read_state4    |    and   |      0|  0|   2|           1|           1|
    |ap_predicate_op228_read_state4    |    and   |      0|  0|   2|           1|           1|
    |ap_predicate_op229_read_state4    |    and   |      0|  0|   2|           1|           1|
    |ap_predicate_op230_read_state4    |    and   |      0|  0|   2|           1|           1|
    |ap_predicate_op231_read_state4    |    and   |      0|  0|   2|           1|           1|
    |ap_predicate_op232_read_state4    |    and   |      0|  0|   2|           1|           1|
    |ap_predicate_op233_read_state4    |    and   |      0|  0|   2|           1|           1|
    |ap_predicate_op234_read_state4    |    and   |      0|  0|   2|           1|           1|
    |ap_predicate_op235_read_state4    |    and   |      0|  0|   2|           1|           1|
    |ap_predicate_op236_read_state4    |    and   |      0|  0|   2|           1|           1|
    |ap_predicate_op237_read_state4    |    and   |      0|  0|   2|           1|           1|
    |ap_predicate_op238_read_state4    |    and   |      0|  0|   2|           1|           1|
    |ap_predicate_op239_read_state4    |    and   |      0|  0|   2|           1|           1|
    |ap_predicate_op240_read_state4    |    and   |      0|  0|   2|           1|           1|
    |ap_predicate_op241_read_state4    |    and   |      0|  0|   2|           1|           1|
    |ap_predicate_op242_read_state4    |    and   |      0|  0|   2|           1|           1|
    |icmp_ln93_fu_974_p2               |   icmp   |      0|  0|  13|          13|          13|
    |icmp_ln94_fu_986_p2               |   icmp   |      0|  0|  11|           7|           7|
    |ap_block_pp0_stage0_11001         |    or    |      0|  0|   2|           1|           1|
    |ap_block_state1                   |    or    |      0|  0|   2|           1|           1|
    |ap_block_state4_pp0_stage0_iter1  |    or    |      0|  0|   2|           1|           1|
    |select_ln97_fu_992_p3             |  select  |      0|  0|   7|           1|           1|
    |ap_enable_pp0                     |    xor   |      0|  0|   2|           1|           2|
    |ap_enable_reg_pp0_iter1           |    xor   |      0|  0|   2|           2|           1|
    +----------------------------------+----------+-------+---+----+------------+------------+
    |Total                             |          |      0|  0| 207|         120|         102|
    +----------------------------------+----------+-------+---+----+------------+------------+

    * Multiplexer: 
    +----------------------------------------+-----+-----------+-----+-----------+
    |                  Name                  | LUT | Input Size| Bits| Total Bits|
    +----------------------------------------+-----+-----------+-----+-----------+
    |ap_NS_fsm                               |   44|          9|    1|          9|
    |ap_done                                 |    9|          2|    1|          2|
    |ap_enable_reg_pp0_iter1                 |    9|          2|    1|          2|
    |ap_enable_reg_pp0_iter3                 |    9|          2|    1|          2|
    |ap_phi_reg_pp0_iter3_tmp_V_i_0_reg_808  |  317|         71|   16|       1136|
    |i16_0_i_reg_797                         |    9|          2|    7|         14|
    |indvar_flatten_i_reg_786                |    9|          2|   13|         26|
    |out_V_blk_n_AW                          |    9|          2|    1|          2|
    |out_V_blk_n_B                           |    9|          2|    1|          2|
    |out_V_blk_n_W                           |    9|          2|    1|          2|
    |out_V_offset_blk_n                      |    9|          2|    1|          2|
    |out_stream_0_blk_n                      |    9|          2|    1|          2|
    |out_stream_10_blk_n                     |    9|          2|    1|          2|
    |out_stream_11_blk_n                     |    9|          2|    1|          2|
    |out_stream_12_blk_n                     |    9|          2|    1|          2|
    |out_stream_13_blk_n                     |    9|          2|    1|          2|
    |out_stream_14_blk_n                     |    9|          2|    1|          2|
    |out_stream_15_blk_n                     |    9|          2|    1|          2|
    |out_stream_16_blk_n                     |    9|          2|    1|          2|
    |out_stream_17_blk_n                     |    9|          2|    1|          2|
    |out_stream_18_blk_n                     |    9|          2|    1|          2|
    |out_stream_19_blk_n                     |    9|          2|    1|          2|
    |out_stream_1_blk_n                      |    9|          2|    1|          2|
    |out_stream_20_blk_n                     |    9|          2|    1|          2|
    |out_stream_21_blk_n                     |    9|          2|    1|          2|
    |out_stream_22_blk_n                     |    9|          2|    1|          2|
    |out_stream_23_blk_n                     |    9|          2|    1|          2|
    |out_stream_24_blk_n                     |    9|          2|    1|          2|
    |out_stream_25_blk_n                     |    9|          2|    1|          2|
    |out_stream_26_blk_n                     |    9|          2|    1|          2|
    |out_stream_27_blk_n                     |    9|          2|    1|          2|
    |out_stream_28_blk_n                     |    9|          2|    1|          2|
    |out_stream_29_blk_n                     |    9|          2|    1|          2|
    |out_stream_2_blk_n                      |    9|          2|    1|          2|
    |out_stream_30_blk_n                     |    9|          2|    1|          2|
    |out_stream_31_blk_n                     |    9|          2|    1|          2|
    |out_stream_32_blk_n                     |    9|          2|    1|          2|
    |out_stream_33_blk_n                     |    9|          2|    1|          2|
    |out_stream_34_blk_n                     |    9|          2|    1|          2|
    |out_stream_35_blk_n                     |    9|          2|    1|          2|
    |out_stream_36_blk_n                     |    9|          2|    1|          2|
    |out_stream_37_blk_n                     |    9|          2|    1|          2|
    |out_stream_38_blk_n                     |    9|          2|    1|          2|
    |out_stream_39_blk_n                     |    9|          2|    1|          2|
    |out_stream_3_blk_n                      |    9|          2|    1|          2|
    |out_stream_40_blk_n                     |    9|          2|    1|          2|
    |out_stream_41_blk_n                     |    9|          2|    1|          2|
    |out_stream_42_blk_n                     |    9|          2|    1|          2|
    |out_stream_43_blk_n                     |    9|          2|    1|          2|
    |out_stream_44_blk_n                     |    9|          2|    1|          2|
    |out_stream_45_blk_n                     |    9|          2|    1|          2|
    |out_stream_46_blk_n                     |    9|          2|    1|          2|
    |out_stream_47_blk_n                     |    9|          2|    1|          2|
    |out_stream_48_blk_n                     |    9|          2|    1|          2|
    |out_stream_49_blk_n                     |    9|          2|    1|          2|
    |out_stream_4_blk_n                      |    9|          2|    1|          2|
    |out_stream_50_blk_n                     |    9|          2|    1|          2|
    |out_stream_51_blk_n                     |    9|          2|    1|          2|
    |out_stream_52_blk_n                     |    9|          2|    1|          2|
    |out_stream_53_blk_n                     |    9|          2|    1|          2|
    |out_stream_54_blk_n                     |    9|          2|    1|          2|
    |out_stream_55_blk_n                     |    9|          2|    1|          2|
    |out_stream_56_blk_n                     |    9|          2|    1|          2|
    |out_stream_57_blk_n                     |    9|          2|    1|          2|
    |out_stream_58_blk_n                     |    9|          2|    1|          2|
    |out_stream_59_blk_n                     |    9|          2|    1|          2|
    |out_stream_5_blk_n                      |    9|          2|    1|          2|
    |out_stream_60_blk_n                     |    9|          2|    1|          2|
    |out_stream_61_blk_n                     |    9|          2|    1|          2|
    |out_stream_62_blk_n                     |    9|          2|    1|          2|
    |out_stream_63_blk_n                     |    9|          2|    1|          2|
    |out_stream_64_blk_n                     |    9|          2|    1|          2|
    |out_stream_65_blk_n                     |    9|          2|    1|          2|
    |out_stream_66_blk_n                     |    9|          2|    1|          2|
    |out_stream_67_blk_n                     |    9|          2|    1|          2|
    |out_stream_68_blk_n                     |    9|          2|    1|          2|
    |out_stream_69_blk_n                     |    9|          2|    1|          2|
    |out_stream_6_blk_n                      |    9|          2|    1|          2|
    |out_stream_7_blk_n                      |    9|          2|    1|          2|
    |out_stream_8_blk_n                      |    9|          2|    1|          2|
    |out_stream_9_blk_n                      |    9|          2|    1|          2|
    +----------------------------------------+-----+-----------+-----+-----------+
    |Total                                   | 1072|        238|  114|       1339|
    +----------------------------------------+-----+-----------+-----+-----------+

    * Register: 
    +----------------------------------------+----+----+-----+-----------+
    |                  Name                  | FF | LUT| Bits| Const Bits|
    +----------------------------------------+----+----+-----+-----------+
    |ap_CS_fsm                               |   8|   0|    8|          0|
    |ap_done_reg                             |   1|   0|    1|          0|
    |ap_enable_reg_pp0_iter0                 |   1|   0|    1|          0|
    |ap_enable_reg_pp0_iter1                 |   1|   0|    1|          0|
    |ap_enable_reg_pp0_iter2                 |   1|   0|    1|          0|
    |ap_enable_reg_pp0_iter3                 |   1|   0|    1|          0|
    |ap_phi_reg_pp0_iter1_tmp_V_i_0_reg_808  |  16|   0|   16|          0|
    |ap_phi_reg_pp0_iter2_tmp_V_i_0_reg_808  |  16|   0|   16|          0|
    |ap_phi_reg_pp0_iter3_tmp_V_i_0_reg_808  |  16|   0|   16|          0|
    |i16_0_i_reg_797                         |   7|   0|    7|          0|
    |icmp_ln93_reg_1012                      |   1|   0|    1|          0|
    |indvar_flatten_i_reg_786                |  13|   0|   13|          0|
    |out_V_addr_reg_1006                     |  63|   0|   64|          1|
    |select_ln97_reg_1021                    |   7|   0|    7|          0|
    |tmp_V_3082_reg_1370                     |  16|   0|   16|          0|
    |tmp_V_3083_reg_1365                     |  16|   0|   16|          0|
    |tmp_V_3084_reg_1360                     |  16|   0|   16|          0|
    |tmp_V_3085_reg_1355                     |  16|   0|   16|          0|
    |tmp_V_3086_reg_1350                     |  16|   0|   16|          0|
    |tmp_V_3087_reg_1345                     |  16|   0|   16|          0|
    |tmp_V_3088_reg_1340                     |  16|   0|   16|          0|
    |tmp_V_3089_reg_1335                     |  16|   0|   16|          0|
    |tmp_V_3090_reg_1330                     |  16|   0|   16|          0|
    |tmp_V_3091_reg_1325                     |  16|   0|   16|          0|
    |tmp_V_3092_reg_1320                     |  16|   0|   16|          0|
    |tmp_V_3093_reg_1315                     |  16|   0|   16|          0|
    |tmp_V_3094_reg_1310                     |  16|   0|   16|          0|
    |tmp_V_3095_reg_1305                     |  16|   0|   16|          0|
    |tmp_V_3096_reg_1300                     |  16|   0|   16|          0|
    |tmp_V_3097_reg_1295                     |  16|   0|   16|          0|
    |tmp_V_3098_reg_1290                     |  16|   0|   16|          0|
    |tmp_V_3099_reg_1285                     |  16|   0|   16|          0|
    |tmp_V_3100_reg_1280                     |  16|   0|   16|          0|
    |tmp_V_3101_reg_1275                     |  16|   0|   16|          0|
    |tmp_V_3102_reg_1270                     |  16|   0|   16|          0|
    |tmp_V_3103_reg_1265                     |  16|   0|   16|          0|
    |tmp_V_3104_reg_1260                     |  16|   0|   16|          0|
    |tmp_V_3105_reg_1255                     |  16|   0|   16|          0|
    |tmp_V_3106_reg_1250                     |  16|   0|   16|          0|
    |tmp_V_3107_reg_1245                     |  16|   0|   16|          0|
    |tmp_V_3108_reg_1240                     |  16|   0|   16|          0|
    |tmp_V_3109_reg_1235                     |  16|   0|   16|          0|
    |tmp_V_3110_reg_1230                     |  16|   0|   16|          0|
    |tmp_V_3111_reg_1225                     |  16|   0|   16|          0|
    |tmp_V_3112_reg_1220                     |  16|   0|   16|          0|
    |tmp_V_3113_reg_1215                     |  16|   0|   16|          0|
    |tmp_V_3114_reg_1210                     |  16|   0|   16|          0|
    |tmp_V_3115_reg_1205                     |  16|   0|   16|          0|
    |tmp_V_3116_reg_1200                     |  16|   0|   16|          0|
    |tmp_V_3117_reg_1195                     |  16|   0|   16|          0|
    |tmp_V_3118_reg_1190                     |  16|   0|   16|          0|
    |tmp_V_3119_reg_1185                     |  16|   0|   16|          0|
    |tmp_V_3120_reg_1180                     |  16|   0|   16|          0|
    |tmp_V_3121_reg_1175                     |  16|   0|   16|          0|
    |tmp_V_3122_reg_1170                     |  16|   0|   16|          0|
    |tmp_V_3123_reg_1165                     |  16|   0|   16|          0|
    |tmp_V_3124_reg_1160                     |  16|   0|   16|          0|
    |tmp_V_3125_reg_1155                     |  16|   0|   16|          0|
    |tmp_V_3126_reg_1150                     |  16|   0|   16|          0|
    |tmp_V_3127_reg_1145                     |  16|   0|   16|          0|
    |tmp_V_3128_reg_1140                     |  16|   0|   16|          0|
    |tmp_V_3129_reg_1135                     |  16|   0|   16|          0|
    |tmp_V_3130_reg_1130                     |  16|   0|   16|          0|
    |tmp_V_3131_reg_1125                     |  16|   0|   16|          0|
    |tmp_V_3132_reg_1120                     |  16|   0|   16|          0|
    |tmp_V_3133_reg_1115                     |  16|   0|   16|          0|
    |tmp_V_3134_reg_1110                     |  16|   0|   16|          0|
    |tmp_V_3135_reg_1105                     |  16|   0|   16|          0|
    |tmp_V_3136_reg_1100                     |  16|   0|   16|          0|
    |tmp_V_3137_reg_1095                     |  16|   0|   16|          0|
    |tmp_V_3138_reg_1090                     |  16|   0|   16|          0|
    |tmp_V_3139_reg_1085                     |  16|   0|   16|          0|
    |tmp_V_3140_reg_1080                     |  16|   0|   16|          0|
    |tmp_V_3141_reg_1075                     |  16|   0|   16|          0|
    |tmp_V_3142_reg_1070                     |  16|   0|   16|          0|
    |tmp_V_3143_reg_1065                     |  16|   0|   16|          0|
    |tmp_V_3144_reg_1060                     |  16|   0|   16|          0|
    |tmp_V_3145_reg_1055                     |  16|   0|   16|          0|
    |tmp_V_3146_reg_1050                     |  16|   0|   16|          0|
    |tmp_V_3147_reg_1045                     |  16|   0|   16|          0|
    |tmp_V_3148_reg_1040                     |  16|   0|   16|          0|
    |tmp_V_3149_reg_1035                     |  16|   0|   16|          0|
    |tmp_V_3150_reg_1030                     |  16|   0|   16|          0|
    |tmp_V_reg_1375                          |  16|   0|   16|          0|
    |icmp_ln93_reg_1012                      |  64|  32|    1|          0|
    |select_ln97_reg_1021                    |  64|  32|    7|          0|
    +----------------------------------------+----+----+-----+-----------+
    |Total                                   |1400|  64| 1281|          1|
    +----------------------------------------+----+----+-----+-----------+



================================================================
== Interface
================================================================
* Summary: 
+-----------------------+-----+-----+------------+----------------+--------------+
|       RTL Ports       | Dir | Bits|  Protocol  |  Source Object |    C Type    |
+-----------------------+-----+-----+------------+----------------+--------------+
|ap_clk                 |  in |    1| ap_ctrl_hs | Loop_3_proc541 | return value |
|ap_rst                 |  in |    1| ap_ctrl_hs | Loop_3_proc541 | return value |
|ap_start               |  in |    1| ap_ctrl_hs | Loop_3_proc541 | return value |
|ap_done                | out |    1| ap_ctrl_hs | Loop_3_proc541 | return value |
|ap_continue            |  in |    1| ap_ctrl_hs | Loop_3_proc541 | return value |
|ap_idle                | out |    1| ap_ctrl_hs | Loop_3_proc541 | return value |
|ap_ready               | out |    1| ap_ctrl_hs | Loop_3_proc541 | return value |
|m_axi_out_V_AWVALID    | out |    1|    m_axi   |      out_V     |    pointer   |
|m_axi_out_V_AWREADY    |  in |    1|    m_axi   |      out_V     |    pointer   |
|m_axi_out_V_AWADDR     | out |   64|    m_axi   |      out_V     |    pointer   |
|m_axi_out_V_AWID       | out |    1|    m_axi   |      out_V     |    pointer   |
|m_axi_out_V_AWLEN      | out |   32|    m_axi   |      out_V     |    pointer   |
|m_axi_out_V_AWSIZE     | out |    3|    m_axi   |      out_V     |    pointer   |
|m_axi_out_V_AWBURST    | out |    2|    m_axi   |      out_V     |    pointer   |
|m_axi_out_V_AWLOCK     | out |    2|    m_axi   |      out_V     |    pointer   |
|m_axi_out_V_AWCACHE    | out |    4|    m_axi   |      out_V     |    pointer   |
|m_axi_out_V_AWPROT     | out |    3|    m_axi   |      out_V     |    pointer   |
|m_axi_out_V_AWQOS      | out |    4|    m_axi   |      out_V     |    pointer   |
|m_axi_out_V_AWREGION   | out |    4|    m_axi   |      out_V     |    pointer   |
|m_axi_out_V_AWUSER     | out |    1|    m_axi   |      out_V     |    pointer   |
|m_axi_out_V_WVALID     | out |    1|    m_axi   |      out_V     |    pointer   |
|m_axi_out_V_WREADY     |  in |    1|    m_axi   |      out_V     |    pointer   |
|m_axi_out_V_WDATA      | out |   16|    m_axi   |      out_V     |    pointer   |
|m_axi_out_V_WSTRB      | out |    2|    m_axi   |      out_V     |    pointer   |
|m_axi_out_V_WLAST      | out |    1|    m_axi   |      out_V     |    pointer   |
|m_axi_out_V_WID        | out |    1|    m_axi   |      out_V     |    pointer   |
|m_axi_out_V_WUSER      | out |    1|    m_axi   |      out_V     |    pointer   |
|m_axi_out_V_ARVALID    | out |    1|    m_axi   |      out_V     |    pointer   |
|m_axi_out_V_ARREADY    |  in |    1|    m_axi   |      out_V     |    pointer   |
|m_axi_out_V_ARADDR     | out |   64|    m_axi   |      out_V     |    pointer   |
|m_axi_out_V_ARID       | out |    1|    m_axi   |      out_V     |    pointer   |
|m_axi_out_V_ARLEN      | out |   32|    m_axi   |      out_V     |    pointer   |
|m_axi_out_V_ARSIZE     | out |    3|    m_axi   |      out_V     |    pointer   |
|m_axi_out_V_ARBURST    | out |    2|    m_axi   |      out_V     |    pointer   |
|m_axi_out_V_ARLOCK     | out |    2|    m_axi   |      out_V     |    pointer   |
|m_axi_out_V_ARCACHE    | out |    4|    m_axi   |      out_V     |    pointer   |
|m_axi_out_V_ARPROT     | out |    3|    m_axi   |      out_V     |    pointer   |
|m_axi_out_V_ARQOS      | out |    4|    m_axi   |      out_V     |    pointer   |
|m_axi_out_V_ARREGION   | out |    4|    m_axi   |      out_V     |    pointer   |
|m_axi_out_V_ARUSER     | out |    1|    m_axi   |      out_V     |    pointer   |
|m_axi_out_V_RVALID     |  in |    1|    m_axi   |      out_V     |    pointer   |
|m_axi_out_V_RREADY     | out |    1|    m_axi   |      out_V     |    pointer   |
|m_axi_out_V_RDATA      |  in |   16|    m_axi   |      out_V     |    pointer   |
|m_axi_out_V_RLAST      |  in |    1|    m_axi   |      out_V     |    pointer   |
|m_axi_out_V_RID        |  in |    1|    m_axi   |      out_V     |    pointer   |
|m_axi_out_V_RUSER      |  in |    1|    m_axi   |      out_V     |    pointer   |
|m_axi_out_V_RRESP      |  in |    2|    m_axi   |      out_V     |    pointer   |
|m_axi_out_V_BVALID     |  in |    1|    m_axi   |      out_V     |    pointer   |
|m_axi_out_V_BREADY     | out |    1|    m_axi   |      out_V     |    pointer   |
|m_axi_out_V_BRESP      |  in |    2|    m_axi   |      out_V     |    pointer   |
|m_axi_out_V_BID        |  in |    1|    m_axi   |      out_V     |    pointer   |
|m_axi_out_V_BUSER      |  in |    1|    m_axi   |      out_V     |    pointer   |
|out_V_offset_dout      |  in |   64|   ap_fifo  |  out_V_offset  |    pointer   |
|out_V_offset_empty_n   |  in |    1|   ap_fifo  |  out_V_offset  |    pointer   |
|out_V_offset_read      | out |    1|   ap_fifo  |  out_V_offset  |    pointer   |
|out_stream_0_dout      |  in |   16|   ap_fifo  |  out_stream_0  |    pointer   |
|out_stream_0_empty_n   |  in |    1|   ap_fifo  |  out_stream_0  |    pointer   |
|out_stream_0_read      | out |    1|   ap_fifo  |  out_stream_0  |    pointer   |
|out_stream_1_dout      |  in |   16|   ap_fifo  |  out_stream_1  |    pointer   |
|out_stream_1_empty_n   |  in |    1|   ap_fifo  |  out_stream_1  |    pointer   |
|out_stream_1_read      | out |    1|   ap_fifo  |  out_stream_1  |    pointer   |
|out_stream_2_dout      |  in |   16|   ap_fifo  |  out_stream_2  |    pointer   |
|out_stream_2_empty_n   |  in |    1|   ap_fifo  |  out_stream_2  |    pointer   |
|out_stream_2_read      | out |    1|   ap_fifo  |  out_stream_2  |    pointer   |
|out_stream_3_dout      |  in |   16|   ap_fifo  |  out_stream_3  |    pointer   |
|out_stream_3_empty_n   |  in |    1|   ap_fifo  |  out_stream_3  |    pointer   |
|out_stream_3_read      | out |    1|   ap_fifo  |  out_stream_3  |    pointer   |
|out_stream_4_dout      |  in |   16|   ap_fifo  |  out_stream_4  |    pointer   |
|out_stream_4_empty_n   |  in |    1|   ap_fifo  |  out_stream_4  |    pointer   |
|out_stream_4_read      | out |    1|   ap_fifo  |  out_stream_4  |    pointer   |
|out_stream_5_dout      |  in |   16|   ap_fifo  |  out_stream_5  |    pointer   |
|out_stream_5_empty_n   |  in |    1|   ap_fifo  |  out_stream_5  |    pointer   |
|out_stream_5_read      | out |    1|   ap_fifo  |  out_stream_5  |    pointer   |
|out_stream_6_dout      |  in |   16|   ap_fifo  |  out_stream_6  |    pointer   |
|out_stream_6_empty_n   |  in |    1|   ap_fifo  |  out_stream_6  |    pointer   |
|out_stream_6_read      | out |    1|   ap_fifo  |  out_stream_6  |    pointer   |
|out_stream_7_dout      |  in |   16|   ap_fifo  |  out_stream_7  |    pointer   |
|out_stream_7_empty_n   |  in |    1|   ap_fifo  |  out_stream_7  |    pointer   |
|out_stream_7_read      | out |    1|   ap_fifo  |  out_stream_7  |    pointer   |
|out_stream_8_dout      |  in |   16|   ap_fifo  |  out_stream_8  |    pointer   |
|out_stream_8_empty_n   |  in |    1|   ap_fifo  |  out_stream_8  |    pointer   |
|out_stream_8_read      | out |    1|   ap_fifo  |  out_stream_8  |    pointer   |
|out_stream_9_dout      |  in |   16|   ap_fifo  |  out_stream_9  |    pointer   |
|out_stream_9_empty_n   |  in |    1|   ap_fifo  |  out_stream_9  |    pointer   |
|out_stream_9_read      | out |    1|   ap_fifo  |  out_stream_9  |    pointer   |
|out_stream_10_dout     |  in |   16|   ap_fifo  |  out_stream_10 |    pointer   |
|out_stream_10_empty_n  |  in |    1|   ap_fifo  |  out_stream_10 |    pointer   |
|out_stream_10_read     | out |    1|   ap_fifo  |  out_stream_10 |    pointer   |
|out_stream_11_dout     |  in |   16|   ap_fifo  |  out_stream_11 |    pointer   |
|out_stream_11_empty_n  |  in |    1|   ap_fifo  |  out_stream_11 |    pointer   |
|out_stream_11_read     | out |    1|   ap_fifo  |  out_stream_11 |    pointer   |
|out_stream_12_dout     |  in |   16|   ap_fifo  |  out_stream_12 |    pointer   |
|out_stream_12_empty_n  |  in |    1|   ap_fifo  |  out_stream_12 |    pointer   |
|out_stream_12_read     | out |    1|   ap_fifo  |  out_stream_12 |    pointer   |
|out_stream_13_dout     |  in |   16|   ap_fifo  |  out_stream_13 |    pointer   |
|out_stream_13_empty_n  |  in |    1|   ap_fifo  |  out_stream_13 |    pointer   |
|out_stream_13_read     | out |    1|   ap_fifo  |  out_stream_13 |    pointer   |
|out_stream_14_dout     |  in |   16|   ap_fifo  |  out_stream_14 |    pointer   |
|out_stream_14_empty_n  |  in |    1|   ap_fifo  |  out_stream_14 |    pointer   |
|out_stream_14_read     | out |    1|   ap_fifo  |  out_stream_14 |    pointer   |
|out_stream_15_dout     |  in |   16|   ap_fifo  |  out_stream_15 |    pointer   |
|out_stream_15_empty_n  |  in |    1|   ap_fifo  |  out_stream_15 |    pointer   |
|out_stream_15_read     | out |    1|   ap_fifo  |  out_stream_15 |    pointer   |
|out_stream_16_dout     |  in |   16|   ap_fifo  |  out_stream_16 |    pointer   |
|out_stream_16_empty_n  |  in |    1|   ap_fifo  |  out_stream_16 |    pointer   |
|out_stream_16_read     | out |    1|   ap_fifo  |  out_stream_16 |    pointer   |
|out_stream_17_dout     |  in |   16|   ap_fifo  |  out_stream_17 |    pointer   |
|out_stream_17_empty_n  |  in |    1|   ap_fifo  |  out_stream_17 |    pointer   |
|out_stream_17_read     | out |    1|   ap_fifo  |  out_stream_17 |    pointer   |
|out_stream_18_dout     |  in |   16|   ap_fifo  |  out_stream_18 |    pointer   |
|out_stream_18_empty_n  |  in |    1|   ap_fifo  |  out_stream_18 |    pointer   |
|out_stream_18_read     | out |    1|   ap_fifo  |  out_stream_18 |    pointer   |
|out_stream_19_dout     |  in |   16|   ap_fifo  |  out_stream_19 |    pointer   |
|out_stream_19_empty_n  |  in |    1|   ap_fifo  |  out_stream_19 |    pointer   |
|out_stream_19_read     | out |    1|   ap_fifo  |  out_stream_19 |    pointer   |
|out_stream_20_dout     |  in |   16|   ap_fifo  |  out_stream_20 |    pointer   |
|out_stream_20_empty_n  |  in |    1|   ap_fifo  |  out_stream_20 |    pointer   |
|out_stream_20_read     | out |    1|   ap_fifo  |  out_stream_20 |    pointer   |
|out_stream_21_dout     |  in |   16|   ap_fifo  |  out_stream_21 |    pointer   |
|out_stream_21_empty_n  |  in |    1|   ap_fifo  |  out_stream_21 |    pointer   |
|out_stream_21_read     | out |    1|   ap_fifo  |  out_stream_21 |    pointer   |
|out_stream_22_dout     |  in |   16|   ap_fifo  |  out_stream_22 |    pointer   |
|out_stream_22_empty_n  |  in |    1|   ap_fifo  |  out_stream_22 |    pointer   |
|out_stream_22_read     | out |    1|   ap_fifo  |  out_stream_22 |    pointer   |
|out_stream_23_dout     |  in |   16|   ap_fifo  |  out_stream_23 |    pointer   |
|out_stream_23_empty_n  |  in |    1|   ap_fifo  |  out_stream_23 |    pointer   |
|out_stream_23_read     | out |    1|   ap_fifo  |  out_stream_23 |    pointer   |
|out_stream_24_dout     |  in |   16|   ap_fifo  |  out_stream_24 |    pointer   |
|out_stream_24_empty_n  |  in |    1|   ap_fifo  |  out_stream_24 |    pointer   |
|out_stream_24_read     | out |    1|   ap_fifo  |  out_stream_24 |    pointer   |
|out_stream_25_dout     |  in |   16|   ap_fifo  |  out_stream_25 |    pointer   |
|out_stream_25_empty_n  |  in |    1|   ap_fifo  |  out_stream_25 |    pointer   |
|out_stream_25_read     | out |    1|   ap_fifo  |  out_stream_25 |    pointer   |
|out_stream_26_dout     |  in |   16|   ap_fifo  |  out_stream_26 |    pointer   |
|out_stream_26_empty_n  |  in |    1|   ap_fifo  |  out_stream_26 |    pointer   |
|out_stream_26_read     | out |    1|   ap_fifo  |  out_stream_26 |    pointer   |
|out_stream_27_dout     |  in |   16|   ap_fifo  |  out_stream_27 |    pointer   |
|out_stream_27_empty_n  |  in |    1|   ap_fifo  |  out_stream_27 |    pointer   |
|out_stream_27_read     | out |    1|   ap_fifo  |  out_stream_27 |    pointer   |
|out_stream_28_dout     |  in |   16|   ap_fifo  |  out_stream_28 |    pointer   |
|out_stream_28_empty_n  |  in |    1|   ap_fifo  |  out_stream_28 |    pointer   |
|out_stream_28_read     | out |    1|   ap_fifo  |  out_stream_28 |    pointer   |
|out_stream_29_dout     |  in |   16|   ap_fifo  |  out_stream_29 |    pointer   |
|out_stream_29_empty_n  |  in |    1|   ap_fifo  |  out_stream_29 |    pointer   |
|out_stream_29_read     | out |    1|   ap_fifo  |  out_stream_29 |    pointer   |
|out_stream_30_dout     |  in |   16|   ap_fifo  |  out_stream_30 |    pointer   |
|out_stream_30_empty_n  |  in |    1|   ap_fifo  |  out_stream_30 |    pointer   |
|out_stream_30_read     | out |    1|   ap_fifo  |  out_stream_30 |    pointer   |
|out_stream_31_dout     |  in |   16|   ap_fifo  |  out_stream_31 |    pointer   |
|out_stream_31_empty_n  |  in |    1|   ap_fifo  |  out_stream_31 |    pointer   |
|out_stream_31_read     | out |    1|   ap_fifo  |  out_stream_31 |    pointer   |
|out_stream_32_dout     |  in |   16|   ap_fifo  |  out_stream_32 |    pointer   |
|out_stream_32_empty_n  |  in |    1|   ap_fifo  |  out_stream_32 |    pointer   |
|out_stream_32_read     | out |    1|   ap_fifo  |  out_stream_32 |    pointer   |
|out_stream_33_dout     |  in |   16|   ap_fifo  |  out_stream_33 |    pointer   |
|out_stream_33_empty_n  |  in |    1|   ap_fifo  |  out_stream_33 |    pointer   |
|out_stream_33_read     | out |    1|   ap_fifo  |  out_stream_33 |    pointer   |
|out_stream_34_dout     |  in |   16|   ap_fifo  |  out_stream_34 |    pointer   |
|out_stream_34_empty_n  |  in |    1|   ap_fifo  |  out_stream_34 |    pointer   |
|out_stream_34_read     | out |    1|   ap_fifo  |  out_stream_34 |    pointer   |
|out_stream_35_dout     |  in |   16|   ap_fifo  |  out_stream_35 |    pointer   |
|out_stream_35_empty_n  |  in |    1|   ap_fifo  |  out_stream_35 |    pointer   |
|out_stream_35_read     | out |    1|   ap_fifo  |  out_stream_35 |    pointer   |
|out_stream_36_dout     |  in |   16|   ap_fifo  |  out_stream_36 |    pointer   |
|out_stream_36_empty_n  |  in |    1|   ap_fifo  |  out_stream_36 |    pointer   |
|out_stream_36_read     | out |    1|   ap_fifo  |  out_stream_36 |    pointer   |
|out_stream_37_dout     |  in |   16|   ap_fifo  |  out_stream_37 |    pointer   |
|out_stream_37_empty_n  |  in |    1|   ap_fifo  |  out_stream_37 |    pointer   |
|out_stream_37_read     | out |    1|   ap_fifo  |  out_stream_37 |    pointer   |
|out_stream_38_dout     |  in |   16|   ap_fifo  |  out_stream_38 |    pointer   |
|out_stream_38_empty_n  |  in |    1|   ap_fifo  |  out_stream_38 |    pointer   |
|out_stream_38_read     | out |    1|   ap_fifo  |  out_stream_38 |    pointer   |
|out_stream_39_dout     |  in |   16|   ap_fifo  |  out_stream_39 |    pointer   |
|out_stream_39_empty_n  |  in |    1|   ap_fifo  |  out_stream_39 |    pointer   |
|out_stream_39_read     | out |    1|   ap_fifo  |  out_stream_39 |    pointer   |
|out_stream_40_dout     |  in |   16|   ap_fifo  |  out_stream_40 |    pointer   |
|out_stream_40_empty_n  |  in |    1|   ap_fifo  |  out_stream_40 |    pointer   |
|out_stream_40_read     | out |    1|   ap_fifo  |  out_stream_40 |    pointer   |
|out_stream_41_dout     |  in |   16|   ap_fifo  |  out_stream_41 |    pointer   |
|out_stream_41_empty_n  |  in |    1|   ap_fifo  |  out_stream_41 |    pointer   |
|out_stream_41_read     | out |    1|   ap_fifo  |  out_stream_41 |    pointer   |
|out_stream_42_dout     |  in |   16|   ap_fifo  |  out_stream_42 |    pointer   |
|out_stream_42_empty_n  |  in |    1|   ap_fifo  |  out_stream_42 |    pointer   |
|out_stream_42_read     | out |    1|   ap_fifo  |  out_stream_42 |    pointer   |
|out_stream_43_dout     |  in |   16|   ap_fifo  |  out_stream_43 |    pointer   |
|out_stream_43_empty_n  |  in |    1|   ap_fifo  |  out_stream_43 |    pointer   |
|out_stream_43_read     | out |    1|   ap_fifo  |  out_stream_43 |    pointer   |
|out_stream_44_dout     |  in |   16|   ap_fifo  |  out_stream_44 |    pointer   |
|out_stream_44_empty_n  |  in |    1|   ap_fifo  |  out_stream_44 |    pointer   |
|out_stream_44_read     | out |    1|   ap_fifo  |  out_stream_44 |    pointer   |
|out_stream_45_dout     |  in |   16|   ap_fifo  |  out_stream_45 |    pointer   |
|out_stream_45_empty_n  |  in |    1|   ap_fifo  |  out_stream_45 |    pointer   |
|out_stream_45_read     | out |    1|   ap_fifo  |  out_stream_45 |    pointer   |
|out_stream_46_dout     |  in |   16|   ap_fifo  |  out_stream_46 |    pointer   |
|out_stream_46_empty_n  |  in |    1|   ap_fifo  |  out_stream_46 |    pointer   |
|out_stream_46_read     | out |    1|   ap_fifo  |  out_stream_46 |    pointer   |
|out_stream_47_dout     |  in |   16|   ap_fifo  |  out_stream_47 |    pointer   |
|out_stream_47_empty_n  |  in |    1|   ap_fifo  |  out_stream_47 |    pointer   |
|out_stream_47_read     | out |    1|   ap_fifo  |  out_stream_47 |    pointer   |
|out_stream_48_dout     |  in |   16|   ap_fifo  |  out_stream_48 |    pointer   |
|out_stream_48_empty_n  |  in |    1|   ap_fifo  |  out_stream_48 |    pointer   |
|out_stream_48_read     | out |    1|   ap_fifo  |  out_stream_48 |    pointer   |
|out_stream_49_dout     |  in |   16|   ap_fifo  |  out_stream_49 |    pointer   |
|out_stream_49_empty_n  |  in |    1|   ap_fifo  |  out_stream_49 |    pointer   |
|out_stream_49_read     | out |    1|   ap_fifo  |  out_stream_49 |    pointer   |
|out_stream_50_dout     |  in |   16|   ap_fifo  |  out_stream_50 |    pointer   |
|out_stream_50_empty_n  |  in |    1|   ap_fifo  |  out_stream_50 |    pointer   |
|out_stream_50_read     | out |    1|   ap_fifo  |  out_stream_50 |    pointer   |
|out_stream_51_dout     |  in |   16|   ap_fifo  |  out_stream_51 |    pointer   |
|out_stream_51_empty_n  |  in |    1|   ap_fifo  |  out_stream_51 |    pointer   |
|out_stream_51_read     | out |    1|   ap_fifo  |  out_stream_51 |    pointer   |
|out_stream_52_dout     |  in |   16|   ap_fifo  |  out_stream_52 |    pointer   |
|out_stream_52_empty_n  |  in |    1|   ap_fifo  |  out_stream_52 |    pointer   |
|out_stream_52_read     | out |    1|   ap_fifo  |  out_stream_52 |    pointer   |
|out_stream_53_dout     |  in |   16|   ap_fifo  |  out_stream_53 |    pointer   |
|out_stream_53_empty_n  |  in |    1|   ap_fifo  |  out_stream_53 |    pointer   |
|out_stream_53_read     | out |    1|   ap_fifo  |  out_stream_53 |    pointer   |
|out_stream_54_dout     |  in |   16|   ap_fifo  |  out_stream_54 |    pointer   |
|out_stream_54_empty_n  |  in |    1|   ap_fifo  |  out_stream_54 |    pointer   |
|out_stream_54_read     | out |    1|   ap_fifo  |  out_stream_54 |    pointer   |
|out_stream_55_dout     |  in |   16|   ap_fifo  |  out_stream_55 |    pointer   |
|out_stream_55_empty_n  |  in |    1|   ap_fifo  |  out_stream_55 |    pointer   |
|out_stream_55_read     | out |    1|   ap_fifo  |  out_stream_55 |    pointer   |
|out_stream_56_dout     |  in |   16|   ap_fifo  |  out_stream_56 |    pointer   |
|out_stream_56_empty_n  |  in |    1|   ap_fifo  |  out_stream_56 |    pointer   |
|out_stream_56_read     | out |    1|   ap_fifo  |  out_stream_56 |    pointer   |
|out_stream_57_dout     |  in |   16|   ap_fifo  |  out_stream_57 |    pointer   |
|out_stream_57_empty_n  |  in |    1|   ap_fifo  |  out_stream_57 |    pointer   |
|out_stream_57_read     | out |    1|   ap_fifo  |  out_stream_57 |    pointer   |
|out_stream_58_dout     |  in |   16|   ap_fifo  |  out_stream_58 |    pointer   |
|out_stream_58_empty_n  |  in |    1|   ap_fifo  |  out_stream_58 |    pointer   |
|out_stream_58_read     | out |    1|   ap_fifo  |  out_stream_58 |    pointer   |
|out_stream_59_dout     |  in |   16|   ap_fifo  |  out_stream_59 |    pointer   |
|out_stream_59_empty_n  |  in |    1|   ap_fifo  |  out_stream_59 |    pointer   |
|out_stream_59_read     | out |    1|   ap_fifo  |  out_stream_59 |    pointer   |
|out_stream_60_dout     |  in |   16|   ap_fifo  |  out_stream_60 |    pointer   |
|out_stream_60_empty_n  |  in |    1|   ap_fifo  |  out_stream_60 |    pointer   |
|out_stream_60_read     | out |    1|   ap_fifo  |  out_stream_60 |    pointer   |
|out_stream_61_dout     |  in |   16|   ap_fifo  |  out_stream_61 |    pointer   |
|out_stream_61_empty_n  |  in |    1|   ap_fifo  |  out_stream_61 |    pointer   |
|out_stream_61_read     | out |    1|   ap_fifo  |  out_stream_61 |    pointer   |
|out_stream_62_dout     |  in |   16|   ap_fifo  |  out_stream_62 |    pointer   |
|out_stream_62_empty_n  |  in |    1|   ap_fifo  |  out_stream_62 |    pointer   |
|out_stream_62_read     | out |    1|   ap_fifo  |  out_stream_62 |    pointer   |
|out_stream_63_dout     |  in |   16|   ap_fifo  |  out_stream_63 |    pointer   |
|out_stream_63_empty_n  |  in |    1|   ap_fifo  |  out_stream_63 |    pointer   |
|out_stream_63_read     | out |    1|   ap_fifo  |  out_stream_63 |    pointer   |
|out_stream_64_dout     |  in |   16|   ap_fifo  |  out_stream_64 |    pointer   |
|out_stream_64_empty_n  |  in |    1|   ap_fifo  |  out_stream_64 |    pointer   |
|out_stream_64_read     | out |    1|   ap_fifo  |  out_stream_64 |    pointer   |
|out_stream_65_dout     |  in |   16|   ap_fifo  |  out_stream_65 |    pointer   |
|out_stream_65_empty_n  |  in |    1|   ap_fifo  |  out_stream_65 |    pointer   |
|out_stream_65_read     | out |    1|   ap_fifo  |  out_stream_65 |    pointer   |
|out_stream_66_dout     |  in |   16|   ap_fifo  |  out_stream_66 |    pointer   |
|out_stream_66_empty_n  |  in |    1|   ap_fifo  |  out_stream_66 |    pointer   |
|out_stream_66_read     | out |    1|   ap_fifo  |  out_stream_66 |    pointer   |
|out_stream_67_dout     |  in |   16|   ap_fifo  |  out_stream_67 |    pointer   |
|out_stream_67_empty_n  |  in |    1|   ap_fifo  |  out_stream_67 |    pointer   |
|out_stream_67_read     | out |    1|   ap_fifo  |  out_stream_67 |    pointer   |
|out_stream_68_dout     |  in |   16|   ap_fifo  |  out_stream_68 |    pointer   |
|out_stream_68_empty_n  |  in |    1|   ap_fifo  |  out_stream_68 |    pointer   |
|out_stream_68_read     | out |    1|   ap_fifo  |  out_stream_68 |    pointer   |
|out_stream_69_dout     |  in |   16|   ap_fifo  |  out_stream_69 |    pointer   |
|out_stream_69_empty_n  |  in |    1|   ap_fifo  |  out_stream_69 |    pointer   |
|out_stream_69_read     | out |    1|   ap_fifo  |  out_stream_69 |    pointer   |
+-----------------------+-----+-----+------------+----------------+--------------+

