

================================================================
== Vivado HLS Report for 'next_r'
================================================================
* Date:           Wed Oct 25 04:17:52 2023

* Version:        2019.2 (Build 2704478 on Wed Nov 06 22:10:23 MST 2019)
* Project:        alveo_hls4ml
* Solution:       solution
* Product family: virtexuplus
* Target device:  xcu50-fsvh2104-2L-e


================================================================
== Performance Estimates
================================================================
+ Timing: 
    * Summary: 
    +--------+---------+----------+------------+
    |  Clock |  Target | Estimated| Uncertainty|
    +--------+---------+----------+------------+
    |ap_clk  | 4.00 ns | 3.100 ns |   0.90 ns  |
    +--------+---------+----------+------------+

+ Latency: 
    * Summary: 
    +---------+---------+-----------+-----------+-----+-----+---------+
    |  Latency (cycles) |   Latency (absolute)  |  Interval | Pipeline|
    |   min   |   max   |    min    |    max    | min | max |   Type  |
    +---------+---------+-----------+-----------+-----+-----+---------+
    |        5|        5| 20.000 ns | 20.000 ns |    5|    5|   none  |
    +---------+---------+-----------+-----------+-----+-----+---------+

    + Detail: 
        * Instance: 
        +--------------------+--------+---------+---------+-----------+-----------+-----+-----+---------+
        |                    |        |  Latency (cycles) |   Latency (absolute)  |  Interval | Pipeline|
        |      Instance      | Module |   min   |   max   |    min    |    max    | min | max |   Type  |
        +--------------------+--------+---------+---------+-----------+-----------+-----+-----+---------+
        |grp_next_1_fu_516   |next_1  |        4|        4| 16.000 ns | 16.000 ns |    4|    4|   none  |
        |grp_next_1_fu_524   |next_1  |        4|        4| 16.000 ns | 16.000 ns |    4|    4|   none  |
        |grp_next_1_fu_532   |next_1  |        4|        4| 16.000 ns | 16.000 ns |    4|    4|   none  |
        |grp_next_1_fu_540   |next_1  |        4|        4| 16.000 ns | 16.000 ns |    4|    4|   none  |
        |grp_next_1_fu_548   |next_1  |        4|        4| 16.000 ns | 16.000 ns |    4|    4|   none  |
        |grp_next_1_fu_556   |next_1  |        4|        4| 16.000 ns | 16.000 ns |    4|    4|   none  |
        |grp_next_1_fu_564   |next_1  |        4|        4| 16.000 ns | 16.000 ns |    4|    4|   none  |
        |grp_next_1_fu_572   |next_1  |        4|        4| 16.000 ns | 16.000 ns |    4|    4|   none  |
        |grp_next_1_fu_580   |next_1  |        4|        4| 16.000 ns | 16.000 ns |    4|    4|   none  |
        |grp_next_1_fu_588   |next_1  |        4|        4| 16.000 ns | 16.000 ns |    4|    4|   none  |
        |grp_next_1_fu_596   |next_1  |        4|        4| 16.000 ns | 16.000 ns |    4|    4|   none  |
        |grp_next_1_fu_604   |next_1  |        4|        4| 16.000 ns | 16.000 ns |    4|    4|   none  |
        |grp_next_1_fu_612   |next_1  |        4|        4| 16.000 ns | 16.000 ns |    4|    4|   none  |
        |grp_next_1_fu_620   |next_1  |        4|        4| 16.000 ns | 16.000 ns |    4|    4|   none  |
        |grp_next_1_fu_628   |next_1  |        4|        4| 16.000 ns | 16.000 ns |    4|    4|   none  |
        |grp_next_1_fu_636   |next_1  |        4|        4| 16.000 ns | 16.000 ns |    4|    4|   none  |
        |grp_next_1_fu_644   |next_1  |        4|        4| 16.000 ns | 16.000 ns |    4|    4|   none  |
        |grp_next_1_fu_652   |next_1  |        4|        4| 16.000 ns | 16.000 ns |    4|    4|   none  |
        |grp_next_1_fu_660   |next_1  |        4|        4| 16.000 ns | 16.000 ns |    4|    4|   none  |
        |grp_next_1_fu_668   |next_1  |        4|        4| 16.000 ns | 16.000 ns |    4|    4|   none  |
        |grp_next_1_fu_676   |next_1  |        4|        4| 16.000 ns | 16.000 ns |    4|    4|   none  |
        |grp_next_1_fu_684   |next_1  |        4|        4| 16.000 ns | 16.000 ns |    4|    4|   none  |
        |grp_next_1_fu_692   |next_1  |        4|        4| 16.000 ns | 16.000 ns |    4|    4|   none  |
        |grp_next_1_fu_700   |next_1  |        4|        4| 16.000 ns | 16.000 ns |    4|    4|   none  |
        |grp_next_1_fu_708   |next_1  |        4|        4| 16.000 ns | 16.000 ns |    4|    4|   none  |
        |grp_next_1_fu_716   |next_1  |        4|        4| 16.000 ns | 16.000 ns |    4|    4|   none  |
        |grp_next_1_fu_724   |next_1  |        4|        4| 16.000 ns | 16.000 ns |    4|    4|   none  |
        |grp_next_1_fu_732   |next_1  |        4|        4| 16.000 ns | 16.000 ns |    4|    4|   none  |
        |grp_next_1_fu_740   |next_1  |        4|        4| 16.000 ns | 16.000 ns |    4|    4|   none  |
        |grp_next_1_fu_748   |next_1  |        4|        4| 16.000 ns | 16.000 ns |    4|    4|   none  |
        |grp_next_1_fu_756   |next_1  |        4|        4| 16.000 ns | 16.000 ns |    4|    4|   none  |
        |grp_next_1_fu_764   |next_1  |        4|        4| 16.000 ns | 16.000 ns |    4|    4|   none  |
        |grp_next_1_fu_772   |next_1  |        4|        4| 16.000 ns | 16.000 ns |    4|    4|   none  |
        |grp_next_1_fu_780   |next_1  |        4|        4| 16.000 ns | 16.000 ns |    4|    4|   none  |
        |grp_next_1_fu_788   |next_1  |        4|        4| 16.000 ns | 16.000 ns |    4|    4|   none  |
        |grp_next_1_fu_796   |next_1  |        4|        4| 16.000 ns | 16.000 ns |    4|    4|   none  |
        |grp_next_1_fu_804   |next_1  |        4|        4| 16.000 ns | 16.000 ns |    4|    4|   none  |
        |grp_next_1_fu_812   |next_1  |        4|        4| 16.000 ns | 16.000 ns |    4|    4|   none  |
        |grp_next_1_fu_820   |next_1  |        4|        4| 16.000 ns | 16.000 ns |    4|    4|   none  |
        |grp_next_1_fu_828   |next_1  |        4|        4| 16.000 ns | 16.000 ns |    4|    4|   none  |
        |grp_next_1_fu_836   |next_1  |        4|        4| 16.000 ns | 16.000 ns |    4|    4|   none  |
        |grp_next_1_fu_844   |next_1  |        4|        4| 16.000 ns | 16.000 ns |    4|    4|   none  |
        |grp_next_1_fu_852   |next_1  |        4|        4| 16.000 ns | 16.000 ns |    4|    4|   none  |
        |grp_next_1_fu_860   |next_1  |        4|        4| 16.000 ns | 16.000 ns |    4|    4|   none  |
        |grp_next_1_fu_868   |next_1  |        4|        4| 16.000 ns | 16.000 ns |    4|    4|   none  |
        |grp_next_1_fu_876   |next_1  |        4|        4| 16.000 ns | 16.000 ns |    4|    4|   none  |
        |grp_next_1_fu_884   |next_1  |        4|        4| 16.000 ns | 16.000 ns |    4|    4|   none  |
        |grp_next_1_fu_892   |next_1  |        4|        4| 16.000 ns | 16.000 ns |    4|    4|   none  |
        |grp_next_1_fu_900   |next_1  |        4|        4| 16.000 ns | 16.000 ns |    4|    4|   none  |
        |grp_next_1_fu_908   |next_1  |        4|        4| 16.000 ns | 16.000 ns |    4|    4|   none  |
        |grp_next_1_fu_916   |next_1  |        4|        4| 16.000 ns | 16.000 ns |    4|    4|   none  |
        |grp_next_1_fu_924   |next_1  |        4|        4| 16.000 ns | 16.000 ns |    4|    4|   none  |
        |grp_next_1_fu_932   |next_1  |        4|        4| 16.000 ns | 16.000 ns |    4|    4|   none  |
        |grp_next_1_fu_940   |next_1  |        4|        4| 16.000 ns | 16.000 ns |    4|    4|   none  |
        |grp_next_1_fu_948   |next_1  |        4|        4| 16.000 ns | 16.000 ns |    4|    4|   none  |
        |grp_next_1_fu_956   |next_1  |        4|        4| 16.000 ns | 16.000 ns |    4|    4|   none  |
        |grp_next_1_fu_964   |next_1  |        4|        4| 16.000 ns | 16.000 ns |    4|    4|   none  |
        |grp_next_1_fu_972   |next_1  |        4|        4| 16.000 ns | 16.000 ns |    4|    4|   none  |
        |grp_next_1_fu_980   |next_1  |        4|        4| 16.000 ns | 16.000 ns |    4|    4|   none  |
        |grp_next_1_fu_988   |next_1  |        4|        4| 16.000 ns | 16.000 ns |    4|    4|   none  |
        |grp_next_1_fu_996   |next_1  |        4|        4| 16.000 ns | 16.000 ns |    4|    4|   none  |
        |grp_next_1_fu_1004  |next_1  |        4|        4| 16.000 ns | 16.000 ns |    4|    4|   none  |
        |grp_next_1_fu_1012  |next_1  |        4|        4| 16.000 ns | 16.000 ns |    4|    4|   none  |
        |grp_next_1_fu_1020  |next_1  |        4|        4| 16.000 ns | 16.000 ns |    4|    4|   none  |
        +--------------------+--------+---------+---------+-----------+-----------+-----+-----+---------+

        * Loop: 
        N/A



================================================================
== Utilization Estimates
================================================================
* Summary: 
+---------------------+---------+-------+---------+--------+-----+
|         Name        | BRAM_18K| DSP48E|    FF   |   LUT  | URAM|
+---------------------+---------+-------+---------+--------+-----+
|DSP                  |        -|      -|        -|       -|    -|
|Expression           |        -|      -|        0|       2|    -|
|FIFO                 |        -|      -|        -|       -|    -|
|Instance             |        -|    256|    35456|   39360|    -|
|Memory               |        -|      -|        -|       -|    -|
|Multiplexer          |        -|      -|        -|     591|    -|
|Register             |        -|      -|     9282|       -|    -|
+---------------------+---------+-------+---------+--------+-----+
|Total                |        0|    256|    44738|   39953|    0|
+---------------------+---------+-------+---------+--------+-----+
|Available SLR        |     1344|   2976|   871680|  435840|  320|
+---------------------+---------+-------+---------+--------+-----+
|Utilization SLR (%)  |        0|      8|        5|       9|    0|
+---------------------+---------+-------+---------+--------+-----+
|Available            |     2688|   5952|  1743360|  871680|  640|
+---------------------+---------+-------+---------+--------+-----+
|Utilization (%)      |        0|      4|        2|       4|    0|
+---------------------+---------+-------+---------+--------+-----+

+ Detail: 
    * Instance: 
    +--------------------+--------+---------+-------+-----+-----+-----+
    |      Instance      | Module | BRAM_18K| DSP48E|  FF | LUT | URAM|
    +--------------------+--------+---------+-------+-----+-----+-----+
    |grp_next_1_fu_516   |next_1  |        0|      4|  554|  615|    0|
    |grp_next_1_fu_524   |next_1  |        0|      4|  554|  615|    0|
    |grp_next_1_fu_532   |next_1  |        0|      4|  554|  615|    0|
    |grp_next_1_fu_540   |next_1  |        0|      4|  554|  615|    0|
    |grp_next_1_fu_548   |next_1  |        0|      4|  554|  615|    0|
    |grp_next_1_fu_556   |next_1  |        0|      4|  554|  615|    0|
    |grp_next_1_fu_564   |next_1  |        0|      4|  554|  615|    0|
    |grp_next_1_fu_572   |next_1  |        0|      4|  554|  615|    0|
    |grp_next_1_fu_580   |next_1  |        0|      4|  554|  615|    0|
    |grp_next_1_fu_588   |next_1  |        0|      4|  554|  615|    0|
    |grp_next_1_fu_596   |next_1  |        0|      4|  554|  615|    0|
    |grp_next_1_fu_604   |next_1  |        0|      4|  554|  615|    0|
    |grp_next_1_fu_612   |next_1  |        0|      4|  554|  615|    0|
    |grp_next_1_fu_620   |next_1  |        0|      4|  554|  615|    0|
    |grp_next_1_fu_628   |next_1  |        0|      4|  554|  615|    0|
    |grp_next_1_fu_636   |next_1  |        0|      4|  554|  615|    0|
    |grp_next_1_fu_644   |next_1  |        0|      4|  554|  615|    0|
    |grp_next_1_fu_652   |next_1  |        0|      4|  554|  615|    0|
    |grp_next_1_fu_660   |next_1  |        0|      4|  554|  615|    0|
    |grp_next_1_fu_668   |next_1  |        0|      4|  554|  615|    0|
    |grp_next_1_fu_676   |next_1  |        0|      4|  554|  615|    0|
    |grp_next_1_fu_684   |next_1  |        0|      4|  554|  615|    0|
    |grp_next_1_fu_692   |next_1  |        0|      4|  554|  615|    0|
    |grp_next_1_fu_700   |next_1  |        0|      4|  554|  615|    0|
    |grp_next_1_fu_708   |next_1  |        0|      4|  554|  615|    0|
    |grp_next_1_fu_716   |next_1  |        0|      4|  554|  615|    0|
    |grp_next_1_fu_724   |next_1  |        0|      4|  554|  615|    0|
    |grp_next_1_fu_732   |next_1  |        0|      4|  554|  615|    0|
    |grp_next_1_fu_740   |next_1  |        0|      4|  554|  615|    0|
    |grp_next_1_fu_748   |next_1  |        0|      4|  554|  615|    0|
    |grp_next_1_fu_756   |next_1  |        0|      4|  554|  615|    0|
    |grp_next_1_fu_764   |next_1  |        0|      4|  554|  615|    0|
    |grp_next_1_fu_772   |next_1  |        0|      4|  554|  615|    0|
    |grp_next_1_fu_780   |next_1  |        0|      4|  554|  615|    0|
    |grp_next_1_fu_788   |next_1  |        0|      4|  554|  615|    0|
    |grp_next_1_fu_796   |next_1  |        0|      4|  554|  615|    0|
    |grp_next_1_fu_804   |next_1  |        0|      4|  554|  615|    0|
    |grp_next_1_fu_812   |next_1  |        0|      4|  554|  615|    0|
    |grp_next_1_fu_820   |next_1  |        0|      4|  554|  615|    0|
    |grp_next_1_fu_828   |next_1  |        0|      4|  554|  615|    0|
    |grp_next_1_fu_836   |next_1  |        0|      4|  554|  615|    0|
    |grp_next_1_fu_844   |next_1  |        0|      4|  554|  615|    0|
    |grp_next_1_fu_852   |next_1  |        0|      4|  554|  615|    0|
    |grp_next_1_fu_860   |next_1  |        0|      4|  554|  615|    0|
    |grp_next_1_fu_868   |next_1  |        0|      4|  554|  615|    0|
    |grp_next_1_fu_876   |next_1  |        0|      4|  554|  615|    0|
    |grp_next_1_fu_884   |next_1  |        0|      4|  554|  615|    0|
    |grp_next_1_fu_892   |next_1  |        0|      4|  554|  615|    0|
    |grp_next_1_fu_900   |next_1  |        0|      4|  554|  615|    0|
    |grp_next_1_fu_908   |next_1  |        0|      4|  554|  615|    0|
    |grp_next_1_fu_916   |next_1  |        0|      4|  554|  615|    0|
    |grp_next_1_fu_924   |next_1  |        0|      4|  554|  615|    0|
    |grp_next_1_fu_932   |next_1  |        0|      4|  554|  615|    0|
    |grp_next_1_fu_940   |next_1  |        0|      4|  554|  615|    0|
    |grp_next_1_fu_948   |next_1  |        0|      4|  554|  615|    0|
    |grp_next_1_fu_956   |next_1  |        0|      4|  554|  615|    0|
    |grp_next_1_fu_964   |next_1  |        0|      4|  554|  615|    0|
    |grp_next_1_fu_972   |next_1  |        0|      4|  554|  615|    0|
    |grp_next_1_fu_980   |next_1  |        0|      4|  554|  615|    0|
    |grp_next_1_fu_988   |next_1  |        0|      4|  554|  615|    0|
    |grp_next_1_fu_996   |next_1  |        0|      4|  554|  615|    0|
    |grp_next_1_fu_1004  |next_1  |        0|      4|  554|  615|    0|
    |grp_next_1_fu_1012  |next_1  |        0|      4|  554|  615|    0|
    |grp_next_1_fu_1020  |next_1  |        0|      4|  554|  615|    0|
    +--------------------+--------+---------+-------+-----+-----+-----+
    |Total               |        |        0|    256|35456|39360|    0|
    +--------------------+--------+---------+-------+-----+-----+-----+

    * DSP48E: 
    N/A

    * Memory: 
    N/A

    * FIFO: 
    N/A

    * Expression: 
    +---------------------------------+----------+-------+---+----+------------+------------+
    |          Variable Name          | Operation| DSP48E| FF| LUT| Bitwidth P0| Bitwidth P1|
    +---------------------------------+----------+-------+---+----+------------+------------+
    |ap_block_state2_on_subcall_done  |    or    |      0|  0|   2|           1|           1|
    +---------------------------------+----------+-------+---+----+------------+------------+
    |Total                            |          |      0|  0|   2|           1|           1|
    +---------------------------------+----------+-------+---+----+------------+------------+

    * Multiplexer: 
    +--------------+----+-----------+-----+-----------+
    |     Name     | LUT| Input Size| Bits| Total Bits|
    +--------------+----+-----------+-----+-----------+
    |ap_NS_fsm     |  15|          3|    1|          3|
    |ap_return_0   |   9|          2|   16|         32|
    |ap_return_1   |   9|          2|   16|         32|
    |ap_return_10  |   9|          2|   16|         32|
    |ap_return_11  |   9|          2|   16|         32|
    |ap_return_12  |   9|          2|   16|         32|
    |ap_return_13  |   9|          2|   16|         32|
    |ap_return_14  |   9|          2|   16|         32|
    |ap_return_15  |   9|          2|   16|         32|
    |ap_return_16  |   9|          2|   16|         32|
    |ap_return_17  |   9|          2|   16|         32|
    |ap_return_18  |   9|          2|   16|         32|
    |ap_return_19  |   9|          2|   16|         32|
    |ap_return_2   |   9|          2|   16|         32|
    |ap_return_20  |   9|          2|   16|         32|
    |ap_return_21  |   9|          2|   16|         32|
    |ap_return_22  |   9|          2|   16|         32|
    |ap_return_23  |   9|          2|   16|         32|
    |ap_return_24  |   9|          2|   16|         32|
    |ap_return_25  |   9|          2|   16|         32|
    |ap_return_26  |   9|          2|   16|         32|
    |ap_return_27  |   9|          2|   16|         32|
    |ap_return_28  |   9|          2|   16|         32|
    |ap_return_29  |   9|          2|   16|         32|
    |ap_return_3   |   9|          2|   16|         32|
    |ap_return_30  |   9|          2|   16|         32|
    |ap_return_31  |   9|          2|   16|         32|
    |ap_return_32  |   9|          2|   16|         32|
    |ap_return_33  |   9|          2|   16|         32|
    |ap_return_34  |   9|          2|   16|         32|
    |ap_return_35  |   9|          2|   16|         32|
    |ap_return_36  |   9|          2|   16|         32|
    |ap_return_37  |   9|          2|   16|         32|
    |ap_return_38  |   9|          2|   16|         32|
    |ap_return_39  |   9|          2|   16|         32|
    |ap_return_4   |   9|          2|   16|         32|
    |ap_return_40  |   9|          2|   16|         32|
    |ap_return_41  |   9|          2|   16|         32|
    |ap_return_42  |   9|          2|   16|         32|
    |ap_return_43  |   9|          2|   16|         32|
    |ap_return_44  |   9|          2|   16|         32|
    |ap_return_45  |   9|          2|   16|         32|
    |ap_return_46  |   9|          2|   16|         32|
    |ap_return_47  |   9|          2|   16|         32|
    |ap_return_48  |   9|          2|   16|         32|
    |ap_return_49  |   9|          2|   16|         32|
    |ap_return_5   |   9|          2|   16|         32|
    |ap_return_50  |   9|          2|   16|         32|
    |ap_return_51  |   9|          2|   16|         32|
    |ap_return_52  |   9|          2|   16|         32|
    |ap_return_53  |   9|          2|   16|         32|
    |ap_return_54  |   9|          2|   16|         32|
    |ap_return_55  |   9|          2|   16|         32|
    |ap_return_56  |   9|          2|   16|         32|
    |ap_return_57  |   9|          2|   16|         32|
    |ap_return_58  |   9|          2|   16|         32|
    |ap_return_59  |   9|          2|   16|         32|
    |ap_return_6   |   9|          2|   16|         32|
    |ap_return_60  |   9|          2|   16|         32|
    |ap_return_61  |   9|          2|   16|         32|
    |ap_return_62  |   9|          2|   16|         32|
    |ap_return_63  |   9|          2|   16|         32|
    |ap_return_7   |   9|          2|   16|         32|
    |ap_return_8   |   9|          2|   16|         32|
    |ap_return_9   |   9|          2|   16|         32|
    +--------------+----+-----------+-----+-----------+
    |Total         | 591|        131| 1025|       2051|
    +--------------+----+-----------+-----+-----------+

    * Register: 
    +------------------------------------+----+----+-----+-----------+
    |                Name                | FF | LUT| Bits| Const Bits|
    +------------------------------------+----+----+-----+-----------+
    |ap_CS_fsm                           |   2|   0|    2|          0|
    |ap_return_0_preg                    |  16|   0|   16|          0|
    |ap_return_10_preg                   |  16|   0|   16|          0|
    |ap_return_11_preg                   |  16|   0|   16|          0|
    |ap_return_12_preg                   |  16|   0|   16|          0|
    |ap_return_13_preg                   |  16|   0|   16|          0|
    |ap_return_14_preg                   |  16|   0|   16|          0|
    |ap_return_15_preg                   |  16|   0|   16|          0|
    |ap_return_16_preg                   |  16|   0|   16|          0|
    |ap_return_17_preg                   |  16|   0|   16|          0|
    |ap_return_18_preg                   |  16|   0|   16|          0|
    |ap_return_19_preg                   |  16|   0|   16|          0|
    |ap_return_1_preg                    |  16|   0|   16|          0|
    |ap_return_20_preg                   |  16|   0|   16|          0|
    |ap_return_21_preg                   |  16|   0|   16|          0|
    |ap_return_22_preg                   |  16|   0|   16|          0|
    |ap_return_23_preg                   |  16|   0|   16|          0|
    |ap_return_24_preg                   |  16|   0|   16|          0|
    |ap_return_25_preg                   |  16|   0|   16|          0|
    |ap_return_26_preg                   |  16|   0|   16|          0|
    |ap_return_27_preg                   |  16|   0|   16|          0|
    |ap_return_28_preg                   |  16|   0|   16|          0|
    |ap_return_29_preg                   |  16|   0|   16|          0|
    |ap_return_2_preg                    |  16|   0|   16|          0|
    |ap_return_30_preg                   |  16|   0|   16|          0|
    |ap_return_31_preg                   |  16|   0|   16|          0|
    |ap_return_32_preg                   |  16|   0|   16|          0|
    |ap_return_33_preg                   |  16|   0|   16|          0|
    |ap_return_34_preg                   |  16|   0|   16|          0|
    |ap_return_35_preg                   |  16|   0|   16|          0|
    |ap_return_36_preg                   |  16|   0|   16|          0|
    |ap_return_37_preg                   |  16|   0|   16|          0|
    |ap_return_38_preg                   |  16|   0|   16|          0|
    |ap_return_39_preg                   |  16|   0|   16|          0|
    |ap_return_3_preg                    |  16|   0|   16|          0|
    |ap_return_40_preg                   |  16|   0|   16|          0|
    |ap_return_41_preg                   |  16|   0|   16|          0|
    |ap_return_42_preg                   |  16|   0|   16|          0|
    |ap_return_43_preg                   |  16|   0|   16|          0|
    |ap_return_44_preg                   |  16|   0|   16|          0|
    |ap_return_45_preg                   |  16|   0|   16|          0|
    |ap_return_46_preg                   |  16|   0|   16|          0|
    |ap_return_47_preg                   |  16|   0|   16|          0|
    |ap_return_48_preg                   |  16|   0|   16|          0|
    |ap_return_49_preg                   |  16|   0|   16|          0|
    |ap_return_4_preg                    |  16|   0|   16|          0|
    |ap_return_50_preg                   |  16|   0|   16|          0|
    |ap_return_51_preg                   |  16|   0|   16|          0|
    |ap_return_52_preg                   |  16|   0|   16|          0|
    |ap_return_53_preg                   |  16|   0|   16|          0|
    |ap_return_54_preg                   |  16|   0|   16|          0|
    |ap_return_55_preg                   |  16|   0|   16|          0|
    |ap_return_56_preg                   |  16|   0|   16|          0|
    |ap_return_57_preg                   |  16|   0|   16|          0|
    |ap_return_58_preg                   |  16|   0|   16|          0|
    |ap_return_59_preg                   |  16|   0|   16|          0|
    |ap_return_5_preg                    |  16|   0|   16|          0|
    |ap_return_60_preg                   |  16|   0|   16|          0|
    |ap_return_61_preg                   |  16|   0|   16|          0|
    |ap_return_62_preg                   |  16|   0|   16|          0|
    |ap_return_63_preg                   |  16|   0|   16|          0|
    |ap_return_6_preg                    |  16|   0|   16|          0|
    |ap_return_7_preg                    |  16|   0|   16|          0|
    |ap_return_8_preg                    |  16|   0|   16|          0|
    |ap_return_9_preg                    |  16|   0|   16|          0|
    |grp_next_1_fu_1004_ap_start_reg     |   1|   0|    1|          0|
    |grp_next_1_fu_1012_ap_start_reg     |   1|   0|    1|          0|
    |grp_next_1_fu_1020_ap_start_reg     |   1|   0|    1|          0|
    |grp_next_1_fu_516_ap_start_reg      |   1|   0|    1|          0|
    |grp_next_1_fu_524_ap_start_reg      |   1|   0|    1|          0|
    |grp_next_1_fu_532_ap_start_reg      |   1|   0|    1|          0|
    |grp_next_1_fu_540_ap_start_reg      |   1|   0|    1|          0|
    |grp_next_1_fu_548_ap_start_reg      |   1|   0|    1|          0|
    |grp_next_1_fu_556_ap_start_reg      |   1|   0|    1|          0|
    |grp_next_1_fu_564_ap_start_reg      |   1|   0|    1|          0|
    |grp_next_1_fu_572_ap_start_reg      |   1|   0|    1|          0|
    |grp_next_1_fu_580_ap_start_reg      |   1|   0|    1|          0|
    |grp_next_1_fu_588_ap_start_reg      |   1|   0|    1|          0|
    |grp_next_1_fu_596_ap_start_reg      |   1|   0|    1|          0|
    |grp_next_1_fu_604_ap_start_reg      |   1|   0|    1|          0|
    |grp_next_1_fu_612_ap_start_reg      |   1|   0|    1|          0|
    |grp_next_1_fu_620_ap_start_reg      |   1|   0|    1|          0|
    |grp_next_1_fu_628_ap_start_reg      |   1|   0|    1|          0|
    |grp_next_1_fu_636_ap_start_reg      |   1|   0|    1|          0|
    |grp_next_1_fu_644_ap_start_reg      |   1|   0|    1|          0|
    |grp_next_1_fu_652_ap_start_reg      |   1|   0|    1|          0|
    |grp_next_1_fu_660_ap_start_reg      |   1|   0|    1|          0|
    |grp_next_1_fu_668_ap_start_reg      |   1|   0|    1|          0|
    |grp_next_1_fu_676_ap_start_reg      |   1|   0|    1|          0|
    |grp_next_1_fu_684_ap_start_reg      |   1|   0|    1|          0|
    |grp_next_1_fu_692_ap_start_reg      |   1|   0|    1|          0|
    |grp_next_1_fu_700_ap_start_reg      |   1|   0|    1|          0|
    |grp_next_1_fu_708_ap_start_reg      |   1|   0|    1|          0|
    |grp_next_1_fu_716_ap_start_reg      |   1|   0|    1|          0|
    |grp_next_1_fu_724_ap_start_reg      |   1|   0|    1|          0|
    |grp_next_1_fu_732_ap_start_reg      |   1|   0|    1|          0|
    |grp_next_1_fu_740_ap_start_reg      |   1|   0|    1|          0|
    |grp_next_1_fu_748_ap_start_reg      |   1|   0|    1|          0|
    |grp_next_1_fu_756_ap_start_reg      |   1|   0|    1|          0|
    |grp_next_1_fu_764_ap_start_reg      |   1|   0|    1|          0|
    |grp_next_1_fu_772_ap_start_reg      |   1|   0|    1|          0|
    |grp_next_1_fu_780_ap_start_reg      |   1|   0|    1|          0|
    |grp_next_1_fu_788_ap_start_reg      |   1|   0|    1|          0|
    |grp_next_1_fu_796_ap_start_reg      |   1|   0|    1|          0|
    |grp_next_1_fu_804_ap_start_reg      |   1|   0|    1|          0|
    |grp_next_1_fu_812_ap_start_reg      |   1|   0|    1|          0|
    |grp_next_1_fu_820_ap_start_reg      |   1|   0|    1|          0|
    |grp_next_1_fu_828_ap_start_reg      |   1|   0|    1|          0|
    |grp_next_1_fu_836_ap_start_reg      |   1|   0|    1|          0|
    |grp_next_1_fu_844_ap_start_reg      |   1|   0|    1|          0|
    |grp_next_1_fu_852_ap_start_reg      |   1|   0|    1|          0|
    |grp_next_1_fu_860_ap_start_reg      |   1|   0|    1|          0|
    |grp_next_1_fu_868_ap_start_reg      |   1|   0|    1|          0|
    |grp_next_1_fu_876_ap_start_reg      |   1|   0|    1|          0|
    |grp_next_1_fu_884_ap_start_reg      |   1|   0|    1|          0|
    |grp_next_1_fu_892_ap_start_reg      |   1|   0|    1|          0|
    |grp_next_1_fu_900_ap_start_reg      |   1|   0|    1|          0|
    |grp_next_1_fu_908_ap_start_reg      |   1|   0|    1|          0|
    |grp_next_1_fu_916_ap_start_reg      |   1|   0|    1|          0|
    |grp_next_1_fu_924_ap_start_reg      |   1|   0|    1|          0|
    |grp_next_1_fu_932_ap_start_reg      |   1|   0|    1|          0|
    |grp_next_1_fu_940_ap_start_reg      |   1|   0|    1|          0|
    |grp_next_1_fu_948_ap_start_reg      |   1|   0|    1|          0|
    |grp_next_1_fu_956_ap_start_reg      |   1|   0|    1|          0|
    |grp_next_1_fu_964_ap_start_reg      |   1|   0|    1|          0|
    |grp_next_1_fu_972_ap_start_reg      |   1|   0|    1|          0|
    |grp_next_1_fu_980_ap_start_reg      |   1|   0|    1|          0|
    |grp_next_1_fu_988_ap_start_reg      |   1|   0|    1|          0|
    |grp_next_1_fu_996_ap_start_reg      |   1|   0|    1|          0|
    |normal_grng_rng_array_state_V_0_0   |  32|   0|   32|          0|
    |normal_grng_rng_array_state_V_0_1   |  32|   0|   32|          0|
    |normal_grng_rng_array_state_V_0_2   |  32|   0|   32|          0|
    |normal_grng_rng_array_state_V_0_3   |  32|   0|   32|          0|
    |normal_grng_rng_array_state_V_10_0  |  32|   0|   32|          0|
    |normal_grng_rng_array_state_V_10_1  |  32|   0|   32|          0|
    |normal_grng_rng_array_state_V_10_2  |  32|   0|   32|          0|
    |normal_grng_rng_array_state_V_10_3  |  32|   0|   32|          0|
    |normal_grng_rng_array_state_V_11_0  |  32|   0|   32|          0|
    |normal_grng_rng_array_state_V_11_1  |  32|   0|   32|          0|
    |normal_grng_rng_array_state_V_11_2  |  32|   0|   32|          0|
    |normal_grng_rng_array_state_V_11_3  |  32|   0|   32|          0|
    |normal_grng_rng_array_state_V_12_0  |  32|   0|   32|          0|
    |normal_grng_rng_array_state_V_12_1  |  32|   0|   32|          0|
    |normal_grng_rng_array_state_V_12_2  |  32|   0|   32|          0|
    |normal_grng_rng_array_state_V_12_3  |  32|   0|   32|          0|
    |normal_grng_rng_array_state_V_13_0  |  32|   0|   32|          0|
    |normal_grng_rng_array_state_V_13_1  |  32|   0|   32|          0|
    |normal_grng_rng_array_state_V_13_2  |  32|   0|   32|          0|
    |normal_grng_rng_array_state_V_13_3  |  32|   0|   32|          0|
    |normal_grng_rng_array_state_V_14_0  |  32|   0|   32|          0|
    |normal_grng_rng_array_state_V_14_1  |  32|   0|   32|          0|
    |normal_grng_rng_array_state_V_14_2  |  32|   0|   32|          0|
    |normal_grng_rng_array_state_V_14_3  |  32|   0|   32|          0|
    |normal_grng_rng_array_state_V_15_0  |  32|   0|   32|          0|
    |normal_grng_rng_array_state_V_15_1  |  32|   0|   32|          0|
    |normal_grng_rng_array_state_V_15_2  |  32|   0|   32|          0|
    |normal_grng_rng_array_state_V_15_3  |  32|   0|   32|          0|
    |normal_grng_rng_array_state_V_16_0  |  32|   0|   32|          0|
    |normal_grng_rng_array_state_V_16_1  |  32|   0|   32|          0|
    |normal_grng_rng_array_state_V_16_2  |  32|   0|   32|          0|
    |normal_grng_rng_array_state_V_16_3  |  32|   0|   32|          0|
    |normal_grng_rng_array_state_V_17_0  |  32|   0|   32|          0|
    |normal_grng_rng_array_state_V_17_1  |  32|   0|   32|          0|
    |normal_grng_rng_array_state_V_17_2  |  32|   0|   32|          0|
    |normal_grng_rng_array_state_V_17_3  |  32|   0|   32|          0|
    |normal_grng_rng_array_state_V_18_0  |  32|   0|   32|          0|
    |normal_grng_rng_array_state_V_18_1  |  32|   0|   32|          0|
    |normal_grng_rng_array_state_V_18_2  |  32|   0|   32|          0|
    |normal_grng_rng_array_state_V_18_3  |  32|   0|   32|          0|
    |normal_grng_rng_array_state_V_19_0  |  32|   0|   32|          0|
    |normal_grng_rng_array_state_V_19_1  |  32|   0|   32|          0|
    |normal_grng_rng_array_state_V_19_2  |  32|   0|   32|          0|
    |normal_grng_rng_array_state_V_19_3  |  32|   0|   32|          0|
    |normal_grng_rng_array_state_V_1_0   |  32|   0|   32|          0|
    |normal_grng_rng_array_state_V_1_1   |  32|   0|   32|          0|
    |normal_grng_rng_array_state_V_1_2   |  32|   0|   32|          0|
    |normal_grng_rng_array_state_V_1_3   |  32|   0|   32|          0|
    |normal_grng_rng_array_state_V_20_0  |  32|   0|   32|          0|
    |normal_grng_rng_array_state_V_20_1  |  32|   0|   32|          0|
    |normal_grng_rng_array_state_V_20_2  |  32|   0|   32|          0|
    |normal_grng_rng_array_state_V_20_3  |  32|   0|   32|          0|
    |normal_grng_rng_array_state_V_21_0  |  32|   0|   32|          0|
    |normal_grng_rng_array_state_V_21_1  |  32|   0|   32|          0|
    |normal_grng_rng_array_state_V_21_2  |  32|   0|   32|          0|
    |normal_grng_rng_array_state_V_21_3  |  32|   0|   32|          0|
    |normal_grng_rng_array_state_V_22_0  |  32|   0|   32|          0|
    |normal_grng_rng_array_state_V_22_1  |  32|   0|   32|          0|
    |normal_grng_rng_array_state_V_22_2  |  32|   0|   32|          0|
    |normal_grng_rng_array_state_V_22_3  |  32|   0|   32|          0|
    |normal_grng_rng_array_state_V_23_0  |  32|   0|   32|          0|
    |normal_grng_rng_array_state_V_23_1  |  32|   0|   32|          0|
    |normal_grng_rng_array_state_V_23_2  |  32|   0|   32|          0|
    |normal_grng_rng_array_state_V_23_3  |  32|   0|   32|          0|
    |normal_grng_rng_array_state_V_24_0  |  32|   0|   32|          0|
    |normal_grng_rng_array_state_V_24_1  |  32|   0|   32|          0|
    |normal_grng_rng_array_state_V_24_2  |  32|   0|   32|          0|
    |normal_grng_rng_array_state_V_24_3  |  32|   0|   32|          0|
    |normal_grng_rng_array_state_V_25_0  |  32|   0|   32|          0|
    |normal_grng_rng_array_state_V_25_1  |  32|   0|   32|          0|
    |normal_grng_rng_array_state_V_25_2  |  32|   0|   32|          0|
    |normal_grng_rng_array_state_V_25_3  |  32|   0|   32|          0|
    |normal_grng_rng_array_state_V_26_0  |  32|   0|   32|          0|
    |normal_grng_rng_array_state_V_26_1  |  32|   0|   32|          0|
    |normal_grng_rng_array_state_V_26_2  |  32|   0|   32|          0|
    |normal_grng_rng_array_state_V_26_3  |  32|   0|   32|          0|
    |normal_grng_rng_array_state_V_27_0  |  32|   0|   32|          0|
    |normal_grng_rng_array_state_V_27_1  |  32|   0|   32|          0|
    |normal_grng_rng_array_state_V_27_2  |  32|   0|   32|          0|
    |normal_grng_rng_array_state_V_27_3  |  32|   0|   32|          0|
    |normal_grng_rng_array_state_V_28_0  |  32|   0|   32|          0|
    |normal_grng_rng_array_state_V_28_1  |  32|   0|   32|          0|
    |normal_grng_rng_array_state_V_28_2  |  32|   0|   32|          0|
    |normal_grng_rng_array_state_V_28_3  |  32|   0|   32|          0|
    |normal_grng_rng_array_state_V_29_0  |  32|   0|   32|          0|
    |normal_grng_rng_array_state_V_29_1  |  32|   0|   32|          0|
    |normal_grng_rng_array_state_V_29_2  |  32|   0|   32|          0|
    |normal_grng_rng_array_state_V_29_3  |  32|   0|   32|          0|
    |normal_grng_rng_array_state_V_2_0   |  32|   0|   32|          0|
    |normal_grng_rng_array_state_V_2_1   |  32|   0|   32|          0|
    |normal_grng_rng_array_state_V_2_2   |  32|   0|   32|          0|
    |normal_grng_rng_array_state_V_2_3   |  32|   0|   32|          0|
    |normal_grng_rng_array_state_V_30_0  |  32|   0|   32|          0|
    |normal_grng_rng_array_state_V_30_1  |  32|   0|   32|          0|
    |normal_grng_rng_array_state_V_30_2  |  32|   0|   32|          0|
    |normal_grng_rng_array_state_V_30_3  |  32|   0|   32|          0|
    |normal_grng_rng_array_state_V_31_0  |  32|   0|   32|          0|
    |normal_grng_rng_array_state_V_31_1  |  32|   0|   32|          0|
    |normal_grng_rng_array_state_V_31_2  |  32|   0|   32|          0|
    |normal_grng_rng_array_state_V_31_3  |  32|   0|   32|          0|
    |normal_grng_rng_array_state_V_32_0  |  32|   0|   32|          0|
    |normal_grng_rng_array_state_V_32_1  |  32|   0|   32|          0|
    |normal_grng_rng_array_state_V_32_2  |  32|   0|   32|          0|
    |normal_grng_rng_array_state_V_32_3  |  32|   0|   32|          0|
    |normal_grng_rng_array_state_V_33_0  |  32|   0|   32|          0|
    |normal_grng_rng_array_state_V_33_1  |  32|   0|   32|          0|
    |normal_grng_rng_array_state_V_33_2  |  32|   0|   32|          0|
    |normal_grng_rng_array_state_V_33_3  |  32|   0|   32|          0|
    |normal_grng_rng_array_state_V_34_0  |  32|   0|   32|          0|
    |normal_grng_rng_array_state_V_34_1  |  32|   0|   32|          0|
    |normal_grng_rng_array_state_V_34_2  |  32|   0|   32|          0|
    |normal_grng_rng_array_state_V_34_3  |  32|   0|   32|          0|
    |normal_grng_rng_array_state_V_35_0  |  32|   0|   32|          0|
    |normal_grng_rng_array_state_V_35_1  |  32|   0|   32|          0|
    |normal_grng_rng_array_state_V_35_2  |  32|   0|   32|          0|
    |normal_grng_rng_array_state_V_35_3  |  32|   0|   32|          0|
    |normal_grng_rng_array_state_V_36_0  |  32|   0|   32|          0|
    |normal_grng_rng_array_state_V_36_1  |  32|   0|   32|          0|
    |normal_grng_rng_array_state_V_36_2  |  32|   0|   32|          0|
    |normal_grng_rng_array_state_V_36_3  |  32|   0|   32|          0|
    |normal_grng_rng_array_state_V_37_0  |  32|   0|   32|          0|
    |normal_grng_rng_array_state_V_37_1  |  32|   0|   32|          0|
    |normal_grng_rng_array_state_V_37_2  |  32|   0|   32|          0|
    |normal_grng_rng_array_state_V_37_3  |  32|   0|   32|          0|
    |normal_grng_rng_array_state_V_38_0  |  32|   0|   32|          0|
    |normal_grng_rng_array_state_V_38_1  |  32|   0|   32|          0|
    |normal_grng_rng_array_state_V_38_2  |  32|   0|   32|          0|
    |normal_grng_rng_array_state_V_38_3  |  32|   0|   32|          0|
    |normal_grng_rng_array_state_V_39_0  |  32|   0|   32|          0|
    |normal_grng_rng_array_state_V_39_1  |  32|   0|   32|          0|
    |normal_grng_rng_array_state_V_39_2  |  32|   0|   32|          0|
    |normal_grng_rng_array_state_V_39_3  |  32|   0|   32|          0|
    |normal_grng_rng_array_state_V_3_0   |  32|   0|   32|          0|
    |normal_grng_rng_array_state_V_3_1   |  32|   0|   32|          0|
    |normal_grng_rng_array_state_V_3_2   |  32|   0|   32|          0|
    |normal_grng_rng_array_state_V_3_3   |  32|   0|   32|          0|
    |normal_grng_rng_array_state_V_40_0  |  32|   0|   32|          0|
    |normal_grng_rng_array_state_V_40_1  |  32|   0|   32|          0|
    |normal_grng_rng_array_state_V_40_2  |  32|   0|   32|          0|
    |normal_grng_rng_array_state_V_40_3  |  32|   0|   32|          0|
    |normal_grng_rng_array_state_V_41_0  |  32|   0|   32|          0|
    |normal_grng_rng_array_state_V_41_1  |  32|   0|   32|          0|
    |normal_grng_rng_array_state_V_41_2  |  32|   0|   32|          0|
    |normal_grng_rng_array_state_V_41_3  |  32|   0|   32|          0|
    |normal_grng_rng_array_state_V_42_0  |  32|   0|   32|          0|
    |normal_grng_rng_array_state_V_42_1  |  32|   0|   32|          0|
    |normal_grng_rng_array_state_V_42_2  |  32|   0|   32|          0|
    |normal_grng_rng_array_state_V_42_3  |  32|   0|   32|          0|
    |normal_grng_rng_array_state_V_43_0  |  32|   0|   32|          0|
    |normal_grng_rng_array_state_V_43_1  |  32|   0|   32|          0|
    |normal_grng_rng_array_state_V_43_2  |  32|   0|   32|          0|
    |normal_grng_rng_array_state_V_43_3  |  32|   0|   32|          0|
    |normal_grng_rng_array_state_V_44_0  |  32|   0|   32|          0|
    |normal_grng_rng_array_state_V_44_1  |  32|   0|   32|          0|
    |normal_grng_rng_array_state_V_44_2  |  32|   0|   32|          0|
    |normal_grng_rng_array_state_V_44_3  |  32|   0|   32|          0|
    |normal_grng_rng_array_state_V_45_0  |  32|   0|   32|          0|
    |normal_grng_rng_array_state_V_45_1  |  32|   0|   32|          0|
    |normal_grng_rng_array_state_V_45_2  |  32|   0|   32|          0|
    |normal_grng_rng_array_state_V_45_3  |  32|   0|   32|          0|
    |normal_grng_rng_array_state_V_46_0  |  32|   0|   32|          0|
    |normal_grng_rng_array_state_V_46_1  |  32|   0|   32|          0|
    |normal_grng_rng_array_state_V_46_2  |  32|   0|   32|          0|
    |normal_grng_rng_array_state_V_46_3  |  32|   0|   32|          0|
    |normal_grng_rng_array_state_V_47_0  |  32|   0|   32|          0|
    |normal_grng_rng_array_state_V_47_1  |  32|   0|   32|          0|
    |normal_grng_rng_array_state_V_47_2  |  32|   0|   32|          0|
    |normal_grng_rng_array_state_V_47_3  |  32|   0|   32|          0|
    |normal_grng_rng_array_state_V_48_0  |  32|   0|   32|          0|
    |normal_grng_rng_array_state_V_48_1  |  32|   0|   32|          0|
    |normal_grng_rng_array_state_V_48_2  |  32|   0|   32|          0|
    |normal_grng_rng_array_state_V_48_3  |  32|   0|   32|          0|
    |normal_grng_rng_array_state_V_49_0  |  32|   0|   32|          0|
    |normal_grng_rng_array_state_V_49_1  |  32|   0|   32|          0|
    |normal_grng_rng_array_state_V_49_2  |  32|   0|   32|          0|
    |normal_grng_rng_array_state_V_49_3  |  32|   0|   32|          0|
    |normal_grng_rng_array_state_V_4_0   |  32|   0|   32|          0|
    |normal_grng_rng_array_state_V_4_1   |  32|   0|   32|          0|
    |normal_grng_rng_array_state_V_4_2   |  32|   0|   32|          0|
    |normal_grng_rng_array_state_V_4_3   |  32|   0|   32|          0|
    |normal_grng_rng_array_state_V_50_0  |  32|   0|   32|          0|
    |normal_grng_rng_array_state_V_50_1  |  32|   0|   32|          0|
    |normal_grng_rng_array_state_V_50_2  |  32|   0|   32|          0|
    |normal_grng_rng_array_state_V_50_3  |  32|   0|   32|          0|
    |normal_grng_rng_array_state_V_51_0  |  32|   0|   32|          0|
    |normal_grng_rng_array_state_V_51_1  |  32|   0|   32|          0|
    |normal_grng_rng_array_state_V_51_2  |  32|   0|   32|          0|
    |normal_grng_rng_array_state_V_51_3  |  32|   0|   32|          0|
    |normal_grng_rng_array_state_V_52_0  |  32|   0|   32|          0|
    |normal_grng_rng_array_state_V_52_1  |  32|   0|   32|          0|
    |normal_grng_rng_array_state_V_52_2  |  32|   0|   32|          0|
    |normal_grng_rng_array_state_V_52_3  |  32|   0|   32|          0|
    |normal_grng_rng_array_state_V_53_0  |  32|   0|   32|          0|
    |normal_grng_rng_array_state_V_53_1  |  32|   0|   32|          0|
    |normal_grng_rng_array_state_V_53_2  |  32|   0|   32|          0|
    |normal_grng_rng_array_state_V_53_3  |  32|   0|   32|          0|
    |normal_grng_rng_array_state_V_54_0  |  32|   0|   32|          0|
    |normal_grng_rng_array_state_V_54_1  |  32|   0|   32|          0|
    |normal_grng_rng_array_state_V_54_2  |  32|   0|   32|          0|
    |normal_grng_rng_array_state_V_54_3  |  32|   0|   32|          0|
    |normal_grng_rng_array_state_V_55_0  |  32|   0|   32|          0|
    |normal_grng_rng_array_state_V_55_1  |  32|   0|   32|          0|
    |normal_grng_rng_array_state_V_55_2  |  32|   0|   32|          0|
    |normal_grng_rng_array_state_V_55_3  |  32|   0|   32|          0|
    |normal_grng_rng_array_state_V_56_0  |  32|   0|   32|          0|
    |normal_grng_rng_array_state_V_56_1  |  32|   0|   32|          0|
    |normal_grng_rng_array_state_V_56_2  |  32|   0|   32|          0|
    |normal_grng_rng_array_state_V_56_3  |  32|   0|   32|          0|
    |normal_grng_rng_array_state_V_57_0  |  32|   0|   32|          0|
    |normal_grng_rng_array_state_V_57_1  |  32|   0|   32|          0|
    |normal_grng_rng_array_state_V_57_2  |  32|   0|   32|          0|
    |normal_grng_rng_array_state_V_57_3  |  32|   0|   32|          0|
    |normal_grng_rng_array_state_V_58_0  |  32|   0|   32|          0|
    |normal_grng_rng_array_state_V_58_1  |  32|   0|   32|          0|
    |normal_grng_rng_array_state_V_58_2  |  32|   0|   32|          0|
    |normal_grng_rng_array_state_V_58_3  |  32|   0|   32|          0|
    |normal_grng_rng_array_state_V_59_0  |  32|   0|   32|          0|
    |normal_grng_rng_array_state_V_59_1  |  32|   0|   32|          0|
    |normal_grng_rng_array_state_V_59_2  |  32|   0|   32|          0|
    |normal_grng_rng_array_state_V_59_3  |  32|   0|   32|          0|
    |normal_grng_rng_array_state_V_5_0   |  32|   0|   32|          0|
    |normal_grng_rng_array_state_V_5_1   |  32|   0|   32|          0|
    |normal_grng_rng_array_state_V_5_2   |  32|   0|   32|          0|
    |normal_grng_rng_array_state_V_5_3   |  32|   0|   32|          0|
    |normal_grng_rng_array_state_V_60_0  |  32|   0|   32|          0|
    |normal_grng_rng_array_state_V_60_1  |  32|   0|   32|          0|
    |normal_grng_rng_array_state_V_60_2  |  32|   0|   32|          0|
    |normal_grng_rng_array_state_V_60_3  |  32|   0|   32|          0|
    |normal_grng_rng_array_state_V_61_0  |  32|   0|   32|          0|
    |normal_grng_rng_array_state_V_61_1  |  32|   0|   32|          0|
    |normal_grng_rng_array_state_V_61_2  |  32|   0|   32|          0|
    |normal_grng_rng_array_state_V_61_3  |  32|   0|   32|          0|
    |normal_grng_rng_array_state_V_62_0  |  32|   0|   32|          0|
    |normal_grng_rng_array_state_V_62_1  |  32|   0|   32|          0|
    |normal_grng_rng_array_state_V_62_2  |  32|   0|   32|          0|
    |normal_grng_rng_array_state_V_62_3  |  32|   0|   32|          0|
    |normal_grng_rng_array_state_V_63_0  |  32|   0|   32|          0|
    |normal_grng_rng_array_state_V_63_1  |  32|   0|   32|          0|
    |normal_grng_rng_array_state_V_63_2  |  32|   0|   32|          0|
    |normal_grng_rng_array_state_V_63_3  |  32|   0|   32|          0|
    |normal_grng_rng_array_state_V_6_0   |  32|   0|   32|          0|
    |normal_grng_rng_array_state_V_6_1   |  32|   0|   32|          0|
    |normal_grng_rng_array_state_V_6_2   |  32|   0|   32|          0|
    |normal_grng_rng_array_state_V_6_3   |  32|   0|   32|          0|
    |normal_grng_rng_array_state_V_7_0   |  32|   0|   32|          0|
    |normal_grng_rng_array_state_V_7_1   |  32|   0|   32|          0|
    |normal_grng_rng_array_state_V_7_2   |  32|   0|   32|          0|
    |normal_grng_rng_array_state_V_7_3   |  32|   0|   32|          0|
    |normal_grng_rng_array_state_V_8_0   |  32|   0|   32|          0|
    |normal_grng_rng_array_state_V_8_1   |  32|   0|   32|          0|
    |normal_grng_rng_array_state_V_8_2   |  32|   0|   32|          0|
    |normal_grng_rng_array_state_V_8_3   |  32|   0|   32|          0|
    |normal_grng_rng_array_state_V_9_0   |  32|   0|   32|          0|
    |normal_grng_rng_array_state_V_9_1   |  32|   0|   32|          0|
    |normal_grng_rng_array_state_V_9_2   |  32|   0|   32|          0|
    |normal_grng_rng_array_state_V_9_3   |  32|   0|   32|          0|
    +------------------------------------+----+----+-----+-----------+
    |Total                               |9282|   0| 9282|          0|
    +------------------------------------+----+----+-----+-----------+



================================================================
== Interface
================================================================
* Summary: 
+--------------+-----+-----+------------+--------------+--------------+
|   RTL Ports  | Dir | Bits|  Protocol  | Source Object|    C Type    |
+--------------+-----+-----+------------+--------------+--------------+
|ap_clk        |  in |    1| ap_ctrl_hs |     next     | return value |
|ap_rst        |  in |    1| ap_ctrl_hs |     next     | return value |
|ap_start      |  in |    1| ap_ctrl_hs |     next     | return value |
|ap_done       | out |    1| ap_ctrl_hs |     next     | return value |
|ap_idle       | out |    1| ap_ctrl_hs |     next     | return value |
|ap_ready      | out |    1| ap_ctrl_hs |     next     | return value |
|ap_return_0   | out |   16| ap_ctrl_hs |     next     | return value |
|ap_return_1   | out |   16| ap_ctrl_hs |     next     | return value |
|ap_return_2   | out |   16| ap_ctrl_hs |     next     | return value |
|ap_return_3   | out |   16| ap_ctrl_hs |     next     | return value |
|ap_return_4   | out |   16| ap_ctrl_hs |     next     | return value |
|ap_return_5   | out |   16| ap_ctrl_hs |     next     | return value |
|ap_return_6   | out |   16| ap_ctrl_hs |     next     | return value |
|ap_return_7   | out |   16| ap_ctrl_hs |     next     | return value |
|ap_return_8   | out |   16| ap_ctrl_hs |     next     | return value |
|ap_return_9   | out |   16| ap_ctrl_hs |     next     | return value |
|ap_return_10  | out |   16| ap_ctrl_hs |     next     | return value |
|ap_return_11  | out |   16| ap_ctrl_hs |     next     | return value |
|ap_return_12  | out |   16| ap_ctrl_hs |     next     | return value |
|ap_return_13  | out |   16| ap_ctrl_hs |     next     | return value |
|ap_return_14  | out |   16| ap_ctrl_hs |     next     | return value |
|ap_return_15  | out |   16| ap_ctrl_hs |     next     | return value |
|ap_return_16  | out |   16| ap_ctrl_hs |     next     | return value |
|ap_return_17  | out |   16| ap_ctrl_hs |     next     | return value |
|ap_return_18  | out |   16| ap_ctrl_hs |     next     | return value |
|ap_return_19  | out |   16| ap_ctrl_hs |     next     | return value |
|ap_return_20  | out |   16| ap_ctrl_hs |     next     | return value |
|ap_return_21  | out |   16| ap_ctrl_hs |     next     | return value |
|ap_return_22  | out |   16| ap_ctrl_hs |     next     | return value |
|ap_return_23  | out |   16| ap_ctrl_hs |     next     | return value |
|ap_return_24  | out |   16| ap_ctrl_hs |     next     | return value |
|ap_return_25  | out |   16| ap_ctrl_hs |     next     | return value |
|ap_return_26  | out |   16| ap_ctrl_hs |     next     | return value |
|ap_return_27  | out |   16| ap_ctrl_hs |     next     | return value |
|ap_return_28  | out |   16| ap_ctrl_hs |     next     | return value |
|ap_return_29  | out |   16| ap_ctrl_hs |     next     | return value |
|ap_return_30  | out |   16| ap_ctrl_hs |     next     | return value |
|ap_return_31  | out |   16| ap_ctrl_hs |     next     | return value |
|ap_return_32  | out |   16| ap_ctrl_hs |     next     | return value |
|ap_return_33  | out |   16| ap_ctrl_hs |     next     | return value |
|ap_return_34  | out |   16| ap_ctrl_hs |     next     | return value |
|ap_return_35  | out |   16| ap_ctrl_hs |     next     | return value |
|ap_return_36  | out |   16| ap_ctrl_hs |     next     | return value |
|ap_return_37  | out |   16| ap_ctrl_hs |     next     | return value |
|ap_return_38  | out |   16| ap_ctrl_hs |     next     | return value |
|ap_return_39  | out |   16| ap_ctrl_hs |     next     | return value |
|ap_return_40  | out |   16| ap_ctrl_hs |     next     | return value |
|ap_return_41  | out |   16| ap_ctrl_hs |     next     | return value |
|ap_return_42  | out |   16| ap_ctrl_hs |     next     | return value |
|ap_return_43  | out |   16| ap_ctrl_hs |     next     | return value |
|ap_return_44  | out |   16| ap_ctrl_hs |     next     | return value |
|ap_return_45  | out |   16| ap_ctrl_hs |     next     | return value |
|ap_return_46  | out |   16| ap_ctrl_hs |     next     | return value |
|ap_return_47  | out |   16| ap_ctrl_hs |     next     | return value |
|ap_return_48  | out |   16| ap_ctrl_hs |     next     | return value |
|ap_return_49  | out |   16| ap_ctrl_hs |     next     | return value |
|ap_return_50  | out |   16| ap_ctrl_hs |     next     | return value |
|ap_return_51  | out |   16| ap_ctrl_hs |     next     | return value |
|ap_return_52  | out |   16| ap_ctrl_hs |     next     | return value |
|ap_return_53  | out |   16| ap_ctrl_hs |     next     | return value |
|ap_return_54  | out |   16| ap_ctrl_hs |     next     | return value |
|ap_return_55  | out |   16| ap_ctrl_hs |     next     | return value |
|ap_return_56  | out |   16| ap_ctrl_hs |     next     | return value |
|ap_return_57  | out |   16| ap_ctrl_hs |     next     | return value |
|ap_return_58  | out |   16| ap_ctrl_hs |     next     | return value |
|ap_return_59  | out |   16| ap_ctrl_hs |     next     | return value |
|ap_return_60  | out |   16| ap_ctrl_hs |     next     | return value |
|ap_return_61  | out |   16| ap_ctrl_hs |     next     | return value |
|ap_return_62  | out |   16| ap_ctrl_hs |     next     | return value |
|ap_return_63  | out |   16| ap_ctrl_hs |     next     | return value |
+--------------+-----+-----+------------+--------------+--------------+

