

================================================================
== Vivado HLS Report for 'next_1'
================================================================
* Date:           Wed Oct 25 04:17:29 2023

* Version:        2019.2 (Build 2704478 on Wed Nov 06 22:10:23 MST 2019)
* Project:        alveo_hls4ml
* Solution:       solution
* Product family: virtexuplus
* Target device:  xcu50-fsvh2104-2L-e


================================================================
== Performance Estimates
================================================================
+ Timing: 
    * Summary: 
    +--------+---------+----------+------------+
    |  Clock |  Target | Estimated| Uncertainty|
    +--------+---------+----------+------------+
    |ap_clk  | 4.00 ns | 2.100 ns |   0.90 ns  |
    +--------+---------+----------+------------+

+ Latency: 
    * Summary: 
    +---------+---------+-----------+-----------+-----+-----+---------+
    |  Latency (cycles) |   Latency (absolute)  |  Interval | Pipeline|
    |   min   |   max   |    min    |    max    | min | max |   Type  |
    +---------+---------+-----------+-----------+-----+-----+---------+
    |        4|        4| 16.000 ns | 16.000 ns |    4|    4|   none  |
    +---------+---------+-----------+-----------+-----+-----+---------+

    + Detail: 
        * Instance: 
        N/A

        * Loop: 
        N/A



================================================================
== Utilization Estimates
================================================================
* Summary: 
+---------------------+---------+-------+---------+--------+-----+
|         Name        | BRAM_18K| DSP48E|    FF   |   LUT  | URAM|
+---------------------+---------+-------+---------+--------+-----+
|DSP                  |        -|      -|        -|       -|    -|
|Expression           |        -|      -|        0|     484|    -|
|FIFO                 |        -|      -|        -|       -|    -|
|Instance             |        -|      4|      243|      53|    -|
|Memory               |        -|      -|        -|       -|    -|
|Multiplexer          |        -|      -|        -|      78|    -|
|Register             |        -|      -|      311|       -|    -|
+---------------------+---------+-------+---------+--------+-----+
|Total                |        0|      4|      554|     615|    0|
+---------------------+---------+-------+---------+--------+-----+
|Available SLR        |     1344|   2976|   871680|  435840|  320|
+---------------------+---------+-------+---------+--------+-----+
|Utilization SLR (%)  |        0|   ~0  |    ~0   |   ~0   |    0|
+---------------------+---------+-------+---------+--------+-----+
|Available            |     2688|   5952|  1743360|  871680|  640|
+---------------------+---------+-------+---------+--------+-----+
|Utilization (%)      |        0|   ~0  |    ~0   |   ~0   |    0|
+---------------------+---------+-------+---------+--------+-----+

+ Detail: 
    * Instance: 
    +----------------------------------------+----------------------------------+---------+-------+-----+----+-----+
    |                Instance                |              Module              | BRAM_18K| DSP48E|  FF | LUT| URAM|
    +----------------------------------------+----------------------------------+---------+-------+-----+----+-----+
    |alveo_hls4ml_mul_34ns_34s_67_4_1_U3774  |alveo_hls4ml_mul_34ns_34s_67_4_1  |        0|      4|  243|  53|    0|
    +----------------------------------------+----------------------------------+---------+-------+-----+----+-----+
    |Total                                   |                                  |        0|      4|  243|  53|    0|
    +----------------------------------------+----------------------------------+---------+-------+-----+----+-----+

    * DSP48E: 
    N/A

    * Memory: 
    N/A

    * FIFO: 
    N/A

    * Expression: 
    +------------------------+----------+-------+---+----+------------+------------+
    |      Variable Name     | Operation| DSP48E| FF| LUT| Bitwidth P0| Bitwidth P1|
    +------------------------+----------+-------+---+----+------------+------------+
    |add_ln700_1_fu_256_p2   |     +    |      0|  0|  33|          33|          33|
    |add_ln700_2_fu_266_p2   |     +    |      0|  0|  34|          34|          34|
    |add_ln700_fu_238_p2     |     +    |      0|  0|  33|          33|          33|
    |rnd_0_V_fu_92_p2        |    xor   |      0|  0|  32|          32|          32|
    |rnd_1_V_fu_136_p2       |    xor   |      0|  0|  32|          32|          32|
    |rnd_2_V_fu_180_p2       |    xor   |      0|  0|  32|          32|          32|
    |rnd_3_V_fu_224_p2       |    xor   |      0|  0|  32|          32|          32|
    |xor_ln719_10_fu_212_p2  |    xor   |      0|  0|  32|          32|          32|
    |xor_ln719_1_fu_80_p2    |    xor   |      0|  0|  32|          32|          32|
    |xor_ln719_3_fu_104_p2   |    xor   |      0|  0|  32|          32|          32|
    |xor_ln719_4_fu_124_p2   |    xor   |      0|  0|  32|          32|          32|
    |xor_ln719_6_fu_148_p2   |    xor   |      0|  0|  32|          32|          32|
    |xor_ln719_7_fu_168_p2   |    xor   |      0|  0|  32|          32|          32|
    |xor_ln719_9_fu_192_p2   |    xor   |      0|  0|  32|          32|          32|
    |xor_ln719_fu_60_p2      |    xor   |      0|  0|  32|          32|          32|
    +------------------------+----------+-------+---+----+------------+------------+
    |Total                   |          |      0|  0| 484|         484|         484|
    +------------------------+----------+-------+---+----+------------+------------+

    * Multiplexer: 
    +-------------+----+-----------+-----+-----------+
    |     Name    | LUT| Input Size| Bits| Total Bits|
    +-------------+----+-----------+-----+-----------+
    |ap_NS_fsm    |  33|          6|    1|          6|
    |ap_return_0  |   9|          2|   16|         32|
    |ap_return_1  |   9|          2|   32|         64|
    |ap_return_2  |   9|          2|   32|         64|
    |ap_return_3  |   9|          2|   32|         64|
    |ap_return_4  |   9|          2|   32|         64|
    +-------------+----+-----------+-----+-----------+
    |Total        |  78|         16|  145|        294|
    +-------------+----+-----------+-----+-----------+

    * Register: 
    +---------------------+----+----+-----+-----------+
    |         Name        | FF | LUT| Bits| Const Bits|
    +---------------------+----+----+-----+-----------+
    |add_ln700_2_reg_341  |  34|   0|   34|          0|
    |ap_CS_fsm            |   5|   0|    5|          0|
    |ap_return_0_preg     |  16|   0|   16|          0|
    |ap_return_1_preg     |  32|   0|   32|          0|
    |ap_return_2_preg     |  32|   0|   32|          0|
    |ap_return_3_preg     |  32|   0|   32|          0|
    |ap_return_4_preg     |  32|   0|   32|          0|
    |rnd_0_V_reg_321      |  32|   0|   32|          0|
    |rnd_1_V_reg_326      |  32|   0|   32|          0|
    |rnd_2_V_reg_331      |  32|   0|   32|          0|
    |rnd_3_V_reg_336      |  32|   0|   32|          0|
    +---------------------+----+----+-----+-----------+
    |Total                | 311|   0|  311|          0|
    +---------------------+----+----+-----+-----------+



================================================================
== Interface
================================================================
* Summary: 
+-----------------------------------------------------+-----+-----+------------+-----------------------------------------------------+--------------+
|                      RTL Ports                      | Dir | Bits|  Protocol  |                    Source Object                    |    C Type    |
+-----------------------------------------------------+-----+-----+------------+-----------------------------------------------------+--------------+
|ap_clk                                               |  in |    1| ap_ctrl_hs |                        next.1                       | return value |
|ap_rst                                               |  in |    1| ap_ctrl_hs |                        next.1                       | return value |
|ap_start                                             |  in |    1| ap_ctrl_hs |                        next.1                       | return value |
|ap_done                                              | out |    1| ap_ctrl_hs |                        next.1                       | return value |
|ap_idle                                              | out |    1| ap_ctrl_hs |                        next.1                       | return value |
|ap_ready                                             | out |    1| ap_ctrl_hs |                        next.1                       | return value |
|ap_return_0                                          | out |   16| ap_ctrl_hs |                        next.1                       | return value |
|ap_return_1                                          | out |   32| ap_ctrl_hs |                        next.1                       | return value |
|ap_return_2                                          | out |   32| ap_ctrl_hs |                        next.1                       | return value |
|ap_return_3                                          | out |   32| ap_ctrl_hs |                        next.1                       | return value |
|ap_return_4                                          | out |   32| ap_ctrl_hs |                        next.1                       | return value |
|GRNG_4_ap_fixed_16_6_5_3_0_0_rng_array_state_V_read  |  in |   32|   ap_none  | GRNG_4_ap_fixed_16_6_5_3_0_0_rng_array_state_V_read |    scalar    |
|GRNG_4_ap_fixed_16_6_5_3_0_1_rng_array_state_V_read  |  in |   32|   ap_none  | GRNG_4_ap_fixed_16_6_5_3_0_1_rng_array_state_V_read |    scalar    |
|GRNG_4_ap_fixed_16_6_5_3_0_2_rng_array_state_V_read  |  in |   32|   ap_none  | GRNG_4_ap_fixed_16_6_5_3_0_2_rng_array_state_V_read |    scalar    |
|GRNG_4_ap_fixed_16_6_5_3_0_3_rng_array_state_V_read  |  in |   32|   ap_none  | GRNG_4_ap_fixed_16_6_5_3_0_3_rng_array_state_V_read |    scalar    |
+-----------------------------------------------------+-----+-----+------------+-----------------------------------------------------+--------------+

