

================================================================
== Vivado HLS Report for 'pointwise_conv_1d_cl_ap_fixed_ap_fixed_16_6_5_3_0_config26_s'
================================================================
* Date:           Wed Oct 25 04:39:32 2023

* Version:        2019.2 (Build 2704478 on Wed Nov 06 22:10:23 MST 2019)
* Project:        alveo_hls4ml
* Solution:       solution
* Product family: virtexuplus
* Target device:  xcu50-fsvh2104-2L-e


================================================================
== Performance Estimates
================================================================
+ Timing: 
    * Summary: 
    +--------+---------+----------+------------+
    |  Clock |  Target | Estimated| Uncertainty|
    +--------+---------+----------+------------+
    |ap_clk  | 4.00 ns | 2.301 ns |   0.90 ns  |
    +--------+---------+----------+------------+

+ Latency: 
    * Summary: 
    +---------+---------+-----------+-----------+------+------+---------+
    |  Latency (cycles) |   Latency (absolute)  |   Interval  | Pipeline|
    |   min   |   max   |    min    |    max    |  min |  max |   Type  |
    +---------+---------+-----------+-----------+------+------+---------+
    |     4891|     4891| 19.564 us | 19.564 us |  4891|  4891|   none  |
    +---------+---------+-----------+-----------+------+------+---------+

    + Detail: 
        * Instance: 
        N/A

        * Loop: 
        +------------------+---------+---------+----------+-----------+-----------+------+----------+
        |                  |  Latency (cycles) | Iteration|  Initiation Interval  | Trip |          |
        |     Loop Name    |   min   |   max   |  Latency |  achieved |   target  | Count| Pipelined|
        +------------------+---------+---------+----------+-----------+-----------+------+----------+
        |- ReadInputWidth  |     4890|     4890|        67|          -|          -|    73|    no    |
        | + ReuseLoop      |       64|       64|         2|          1|          1|    64|    yes   |
        +------------------+---------+---------+----------+-----------+-----------+------+----------+



================================================================
== Utilization Estimates
================================================================
* Summary: 
+---------------------+---------+-------+---------+--------+-----+
|         Name        | BRAM_18K| DSP48E|    FF   |   LUT  | URAM|
+---------------------+---------+-------+---------+--------+-----+
|DSP                  |        -|      -|        -|       -|    -|
|Expression           |        -|      0|        0|     281|    -|
|FIFO                 |        -|      -|        -|       -|    -|
|Instance             |        -|      -|        0|      34|    -|
|Memory               |        -|      -|        -|       -|    -|
|Multiplexer          |        -|      -|        -|     729|    -|
|Register             |        -|      -|      668|       -|    -|
+---------------------+---------+-------+---------+--------+-----+
|Total                |        0|      0|      668|    1044|    0|
+---------------------+---------+-------+---------+--------+-----+
|Available SLR        |     1344|   2976|   871680|  435840|  320|
+---------------------+---------+-------+---------+--------+-----+
|Utilization SLR (%)  |        0|      0|    ~0   |   ~0   |    0|
+---------------------+---------+-------+---------+--------+-----+
|Available            |     2688|   5952|  1743360|  871680|  640|
+---------------------+---------+-------+---------+--------+-----+
|Utilization (%)      |        0|      0|    ~0   |   ~0   |    0|
+---------------------+---------+-------+---------+--------+-----+

+ Detail: 
    * Instance: 
    +-------------------------------------+-------------------------------+---------+-------+---+----+-----+
    |               Instance              |             Module            | BRAM_18K| DSP48E| FF| LUT| URAM|
    +-------------------------------------+-------------------------------+---------+-------+---+----+-----+
    |alveo_hls4ml_mux_646_32_1_1_x_U5837  |alveo_hls4ml_mux_646_32_1_1_x  |        0|      0|  0|  17|    0|
    |alveo_hls4ml_mux_646_8_1_1_U5836     |alveo_hls4ml_mux_646_8_1_1     |        0|      0|  0|  17|    0|
    +-------------------------------------+-------------------------------+---------+-------+---+----+-----+
    |Total                                |                               |        0|      0|  0|  34|    0|
    +-------------------------------------+-------------------------------+---------+-------+---+----+-----+

    * DSP48E: 
    N/A

    * Memory: 
    N/A

    * FIFO: 
    N/A

    * Expression: 
    +----------------------------------+----------+-------+---+----+------------+------------+
    |           Variable Name          | Operation| DSP48E| FF| LUT| Bitwidth P0| Bitwidth P1|
    +----------------------------------+----------+-------+---+----+------------+------------+
    |mul_ln1118_70_fu_1075_p2          |     *    |      0|  0|  40|           8|           8|
    |mul_ln1118_71_fu_1105_p2          |     *    |      0|  0|  40|           8|           8|
    |mul_ln1118_72_fu_1135_p2          |     *    |      0|  0|  40|           8|           8|
    |mul_ln1118_fu_1045_p2             |     *    |      0|  0|  40|           8|           8|
    |acc_0_V_fu_1176_p2                |     +    |      0|  0|  16|          16|          16|
    |acc_1_V_fu_1186_p2                |     +    |      0|  0|  16|          16|          16|
    |acc_2_V_fu_1196_p2                |     +    |      0|  0|  16|          16|          16|
    |acc_3_V_fu_1206_p2                |     +    |      0|  0|  16|          16|          16|
    |i_iw_fu_819_p2                    |     +    |      0|  0|   7|           7|           1|
    |w_index_fu_1151_p2                |     +    |      0|  0|   7|           1|           7|
    |ap_block_pp0_stage0_01001         |    and   |      0|  0|   2|           1|           1|
    |icmp_ln43_2_fu_1161_p2            |   icmp   |      0|  0|  11|           7|           8|
    |icmp_ln43_fu_1167_p2              |   icmp   |      0|  0|  11|           6|           2|
    |icmp_ln59_fu_1213_p2              |   icmp   |      0|  0|  11|           7|           7|
    |ap_block_state1                   |    or    |      0|  0|   2|           1|           1|
    |ap_block_state2                   |    or    |      0|  0|   2|           1|           1|
    |ap_block_state4_pp0_stage0_iter1  |    or    |      0|  0|   2|           1|           1|
    |ap_enable_pp0                     |    xor   |      0|  0|   2|           1|           2|
    +----------------------------------+----------+-------+---+----+------------+------------+
    |Total                             |          |      0|  0| 281|         129|         127|
    +----------------------------------+----------+-------+---+----+------------+------------+

    * Multiplexer: 
    +-----------------------------------+----+-----------+-----+-----------+
    |                Name               | LUT| Input Size| Bits| Total Bits|
    +-----------------------------------+----+-----------+-----+-----------+
    |ap_NS_fsm                          |  27|          5|    1|          5|
    |ap_done                            |   9|          2|    1|          2|
    |ap_enable_reg_pp0_iter1            |   9|          2|    1|          2|
    |ap_phi_mux_w_index5_phi_fu_768_p4  |   9|          2|    6|         12|
    |data_0_V_V_blk_n                   |   9|          2|    1|          2|
    |data_10_V_V_blk_n                  |   9|          2|    1|          2|
    |data_11_V_V_blk_n                  |   9|          2|    1|          2|
    |data_12_V_V_blk_n                  |   9|          2|    1|          2|
    |data_13_V_V_blk_n                  |   9|          2|    1|          2|
    |data_14_V_V_blk_n                  |   9|          2|    1|          2|
    |data_15_V_V_blk_n                  |   9|          2|    1|          2|
    |data_16_V_V_blk_n                  |   9|          2|    1|          2|
    |data_17_V_V_blk_n                  |   9|          2|    1|          2|
    |data_18_V_V_blk_n                  |   9|          2|    1|          2|
    |data_19_V_V_blk_n                  |   9|          2|    1|          2|
    |data_1_V_V_blk_n                   |   9|          2|    1|          2|
    |data_20_V_V_blk_n                  |   9|          2|    1|          2|
    |data_21_V_V_blk_n                  |   9|          2|    1|          2|
    |data_22_V_V_blk_n                  |   9|          2|    1|          2|
    |data_23_V_V_blk_n                  |   9|          2|    1|          2|
    |data_24_V_V_blk_n                  |   9|          2|    1|          2|
    |data_25_V_V_blk_n                  |   9|          2|    1|          2|
    |data_26_V_V_blk_n                  |   9|          2|    1|          2|
    |data_27_V_V_blk_n                  |   9|          2|    1|          2|
    |data_28_V_V_blk_n                  |   9|          2|    1|          2|
    |data_29_V_V_blk_n                  |   9|          2|    1|          2|
    |data_2_V_V_blk_n                   |   9|          2|    1|          2|
    |data_30_V_V_blk_n                  |   9|          2|    1|          2|
    |data_31_V_V_blk_n                  |   9|          2|    1|          2|
    |data_32_V_V_blk_n                  |   9|          2|    1|          2|
    |data_33_V_V_blk_n                  |   9|          2|    1|          2|
    |data_34_V_V_blk_n                  |   9|          2|    1|          2|
    |data_35_V_V_blk_n                  |   9|          2|    1|          2|
    |data_36_V_V_blk_n                  |   9|          2|    1|          2|
    |data_37_V_V_blk_n                  |   9|          2|    1|          2|
    |data_38_V_V_blk_n                  |   9|          2|    1|          2|
    |data_39_V_V_blk_n                  |   9|          2|    1|          2|
    |data_3_V_V_blk_n                   |   9|          2|    1|          2|
    |data_40_V_V_blk_n                  |   9|          2|    1|          2|
    |data_41_V_V_blk_n                  |   9|          2|    1|          2|
    |data_42_V_V_blk_n                  |   9|          2|    1|          2|
    |data_43_V_V_blk_n                  |   9|          2|    1|          2|
    |data_44_V_V_blk_n                  |   9|          2|    1|          2|
    |data_45_V_V_blk_n                  |   9|          2|    1|          2|
    |data_46_V_V_blk_n                  |   9|          2|    1|          2|
    |data_47_V_V_blk_n                  |   9|          2|    1|          2|
    |data_48_V_V_blk_n                  |   9|          2|    1|          2|
    |data_49_V_V_blk_n                  |   9|          2|    1|          2|
    |data_4_V_V_blk_n                   |   9|          2|    1|          2|
    |data_50_V_V_blk_n                  |   9|          2|    1|          2|
    |data_51_V_V_blk_n                  |   9|          2|    1|          2|
    |data_52_V_V_blk_n                  |   9|          2|    1|          2|
    |data_53_V_V_blk_n                  |   9|          2|    1|          2|
    |data_54_V_V_blk_n                  |   9|          2|    1|          2|
    |data_55_V_V_blk_n                  |   9|          2|    1|          2|
    |data_56_V_V_blk_n                  |   9|          2|    1|          2|
    |data_57_V_V_blk_n                  |   9|          2|    1|          2|
    |data_58_V_V_blk_n                  |   9|          2|    1|          2|
    |data_59_V_V_blk_n                  |   9|          2|    1|          2|
    |data_5_V_V_blk_n                   |   9|          2|    1|          2|
    |data_60_V_V_blk_n                  |   9|          2|    1|          2|
    |data_61_V_V_blk_n                  |   9|          2|    1|          2|
    |data_62_V_V_blk_n                  |   9|          2|    1|          2|
    |data_63_V_V_blk_n                  |   9|          2|    1|          2|
    |data_6_V_V_blk_n                   |   9|          2|    1|          2|
    |data_7_V_V_blk_n                   |   9|          2|    1|          2|
    |data_8_V_V_blk_n                   |   9|          2|    1|          2|
    |data_9_V_V_blk_n                   |   9|          2|    1|          2|
    |i_iw_06_reg_752                    |   9|          2|    7|         14|
    |real_start                         |   9|          2|    1|          2|
    |res_0_V4_reg_775                   |   9|          2|   16|         32|
    |res_0_V_V_blk_n                    |   9|          2|    1|          2|
    |res_1_V3_reg_786                   |   9|          2|   16|         32|
    |res_1_V_V_blk_n                    |   9|          2|    1|          2|
    |res_2_V2_reg_797                   |   9|          2|   16|         32|
    |res_2_V_V_blk_n                    |   9|          2|    1|          2|
    |res_3_V1_reg_808                   |   9|          2|   16|         32|
    |res_3_V_V_blk_n                    |   9|          2|    1|          2|
    |w_index5_reg_764                   |   9|          2|    6|         12|
    +-----------------------------------+----+-----------+-----+-----------+
    |Total                              | 729|        161|  155|        313|
    +-----------------------------------+----+-----------+-----+-----------+

    * Register: 
    +-------------------------+----+----+-----+-----------+
    |           Name          | FF | LUT| Bits| Const Bits|
    +-------------------------+----+----+-----+-----------+
    |ap_CS_fsm                |   4|   0|    4|          0|
    |ap_done_reg              |   1|   0|    1|          0|
    |ap_enable_reg_pp0_iter0  |   1|   0|    1|          0|
    |ap_enable_reg_pp0_iter1  |   1|   0|    1|          0|
    |i_iw_06_reg_752          |   7|   0|    7|          0|
    |i_iw_reg_1539            |   7|   0|    7|          0|
    |icmp_ln43_2_reg_1569     |   1|   0|    1|          0|
    |icmp_ln43_reg_1573       |   1|   0|    1|          0|
    |res_0_V4_reg_775         |  16|   0|   16|          0|
    |res_1_V3_reg_786         |  16|   0|   16|          0|
    |res_2_V2_reg_797         |  16|   0|   16|          0|
    |res_3_V1_reg_808         |  16|   0|   16|          0|
    |start_once_reg           |   1|   0|    1|          0|
    |tmp_V_140_reg_1219       |   8|   0|    8|          0|
    |tmp_V_141_reg_1224       |   8|   0|    8|          0|
    |tmp_V_142_reg_1229       |   8|   0|    8|          0|
    |tmp_V_143_reg_1234       |   8|   0|    8|          0|
    |tmp_V_144_reg_1239       |   8|   0|    8|          0|
    |tmp_V_145_reg_1244       |   8|   0|    8|          0|
    |tmp_V_146_reg_1249       |   8|   0|    8|          0|
    |tmp_V_147_reg_1254       |   8|   0|    8|          0|
    |tmp_V_148_reg_1259       |   8|   0|    8|          0|
    |tmp_V_149_reg_1264       |   8|   0|    8|          0|
    |tmp_V_150_reg_1269       |   8|   0|    8|          0|
    |tmp_V_151_reg_1274       |   8|   0|    8|          0|
    |tmp_V_152_reg_1279       |   8|   0|    8|          0|
    |tmp_V_153_reg_1284       |   8|   0|    8|          0|
    |tmp_V_154_reg_1289       |   8|   0|    8|          0|
    |tmp_V_155_reg_1294       |   8|   0|    8|          0|
    |tmp_V_156_reg_1299       |   8|   0|    8|          0|
    |tmp_V_157_reg_1304       |   8|   0|    8|          0|
    |tmp_V_158_reg_1309       |   8|   0|    8|          0|
    |tmp_V_159_reg_1314       |   8|   0|    8|          0|
    |tmp_V_160_reg_1319       |   8|   0|    8|          0|
    |tmp_V_161_reg_1324       |   8|   0|    8|          0|
    |tmp_V_162_reg_1329       |   8|   0|    8|          0|
    |tmp_V_163_reg_1334       |   8|   0|    8|          0|
    |tmp_V_164_reg_1339       |   8|   0|    8|          0|
    |tmp_V_165_reg_1344       |   8|   0|    8|          0|
    |tmp_V_166_reg_1349       |   8|   0|    8|          0|
    |tmp_V_167_reg_1354       |   8|   0|    8|          0|
    |tmp_V_168_reg_1359       |   8|   0|    8|          0|
    |tmp_V_169_reg_1364       |   8|   0|    8|          0|
    |tmp_V_170_reg_1369       |   8|   0|    8|          0|
    |tmp_V_171_reg_1374       |   8|   0|    8|          0|
    |tmp_V_172_reg_1379       |   8|   0|    8|          0|
    |tmp_V_173_reg_1384       |   8|   0|    8|          0|
    |tmp_V_174_reg_1389       |   8|   0|    8|          0|
    |tmp_V_175_reg_1394       |   8|   0|    8|          0|
    |tmp_V_176_reg_1399       |   8|   0|    8|          0|
    |tmp_V_177_reg_1404       |   8|   0|    8|          0|
    |tmp_V_178_reg_1409       |   8|   0|    8|          0|
    |tmp_V_179_reg_1414       |   8|   0|    8|          0|
    |tmp_V_180_reg_1419       |   8|   0|    8|          0|
    |tmp_V_181_reg_1424       |   8|   0|    8|          0|
    |tmp_V_182_reg_1429       |   8|   0|    8|          0|
    |tmp_V_183_reg_1434       |   8|   0|    8|          0|
    |tmp_V_184_reg_1439       |   8|   0|    8|          0|
    |tmp_V_185_reg_1444       |   8|   0|    8|          0|
    |tmp_V_186_reg_1449       |   8|   0|    8|          0|
    |tmp_V_187_reg_1454       |   8|   0|    8|          0|
    |tmp_V_188_reg_1459       |   8|   0|    8|          0|
    |tmp_V_189_reg_1464       |   8|   0|    8|          0|
    |tmp_V_190_reg_1469       |   8|   0|    8|          0|
    |tmp_V_191_reg_1474       |   8|   0|    8|          0|
    |tmp_V_192_reg_1479       |   8|   0|    8|          0|
    |tmp_V_193_reg_1484       |   8|   0|    8|          0|
    |tmp_V_194_reg_1489       |   8|   0|    8|          0|
    |tmp_V_195_reg_1494       |   8|   0|    8|          0|
    |tmp_V_196_reg_1499       |   8|   0|    8|          0|
    |tmp_V_197_reg_1504       |   8|   0|    8|          0|
    |tmp_V_198_reg_1509       |   8|   0|    8|          0|
    |tmp_V_199_reg_1514       |   8|   0|    8|          0|
    |tmp_V_200_reg_1519       |   8|   0|    8|          0|
    |tmp_V_201_reg_1524       |   8|   0|    8|          0|
    |tmp_V_202_reg_1529       |   8|   0|    8|          0|
    |tmp_V_203_reg_1534       |   8|   0|    8|          0|
    |trunc_ln2_reg_1544       |  14|   0|   14|          0|
    |trunc_ln43_reg_1564      |   6|   0|    6|          0|
    |trunc_ln708_69_reg_1554  |  14|   0|   14|          0|
    |trunc_ln708_70_reg_1559  |  14|   0|   14|          0|
    |trunc_ln708_s_reg_1549   |  14|   0|   14|          0|
    |w_index5_reg_764         |   6|   0|    6|          0|
    +-------------------------+----+----+-----+-----------+
    |Total                    | 668|   0|  668|          0|
    +-------------------------+----+----+-----+-----------+



================================================================
== Interface
================================================================
* Summary: 
+---------------------+-----+-----+------------+--------------------------------------------------------------+--------------+
|      RTL Ports      | Dir | Bits|  Protocol  |                         Source Object                        |    C Type    |
+---------------------+-----+-----+------------+--------------------------------------------------------------+--------------+
|ap_clk               |  in |    1| ap_ctrl_hs | pointwise_conv_1d_cl<ap_fixed,ap_fixed<16,6,5,3,0>,config26> | return value |
|ap_rst               |  in |    1| ap_ctrl_hs | pointwise_conv_1d_cl<ap_fixed,ap_fixed<16,6,5,3,0>,config26> | return value |
|ap_start             |  in |    1| ap_ctrl_hs | pointwise_conv_1d_cl<ap_fixed,ap_fixed<16,6,5,3,0>,config26> | return value |
|start_full_n         |  in |    1| ap_ctrl_hs | pointwise_conv_1d_cl<ap_fixed,ap_fixed<16,6,5,3,0>,config26> | return value |
|ap_done              | out |    1| ap_ctrl_hs | pointwise_conv_1d_cl<ap_fixed,ap_fixed<16,6,5,3,0>,config26> | return value |
|ap_continue          |  in |    1| ap_ctrl_hs | pointwise_conv_1d_cl<ap_fixed,ap_fixed<16,6,5,3,0>,config26> | return value |
|ap_idle              | out |    1| ap_ctrl_hs | pointwise_conv_1d_cl<ap_fixed,ap_fixed<16,6,5,3,0>,config26> | return value |
|ap_ready             | out |    1| ap_ctrl_hs | pointwise_conv_1d_cl<ap_fixed,ap_fixed<16,6,5,3,0>,config26> | return value |
|start_out            | out |    1| ap_ctrl_hs | pointwise_conv_1d_cl<ap_fixed,ap_fixed<16,6,5,3,0>,config26> | return value |
|start_write          | out |    1| ap_ctrl_hs | pointwise_conv_1d_cl<ap_fixed,ap_fixed<16,6,5,3,0>,config26> | return value |
|data_0_V_V_dout      |  in |    8|   ap_fifo  |                          data_0_V_V                          |    pointer   |
|data_0_V_V_empty_n   |  in |    1|   ap_fifo  |                          data_0_V_V                          |    pointer   |
|data_0_V_V_read      | out |    1|   ap_fifo  |                          data_0_V_V                          |    pointer   |
|data_1_V_V_dout      |  in |    8|   ap_fifo  |                          data_1_V_V                          |    pointer   |
|data_1_V_V_empty_n   |  in |    1|   ap_fifo  |                          data_1_V_V                          |    pointer   |
|data_1_V_V_read      | out |    1|   ap_fifo  |                          data_1_V_V                          |    pointer   |
|data_2_V_V_dout      |  in |    8|   ap_fifo  |                          data_2_V_V                          |    pointer   |
|data_2_V_V_empty_n   |  in |    1|   ap_fifo  |                          data_2_V_V                          |    pointer   |
|data_2_V_V_read      | out |    1|   ap_fifo  |                          data_2_V_V                          |    pointer   |
|data_3_V_V_dout      |  in |    8|   ap_fifo  |                          data_3_V_V                          |    pointer   |
|data_3_V_V_empty_n   |  in |    1|   ap_fifo  |                          data_3_V_V                          |    pointer   |
|data_3_V_V_read      | out |    1|   ap_fifo  |                          data_3_V_V                          |    pointer   |
|data_4_V_V_dout      |  in |    8|   ap_fifo  |                          data_4_V_V                          |    pointer   |
|data_4_V_V_empty_n   |  in |    1|   ap_fifo  |                          data_4_V_V                          |    pointer   |
|data_4_V_V_read      | out |    1|   ap_fifo  |                          data_4_V_V                          |    pointer   |
|data_5_V_V_dout      |  in |    8|   ap_fifo  |                          data_5_V_V                          |    pointer   |
|data_5_V_V_empty_n   |  in |    1|   ap_fifo  |                          data_5_V_V                          |    pointer   |
|data_5_V_V_read      | out |    1|   ap_fifo  |                          data_5_V_V                          |    pointer   |
|data_6_V_V_dout      |  in |    8|   ap_fifo  |                          data_6_V_V                          |    pointer   |
|data_6_V_V_empty_n   |  in |    1|   ap_fifo  |                          data_6_V_V                          |    pointer   |
|data_6_V_V_read      | out |    1|   ap_fifo  |                          data_6_V_V                          |    pointer   |
|data_7_V_V_dout      |  in |    8|   ap_fifo  |                          data_7_V_V                          |    pointer   |
|data_7_V_V_empty_n   |  in |    1|   ap_fifo  |                          data_7_V_V                          |    pointer   |
|data_7_V_V_read      | out |    1|   ap_fifo  |                          data_7_V_V                          |    pointer   |
|data_8_V_V_dout      |  in |    8|   ap_fifo  |                          data_8_V_V                          |    pointer   |
|data_8_V_V_empty_n   |  in |    1|   ap_fifo  |                          data_8_V_V                          |    pointer   |
|data_8_V_V_read      | out |    1|   ap_fifo  |                          data_8_V_V                          |    pointer   |
|data_9_V_V_dout      |  in |    8|   ap_fifo  |                          data_9_V_V                          |    pointer   |
|data_9_V_V_empty_n   |  in |    1|   ap_fifo  |                          data_9_V_V                          |    pointer   |
|data_9_V_V_read      | out |    1|   ap_fifo  |                          data_9_V_V                          |    pointer   |
|data_10_V_V_dout     |  in |    8|   ap_fifo  |                          data_10_V_V                         |    pointer   |
|data_10_V_V_empty_n  |  in |    1|   ap_fifo  |                          data_10_V_V                         |    pointer   |
|data_10_V_V_read     | out |    1|   ap_fifo  |                          data_10_V_V                         |    pointer   |
|data_11_V_V_dout     |  in |    8|   ap_fifo  |                          data_11_V_V                         |    pointer   |
|data_11_V_V_empty_n  |  in |    1|   ap_fifo  |                          data_11_V_V                         |    pointer   |
|data_11_V_V_read     | out |    1|   ap_fifo  |                          data_11_V_V                         |    pointer   |
|data_12_V_V_dout     |  in |    8|   ap_fifo  |                          data_12_V_V                         |    pointer   |
|data_12_V_V_empty_n  |  in |    1|   ap_fifo  |                          data_12_V_V                         |    pointer   |
|data_12_V_V_read     | out |    1|   ap_fifo  |                          data_12_V_V                         |    pointer   |
|data_13_V_V_dout     |  in |    8|   ap_fifo  |                          data_13_V_V                         |    pointer   |
|data_13_V_V_empty_n  |  in |    1|   ap_fifo  |                          data_13_V_V                         |    pointer   |
|data_13_V_V_read     | out |    1|   ap_fifo  |                          data_13_V_V                         |    pointer   |
|data_14_V_V_dout     |  in |    8|   ap_fifo  |                          data_14_V_V                         |    pointer   |
|data_14_V_V_empty_n  |  in |    1|   ap_fifo  |                          data_14_V_V                         |    pointer   |
|data_14_V_V_read     | out |    1|   ap_fifo  |                          data_14_V_V                         |    pointer   |
|data_15_V_V_dout     |  in |    8|   ap_fifo  |                          data_15_V_V                         |    pointer   |
|data_15_V_V_empty_n  |  in |    1|   ap_fifo  |                          data_15_V_V                         |    pointer   |
|data_15_V_V_read     | out |    1|   ap_fifo  |                          data_15_V_V                         |    pointer   |
|data_16_V_V_dout     |  in |    8|   ap_fifo  |                          data_16_V_V                         |    pointer   |
|data_16_V_V_empty_n  |  in |    1|   ap_fifo  |                          data_16_V_V                         |    pointer   |
|data_16_V_V_read     | out |    1|   ap_fifo  |                          data_16_V_V                         |    pointer   |
|data_17_V_V_dout     |  in |    8|   ap_fifo  |                          data_17_V_V                         |    pointer   |
|data_17_V_V_empty_n  |  in |    1|   ap_fifo  |                          data_17_V_V                         |    pointer   |
|data_17_V_V_read     | out |    1|   ap_fifo  |                          data_17_V_V                         |    pointer   |
|data_18_V_V_dout     |  in |    8|   ap_fifo  |                          data_18_V_V                         |    pointer   |
|data_18_V_V_empty_n  |  in |    1|   ap_fifo  |                          data_18_V_V                         |    pointer   |
|data_18_V_V_read     | out |    1|   ap_fifo  |                          data_18_V_V                         |    pointer   |
|data_19_V_V_dout     |  in |    8|   ap_fifo  |                          data_19_V_V                         |    pointer   |
|data_19_V_V_empty_n  |  in |    1|   ap_fifo  |                          data_19_V_V                         |    pointer   |
|data_19_V_V_read     | out |    1|   ap_fifo  |                          data_19_V_V                         |    pointer   |
|data_20_V_V_dout     |  in |    8|   ap_fifo  |                          data_20_V_V                         |    pointer   |
|data_20_V_V_empty_n  |  in |    1|   ap_fifo  |                          data_20_V_V                         |    pointer   |
|data_20_V_V_read     | out |    1|   ap_fifo  |                          data_20_V_V                         |    pointer   |
|data_21_V_V_dout     |  in |    8|   ap_fifo  |                          data_21_V_V                         |    pointer   |
|data_21_V_V_empty_n  |  in |    1|   ap_fifo  |                          data_21_V_V                         |    pointer   |
|data_21_V_V_read     | out |    1|   ap_fifo  |                          data_21_V_V                         |    pointer   |
|data_22_V_V_dout     |  in |    8|   ap_fifo  |                          data_22_V_V                         |    pointer   |
|data_22_V_V_empty_n  |  in |    1|   ap_fifo  |                          data_22_V_V                         |    pointer   |
|data_22_V_V_read     | out |    1|   ap_fifo  |                          data_22_V_V                         |    pointer   |
|data_23_V_V_dout     |  in |    8|   ap_fifo  |                          data_23_V_V                         |    pointer   |
|data_23_V_V_empty_n  |  in |    1|   ap_fifo  |                          data_23_V_V                         |    pointer   |
|data_23_V_V_read     | out |    1|   ap_fifo  |                          data_23_V_V                         |    pointer   |
|data_24_V_V_dout     |  in |    8|   ap_fifo  |                          data_24_V_V                         |    pointer   |
|data_24_V_V_empty_n  |  in |    1|   ap_fifo  |                          data_24_V_V                         |    pointer   |
|data_24_V_V_read     | out |    1|   ap_fifo  |                          data_24_V_V                         |    pointer   |
|data_25_V_V_dout     |  in |    8|   ap_fifo  |                          data_25_V_V                         |    pointer   |
|data_25_V_V_empty_n  |  in |    1|   ap_fifo  |                          data_25_V_V                         |    pointer   |
|data_25_V_V_read     | out |    1|   ap_fifo  |                          data_25_V_V                         |    pointer   |
|data_26_V_V_dout     |  in |    8|   ap_fifo  |                          data_26_V_V                         |    pointer   |
|data_26_V_V_empty_n  |  in |    1|   ap_fifo  |                          data_26_V_V                         |    pointer   |
|data_26_V_V_read     | out |    1|   ap_fifo  |                          data_26_V_V                         |    pointer   |
|data_27_V_V_dout     |  in |    8|   ap_fifo  |                          data_27_V_V                         |    pointer   |
|data_27_V_V_empty_n  |  in |    1|   ap_fifo  |                          data_27_V_V                         |    pointer   |
|data_27_V_V_read     | out |    1|   ap_fifo  |                          data_27_V_V                         |    pointer   |
|data_28_V_V_dout     |  in |    8|   ap_fifo  |                          data_28_V_V                         |    pointer   |
|data_28_V_V_empty_n  |  in |    1|   ap_fifo  |                          data_28_V_V                         |    pointer   |
|data_28_V_V_read     | out |    1|   ap_fifo  |                          data_28_V_V                         |    pointer   |
|data_29_V_V_dout     |  in |    8|   ap_fifo  |                          data_29_V_V                         |    pointer   |
|data_29_V_V_empty_n  |  in |    1|   ap_fifo  |                          data_29_V_V                         |    pointer   |
|data_29_V_V_read     | out |    1|   ap_fifo  |                          data_29_V_V                         |    pointer   |
|data_30_V_V_dout     |  in |    8|   ap_fifo  |                          data_30_V_V                         |    pointer   |
|data_30_V_V_empty_n  |  in |    1|   ap_fifo  |                          data_30_V_V                         |    pointer   |
|data_30_V_V_read     | out |    1|   ap_fifo  |                          data_30_V_V                         |    pointer   |
|data_31_V_V_dout     |  in |    8|   ap_fifo  |                          data_31_V_V                         |    pointer   |
|data_31_V_V_empty_n  |  in |    1|   ap_fifo  |                          data_31_V_V                         |    pointer   |
|data_31_V_V_read     | out |    1|   ap_fifo  |                          data_31_V_V                         |    pointer   |
|data_32_V_V_dout     |  in |    8|   ap_fifo  |                          data_32_V_V                         |    pointer   |
|data_32_V_V_empty_n  |  in |    1|   ap_fifo  |                          data_32_V_V                         |    pointer   |
|data_32_V_V_read     | out |    1|   ap_fifo  |                          data_32_V_V                         |    pointer   |
|data_33_V_V_dout     |  in |    8|   ap_fifo  |                          data_33_V_V                         |    pointer   |
|data_33_V_V_empty_n  |  in |    1|   ap_fifo  |                          data_33_V_V                         |    pointer   |
|data_33_V_V_read     | out |    1|   ap_fifo  |                          data_33_V_V                         |    pointer   |
|data_34_V_V_dout     |  in |    8|   ap_fifo  |                          data_34_V_V                         |    pointer   |
|data_34_V_V_empty_n  |  in |    1|   ap_fifo  |                          data_34_V_V                         |    pointer   |
|data_34_V_V_read     | out |    1|   ap_fifo  |                          data_34_V_V                         |    pointer   |
|data_35_V_V_dout     |  in |    8|   ap_fifo  |                          data_35_V_V                         |    pointer   |
|data_35_V_V_empty_n  |  in |    1|   ap_fifo  |                          data_35_V_V                         |    pointer   |
|data_35_V_V_read     | out |    1|   ap_fifo  |                          data_35_V_V                         |    pointer   |
|data_36_V_V_dout     |  in |    8|   ap_fifo  |                          data_36_V_V                         |    pointer   |
|data_36_V_V_empty_n  |  in |    1|   ap_fifo  |                          data_36_V_V                         |    pointer   |
|data_36_V_V_read     | out |    1|   ap_fifo  |                          data_36_V_V                         |    pointer   |
|data_37_V_V_dout     |  in |    8|   ap_fifo  |                          data_37_V_V                         |    pointer   |
|data_37_V_V_empty_n  |  in |    1|   ap_fifo  |                          data_37_V_V                         |    pointer   |
|data_37_V_V_read     | out |    1|   ap_fifo  |                          data_37_V_V                         |    pointer   |
|data_38_V_V_dout     |  in |    8|   ap_fifo  |                          data_38_V_V                         |    pointer   |
|data_38_V_V_empty_n  |  in |    1|   ap_fifo  |                          data_38_V_V                         |    pointer   |
|data_38_V_V_read     | out |    1|   ap_fifo  |                          data_38_V_V                         |    pointer   |
|data_39_V_V_dout     |  in |    8|   ap_fifo  |                          data_39_V_V                         |    pointer   |
|data_39_V_V_empty_n  |  in |    1|   ap_fifo  |                          data_39_V_V                         |    pointer   |
|data_39_V_V_read     | out |    1|   ap_fifo  |                          data_39_V_V                         |    pointer   |
|data_40_V_V_dout     |  in |    8|   ap_fifo  |                          data_40_V_V                         |    pointer   |
|data_40_V_V_empty_n  |  in |    1|   ap_fifo  |                          data_40_V_V                         |    pointer   |
|data_40_V_V_read     | out |    1|   ap_fifo  |                          data_40_V_V                         |    pointer   |
|data_41_V_V_dout     |  in |    8|   ap_fifo  |                          data_41_V_V                         |    pointer   |
|data_41_V_V_empty_n  |  in |    1|   ap_fifo  |                          data_41_V_V                         |    pointer   |
|data_41_V_V_read     | out |    1|   ap_fifo  |                          data_41_V_V                         |    pointer   |
|data_42_V_V_dout     |  in |    8|   ap_fifo  |                          data_42_V_V                         |    pointer   |
|data_42_V_V_empty_n  |  in |    1|   ap_fifo  |                          data_42_V_V                         |    pointer   |
|data_42_V_V_read     | out |    1|   ap_fifo  |                          data_42_V_V                         |    pointer   |
|data_43_V_V_dout     |  in |    8|   ap_fifo  |                          data_43_V_V                         |    pointer   |
|data_43_V_V_empty_n  |  in |    1|   ap_fifo  |                          data_43_V_V                         |    pointer   |
|data_43_V_V_read     | out |    1|   ap_fifo  |                          data_43_V_V                         |    pointer   |
|data_44_V_V_dout     |  in |    8|   ap_fifo  |                          data_44_V_V                         |    pointer   |
|data_44_V_V_empty_n  |  in |    1|   ap_fifo  |                          data_44_V_V                         |    pointer   |
|data_44_V_V_read     | out |    1|   ap_fifo  |                          data_44_V_V                         |    pointer   |
|data_45_V_V_dout     |  in |    8|   ap_fifo  |                          data_45_V_V                         |    pointer   |
|data_45_V_V_empty_n  |  in |    1|   ap_fifo  |                          data_45_V_V                         |    pointer   |
|data_45_V_V_read     | out |    1|   ap_fifo  |                          data_45_V_V                         |    pointer   |
|data_46_V_V_dout     |  in |    8|   ap_fifo  |                          data_46_V_V                         |    pointer   |
|data_46_V_V_empty_n  |  in |    1|   ap_fifo  |                          data_46_V_V                         |    pointer   |
|data_46_V_V_read     | out |    1|   ap_fifo  |                          data_46_V_V                         |    pointer   |
|data_47_V_V_dout     |  in |    8|   ap_fifo  |                          data_47_V_V                         |    pointer   |
|data_47_V_V_empty_n  |  in |    1|   ap_fifo  |                          data_47_V_V                         |    pointer   |
|data_47_V_V_read     | out |    1|   ap_fifo  |                          data_47_V_V                         |    pointer   |
|data_48_V_V_dout     |  in |    8|   ap_fifo  |                          data_48_V_V                         |    pointer   |
|data_48_V_V_empty_n  |  in |    1|   ap_fifo  |                          data_48_V_V                         |    pointer   |
|data_48_V_V_read     | out |    1|   ap_fifo  |                          data_48_V_V                         |    pointer   |
|data_49_V_V_dout     |  in |    8|   ap_fifo  |                          data_49_V_V                         |    pointer   |
|data_49_V_V_empty_n  |  in |    1|   ap_fifo  |                          data_49_V_V                         |    pointer   |
|data_49_V_V_read     | out |    1|   ap_fifo  |                          data_49_V_V                         |    pointer   |
|data_50_V_V_dout     |  in |    8|   ap_fifo  |                          data_50_V_V                         |    pointer   |
|data_50_V_V_empty_n  |  in |    1|   ap_fifo  |                          data_50_V_V                         |    pointer   |
|data_50_V_V_read     | out |    1|   ap_fifo  |                          data_50_V_V                         |    pointer   |
|data_51_V_V_dout     |  in |    8|   ap_fifo  |                          data_51_V_V                         |    pointer   |
|data_51_V_V_empty_n  |  in |    1|   ap_fifo  |                          data_51_V_V                         |    pointer   |
|data_51_V_V_read     | out |    1|   ap_fifo  |                          data_51_V_V                         |    pointer   |
|data_52_V_V_dout     |  in |    8|   ap_fifo  |                          data_52_V_V                         |    pointer   |
|data_52_V_V_empty_n  |  in |    1|   ap_fifo  |                          data_52_V_V                         |    pointer   |
|data_52_V_V_read     | out |    1|   ap_fifo  |                          data_52_V_V                         |    pointer   |
|data_53_V_V_dout     |  in |    8|   ap_fifo  |                          data_53_V_V                         |    pointer   |
|data_53_V_V_empty_n  |  in |    1|   ap_fifo  |                          data_53_V_V                         |    pointer   |
|data_53_V_V_read     | out |    1|   ap_fifo  |                          data_53_V_V                         |    pointer   |
|data_54_V_V_dout     |  in |    8|   ap_fifo  |                          data_54_V_V                         |    pointer   |
|data_54_V_V_empty_n  |  in |    1|   ap_fifo  |                          data_54_V_V                         |    pointer   |
|data_54_V_V_read     | out |    1|   ap_fifo  |                          data_54_V_V                         |    pointer   |
|data_55_V_V_dout     |  in |    8|   ap_fifo  |                          data_55_V_V                         |    pointer   |
|data_55_V_V_empty_n  |  in |    1|   ap_fifo  |                          data_55_V_V                         |    pointer   |
|data_55_V_V_read     | out |    1|   ap_fifo  |                          data_55_V_V                         |    pointer   |
|data_56_V_V_dout     |  in |    8|   ap_fifo  |                          data_56_V_V                         |    pointer   |
|data_56_V_V_empty_n  |  in |    1|   ap_fifo  |                          data_56_V_V                         |    pointer   |
|data_56_V_V_read     | out |    1|   ap_fifo  |                          data_56_V_V                         |    pointer   |
|data_57_V_V_dout     |  in |    8|   ap_fifo  |                          data_57_V_V                         |    pointer   |
|data_57_V_V_empty_n  |  in |    1|   ap_fifo  |                          data_57_V_V                         |    pointer   |
|data_57_V_V_read     | out |    1|   ap_fifo  |                          data_57_V_V                         |    pointer   |
|data_58_V_V_dout     |  in |    8|   ap_fifo  |                          data_58_V_V                         |    pointer   |
|data_58_V_V_empty_n  |  in |    1|   ap_fifo  |                          data_58_V_V                         |    pointer   |
|data_58_V_V_read     | out |    1|   ap_fifo  |                          data_58_V_V                         |    pointer   |
|data_59_V_V_dout     |  in |    8|   ap_fifo  |                          data_59_V_V                         |    pointer   |
|data_59_V_V_empty_n  |  in |    1|   ap_fifo  |                          data_59_V_V                         |    pointer   |
|data_59_V_V_read     | out |    1|   ap_fifo  |                          data_59_V_V                         |    pointer   |
|data_60_V_V_dout     |  in |    8|   ap_fifo  |                          data_60_V_V                         |    pointer   |
|data_60_V_V_empty_n  |  in |    1|   ap_fifo  |                          data_60_V_V                         |    pointer   |
|data_60_V_V_read     | out |    1|   ap_fifo  |                          data_60_V_V                         |    pointer   |
|data_61_V_V_dout     |  in |    8|   ap_fifo  |                          data_61_V_V                         |    pointer   |
|data_61_V_V_empty_n  |  in |    1|   ap_fifo  |                          data_61_V_V                         |    pointer   |
|data_61_V_V_read     | out |    1|   ap_fifo  |                          data_61_V_V                         |    pointer   |
|data_62_V_V_dout     |  in |    8|   ap_fifo  |                          data_62_V_V                         |    pointer   |
|data_62_V_V_empty_n  |  in |    1|   ap_fifo  |                          data_62_V_V                         |    pointer   |
|data_62_V_V_read     | out |    1|   ap_fifo  |                          data_62_V_V                         |    pointer   |
|data_63_V_V_dout     |  in |    8|   ap_fifo  |                          data_63_V_V                         |    pointer   |
|data_63_V_V_empty_n  |  in |    1|   ap_fifo  |                          data_63_V_V                         |    pointer   |
|data_63_V_V_read     | out |    1|   ap_fifo  |                          data_63_V_V                         |    pointer   |
|res_0_V_V_din        | out |   16|   ap_fifo  |                           res_0_V_V                          |    pointer   |
|res_0_V_V_full_n     |  in |    1|   ap_fifo  |                           res_0_V_V                          |    pointer   |
|res_0_V_V_write      | out |    1|   ap_fifo  |                           res_0_V_V                          |    pointer   |
|res_1_V_V_din        | out |   16|   ap_fifo  |                           res_1_V_V                          |    pointer   |
|res_1_V_V_full_n     |  in |    1|   ap_fifo  |                           res_1_V_V                          |    pointer   |
|res_1_V_V_write      | out |    1|   ap_fifo  |                           res_1_V_V                          |    pointer   |
|res_2_V_V_din        | out |   16|   ap_fifo  |                           res_2_V_V                          |    pointer   |
|res_2_V_V_full_n     |  in |    1|   ap_fifo  |                           res_2_V_V                          |    pointer   |
|res_2_V_V_write      | out |    1|   ap_fifo  |                           res_2_V_V                          |    pointer   |
|res_3_V_V_din        | out |   16|   ap_fifo  |                           res_3_V_V                          |    pointer   |
|res_3_V_V_full_n     |  in |    1|   ap_fifo  |                           res_3_V_V                          |    pointer   |
|res_3_V_V_write      | out |    1|   ap_fifo  |                           res_3_V_V                          |    pointer   |
+---------------------+-----+-----+------------+--------------------------------------------------------------+--------------+

