

================================================================
== Vivado HLS Report for 'srn_ap_fixed_16_6_5_3_0_ap_fixed_16_6_5_3_0_config11_s'
================================================================
* Date:           Wed Oct 25 04:18:40 2023

* Version:        2019.2 (Build 2704478 on Wed Nov 06 22:10:23 MST 2019)
* Project:        alveo_hls4ml
* Solution:       solution
* Product family: virtexuplus
* Target device:  xcu50-fsvh2104-2L-e


================================================================
== Performance Estimates
================================================================
+ Timing: 
    * Summary: 
    +--------+---------+----------+------------+
    |  Clock |  Target | Estimated| Uncertainty|
    +--------+---------+----------+------------+
    |ap_clk  | 4.00 ns | 3.100 ns |   0.90 ns  |
    +--------+---------+----------+------------+

+ Latency: 
    * Summary: 
    +---------+---------+-----------+-----------+-----+-----+---------+
    |  Latency (cycles) |   Latency (absolute)  |  Interval | Pipeline|
    |   min   |   max   |    min    |    max    | min | max |   Type  |
    +---------+---------+-----------+-----------+-----+-----+---------+
    |        7|        7| 28.000 ns | 28.000 ns |    7|    7|   none  |
    +---------+---------+-----------+-----------+-----+-----+---------+

    + Detail: 
        * Instance: 
        +--------------------+--------+---------+---------+-----------+-----------+-----+-----+---------+
        |                    |        |  Latency (cycles) |   Latency (absolute)  |  Interval | Pipeline|
        |      Instance      | Module |   min   |   max   |    min    |    max    | min | max |   Type  |
        +--------------------+--------+---------+---------+-----------+-----------+-----+-----+---------+
        |grp_next_r_fu_1618  |next_r  |        5|        5| 20.000 ns | 20.000 ns |    5|    5|   none  |
        +--------------------+--------+---------+---------+-----------+-----------+-----+-----+---------+

        * Loop: 
        N/A



================================================================
== Utilization Estimates
================================================================
* Summary: 
+---------------------+---------+-------+---------+--------+-----+
|         Name        | BRAM_18K| DSP48E|    FF   |   LUT  | URAM|
+---------------------+---------+-------+---------+--------+-----+
|DSP                  |        -|      -|        -|       -|    -|
|Expression           |        -|      -|        0|       4|    -|
|FIFO                 |        -|      -|        -|       -|    -|
|Instance             |        -|    256|    44738|   39953|    -|
|Memory               |        -|      -|        -|       -|    -|
|Multiplexer          |        -|      -|        -|    1191|    -|
|Register             |        -|      -|     1030|       -|    -|
+---------------------+---------+-------+---------+--------+-----+
|Total                |        0|    256|    45768|   41148|    0|
+---------------------+---------+-------+---------+--------+-----+
|Available SLR        |     1344|   2976|   871680|  435840|  320|
+---------------------+---------+-------+---------+--------+-----+
|Utilization SLR (%)  |        0|      8|        5|       9|    0|
+---------------------+---------+-------+---------+--------+-----+
|Available            |     2688|   5952|  1743360|  871680|  640|
+---------------------+---------+-------+---------+--------+-----+
|Utilization (%)      |        0|      4|        2|       4|    0|
+---------------------+---------+-------+---------+--------+-----+

+ Detail: 
    * Instance: 
    +--------------------+--------+---------+-------+-------+-------+-----+
    |      Instance      | Module | BRAM_18K| DSP48E|   FF  |  LUT  | URAM|
    +--------------------+--------+---------+-------+-------+-------+-----+
    |grp_next_r_fu_1618  |next_r  |        0|    256|  44738|  39953|    0|
    +--------------------+--------+---------+-------+-------+-------+-----+
    |Total               |        |        0|    256|  44738|  39953|    0|
    +--------------------+--------+---------+-------+-------+-------+-----+

    * DSP48E: 
    N/A

    * Memory: 
    N/A

    * FIFO: 
    N/A

    * Expression: 
    +-----------------+----------+-------+---+----+------------+------------+
    |  Variable Name  | Operation| DSP48E| FF| LUT| Bitwidth P0| Bitwidth P1|
    +-----------------+----------+-------+---+----+------------+------------+
    |ap_block_state1  |    or    |      0|  0|   2|           1|           1|
    |ap_block_state3  |    or    |      0|  0|   2|           1|           1|
    +-----------------+----------+-------+---+----+------------+------------+
    |Total            |          |      0|  0|   4|           2|           2|
    +-----------------+----------+-------+---+----+------------+------------+

    * Multiplexer: 
    +--------------------------+----+-----------+-----+-----------+
    |           Name           | LUT| Input Size| Bits| Total Bits|
    +--------------------------+----+-----------+-----+-----------+
    |ap_NS_fsm                 |  21|          4|    1|          4|
    |ap_done                   |   9|          2|    1|          2|
    |data_stream_0_V_V_blk_n   |   9|          2|    1|          2|
    |data_stream_10_V_V_blk_n  |   9|          2|    1|          2|
    |data_stream_11_V_V_blk_n  |   9|          2|    1|          2|
    |data_stream_12_V_V_blk_n  |   9|          2|    1|          2|
    |data_stream_13_V_V_blk_n  |   9|          2|    1|          2|
    |data_stream_14_V_V_blk_n  |   9|          2|    1|          2|
    |data_stream_15_V_V_blk_n  |   9|          2|    1|          2|
    |data_stream_16_V_V_blk_n  |   9|          2|    1|          2|
    |data_stream_17_V_V_blk_n  |   9|          2|    1|          2|
    |data_stream_18_V_V_blk_n  |   9|          2|    1|          2|
    |data_stream_19_V_V_blk_n  |   9|          2|    1|          2|
    |data_stream_1_V_V_blk_n   |   9|          2|    1|          2|
    |data_stream_20_V_V_blk_n  |   9|          2|    1|          2|
    |data_stream_21_V_V_blk_n  |   9|          2|    1|          2|
    |data_stream_22_V_V_blk_n  |   9|          2|    1|          2|
    |data_stream_23_V_V_blk_n  |   9|          2|    1|          2|
    |data_stream_24_V_V_blk_n  |   9|          2|    1|          2|
    |data_stream_25_V_V_blk_n  |   9|          2|    1|          2|
    |data_stream_26_V_V_blk_n  |   9|          2|    1|          2|
    |data_stream_27_V_V_blk_n  |   9|          2|    1|          2|
    |data_stream_28_V_V_blk_n  |   9|          2|    1|          2|
    |data_stream_29_V_V_blk_n  |   9|          2|    1|          2|
    |data_stream_2_V_V_blk_n   |   9|          2|    1|          2|
    |data_stream_30_V_V_blk_n  |   9|          2|    1|          2|
    |data_stream_31_V_V_blk_n  |   9|          2|    1|          2|
    |data_stream_32_V_V_blk_n  |   9|          2|    1|          2|
    |data_stream_33_V_V_blk_n  |   9|          2|    1|          2|
    |data_stream_34_V_V_blk_n  |   9|          2|    1|          2|
    |data_stream_35_V_V_blk_n  |   9|          2|    1|          2|
    |data_stream_36_V_V_blk_n  |   9|          2|    1|          2|
    |data_stream_37_V_V_blk_n  |   9|          2|    1|          2|
    |data_stream_38_V_V_blk_n  |   9|          2|    1|          2|
    |data_stream_39_V_V_blk_n  |   9|          2|    1|          2|
    |data_stream_3_V_V_blk_n   |   9|          2|    1|          2|
    |data_stream_40_V_V_blk_n  |   9|          2|    1|          2|
    |data_stream_41_V_V_blk_n  |   9|          2|    1|          2|
    |data_stream_42_V_V_blk_n  |   9|          2|    1|          2|
    |data_stream_43_V_V_blk_n  |   9|          2|    1|          2|
    |data_stream_44_V_V_blk_n  |   9|          2|    1|          2|
    |data_stream_45_V_V_blk_n  |   9|          2|    1|          2|
    |data_stream_46_V_V_blk_n  |   9|          2|    1|          2|
    |data_stream_47_V_V_blk_n  |   9|          2|    1|          2|
    |data_stream_48_V_V_blk_n  |   9|          2|    1|          2|
    |data_stream_49_V_V_blk_n  |   9|          2|    1|          2|
    |data_stream_4_V_V_blk_n   |   9|          2|    1|          2|
    |data_stream_50_V_V_blk_n  |   9|          2|    1|          2|
    |data_stream_51_V_V_blk_n  |   9|          2|    1|          2|
    |data_stream_52_V_V_blk_n  |   9|          2|    1|          2|
    |data_stream_53_V_V_blk_n  |   9|          2|    1|          2|
    |data_stream_54_V_V_blk_n  |   9|          2|    1|          2|
    |data_stream_55_V_V_blk_n  |   9|          2|    1|          2|
    |data_stream_56_V_V_blk_n  |   9|          2|    1|          2|
    |data_stream_57_V_V_blk_n  |   9|          2|    1|          2|
    |data_stream_58_V_V_blk_n  |   9|          2|    1|          2|
    |data_stream_59_V_V_blk_n  |   9|          2|    1|          2|
    |data_stream_5_V_V_blk_n   |   9|          2|    1|          2|
    |data_stream_60_V_V_blk_n  |   9|          2|    1|          2|
    |data_stream_61_V_V_blk_n  |   9|          2|    1|          2|
    |data_stream_62_V_V_blk_n  |   9|          2|    1|          2|
    |data_stream_63_V_V_blk_n  |   9|          2|    1|          2|
    |data_stream_6_V_V_blk_n   |   9|          2|    1|          2|
    |data_stream_7_V_V_blk_n   |   9|          2|    1|          2|
    |data_stream_8_V_V_blk_n   |   9|          2|    1|          2|
    |data_stream_9_V_V_blk_n   |   9|          2|    1|          2|
    |real_start                |   9|          2|    1|          2|
    |res_stream_0_V_V_blk_n    |   9|          2|    1|          2|
    |res_stream_10_V_V_blk_n   |   9|          2|    1|          2|
    |res_stream_11_V_V_blk_n   |   9|          2|    1|          2|
    |res_stream_12_V_V_blk_n   |   9|          2|    1|          2|
    |res_stream_13_V_V_blk_n   |   9|          2|    1|          2|
    |res_stream_14_V_V_blk_n   |   9|          2|    1|          2|
    |res_stream_15_V_V_blk_n   |   9|          2|    1|          2|
    |res_stream_16_V_V_blk_n   |   9|          2|    1|          2|
    |res_stream_17_V_V_blk_n   |   9|          2|    1|          2|
    |res_stream_18_V_V_blk_n   |   9|          2|    1|          2|
    |res_stream_19_V_V_blk_n   |   9|          2|    1|          2|
    |res_stream_1_V_V_blk_n    |   9|          2|    1|          2|
    |res_stream_20_V_V_blk_n   |   9|          2|    1|          2|
    |res_stream_21_V_V_blk_n   |   9|          2|    1|          2|
    |res_stream_22_V_V_blk_n   |   9|          2|    1|          2|
    |res_stream_23_V_V_blk_n   |   9|          2|    1|          2|
    |res_stream_24_V_V_blk_n   |   9|          2|    1|          2|
    |res_stream_25_V_V_blk_n   |   9|          2|    1|          2|
    |res_stream_26_V_V_blk_n   |   9|          2|    1|          2|
    |res_stream_27_V_V_blk_n   |   9|          2|    1|          2|
    |res_stream_28_V_V_blk_n   |   9|          2|    1|          2|
    |res_stream_29_V_V_blk_n   |   9|          2|    1|          2|
    |res_stream_2_V_V_blk_n    |   9|          2|    1|          2|
    |res_stream_30_V_V_blk_n   |   9|          2|    1|          2|
    |res_stream_31_V_V_blk_n   |   9|          2|    1|          2|
    |res_stream_32_V_V_blk_n   |   9|          2|    1|          2|
    |res_stream_33_V_V_blk_n   |   9|          2|    1|          2|
    |res_stream_34_V_V_blk_n   |   9|          2|    1|          2|
    |res_stream_35_V_V_blk_n   |   9|          2|    1|          2|
    |res_stream_36_V_V_blk_n   |   9|          2|    1|          2|
    |res_stream_37_V_V_blk_n   |   9|          2|    1|          2|
    |res_stream_38_V_V_blk_n   |   9|          2|    1|          2|
    |res_stream_39_V_V_blk_n   |   9|          2|    1|          2|
    |res_stream_3_V_V_blk_n    |   9|          2|    1|          2|
    |res_stream_40_V_V_blk_n   |   9|          2|    1|          2|
    |res_stream_41_V_V_blk_n   |   9|          2|    1|          2|
    |res_stream_42_V_V_blk_n   |   9|          2|    1|          2|
    |res_stream_43_V_V_blk_n   |   9|          2|    1|          2|
    |res_stream_44_V_V_blk_n   |   9|          2|    1|          2|
    |res_stream_45_V_V_blk_n   |   9|          2|    1|          2|
    |res_stream_46_V_V_blk_n   |   9|          2|    1|          2|
    |res_stream_47_V_V_blk_n   |   9|          2|    1|          2|
    |res_stream_48_V_V_blk_n   |   9|          2|    1|          2|
    |res_stream_49_V_V_blk_n   |   9|          2|    1|          2|
    |res_stream_4_V_V_blk_n    |   9|          2|    1|          2|
    |res_stream_50_V_V_blk_n   |   9|          2|    1|          2|
    |res_stream_51_V_V_blk_n   |   9|          2|    1|          2|
    |res_stream_52_V_V_blk_n   |   9|          2|    1|          2|
    |res_stream_53_V_V_blk_n   |   9|          2|    1|          2|
    |res_stream_54_V_V_blk_n   |   9|          2|    1|          2|
    |res_stream_55_V_V_blk_n   |   9|          2|    1|          2|
    |res_stream_56_V_V_blk_n   |   9|          2|    1|          2|
    |res_stream_57_V_V_blk_n   |   9|          2|    1|          2|
    |res_stream_58_V_V_blk_n   |   9|          2|    1|          2|
    |res_stream_59_V_V_blk_n   |   9|          2|    1|          2|
    |res_stream_5_V_V_blk_n    |   9|          2|    1|          2|
    |res_stream_60_V_V_blk_n   |   9|          2|    1|          2|
    |res_stream_61_V_V_blk_n   |   9|          2|    1|          2|
    |res_stream_62_V_V_blk_n   |   9|          2|    1|          2|
    |res_stream_63_V_V_blk_n   |   9|          2|    1|          2|
    |res_stream_6_V_V_blk_n    |   9|          2|    1|          2|
    |res_stream_7_V_V_blk_n    |   9|          2|    1|          2|
    |res_stream_8_V_V_blk_n    |   9|          2|    1|          2|
    |res_stream_9_V_V_blk_n    |   9|          2|    1|          2|
    +--------------------------+----+-----------+-----+-----------+
    |Total                     |1191|        264|  131|        264|
    +--------------------------+----+-----------+-----+-----------+

    * Register: 
    +---------------------------------+----+----+-----+-----------+
    |               Name              | FF | LUT| Bits| Const Bits|
    +---------------------------------+----+----+-----+-----------+
    |ap_CS_fsm                        |   3|   0|    3|          0|
    |ap_done_reg                      |   1|   0|    1|          0|
    |grp_next_r_fu_1618_ap_start_reg  |   1|   0|    1|          0|
    |start_once_reg                   |   1|   0|    1|          0|
    |tmp_V_10_reg_2440                |  16|   0|   16|          0|
    |tmp_V_11_reg_2445                |  16|   0|   16|          0|
    |tmp_V_12_reg_2450                |  16|   0|   16|          0|
    |tmp_V_13_reg_2455                |  16|   0|   16|          0|
    |tmp_V_14_reg_2460                |  16|   0|   16|          0|
    |tmp_V_15_reg_2465                |  16|   0|   16|          0|
    |tmp_V_16_reg_2470                |  16|   0|   16|          0|
    |tmp_V_17_reg_2475                |  16|   0|   16|          0|
    |tmp_V_18_reg_2480                |  16|   0|   16|          0|
    |tmp_V_19_reg_2485                |  16|   0|   16|          0|
    |tmp_V_1_reg_2430                 |  16|   0|   16|          0|
    |tmp_V_20_reg_2490                |  16|   0|   16|          0|
    |tmp_V_21_reg_2495                |  16|   0|   16|          0|
    |tmp_V_22_reg_2500                |  16|   0|   16|          0|
    |tmp_V_23_reg_2505                |  16|   0|   16|          0|
    |tmp_V_24_reg_2510                |  16|   0|   16|          0|
    |tmp_V_25_reg_2515                |  16|   0|   16|          0|
    |tmp_V_26_reg_2520                |  16|   0|   16|          0|
    |tmp_V_27_reg_2525                |  16|   0|   16|          0|
    |tmp_V_28_reg_2530                |  16|   0|   16|          0|
    |tmp_V_29_reg_2535                |  16|   0|   16|          0|
    |tmp_V_2_reg_2435                 |  16|   0|   16|          0|
    |tmp_V_30_reg_2540                |  16|   0|   16|          0|
    |tmp_V_31_reg_2545                |  16|   0|   16|          0|
    |tmp_V_32_reg_2550                |  16|   0|   16|          0|
    |tmp_V_33_reg_2555                |  16|   0|   16|          0|
    |tmp_V_34_reg_2560                |  16|   0|   16|          0|
    |tmp_V_35_reg_2565                |  16|   0|   16|          0|
    |tmp_V_36_reg_2570                |  16|   0|   16|          0|
    |tmp_V_37_reg_2575                |  16|   0|   16|          0|
    |tmp_V_38_reg_2580                |  16|   0|   16|          0|
    |tmp_V_39_reg_2585                |  16|   0|   16|          0|
    |tmp_V_3_reg_2395                 |  16|   0|   16|          0|
    |tmp_V_40_reg_2590                |  16|   0|   16|          0|
    |tmp_V_41_reg_2595                |  16|   0|   16|          0|
    |tmp_V_42_reg_2600                |  16|   0|   16|          0|
    |tmp_V_43_reg_2605                |  16|   0|   16|          0|
    |tmp_V_44_reg_2610                |  16|   0|   16|          0|
    |tmp_V_45_reg_2615                |  16|   0|   16|          0|
    |tmp_V_46_reg_2620                |  16|   0|   16|          0|
    |tmp_V_47_reg_2625                |  16|   0|   16|          0|
    |tmp_V_48_reg_2630                |  16|   0|   16|          0|
    |tmp_V_49_reg_2635                |  16|   0|   16|          0|
    |tmp_V_4_reg_2400                 |  16|   0|   16|          0|
    |tmp_V_50_reg_2640                |  16|   0|   16|          0|
    |tmp_V_51_reg_2645                |  16|   0|   16|          0|
    |tmp_V_52_reg_2650                |  16|   0|   16|          0|
    |tmp_V_53_reg_2655                |  16|   0|   16|          0|
    |tmp_V_54_reg_2660                |  16|   0|   16|          0|
    |tmp_V_55_reg_2665                |  16|   0|   16|          0|
    |tmp_V_56_reg_2670                |  16|   0|   16|          0|
    |tmp_V_57_reg_2675                |  16|   0|   16|          0|
    |tmp_V_58_reg_2680                |  16|   0|   16|          0|
    |tmp_V_59_reg_2685                |  16|   0|   16|          0|
    |tmp_V_5_reg_2405                 |  16|   0|   16|          0|
    |tmp_V_60_reg_2690                |  16|   0|   16|          0|
    |tmp_V_61_reg_2695                |  16|   0|   16|          0|
    |tmp_V_62_reg_2700                |  16|   0|   16|          0|
    |tmp_V_63_reg_2705                |  16|   0|   16|          0|
    |tmp_V_6_reg_2410                 |  16|   0|   16|          0|
    |tmp_V_7_reg_2415                 |  16|   0|   16|          0|
    |tmp_V_8_reg_2420                 |  16|   0|   16|          0|
    |tmp_V_9_reg_2425                 |  16|   0|   16|          0|
    |tmp_V_reg_2390                   |  16|   0|   16|          0|
    +---------------------------------+----+----+-----+-----------+
    |Total                            |1030|   0| 1030|          0|
    +---------------------------------+----+----+-----+-----------+



================================================================
== Interface
================================================================
* Summary: 
+----------------------------+-----+-----+------------+-------------------------------------------------------------------+--------------+
|          RTL Ports         | Dir | Bits|  Protocol  |                           Source Object                           |    C Type    |
+----------------------------+-----+-----+------------+-------------------------------------------------------------------+--------------+
|ap_clk                      |  in |    1| ap_ctrl_hs | srn<ap_fixed<16, 6, 5, 3, 0>, ap_fixed<16, 6, 5, 3, 0>, config11> | return value |
|ap_rst                      |  in |    1| ap_ctrl_hs | srn<ap_fixed<16, 6, 5, 3, 0>, ap_fixed<16, 6, 5, 3, 0>, config11> | return value |
|ap_start                    |  in |    1| ap_ctrl_hs | srn<ap_fixed<16, 6, 5, 3, 0>, ap_fixed<16, 6, 5, 3, 0>, config11> | return value |
|start_full_n                |  in |    1| ap_ctrl_hs | srn<ap_fixed<16, 6, 5, 3, 0>, ap_fixed<16, 6, 5, 3, 0>, config11> | return value |
|ap_done                     | out |    1| ap_ctrl_hs | srn<ap_fixed<16, 6, 5, 3, 0>, ap_fixed<16, 6, 5, 3, 0>, config11> | return value |
|ap_continue                 |  in |    1| ap_ctrl_hs | srn<ap_fixed<16, 6, 5, 3, 0>, ap_fixed<16, 6, 5, 3, 0>, config11> | return value |
|ap_idle                     | out |    1| ap_ctrl_hs | srn<ap_fixed<16, 6, 5, 3, 0>, ap_fixed<16, 6, 5, 3, 0>, config11> | return value |
|ap_ready                    | out |    1| ap_ctrl_hs | srn<ap_fixed<16, 6, 5, 3, 0>, ap_fixed<16, 6, 5, 3, 0>, config11> | return value |
|start_out                   | out |    1| ap_ctrl_hs | srn<ap_fixed<16, 6, 5, 3, 0>, ap_fixed<16, 6, 5, 3, 0>, config11> | return value |
|start_write                 | out |    1| ap_ctrl_hs | srn<ap_fixed<16, 6, 5, 3, 0>, ap_fixed<16, 6, 5, 3, 0>, config11> | return value |
|data_stream_0_V_V_dout      |  in |   16|   ap_fifo  |                         data_stream_0_V_V                         |    pointer   |
|data_stream_0_V_V_empty_n   |  in |    1|   ap_fifo  |                         data_stream_0_V_V                         |    pointer   |
|data_stream_0_V_V_read      | out |    1|   ap_fifo  |                         data_stream_0_V_V                         |    pointer   |
|data_stream_1_V_V_dout      |  in |   16|   ap_fifo  |                         data_stream_1_V_V                         |    pointer   |
|data_stream_1_V_V_empty_n   |  in |    1|   ap_fifo  |                         data_stream_1_V_V                         |    pointer   |
|data_stream_1_V_V_read      | out |    1|   ap_fifo  |                         data_stream_1_V_V                         |    pointer   |
|data_stream_2_V_V_dout      |  in |   16|   ap_fifo  |                         data_stream_2_V_V                         |    pointer   |
|data_stream_2_V_V_empty_n   |  in |    1|   ap_fifo  |                         data_stream_2_V_V                         |    pointer   |
|data_stream_2_V_V_read      | out |    1|   ap_fifo  |                         data_stream_2_V_V                         |    pointer   |
|data_stream_3_V_V_dout      |  in |   16|   ap_fifo  |                         data_stream_3_V_V                         |    pointer   |
|data_stream_3_V_V_empty_n   |  in |    1|   ap_fifo  |                         data_stream_3_V_V                         |    pointer   |
|data_stream_3_V_V_read      | out |    1|   ap_fifo  |                         data_stream_3_V_V                         |    pointer   |
|data_stream_4_V_V_dout      |  in |   16|   ap_fifo  |                         data_stream_4_V_V                         |    pointer   |
|data_stream_4_V_V_empty_n   |  in |    1|   ap_fifo  |                         data_stream_4_V_V                         |    pointer   |
|data_stream_4_V_V_read      | out |    1|   ap_fifo  |                         data_stream_4_V_V                         |    pointer   |
|data_stream_5_V_V_dout      |  in |   16|   ap_fifo  |                         data_stream_5_V_V                         |    pointer   |
|data_stream_5_V_V_empty_n   |  in |    1|   ap_fifo  |                         data_stream_5_V_V                         |    pointer   |
|data_stream_5_V_V_read      | out |    1|   ap_fifo  |                         data_stream_5_V_V                         |    pointer   |
|data_stream_6_V_V_dout      |  in |   16|   ap_fifo  |                         data_stream_6_V_V                         |    pointer   |
|data_stream_6_V_V_empty_n   |  in |    1|   ap_fifo  |                         data_stream_6_V_V                         |    pointer   |
|data_stream_6_V_V_read      | out |    1|   ap_fifo  |                         data_stream_6_V_V                         |    pointer   |
|data_stream_7_V_V_dout      |  in |   16|   ap_fifo  |                         data_stream_7_V_V                         |    pointer   |
|data_stream_7_V_V_empty_n   |  in |    1|   ap_fifo  |                         data_stream_7_V_V                         |    pointer   |
|data_stream_7_V_V_read      | out |    1|   ap_fifo  |                         data_stream_7_V_V                         |    pointer   |
|data_stream_8_V_V_dout      |  in |   16|   ap_fifo  |                         data_stream_8_V_V                         |    pointer   |
|data_stream_8_V_V_empty_n   |  in |    1|   ap_fifo  |                         data_stream_8_V_V                         |    pointer   |
|data_stream_8_V_V_read      | out |    1|   ap_fifo  |                         data_stream_8_V_V                         |    pointer   |
|data_stream_9_V_V_dout      |  in |   16|   ap_fifo  |                         data_stream_9_V_V                         |    pointer   |
|data_stream_9_V_V_empty_n   |  in |    1|   ap_fifo  |                         data_stream_9_V_V                         |    pointer   |
|data_stream_9_V_V_read      | out |    1|   ap_fifo  |                         data_stream_9_V_V                         |    pointer   |
|data_stream_10_V_V_dout     |  in |   16|   ap_fifo  |                         data_stream_10_V_V                        |    pointer   |
|data_stream_10_V_V_empty_n  |  in |    1|   ap_fifo  |                         data_stream_10_V_V                        |    pointer   |
|data_stream_10_V_V_read     | out |    1|   ap_fifo  |                         data_stream_10_V_V                        |    pointer   |
|data_stream_11_V_V_dout     |  in |   16|   ap_fifo  |                         data_stream_11_V_V                        |    pointer   |
|data_stream_11_V_V_empty_n  |  in |    1|   ap_fifo  |                         data_stream_11_V_V                        |    pointer   |
|data_stream_11_V_V_read     | out |    1|   ap_fifo  |                         data_stream_11_V_V                        |    pointer   |
|data_stream_12_V_V_dout     |  in |   16|   ap_fifo  |                         data_stream_12_V_V                        |    pointer   |
|data_stream_12_V_V_empty_n  |  in |    1|   ap_fifo  |                         data_stream_12_V_V                        |    pointer   |
|data_stream_12_V_V_read     | out |    1|   ap_fifo  |                         data_stream_12_V_V                        |    pointer   |
|data_stream_13_V_V_dout     |  in |   16|   ap_fifo  |                         data_stream_13_V_V                        |    pointer   |
|data_stream_13_V_V_empty_n  |  in |    1|   ap_fifo  |                         data_stream_13_V_V                        |    pointer   |
|data_stream_13_V_V_read     | out |    1|   ap_fifo  |                         data_stream_13_V_V                        |    pointer   |
|data_stream_14_V_V_dout     |  in |   16|   ap_fifo  |                         data_stream_14_V_V                        |    pointer   |
|data_stream_14_V_V_empty_n  |  in |    1|   ap_fifo  |                         data_stream_14_V_V                        |    pointer   |
|data_stream_14_V_V_read     | out |    1|   ap_fifo  |                         data_stream_14_V_V                        |    pointer   |
|data_stream_15_V_V_dout     |  in |   16|   ap_fifo  |                         data_stream_15_V_V                        |    pointer   |
|data_stream_15_V_V_empty_n  |  in |    1|   ap_fifo  |                         data_stream_15_V_V                        |    pointer   |
|data_stream_15_V_V_read     | out |    1|   ap_fifo  |                         data_stream_15_V_V                        |    pointer   |
|data_stream_16_V_V_dout     |  in |   16|   ap_fifo  |                         data_stream_16_V_V                        |    pointer   |
|data_stream_16_V_V_empty_n  |  in |    1|   ap_fifo  |                         data_stream_16_V_V                        |    pointer   |
|data_stream_16_V_V_read     | out |    1|   ap_fifo  |                         data_stream_16_V_V                        |    pointer   |
|data_stream_17_V_V_dout     |  in |   16|   ap_fifo  |                         data_stream_17_V_V                        |    pointer   |
|data_stream_17_V_V_empty_n  |  in |    1|   ap_fifo  |                         data_stream_17_V_V                        |    pointer   |
|data_stream_17_V_V_read     | out |    1|   ap_fifo  |                         data_stream_17_V_V                        |    pointer   |
|data_stream_18_V_V_dout     |  in |   16|   ap_fifo  |                         data_stream_18_V_V                        |    pointer   |
|data_stream_18_V_V_empty_n  |  in |    1|   ap_fifo  |                         data_stream_18_V_V                        |    pointer   |
|data_stream_18_V_V_read     | out |    1|   ap_fifo  |                         data_stream_18_V_V                        |    pointer   |
|data_stream_19_V_V_dout     |  in |   16|   ap_fifo  |                         data_stream_19_V_V                        |    pointer   |
|data_stream_19_V_V_empty_n  |  in |    1|   ap_fifo  |                         data_stream_19_V_V                        |    pointer   |
|data_stream_19_V_V_read     | out |    1|   ap_fifo  |                         data_stream_19_V_V                        |    pointer   |
|data_stream_20_V_V_dout     |  in |   16|   ap_fifo  |                         data_stream_20_V_V                        |    pointer   |
|data_stream_20_V_V_empty_n  |  in |    1|   ap_fifo  |                         data_stream_20_V_V                        |    pointer   |
|data_stream_20_V_V_read     | out |    1|   ap_fifo  |                         data_stream_20_V_V                        |    pointer   |
|data_stream_21_V_V_dout     |  in |   16|   ap_fifo  |                         data_stream_21_V_V                        |    pointer   |
|data_stream_21_V_V_empty_n  |  in |    1|   ap_fifo  |                         data_stream_21_V_V                        |    pointer   |
|data_stream_21_V_V_read     | out |    1|   ap_fifo  |                         data_stream_21_V_V                        |    pointer   |
|data_stream_22_V_V_dout     |  in |   16|   ap_fifo  |                         data_stream_22_V_V                        |    pointer   |
|data_stream_22_V_V_empty_n  |  in |    1|   ap_fifo  |                         data_stream_22_V_V                        |    pointer   |
|data_stream_22_V_V_read     | out |    1|   ap_fifo  |                         data_stream_22_V_V                        |    pointer   |
|data_stream_23_V_V_dout     |  in |   16|   ap_fifo  |                         data_stream_23_V_V                        |    pointer   |
|data_stream_23_V_V_empty_n  |  in |    1|   ap_fifo  |                         data_stream_23_V_V                        |    pointer   |
|data_stream_23_V_V_read     | out |    1|   ap_fifo  |                         data_stream_23_V_V                        |    pointer   |
|data_stream_24_V_V_dout     |  in |   16|   ap_fifo  |                         data_stream_24_V_V                        |    pointer   |
|data_stream_24_V_V_empty_n  |  in |    1|   ap_fifo  |                         data_stream_24_V_V                        |    pointer   |
|data_stream_24_V_V_read     | out |    1|   ap_fifo  |                         data_stream_24_V_V                        |    pointer   |
|data_stream_25_V_V_dout     |  in |   16|   ap_fifo  |                         data_stream_25_V_V                        |    pointer   |
|data_stream_25_V_V_empty_n  |  in |    1|   ap_fifo  |                         data_stream_25_V_V                        |    pointer   |
|data_stream_25_V_V_read     | out |    1|   ap_fifo  |                         data_stream_25_V_V                        |    pointer   |
|data_stream_26_V_V_dout     |  in |   16|   ap_fifo  |                         data_stream_26_V_V                        |    pointer   |
|data_stream_26_V_V_empty_n  |  in |    1|   ap_fifo  |                         data_stream_26_V_V                        |    pointer   |
|data_stream_26_V_V_read     | out |    1|   ap_fifo  |                         data_stream_26_V_V                        |    pointer   |
|data_stream_27_V_V_dout     |  in |   16|   ap_fifo  |                         data_stream_27_V_V                        |    pointer   |
|data_stream_27_V_V_empty_n  |  in |    1|   ap_fifo  |                         data_stream_27_V_V                        |    pointer   |
|data_stream_27_V_V_read     | out |    1|   ap_fifo  |                         data_stream_27_V_V                        |    pointer   |
|data_stream_28_V_V_dout     |  in |   16|   ap_fifo  |                         data_stream_28_V_V                        |    pointer   |
|data_stream_28_V_V_empty_n  |  in |    1|   ap_fifo  |                         data_stream_28_V_V                        |    pointer   |
|data_stream_28_V_V_read     | out |    1|   ap_fifo  |                         data_stream_28_V_V                        |    pointer   |
|data_stream_29_V_V_dout     |  in |   16|   ap_fifo  |                         data_stream_29_V_V                        |    pointer   |
|data_stream_29_V_V_empty_n  |  in |    1|   ap_fifo  |                         data_stream_29_V_V                        |    pointer   |
|data_stream_29_V_V_read     | out |    1|   ap_fifo  |                         data_stream_29_V_V                        |    pointer   |
|data_stream_30_V_V_dout     |  in |   16|   ap_fifo  |                         data_stream_30_V_V                        |    pointer   |
|data_stream_30_V_V_empty_n  |  in |    1|   ap_fifo  |                         data_stream_30_V_V                        |    pointer   |
|data_stream_30_V_V_read     | out |    1|   ap_fifo  |                         data_stream_30_V_V                        |    pointer   |
|data_stream_31_V_V_dout     |  in |   16|   ap_fifo  |                         data_stream_31_V_V                        |    pointer   |
|data_stream_31_V_V_empty_n  |  in |    1|   ap_fifo  |                         data_stream_31_V_V                        |    pointer   |
|data_stream_31_V_V_read     | out |    1|   ap_fifo  |                         data_stream_31_V_V                        |    pointer   |
|data_stream_32_V_V_dout     |  in |   16|   ap_fifo  |                         data_stream_32_V_V                        |    pointer   |
|data_stream_32_V_V_empty_n  |  in |    1|   ap_fifo  |                         data_stream_32_V_V                        |    pointer   |
|data_stream_32_V_V_read     | out |    1|   ap_fifo  |                         data_stream_32_V_V                        |    pointer   |
|data_stream_33_V_V_dout     |  in |   16|   ap_fifo  |                         data_stream_33_V_V                        |    pointer   |
|data_stream_33_V_V_empty_n  |  in |    1|   ap_fifo  |                         data_stream_33_V_V                        |    pointer   |
|data_stream_33_V_V_read     | out |    1|   ap_fifo  |                         data_stream_33_V_V                        |    pointer   |
|data_stream_34_V_V_dout     |  in |   16|   ap_fifo  |                         data_stream_34_V_V                        |    pointer   |
|data_stream_34_V_V_empty_n  |  in |    1|   ap_fifo  |                         data_stream_34_V_V                        |    pointer   |
|data_stream_34_V_V_read     | out |    1|   ap_fifo  |                         data_stream_34_V_V                        |    pointer   |
|data_stream_35_V_V_dout     |  in |   16|   ap_fifo  |                         data_stream_35_V_V                        |    pointer   |
|data_stream_35_V_V_empty_n  |  in |    1|   ap_fifo  |                         data_stream_35_V_V                        |    pointer   |
|data_stream_35_V_V_read     | out |    1|   ap_fifo  |                         data_stream_35_V_V                        |    pointer   |
|data_stream_36_V_V_dout     |  in |   16|   ap_fifo  |                         data_stream_36_V_V                        |    pointer   |
|data_stream_36_V_V_empty_n  |  in |    1|   ap_fifo  |                         data_stream_36_V_V                        |    pointer   |
|data_stream_36_V_V_read     | out |    1|   ap_fifo  |                         data_stream_36_V_V                        |    pointer   |
|data_stream_37_V_V_dout     |  in |   16|   ap_fifo  |                         data_stream_37_V_V                        |    pointer   |
|data_stream_37_V_V_empty_n  |  in |    1|   ap_fifo  |                         data_stream_37_V_V                        |    pointer   |
|data_stream_37_V_V_read     | out |    1|   ap_fifo  |                         data_stream_37_V_V                        |    pointer   |
|data_stream_38_V_V_dout     |  in |   16|   ap_fifo  |                         data_stream_38_V_V                        |    pointer   |
|data_stream_38_V_V_empty_n  |  in |    1|   ap_fifo  |                         data_stream_38_V_V                        |    pointer   |
|data_stream_38_V_V_read     | out |    1|   ap_fifo  |                         data_stream_38_V_V                        |    pointer   |
|data_stream_39_V_V_dout     |  in |   16|   ap_fifo  |                         data_stream_39_V_V                        |    pointer   |
|data_stream_39_V_V_empty_n  |  in |    1|   ap_fifo  |                         data_stream_39_V_V                        |    pointer   |
|data_stream_39_V_V_read     | out |    1|   ap_fifo  |                         data_stream_39_V_V                        |    pointer   |
|data_stream_40_V_V_dout     |  in |   16|   ap_fifo  |                         data_stream_40_V_V                        |    pointer   |
|data_stream_40_V_V_empty_n  |  in |    1|   ap_fifo  |                         data_stream_40_V_V                        |    pointer   |
|data_stream_40_V_V_read     | out |    1|   ap_fifo  |                         data_stream_40_V_V                        |    pointer   |
|data_stream_41_V_V_dout     |  in |   16|   ap_fifo  |                         data_stream_41_V_V                        |    pointer   |
|data_stream_41_V_V_empty_n  |  in |    1|   ap_fifo  |                         data_stream_41_V_V                        |    pointer   |
|data_stream_41_V_V_read     | out |    1|   ap_fifo  |                         data_stream_41_V_V                        |    pointer   |
|data_stream_42_V_V_dout     |  in |   16|   ap_fifo  |                         data_stream_42_V_V                        |    pointer   |
|data_stream_42_V_V_empty_n  |  in |    1|   ap_fifo  |                         data_stream_42_V_V                        |    pointer   |
|data_stream_42_V_V_read     | out |    1|   ap_fifo  |                         data_stream_42_V_V                        |    pointer   |
|data_stream_43_V_V_dout     |  in |   16|   ap_fifo  |                         data_stream_43_V_V                        |    pointer   |
|data_stream_43_V_V_empty_n  |  in |    1|   ap_fifo  |                         data_stream_43_V_V                        |    pointer   |
|data_stream_43_V_V_read     | out |    1|   ap_fifo  |                         data_stream_43_V_V                        |    pointer   |
|data_stream_44_V_V_dout     |  in |   16|   ap_fifo  |                         data_stream_44_V_V                        |    pointer   |
|data_stream_44_V_V_empty_n  |  in |    1|   ap_fifo  |                         data_stream_44_V_V                        |    pointer   |
|data_stream_44_V_V_read     | out |    1|   ap_fifo  |                         data_stream_44_V_V                        |    pointer   |
|data_stream_45_V_V_dout     |  in |   16|   ap_fifo  |                         data_stream_45_V_V                        |    pointer   |
|data_stream_45_V_V_empty_n  |  in |    1|   ap_fifo  |                         data_stream_45_V_V                        |    pointer   |
|data_stream_45_V_V_read     | out |    1|   ap_fifo  |                         data_stream_45_V_V                        |    pointer   |
|data_stream_46_V_V_dout     |  in |   16|   ap_fifo  |                         data_stream_46_V_V                        |    pointer   |
|data_stream_46_V_V_empty_n  |  in |    1|   ap_fifo  |                         data_stream_46_V_V                        |    pointer   |
|data_stream_46_V_V_read     | out |    1|   ap_fifo  |                         data_stream_46_V_V                        |    pointer   |
|data_stream_47_V_V_dout     |  in |   16|   ap_fifo  |                         data_stream_47_V_V                        |    pointer   |
|data_stream_47_V_V_empty_n  |  in |    1|   ap_fifo  |                         data_stream_47_V_V                        |    pointer   |
|data_stream_47_V_V_read     | out |    1|   ap_fifo  |                         data_stream_47_V_V                        |    pointer   |
|data_stream_48_V_V_dout     |  in |   16|   ap_fifo  |                         data_stream_48_V_V                        |    pointer   |
|data_stream_48_V_V_empty_n  |  in |    1|   ap_fifo  |                         data_stream_48_V_V                        |    pointer   |
|data_stream_48_V_V_read     | out |    1|   ap_fifo  |                         data_stream_48_V_V                        |    pointer   |
|data_stream_49_V_V_dout     |  in |   16|   ap_fifo  |                         data_stream_49_V_V                        |    pointer   |
|data_stream_49_V_V_empty_n  |  in |    1|   ap_fifo  |                         data_stream_49_V_V                        |    pointer   |
|data_stream_49_V_V_read     | out |    1|   ap_fifo  |                         data_stream_49_V_V                        |    pointer   |
|data_stream_50_V_V_dout     |  in |   16|   ap_fifo  |                         data_stream_50_V_V                        |    pointer   |
|data_stream_50_V_V_empty_n  |  in |    1|   ap_fifo  |                         data_stream_50_V_V                        |    pointer   |
|data_stream_50_V_V_read     | out |    1|   ap_fifo  |                         data_stream_50_V_V                        |    pointer   |
|data_stream_51_V_V_dout     |  in |   16|   ap_fifo  |                         data_stream_51_V_V                        |    pointer   |
|data_stream_51_V_V_empty_n  |  in |    1|   ap_fifo  |                         data_stream_51_V_V                        |    pointer   |
|data_stream_51_V_V_read     | out |    1|   ap_fifo  |                         data_stream_51_V_V                        |    pointer   |
|data_stream_52_V_V_dout     |  in |   16|   ap_fifo  |                         data_stream_52_V_V                        |    pointer   |
|data_stream_52_V_V_empty_n  |  in |    1|   ap_fifo  |                         data_stream_52_V_V                        |    pointer   |
|data_stream_52_V_V_read     | out |    1|   ap_fifo  |                         data_stream_52_V_V                        |    pointer   |
|data_stream_53_V_V_dout     |  in |   16|   ap_fifo  |                         data_stream_53_V_V                        |    pointer   |
|data_stream_53_V_V_empty_n  |  in |    1|   ap_fifo  |                         data_stream_53_V_V                        |    pointer   |
|data_stream_53_V_V_read     | out |    1|   ap_fifo  |                         data_stream_53_V_V                        |    pointer   |
|data_stream_54_V_V_dout     |  in |   16|   ap_fifo  |                         data_stream_54_V_V                        |    pointer   |
|data_stream_54_V_V_empty_n  |  in |    1|   ap_fifo  |                         data_stream_54_V_V                        |    pointer   |
|data_stream_54_V_V_read     | out |    1|   ap_fifo  |                         data_stream_54_V_V                        |    pointer   |
|data_stream_55_V_V_dout     |  in |   16|   ap_fifo  |                         data_stream_55_V_V                        |    pointer   |
|data_stream_55_V_V_empty_n  |  in |    1|   ap_fifo  |                         data_stream_55_V_V                        |    pointer   |
|data_stream_55_V_V_read     | out |    1|   ap_fifo  |                         data_stream_55_V_V                        |    pointer   |
|data_stream_56_V_V_dout     |  in |   16|   ap_fifo  |                         data_stream_56_V_V                        |    pointer   |
|data_stream_56_V_V_empty_n  |  in |    1|   ap_fifo  |                         data_stream_56_V_V                        |    pointer   |
|data_stream_56_V_V_read     | out |    1|   ap_fifo  |                         data_stream_56_V_V                        |    pointer   |
|data_stream_57_V_V_dout     |  in |   16|   ap_fifo  |                         data_stream_57_V_V                        |    pointer   |
|data_stream_57_V_V_empty_n  |  in |    1|   ap_fifo  |                         data_stream_57_V_V                        |    pointer   |
|data_stream_57_V_V_read     | out |    1|   ap_fifo  |                         data_stream_57_V_V                        |    pointer   |
|data_stream_58_V_V_dout     |  in |   16|   ap_fifo  |                         data_stream_58_V_V                        |    pointer   |
|data_stream_58_V_V_empty_n  |  in |    1|   ap_fifo  |                         data_stream_58_V_V                        |    pointer   |
|data_stream_58_V_V_read     | out |    1|   ap_fifo  |                         data_stream_58_V_V                        |    pointer   |
|data_stream_59_V_V_dout     |  in |   16|   ap_fifo  |                         data_stream_59_V_V                        |    pointer   |
|data_stream_59_V_V_empty_n  |  in |    1|   ap_fifo  |                         data_stream_59_V_V                        |    pointer   |
|data_stream_59_V_V_read     | out |    1|   ap_fifo  |                         data_stream_59_V_V                        |    pointer   |
|data_stream_60_V_V_dout     |  in |   16|   ap_fifo  |                         data_stream_60_V_V                        |    pointer   |
|data_stream_60_V_V_empty_n  |  in |    1|   ap_fifo  |                         data_stream_60_V_V                        |    pointer   |
|data_stream_60_V_V_read     | out |    1|   ap_fifo  |                         data_stream_60_V_V                        |    pointer   |
|data_stream_61_V_V_dout     |  in |   16|   ap_fifo  |                         data_stream_61_V_V                        |    pointer   |
|data_stream_61_V_V_empty_n  |  in |    1|   ap_fifo  |                         data_stream_61_V_V                        |    pointer   |
|data_stream_61_V_V_read     | out |    1|   ap_fifo  |                         data_stream_61_V_V                        |    pointer   |
|data_stream_62_V_V_dout     |  in |   16|   ap_fifo  |                         data_stream_62_V_V                        |    pointer   |
|data_stream_62_V_V_empty_n  |  in |    1|   ap_fifo  |                         data_stream_62_V_V                        |    pointer   |
|data_stream_62_V_V_read     | out |    1|   ap_fifo  |                         data_stream_62_V_V                        |    pointer   |
|data_stream_63_V_V_dout     |  in |   16|   ap_fifo  |                         data_stream_63_V_V                        |    pointer   |
|data_stream_63_V_V_empty_n  |  in |    1|   ap_fifo  |                         data_stream_63_V_V                        |    pointer   |
|data_stream_63_V_V_read     | out |    1|   ap_fifo  |                         data_stream_63_V_V                        |    pointer   |
|res_stream_0_V_V_din        | out |   16|   ap_fifo  |                          res_stream_0_V_V                         |    pointer   |
|res_stream_0_V_V_full_n     |  in |    1|   ap_fifo  |                          res_stream_0_V_V                         |    pointer   |
|res_stream_0_V_V_write      | out |    1|   ap_fifo  |                          res_stream_0_V_V                         |    pointer   |
|res_stream_1_V_V_din        | out |   16|   ap_fifo  |                          res_stream_1_V_V                         |    pointer   |
|res_stream_1_V_V_full_n     |  in |    1|   ap_fifo  |                          res_stream_1_V_V                         |    pointer   |
|res_stream_1_V_V_write      | out |    1|   ap_fifo  |                          res_stream_1_V_V                         |    pointer   |
|res_stream_2_V_V_din        | out |   16|   ap_fifo  |                          res_stream_2_V_V                         |    pointer   |
|res_stream_2_V_V_full_n     |  in |    1|   ap_fifo  |                          res_stream_2_V_V                         |    pointer   |
|res_stream_2_V_V_write      | out |    1|   ap_fifo  |                          res_stream_2_V_V                         |    pointer   |
|res_stream_3_V_V_din        | out |   16|   ap_fifo  |                          res_stream_3_V_V                         |    pointer   |
|res_stream_3_V_V_full_n     |  in |    1|   ap_fifo  |                          res_stream_3_V_V                         |    pointer   |
|res_stream_3_V_V_write      | out |    1|   ap_fifo  |                          res_stream_3_V_V                         |    pointer   |
|res_stream_4_V_V_din        | out |   16|   ap_fifo  |                          res_stream_4_V_V                         |    pointer   |
|res_stream_4_V_V_full_n     |  in |    1|   ap_fifo  |                          res_stream_4_V_V                         |    pointer   |
|res_stream_4_V_V_write      | out |    1|   ap_fifo  |                          res_stream_4_V_V                         |    pointer   |
|res_stream_5_V_V_din        | out |   16|   ap_fifo  |                          res_stream_5_V_V                         |    pointer   |
|res_stream_5_V_V_full_n     |  in |    1|   ap_fifo  |                          res_stream_5_V_V                         |    pointer   |
|res_stream_5_V_V_write      | out |    1|   ap_fifo  |                          res_stream_5_V_V                         |    pointer   |
|res_stream_6_V_V_din        | out |   16|   ap_fifo  |                          res_stream_6_V_V                         |    pointer   |
|res_stream_6_V_V_full_n     |  in |    1|   ap_fifo  |                          res_stream_6_V_V                         |    pointer   |
|res_stream_6_V_V_write      | out |    1|   ap_fifo  |                          res_stream_6_V_V                         |    pointer   |
|res_stream_7_V_V_din        | out |   16|   ap_fifo  |                          res_stream_7_V_V                         |    pointer   |
|res_stream_7_V_V_full_n     |  in |    1|   ap_fifo  |                          res_stream_7_V_V                         |    pointer   |
|res_stream_7_V_V_write      | out |    1|   ap_fifo  |                          res_stream_7_V_V                         |    pointer   |
|res_stream_8_V_V_din        | out |   16|   ap_fifo  |                          res_stream_8_V_V                         |    pointer   |
|res_stream_8_V_V_full_n     |  in |    1|   ap_fifo  |                          res_stream_8_V_V                         |    pointer   |
|res_stream_8_V_V_write      | out |    1|   ap_fifo  |                          res_stream_8_V_V                         |    pointer   |
|res_stream_9_V_V_din        | out |   16|   ap_fifo  |                          res_stream_9_V_V                         |    pointer   |
|res_stream_9_V_V_full_n     |  in |    1|   ap_fifo  |                          res_stream_9_V_V                         |    pointer   |
|res_stream_9_V_V_write      | out |    1|   ap_fifo  |                          res_stream_9_V_V                         |    pointer   |
|res_stream_10_V_V_din       | out |   16|   ap_fifo  |                         res_stream_10_V_V                         |    pointer   |
|res_stream_10_V_V_full_n    |  in |    1|   ap_fifo  |                         res_stream_10_V_V                         |    pointer   |
|res_stream_10_V_V_write     | out |    1|   ap_fifo  |                         res_stream_10_V_V                         |    pointer   |
|res_stream_11_V_V_din       | out |   16|   ap_fifo  |                         res_stream_11_V_V                         |    pointer   |
|res_stream_11_V_V_full_n    |  in |    1|   ap_fifo  |                         res_stream_11_V_V                         |    pointer   |
|res_stream_11_V_V_write     | out |    1|   ap_fifo  |                         res_stream_11_V_V                         |    pointer   |
|res_stream_12_V_V_din       | out |   16|   ap_fifo  |                         res_stream_12_V_V                         |    pointer   |
|res_stream_12_V_V_full_n    |  in |    1|   ap_fifo  |                         res_stream_12_V_V                         |    pointer   |
|res_stream_12_V_V_write     | out |    1|   ap_fifo  |                         res_stream_12_V_V                         |    pointer   |
|res_stream_13_V_V_din       | out |   16|   ap_fifo  |                         res_stream_13_V_V                         |    pointer   |
|res_stream_13_V_V_full_n    |  in |    1|   ap_fifo  |                         res_stream_13_V_V                         |    pointer   |
|res_stream_13_V_V_write     | out |    1|   ap_fifo  |                         res_stream_13_V_V                         |    pointer   |
|res_stream_14_V_V_din       | out |   16|   ap_fifo  |                         res_stream_14_V_V                         |    pointer   |
|res_stream_14_V_V_full_n    |  in |    1|   ap_fifo  |                         res_stream_14_V_V                         |    pointer   |
|res_stream_14_V_V_write     | out |    1|   ap_fifo  |                         res_stream_14_V_V                         |    pointer   |
|res_stream_15_V_V_din       | out |   16|   ap_fifo  |                         res_stream_15_V_V                         |    pointer   |
|res_stream_15_V_V_full_n    |  in |    1|   ap_fifo  |                         res_stream_15_V_V                         |    pointer   |
|res_stream_15_V_V_write     | out |    1|   ap_fifo  |                         res_stream_15_V_V                         |    pointer   |
|res_stream_16_V_V_din       | out |   16|   ap_fifo  |                         res_stream_16_V_V                         |    pointer   |
|res_stream_16_V_V_full_n    |  in |    1|   ap_fifo  |                         res_stream_16_V_V                         |    pointer   |
|res_stream_16_V_V_write     | out |    1|   ap_fifo  |                         res_stream_16_V_V                         |    pointer   |
|res_stream_17_V_V_din       | out |   16|   ap_fifo  |                         res_stream_17_V_V                         |    pointer   |
|res_stream_17_V_V_full_n    |  in |    1|   ap_fifo  |                         res_stream_17_V_V                         |    pointer   |
|res_stream_17_V_V_write     | out |    1|   ap_fifo  |                         res_stream_17_V_V                         |    pointer   |
|res_stream_18_V_V_din       | out |   16|   ap_fifo  |                         res_stream_18_V_V                         |    pointer   |
|res_stream_18_V_V_full_n    |  in |    1|   ap_fifo  |                         res_stream_18_V_V                         |    pointer   |
|res_stream_18_V_V_write     | out |    1|   ap_fifo  |                         res_stream_18_V_V                         |    pointer   |
|res_stream_19_V_V_din       | out |   16|   ap_fifo  |                         res_stream_19_V_V                         |    pointer   |
|res_stream_19_V_V_full_n    |  in |    1|   ap_fifo  |                         res_stream_19_V_V                         |    pointer   |
|res_stream_19_V_V_write     | out |    1|   ap_fifo  |                         res_stream_19_V_V                         |    pointer   |
|res_stream_20_V_V_din       | out |   16|   ap_fifo  |                         res_stream_20_V_V                         |    pointer   |
|res_stream_20_V_V_full_n    |  in |    1|   ap_fifo  |                         res_stream_20_V_V                         |    pointer   |
|res_stream_20_V_V_write     | out |    1|   ap_fifo  |                         res_stream_20_V_V                         |    pointer   |
|res_stream_21_V_V_din       | out |   16|   ap_fifo  |                         res_stream_21_V_V                         |    pointer   |
|res_stream_21_V_V_full_n    |  in |    1|   ap_fifo  |                         res_stream_21_V_V                         |    pointer   |
|res_stream_21_V_V_write     | out |    1|   ap_fifo  |                         res_stream_21_V_V                         |    pointer   |
|res_stream_22_V_V_din       | out |   16|   ap_fifo  |                         res_stream_22_V_V                         |    pointer   |
|res_stream_22_V_V_full_n    |  in |    1|   ap_fifo  |                         res_stream_22_V_V                         |    pointer   |
|res_stream_22_V_V_write     | out |    1|   ap_fifo  |                         res_stream_22_V_V                         |    pointer   |
|res_stream_23_V_V_din       | out |   16|   ap_fifo  |                         res_stream_23_V_V                         |    pointer   |
|res_stream_23_V_V_full_n    |  in |    1|   ap_fifo  |                         res_stream_23_V_V                         |    pointer   |
|res_stream_23_V_V_write     | out |    1|   ap_fifo  |                         res_stream_23_V_V                         |    pointer   |
|res_stream_24_V_V_din       | out |   16|   ap_fifo  |                         res_stream_24_V_V                         |    pointer   |
|res_stream_24_V_V_full_n    |  in |    1|   ap_fifo  |                         res_stream_24_V_V                         |    pointer   |
|res_stream_24_V_V_write     | out |    1|   ap_fifo  |                         res_stream_24_V_V                         |    pointer   |
|res_stream_25_V_V_din       | out |   16|   ap_fifo  |                         res_stream_25_V_V                         |    pointer   |
|res_stream_25_V_V_full_n    |  in |    1|   ap_fifo  |                         res_stream_25_V_V                         |    pointer   |
|res_stream_25_V_V_write     | out |    1|   ap_fifo  |                         res_stream_25_V_V                         |    pointer   |
|res_stream_26_V_V_din       | out |   16|   ap_fifo  |                         res_stream_26_V_V                         |    pointer   |
|res_stream_26_V_V_full_n    |  in |    1|   ap_fifo  |                         res_stream_26_V_V                         |    pointer   |
|res_stream_26_V_V_write     | out |    1|   ap_fifo  |                         res_stream_26_V_V                         |    pointer   |
|res_stream_27_V_V_din       | out |   16|   ap_fifo  |                         res_stream_27_V_V                         |    pointer   |
|res_stream_27_V_V_full_n    |  in |    1|   ap_fifo  |                         res_stream_27_V_V                         |    pointer   |
|res_stream_27_V_V_write     | out |    1|   ap_fifo  |                         res_stream_27_V_V                         |    pointer   |
|res_stream_28_V_V_din       | out |   16|   ap_fifo  |                         res_stream_28_V_V                         |    pointer   |
|res_stream_28_V_V_full_n    |  in |    1|   ap_fifo  |                         res_stream_28_V_V                         |    pointer   |
|res_stream_28_V_V_write     | out |    1|   ap_fifo  |                         res_stream_28_V_V                         |    pointer   |
|res_stream_29_V_V_din       | out |   16|   ap_fifo  |                         res_stream_29_V_V                         |    pointer   |
|res_stream_29_V_V_full_n    |  in |    1|   ap_fifo  |                         res_stream_29_V_V                         |    pointer   |
|res_stream_29_V_V_write     | out |    1|   ap_fifo  |                         res_stream_29_V_V                         |    pointer   |
|res_stream_30_V_V_din       | out |   16|   ap_fifo  |                         res_stream_30_V_V                         |    pointer   |
|res_stream_30_V_V_full_n    |  in |    1|   ap_fifo  |                         res_stream_30_V_V                         |    pointer   |
|res_stream_30_V_V_write     | out |    1|   ap_fifo  |                         res_stream_30_V_V                         |    pointer   |
|res_stream_31_V_V_din       | out |   16|   ap_fifo  |                         res_stream_31_V_V                         |    pointer   |
|res_stream_31_V_V_full_n    |  in |    1|   ap_fifo  |                         res_stream_31_V_V                         |    pointer   |
|res_stream_31_V_V_write     | out |    1|   ap_fifo  |                         res_stream_31_V_V                         |    pointer   |
|res_stream_32_V_V_din       | out |   16|   ap_fifo  |                         res_stream_32_V_V                         |    pointer   |
|res_stream_32_V_V_full_n    |  in |    1|   ap_fifo  |                         res_stream_32_V_V                         |    pointer   |
|res_stream_32_V_V_write     | out |    1|   ap_fifo  |                         res_stream_32_V_V                         |    pointer   |
|res_stream_33_V_V_din       | out |   16|   ap_fifo  |                         res_stream_33_V_V                         |    pointer   |
|res_stream_33_V_V_full_n    |  in |    1|   ap_fifo  |                         res_stream_33_V_V                         |    pointer   |
|res_stream_33_V_V_write     | out |    1|   ap_fifo  |                         res_stream_33_V_V                         |    pointer   |
|res_stream_34_V_V_din       | out |   16|   ap_fifo  |                         res_stream_34_V_V                         |    pointer   |
|res_stream_34_V_V_full_n    |  in |    1|   ap_fifo  |                         res_stream_34_V_V                         |    pointer   |
|res_stream_34_V_V_write     | out |    1|   ap_fifo  |                         res_stream_34_V_V                         |    pointer   |
|res_stream_35_V_V_din       | out |   16|   ap_fifo  |                         res_stream_35_V_V                         |    pointer   |
|res_stream_35_V_V_full_n    |  in |    1|   ap_fifo  |                         res_stream_35_V_V                         |    pointer   |
|res_stream_35_V_V_write     | out |    1|   ap_fifo  |                         res_stream_35_V_V                         |    pointer   |
|res_stream_36_V_V_din       | out |   16|   ap_fifo  |                         res_stream_36_V_V                         |    pointer   |
|res_stream_36_V_V_full_n    |  in |    1|   ap_fifo  |                         res_stream_36_V_V                         |    pointer   |
|res_stream_36_V_V_write     | out |    1|   ap_fifo  |                         res_stream_36_V_V                         |    pointer   |
|res_stream_37_V_V_din       | out |   16|   ap_fifo  |                         res_stream_37_V_V                         |    pointer   |
|res_stream_37_V_V_full_n    |  in |    1|   ap_fifo  |                         res_stream_37_V_V                         |    pointer   |
|res_stream_37_V_V_write     | out |    1|   ap_fifo  |                         res_stream_37_V_V                         |    pointer   |
|res_stream_38_V_V_din       | out |   16|   ap_fifo  |                         res_stream_38_V_V                         |    pointer   |
|res_stream_38_V_V_full_n    |  in |    1|   ap_fifo  |                         res_stream_38_V_V                         |    pointer   |
|res_stream_38_V_V_write     | out |    1|   ap_fifo  |                         res_stream_38_V_V                         |    pointer   |
|res_stream_39_V_V_din       | out |   16|   ap_fifo  |                         res_stream_39_V_V                         |    pointer   |
|res_stream_39_V_V_full_n    |  in |    1|   ap_fifo  |                         res_stream_39_V_V                         |    pointer   |
|res_stream_39_V_V_write     | out |    1|   ap_fifo  |                         res_stream_39_V_V                         |    pointer   |
|res_stream_40_V_V_din       | out |   16|   ap_fifo  |                         res_stream_40_V_V                         |    pointer   |
|res_stream_40_V_V_full_n    |  in |    1|   ap_fifo  |                         res_stream_40_V_V                         |    pointer   |
|res_stream_40_V_V_write     | out |    1|   ap_fifo  |                         res_stream_40_V_V                         |    pointer   |
|res_stream_41_V_V_din       | out |   16|   ap_fifo  |                         res_stream_41_V_V                         |    pointer   |
|res_stream_41_V_V_full_n    |  in |    1|   ap_fifo  |                         res_stream_41_V_V                         |    pointer   |
|res_stream_41_V_V_write     | out |    1|   ap_fifo  |                         res_stream_41_V_V                         |    pointer   |
|res_stream_42_V_V_din       | out |   16|   ap_fifo  |                         res_stream_42_V_V                         |    pointer   |
|res_stream_42_V_V_full_n    |  in |    1|   ap_fifo  |                         res_stream_42_V_V                         |    pointer   |
|res_stream_42_V_V_write     | out |    1|   ap_fifo  |                         res_stream_42_V_V                         |    pointer   |
|res_stream_43_V_V_din       | out |   16|   ap_fifo  |                         res_stream_43_V_V                         |    pointer   |
|res_stream_43_V_V_full_n    |  in |    1|   ap_fifo  |                         res_stream_43_V_V                         |    pointer   |
|res_stream_43_V_V_write     | out |    1|   ap_fifo  |                         res_stream_43_V_V                         |    pointer   |
|res_stream_44_V_V_din       | out |   16|   ap_fifo  |                         res_stream_44_V_V                         |    pointer   |
|res_stream_44_V_V_full_n    |  in |    1|   ap_fifo  |                         res_stream_44_V_V                         |    pointer   |
|res_stream_44_V_V_write     | out |    1|   ap_fifo  |                         res_stream_44_V_V                         |    pointer   |
|res_stream_45_V_V_din       | out |   16|   ap_fifo  |                         res_stream_45_V_V                         |    pointer   |
|res_stream_45_V_V_full_n    |  in |    1|   ap_fifo  |                         res_stream_45_V_V                         |    pointer   |
|res_stream_45_V_V_write     | out |    1|   ap_fifo  |                         res_stream_45_V_V                         |    pointer   |
|res_stream_46_V_V_din       | out |   16|   ap_fifo  |                         res_stream_46_V_V                         |    pointer   |
|res_stream_46_V_V_full_n    |  in |    1|   ap_fifo  |                         res_stream_46_V_V                         |    pointer   |
|res_stream_46_V_V_write     | out |    1|   ap_fifo  |                         res_stream_46_V_V                         |    pointer   |
|res_stream_47_V_V_din       | out |   16|   ap_fifo  |                         res_stream_47_V_V                         |    pointer   |
|res_stream_47_V_V_full_n    |  in |    1|   ap_fifo  |                         res_stream_47_V_V                         |    pointer   |
|res_stream_47_V_V_write     | out |    1|   ap_fifo  |                         res_stream_47_V_V                         |    pointer   |
|res_stream_48_V_V_din       | out |   16|   ap_fifo  |                         res_stream_48_V_V                         |    pointer   |
|res_stream_48_V_V_full_n    |  in |    1|   ap_fifo  |                         res_stream_48_V_V                         |    pointer   |
|res_stream_48_V_V_write     | out |    1|   ap_fifo  |                         res_stream_48_V_V                         |    pointer   |
|res_stream_49_V_V_din       | out |   16|   ap_fifo  |                         res_stream_49_V_V                         |    pointer   |
|res_stream_49_V_V_full_n    |  in |    1|   ap_fifo  |                         res_stream_49_V_V                         |    pointer   |
|res_stream_49_V_V_write     | out |    1|   ap_fifo  |                         res_stream_49_V_V                         |    pointer   |
|res_stream_50_V_V_din       | out |   16|   ap_fifo  |                         res_stream_50_V_V                         |    pointer   |
|res_stream_50_V_V_full_n    |  in |    1|   ap_fifo  |                         res_stream_50_V_V                         |    pointer   |
|res_stream_50_V_V_write     | out |    1|   ap_fifo  |                         res_stream_50_V_V                         |    pointer   |
|res_stream_51_V_V_din       | out |   16|   ap_fifo  |                         res_stream_51_V_V                         |    pointer   |
|res_stream_51_V_V_full_n    |  in |    1|   ap_fifo  |                         res_stream_51_V_V                         |    pointer   |
|res_stream_51_V_V_write     | out |    1|   ap_fifo  |                         res_stream_51_V_V                         |    pointer   |
|res_stream_52_V_V_din       | out |   16|   ap_fifo  |                         res_stream_52_V_V                         |    pointer   |
|res_stream_52_V_V_full_n    |  in |    1|   ap_fifo  |                         res_stream_52_V_V                         |    pointer   |
|res_stream_52_V_V_write     | out |    1|   ap_fifo  |                         res_stream_52_V_V                         |    pointer   |
|res_stream_53_V_V_din       | out |   16|   ap_fifo  |                         res_stream_53_V_V                         |    pointer   |
|res_stream_53_V_V_full_n    |  in |    1|   ap_fifo  |                         res_stream_53_V_V                         |    pointer   |
|res_stream_53_V_V_write     | out |    1|   ap_fifo  |                         res_stream_53_V_V                         |    pointer   |
|res_stream_54_V_V_din       | out |   16|   ap_fifo  |                         res_stream_54_V_V                         |    pointer   |
|res_stream_54_V_V_full_n    |  in |    1|   ap_fifo  |                         res_stream_54_V_V                         |    pointer   |
|res_stream_54_V_V_write     | out |    1|   ap_fifo  |                         res_stream_54_V_V                         |    pointer   |
|res_stream_55_V_V_din       | out |   16|   ap_fifo  |                         res_stream_55_V_V                         |    pointer   |
|res_stream_55_V_V_full_n    |  in |    1|   ap_fifo  |                         res_stream_55_V_V                         |    pointer   |
|res_stream_55_V_V_write     | out |    1|   ap_fifo  |                         res_stream_55_V_V                         |    pointer   |
|res_stream_56_V_V_din       | out |   16|   ap_fifo  |                         res_stream_56_V_V                         |    pointer   |
|res_stream_56_V_V_full_n    |  in |    1|   ap_fifo  |                         res_stream_56_V_V                         |    pointer   |
|res_stream_56_V_V_write     | out |    1|   ap_fifo  |                         res_stream_56_V_V                         |    pointer   |
|res_stream_57_V_V_din       | out |   16|   ap_fifo  |                         res_stream_57_V_V                         |    pointer   |
|res_stream_57_V_V_full_n    |  in |    1|   ap_fifo  |                         res_stream_57_V_V                         |    pointer   |
|res_stream_57_V_V_write     | out |    1|   ap_fifo  |                         res_stream_57_V_V                         |    pointer   |
|res_stream_58_V_V_din       | out |   16|   ap_fifo  |                         res_stream_58_V_V                         |    pointer   |
|res_stream_58_V_V_full_n    |  in |    1|   ap_fifo  |                         res_stream_58_V_V                         |    pointer   |
|res_stream_58_V_V_write     | out |    1|   ap_fifo  |                         res_stream_58_V_V                         |    pointer   |
|res_stream_59_V_V_din       | out |   16|   ap_fifo  |                         res_stream_59_V_V                         |    pointer   |
|res_stream_59_V_V_full_n    |  in |    1|   ap_fifo  |                         res_stream_59_V_V                         |    pointer   |
|res_stream_59_V_V_write     | out |    1|   ap_fifo  |                         res_stream_59_V_V                         |    pointer   |
|res_stream_60_V_V_din       | out |   16|   ap_fifo  |                         res_stream_60_V_V                         |    pointer   |
|res_stream_60_V_V_full_n    |  in |    1|   ap_fifo  |                         res_stream_60_V_V                         |    pointer   |
|res_stream_60_V_V_write     | out |    1|   ap_fifo  |                         res_stream_60_V_V                         |    pointer   |
|res_stream_61_V_V_din       | out |   16|   ap_fifo  |                         res_stream_61_V_V                         |    pointer   |
|res_stream_61_V_V_full_n    |  in |    1|   ap_fifo  |                         res_stream_61_V_V                         |    pointer   |
|res_stream_61_V_V_write     | out |    1|   ap_fifo  |                         res_stream_61_V_V                         |    pointer   |
|res_stream_62_V_V_din       | out |   16|   ap_fifo  |                         res_stream_62_V_V                         |    pointer   |
|res_stream_62_V_V_full_n    |  in |    1|   ap_fifo  |                         res_stream_62_V_V                         |    pointer   |
|res_stream_62_V_V_write     | out |    1|   ap_fifo  |                         res_stream_62_V_V                         |    pointer   |
|res_stream_63_V_V_din       | out |   16|   ap_fifo  |                         res_stream_63_V_V                         |    pointer   |
|res_stream_63_V_V_full_n    |  in |    1|   ap_fifo  |                         res_stream_63_V_V                         |    pointer   |
|res_stream_63_V_V_write     | out |    1|   ap_fifo  |                         res_stream_63_V_V                         |    pointer   |
+----------------------------+-----+-----+------------+-------------------------------------------------------------------+--------------+

