==============================================================
Vivado(TM) HLS - High-Level Synthesis from C, C++ and SystemC v2019.2 (64-bit)
Copyright 1986-2019 Xilinx, Inc. All Rights Reserved.
==============================================================
==============================================================
Vivado(TM) HLS - High-Level Synthesis from C, C++ and SystemC v2019.2 (64-bit)
Copyright 1986-2019 Xilinx, Inc. All Rights Reserved.
==============================================================
==============================================================
Vivado(TM) HLS - High-Level Synthesis from C, C++ and SystemC v2019.2 (64-bit)
Copyright 1986-2019 Xilinx, Inc. All Rights Reserved.
==============================================================
==============================================================
Vivado(TM) HLS - High-Level Synthesis from C, C++ and SystemC v2019.2 (64-bit)
Copyright 1986-2019 Xilinx, Inc. All Rights Reserved.
==============================================================
INFO: [SYN 201-201] Setting up clock 'default' with a period of 5ns.
INFO: [HLS 200-10] Setting target device to 'xcu50-fsvh2104-2L-e'
INFO: [XFORM 203-101] Allowed max sub elements number after partition is 4096.
INFO: [XFORM 203-1161] The maximum of name length is set into 60.
INFO: [XFORM 203-101] Allowed max sub elements number after partition is 4096.
INFO: [XFORM 203-1161] The maximum of name length is set into 60.
INFO: [SIM 211-2] *************** CSIM start ***************
INFO: [SIM 211-4] CSIM will launch GCC as the compiler.
INFO: [SIM 211-1] CSim done with 0 errors.
INFO: [SIM 211-3] *************** CSIM finish ***************
INFO: [SCHED 204-61] Option 'relax_ii_for_timing' is enabled, will increase II to preserve clock frequency constraints.
INFO: [HLS 200-10] Analyzing design file 'firmware/myproject.cpp' ... 
WARNING: [HLS 214-113] Either use an argument of the function or declare the variable inside the dataflow loop body: firmware/myproject.cpp:52:89
WARNING: [HLS 214-113] Either use an argument of the function or declare the variable inside the dataflow loop body: firmware/myproject.cpp:52:93
WARNING: [HLS 214-113] Either use an argument of the function or declare the variable inside the dataflow loop body: firmware/myproject.cpp:52:98
WARNING: [HLS 214-113] Either use an argument of the function or declare the variable inside the dataflow loop body: firmware/myproject.cpp:52:102
WARNING: [HLS 200-471] Dataflow form checks found 4 issue(s) in file firmware/myproject.cpp
INFO: [HLS 200-111] Finished Linking Time (s): cpu = 00:00:33 ; elapsed = 00:00:36 . Memory (MB): peak = 1043.074 ; gain = 523.035 ; free physical = 22992 ; free virtual = 93228
INFO: [HLS 200-111] Finished Checking Pragmas Time (s): cpu = 00:00:33 ; elapsed = 00:00:36 . Memory (MB): peak = 1043.074 ; gain = 523.035 ; free physical = 22992 ; free virtual = 93228
INFO: [HLS 200-10] Starting code transformations ...
INFO: [XFORM 203-603] Inlining function 'nnet::product::mult<ap_fixed<16, 8, (ap_q_mode)5, (ap_o_mode)3, 0>, ap_fixed<16, 8, (ap_q_mode)5, (ap_o_mode)3, 0> >::product' into 'nnet::dense_resource_rf_leq_nin<ap_fixed<16, 8, (ap_q_mode)5, (ap_o_mode)3, 0>, ap_fixed<16, 8, (ap_q_mode)5, (ap_o_mode)3, 0>, config2_1>' (firmware/nnet_utils/nnet_dense_resource.h:77).
INFO: [XFORM 203-603] Inlining function 'nnet::product::mult<ap_fixed<16, 8, (ap_q_mode)5, (ap_o_mode)3, 0>, ap_fixed<16, 8, (ap_q_mode)5, (ap_o_mode)3, 0> >::product' into 'nnet::dense_resource_rf_leq_nin<ap_fixed<16, 8, (ap_q_mode)5, (ap_o_mode)3, 0>, ap_fixed<16, 8, (ap_q_mode)5, (ap_o_mode)3, 0>, config2_2>' (firmware/nnet_utils/nnet_dense_resource.h:77).
INFO: [XFORM 203-603] Inlining function 'nnet::dense_resource_rf_leq_nin<ap_fixed<16, 8, (ap_q_mode)5, (ap_o_mode)3, 0>, ap_fixed<16, 8, (ap_q_mode)5, (ap_o_mode)3, 0>, config2_1>' into 'nnet::dense_resource<ap_fixed<16, 8, (ap_q_mode)5, (ap_o_mode)3, 0>, ap_fixed<16, 8, (ap_q_mode)5, (ap_o_mode)3, 0>, config2_1>' (firmware/nnet_utils/nnet_dense_resource.h:276).
INFO: [XFORM 203-603] Inlining function 'nnet::dense<ap_fixed<16, 8, (ap_q_mode)5, (ap_o_mode)3, 0>, ap_fixed<16, 8, (ap_q_mode)5, (ap_o_mode)3, 0>, config2_1>' into 'nnet::gru_static<ap_fixed<16, 8, (ap_q_mode)5, (ap_o_mode)3, 0>, ap_fixed<16, 8, (ap_q_mode)5, (ap_o_mode)3, 0>, config2>' (firmware/nnet_utils/nnet_recurrent.h:450).
INFO: [XFORM 203-603] Inlining function 'nnet::dense_resource_rf_leq_nin<ap_fixed<16, 8, (ap_q_mode)5, (ap_o_mode)3, 0>, ap_fixed<16, 8, (ap_q_mode)5, (ap_o_mode)3, 0>, config2_2>' into 'nnet::dense_resource<ap_fixed<16, 8, (ap_q_mode)5, (ap_o_mode)3, 0>, ap_fixed<16, 8, (ap_q_mode)5, (ap_o_mode)3, 0>, config2_2>' (firmware/nnet_utils/nnet_dense_resource.h:276).
INFO: [XFORM 203-603] Inlining function 'nnet::dense<ap_fixed<16, 8, (ap_q_mode)5, (ap_o_mode)3, 0>, ap_fixed<16, 8, (ap_q_mode)5, (ap_o_mode)3, 0>, config2_2>' into 'nnet::gru_static<ap_fixed<16, 8, (ap_q_mode)5, (ap_o_mode)3, 0>, ap_fixed<16, 8, (ap_q_mode)5, (ap_o_mode)3, 0>, config2>' (firmware/nnet_utils/nnet_recurrent.h:451).
INFO: [XFORM 203-603] Inlining function 'nnet::gru_stack_array<ap_fixed<16, 8, (ap_q_mode)5, (ap_o_mode)3, 0>, ap_fixed<16, 8, (ap_q_mode)5, (ap_o_mode)3, 0>, config2>' into 'nnet::gru_stack_switch<ap_fixed<16, 8, (ap_q_mode)5, (ap_o_mode)3, 0>, ap_fixed<16, 8, (ap_q_mode)5, (ap_o_mode)3, 0>, config2>' (firmware/nnet_utils/nnet_recurrent.h:725).
INFO: [HLS 200-111] Finished Standard Transforms Time (s): cpu = 00:00:47 ; elapsed = 00:00:49 . Memory (MB): peak = 1235.074 ; gain = 715.035 ; free physical = 22722 ; free virtual = 92984
INFO: [HLS 200-10] Checking synthesizability ...
INFO: [XFORM 203-602] Inlining function 'nnet::cast<ap_fixed<16, 8, (ap_q_mode)5, (ap_o_mode)3, 0>, ap_fixed<16, 8, (ap_q_mode)5, (ap_o_mode)3, 0>, config2_1>' into 'nnet::dense_resource<ap_fixed<16, 8, (ap_q_mode)5, (ap_o_mode)3, 0>, ap_fixed<16, 8, (ap_q_mode)5, (ap_o_mode)3, 0>, config2_1>' (firmware/nnet_utils/nnet_dense_resource.h:100->firmware/nnet_utils/nnet_dense_resource.h:276) automatically.
INFO: [XFORM 203-602] Inlining function 'nnet::cast<ap_fixed<16, 8, (ap_q_mode)5, (ap_o_mode)3, 0>, ap_fixed<16, 8, (ap_q_mode)5, (ap_o_mode)3, 0>, config2_2>' into 'nnet::dense_resource<ap_fixed<16, 8, (ap_q_mode)5, (ap_o_mode)3, 0>, ap_fixed<16, 8, (ap_q_mode)5, (ap_o_mode)3, 0>, config2_2>' (firmware/nnet_utils/nnet_dense_resource.h:100->firmware/nnet_utils/nnet_dense_resource.h:276) automatically.
INFO: [XFORM 203-602] Inlining function 'nnet::activation::sigmoid<ap_fixed<16, 8, (ap_q_mode)5, (ap_o_mode)3, 0>, ap_fixed<16, 8, (ap_q_mode)5, (ap_o_mode)3, 0>, sigmoid_config2_recr>::activation' into 'nnet::gru_static<ap_fixed<16, 8, (ap_q_mode)5, (ap_o_mode)3, 0>, ap_fixed<16, 8, (ap_q_mode)5, (ap_o_mode)3, 0>, config2>' (firmware/nnet_utils/nnet_recurrent.h:461) automatically.
INFO: [XFORM 203-602] Inlining function 'nnet::activation::tanh<ap_fixed<16, 8, (ap_q_mode)5, (ap_o_mode)3, 0>, ap_fixed<16, 8, (ap_q_mode)5, (ap_o_mode)3, 0>, tanh_config2>::activation' into 'nnet::gru_static<ap_fixed<16, 8, (ap_q_mode)5, (ap_o_mode)3, 0>, ap_fixed<16, 8, (ap_q_mode)5, (ap_o_mode)3, 0>, config2>' (firmware/nnet_utils/nnet_recurrent.h:479) automatically.
INFO: [HLS 200-111] Finished Checking Synthesizability Time (s): cpu = 00:00:49 ; elapsed = 00:00:52 . Memory (MB): peak = 1235.074 ; gain = 715.035 ; free physical = 22758 ; free virtual = 93022
INFO: [XFORM 203-502] Unrolling all loops for pipelining in function 'nnet::tanh<ap_fixed<16, 8, (ap_q_mode)5, (ap_o_mode)3, 0>, ap_fixed<16, 8, (ap_q_mode)5, (ap_o_mode)3, 0>, tanh_config2>' (firmware/nnet_utils/nnet_activation.h:459:39).
INFO: [XFORM 203-502] Unrolling all loops for pipelining in function 'nnet::sigmoid<ap_fixed<16, 8, (ap_q_mode)5, (ap_o_mode)3, 0>, ap_fixed<16, 8, (ap_q_mode)5, (ap_o_mode)3, 0>, sigmoid_config2_recr>' (firmware/nnet_utils/nnet_activation.h:140:39).
INFO: [XFORM 203-502] Unrolling all sub-loops inside loop 'ReuseLoop' (firmware/nnet_utils/nnet_dense_resource.h:64) in function 'nnet::dense_resource<ap_fixed<16, 8, (ap_q_mode)5, (ap_o_mode)3, 0>, ap_fixed<16, 8, (ap_q_mode)5, (ap_o_mode)3, 0>, config2_2>' for pipelining.
INFO: [XFORM 203-502] Unrolling all sub-loops inside loop 'ReuseLoop' (firmware/nnet_utils/nnet_dense_resource.h:64) in function 'nnet::dense_resource<ap_fixed<16, 8, (ap_q_mode)5, (ap_o_mode)3, 0>, ap_fixed<16, 8, (ap_q_mode)5, (ap_o_mode)3, 0>, config2_1>' for pipelining.
INFO: [HLS 200-489] Unrolling loop 'Loop-1' (firmware/nnet_utils/nnet_recurrent.h:666) in function 'nnet::gru_stack_switch<ap_fixed<16, 8, (ap_q_mode)5, (ap_o_mode)3, 0>, ap_fixed<16, 8, (ap_q_mode)5, (ap_o_mode)3, 0>, config2>' completely with a factor of 64.
INFO: [HLS 200-489] Unrolling loop 'DataPack' (firmware/nnet_utils/nnet_recurrent.h:685) in function 'nnet::gru_stack_switch<ap_fixed<16, 8, (ap_q_mode)5, (ap_o_mode)3, 0>, ap_fixed<16, 8, (ap_q_mode)5, (ap_o_mode)3, 0>, config2>' completely with a factor of 64.
INFO: [HLS 200-489] Unrolling loop 'ResPack_sequences' (firmware/nnet_utils/nnet_recurrent.h:694) in function 'nnet::gru_stack_switch<ap_fixed<16, 8, (ap_q_mode)5, (ap_o_mode)3, 0>, ap_fixed<16, 8, (ap_q_mode)5, (ap_o_mode)3, 0>, config2>' completely with a factor of 64.
INFO: [HLS 200-489] Unrolling loop 'Loop-1' (firmware/nnet_utils/nnet_recurrent.h:454) in function 'nnet::gru_static<ap_fixed<16, 8, (ap_q_mode)5, (ap_o_mode)3, 0>, ap_fixed<16, 8, (ap_q_mode)5, (ap_o_mode)3, 0>, config2>' completely with a factor of 128.
INFO: [HLS 200-489] Unrolling loop 'Loop-2' (firmware/nnet_utils/nnet_recurrent.h:466) in function 'nnet::gru_static<ap_fixed<16, 8, (ap_q_mode)5, (ap_o_mode)3, 0>, ap_fixed<16, 8, (ap_q_mode)5, (ap_o_mode)3, 0>, config2>' completely with a factor of 64.
INFO: [HLS 200-489] Unrolling loop 'Loop-3' (firmware/nnet_utils/nnet_recurrent.h:472) in function 'nnet::gru_static<ap_fixed<16, 8, (ap_q_mode)5, (ap_o_mode)3, 0>, ap_fixed<16, 8, (ap_q_mode)5, (ap_o_mode)3, 0>, config2>' completely with a factor of 64.
INFO: [HLS 200-489] Unrolling loop 'Loop-4' (firmware/nnet_utils/nnet_recurrent.h:482) in function 'nnet::gru_static<ap_fixed<16, 8, (ap_q_mode)5, (ap_o_mode)3, 0>, ap_fixed<16, 8, (ap_q_mode)5, (ap_o_mode)3, 0>, config2>' completely with a factor of 64.
INFO: [HLS 200-489] Unrolling loop 'Loop-1' (firmware/nnet_utils/nnet_activation.h:464) in function 'nnet::tanh<ap_fixed<16, 8, (ap_q_mode)5, (ap_o_mode)3, 0>, ap_fixed<16, 8, (ap_q_mode)5, (ap_o_mode)3, 0>, tanh_config2>' completely with a factor of 64.
INFO: [HLS 200-489] Unrolling loop 'Loop-1' (firmware/nnet_utils/nnet_activation.h:145) in function 'nnet::sigmoid<ap_fixed<16, 8, (ap_q_mode)5, (ap_o_mode)3, 0>, ap_fixed<16, 8, (ap_q_mode)5, (ap_o_mode)3, 0>, sigmoid_config2_recr>' completely with a factor of 128.
INFO: [HLS 200-489] Unrolling loop 'InitAccum' (firmware/nnet_utils/nnet_dense_resource.h:58) in function 'nnet::dense_resource<ap_fixed<16, 8, (ap_q_mode)5, (ap_o_mode)3, 0>, ap_fixed<16, 8, (ap_q_mode)5, (ap_o_mode)3, 0>, config2_2>' completely with a factor of 192.
INFO: [HLS 200-489] Unrolling loop 'MultLoop' (firmware/nnet_utils/nnet_dense_resource.h:73) in function 'nnet::dense_resource<ap_fixed<16, 8, (ap_q_mode)5, (ap_o_mode)3, 0>, ap_fixed<16, 8, (ap_q_mode)5, (ap_o_mode)3, 0>, config2_2>' completely with a factor of 192.
INFO: [HLS 200-489] Unrolling loop 'Result' (firmware/nnet_utils/nnet_dense_resource.h:98) in function 'nnet::dense_resource<ap_fixed<16, 8, (ap_q_mode)5, (ap_o_mode)3, 0>, ap_fixed<16, 8, (ap_q_mode)5, (ap_o_mode)3, 0>, config2_2>' completely with a factor of 192.
INFO: [HLS 200-489] Unrolling loop 'InitAccum' (firmware/nnet_utils/nnet_dense_resource.h:58) in function 'nnet::dense_resource<ap_fixed<16, 8, (ap_q_mode)5, (ap_o_mode)3, 0>, ap_fixed<16, 8, (ap_q_mode)5, (ap_o_mode)3, 0>, config2_1>' completely with a factor of 192.
INFO: [HLS 200-489] Unrolling loop 'MultLoop' (firmware/nnet_utils/nnet_dense_resource.h:73) in function 'nnet::dense_resource<ap_fixed<16, 8, (ap_q_mode)5, (ap_o_mode)3, 0>, ap_fixed<16, 8, (ap_q_mode)5, (ap_o_mode)3, 0>, config2_1>' completely with a factor of 192.
INFO: [HLS 200-489] Unrolling loop 'Result' (firmware/nnet_utils/nnet_dense_resource.h:98) in function 'nnet::dense_resource<ap_fixed<16, 8, (ap_q_mode)5, (ap_o_mode)3, 0>, ap_fixed<16, 8, (ap_q_mode)5, (ap_o_mode)3, 0>, config2_1>' completely with a factor of 192.
INFO: [XFORM 203-131] Reshaping array 'data_in.V' (firmware/nnet_utils/nnet_recurrent.h:677) in dimension 1 completely.
INFO: [XFORM 203-131] Reshaping array 'wr2.V'  in dimension 1 with a block factor of 192.
INFO: [XFORM 203-131] Reshaping array 'w2.V'  in dimension 1 with a block factor of 192.
INFO: [XFORM 203-102] Automatically partitioning streamed array 'input_1.V.V' (firmware/myproject.cpp:25) .
INFO: [XFORM 203-102] Automatically partitioning streamed array 'initial_state.V.V' (firmware/myproject.cpp:26) .
INFO: [XFORM 203-102] Automatically partitioning streamed array 'layer2_out.V.V' (firmware/myproject.cpp:27) .
INFO: [XFORM 203-101] Partitioning array 'h_state.V'  in dimension 1 completely.
INFO: [XFORM 203-101] Partitioning array 'h_newstate.V' (firmware/nnet_utils/nnet_recurrent.h:662) in dimension 1 completely.
INFO: [XFORM 203-101] Partitioning array 'tmpres'  in dimension 1 completely.
INFO: [XFORM 203-101] Partitioning array 'tmpres_state_zr'  in dimension 1 completely.
INFO: [XFORM 203-101] Partitioning array 'tmpres_state_h.V' (firmware/nnet_utils/nnet_recurrent.h:427) in dimension 1 completely.
INFO: [XFORM 203-101] Partitioning array 'tmpres_zr'  in dimension 1 completely.
INFO: [XFORM 203-101] Partitioning array 'tmpres_h'  in dimension 1 completely.
INFO: [XFORM 203-101] Partitioning array 'inputacc_zr.V' (firmware/nnet_utils/nnet_recurrent.h:430) in dimension 1 completely.
INFO: [XFORM 203-101] Partitioning array 'inputacc_h.V' (firmware/nnet_utils/nnet_recurrent.h:431) in dimension 1 completely.
INFO: [XFORM 203-101] Partitioning array 'b2.V'  in dimension 1 completely.
INFO: [XFORM 203-101] Partitioning array 'acc.V' (firmware/nnet_utils/nnet_dense_resource.h:54) in dimension 1 completely.
INFO: [XFORM 203-101] Partitioning array 'br2.V'  in dimension 1 completely.
INFO: [XFORM 203-101] Partitioning array 'acc.V' (firmware/nnet_utils/nnet_dense_resource.h:54) in dimension 1 completely.
INFO: [XFORM 203-101] Partitioning array 'input_1.V.V' (firmware/myproject.cpp:25) in dimension 1 completely.
INFO: [XFORM 203-101] Partitioning array 'initial_state.V.V' (firmware/myproject.cpp:26) in dimension 1 completely.
INFO: [XFORM 203-101] Partitioning array 'layer2_out.V.V' (firmware/myproject.cpp:27) in dimension 1 completely.
WARNING: [XFORM 203-104] Completely partitioning array 'h_newstate.V' (firmware/nnet_utils/nnet_recurrent.h:662) accessed through non-constant indices on dimension 1 (firmware/nnet_utils/nnet_dense_resource.h:77:15), which may result in long runtime and suboptimal QoR due to large multiplexers. Please consider wrapping the array access into a function or using a register file core instead.
INFO: [XFORM 203-602] Inlining function 'nnet::cast<ap_fixed<16, 8, (ap_q_mode)5, (ap_o_mode)3, 0>, ap_fixed<16, 8, (ap_q_mode)5, (ap_o_mode)3, 0>, config2_1>' into 'nnet::dense_resource<ap_fixed<16, 8, (ap_q_mode)5, (ap_o_mode)3, 0>, ap_fixed<16, 8, (ap_q_mode)5, (ap_o_mode)3, 0>, config2_1>' (firmware/nnet_utils/nnet_dense_resource.h:100->firmware/nnet_utils/nnet_dense_resource.h:276) automatically.
INFO: [XFORM 203-602] Inlining function 'nnet::cast<ap_fixed<16, 8, (ap_q_mode)5, (ap_o_mode)3, 0>, ap_fixed<16, 8, (ap_q_mode)5, (ap_o_mode)3, 0>, config2_2>' into 'nnet::dense_resource<ap_fixed<16, 8, (ap_q_mode)5, (ap_o_mode)3, 0>, ap_fixed<16, 8, (ap_q_mode)5, (ap_o_mode)3, 0>, config2_2>' (firmware/nnet_utils/nnet_dense_resource.h:100->firmware/nnet_utils/nnet_dense_resource.h:276) automatically.
INFO: [XFORM 203-602] Inlining function 'nnet::activation::sigmoid<ap_fixed<16, 8, (ap_q_mode)5, (ap_o_mode)3, 0>, ap_fixed<16, 8, (ap_q_mode)5, (ap_o_mode)3, 0>, sigmoid_config2_recr>::activation' into 'nnet::gru_static<ap_fixed<16, 8, (ap_q_mode)5, (ap_o_mode)3, 0>, ap_fixed<16, 8, (ap_q_mode)5, (ap_o_mode)3, 0>, config2>' (firmware/nnet_utils/nnet_recurrent.h:461) automatically.
INFO: [XFORM 203-602] Inlining function 'nnet::activation::tanh<ap_fixed<16, 8, (ap_q_mode)5, (ap_o_mode)3, 0>, ap_fixed<16, 8, (ap_q_mode)5, (ap_o_mode)3, 0>, tanh_config2>::activation' into 'nnet::gru_static<ap_fixed<16, 8, (ap_q_mode)5, (ap_o_mode)3, 0>, ap_fixed<16, 8, (ap_q_mode)5, (ap_o_mode)3, 0>, config2>' (firmware/nnet_utils/nnet_recurrent.h:479) automatically.
INFO: [XFORM 203-712] Applying dataflow to function 'myproject', detected/extracted 1 process function(s): 
	 'nnet::gru_stack_switch<ap_fixed<16, 8, (ap_q_mode)5, (ap_o_mode)3, 0>, ap_fixed<16, 8, (ap_q_mode)5, (ap_o_mode)3, 0>, config2>'.
INFO: [XFORM 203-401] Performing if-conversion on hyperblock from (firmware/nnet_utils/nnet_activation.h:444:18) to (firmware/nnet_utils/nnet_activation.h:472:1) in function 'nnet::tanh<ap_fixed<16, 8, (ap_q_mode)5, (ap_o_mode)3, 0>, ap_fixed<16, 8, (ap_q_mode)5, (ap_o_mode)3, 0>, tanh_config2>'... converting 129 basic blocks.
INFO: [XFORM 203-401] Performing if-conversion on hyperblock from (firmware/nnet_utils/nnet_activation.h:125:21) to (firmware/nnet_utils/nnet_activation.h:152:1) in function 'nnet::sigmoid<ap_fixed<16, 8, (ap_q_mode)5, (ap_o_mode)3, 0>, ap_fixed<16, 8, (ap_q_mode)5, (ap_o_mode)3, 0>, sigmoid_config2_recr>'... converting 257 basic blocks.
INFO: [HLS 200-111] Finished Pre-synthesis Time (s): cpu = 00:02:17 ; elapsed = 00:02:20 . Memory (MB): peak = 1387.078 ; gain = 867.039 ; free physical = 22533 ; free virtual = 92807
WARNING: [XFORM 203-631] Renaming function 'nnet::tanh<ap_fixed<16, 8, (ap_q_mode)5, (ap_o_mode)3, 0>, ap_fixed<16, 8, (ap_q_mode)5, (ap_o_mode)3, 0>, tanh_config2>' to 'tanh<ap_fixed,ap_fixed<16,8,5,3,0>,tanh_config2>' (firmware/nnet_utils/nnet_activation.h:459:22)
WARNING: [XFORM 203-631] Renaming function 'nnet::sigmoid<ap_fixed<16, 8, (ap_q_mode)5, (ap_o_mode)3, 0>, ap_fixed<16, 8, (ap_q_mode)5, (ap_o_mode)3, 0>, sigmoid_config2_recr>' to 'sigmoid<ap_fixed,ap_fixed,sigmoid_config2_recr>' (firmware/nnet_utils/nnet_activation.h:140:22)
WARNING: [XFORM 203-631] Renaming function 'nnet::gru_static<ap_fixed<16, 8, (ap_q_mode)5, (ap_o_mode)3, 0>, ap_fixed<16, 8, (ap_q_mode)5, (ap_o_mode)3, 0>, config2>' to 'gru_static<ap_fixed,ap_fixed<16,8,5,3,0>,config2>' (firmware/nnet_utils/nnet_recurrent.h:43:25)
WARNING: [XFORM 203-631] Renaming function 'nnet::gru_stack_switch<ap_fixed<16, 8, (ap_q_mode)5, (ap_o_mode)3, 0>, ap_fixed<16, 8, (ap_q_mode)5, (ap_o_mode)3, 0>, config2>' to 'gru_stack_switch<ap_fixed,ap_fixed,config2>' (firmware/nnet_utils/nnet_recurrent.h:668:69)
WARNING: [XFORM 203-631] Renaming function 'nnet::dense_resource<ap_fixed<16, 8, (ap_q_mode)5, (ap_o_mode)3, 0>, ap_fixed<16, 8, (ap_q_mode)5, (ap_o_mode)3, 0>, config2_2>' to 'dense_resource<ap_fixed,ap_fixed,config2_2>' (firmware/nnet_utils/nnet_dense_resource.h:64:15)
WARNING: [XFORM 203-631] Renaming function 'nnet::dense_resource<ap_fixed<16, 8, (ap_q_mode)5, (ap_o_mode)3, 0>, ap_fixed<16, 8, (ap_q_mode)5, (ap_o_mode)3, 0>, config2_1>' to 'dense_resource<ap_fixed,ap_fixed,config2_1>' (firmware/nnet_utils/nnet_dense_resource.h:64:15)
INFO: [XFORM 203-531] Rewinding loop 'ReuseLoop' (firmware/nnet_utils/nnet_dense_resource.h:64) in function 'dense_resource<ap_fixed,ap_fixed,config2_2>'.
INFO: [XFORM 203-531] Rewinding loop 'ReuseLoop' (firmware/nnet_utils/nnet_dense_resource.h:64) in function 'dense_resource<ap_fixed,ap_fixed,config2_1>'.
WARNING: [XFORM 203-561] Ignored multiple trip count directives for loop 'ReuseLoop' in function 'dense_resource<ap_fixed,ap_fixed,config2_2>'.
WARNING: [XFORM 203-561] Ignored multiple trip count directives for loop 'ReuseLoop' in function 'dense_resource<ap_fixed,ap_fixed,config2_1>'.
INFO: [HLS 200-111] Finished Architecture Synthesis Time (s): cpu = 00:02:55 ; elapsed = 00:02:58 . Memory (MB): peak = 1387.078 ; gain = 867.039 ; free physical = 22445 ; free virtual = 92729
INFO: [HLS 200-10] Starting hardware synthesis ...
INFO: [HLS 200-10] Synthesizing 'myproject' ...
WARNING: [SYN 201-103] Legalizing function name 'dense_resource<ap_fixed,ap_fixed,config2_1>' to 'dense_resource_ap_fixed_ap_fixed_config2_1_s'.
WARNING: [SYN 201-103] Legalizing function name 'dense_resource<ap_fixed,ap_fixed,config2_2>' to 'dense_resource_ap_fixed_ap_fixed_config2_2_s'.
WARNING: [SYN 201-103] Legalizing function name 'sigmoid<ap_fixed,ap_fixed,sigmoid_config2_recr>' to 'sigmoid_ap_fixed_ap_fixed_sigmoid_config2_recr_s'.
WARNING: [SYN 201-103] Legalizing function name 'tanh<ap_fixed,ap_fixed<16,8,5,3,0>,tanh_config2>' to 'tanh_ap_fixed_ap_fixed_16_8_5_3_0_tanh_config2_s'.
WARNING: [SYN 201-103] Legalizing function name 'gru_static<ap_fixed,ap_fixed<16,8,5,3,0>,config2>' to 'gru_static_ap_fixed_ap_fixed_16_8_5_3_0_config2_s'.
WARNING: [SYN 201-103] Legalizing function name 'gru_stack_switch<ap_fixed,ap_fixed,config2>' to 'gru_stack_switch_ap_fixed_ap_fixed_config2_s'.
INFO: [HLS 200-10] ----------------------------------------------------------------
INFO: [HLS 200-42] -- Implementing module 'dense_resource_ap_fixed_ap_fixed_config2_1_s' 
INFO: [HLS 200-10] ----------------------------------------------------------------
INFO: [SCHED 204-11] Starting scheduling ...
INFO: [SCHED 204-61] Pipelining loop 'ReuseLoop'.
INFO: [SCHED 204-61] Pipelining result : Target II = 1, Final II = 1, Depth = 2.
INFO: [SCHED 204-11] Finished scheduling.
INFO: [HLS 200-111]  Elapsed time: 179.19 seconds; current allocated memory: 528.145 MB.
INFO: [BIND 205-100] Starting micro-architecture generation ...
INFO: [BIND 205-101] Performing variable lifetime analysis.
INFO: [BIND 205-101] Exploring resource sharing.
INFO: [BIND 205-101] Binding ...
INFO: [BIND 205-100] Finished micro-architecture generation.
INFO: [HLS 200-111]  Elapsed time: 1.62 seconds; current allocated memory: 534.321 MB.
INFO: [HLS 200-10] ----------------------------------------------------------------
INFO: [HLS 200-42] -- Implementing module 'dense_resource_ap_fixed_ap_fixed_config2_2_s' 
INFO: [HLS 200-10] ----------------------------------------------------------------
INFO: [SCHED 204-11] Starting scheduling ...
INFO: [SCHED 204-61] Pipelining loop 'ReuseLoop'.
INFO: [SCHED 204-61] Pipelining result : Target II = 1, Final II = 1, Depth = 2.
INFO: [SCHED 204-11] Finished scheduling.
INFO: [HLS 200-111]  Elapsed time: 3.38 seconds; current allocated memory: 539.130 MB.
INFO: [BIND 205-100] Starting micro-architecture generation ...
INFO: [BIND 205-101] Performing variable lifetime analysis.
INFO: [BIND 205-101] Exploring resource sharing.
INFO: [BIND 205-101] Binding ...
INFO: [BIND 205-100] Finished micro-architecture generation.
INFO: [HLS 200-111]  Elapsed time: 1.75 seconds; current allocated memory: 546.552 MB.
INFO: [HLS 200-10] ----------------------------------------------------------------
INFO: [HLS 200-42] -- Implementing module 'sigmoid_ap_fixed_ap_fixed_sigmoid_config2_recr_s' 
INFO: [HLS 200-10] ----------------------------------------------------------------
INFO: [SCHED 204-11] Starting scheduling ...
INFO: [SCHED 204-61] Pipelining function 'sigmoid<ap_fixed,ap_fixed,sigmoid_config2_recr>'.
INFO: [SCHED 204-61] Pipelining result : Target II = 1, Final II = 1, Depth = 2.
INFO: [SCHED 204-11] Finished scheduling.
INFO: [HLS 200-111]  Elapsed time: 2.92 seconds; current allocated memory: 556.623 MB.
INFO: [BIND 205-100] Starting micro-architecture generation ...
INFO: [BIND 205-101] Performing variable lifetime analysis.
INFO: [BIND 205-101] Exploring resource sharing.
INFO: [BIND 205-101] Binding ...
INFO: [BIND 205-100] Finished micro-architecture generation.
INFO: [HLS 200-111]  Elapsed time: 4.61 seconds; current allocated memory: 570.517 MB.
INFO: [HLS 200-10] ----------------------------------------------------------------
INFO: [HLS 200-42] -- Implementing module 'tanh_ap_fixed_ap_fixed_16_8_5_3_0_tanh_config2_s' 
INFO: [HLS 200-10] ----------------------------------------------------------------
INFO: [SCHED 204-11] Starting scheduling ...
INFO: [SCHED 204-61] Pipelining function 'tanh<ap_fixed,ap_fixed<16,8,5,3,0>,tanh_config2>'.
INFO: [SCHED 204-61] Pipelining result : Target II = 1, Final II = 1, Depth = 2.
INFO: [SCHED 204-11] Finished scheduling.
INFO: [HLS 200-111]  Elapsed time: 5.44 seconds; current allocated memory: 577.046 MB.
INFO: [BIND 205-100] Starting micro-architecture generation ...
INFO: [BIND 205-101] Performing variable lifetime analysis.
INFO: [BIND 205-101] Exploring resource sharing.
INFO: [BIND 205-101] Binding ...
INFO: [BIND 205-100] Finished micro-architecture generation.
INFO: [HLS 200-111]  Elapsed time: 2.16 seconds; current allocated memory: 583.889 MB.
INFO: [HLS 200-10] ----------------------------------------------------------------
INFO: [HLS 200-42] -- Implementing module 'gru_static_ap_fixed_ap_fixed_16_8_5_3_0_config2_s' 
INFO: [HLS 200-10] ----------------------------------------------------------------
INFO: [SCHED 204-11] Starting scheduling ...
INFO: [SCHED 204-11] Finished scheduling.
INFO: [HLS 200-111]  Elapsed time: 3.78 seconds; current allocated memory: 589.564 MB.
INFO: [BIND 205-100] Starting micro-architecture generation ...
INFO: [BIND 205-101] Performing variable lifetime analysis.
INFO: [BIND 205-101] Exploring resource sharing.
INFO: [BIND 205-101] Binding ...
INFO: [BIND 205-100] Finished micro-architecture generation.
INFO: [HLS 200-111]  Elapsed time: 5.69 seconds; current allocated memory: 598.975 MB.
INFO: [HLS 200-10] ----------------------------------------------------------------
INFO: [HLS 200-42] -- Implementing module 'gru_stack_switch_ap_fixed_ap_fixed_config2_s' 
INFO: [HLS 200-10] ----------------------------------------------------------------
INFO: [SCHED 204-11] Starting scheduling ...
INFO: [SCHED 204-11] Finished scheduling.
INFO: [HLS 200-111]  Elapsed time: 4.68 seconds; current allocated memory: 602.917 MB.
INFO: [BIND 205-100] Starting micro-architecture generation ...
INFO: [BIND 205-101] Performing variable lifetime analysis.
INFO: [BIND 205-101] Exploring resource sharing.
INFO: [BIND 205-101] Binding ...
INFO: [BIND 205-100] Finished micro-architecture generation.
INFO: [HLS 200-111]  Elapsed time: 1.5 seconds; current allocated memory: 606.737 MB.
INFO: [HLS 200-10] ----------------------------------------------------------------
INFO: [HLS 200-42] -- Implementing module 'myproject' 
INFO: [HLS 200-10] ----------------------------------------------------------------
INFO: [SCHED 204-11] Starting scheduling ...
INFO: [SCHED 204-11] Finished scheduling.
INFO: [HLS 200-111]  Elapsed time: 3.43 seconds; current allocated memory: 610.021 MB.
INFO: [BIND 205-100] Starting micro-architecture generation ...
INFO: [BIND 205-101] Performing variable lifetime analysis.
INFO: [BIND 205-101] Exploring resource sharing.
INFO: [BIND 205-101] Binding ...
INFO: [BIND 205-100] Finished micro-architecture generation.
INFO: [HLS 200-111]  Elapsed time: 1.33 seconds; current allocated memory: 612.758 MB.
INFO: [HLS 200-10] ----------------------------------------------------------------
INFO: [HLS 200-10] -- Generating RTL for module 'dense_resource_ap_fixed_ap_fixed_config2_1_s' 
INFO: [HLS 200-10] ----------------------------------------------------------------
INFO: [RTGEN 206-104] Estimated max fanout for 'dense_resource_ap_fixed_ap_fixed_config2_1_s' is 6144 from HDL expression: ((1'b0 == ap_block_pp0_stage0_11001) & (icmp_ln64_reg_11819 == 1'd1) & (ap_enable_reg_pp0_iter1 == 1'b1) & (1'b1 == ap_CS_fsm_pp0_stage0))
INFO: [RTGEN 206-100] Generating core module 'myproject_mul_mul_16ns_16s_24_1_1': 191 instance(s).
INFO: [RTGEN 206-100] Generating core module 'myproject_mul_mul_5ns_16s_21_1_1': 1 instance(s).
INFO: [RTGEN 206-100] Finished creating RTL model for 'dense_resource_ap_fixed_ap_fixed_config2_1_s'.
INFO: [HLS 200-111]  Elapsed time: 6.59 seconds; current allocated memory: 708.547 MB.
INFO: [HLS 200-10] ----------------------------------------------------------------
INFO: [HLS 200-10] -- Generating RTL for module 'dense_resource_ap_fixed_ap_fixed_config2_2_s' 
INFO: [HLS 200-10] ----------------------------------------------------------------
INFO: [RTGEN 206-104] Estimated max fanout for 'dense_resource_ap_fixed_ap_fixed_config2_2_s' is 6144 from HDL expression: ((1'b0 == ap_block_pp0_stage0_11001) & (icmp_ln64_reg_14032 == 1'd1) & (ap_enable_reg_pp0_iter1 == 1'b1) & (1'b1 == ap_CS_fsm_pp0_stage0))
INFO: [RTGEN 206-100] Generating core module 'myproject_mul_mul_16ns_16s_24_1_1': 191 instance(s).
INFO: [RTGEN 206-100] Generating core module 'myproject_mul_mul_5ns_16s_21_1_1': 1 instance(s).
INFO: [RTGEN 206-100] Generating core module 'myproject_mux_646_16_1_1': 1 instance(s).
INFO: [RTGEN 206-100] Finished creating RTL model for 'dense_resource_ap_fixed_ap_fixed_config2_2_s'.
INFO: [HLS 200-111]  Elapsed time: 5.91 seconds; current allocated memory: 824.812 MB.
INFO: [HLS 200-10] ----------------------------------------------------------------
INFO: [HLS 200-10] -- Generating RTL for module 'sigmoid_ap_fixed_ap_fixed_sigmoid_config2_recr_s' 
INFO: [HLS 200-10] ----------------------------------------------------------------
INFO: [SYN 201-210] Renamed object name 'sigmoid_ap_fixed_ap_fixed_sigmoid_config2_recr_s_sigmoid_table2' to 'sigmoid_ap_fixed_ap_fixed_sigmoid_config2_recr_s_sigmoid_bkb' due to the length limit 60
INFO: [RTGEN 206-100] Finished creating RTL model for 'sigmoid_ap_fixed_ap_fixed_sigmoid_config2_recr_s'.
INFO: [HLS 200-111]  Elapsed time: 5.14 seconds; current allocated memory: 906.534 MB.
INFO: [HLS 200-10] ----------------------------------------------------------------
INFO: [HLS 200-10] -- Generating RTL for module 'tanh_ap_fixed_ap_fixed_16_8_5_3_0_tanh_config2_s' 
INFO: [HLS 200-10] ----------------------------------------------------------------
INFO: [SYN 201-210] Renamed object name 'tanh_ap_fixed_ap_fixed_16_8_5_3_0_tanh_config2_s_tanh_table1' to 'tanh_ap_fixed_ap_fixed_16_8_5_3_0_tanh_config2_s_tanh_tabcud' due to the length limit 60
INFO: [RTGEN 206-100] Finished creating RTL model for 'tanh_ap_fixed_ap_fixed_16_8_5_3_0_tanh_config2_s'.
INFO: [HLS 200-111]  Elapsed time: 9.86 seconds; current allocated memory: 972.549 MB.
INFO: [HLS 200-10] ----------------------------------------------------------------
INFO: [HLS 200-10] -- Generating RTL for module 'gru_static_ap_fixed_ap_fixed_16_8_5_3_0_config2_s' 
INFO: [HLS 200-10] ----------------------------------------------------------------
INFO: [RTGEN 206-104] Estimated max fanout for 'gru_static_ap_fixed_ap_fixed_16_8_5_3_0_config2_s' is 6144 from HDL expression: ((1'b0 == ap_block_state2_on_subcall_done) & (1'b1 == ap_CS_fsm_state2))
INFO: [RTGEN 206-100] Generating core module 'myproject_mac_muladd_16s_16s_24s_24_1_1': 64 instance(s).
INFO: [RTGEN 206-100] Generating core module 'myproject_mul_mul_16s_16s_24_1_1': 64 instance(s).
INFO: [RTGEN 206-100] Generating core module 'myproject_mul_mul_17s_16s_24_1_1': 64 instance(s).
INFO: [RTGEN 206-100] Finished creating RTL model for 'gru_static_ap_fixed_ap_fixed_16_8_5_3_0_config2_s'.
INFO: [HLS 200-111]  Elapsed time: 9.19 seconds; current allocated memory: 1.109 GB.
INFO: [HLS 200-10] ----------------------------------------------------------------
INFO: [HLS 200-10] -- Generating RTL for module 'gru_stack_switch_ap_fixed_ap_fixed_config2_s' 
INFO: [HLS 200-10] ----------------------------------------------------------------
INFO: [RTGEN 206-100] Finished creating RTL model for 'gru_stack_switch_ap_fixed_ap_fixed_config2_s'.
INFO: [HLS 200-111]  Elapsed time: 13.28 seconds; current allocated memory: 1.146 GB.
INFO: [HLS 200-10] ----------------------------------------------------------------
INFO: [HLS 200-10] -- Generating RTL for module 'myproject' 
INFO: [HLS 200-10] ----------------------------------------------------------------
INFO: [RTGEN 206-500] Setting interface mode on port 'myproject/input_1_0_V_V' to 'axis' (register, both mode).
INFO: [RTGEN 206-500] Setting interface mode on port 'myproject/input_1_1_V_V' to 'axis' (register, both mode).
INFO: [RTGEN 206-500] Setting interface mode on port 'myproject/input_1_2_V_V' to 'axis' (register, both mode).
INFO: [RTGEN 206-500] Setting interface mode on port 'myproject/input_1_3_V_V' to 'axis' (register, both mode).
INFO: [RTGEN 206-500] Setting interface mode on port 'myproject/input_1_4_V_V' to 'axis' (register, both mode).
INFO: [RTGEN 206-500] Setting interface mode on port 'myproject/input_1_5_V_V' to 'axis' (register, both mode).
INFO: [RTGEN 206-500] Setting interface mode on port 'myproject/input_1_6_V_V' to 'axis' (register, both mode).
INFO: [RTGEN 206-500] Setting interface mode on port 'myproject/input_1_7_V_V' to 'axis' (register, both mode).
INFO: [RTGEN 206-500] Setting interface mode on port 'myproject/input_1_8_V_V' to 'axis' (register, both mode).
INFO: [RTGEN 206-500] Setting interface mode on port 'myproject/input_1_9_V_V' to 'axis' (register, both mode).
INFO: [RTGEN 206-500] Setting interface mode on port 'myproject/input_1_10_V_V' to 'axis' (register, both mode).
INFO: [RTGEN 206-500] Setting interface mode on port 'myproject/input_1_11_V_V' to 'axis' (register, both mode).
INFO: [RTGEN 206-500] Setting interface mode on port 'myproject/input_1_12_V_V' to 'axis' (register, both mode).
INFO: [RTGEN 206-500] Setting interface mode on port 'myproject/input_1_13_V_V' to 'axis' (register, both mode).
INFO: [RTGEN 206-500] Setting interface mode on port 'myproject/input_1_14_V_V' to 'axis' (register, both mode).
INFO: [RTGEN 206-500] Setting interface mode on port 'myproject/input_1_15_V_V' to 'axis' (register, both mode).
INFO: [RTGEN 206-500] Setting interface mode on port 'myproject/input_1_16_V_V' to 'axis' (register, both mode).
INFO: [RTGEN 206-500] Setting interface mode on port 'myproject/input_1_17_V_V' to 'axis' (register, both mode).
INFO: [RTGEN 206-500] Setting interface mode on port 'myproject/input_1_18_V_V' to 'axis' (register, both mode).
INFO: [RTGEN 206-500] Setting interface mode on port 'myproject/input_1_19_V_V' to 'axis' (register, both mode).
INFO: [RTGEN 206-500] Setting interface mode on port 'myproject/input_1_20_V_V' to 'axis' (register, both mode).
INFO: [RTGEN 206-500] Setting interface mode on port 'myproject/input_1_21_V_V' to 'axis' (register, both mode).
INFO: [RTGEN 206-500] Setting interface mode on port 'myproject/input_1_22_V_V' to 'axis' (register, both mode).
INFO: [RTGEN 206-500] Setting interface mode on port 'myproject/input_1_23_V_V' to 'axis' (register, both mode).
INFO: [RTGEN 206-500] Setting interface mode on port 'myproject/input_1_24_V_V' to 'axis' (register, both mode).
INFO: [RTGEN 206-500] Setting interface mode on port 'myproject/input_1_25_V_V' to 'axis' (register, both mode).
INFO: [RTGEN 206-500] Setting interface mode on port 'myproject/input_1_26_V_V' to 'axis' (register, both mode).
INFO: [RTGEN 206-500] Setting interface mode on port 'myproject/input_1_27_V_V' to 'axis' (register, both mode).
INFO: [RTGEN 206-500] Setting interface mode on port 'myproject/input_1_28_V_V' to 'axis' (register, both mode).
INFO: [RTGEN 206-500] Setting interface mode on port 'myproject/input_1_29_V_V' to 'axis' (register, both mode).
INFO: [RTGEN 206-500] Setting interface mode on port 'myproject/input_1_30_V_V' to 'axis' (register, both mode).
INFO: [RTGEN 206-500] Setting interface mode on port 'myproject/input_1_31_V_V' to 'axis' (register, both mode).
INFO: [RTGEN 206-500] Setting interface mode on port 'myproject/input_1_32_V_V' to 'axis' (register, both mode).
INFO: [RTGEN 206-500] Setting interface mode on port 'myproject/input_1_33_V_V' to 'axis' (register, both mode).
INFO: [RTGEN 206-500] Setting interface mode on port 'myproject/input_1_34_V_V' to 'axis' (register, both mode).
INFO: [RTGEN 206-500] Setting interface mode on port 'myproject/input_1_35_V_V' to 'axis' (register, both mode).
INFO: [RTGEN 206-500] Setting interface mode on port 'myproject/input_1_36_V_V' to 'axis' (register, both mode).
INFO: [RTGEN 206-500] Setting interface mode on port 'myproject/input_1_37_V_V' to 'axis' (register, both mode).
INFO: [RTGEN 206-500] Setting interface mode on port 'myproject/input_1_38_V_V' to 'axis' (register, both mode).
INFO: [RTGEN 206-500] Setting interface mode on port 'myproject/input_1_39_V_V' to 'axis' (register, both mode).
INFO: [RTGEN 206-500] Setting interface mode on port 'myproject/input_1_40_V_V' to 'axis' (register, both mode).
INFO: [RTGEN 206-500] Setting interface mode on port 'myproject/input_1_41_V_V' to 'axis' (register, both mode).
INFO: [RTGEN 206-500] Setting interface mode on port 'myproject/input_1_42_V_V' to 'axis' (register, both mode).
INFO: [RTGEN 206-500] Setting interface mode on port 'myproject/input_1_43_V_V' to 'axis' (register, both mode).
INFO: [RTGEN 206-500] Setting interface mode on port 'myproject/input_1_44_V_V' to 'axis' (register, both mode).
INFO: [RTGEN 206-500] Setting interface mode on port 'myproject/input_1_45_V_V' to 'axis' (register, both mode).
INFO: [RTGEN 206-500] Setting interface mode on port 'myproject/input_1_46_V_V' to 'axis' (register, both mode).
INFO: [RTGEN 206-500] Setting interface mode on port 'myproject/input_1_47_V_V' to 'axis' (register, both mode).
INFO: [RTGEN 206-500] Setting interface mode on port 'myproject/input_1_48_V_V' to 'axis' (register, both mode).
INFO: [RTGEN 206-500] Setting interface mode on port 'myproject/input_1_49_V_V' to 'axis' (register, both mode).
INFO: [RTGEN 206-500] Setting interface mode on port 'myproject/input_1_50_V_V' to 'axis' (register, both mode).
INFO: [RTGEN 206-500] Setting interface mode on port 'myproject/input_1_51_V_V' to 'axis' (register, both mode).
INFO: [RTGEN 206-500] Setting interface mode on port 'myproject/input_1_52_V_V' to 'axis' (register, both mode).
INFO: [RTGEN 206-500] Setting interface mode on port 'myproject/input_1_53_V_V' to 'axis' (register, both mode).
INFO: [RTGEN 206-500] Setting interface mode on port 'myproject/input_1_54_V_V' to 'axis' (register, both mode).
INFO: [RTGEN 206-500] Setting interface mode on port 'myproject/input_1_55_V_V' to 'axis' (register, both mode).
INFO: [RTGEN 206-500] Setting interface mode on port 'myproject/input_1_56_V_V' to 'axis' (register, both mode).
INFO: [RTGEN 206-500] Setting interface mode on port 'myproject/input_1_57_V_V' to 'axis' (register, both mode).
INFO: [RTGEN 206-500] Setting interface mode on port 'myproject/input_1_58_V_V' to 'axis' (register, both mode).
INFO: [RTGEN 206-500] Setting interface mode on port 'myproject/input_1_59_V_V' to 'axis' (register, both mode).
INFO: [RTGEN 206-500] Setting interface mode on port 'myproject/input_1_60_V_V' to 'axis' (register, both mode).
INFO: [RTGEN 206-500] Setting interface mode on port 'myproject/input_1_61_V_V' to 'axis' (register, both mode).
INFO: [RTGEN 206-500] Setting interface mode on port 'myproject/input_1_62_V_V' to 'axis' (register, both mode).
INFO: [RTGEN 206-500] Setting interface mode on port 'myproject/input_1_63_V_V' to 'axis' (register, both mode).
INFO: [RTGEN 206-500] Setting interface mode on port 'myproject/initial_state_0_V_V' to 'axis' (register, both mode).
INFO: [RTGEN 206-500] Setting interface mode on port 'myproject/initial_state_1_V_V' to 'axis' (register, both mode).
INFO: [RTGEN 206-500] Setting interface mode on port 'myproject/initial_state_2_V_V' to 'axis' (register, both mode).
INFO: [RTGEN 206-500] Setting interface mode on port 'myproject/initial_state_3_V_V' to 'axis' (register, both mode).
INFO: [RTGEN 206-500] Setting interface mode on port 'myproject/initial_state_4_V_V' to 'axis' (register, both mode).
INFO: [RTGEN 206-500] Setting interface mode on port 'myproject/initial_state_5_V_V' to 'axis' (register, both mode).
INFO: [RTGEN 206-500] Setting interface mode on port 'myproject/initial_state_6_V_V' to 'axis' (register, both mode).
INFO: [RTGEN 206-500] Setting interface mode on port 'myproject/initial_state_7_V_V' to 'axis' (register, both mode).
INFO: [RTGEN 206-500] Setting interface mode on port 'myproject/initial_state_8_V_V' to 'axis' (register, both mode).
INFO: [RTGEN 206-500] Setting interface mode on port 'myproject/initial_state_9_V_V' to 'axis' (register, both mode).
INFO: [RTGEN 206-500] Setting interface mode on port 'myproject/initial_state_10_V_V' to 'axis' (register, both mode).
INFO: [RTGEN 206-500] Setting interface mode on port 'myproject/initial_state_11_V_V' to 'axis' (register, both mode).
INFO: [RTGEN 206-500] Setting interface mode on port 'myproject/initial_state_12_V_V' to 'axis' (register, both mode).
INFO: [RTGEN 206-500] Setting interface mode on port 'myproject/initial_state_13_V_V' to 'axis' (register, both mode).
INFO: [RTGEN 206-500] Setting interface mode on port 'myproject/initial_state_14_V_V' to 'axis' (register, both mode).
INFO: [RTGEN 206-500] Setting interface mode on port 'myproject/initial_state_15_V_V' to 'axis' (register, both mode).
INFO: [RTGEN 206-500] Setting interface mode on port 'myproject/initial_state_16_V_V' to 'axis' (register, both mode).
INFO: [RTGEN 206-500] Setting interface mode on port 'myproject/initial_state_17_V_V' to 'axis' (register, both mode).
INFO: [RTGEN 206-500] Setting interface mode on port 'myproject/initial_state_18_V_V' to 'axis' (register, both mode).
INFO: [RTGEN 206-500] Setting interface mode on port 'myproject/initial_state_19_V_V' to 'axis' (register, both mode).
INFO: [RTGEN 206-500] Setting interface mode on port 'myproject/initial_state_20_V_V' to 'axis' (register, both mode).
INFO: [RTGEN 206-500] Setting interface mode on port 'myproject/initial_state_21_V_V' to 'axis' (register, both mode).
INFO: [RTGEN 206-500] Setting interface mode on port 'myproject/initial_state_22_V_V' to 'axis' (register, both mode).
INFO: [RTGEN 206-500] Setting interface mode on port 'myproject/initial_state_23_V_V' to 'axis' (register, both mode).
INFO: [RTGEN 206-500] Setting interface mode on port 'myproject/initial_state_24_V_V' to 'axis' (register, both mode).
INFO: [RTGEN 206-500] Setting interface mode on port 'myproject/initial_state_25_V_V' to 'axis' (register, both mode).
INFO: [RTGEN 206-500] Setting interface mode on port 'myproject/initial_state_26_V_V' to 'axis' (register, both mode).
INFO: [RTGEN 206-500] Setting interface mode on port 'myproject/initial_state_27_V_V' to 'axis' (register, both mode).
INFO: [RTGEN 206-500] Setting interface mode on port 'myproject/initial_state_28_V_V' to 'axis' (register, both mode).
INFO: [RTGEN 206-500] Setting interface mode on port 'myproject/initial_state_29_V_V' to 'axis' (register, both mode).
INFO: [RTGEN 206-500] Setting interface mode on port 'myproject/initial_state_30_V_V' to 'axis' (register, both mode).
INFO: [RTGEN 206-500] Setting interface mode on port 'myproject/initial_state_31_V_V' to 'axis' (register, both mode).
INFO: [RTGEN 206-500] Setting interface mode on port 'myproject/initial_state_32_V_V' to 'axis' (register, both mode).
INFO: [RTGEN 206-500] Setting interface mode on port 'myproject/initial_state_33_V_V' to 'axis' (register, both mode).
INFO: [RTGEN 206-500] Setting interface mode on port 'myproject/initial_state_34_V_V' to 'axis' (register, both mode).
INFO: [RTGEN 206-500] Setting interface mode on port 'myproject/initial_state_35_V_V' to 'axis' (register, both mode).
INFO: [RTGEN 206-500] Setting interface mode on port 'myproject/initial_state_36_V_V' to 'axis' (register, both mode).
INFO: [RTGEN 206-500] Setting interface mode on port 'myproject/initial_state_37_V_V' to 'axis' (register, both mode).
INFO: [RTGEN 206-500] Setting interface mode on port 'myproject/initial_state_38_V_V' to 'axis' (register, both mode).
INFO: [RTGEN 206-500] Setting interface mode on port 'myproject/initial_state_39_V_V' to 'axis' (register, both mode).
INFO: [RTGEN 206-500] Setting interface mode on port 'myproject/initial_state_40_V_V' to 'axis' (register, both mode).
INFO: [RTGEN 206-500] Setting interface mode on port 'myproject/initial_state_41_V_V' to 'axis' (register, both mode).
INFO: [RTGEN 206-500] Setting interface mode on port 'myproject/initial_state_42_V_V' to 'axis' (register, both mode).
INFO: [RTGEN 206-500] Setting interface mode on port 'myproject/initial_state_43_V_V' to 'axis' (register, both mode).
INFO: [RTGEN 206-500] Setting interface mode on port 'myproject/initial_state_44_V_V' to 'axis' (register, both mode).
INFO: [RTGEN 206-500] Setting interface mode on port 'myproject/initial_state_45_V_V' to 'axis' (register, both mode).
INFO: [RTGEN 206-500] Setting interface mode on port 'myproject/initial_state_46_V_V' to 'axis' (register, both mode).
INFO: [RTGEN 206-500] Setting interface mode on port 'myproject/initial_state_47_V_V' to 'axis' (register, both mode).
INFO: [RTGEN 206-500] Setting interface mode on port 'myproject/initial_state_48_V_V' to 'axis' (register, both mode).
INFO: [RTGEN 206-500] Setting interface mode on port 'myproject/initial_state_49_V_V' to 'axis' (register, both mode).
INFO: [RTGEN 206-500] Setting interface mode on port 'myproject/initial_state_50_V_V' to 'axis' (register, both mode).
INFO: [RTGEN 206-500] Setting interface mode on port 'myproject/initial_state_51_V_V' to 'axis' (register, both mode).
INFO: [RTGEN 206-500] Setting interface mode on port 'myproject/initial_state_52_V_V' to 'axis' (register, both mode).
INFO: [RTGEN 206-500] Setting interface mode on port 'myproject/initial_state_53_V_V' to 'axis' (register, both mode).
INFO: [RTGEN 206-500] Setting interface mode on port 'myproject/initial_state_54_V_V' to 'axis' (register, both mode).
INFO: [RTGEN 206-500] Setting interface mode on port 'myproject/initial_state_55_V_V' to 'axis' (register, both mode).
INFO: [RTGEN 206-500] Setting interface mode on port 'myproject/initial_state_56_V_V' to 'axis' (register, both mode).
INFO: [RTGEN 206-500] Setting interface mode on port 'myproject/initial_state_57_V_V' to 'axis' (register, both mode).
INFO: [RTGEN 206-500] Setting interface mode on port 'myproject/initial_state_58_V_V' to 'axis' (register, both mode).
INFO: [RTGEN 206-500] Setting interface mode on port 'myproject/initial_state_59_V_V' to 'axis' (register, both mode).
INFO: [RTGEN 206-500] Setting interface mode on port 'myproject/initial_state_60_V_V' to 'axis' (register, both mode).
INFO: [RTGEN 206-500] Setting interface mode on port 'myproject/initial_state_61_V_V' to 'axis' (register, both mode).
INFO: [RTGEN 206-500] Setting interface mode on port 'myproject/initial_state_62_V_V' to 'axis' (register, both mode).
INFO: [RTGEN 206-500] Setting interface mode on port 'myproject/initial_state_63_V_V' to 'axis' (register, both mode).
INFO: [RTGEN 206-500] Setting interface mode on port 'myproject/layer2_out_0_V_V' to 'axis' (register, both mode).
INFO: [RTGEN 206-500] Setting interface mode on port 'myproject/layer2_out_1_V_V' to 'axis' (register, both mode).
INFO: [RTGEN 206-500] Setting interface mode on port 'myproject/layer2_out_2_V_V' to 'axis' (register, both mode).
INFO: [RTGEN 206-500] Setting interface mode on port 'myproject/layer2_out_3_V_V' to 'axis' (register, both mode).
INFO: [RTGEN 206-500] Setting interface mode on port 'myproject/layer2_out_4_V_V' to 'axis' (register, both mode).
INFO: [RTGEN 206-500] Setting interface mode on port 'myproject/layer2_out_5_V_V' to 'axis' (register, both mode).
INFO: [RTGEN 206-500] Setting interface mode on port 'myproject/layer2_out_6_V_V' to 'axis' (register, both mode).
INFO: [RTGEN 206-500] Setting interface mode on port 'myproject/layer2_out_7_V_V' to 'axis' (register, both mode).
INFO: [RTGEN 206-500] Setting interface mode on port 'myproject/layer2_out_8_V_V' to 'axis' (register, both mode).
INFO: [RTGEN 206-500] Setting interface mode on port 'myproject/layer2_out_9_V_V' to 'axis' (register, both mode).
INFO: [RTGEN 206-500] Setting interface mode on port 'myproject/layer2_out_10_V_V' to 'axis' (register, both mode).
INFO: [RTGEN 206-500] Setting interface mode on port 'myproject/layer2_out_11_V_V' to 'axis' (register, both mode).
INFO: [RTGEN 206-500] Setting interface mode on port 'myproject/layer2_out_12_V_V' to 'axis' (register, both mode).
INFO: [RTGEN 206-500] Setting interface mode on port 'myproject/layer2_out_13_V_V' to 'axis' (register, both mode).
INFO: [RTGEN 206-500] Setting interface mode on port 'myproject/layer2_out_14_V_V' to 'axis' (register, both mode).
INFO: [RTGEN 206-500] Setting interface mode on port 'myproject/layer2_out_15_V_V' to 'axis' (register, both mode).
INFO: [RTGEN 206-500] Setting interface mode on port 'myproject/layer2_out_16_V_V' to 'axis' (register, both mode).
INFO: [RTGEN 206-500] Setting interface mode on port 'myproject/layer2_out_17_V_V' to 'axis' (register, both mode).
INFO: [RTGEN 206-500] Setting interface mode on port 'myproject/layer2_out_18_V_V' to 'axis' (register, both mode).
INFO: [RTGEN 206-500] Setting interface mode on port 'myproject/layer2_out_19_V_V' to 'axis' (register, both mode).
INFO: [RTGEN 206-500] Setting interface mode on port 'myproject/layer2_out_20_V_V' to 'axis' (register, both mode).
INFO: [RTGEN 206-500] Setting interface mode on port 'myproject/layer2_out_21_V_V' to 'axis' (register, both mode).
INFO: [RTGEN 206-500] Setting interface mode on port 'myproject/layer2_out_22_V_V' to 'axis' (register, both mode).
INFO: [RTGEN 206-500] Setting interface mode on port 'myproject/layer2_out_23_V_V' to 'axis' (register, both mode).
INFO: [RTGEN 206-500] Setting interface mode on port 'myproject/layer2_out_24_V_V' to 'axis' (register, both mode).
INFO: [RTGEN 206-500] Setting interface mode on port 'myproject/layer2_out_25_V_V' to 'axis' (register, both mode).
INFO: [RTGEN 206-500] Setting interface mode on port 'myproject/layer2_out_26_V_V' to 'axis' (register, both mode).
INFO: [RTGEN 206-500] Setting interface mode on port 'myproject/layer2_out_27_V_V' to 'axis' (register, both mode).
INFO: [RTGEN 206-500] Setting interface mode on port 'myproject/layer2_out_28_V_V' to 'axis' (register, both mode).
INFO: [RTGEN 206-500] Setting interface mode on port 'myproject/layer2_out_29_V_V' to 'axis' (register, both mode).
INFO: [RTGEN 206-500] Setting interface mode on port 'myproject/layer2_out_30_V_V' to 'axis' (register, both mode).
